2023-01-27 14:29:56,587 - INFO -
gmin                0.01
gmax                10.0
T                   0.1
m                   0.3
ACT_eta1            0.134
ACT_eta2            0.962
ACT_eta3            0.183
ACT_eta4            24.1
NEG_eta1            -0.104
NEG_eta2            0.899
NEG_eta3            -0.056
NEG_eta4            3.858
hidden              [3]
SEED                9
DEVICE              cuda
TIMELIMITATION      45
PATIENCE            500
EPOCH               10000000000
DATASET             0
LR                  0.1
PROGRESSIVE         False
LR_PATIENCE         100
LR_DECAY            0.5
LR_MIN              0.0001
MODE                aging
M_train             50
K_train             10
M_test              500
K_test              500
t_test_max          10
integration         MC
VARIATION           False
N_train             1
e_train             0.0
N_test              100
e_test              0.1
projectname         ICCAD_2022
temppath            ./ICCAD_2022/temp/
logfilepath         ./ICCAD_2022/log/
recording           False
recordpath          ./ICCAD_2022/record/
savepath            ./ICCAD_2022/models/
loglevel            info


2023-01-27 14:29:56,588 - INFO -
Training network on device: cuda.

2023-01-27 14:29:56,588 - INFO -
Training setup: acuteinflammation_9_aging_0.0_1_MC.

2023-01-27 14:29:56,588 - INFO -
Dataset "acuteinflammation" has 6 input features and 2 classes. There are 70 training examples, 23 valid examples, and 25 test examples in the dataset.

2023-01-27 14:29:56,588 - INFO -
Topology of the network: [6, 3, 2].

2023-01-27 14:30:27,656 - INFO -
| Epoch:      0 | Train loss: 0.8060 | Valid loss: 0.7765 | Train acc: 0.5009 | Valid acc: 0.5186 | patience:   0 | Epoch time: 30.6 |

2023-01-27 14:30:56,804 - INFO -
| Epoch:      1 | Train loss: 0.7583 | Valid loss: 0.7638 | Train acc: 0.5009 | Valid acc: 0.5257 | patience:   0 | Epoch time: 29.1 |

2023-01-27 14:31:26,000 - INFO -
| Epoch:      2 | Train loss: 0.7883 | Valid loss: 0.7083 | Train acc: 0.5133 | Valid acc: 0.5483 | patience:   0 | Epoch time: 29.2 |

2023-01-27 14:31:55,201 - INFO -
| Epoch:      3 | Train loss: 0.7373 | Valid loss: 0.7126 | Train acc: 0.5220 | Valid acc: 0.5851 | patience:   1 | Epoch time: 29.2 |

2023-01-27 14:32:24,404 - INFO -
| Epoch:      4 | Train loss: 0.7127 | Valid loss: 0.6429 | Train acc: 0.5708 | Valid acc: 0.6223 | patience:   0 | Epoch time: 29.2 |

2023-01-27 14:32:53,633 - INFO -
| Epoch:      5 | Train loss: 0.6243 | Valid loss: 0.5325 | Train acc: 0.6598 | Valid acc: 0.7607 | patience:   0 | Epoch time: 29.2 |

2023-01-27 14:33:22,863 - INFO -
| Epoch:      6 | Train loss: 0.5332 | Valid loss: 0.3701 | Train acc: 0.7165 | Valid acc: 0.7689 | patience:   0 | Epoch time: 29.2 |

2023-01-27 14:33:52,132 - INFO -
| Epoch:      7 | Train loss: 0.3932 | Valid loss: 0.2975 | Train acc: 0.8211 | Valid acc: 0.8443 | patience:   0 | Epoch time: 29.3 |

2023-01-27 14:34:21,400 - INFO -
| Epoch:      8 | Train loss: 0.3125 | Valid loss: 0.2574 | Train acc: 0.8827 | Valid acc: 0.8880 | patience:   0 | Epoch time: 29.3 |

2023-01-27 14:34:50,704 - INFO -
| Epoch:      9 | Train loss: 0.2588 | Valid loss: 0.2187 | Train acc: 0.8759 | Valid acc: 0.8948 | patience:   0 | Epoch time: 29.3 |

2023-01-27 14:35:19,953 - INFO -
| Epoch:     10 | Train loss: 0.1884 | Valid loss: 0.1359 | Train acc: 0.9203 | Valid acc: 0.9272 | patience:   0 | Epoch time: 29.2 |

2023-01-27 14:35:49,236 - INFO -
| Epoch:     11 | Train loss: 0.1648 | Valid loss: 0.1302 | Train acc: 0.9351 | Valid acc: 0.9470 | patience:   0 | Epoch time: 29.3 |

2023-01-27 14:36:18,511 - INFO -
| Epoch:     12 | Train loss: 0.1351 | Valid loss: 0.0768 | Train acc: 0.9171 | Valid acc: 0.9363 | patience:   0 | Epoch time: 29.3 |

2023-01-27 14:36:47,798 - INFO -
| Epoch:     13 | Train loss: 0.0936 | Valid loss: 0.0670 | Train acc: 0.9636 | Valid acc: 0.9417 | patience:   0 | Epoch time: 29.3 |

2023-01-27 14:37:17,070 - INFO -
| Epoch:     14 | Train loss: 0.0448 | Valid loss: 0.0748 | Train acc: 0.9736 | Valid acc: 0.9791 | patience:   1 | Epoch time: 29.3 |

2023-01-27 14:37:46,322 - INFO -
| Epoch:     15 | Train loss: 0.0831 | Valid loss: 0.0448 | Train acc: 0.9807 | Valid acc: 0.9812 | patience:   0 | Epoch time: 29.3 |

2023-01-27 14:38:15,574 - INFO -
| Epoch:     16 | Train loss: 0.0410 | Valid loss: 0.0615 | Train acc: 0.9771 | Valid acc: 0.9707 | patience:   1 | Epoch time: 29.3 |

2023-01-27 14:38:44,845 - INFO -
| Epoch:     17 | Train loss: 0.0578 | Valid loss: 0.0395 | Train acc: 0.9688 | Valid acc: 0.9763 | patience:   0 | Epoch time: 29.3 |

2023-01-27 14:39:14,086 - INFO -
| Epoch:     18 | Train loss: 0.0668 | Valid loss: 0.0401 | Train acc: 0.9845 | Valid acc: 0.9863 | patience:   1 | Epoch time: 29.2 |

2023-01-27 14:39:43,343 - INFO -
| Epoch:     19 | Train loss: 0.0219 | Valid loss: 0.0140 | Train acc: 0.9837 | Valid acc: 0.9862 | patience:   0 | Epoch time: 29.3 |

2023-01-27 14:40:12,612 - INFO -
| Epoch:     20 | Train loss: 0.0159 | Valid loss: 0.0277 | Train acc: 0.9894 | Valid acc: 0.9843 | patience:   1 | Epoch time: 29.3 |

2023-01-27 14:40:41,911 - INFO -
| Epoch:     21 | Train loss: 0.0425 | Valid loss: 0.0464 | Train acc: 0.9829 | Valid acc: 0.9966 | patience:   2 | Epoch time: 29.3 |

2023-01-27 14:41:11,229 - INFO -
| Epoch:     22 | Train loss: 0.0521 | Valid loss: 0.0316 | Train acc: 0.9870 | Valid acc: 0.9873 | patience:   3 | Epoch time: 29.3 |

2023-01-27 14:41:40,536 - INFO -
| Epoch:     23 | Train loss: 0.0119 | Valid loss: 0.0095 | Train acc: 0.9985 | Valid acc: 0.9919 | patience:   0 | Epoch time: 29.3 |

2023-01-27 14:42:09,867 - INFO -
| Epoch:     24 | Train loss: 0.0063 | Valid loss: 0.0287 | Train acc: 0.9921 | Valid acc: 0.9943 | patience:   1 | Epoch time: 29.3 |

2023-01-27 14:42:39,172 - INFO -
| Epoch:     25 | Train loss: 0.0111 | Valid loss: 0.0033 | Train acc: 0.9953 | Valid acc: 0.9913 | patience:   0 | Epoch time: 29.3 |

2023-01-27 14:43:08,497 - INFO -
| Epoch:     26 | Train loss: 0.0162 | Valid loss: 0.0222 | Train acc: 0.9816 | Valid acc: 0.9995 | patience:   1 | Epoch time: 29.3 |

2023-01-27 14:43:37,863 - INFO -
| Epoch:     27 | Train loss: 0.0133 | Valid loss: 0.0050 | Train acc: 0.9975 | Valid acc: 0.9905 | patience:   2 | Epoch time: 29.4 |

2023-01-27 14:44:07,190 - INFO -
| Epoch:     28 | Train loss: 0.0309 | Valid loss: 0.0079 | Train acc: 0.9949 | Valid acc: 0.9967 | patience:   3 | Epoch time: 29.3 |

2023-01-27 14:44:36,499 - INFO -
| Epoch:     29 | Train loss: 0.0088 | Valid loss: 0.0075 | Train acc: 0.9927 | Valid acc: 0.9986 | patience:   4 | Epoch time: 29.3 |

2023-01-27 14:45:06,128 - INFO -
| Epoch:     30 | Train loss: 0.0205 | Valid loss: 0.0125 | Train acc: 0.9950 | Valid acc: 0.9930 | patience:   5 | Epoch time: 29.6 |

2023-01-27 14:45:35,463 - INFO -
| Epoch:     31 | Train loss: 0.0168 | Valid loss: 0.0124 | Train acc: 0.9925 | Valid acc: 0.9953 | patience:   6 | Epoch time: 29.3 |

2023-01-27 14:46:04,823 - INFO -
| Epoch:     32 | Train loss: 0.0055 | Valid loss: 0.0009 | Train acc: 0.9976 | Valid acc: 0.9970 | patience:   0 | Epoch time: 29.4 |

2023-01-27 14:46:34,178 - INFO -
| Epoch:     33 | Train loss: 0.0144 | Valid loss: 0.0034 | Train acc: 0.9899 | Valid acc: 0.9987 | patience:   1 | Epoch time: 29.4 |

2023-01-27 14:47:03,463 - INFO -
| Epoch:     34 | Train loss: 0.0152 | Valid loss: 0.0042 | Train acc: 0.9970 | Valid acc: 0.9923 | patience:   2 | Epoch time: 29.3 |

2023-01-27 14:47:32,751 - INFO -
| Epoch:     35 | Train loss: 0.0065 | Valid loss: 0.0214 | Train acc: 0.9907 | Valid acc: 0.9933 | patience:   3 | Epoch time: 29.3 |

2023-01-27 14:48:02,025 - INFO -
| Epoch:     36 | Train loss: 0.0052 | Valid loss: 0.0052 | Train acc: 0.9917 | Valid acc: 0.9883 | patience:   4 | Epoch time: 29.3 |

2023-01-27 14:48:31,304 - INFO -
| Epoch:     37 | Train loss: 0.0104 | Valid loss: 0.0123 | Train acc: 0.9938 | Valid acc: 0.9979 | patience:   5 | Epoch time: 29.3 |

2023-01-27 14:49:00,562 - INFO -
| Epoch:     38 | Train loss: 0.0048 | Valid loss: 0.0160 | Train acc: 0.9978 | Valid acc: 0.9902 | patience:   6 | Epoch time: 29.3 |

2023-01-27 14:49:29,843 - INFO -
| Epoch:     39 | Train loss: 0.0185 | Valid loss: 0.0245 | Train acc: 0.9869 | Valid acc: 0.9986 | patience:   7 | Epoch time: 29.3 |

2023-01-27 14:49:59,122 - INFO -
| Epoch:     40 | Train loss: 0.0111 | Valid loss: 0.0087 | Train acc: 0.9997 | Valid acc: 0.9907 | patience:   8 | Epoch time: 29.3 |

2023-01-27 14:50:28,415 - INFO -
| Epoch:     41 | Train loss: 0.0046 | Valid loss: 0.0060 | Train acc: 0.9990 | Valid acc: 0.9934 | patience:   9 | Epoch time: 29.3 |

2023-01-27 14:50:57,691 - INFO -
| Epoch:     42 | Train loss: 0.0070 | Valid loss: 0.0108 | Train acc: 0.9955 | Valid acc: 0.9903 | patience:  10 | Epoch time: 29.3 |

2023-01-27 14:51:26,975 - INFO -
| Epoch:     43 | Train loss: 0.0203 | Valid loss: 0.0016 | Train acc: 0.9979 | Valid acc: 0.9961 | patience:  11 | Epoch time: 29.3 |

2023-01-27 14:51:56,260 - INFO -
| Epoch:     44 | Train loss: 0.0117 | Valid loss: 0.0066 | Train acc: 0.9983 | Valid acc: 0.9974 | patience:  12 | Epoch time: 29.3 |

2023-01-27 14:52:25,552 - INFO -
| Epoch:     45 | Train loss: 0.0012 | Valid loss: 0.0037 | Train acc: 0.9971 | Valid acc: 0.9961 | patience:  13 | Epoch time: 29.3 |

2023-01-27 14:52:54,853 - INFO -
| Epoch:     46 | Train loss: 0.0021 | Valid loss: 0.0022 | Train acc: 0.9949 | Valid acc: 0.9990 | patience:  14 | Epoch time: 29.3 |

2023-01-27 14:53:24,139 - INFO -
| Epoch:     47 | Train loss: 0.0027 | Valid loss: 0.0039 | Train acc: 0.9981 | Valid acc: 0.9968 | patience:  15 | Epoch time: 29.3 |

2023-01-27 14:53:53,394 - INFO -
| Epoch:     48 | Train loss: 0.0050 | Valid loss: 0.0034 | Train acc: 0.9965 | Valid acc: 0.9980 | patience:  16 | Epoch time: 29.3 |

2023-01-27 14:54:22,693 - INFO -
| Epoch:     49 | Train loss: 0.0022 | Valid loss: 0.0008 | Train acc: 0.9962 | Valid acc: 0.9991 | patience:   0 | Epoch time: 29.3 |

2023-01-27 14:54:52,754 - INFO -
| Epoch:     50 | Train loss: 0.0058 | Valid loss: 0.0025 | Train acc: 0.9963 | Valid acc: 0.9993 | patience:   1 | Epoch time: 30.1 |

2023-01-27 14:55:22,273 - INFO -
| Epoch:     51 | Train loss: 0.0030 | Valid loss: 0.0014 | Train acc: 0.9998 | Valid acc: 0.9969 | patience:   2 | Epoch time: 29.5 |

2023-01-27 14:55:51,509 - INFO -
| Epoch:     52 | Train loss: 0.0037 | Valid loss: 0.0016 | Train acc: 0.9988 | Valid acc: 0.9966 | patience:   3 | Epoch time: 29.2 |

2023-01-27 14:56:20,767 - INFO -
| Epoch:     53 | Train loss: 0.0065 | Valid loss: 0.0041 | Train acc: 0.9983 | Valid acc: 0.9979 | patience:   4 | Epoch time: 29.3 |

2023-01-27 14:56:50,037 - INFO -
| Epoch:     54 | Train loss: 0.0020 | Valid loss: 0.0000 | Train acc: 1.0000 | Valid acc: 0.9943 | patience:   0 | Epoch time: 29.3 |

2023-01-27 14:57:19,283 - INFO -
| Epoch:     55 | Train loss: 0.0035 | Valid loss: 0.0013 | Train acc: 0.9954 | Valid acc: 0.9991 | patience:   1 | Epoch time: 29.2 |

2023-01-27 14:57:48,569 - INFO -
| Epoch:     56 | Train loss: 0.0095 | Valid loss: 0.0021 | Train acc: 0.9935 | Valid acc: 0.9969 | patience:   2 | Epoch time: 29.3 |

2023-01-27 14:58:17,817 - INFO -
| Epoch:     57 | Train loss: 0.0013 | Valid loss: 0.0010 | Train acc: 0.9951 | Valid acc: 1.0000 | patience:   3 | Epoch time: 29.2 |

2023-01-27 14:58:47,114 - INFO -
| Epoch:     58 | Train loss: 0.0002 | Valid loss: 0.0020 | Train acc: 0.9970 | Valid acc: 0.9988 | patience:   4 | Epoch time: 29.3 |

2023-01-27 14:59:16,383 - INFO -
| Epoch:     59 | Train loss: 0.0096 | Valid loss: 0.0046 | Train acc: 0.9970 | Valid acc: 0.9925 | patience:   5 | Epoch time: 29.3 |

2023-01-27 14:59:45,682 - INFO -
| Epoch:     60 | Train loss: 0.0012 | Valid loss: 0.0078 | Train acc: 1.0000 | Valid acc: 0.9974 | patience:   6 | Epoch time: 29.3 |

2023-01-27 15:00:14,988 - INFO -
| Epoch:     61 | Train loss: 0.0101 | Valid loss: 0.0035 | Train acc: 0.9962 | Valid acc: 0.9963 | patience:   7 | Epoch time: 29.3 |

2023-01-27 15:00:44,271 - INFO -
| Epoch:     62 | Train loss: 0.0202 | Valid loss: 0.0118 | Train acc: 0.9984 | Valid acc: 0.9950 | patience:   8 | Epoch time: 29.3 |

2023-01-27 15:01:13,538 - INFO -
| Epoch:     63 | Train loss: 0.0057 | Valid loss: 0.0031 | Train acc: 0.9949 | Valid acc: 0.9964 | patience:   9 | Epoch time: 29.3 |

2023-01-27 15:01:42,806 - INFO -
| Epoch:     64 | Train loss: 0.0030 | Valid loss: 0.0001 | Train acc: 0.9947 | Valid acc: 1.0000 | patience:  10 | Epoch time: 29.3 |

2023-01-27 15:02:12,073 - INFO -
| Epoch:     65 | Train loss: 0.0008 | Valid loss: 0.0024 | Train acc: 0.9957 | Valid acc: 0.9972 | patience:  11 | Epoch time: 29.3 |

2023-01-27 15:02:41,345 - INFO -
| Epoch:     66 | Train loss: 0.0028 | Valid loss: 0.0007 | Train acc: 0.9997 | Valid acc: 0.9950 | patience:  12 | Epoch time: 29.3 |

2023-01-27 15:03:10,611 - INFO -
| Epoch:     67 | Train loss: 0.0054 | Valid loss: 0.0006 | Train acc: 0.9982 | Valid acc: 0.9952 | patience:  13 | Epoch time: 29.3 |

2023-01-27 15:03:39,882 - INFO -
| Epoch:     68 | Train loss: 0.0018 | Valid loss: 0.0046 | Train acc: 0.9966 | Valid acc: 0.9995 | patience:  14 | Epoch time: 29.3 |

2023-01-27 15:04:09,162 - INFO -
| Epoch:     69 | Train loss: 0.0018 | Valid loss: 0.0086 | Train acc: 0.9993 | Valid acc: 0.9981 | patience:  15 | Epoch time: 29.3 |

2023-01-27 15:04:38,419 - INFO -
| Epoch:     70 | Train loss: 0.0031 | Valid loss: 0.0111 | Train acc: 0.9949 | Valid acc: 0.9937 | patience:  16 | Epoch time: 29.3 |

2023-01-27 15:05:07,713 - INFO -
| Epoch:     71 | Train loss: 0.0000 | Valid loss: 0.0022 | Train acc: 1.0000 | Valid acc: 1.0000 | patience:  17 | Epoch time: 29.3 |

2023-01-27 15:05:37,017 - INFO -
| Epoch:     72 | Train loss: 0.0061 | Valid loss: 0.0005 | Train acc: 0.9986 | Valid acc: 0.9991 | patience:  18 | Epoch time: 29.3 |

2023-01-27 15:06:06,309 - INFO -
| Epoch:     73 | Train loss: 0.0030 | Valid loss: 0.0068 | Train acc: 0.9966 | Valid acc: 1.0000 | patience:  19 | Epoch time: 29.3 |

2023-01-27 15:06:35,593 - INFO -
| Epoch:     74 | Train loss: 0.0003 | Valid loss: 0.0060 | Train acc: 0.9963 | Valid acc: 0.9979 | patience:  20 | Epoch time: 29.3 |

2023-01-27 15:07:04,898 - INFO -
| Epoch:     75 | Train loss: 0.0000 | Valid loss: 0.0062 | Train acc: 1.0000 | Valid acc: 0.9986 | patience:  21 | Epoch time: 29.3 |

2023-01-27 15:07:34,174 - INFO -
| Epoch:     76 | Train loss: 0.0004 | Valid loss: 0.0002 | Train acc: 1.0000 | Valid acc: 1.0000 | patience:  22 | Epoch time: 29.3 |

2023-01-27 15:08:03,447 - INFO -
| Epoch:     77 | Train loss: 0.0080 | Valid loss: 0.0057 | Train acc: 0.9991 | Valid acc: 0.9957 | patience:  23 | Epoch time: 29.3 |

2023-01-27 15:08:32,753 - INFO -
| Epoch:     78 | Train loss: 0.0039 | Valid loss: 0.0001 | Train acc: 0.9991 | Valid acc: 0.9966 | patience:  24 | Epoch time: 29.3 |

2023-01-27 15:09:02,056 - INFO -
| Epoch:     79 | Train loss: 0.0021 | Valid loss: 0.0004 | Train acc: 0.9932 | Valid acc: 1.0000 | patience:  25 | Epoch time: 29.3 |

2023-01-27 15:09:31,699 - INFO -
| Epoch:     80 | Train loss: 0.0043 | Valid loss: 0.0000 | Train acc: 0.9983 | Valid acc: 0.9977 | patience:   0 | Epoch time: 29.6 |

2023-01-27 15:10:01,153 - INFO -
| Epoch:     81 | Train loss: 0.0054 | Valid loss: 0.0008 | Train acc: 0.9994 | Valid acc: 1.0000 | patience:   1 | Epoch time: 29.5 |

2023-01-27 15:10:30,447 - INFO -
| Epoch:     82 | Train loss: 0.0006 | Valid loss: 0.0003 | Train acc: 1.0000 | Valid acc: 0.9995 | patience:   2 | Epoch time: 29.3 |

2023-01-27 15:10:59,743 - INFO -
| Epoch:     83 | Train loss: 0.0101 | Valid loss: 0.0002 | Train acc: 0.9913 | Valid acc: 1.0000 | patience:   3 | Epoch time: 29.3 |

2023-01-27 15:11:29,039 - INFO -
| Epoch:     84 | Train loss: 0.0055 | Valid loss: 0.0026 | Train acc: 1.0000 | Valid acc: 0.9989 | patience:   4 | Epoch time: 29.3 |

2023-01-27 15:11:58,292 - INFO -
| Epoch:     85 | Train loss: 0.0067 | Valid loss: 0.0014 | Train acc: 0.9998 | Valid acc: 0.9979 | patience:   5 | Epoch time: 29.3 |

2023-01-27 15:12:27,550 - INFO -
| Epoch:     86 | Train loss: 0.0023 | Valid loss: 0.0138 | Train acc: 0.9986 | Valid acc: 0.9986 | patience:   6 | Epoch time: 29.3 |

2023-01-27 15:12:56,819 - INFO -
| Epoch:     87 | Train loss: 0.0138 | Valid loss: 0.0036 | Train acc: 0.9965 | Valid acc: 0.9994 | patience:   7 | Epoch time: 29.3 |

2023-01-27 15:13:26,299 - INFO -
| Epoch:     88 | Train loss: 0.0048 | Valid loss: 0.0001 | Train acc: 0.9991 | Valid acc: 0.9989 | patience:   8 | Epoch time: 29.5 |

2023-01-27 15:13:55,541 - INFO -
| Epoch:     89 | Train loss: 0.0064 | Valid loss: 0.0026 | Train acc: 1.0000 | Valid acc: 1.0000 | patience:   9 | Epoch time: 29.2 |

2023-01-27 15:14:24,783 - INFO -
| Epoch:     90 | Train loss: 0.0055 | Valid loss: 0.0036 | Train acc: 0.9987 | Valid acc: 0.9998 | patience:  10 | Epoch time: 29.2 |

2023-01-27 15:14:54,065 - INFO -
| Epoch:     91 | Train loss: 0.0027 | Valid loss: 0.0044 | Train acc: 0.9997 | Valid acc: 0.9993 | patience:  11 | Epoch time: 29.3 |

2023-01-27 15:15:23,341 - INFO -
| Epoch:     92 | Train loss: 0.0055 | Valid loss: 0.0005 | Train acc: 0.9987 | Valid acc: 1.0000 | patience:  12 | Epoch time: 29.3 |

2023-01-27 15:15:52,632 - INFO -
| Epoch:     93 | Train loss: 0.0016 | Valid loss: 0.0030 | Train acc: 0.9997 | Valid acc: 1.0000 | patience:  13 | Epoch time: 29.3 |

2023-01-27 15:16:21,903 - INFO -
| Epoch:     94 | Train loss: 0.0004 | Valid loss: 0.0066 | Train acc: 0.9969 | Valid acc: 0.9997 | patience:  14 | Epoch time: 29.3 |

2023-01-27 15:16:51,154 - INFO -
| Epoch:     95 | Train loss: 0.0004 | Valid loss: 0.0000 | Train acc: 0.9997 | Valid acc: 0.9997 | patience:  15 | Epoch time: 29.3 |

2023-01-27 15:17:20,442 - INFO -
| Epoch:     96 | Train loss: 0.0015 | Valid loss: 0.0091 | Train acc: 1.0000 | Valid acc: 1.0000 | patience:  16 | Epoch time: 29.3 |

2023-01-27 15:17:49,724 - INFO -
| Epoch:     97 | Train loss: 0.0002 | Valid loss: 0.0012 | Train acc: 0.9984 | Valid acc: 0.9981 | patience:  17 | Epoch time: 29.3 |

2023-01-27 15:18:19,013 - INFO -
| Epoch:     98 | Train loss: 0.0039 | Valid loss: 0.0016 | Train acc: 1.0000 | Valid acc: 0.9990 | patience:  18 | Epoch time: 29.3 |

2023-01-27 15:18:48,307 - INFO -
| Epoch:     99 | Train loss: 0.0000 | Valid loss: 0.0001 | Train acc: 1.0000 | Valid acc: 0.9979 | patience:  19 | Epoch time: 29.3 |

2023-01-27 15:19:17,588 - INFO -
| Epoch:    100 | Train loss: 0.0006 | Valid loss: 0.0035 | Train acc: 0.9959 | Valid acc: 0.9963 | patience:  20 | Epoch time: 29.3 |

2023-01-27 15:19:46,895 - INFO -
| Epoch:    101 | Train loss: 0.0000 | Valid loss: 0.0117 | Train acc: 0.9969 | Valid acc: 0.9999 | patience:  21 | Epoch time: 29.3 |

2023-01-27 15:20:16,149 - INFO -
| Epoch:    102 | Train loss: 0.0025 | Valid loss: 0.0012 | Train acc: 0.9991 | Valid acc: 0.9988 | patience:  22 | Epoch time: 29.3 |

2023-01-27 15:20:45,416 - INFO -
| Epoch:    103 | Train loss: 0.0062 | Valid loss: 0.0179 | Train acc: 0.9982 | Valid acc: 0.9965 | patience:  23 | Epoch time: 29.3 |

2023-01-27 15:21:14,664 - INFO -
| Epoch:    104 | Train loss: 0.0022 | Valid loss: 0.0043 | Train acc: 0.9973 | Valid acc: 0.9946 | patience:  24 | Epoch time: 29.2 |

2023-01-27 15:21:43,963 - INFO -
| Epoch:    105 | Train loss: 0.0336 | Valid loss: 0.0022 | Train acc: 0.9947 | Valid acc: 0.9988 | patience:  25 | Epoch time: 29.3 |

2023-01-27 15:22:13,217 - INFO -
| Epoch:    106 | Train loss: 0.0011 | Valid loss: 0.0144 | Train acc: 0.9988 | Valid acc: 0.9975 | patience:  26 | Epoch time: 29.3 |

2023-01-27 15:22:42,477 - INFO -
| Epoch:    107 | Train loss: 0.0008 | Valid loss: 0.0022 | Train acc: 1.0000 | Valid acc: 0.9992 | patience:  27 | Epoch time: 29.3 |

2023-01-27 15:23:11,760 - INFO -
| Epoch:    108 | Train loss: 0.0000 | Valid loss: 0.0005 | Train acc: 0.9937 | Valid acc: 0.9997 | patience:  28 | Epoch time: 29.3 |

2023-01-27 15:23:41,267 - INFO -
| Epoch:    109 | Train loss: 0.0153 | Valid loss: 0.0005 | Train acc: 0.9985 | Valid acc: 0.9983 | patience:  29 | Epoch time: 29.5 |

2023-01-27 15:24:10,530 - INFO -
| Epoch:    110 | Train loss: 0.0025 | Valid loss: 0.0002 | Train acc: 0.9946 | Valid acc: 0.9997 | patience:  30 | Epoch time: 29.3 |

2023-01-27 15:24:39,805 - INFO -
| Epoch:    111 | Train loss: 0.0041 | Valid loss: 0.0063 | Train acc: 0.9994 | Valid acc: 1.0000 | patience:  31 | Epoch time: 29.3 |

2023-01-27 15:25:09,075 - INFO -
| Epoch:    112 | Train loss: 0.0163 | Valid loss: 0.0053 | Train acc: 0.9958 | Valid acc: 0.9981 | patience:  32 | Epoch time: 29.3 |

2023-01-27 15:25:38,318 - INFO -
| Epoch:    113 | Train loss: 0.0054 | Valid loss: 0.0019 | Train acc: 0.9989 | Valid acc: 0.9990 | patience:  33 | Epoch time: 29.2 |

2023-01-27 15:26:07,584 - INFO -
| Epoch:    114 | Train loss: 0.0042 | Valid loss: 0.0095 | Train acc: 1.0000 | Valid acc: 1.0000 | patience:  34 | Epoch time: 29.3 |

2023-01-27 15:26:36,853 - INFO -
| Epoch:    115 | Train loss: 0.0025 | Valid loss: 0.0057 | Train acc: 0.9976 | Valid acc: 0.9975 | patience:  35 | Epoch time: 29.3 |

2023-01-27 15:27:06,130 - INFO -
| Epoch:    116 | Train loss: 0.0001 | Valid loss: 0.0011 | Train acc: 1.0000 | Valid acc: 1.0000 | patience:  36 | Epoch time: 29.3 |

2023-01-27 15:27:35,406 - INFO -
| Epoch:    117 | Train loss: 0.0017 | Valid loss: 0.0096 | Train acc: 0.9995 | Valid acc: 1.0000 | patience:  37 | Epoch time: 29.3 |

2023-01-27 15:28:04,655 - INFO -
| Epoch:    118 | Train loss: 0.0004 | Valid loss: 0.0007 | Train acc: 0.9994 | Valid acc: 1.0000 | patience:  38 | Epoch time: 29.2 |

2023-01-27 15:28:33,913 - INFO -
| Epoch:    119 | Train loss: 0.0071 | Valid loss: 0.0019 | Train acc: 0.9963 | Valid acc: 0.9983 | patience:  39 | Epoch time: 29.3 |

2023-01-27 15:29:03,165 - INFO -
| Epoch:    120 | Train loss: 0.0008 | Valid loss: 0.0064 | Train acc: 1.0000 | Valid acc: 0.9947 | patience:  40 | Epoch time: 29.3 |

2023-01-27 15:29:32,436 - INFO -
| Epoch:    121 | Train loss: 0.0000 | Valid loss: 0.0040 | Train acc: 0.9991 | Valid acc: 0.9979 | patience:  41 | Epoch time: 29.3 |

2023-01-27 15:30:01,707 - INFO -
| Epoch:    122 | Train loss: 0.0023 | Valid loss: 0.0111 | Train acc: 0.9996 | Valid acc: 0.9927 | patience:  42 | Epoch time: 29.3 |

2023-01-27 15:30:31,008 - INFO -
| Epoch:    123 | Train loss: 0.0008 | Valid loss: 0.0020 | Train acc: 0.9997 | Valid acc: 0.9993 | patience:  43 | Epoch time: 29.3 |

2023-01-27 15:31:00,255 - INFO -
| Epoch:    124 | Train loss: 0.0007 | Valid loss: 0.0026 | Train acc: 0.9974 | Valid acc: 0.9977 | patience:  44 | Epoch time: 29.2 |

2023-01-27 15:31:29,498 - INFO -
| Epoch:    125 | Train loss: 0.0000 | Valid loss: 0.0031 | Train acc: 0.9999 | Valid acc: 0.9982 | patience:  45 | Epoch time: 29.2 |

2023-01-27 15:31:58,752 - INFO -
| Epoch:    126 | Train loss: 0.0043 | Valid loss: 0.0007 | Train acc: 1.0000 | Valid acc: 1.0000 | patience:  46 | Epoch time: 29.3 |

2023-01-27 15:32:28,036 - INFO -
| Epoch:    127 | Train loss: 0.0161 | Valid loss: 0.0020 | Train acc: 0.9991 | Valid acc: 0.9993 | patience:  47 | Epoch time: 29.3 |

2023-01-27 15:32:57,288 - INFO -
| Epoch:    128 | Train loss: 0.0036 | Valid loss: 0.0007 | Train acc: 0.9983 | Valid acc: 0.9999 | patience:  48 | Epoch time: 29.3 |

2023-01-27 15:33:26,598 - INFO -
| Epoch:    129 | Train loss: 0.0092 | Valid loss: 0.0044 | Train acc: 1.0000 | Valid acc: 0.9997 | patience:  49 | Epoch time: 29.3 |

2023-01-27 15:33:55,893 - INFO -
| Epoch:    130 | Train loss: 0.0014 | Valid loss: 0.0001 | Train acc: 0.9990 | Valid acc: 0.9976 | patience:  50 | Epoch time: 29.3 |

2023-01-27 15:34:25,148 - INFO -
| Epoch:    131 | Train loss: 0.0016 | Valid loss: 0.0038 | Train acc: 0.9999 | Valid acc: 1.0000 | patience:  51 | Epoch time: 29.3 |

2023-01-27 15:34:54,409 - INFO -
| Epoch:    132 | Train loss: 0.0011 | Valid loss: 0.0042 | Train acc: 0.9998 | Valid acc: 0.9998 | patience:  52 | Epoch time: 29.3 |

2023-01-27 15:35:23,656 - INFO -
| Epoch:    133 | Train loss: 0.0083 | Valid loss: 0.0029 | Train acc: 1.0000 | Valid acc: 0.9992 | patience:  53 | Epoch time: 29.2 |

2023-01-27 15:35:52,902 - INFO -
| Epoch:    134 | Train loss: 0.0007 | Valid loss: 0.0016 | Train acc: 0.9992 | Valid acc: 0.9977 | patience:  54 | Epoch time: 29.2 |

2023-01-27 15:36:22,183 - INFO -
| Epoch:    135 | Train loss: 0.0018 | Valid loss: 0.0017 | Train acc: 0.9991 | Valid acc: 1.0000 | patience:  55 | Epoch time: 29.3 |

2023-01-27 15:36:51,443 - INFO -
| Epoch:    136 | Train loss: 0.0036 | Valid loss: 0.0008 | Train acc: 1.0000 | Valid acc: 0.9968 | patience:  56 | Epoch time: 29.3 |

2023-01-27 15:37:20,727 - INFO -
| Epoch:    137 | Train loss: 0.0002 | Valid loss: 0.0041 | Train acc: 0.9997 | Valid acc: 0.9998 | patience:  57 | Epoch time: 29.3 |

2023-01-27 15:37:49,972 - INFO -
| Epoch:    138 | Train loss: 0.0019 | Valid loss: 0.0022 | Train acc: 0.9993 | Valid acc: 0.9993 | patience:  58 | Epoch time: 29.2 |

2023-01-27 15:38:19,205 - INFO -
| Epoch:    139 | Train loss: 0.0012 | Valid loss: 0.0031 | Train acc: 0.9949 | Valid acc: 0.9999 | patience:  59 | Epoch time: 29.2 |

2023-01-27 15:38:48,464 - INFO -
| Epoch:    140 | Train loss: 0.0022 | Valid loss: 0.0071 | Train acc: 0.9999 | Valid acc: 0.9977 | patience:  60 | Epoch time: 29.3 |

2023-01-27 15:39:17,735 - INFO -
| Epoch:    141 | Train loss: 0.0000 | Valid loss: 0.0000 | Train acc: 1.0000 | Valid acc: 0.9984 | patience:  61 | Epoch time: 29.3 |

2023-01-27 15:39:46,969 - INFO -
| Epoch:    142 | Train loss: 0.0016 | Valid loss: 0.0012 | Train acc: 1.0000 | Valid acc: 1.0000 | patience:  62 | Epoch time: 29.2 |

2023-01-27 15:40:16,236 - INFO -
| Epoch:    143 | Train loss: 0.0049 | Valid loss: 0.0025 | Train acc: 0.9993 | Valid acc: 1.0000 | patience:  63 | Epoch time: 29.3 |

2023-01-27 15:40:45,498 - INFO -
| Epoch:    144 | Train loss: 0.0003 | Valid loss: 0.0006 | Train acc: 0.9996 | Valid acc: 1.0000 | patience:  64 | Epoch time: 29.3 |

2023-01-27 15:41:14,755 - INFO -
| Epoch:    145 | Train loss: 0.0001 | Valid loss: 0.0011 | Train acc: 1.0000 | Valid acc: 1.0000 | patience:  65 | Epoch time: 29.3 |

2023-01-27 15:41:44,006 - INFO -
| Epoch:    146 | Train loss: 0.0056 | Valid loss: 0.0110 | Train acc: 0.9987 | Valid acc: 1.0000 | patience:  66 | Epoch time: 29.3 |

2023-01-27 15:42:13,274 - INFO -
| Epoch:    147 | Train loss: 0.0011 | Valid loss: 0.0001 | Train acc: 1.0000 | Valid acc: 1.0000 | patience:  67 | Epoch time: 29.3 |

2023-01-27 15:42:42,793 - INFO -
| Epoch:    148 | Train loss: 0.0003 | Valid loss: 0.0001 | Train acc: 0.9996 | Valid acc: 0.9992 | patience:  68 | Epoch time: 29.5 |

2023-01-27 15:43:12,073 - INFO -
| Epoch:    149 | Train loss: 0.0013 | Valid loss: 0.0013 | Train acc: 0.9987 | Valid acc: 1.0000 | patience:  69 | Epoch time: 29.3 |

2023-01-27 15:43:41,397 - INFO -
| Epoch:    150 | Train loss: 0.0016 | Valid loss: 0.0005 | Train acc: 1.0000 | Valid acc: 0.9999 | patience:  70 | Epoch time: 29.3 |

2023-01-27 15:44:10,647 - INFO -
| Epoch:    151 | Train loss: 0.0009 | Valid loss: 0.0000 | Train acc: 0.9977 | Valid acc: 0.9990 | patience:  71 | Epoch time: 29.2 |

2023-01-27 15:44:39,921 - INFO -
| Epoch:    152 | Train loss: 0.0013 | Valid loss: 0.0049 | Train acc: 0.9991 | Valid acc: 0.9995 | patience:  72 | Epoch time: 29.3 |

2023-01-27 15:45:09,192 - INFO -
| Epoch:    153 | Train loss: 0.0000 | Valid loss: 0.0021 | Train acc: 0.9970 | Valid acc: 0.9967 | patience:  73 | Epoch time: 29.3 |

2023-01-27 15:45:38,430 - INFO -
| Epoch:    154 | Train loss: 0.0003 | Valid loss: 0.0023 | Train acc: 0.9987 | Valid acc: 1.0000 | patience:  74 | Epoch time: 29.2 |

2023-01-27 15:46:07,697 - INFO -
| Epoch:    155 | Train loss: 0.0018 | Valid loss: 0.0000 | Train acc: 1.0000 | Valid acc: 0.9986 | patience:  75 | Epoch time: 29.3 |

2023-01-27 15:46:36,963 - INFO -
| Epoch:    156 | Train loss: 0.0000 | Valid loss: 0.0076 | Train acc: 1.0000 | Valid acc: 0.9992 | patience:  76 | Epoch time: 29.3 |

2023-01-27 15:47:06,210 - INFO -
| Epoch:    157 | Train loss: 0.0002 | Valid loss: 0.0000 | Train acc: 0.9991 | Valid acc: 0.9983 | patience:  77 | Epoch time: 29.2 |

2023-01-27 15:47:35,465 - INFO -
| Epoch:    158 | Train loss: 0.0010 | Valid loss: 0.0026 | Train acc: 1.0000 | Valid acc: 0.9976 | patience:  78 | Epoch time: 29.3 |

2023-01-27 15:48:04,702 - INFO -
| Epoch:    159 | Train loss: 0.0005 | Valid loss: 0.0000 | Train acc: 1.0000 | Valid acc: 1.0000 | patience:  79 | Epoch time: 29.2 |

2023-01-27 15:48:33,998 - INFO -
| Epoch:    160 | Train loss: 0.0080 | Valid loss: 0.0000 | Train acc: 1.0000 | Valid acc: 1.0000 | patience:  80 | Epoch time: 29.3 |

2023-01-27 15:49:03,282 - INFO -
| Epoch:    161 | Train loss: 0.0004 | Valid loss: 0.0027 | Train acc: 1.0000 | Valid acc: 1.0000 | patience:  81 | Epoch time: 29.3 |

2023-01-27 15:49:32,589 - INFO -
| Epoch:    162 | Train loss: 0.0024 | Valid loss: 0.0008 | Train acc: 0.9996 | Valid acc: 0.9976 | patience:  82 | Epoch time: 29.3 |

2023-01-27 15:50:01,833 - INFO -
| Epoch:    163 | Train loss: 0.0007 | Valid loss: 0.0012 | Train acc: 1.0000 | Valid acc: 0.9990 | patience:  83 | Epoch time: 29.2 |

2023-01-27 15:50:31,093 - INFO -
| Epoch:    164 | Train loss: 0.0105 | Valid loss: 0.0006 | Train acc: 0.9997 | Valid acc: 1.0000 | patience:  84 | Epoch time: 29.3 |

2023-01-27 15:51:00,347 - INFO -
| Epoch:    165 | Train loss: 0.0000 | Valid loss: 0.0086 | Train acc: 0.9978 | Valid acc: 0.9997 | patience:  85 | Epoch time: 29.3 |

2023-01-27 15:51:29,607 - INFO -
| Epoch:    166 | Train loss: 0.0038 | Valid loss: 0.0001 | Train acc: 0.9993 | Valid acc: 1.0000 | patience:  86 | Epoch time: 29.3 |

2023-01-27 15:51:58,848 - INFO -
| Epoch:    167 | Train loss: 0.0002 | Valid loss: 0.0006 | Train acc: 1.0000 | Valid acc: 1.0000 | patience:  87 | Epoch time: 29.2 |

2023-01-27 15:52:28,114 - INFO -
| Epoch:    168 | Train loss: 0.0007 | Valid loss: 0.0003 | Train acc: 1.0000 | Valid acc: 0.9990 | patience:  88 | Epoch time: 29.3 |

2023-01-27 15:52:57,606 - INFO -
| Epoch:    169 | Train loss: 0.0020 | Valid loss: 0.0000 | Train acc: 0.9955 | Valid acc: 0.9987 | patience:  89 | Epoch time: 29.5 |

2023-01-27 15:53:26,843 - INFO -
| Epoch:    170 | Train loss: 0.0012 | Valid loss: 0.0000 | Train acc: 0.9991 | Valid acc: 0.9982 | patience:  90 | Epoch time: 29.2 |

2023-01-27 15:53:56,091 - INFO -
| Epoch:    171 | Train loss: 0.0004 | Valid loss: 0.0000 | Train acc: 1.0000 | Valid acc: 0.9940 | patience:  91 | Epoch time: 29.2 |

2023-01-27 15:54:25,378 - INFO -
| Epoch:    172 | Train loss: 0.0009 | Valid loss: 0.0106 | Train acc: 0.9998 | Valid acc: 1.0000 | patience:  92 | Epoch time: 29.3 |

2023-01-27 15:54:54,650 - INFO -
| Epoch:    173 | Train loss: 0.0019 | Valid loss: 0.0063 | Train acc: 1.0000 | Valid acc: 0.9982 | patience:  93 | Epoch time: 29.3 |

2023-01-27 15:55:23,890 - INFO -
| Epoch:    174 | Train loss: 0.0008 | Valid loss: 0.0017 | Train acc: 1.0000 | Valid acc: 0.9990 | patience:  94 | Epoch time: 29.2 |

2023-01-27 15:55:53,117 - INFO -
| Epoch:    175 | Train loss: 0.0000 | Valid loss: 0.0012 | Train acc: 0.9994 | Valid acc: 0.9994 | patience:  95 | Epoch time: 29.2 |

2023-01-27 15:56:22,370 - INFO -
| Epoch:    176 | Train loss: 0.0013 | Valid loss: 0.0009 | Train acc: 0.9978 | Valid acc: 0.9997 | patience:  96 | Epoch time: 29.3 |

2023-01-27 15:56:51,627 - INFO -
| Epoch:    177 | Train loss: 0.0029 | Valid loss: 0.0023 | Train acc: 1.0000 | Valid acc: 0.9981 | patience:  97 | Epoch time: 29.3 |

2023-01-27 15:57:20,869 - INFO -
| Epoch:    178 | Train loss: 0.0061 | Valid loss: 0.0013 | Train acc: 1.0000 | Valid acc: 0.9993 | patience:  98 | Epoch time: 29.2 |

2023-01-27 15:57:50,128 - INFO -
| Epoch:    179 | Train loss: 0.0049 | Valid loss: 0.0049 | Train acc: 0.9986 | Valid acc: 0.9984 | patience:  99 | Epoch time: 29.3 |

2023-01-27 15:58:19,412 - INFO -
| Epoch:    180 | Train loss: 0.0005 | Valid loss: 0.0045 | Train acc: 1.0000 | Valid acc: 1.0000 | patience: 100 | Epoch time: 29.3 |

2023-01-27 15:58:48,688 - INFO -
| Epoch:    181 | Train loss: 0.0001 | Valid loss: 0.0008 | Train acc: 0.9961 | Valid acc: 0.9986 | patience: 101 | Epoch time: 29.3 |

2023-01-27 15:59:17,953 - INFO -
| Epoch:    182 | Train loss: 0.0011 | Valid loss: 0.0011 | Train acc: 0.9989 | Valid acc: 0.9990 | patience: 102 | Epoch time: 29.3 |

2023-01-27 15:59:47,184 - INFO -
| Epoch:    183 | Train loss: 0.0030 | Valid loss: 0.0077 | Train acc: 0.9995 | Valid acc: 0.9963 | patience: 103 | Epoch time: 29.2 |

2023-01-27 16:00:16,431 - INFO -
| Epoch:    184 | Train loss: 0.0045 | Valid loss: 0.0007 | Train acc: 1.0000 | Valid acc: 0.9988 | patience: 104 | Epoch time: 29.2 |

2023-01-27 16:00:45,692 - INFO -
| Epoch:    185 | Train loss: 0.0034 | Valid loss: 0.0000 | Train acc: 1.0000 | Valid acc: 0.9995 | patience: 105 | Epoch time: 29.3 |

2023-01-27 16:01:15,024 - INFO -
| Epoch:    186 | Train loss: 0.0016 | Valid loss: 0.0039 | Train acc: 1.0000 | Valid acc: 0.9987 | patience: 106 | Epoch time: 29.3 |

2023-01-27 16:01:44,269 - INFO -
| Epoch:    187 | Train loss: 0.0023 | Valid loss: 0.0040 | Train acc: 0.9977 | Valid acc: 0.9967 | patience: 107 | Epoch time: 29.2 |

2023-01-27 16:02:13,551 - INFO -
| Epoch:    188 | Train loss: 0.0005 | Valid loss: 0.0015 | Train acc: 1.0000 | Valid acc: 0.9970 | patience: 108 | Epoch time: 29.3 |

2023-01-27 16:02:42,848 - INFO -
| Epoch:    189 | Train loss: 0.0031 | Valid loss: 0.0000 | Train acc: 0.9981 | Valid acc: 0.9962 | patience: 109 | Epoch time: 29.3 |

2023-01-27 16:03:12,091 - INFO -
| Epoch:    190 | Train loss: 0.0000 | Valid loss: 0.0001 | Train acc: 0.9944 | Valid acc: 0.9982 | patience: 110 | Epoch time: 29.2 |

2023-01-27 16:03:41,345 - INFO -
| Epoch:    191 | Train loss: 0.0126 | Valid loss: 0.0005 | Train acc: 1.0000 | Valid acc: 0.9995 | patience: 111 | Epoch time: 29.3 |

2023-01-27 16:04:10,597 - INFO -
| Epoch:    192 | Train loss: 0.0010 | Valid loss: 0.0012 | Train acc: 0.9976 | Valid acc: 1.0000 | patience: 112 | Epoch time: 29.3 |

2023-01-27 16:04:39,884 - INFO -
| Epoch:    193 | Train loss: 0.0000 | Valid loss: 0.0026 | Train acc: 1.0000 | Valid acc: 1.0000 | patience: 113 | Epoch time: 29.3 |

2023-01-27 16:05:09,122 - INFO -
| Epoch:    194 | Train loss: 0.0002 | Valid loss: 0.0010 | Train acc: 1.0000 | Valid acc: 0.9974 | patience: 114 | Epoch time: 29.2 |

2023-01-27 16:05:38,348 - INFO -
| Epoch:    195 | Train loss: 0.0001 | Valid loss: 0.0089 | Train acc: 0.9977 | Valid acc: 1.0000 | patience: 115 | Epoch time: 29.2 |

2023-01-27 16:06:07,639 - INFO -
| Epoch:    196 | Train loss: 0.0013 | Valid loss: 0.0019 | Train acc: 1.0000 | Valid acc: 1.0000 | patience: 116 | Epoch time: 29.3 |

2023-01-27 16:06:36,923 - INFO -
| Epoch:    197 | Train loss: 0.0082 | Valid loss: 0.0005 | Train acc: 1.0000 | Valid acc: 1.0000 | patience: 117 | Epoch time: 29.3 |

2023-01-27 16:07:06,156 - INFO -
| Epoch:    198 | Train loss: 0.0004 | Valid loss: 0.0002 | Train acc: 1.0000 | Valid acc: 0.9998 | patience: 118 | Epoch time: 29.2 |

2023-01-27 16:07:35,391 - INFO -
| Epoch:    199 | Train loss: 0.0006 | Valid loss: 0.0008 | Train acc: 1.0000 | Valid acc: 0.9989 | patience: 119 | Epoch time: 29.2 |

2023-01-27 16:08:04,666 - INFO -
| Epoch:    200 | Train loss: 0.0010 | Valid loss: 0.0000 | Train acc: 1.0000 | Valid acc: 0.9995 | patience: 120 | Epoch time: 29.3 |

2023-01-27 16:08:33,918 - INFO -
| Epoch:    201 | Train loss: 0.0034 | Valid loss: 0.0001 | Train acc: 1.0000 | Valid acc: 0.9994 | patience: 121 | Epoch time: 29.3 |

2023-01-27 16:09:03,188 - INFO -
| Epoch:    202 | Train loss: 0.0017 | Valid loss: 0.0002 | Train acc: 1.0000 | Valid acc: 0.9974 | patience: 122 | Epoch time: 29.3 |

2023-01-27 16:09:32,425 - INFO -
| Epoch:    203 | Train loss: 0.0002 | Valid loss: 0.0000 | Train acc: 1.0000 | Valid acc: 0.9967 | patience: 123 | Epoch time: 29.2 |

2023-01-27 16:10:01,678 - INFO -
| Epoch:    204 | Train loss: 0.0115 | Valid loss: 0.0005 | Train acc: 0.9999 | Valid acc: 1.0000 | patience: 124 | Epoch time: 29.3 |

2023-01-27 16:10:30,961 - INFO -
| Epoch:    205 | Train loss: 0.0008 | Valid loss: 0.0010 | Train acc: 0.9979 | Valid acc: 0.9990 | patience: 125 | Epoch time: 29.3 |

2023-01-27 16:11:00,225 - INFO -
| Epoch:    206 | Train loss: 0.0012 | Valid loss: 0.0001 | Train acc: 1.0000 | Valid acc: 0.9967 | patience: 126 | Epoch time: 29.3 |

2023-01-27 16:11:29,513 - INFO -
| Epoch:    207 | Train loss: 0.0003 | Valid loss: 0.0002 | Train acc: 1.0000 | Valid acc: 0.9993 | patience: 127 | Epoch time: 29.3 |

2023-01-27 16:11:59,028 - INFO -
| Epoch:    208 | Train loss: 0.0017 | Valid loss: 0.0022 | Train acc: 0.9982 | Valid acc: 0.9985 | patience: 128 | Epoch time: 29.5 |

2023-01-27 16:12:28,280 - INFO -
| Epoch:    209 | Train loss: 0.0001 | Valid loss: 0.0026 | Train acc: 1.0000 | Valid acc: 0.9991 | patience: 129 | Epoch time: 29.3 |

2023-01-27 16:12:57,552 - INFO -
| Epoch:    210 | Train loss: 0.0007 | Valid loss: 0.0005 | Train acc: 0.9997 | Valid acc: 0.9996 | patience: 130 | Epoch time: 29.3 |

2023-01-27 16:13:26,806 - INFO -
| Epoch:    211 | Train loss: 0.0020 | Valid loss: 0.0087 | Train acc: 0.9989 | Valid acc: 1.0000 | patience: 131 | Epoch time: 29.3 |

2023-01-27 16:13:56,070 - INFO -
| Epoch:    212 | Train loss: 0.0001 | Valid loss: 0.0045 | Train acc: 0.9973 | Valid acc: 0.9998 | patience: 132 | Epoch time: 29.3 |

2023-01-27 16:14:25,340 - INFO -
| Epoch:    213 | Train loss: 0.0000 | Valid loss: 0.0012 | Train acc: 1.0000 | Valid acc: 0.9997 | patience: 133 | Epoch time: 29.3 |

2023-01-27 16:14:55,270 - INFO -
| Epoch:    214 | Train loss: 0.0002 | Valid loss: 0.0000 | Train acc: 1.0000 | Valid acc: 0.9997 | patience: 134 | Epoch time: 29.9 |

2023-01-27 16:15:24,540 - INFO -
| Epoch:    215 | Train loss: 0.0052 | Valid loss: 0.0026 | Train acc: 0.9999 | Valid acc: 0.9995 | patience: 135 | Epoch time: 29.3 |

2023-01-27 16:15:53,810 - INFO -
| Epoch:    216 | Train loss: 0.0009 | Valid loss: 0.0005 | Train acc: 0.9966 | Valid acc: 1.0000 | patience: 136 | Epoch time: 29.3 |

2023-01-27 16:16:23,091 - INFO -
| Epoch:    217 | Train loss: 0.0000 | Valid loss: 0.0000 | Train acc: 1.0000 | Valid acc: 1.0000 | patience: 137 | Epoch time: 29.3 |

2023-01-27 16:16:52,381 - INFO -
| Epoch:    218 | Train loss: 0.0010 | Valid loss: 0.0004 | Train acc: 1.0000 | Valid acc: 0.9969 | patience: 138 | Epoch time: 29.3 |

2023-01-27 16:17:21,652 - INFO -
| Epoch:    219 | Train loss: 0.0009 | Valid loss: 0.0014 | Train acc: 1.0000 | Valid acc: 1.0000 | patience: 139 | Epoch time: 29.3 |

2023-01-27 16:17:50,896 - INFO -
| Epoch:    220 | Train loss: 0.0003 | Valid loss: 0.0000 | Train acc: 0.9979 | Valid acc: 0.9998 | patience: 140 | Epoch time: 29.2 |

2023-01-27 16:18:20,167 - INFO -
| Epoch:    221 | Train loss: 0.0018 | Valid loss: 0.0053 | Train acc: 0.9998 | Valid acc: 1.0000 | patience: 141 | Epoch time: 29.3 |

2023-01-27 16:18:49,411 - INFO -
| Epoch:    222 | Train loss: 0.0016 | Valid loss: 0.0000 | Train acc: 1.0000 | Valid acc: 0.9980 | patience: 142 | Epoch time: 29.2 |

2023-01-27 16:19:18,698 - INFO -
| Epoch:    223 | Train loss: 0.0021 | Valid loss: 0.0028 | Train acc: 0.9971 | Valid acc: 0.9992 | patience: 143 | Epoch time: 29.3 |

2023-01-27 16:19:47,978 - INFO -
| Epoch:    224 | Train loss: 0.0004 | Valid loss: 0.0010 | Train acc: 0.9964 | Valid acc: 1.0000 | patience: 144 | Epoch time: 29.3 |

2023-01-27 16:20:17,251 - INFO -
| Epoch:    225 | Train loss: 0.0013 | Valid loss: 0.0037 | Train acc: 0.9991 | Valid acc: 1.0000 | patience: 145 | Epoch time: 29.3 |

2023-01-27 16:20:46,570 - INFO -
| Epoch:    226 | Train loss: 0.0003 | Valid loss: 0.0006 | Train acc: 1.0000 | Valid acc: 0.9991 | patience: 146 | Epoch time: 29.3 |

2023-01-27 16:21:15,792 - INFO -
| Epoch:    227 | Train loss: 0.0005 | Valid loss: 0.0008 | Train acc: 0.9997 | Valid acc: 0.9991 | patience: 147 | Epoch time: 29.2 |

2023-01-27 16:21:45,035 - INFO -
| Epoch:    228 | Train loss: 0.0057 | Valid loss: 0.0008 | Train acc: 0.9986 | Valid acc: 0.9995 | patience: 148 | Epoch time: 29.2 |

2023-01-27 16:22:14,507 - INFO -
| Epoch:    229 | Train loss: 0.0062 | Valid loss: 0.0031 | Train acc: 0.9993 | Valid acc: 0.9997 | patience: 149 | Epoch time: 29.5 |

2023-01-27 16:22:43,713 - INFO -
| Epoch:    230 | Train loss: 0.0001 | Valid loss: 0.0000 | Train acc: 1.0000 | Valid acc: 0.9995 | patience: 150 | Epoch time: 29.2 |

2023-01-27 16:23:12,904 - INFO -
| Epoch:    231 | Train loss: 0.0000 | Valid loss: 0.0017 | Train acc: 0.9987 | Valid acc: 1.0000 | patience: 151 | Epoch time: 29.2 |

2023-01-27 16:23:42,133 - INFO -
| Epoch:    232 | Train loss: 0.0045 | Valid loss: 0.0012 | Train acc: 0.9971 | Valid acc: 0.9952 | patience: 152 | Epoch time: 29.2 |

2023-01-27 16:24:11,357 - INFO -
| Epoch:    233 | Train loss: 0.0010 | Valid loss: 0.0005 | Train acc: 0.9979 | Valid acc: 0.9991 | patience: 153 | Epoch time: 29.2 |

2023-01-27 16:24:40,568 - INFO -
| Epoch:    234 | Train loss: 0.0077 | Valid loss: 0.0000 | Train acc: 0.9991 | Valid acc: 0.9974 | patience: 154 | Epoch time: 29.2 |

2023-01-27 16:25:09,788 - INFO -
| Epoch:    235 | Train loss: 0.0016 | Valid loss: 0.0037 | Train acc: 0.9993 | Valid acc: 0.9997 | patience: 155 | Epoch time: 29.2 |

2023-01-27 16:25:38,991 - INFO -
| Epoch:    236 | Train loss: 0.0007 | Valid loss: 0.0009 | Train acc: 1.0000 | Valid acc: 1.0000 | patience: 156 | Epoch time: 29.2 |

2023-01-27 16:26:08,204 - INFO -
| Epoch:    237 | Train loss: 0.0027 | Valid loss: 0.0001 | Train acc: 1.0000 | Valid acc: 0.9974 | patience: 157 | Epoch time: 29.2 |

2023-01-27 16:26:37,414 - INFO -
| Epoch:    238 | Train loss: 0.0001 | Valid loss: 0.0001 | Train acc: 0.9990 | Valid acc: 0.9976 | patience: 158 | Epoch time: 29.2 |

2023-01-27 16:27:06,607 - INFO -
| Epoch:    239 | Train loss: 0.0036 | Valid loss: 0.0087 | Train acc: 0.9979 | Valid acc: 1.0000 | patience: 159 | Epoch time: 29.2 |

2023-01-27 16:27:35,827 - INFO -
| Epoch:    240 | Train loss: 0.0087 | Valid loss: 0.0029 | Train acc: 1.0000 | Valid acc: 1.0000 | patience: 160 | Epoch time: 29.2 |

2023-01-27 16:28:05,038 - INFO -
| Epoch:    241 | Train loss: 0.0000 | Valid loss: 0.0011 | Train acc: 0.9993 | Valid acc: 1.0000 | patience: 161 | Epoch time: 29.2 |

2023-01-27 16:28:34,261 - INFO -
| Epoch:    242 | Train loss: 0.0001 | Valid loss: 0.0013 | Train acc: 1.0000 | Valid acc: 1.0000 | patience: 162 | Epoch time: 29.2 |

2023-01-27 16:29:03,489 - INFO -
| Epoch:    243 | Train loss: 0.0021 | Valid loss: 0.0003 | Train acc: 0.9979 | Valid acc: 0.9984 | patience: 163 | Epoch time: 29.2 |

2023-01-27 16:29:32,706 - INFO -
| Epoch:    244 | Train loss: 0.0013 | Valid loss: 0.0000 | Train acc: 0.9987 | Valid acc: 0.9969 | patience: 164 | Epoch time: 29.2 |

2023-01-27 16:30:01,911 - INFO -
| Epoch:    245 | Train loss: 0.0077 | Valid loss: 0.0001 | Train acc: 0.9983 | Valid acc: 0.9970 | patience: 165 | Epoch time: 29.2 |

2023-01-27 16:30:31,135 - INFO -
| Epoch:    246 | Train loss: 0.0000 | Valid loss: 0.0013 | Train acc: 0.9955 | Valid acc: 1.0000 | patience: 166 | Epoch time: 29.2 |

2023-01-27 16:31:00,399 - INFO -
| Epoch:    247 | Train loss: 0.0071 | Valid loss: 0.0020 | Train acc: 0.9977 | Valid acc: 1.0000 | patience: 167 | Epoch time: 29.3 |

2023-01-27 16:31:29,640 - INFO -
| Epoch:    248 | Train loss: 0.0033 | Valid loss: 0.0003 | Train acc: 0.9983 | Valid acc: 1.0000 | patience: 168 | Epoch time: 29.2 |

2023-01-27 16:31:58,870 - INFO -
| Epoch:    249 | Train loss: 0.0013 | Valid loss: 0.0000 | Train acc: 1.0000 | Valid acc: 1.0000 | patience: 169 | Epoch time: 29.2 |

2023-01-27 16:32:28,112 - INFO -
| Epoch:    250 | Train loss: 0.0000 | Valid loss: 0.0054 | Train acc: 0.9943 | Valid acc: 1.0000 | patience: 170 | Epoch time: 29.2 |

2023-01-27 16:32:57,334 - INFO -
| Epoch:    251 | Train loss: 0.0000 | Valid loss: 0.0006 | Train acc: 1.0000 | Valid acc: 0.9997 | patience: 171 | Epoch time: 29.2 |

2023-01-27 16:33:26,554 - INFO -
| Epoch:    252 | Train loss: 0.0010 | Valid loss: 0.0005 | Train acc: 1.0000 | Valid acc: 1.0000 | patience: 172 | Epoch time: 29.2 |

2023-01-27 16:33:55,783 - INFO -
| Epoch:    253 | Train loss: 0.0002 | Valid loss: 0.0010 | Train acc: 1.0000 | Valid acc: 1.0000 | patience: 173 | Epoch time: 29.2 |

2023-01-27 16:34:24,986 - INFO -
| Epoch:    254 | Train loss: 0.0008 | Valid loss: 0.0006 | Train acc: 0.9963 | Valid acc: 0.9977 | patience: 174 | Epoch time: 29.2 |

2023-01-27 16:34:54,197 - INFO -
| Epoch:    255 | Train loss: 0.0067 | Valid loss: 0.0001 | Train acc: 0.9997 | Valid acc: 0.9996 | patience: 175 | Epoch time: 29.2 |

2023-01-27 16:35:23,416 - INFO -
| Epoch:    256 | Train loss: 0.0000 | Valid loss: 0.0014 | Train acc: 0.9981 | Valid acc: 0.9990 | patience: 176 | Epoch time: 29.2 |

2023-01-27 16:35:52,673 - INFO -
| Epoch:    257 | Train loss: 0.0000 | Valid loss: 0.0008 | Train acc: 1.0000 | Valid acc: 0.9981 | patience: 177 | Epoch time: 29.3 |

2023-01-27 16:36:21,892 - INFO -
| Epoch:    258 | Train loss: 0.0011 | Valid loss: 0.0001 | Train acc: 1.0000 | Valid acc: 1.0000 | patience: 178 | Epoch time: 29.2 |

2023-01-27 16:36:51,103 - INFO -
| Epoch:    259 | Train loss: 0.0001 | Valid loss: 0.0000 | Train acc: 0.9987 | Valid acc: 0.9994 | patience: 179 | Epoch time: 29.2 |

2023-01-27 16:37:20,303 - INFO -
| Epoch:    260 | Train loss: 0.0000 | Valid loss: 0.0037 | Train acc: 0.9994 | Valid acc: 0.9976 | patience: 180 | Epoch time: 29.2 |

2023-01-27 16:37:49,519 - INFO -
| Epoch:    261 | Train loss: 0.0002 | Valid loss: 0.0002 | Train acc: 0.9986 | Valid acc: 0.9993 | patience: 181 | Epoch time: 29.2 |

2023-01-27 16:38:18,766 - INFO -
| Epoch:    262 | Train loss: 0.0008 | Valid loss: 0.0041 | Train acc: 1.0000 | Valid acc: 1.0000 | patience: 182 | Epoch time: 29.2 |

2023-01-27 16:38:47,969 - INFO -
| Epoch:    263 | Train loss: 0.0020 | Valid loss: 0.0002 | Train acc: 0.9993 | Valid acc: 0.9994 | patience: 183 | Epoch time: 29.2 |

2023-01-27 16:39:17,147 - INFO -
| Epoch:    264 | Train loss: 0.0002 | Valid loss: 0.0003 | Train acc: 1.0000 | Valid acc: 0.9992 | patience: 184 | Epoch time: 29.2 |

2023-01-27 16:39:46,351 - INFO -
| Epoch:    265 | Train loss: 0.0000 | Valid loss: 0.0007 | Train acc: 0.9998 | Valid acc: 1.0000 | patience: 185 | Epoch time: 29.2 |

2023-01-27 16:40:15,571 - INFO -
| Epoch:    266 | Train loss: 0.0015 | Valid loss: 0.0007 | Train acc: 1.0000 | Valid acc: 1.0000 | patience: 186 | Epoch time: 29.2 |

2023-01-27 16:40:44,799 - INFO -
| Epoch:    267 | Train loss: 0.0002 | Valid loss: 0.0018 | Train acc: 0.9979 | Valid acc: 1.0000 | patience: 187 | Epoch time: 29.2 |

2023-01-27 16:41:14,259 - INFO -
| Epoch:    268 | Train loss: 0.0045 | Valid loss: 0.0000 | Train acc: 1.0000 | Valid acc: 0.9998 | patience: 188 | Epoch time: 29.5 |

2023-01-27 16:41:43,465 - INFO -
| Epoch:    269 | Train loss: 0.0001 | Valid loss: 0.0003 | Train acc: 1.0000 | Valid acc: 0.9992 | patience: 189 | Epoch time: 29.2 |

2023-01-27 16:42:12,626 - INFO -
| Epoch:    270 | Train loss: 0.0000 | Valid loss: 0.0000 | Train acc: 0.9983 | Valid acc: 1.0000 | patience: 190 | Epoch time: 29.2 |

2023-01-27 16:42:41,823 - INFO -
| Epoch:    271 | Train loss: 0.0000 | Valid loss: 0.0037 | Train acc: 1.0000 | Valid acc: 0.9986 | patience: 191 | Epoch time: 29.2 |

2023-01-27 16:43:11,016 - INFO -
| Epoch:    272 | Train loss: 0.0002 | Valid loss: 0.0036 | Train acc: 1.0000 | Valid acc: 1.0000 | patience: 192 | Epoch time: 29.2 |

2023-01-27 16:43:40,196 - INFO -
| Epoch:    273 | Train loss: 0.0005 | Valid loss: 0.0004 | Train acc: 1.0000 | Valid acc: 1.0000 | patience: 193 | Epoch time: 29.2 |

2023-01-27 16:44:09,382 - INFO -
| Epoch:    274 | Train loss: 0.0024 | Valid loss: 0.0000 | Train acc: 0.9961 | Valid acc: 0.9997 | patience: 194 | Epoch time: 29.2 |

2023-01-27 16:44:38,586 - INFO -
| Epoch:    275 | Train loss: 0.0000 | Valid loss: 0.0000 | Train acc: 0.9991 | Valid acc: 0.9990 | patience: 195 | Epoch time: 29.2 |

2023-01-27 16:45:07,779 - INFO -
| Epoch:    276 | Train loss: 0.0003 | Valid loss: 0.0000 | Train acc: 1.0000 | Valid acc: 1.0000 | patience: 196 | Epoch time: 29.2 |

2023-01-27 16:45:37,023 - INFO -
| Epoch:    277 | Train loss: 0.0106 | Valid loss: 0.0004 | Train acc: 0.9994 | Valid acc: 1.0000 | patience: 197 | Epoch time: 29.2 |

2023-01-27 16:46:06,245 - INFO -
| Epoch:    278 | Train loss: 0.0012 | Valid loss: 0.0002 | Train acc: 1.0000 | Valid acc: 0.9997 | patience: 198 | Epoch time: 29.2 |

2023-01-27 16:46:35,467 - INFO -
| Epoch:    279 | Train loss: 0.0025 | Valid loss: 0.0008 | Train acc: 1.0000 | Valid acc: 1.0000 | patience: 199 | Epoch time: 29.2 |

2023-01-27 16:47:04,638 - INFO -
| Epoch:    280 | Train loss: 0.0000 | Valid loss: 0.0030 | Train acc: 0.9969 | Valid acc: 1.0000 | patience: 200 | Epoch time: 29.2 |

2023-01-27 16:47:33,814 - INFO -
| Epoch:    281 | Train loss: 0.0011 | Valid loss: 0.0045 | Train acc: 1.0000 | Valid acc: 0.9990 | patience: 201 | Epoch time: 29.2 |

2023-01-27 16:48:03,005 - INFO -
| Epoch:    282 | Train loss: 0.0080 | Valid loss: 0.0009 | Train acc: 1.0000 | Valid acc: 0.9975 | patience: 202 | Epoch time: 29.2 |

2023-01-27 16:48:32,181 - INFO -
| Epoch:    283 | Train loss: 0.0000 | Valid loss: 0.0000 | Train acc: 0.9984 | Valid acc: 0.9983 | patience: 203 | Epoch time: 29.2 |

2023-01-27 16:49:01,377 - INFO -
| Epoch:    284 | Train loss: 0.0004 | Valid loss: 0.0000 | Train acc: 1.0000 | Valid acc: 0.9991 | patience: 204 | Epoch time: 29.2 |

2023-01-27 16:49:30,606 - INFO -
| Epoch:    285 | Train loss: 0.0036 | Valid loss: 0.0003 | Train acc: 0.9993 | Valid acc: 0.9987 | patience: 205 | Epoch time: 29.2 |

2023-01-27 16:49:59,812 - INFO -
| Epoch:    286 | Train loss: 0.0019 | Valid loss: 0.0057 | Train acc: 1.0000 | Valid acc: 0.9997 | patience: 206 | Epoch time: 29.2 |

2023-01-27 16:50:28,993 - INFO -
| Epoch:    287 | Train loss: 0.0000 | Valid loss: 0.0035 | Train acc: 0.9973 | Valid acc: 1.0000 | patience: 207 | Epoch time: 29.2 |

2023-01-27 16:50:58,221 - INFO -
| Epoch:    288 | Train loss: 0.0006 | Valid loss: 0.0004 | Train acc: 1.0000 | Valid acc: 1.0000 | patience: 208 | Epoch time: 29.2 |

2023-01-27 16:51:27,686 - INFO -
| Epoch:    289 | Train loss: 0.0007 | Valid loss: 0.0000 | Train acc: 1.0000 | Valid acc: 0.9995 | patience: 209 | Epoch time: 29.5 |

2023-01-27 16:51:56,863 - INFO -
| Epoch:    290 | Train loss: 0.0005 | Valid loss: 0.0040 | Train acc: 1.0000 | Valid acc: 1.0000 | patience: 210 | Epoch time: 29.2 |

2023-01-27 16:52:26,075 - INFO -
| Epoch:    291 | Train loss: 0.0006 | Valid loss: 0.0018 | Train acc: 0.9999 | Valid acc: 1.0000 | patience: 211 | Epoch time: 29.2 |

2023-01-27 16:52:55,280 - INFO -
| Epoch:    292 | Train loss: 0.0001 | Valid loss: 0.0000 | Train acc: 1.0000 | Valid acc: 0.9996 | patience: 212 | Epoch time: 29.2 |

2023-01-27 16:53:24,476 - INFO -
| Epoch:    293 | Train loss: 0.0005 | Valid loss: 0.0009 | Train acc: 1.0000 | Valid acc: 1.0000 | patience: 213 | Epoch time: 29.2 |

2023-01-27 16:53:53,683 - INFO -
| Epoch:    294 | Train loss: 0.0070 | Valid loss: 0.0018 | Train acc: 1.0000 | Valid acc: 1.0000 | patience: 214 | Epoch time: 29.2 |

2023-01-27 16:54:22,888 - INFO -
| Epoch:    295 | Train loss: 0.0008 | Valid loss: 0.0001 | Train acc: 1.0000 | Valid acc: 0.9995 | patience: 215 | Epoch time: 29.2 |

2023-01-27 16:54:52,118 - INFO -
| Epoch:    296 | Train loss: 0.0001 | Valid loss: 0.0000 | Train acc: 0.9993 | Valid acc: 0.9992 | patience: 216 | Epoch time: 29.2 |

2023-01-27 16:55:21,355 - INFO -
| Epoch:    297 | Train loss: 0.0012 | Valid loss: 0.0090 | Train acc: 1.0000 | Valid acc: 1.0000 | patience: 217 | Epoch time: 29.2 |

2023-01-27 16:55:50,575 - INFO -
| Epoch:    298 | Train loss: 0.0004 | Valid loss: 0.0090 | Train acc: 1.0000 | Valid acc: 1.0000 | patience: 218 | Epoch time: 29.2 |

2023-01-27 16:56:19,801 - INFO -
| Epoch:    299 | Train loss: 0.0000 | Valid loss: 0.0005 | Train acc: 1.0000 | Valid acc: 1.0000 | patience: 219 | Epoch time: 29.2 |

2023-01-27 16:56:49,040 - INFO -
| Epoch:    300 | Train loss: 0.0022 | Valid loss: 0.0009 | Train acc: 0.9953 | Valid acc: 1.0000 | patience: 220 | Epoch time: 29.2 |

2023-01-27 16:57:18,258 - INFO -
| Epoch:    301 | Train loss: 0.0000 | Valid loss: 0.0005 | Train acc: 1.0000 | Valid acc: 1.0000 | patience: 221 | Epoch time: 29.2 |

2023-01-27 16:57:47,471 - INFO -
| Epoch:    302 | Train loss: 0.0000 | Valid loss: 0.0033 | Train acc: 1.0000 | Valid acc: 0.9992 | patience: 222 | Epoch time: 29.2 |

2023-01-27 16:58:16,671 - INFO -
| Epoch:    303 | Train loss: 0.0004 | Valid loss: 0.0004 | Train acc: 1.0000 | Valid acc: 0.9993 | patience: 223 | Epoch time: 29.2 |

2023-01-27 16:58:45,859 - INFO -
| Epoch:    304 | Train loss: 0.0000 | Valid loss: 0.0004 | Train acc: 0.9987 | Valid acc: 1.0000 | patience: 224 | Epoch time: 29.2 |

2023-01-27 16:59:15,063 - INFO -
| Epoch:    305 | Train loss: 0.0004 | Valid loss: 0.0000 | Train acc: 1.0000 | Valid acc: 0.9992 | patience: 225 | Epoch time: 29.2 |

2023-01-27 16:59:44,276 - INFO -
| Epoch:    306 | Train loss: 0.0000 | Valid loss: 0.0008 | Train acc: 0.9995 | Valid acc: 0.9997 | patience: 226 | Epoch time: 29.2 |

2023-01-27 17:00:13,481 - INFO -
| Epoch:    307 | Train loss: 0.0088 | Valid loss: 0.0017 | Train acc: 0.9996 | Valid acc: 1.0000 | patience: 227 | Epoch time: 29.2 |

2023-01-27 17:00:42,661 - INFO -
| Epoch:    308 | Train loss: 0.0006 | Valid loss: 0.0016 | Train acc: 1.0000 | Valid acc: 0.9997 | patience: 228 | Epoch time: 29.2 |

2023-01-27 17:01:11,865 - INFO -
| Epoch:    309 | Train loss: 0.0000 | Valid loss: 0.0009 | Train acc: 1.0000 | Valid acc: 0.9995 | patience: 229 | Epoch time: 29.2 |

2023-01-27 17:01:41,049 - INFO -
| Epoch:    310 | Train loss: 0.0001 | Valid loss: 0.0000 | Train acc: 0.9992 | Valid acc: 1.0000 | patience: 230 | Epoch time: 29.2 |

2023-01-27 17:02:10,267 - INFO -
| Epoch:    311 | Train loss: 0.0001 | Valid loss: 0.0017 | Train acc: 0.9994 | Valid acc: 0.9975 | patience: 231 | Epoch time: 29.2 |

2023-01-27 17:02:39,478 - INFO -
| Epoch:    312 | Train loss: 0.0001 | Valid loss: 0.0008 | Train acc: 1.0000 | Valid acc: 1.0000 | patience: 232 | Epoch time: 29.2 |

2023-01-27 17:03:08,683 - INFO -
| Epoch:    313 | Train loss: 0.0004 | Valid loss: 0.0003 | Train acc: 0.9990 | Valid acc: 1.0000 | patience: 233 | Epoch time: 29.2 |

2023-01-27 17:03:37,890 - INFO -
| Epoch:    314 | Train loss: 0.0022 | Valid loss: 0.0000 | Train acc: 0.9999 | Valid acc: 1.0000 | patience: 234 | Epoch time: 29.2 |

2023-01-27 17:04:07,108 - INFO -
| Epoch:    315 | Train loss: 0.0053 | Valid loss: 0.0003 | Train acc: 1.0000 | Valid acc: 0.9986 | patience: 235 | Epoch time: 29.2 |

2023-01-27 17:04:36,310 - INFO -
| Epoch:    316 | Train loss: 0.0000 | Valid loss: 0.0005 | Train acc: 1.0000 | Valid acc: 1.0000 | patience: 236 | Epoch time: 29.2 |

2023-01-27 17:05:05,512 - INFO -
| Epoch:    317 | Train loss: 0.0010 | Valid loss: 0.0000 | Train acc: 1.0000 | Valid acc: 0.9983 | patience: 237 | Epoch time: 29.2 |

2023-01-27 17:05:34,713 - INFO -
| Epoch:    318 | Train loss: 0.0000 | Valid loss: 0.0000 | Train acc: 1.0000 | Valid acc: 1.0000 | patience: 238 | Epoch time: 29.2 |

2023-01-27 17:06:03,975 - INFO -
| Epoch:    319 | Train loss: 0.0002 | Valid loss: 0.0000 | Train acc: 0.9994 | Valid acc: 1.0000 | patience: 239 | Epoch time: 29.3 |

2023-01-27 17:06:33,173 - INFO -
| Epoch:    320 | Train loss: 0.0005 | Valid loss: 0.0006 | Train acc: 1.0000 | Valid acc: 0.9986 | patience: 240 | Epoch time: 29.2 |

2023-01-27 17:07:02,369 - INFO -
| Epoch:    321 | Train loss: 0.0007 | Valid loss: 0.0001 | Train acc: 1.0000 | Valid acc: 1.0000 | patience: 241 | Epoch time: 29.2 |

2023-01-27 17:07:31,623 - INFO -
| Epoch:    322 | Train loss: 0.0001 | Valid loss: 0.0011 | Train acc: 0.9997 | Valid acc: 0.9997 | patience: 242 | Epoch time: 29.3 |

2023-01-27 17:08:00,855 - INFO -
| Epoch:    323 | Train loss: 0.0003 | Valid loss: 0.0001 | Train acc: 1.0000 | Valid acc: 1.0000 | patience: 243 | Epoch time: 29.2 |

2023-01-27 17:08:30,079 - INFO -
| Epoch:    324 | Train loss: 0.0100 | Valid loss: 0.0027 | Train acc: 1.0000 | Valid acc: 1.0000 | patience: 244 | Epoch time: 29.2 |

2023-01-27 17:08:59,314 - INFO -
| Epoch:    325 | Train loss: 0.0005 | Valid loss: 0.0014 | Train acc: 0.9999 | Valid acc: 0.9998 | patience: 245 | Epoch time: 29.2 |

2023-01-27 17:09:28,526 - INFO -
| Epoch:    326 | Train loss: 0.0000 | Valid loss: 0.0033 | Train acc: 1.0000 | Valid acc: 1.0000 | patience: 246 | Epoch time: 29.2 |

2023-01-27 17:09:57,744 - INFO -
| Epoch:    327 | Train loss: 0.0027 | Valid loss: 0.0013 | Train acc: 0.9991 | Valid acc: 1.0000 | patience: 247 | Epoch time: 29.2 |

2023-01-27 17:10:27,225 - INFO -
| Epoch:    328 | Train loss: 0.0000 | Valid loss: 0.0008 | Train acc: 1.0000 | Valid acc: 1.0000 | patience: 248 | Epoch time: 29.5 |

2023-01-27 17:10:56,425 - INFO -
| Epoch:    329 | Train loss: 0.0002 | Valid loss: 0.0000 | Train acc: 0.9995 | Valid acc: 1.0000 | patience: 249 | Epoch time: 29.2 |

2023-01-27 17:11:25,641 - INFO -
| Epoch:    330 | Train loss: 0.0010 | Valid loss: 0.0000 | Train acc: 1.0000 | Valid acc: 0.9994 | patience: 250 | Epoch time: 29.2 |

2023-01-27 17:11:54,859 - INFO -
| Epoch:    331 | Train loss: 0.0000 | Valid loss: 0.0001 | Train acc: 1.0000 | Valid acc: 1.0000 | patience: 251 | Epoch time: 29.2 |

2023-01-27 17:12:24,093 - INFO -
| Epoch:    332 | Train loss: 0.0026 | Valid loss: 0.0013 | Train acc: 1.0000 | Valid acc: 0.9966 | patience: 252 | Epoch time: 29.2 |

2023-01-27 17:12:53,316 - INFO -
| Epoch:    333 | Train loss: 0.0007 | Valid loss: 0.0006 | Train acc: 0.9996 | Valid acc: 1.0000 | patience: 253 | Epoch time: 29.2 |

2023-01-27 17:13:22,512 - INFO -
| Epoch:    334 | Train loss: 0.0000 | Valid loss: 0.0000 | Train acc: 1.0000 | Valid acc: 1.0000 | patience: 254 | Epoch time: 29.2 |

2023-01-27 17:13:51,733 - INFO -
| Epoch:    335 | Train loss: 0.0098 | Valid loss: 0.0039 | Train acc: 0.9994 | Valid acc: 0.9975 | patience: 255 | Epoch time: 29.2 |

2023-01-27 17:14:21,012 - INFO -
| Epoch:    336 | Train loss: 0.0000 | Valid loss: 0.0022 | Train acc: 0.9984 | Valid acc: 1.0000 | patience: 256 | Epoch time: 29.2 |

2023-01-27 17:14:50,265 - INFO -
| Epoch:    337 | Train loss: 0.0007 | Valid loss: 0.0028 | Train acc: 0.9995 | Valid acc: 0.9988 | patience: 257 | Epoch time: 29.2 |

2023-01-27 17:15:19,481 - INFO -
| Epoch:    338 | Train loss: 0.0015 | Valid loss: 0.0000 | Train acc: 1.0000 | Valid acc: 1.0000 | patience: 258 | Epoch time: 29.2 |

2023-01-27 17:15:48,724 - INFO -
| Epoch:    339 | Train loss: 0.0000 | Valid loss: 0.0085 | Train acc: 1.0000 | Valid acc: 0.9979 | patience: 259 | Epoch time: 29.2 |

2023-01-27 17:16:17,977 - INFO -
| Epoch:    340 | Train loss: 0.0000 | Valid loss: 0.0059 | Train acc: 0.9961 | Valid acc: 1.0000 | patience: 260 | Epoch time: 29.2 |

2023-01-27 17:16:47,242 - INFO -
| Epoch:    341 | Train loss: 0.0004 | Valid loss: 0.0004 | Train acc: 0.9973 | Valid acc: 0.9994 | patience: 261 | Epoch time: 29.2 |

2023-01-27 17:17:16,449 - INFO -
| Epoch:    342 | Train loss: 0.0001 | Valid loss: 0.0002 | Train acc: 1.0000 | Valid acc: 1.0000 | patience: 262 | Epoch time: 29.2 |

2023-01-27 17:17:45,675 - INFO -
| Epoch:    343 | Train loss: 0.0000 | Valid loss: 0.0034 | Train acc: 0.9981 | Valid acc: 0.9979 | patience: 263 | Epoch time: 29.2 |

2023-01-27 17:18:14,905 - INFO -
| Epoch:    344 | Train loss: 0.0006 | Valid loss: 0.0002 | Train acc: 0.9992 | Valid acc: 0.9988 | patience: 264 | Epoch time: 29.2 |

2023-01-27 17:18:44,128 - INFO -
| Epoch:    345 | Train loss: 0.0000 | Valid loss: 0.0000 | Train acc: 0.9999 | Valid acc: 1.0000 | patience: 265 | Epoch time: 29.2 |

2023-01-27 17:19:13,354 - INFO -
| Epoch:    346 | Train loss: 0.0000 | Valid loss: 0.0024 | Train acc: 1.0000 | Valid acc: 0.9983 | patience: 266 | Epoch time: 29.2 |

2023-01-27 17:19:44,892 - INFO -
| Epoch:    347 | Train loss: 0.0018 | Valid loss: 0.0030 | Train acc: 0.9996 | Valid acc: 0.9992 | patience: 267 | Epoch time: 31.5 |

2023-01-27 17:20:14,673 - INFO -
| Epoch:    348 | Train loss: 0.0001 | Valid loss: 0.0002 | Train acc: 0.9986 | Valid acc: 1.0000 | patience: 268 | Epoch time: 29.8 |

2023-01-27 17:20:44,168 - INFO -
| Epoch:    349 | Train loss: 0.0000 | Valid loss: 0.0000 | Train acc: 1.0000 | Valid acc: 1.0000 | patience: 269 | Epoch time: 29.5 |

2023-01-27 17:21:13,376 - INFO -
| Epoch:    350 | Train loss: 0.0000 | Valid loss: 0.0000 | Train acc: 0.9997 | Valid acc: 1.0000 | patience: 270 | Epoch time: 29.2 |

2023-01-27 17:21:42,574 - INFO -
| Epoch:    351 | Train loss: 0.0000 | Valid loss: 0.0000 | Train acc: 0.9974 | Valid acc: 1.0000 | patience: 271 | Epoch time: 29.2 |

2023-01-27 17:22:11,769 - INFO -
| Epoch:    352 | Train loss: 0.0000 | Valid loss: 0.0001 | Train acc: 0.9984 | Valid acc: 1.0000 | patience: 272 | Epoch time: 29.2 |

2023-01-27 17:22:40,970 - INFO -
| Epoch:    353 | Train loss: 0.0001 | Valid loss: 0.0000 | Train acc: 0.9979 | Valid acc: 1.0000 | patience: 273 | Epoch time: 29.2 |

2023-01-27 17:23:10,216 - INFO -
| Epoch:    354 | Train loss: 0.0000 | Valid loss: 0.0008 | Train acc: 0.9970 | Valid acc: 1.0000 | patience: 274 | Epoch time: 29.2 |

2023-01-27 17:23:39,449 - INFO -
| Epoch:    355 | Train loss: 0.0056 | Valid loss: 0.0049 | Train acc: 0.9991 | Valid acc: 1.0000 | patience: 275 | Epoch time: 29.2 |

2023-01-27 17:24:08,695 - INFO -
| Epoch:    356 | Train loss: 0.0006 | Valid loss: 0.0002 | Train acc: 1.0000 | Valid acc: 0.9979 | patience: 276 | Epoch time: 29.2 |

2023-01-27 17:24:37,926 - INFO -
| Epoch:    357 | Train loss: 0.0036 | Valid loss: 0.0003 | Train acc: 1.0000 | Valid acc: 1.0000 | patience: 277 | Epoch time: 29.2 |

2023-01-27 17:25:07,153 - INFO -
| Epoch:    358 | Train loss: 0.0000 | Valid loss: 0.0000 | Train acc: 0.9979 | Valid acc: 1.0000 | patience: 278 | Epoch time: 29.2 |

2023-01-27 17:25:36,358 - INFO -
| Epoch:    359 | Train loss: 0.0003 | Valid loss: 0.0006 | Train acc: 1.0000 | Valid acc: 1.0000 | patience: 279 | Epoch time: 29.2 |

2023-01-27 17:26:05,660 - INFO -
| Epoch:    360 | Train loss: 0.0000 | Valid loss: 0.0011 | Train acc: 1.0000 | Valid acc: 0.9997 | patience: 280 | Epoch time: 29.3 |

2023-01-27 17:26:34,882 - INFO -
| Epoch:    361 | Train loss: 0.0002 | Valid loss: 0.0009 | Train acc: 1.0000 | Valid acc: 1.0000 | patience: 281 | Epoch time: 29.2 |

2023-01-27 17:27:04,069 - INFO -
| Epoch:    362 | Train loss: 0.0004 | Valid loss: 0.0016 | Train acc: 0.9966 | Valid acc: 1.0000 | patience: 282 | Epoch time: 29.2 |

2023-01-27 17:27:33,260 - INFO -
| Epoch:    363 | Train loss: 0.0005 | Valid loss: 0.0009 | Train acc: 0.9994 | Valid acc: 1.0000 | patience: 283 | Epoch time: 29.2 |

2023-01-27 17:28:02,487 - INFO -
| Epoch:    364 | Train loss: 0.0004 | Valid loss: 0.0000 | Train acc: 0.9994 | Valid acc: 1.0000 | patience: 284 | Epoch time: 29.2 |

2023-01-27 17:28:31,694 - INFO -
| Epoch:    365 | Train loss: 0.0002 | Valid loss: 0.0024 | Train acc: 0.9991 | Valid acc: 0.9995 | patience: 285 | Epoch time: 29.2 |

2023-01-27 17:29:00,876 - INFO -
| Epoch:    366 | Train loss: 0.0000 | Valid loss: 0.0007 | Train acc: 1.0000 | Valid acc: 1.0000 | patience: 286 | Epoch time: 29.2 |

2023-01-27 17:29:30,082 - INFO -
| Epoch:    367 | Train loss: 0.0001 | Valid loss: 0.0030 | Train acc: 0.9985 | Valid acc: 0.9984 | patience: 287 | Epoch time: 29.2 |

2023-01-27 17:29:59,281 - INFO -
| Epoch:    368 | Train loss: 0.0000 | Valid loss: 0.0028 | Train acc: 1.0000 | Valid acc: 1.0000 | patience: 288 | Epoch time: 29.2 |

2023-01-27 17:30:28,502 - INFO -
| Epoch:    369 | Train loss: 0.0001 | Valid loss: 0.0048 | Train acc: 0.9991 | Valid acc: 0.9942 | patience: 289 | Epoch time: 29.2 |

2023-01-27 17:30:57,719 - INFO -
| Epoch:    370 | Train loss: 0.0000 | Valid loss: 0.0000 | Train acc: 0.9999 | Valid acc: 1.0000 | patience: 290 | Epoch time: 29.2 |

2023-01-27 17:31:26,965 - INFO -
| Epoch:    371 | Train loss: 0.0019 | Valid loss: 0.0007 | Train acc: 1.0000 | Valid acc: 0.9979 | patience: 291 | Epoch time: 29.2 |

2023-01-27 17:31:56,202 - INFO -
| Epoch:    372 | Train loss: 0.0001 | Valid loss: 0.0026 | Train acc: 0.9966 | Valid acc: 0.9956 | patience: 292 | Epoch time: 29.2 |

2023-01-27 17:32:25,437 - INFO -
| Epoch:    373 | Train loss: 0.0002 | Valid loss: 0.0000 | Train acc: 0.9991 | Valid acc: 0.9995 | patience: 293 | Epoch time: 29.2 |

2023-01-27 17:32:54,638 - INFO -
| Epoch:    374 | Train loss: 0.0001 | Valid loss: 0.0035 | Train acc: 1.0000 | Valid acc: 1.0000 | patience: 294 | Epoch time: 29.2 |

2023-01-27 17:33:23,840 - INFO -
| Epoch:    375 | Train loss: 0.0024 | Valid loss: 0.0067 | Train acc: 1.0000 | Valid acc: 1.0000 | patience: 295 | Epoch time: 29.2 |

2023-01-27 17:33:53,041 - INFO -
| Epoch:    376 | Train loss: 0.0075 | Valid loss: 0.0003 | Train acc: 0.9991 | Valid acc: 0.9984 | patience: 296 | Epoch time: 29.2 |

2023-01-27 17:34:22,245 - INFO -
| Epoch:    377 | Train loss: 0.0000 | Valid loss: 0.0000 | Train acc: 1.0000 | Valid acc: 1.0000 | patience: 297 | Epoch time: 29.2 |

2023-01-27 17:34:51,433 - INFO -
| Epoch:    378 | Train loss: 0.0004 | Valid loss: 0.0006 | Train acc: 1.0000 | Valid acc: 1.0000 | patience: 298 | Epoch time: 29.2 |

2023-01-27 17:35:20,655 - INFO -
| Epoch:    379 | Train loss: 0.0021 | Valid loss: 0.0009 | Train acc: 0.9994 | Valid acc: 1.0000 | patience: 299 | Epoch time: 29.2 |

2023-01-27 17:35:49,865 - INFO -
| Epoch:    380 | Train loss: 0.0005 | Valid loss: 0.0009 | Train acc: 0.9999 | Valid acc: 1.0000 | patience: 300 | Epoch time: 29.2 |

2023-01-27 17:36:19,103 - INFO -
| Epoch:    381 | Train loss: 0.0003 | Valid loss: 0.0000 | Train acc: 1.0000 | Valid acc: 1.0000 | patience: 301 | Epoch time: 29.2 |

2023-01-27 17:36:48,341 - INFO -
| Epoch:    382 | Train loss: 0.0009 | Valid loss: 0.0094 | Train acc: 1.0000 | Valid acc: 1.0000 | patience: 302 | Epoch time: 29.2 |

2023-01-27 17:37:17,571 - INFO -
| Epoch:    383 | Train loss: 0.0022 | Valid loss: 0.0006 | Train acc: 1.0000 | Valid acc: 1.0000 | patience: 303 | Epoch time: 29.2 |

2023-01-27 17:37:46,834 - INFO -
| Epoch:    384 | Train loss: 0.0000 | Valid loss: 0.0000 | Train acc: 1.0000 | Valid acc: 0.9996 | patience: 304 | Epoch time: 29.3 |

2023-01-27 17:38:16,018 - INFO -
| Epoch:    385 | Train loss: 0.0001 | Valid loss: 0.0005 | Train acc: 1.0000 | Valid acc: 1.0000 | patience: 305 | Epoch time: 29.2 |

2023-01-27 17:38:45,209 - INFO -
| Epoch:    386 | Train loss: 0.0015 | Valid loss: 0.0002 | Train acc: 1.0000 | Valid acc: 0.9993 | patience: 306 | Epoch time: 29.2 |

2023-01-27 17:39:14,447 - INFO -
| Epoch:    387 | Train loss: 0.0002 | Valid loss: 0.0000 | Train acc: 1.0000 | Valid acc: 0.9987 | patience: 307 | Epoch time: 29.2 |

2023-01-27 17:39:43,914 - INFO -
| Epoch:    388 | Train loss: 0.0000 | Valid loss: 0.0000 | Train acc: 1.0000 | Valid acc: 1.0000 | patience: 308 | Epoch time: 29.5 |

2023-01-27 17:40:13,142 - INFO -
| Epoch:    389 | Train loss: 0.0000 | Valid loss: 0.0004 | Train acc: 0.9966 | Valid acc: 0.9995 | patience: 309 | Epoch time: 29.2 |

2023-01-27 17:40:42,360 - INFO -
| Epoch:    390 | Train loss: 0.0000 | Valid loss: 0.0008 | Train acc: 1.0000 | Valid acc: 1.0000 | patience: 310 | Epoch time: 29.2 |

2023-01-27 17:41:11,565 - INFO -
| Epoch:    391 | Train loss: 0.0004 | Valid loss: 0.0023 | Train acc: 0.9999 | Valid acc: 1.0000 | patience: 311 | Epoch time: 29.2 |

2023-01-27 17:41:40,734 - INFO -
| Epoch:    392 | Train loss: 0.0000 | Valid loss: 0.0001 | Train acc: 0.9994 | Valid acc: 1.0000 | patience: 312 | Epoch time: 29.2 |

2023-01-27 17:42:09,948 - INFO -
| Epoch:    393 | Train loss: 0.0001 | Valid loss: 0.0058 | Train acc: 1.0000 | Valid acc: 1.0000 | patience: 313 | Epoch time: 29.2 |

2023-01-27 17:42:39,146 - INFO -
| Epoch:    394 | Train loss: 0.0007 | Valid loss: 0.0016 | Train acc: 1.0000 | Valid acc: 0.9998 | patience: 314 | Epoch time: 29.2 |

2023-01-27 17:43:08,350 - INFO -
| Epoch:    395 | Train loss: 0.0003 | Valid loss: 0.0003 | Train acc: 1.0000 | Valid acc: 0.9980 | patience: 315 | Epoch time: 29.2 |

2023-01-27 17:43:37,535 - INFO -
| Epoch:    396 | Train loss: 0.0035 | Valid loss: 0.0001 | Train acc: 0.9987 | Valid acc: 0.9997 | patience: 316 | Epoch time: 29.2 |

2023-01-27 17:44:06,724 - INFO -
| Epoch:    397 | Train loss: 0.0013 | Valid loss: 0.0000 | Train acc: 1.0000 | Valid acc: 1.0000 | patience: 317 | Epoch time: 29.2 |

2023-01-27 17:44:35,980 - INFO -
| Epoch:    398 | Train loss: 0.0012 | Valid loss: 0.0011 | Train acc: 0.9987 | Valid acc: 0.9966 | patience: 318 | Epoch time: 29.3 |

2023-01-27 17:45:05,217 - INFO -
| Epoch:    399 | Train loss: 0.0008 | Valid loss: 0.0005 | Train acc: 0.9990 | Valid acc: 0.9992 | patience: 319 | Epoch time: 29.2 |

2023-01-27 17:45:34,404 - INFO -
| Epoch:    400 | Train loss: 0.0028 | Valid loss: 0.0000 | Train acc: 0.9982 | Valid acc: 1.0000 | patience: 320 | Epoch time: 29.2 |

2023-01-27 17:46:03,605 - INFO -
| Epoch:    401 | Train loss: 0.0020 | Valid loss: 0.0001 | Train acc: 0.9995 | Valid acc: 0.9994 | patience: 321 | Epoch time: 29.2 |

2023-01-27 17:46:32,809 - INFO -
| Epoch:    402 | Train loss: 0.0037 | Valid loss: 0.0017 | Train acc: 1.0000 | Valid acc: 1.0000 | patience: 322 | Epoch time: 29.2 |

2023-01-27 17:47:01,985 - INFO -
| Epoch:    403 | Train loss: 0.0004 | Valid loss: 0.0000 | Train acc: 1.0000 | Valid acc: 1.0000 | patience: 323 | Epoch time: 29.2 |

2023-01-27 17:47:31,183 - INFO -
| Epoch:    404 | Train loss: 0.0071 | Valid loss: 0.0000 | Train acc: 0.9993 | Valid acc: 0.9990 | patience: 324 | Epoch time: 29.2 |

2023-01-27 17:48:00,374 - INFO -
| Epoch:    405 | Train loss: 0.0000 | Valid loss: 0.0000 | Train acc: 0.9999 | Valid acc: 0.9979 | patience: 325 | Epoch time: 29.2 |

2023-01-27 17:48:29,569 - INFO -
| Epoch:    406 | Train loss: 0.0004 | Valid loss: 0.0018 | Train acc: 1.0000 | Valid acc: 0.9996 | patience: 326 | Epoch time: 29.2 |

2023-01-27 17:48:58,789 - INFO -
| Epoch:    407 | Train loss: 0.0008 | Valid loss: 0.0000 | Train acc: 1.0000 | Valid acc: 0.9997 | patience: 327 | Epoch time: 29.2 |

2023-01-27 17:49:28,022 - INFO -
| Epoch:    408 | Train loss: 0.0002 | Valid loss: 0.0001 | Train acc: 0.9999 | Valid acc: 0.9982 | patience: 328 | Epoch time: 29.2 |

2023-01-27 17:49:57,480 - INFO -
| Epoch:    409 | Train loss: 0.0019 | Valid loss: 0.0018 | Train acc: 1.0000 | Valid acc: 1.0000 | patience: 329 | Epoch time: 29.5 |

2023-01-27 17:50:26,696 - INFO -
| Epoch:    410 | Train loss: 0.0017 | Valid loss: 0.0000 | Train acc: 1.0000 | Valid acc: 0.9984 | patience: 330 | Epoch time: 29.2 |

2023-01-27 17:50:55,918 - INFO -
| Epoch:    411 | Train loss: 0.0011 | Valid loss: 0.0000 | Train acc: 0.9998 | Valid acc: 0.9990 | patience: 331 | Epoch time: 29.2 |

2023-01-27 17:51:25,140 - INFO -
| Epoch:    412 | Train loss: 0.0066 | Valid loss: 0.0000 | Train acc: 1.0000 | Valid acc: 0.9963 | patience: 332 | Epoch time: 29.2 |

2023-01-27 17:51:54,311 - INFO -
| Epoch:    413 | Train loss: 0.0000 | Valid loss: 0.0002 | Train acc: 0.9962 | Valid acc: 1.0000 | patience: 333 | Epoch time: 29.2 |

2023-01-27 17:52:23,511 - INFO -
| Epoch:    414 | Train loss: 0.0000 | Valid loss: 0.0010 | Train acc: 1.0000 | Valid acc: 1.0000 | patience: 334 | Epoch time: 29.2 |

2023-01-27 17:52:52,745 - INFO -
| Epoch:    415 | Train loss: 0.0000 | Valid loss: 0.0007 | Train acc: 0.9986 | Valid acc: 0.9982 | patience: 335 | Epoch time: 29.2 |

2023-01-27 17:53:22,019 - INFO -
| Epoch:    416 | Train loss: 0.0000 | Valid loss: 0.0038 | Train acc: 0.9977 | Valid acc: 1.0000 | patience: 336 | Epoch time: 29.3 |

2023-01-27 17:53:51,225 - INFO -
| Epoch:    417 | Train loss: 0.0000 | Valid loss: 0.0006 | Train acc: 1.0000 | Valid acc: 0.9997 | patience: 337 | Epoch time: 29.2 |

2023-01-27 17:54:20,417 - INFO -
| Epoch:    418 | Train loss: 0.0000 | Valid loss: 0.0019 | Train acc: 0.9997 | Valid acc: 0.9990 | patience: 338 | Epoch time: 29.2 |

2023-01-27 17:54:49,607 - INFO -
| Epoch:    419 | Train loss: 0.0004 | Valid loss: 0.0008 | Train acc: 1.0000 | Valid acc: 1.0000 | patience: 339 | Epoch time: 29.2 |

2023-01-27 17:55:18,801 - INFO -
| Epoch:    420 | Train loss: 0.0000 | Valid loss: 0.0001 | Train acc: 0.9983 | Valid acc: 0.9995 | patience: 340 | Epoch time: 29.2 |

2023-01-27 17:55:47,997 - INFO -
| Epoch:    421 | Train loss: 0.0000 | Valid loss: 0.0000 | Train acc: 0.9998 | Valid acc: 0.9990 | patience: 341 | Epoch time: 29.2 |

2023-01-27 17:56:17,196 - INFO -
| Epoch:    422 | Train loss: 0.0048 | Valid loss: 0.0000 | Train acc: 0.9993 | Valid acc: 1.0000 | patience: 342 | Epoch time: 29.2 |

2023-01-27 17:56:46,405 - INFO -
| Epoch:    423 | Train loss: 0.0005 | Valid loss: 0.0049 | Train acc: 1.0000 | Valid acc: 1.0000 | patience: 343 | Epoch time: 29.2 |

2023-01-27 17:57:15,612 - INFO -
| Epoch:    424 | Train loss: 0.0000 | Valid loss: 0.0014 | Train acc: 0.9987 | Valid acc: 1.0000 | patience: 344 | Epoch time: 29.2 |

2023-01-27 17:57:44,830 - INFO -
| Epoch:    425 | Train loss: 0.0004 | Valid loss: 0.0001 | Train acc: 0.9999 | Valid acc: 0.9997 | patience: 345 | Epoch time: 29.2 |

2023-01-27 17:58:14,043 - INFO -
| Epoch:    426 | Train loss: 0.0016 | Valid loss: 0.0003 | Train acc: 0.9990 | Valid acc: 1.0000 | patience: 346 | Epoch time: 29.2 |

2023-01-27 17:58:43,249 - INFO -
| Epoch:    427 | Train loss: 0.0000 | Valid loss: 0.0017 | Train acc: 0.9996 | Valid acc: 1.0000 | patience: 347 | Epoch time: 29.2 |

2023-01-27 17:59:12,432 - INFO -
| Epoch:    428 | Train loss: 0.0004 | Valid loss: 0.0000 | Train acc: 0.9987 | Valid acc: 1.0000 | patience: 348 | Epoch time: 29.2 |

2023-01-27 17:59:41,664 - INFO -
| Epoch:    429 | Train loss: 0.0002 | Valid loss: 0.0029 | Train acc: 0.9994 | Valid acc: 0.9997 | patience: 349 | Epoch time: 29.2 |

2023-01-27 18:00:10,861 - INFO -
| Epoch:    430 | Train loss: 0.0001 | Valid loss: 0.0000 | Train acc: 1.0000 | Valid acc: 1.0000 | patience: 350 | Epoch time: 29.2 |

2023-01-27 18:00:40,073 - INFO -
| Epoch:    431 | Train loss: 0.0007 | Valid loss: 0.0015 | Train acc: 0.9986 | Valid acc: 0.9986 | patience: 351 | Epoch time: 29.2 |

2023-01-27 18:01:09,267 - INFO -
| Epoch:    432 | Train loss: 0.0005 | Valid loss: 0.0003 | Train acc: 1.0000 | Valid acc: 1.0000 | patience: 352 | Epoch time: 29.2 |

2023-01-27 18:01:38,479 - INFO -
| Epoch:    433 | Train loss: 0.0000 | Valid loss: 0.0000 | Train acc: 1.0000 | Valid acc: 0.9950 | patience: 353 | Epoch time: 29.2 |

2023-01-27 18:02:07,676 - INFO -
| Epoch:    434 | Train loss: 0.0000 | Valid loss: 0.0000 | Train acc: 0.9996 | Valid acc: 1.0000 | patience: 354 | Epoch time: 29.2 |

2023-01-27 18:02:36,880 - INFO -
| Epoch:    435 | Train loss: 0.0000 | Valid loss: 0.0038 | Train acc: 0.9977 | Valid acc: 1.0000 | patience: 355 | Epoch time: 29.2 |

2023-01-27 18:03:06,067 - INFO -
| Epoch:    436 | Train loss: 0.0000 | Valid loss: 0.0012 | Train acc: 1.0000 | Valid acc: 1.0000 | patience: 356 | Epoch time: 29.2 |

2023-01-27 18:03:35,255 - INFO -
| Epoch:    437 | Train loss: 0.0008 | Valid loss: 0.0001 | Train acc: 1.0000 | Valid acc: 1.0000 | patience: 357 | Epoch time: 29.2 |

2023-01-27 18:04:04,457 - INFO -
| Epoch:    438 | Train loss: 0.0000 | Valid loss: 0.0000 | Train acc: 1.0000 | Valid acc: 0.9998 | patience: 358 | Epoch time: 29.2 |

2023-01-27 18:04:33,683 - INFO -
| Epoch:    439 | Train loss: 0.0000 | Valid loss: 0.0001 | Train acc: 0.9994 | Valid acc: 0.9992 | patience: 359 | Epoch time: 29.2 |

2023-01-27 18:05:02,853 - INFO -
| Epoch:    440 | Train loss: 0.0000 | Valid loss: 0.0004 | Train acc: 1.0000 | Valid acc: 1.0000 | patience: 360 | Epoch time: 29.2 |

2023-01-27 18:05:32,057 - INFO -
| Epoch:    441 | Train loss: 0.0000 | Valid loss: 0.0000 | Train acc: 1.0000 | Valid acc: 0.9998 | patience: 361 | Epoch time: 29.2 |

2023-01-27 18:06:01,272 - INFO -
| Epoch:    442 | Train loss: 0.0000 | Valid loss: 0.0032 | Train acc: 1.0000 | Valid acc: 0.9987 | patience: 362 | Epoch time: 29.2 |

2023-01-27 18:06:30,474 - INFO -
| Epoch:    443 | Train loss: 0.0001 | Valid loss: 0.0000 | Train acc: 0.9992 | Valid acc: 1.0000 | patience: 363 | Epoch time: 29.2 |

2023-01-27 18:06:59,667 - INFO -
| Epoch:    444 | Train loss: 0.0034 | Valid loss: 0.0000 | Train acc: 1.0000 | Valid acc: 0.9988 | patience: 364 | Epoch time: 29.2 |

2023-01-27 18:07:28,881 - INFO -
| Epoch:    445 | Train loss: 0.0006 | Valid loss: 0.0013 | Train acc: 0.9992 | Valid acc: 0.9997 | patience: 365 | Epoch time: 29.2 |

2023-01-27 18:07:58,142 - INFO -
| Epoch:    446 | Train loss: 0.0047 | Valid loss: 0.0002 | Train acc: 0.9997 | Valid acc: 1.0000 | patience: 366 | Epoch time: 29.3 |

2023-01-27 18:08:27,352 - INFO -
| Epoch:    447 | Train loss: 0.0009 | Valid loss: 0.0004 | Train acc: 1.0000 | Valid acc: 0.9994 | patience: 367 | Epoch time: 29.2 |

2023-01-27 18:08:56,816 - INFO -
| Epoch:    448 | Train loss: 0.0032 | Valid loss: 0.0000 | Train acc: 1.0000 | Valid acc: 0.9997 | patience: 368 | Epoch time: 29.5 |

2023-01-27 18:09:26,055 - INFO -
| Epoch:    449 | Train loss: 0.0004 | Valid loss: 0.0014 | Train acc: 1.0000 | Valid acc: 0.9997 | patience: 369 | Epoch time: 29.2 |

2023-01-27 18:09:55,228 - INFO -
| Epoch:    450 | Train loss: 0.0022 | Valid loss: 0.0016 | Train acc: 0.9957 | Valid acc: 0.9986 | patience: 370 | Epoch time: 29.2 |

2023-01-27 18:10:24,420 - INFO -
| Epoch:    451 | Train loss: 0.0000 | Valid loss: 0.0000 | Train acc: 1.0000 | Valid acc: 1.0000 | patience: 371 | Epoch time: 29.2 |

2023-01-27 18:10:53,614 - INFO -
| Epoch:    452 | Train loss: 0.0001 | Valid loss: 0.0001 | Train acc: 1.0000 | Valid acc: 1.0000 | patience: 372 | Epoch time: 29.2 |

2023-01-27 18:11:22,871 - INFO -
| Epoch:    453 | Train loss: 0.0002 | Valid loss: 0.0017 | Train acc: 0.9997 | Valid acc: 1.0000 | patience: 373 | Epoch time: 29.3 |

2023-01-27 18:11:52,035 - INFO -
| Epoch:    454 | Train loss: 0.0019 | Valid loss: 0.0003 | Train acc: 0.9997 | Valid acc: 0.9994 | patience: 374 | Epoch time: 29.2 |

2023-01-27 18:12:21,242 - INFO -
| Epoch:    455 | Train loss: 0.0023 | Valid loss: 0.0025 | Train acc: 0.9984 | Valid acc: 1.0000 | patience: 375 | Epoch time: 29.2 |

2023-01-27 18:12:50,420 - INFO -
| Epoch:    456 | Train loss: 0.0001 | Valid loss: 0.0003 | Train acc: 1.0000 | Valid acc: 1.0000 | patience: 376 | Epoch time: 29.2 |

2023-01-27 18:13:19,622 - INFO -
| Epoch:    457 | Train loss: 0.0001 | Valid loss: 0.0000 | Train acc: 1.0000 | Valid acc: 1.0000 | patience: 377 | Epoch time: 29.2 |

2023-01-27 18:13:48,807 - INFO -
| Epoch:    458 | Train loss: 0.0014 | Valid loss: 0.0000 | Train acc: 1.0000 | Valid acc: 1.0000 | patience: 378 | Epoch time: 29.2 |

2023-01-27 18:14:18,011 - INFO -
| Epoch:    459 | Train loss: 0.0010 | Valid loss: 0.0001 | Train acc: 1.0000 | Valid acc: 0.9995 | patience: 379 | Epoch time: 29.2 |

2023-01-27 18:14:47,194 - INFO -
| Epoch:    460 | Train loss: 0.0000 | Valid loss: 0.0000 | Train acc: 1.0000 | Valid acc: 1.0000 | patience: 380 | Epoch time: 29.2 |

2023-01-27 18:15:16,366 - INFO -
| Epoch:    461 | Train loss: 0.0002 | Valid loss: 0.0000 | Train acc: 1.0000 | Valid acc: 1.0000 | patience: 381 | Epoch time: 29.2 |

2023-01-27 18:15:45,543 - INFO -
| Epoch:    462 | Train loss: 0.0000 | Valid loss: 0.0000 | Train acc: 0.9990 | Valid acc: 1.0000 | patience: 382 | Epoch time: 29.2 |

2023-01-27 18:16:14,735 - INFO -
| Epoch:    463 | Train loss: 0.0000 | Valid loss: 0.0000 | Train acc: 1.0000 | Valid acc: 0.9995 | patience: 383 | Epoch time: 29.2 |

2023-01-27 18:16:43,958 - INFO -
| Epoch:    464 | Train loss: 0.0000 | Valid loss: 0.0000 | Train acc: 1.0000 | Valid acc: 1.0000 | patience: 384 | Epoch time: 29.2 |

2023-01-27 18:17:13,116 - INFO -
| Epoch:    465 | Train loss: 0.0008 | Valid loss: 0.0016 | Train acc: 1.0000 | Valid acc: 1.0000 | patience: 385 | Epoch time: 29.2 |

2023-01-27 18:17:42,305 - INFO -
| Epoch:    466 | Train loss: 0.0030 | Valid loss: 0.0000 | Train acc: 0.9984 | Valid acc: 1.0000 | patience: 386 | Epoch time: 29.2 |

2023-01-27 18:18:11,491 - INFO -
| Epoch:    467 | Train loss: 0.0004 | Valid loss: 0.0000 | Train acc: 1.0000 | Valid acc: 1.0000 | patience: 387 | Epoch time: 29.2 |

2023-01-27 18:18:40,690 - INFO -
| Epoch:    468 | Train loss: 0.0003 | Valid loss: 0.0083 | Train acc: 1.0000 | Valid acc: 1.0000 | patience: 388 | Epoch time: 29.2 |

2023-01-27 18:19:10,148 - INFO -
| Epoch:    469 | Train loss: 0.0000 | Valid loss: 0.0000 | Train acc: 1.0000 | Valid acc: 1.0000 | patience: 389 | Epoch time: 29.5 |

2023-01-27 18:19:39,336 - INFO -
| Epoch:    470 | Train loss: 0.0000 | Valid loss: 0.0011 | Train acc: 1.0000 | Valid acc: 0.9991 | patience: 390 | Epoch time: 29.2 |

2023-01-27 18:20:08,500 - INFO -
| Epoch:    471 | Train loss: 0.0000 | Valid loss: 0.0000 | Train acc: 1.0000 | Valid acc: 0.9987 | patience: 391 | Epoch time: 29.2 |

2023-01-27 18:20:37,695 - INFO -
| Epoch:    472 | Train loss: 0.0005 | Valid loss: 0.0000 | Train acc: 1.0000 | Valid acc: 0.9998 | patience: 392 | Epoch time: 29.2 |

2023-01-27 18:21:06,883 - INFO -
| Epoch:    473 | Train loss: 0.0000 | Valid loss: 0.0017 | Train acc: 1.0000 | Valid acc: 1.0000 | patience: 393 | Epoch time: 29.2 |

2023-01-27 18:21:36,076 - INFO -
| Epoch:    474 | Train loss: 0.0071 | Valid loss: 0.0003 | Train acc: 1.0000 | Valid acc: 0.9993 | patience: 394 | Epoch time: 29.2 |

2023-01-27 18:22:05,267 - INFO -
| Epoch:    475 | Train loss: 0.0029 | Valid loss: 0.0000 | Train acc: 1.0000 | Valid acc: 1.0000 | patience: 395 | Epoch time: 29.2 |

2023-01-27 18:22:34,494 - INFO -
| Epoch:    476 | Train loss: 0.0000 | Valid loss: 0.0009 | Train acc: 1.0000 | Valid acc: 1.0000 | patience: 396 | Epoch time: 29.2 |

2023-01-27 18:23:03,679 - INFO -
| Epoch:    477 | Train loss: 0.0007 | Valid loss: 0.0006 | Train acc: 0.9976 | Valid acc: 0.9993 | patience: 397 | Epoch time: 29.2 |

2023-01-27 18:23:32,869 - INFO -
| Epoch:    478 | Train loss: 0.0000 | Valid loss: 0.0009 | Train acc: 1.0000 | Valid acc: 1.0000 | patience: 398 | Epoch time: 29.2 |

2023-01-27 18:24:02,079 - INFO -
| Epoch:    479 | Train loss: 0.0000 | Valid loss: 0.0040 | Train acc: 1.0000 | Valid acc: 0.9980 | patience: 399 | Epoch time: 29.2 |

2023-01-27 18:24:31,281 - INFO -
| Epoch:    480 | Train loss: 0.0071 | Valid loss: 0.0023 | Train acc: 1.0000 | Valid acc: 1.0000 | patience: 400 | Epoch time: 29.2 |

2023-01-27 18:25:01,485 - INFO -
| Epoch:    481 | Train loss: 0.0000 | Valid loss: 0.0000 | Train acc: 1.0000 | Valid acc: 1.0000 | patience: 401 | Epoch time: 30.2 |

2023-01-27 18:25:30,764 - INFO -
| Epoch:    482 | Train loss: 0.0024 | Valid loss: 0.0009 | Train acc: 1.0000 | Valid acc: 1.0000 | patience: 402 | Epoch time: 29.3 |

2023-01-27 18:26:00,013 - INFO -
| Epoch:    483 | Train loss: 0.0045 | Valid loss: 0.0000 | Train acc: 0.9996 | Valid acc: 1.0000 | patience: 403 | Epoch time: 29.2 |

2023-01-27 18:26:29,269 - INFO -
| Epoch:    484 | Train loss: 0.0012 | Valid loss: 0.0000 | Train acc: 0.9967 | Valid acc: 1.0000 | patience: 404 | Epoch time: 29.3 |

2023-01-27 18:26:58,548 - INFO -
| Epoch:    485 | Train loss: 0.0056 | Valid loss: 0.0000 | Train acc: 1.0000 | Valid acc: 1.0000 | patience: 405 | Epoch time: 29.3 |

2023-01-27 18:27:27,833 - INFO -
| Epoch:    486 | Train loss: 0.0002 | Valid loss: 0.0002 | Train acc: 1.0000 | Valid acc: 1.0000 | patience: 406 | Epoch time: 29.3 |

2023-01-27 18:27:57,111 - INFO -
| Epoch:    487 | Train loss: 0.0010 | Valid loss: 0.0000 | Train acc: 0.9997 | Valid acc: 1.0000 | patience: 407 | Epoch time: 29.3 |

2023-01-27 18:28:26,394 - INFO -
| Epoch:    488 | Train loss: 0.0006 | Valid loss: 0.0009 | Train acc: 0.9988 | Valid acc: 1.0000 | patience: 408 | Epoch time: 29.3 |

2023-01-27 18:28:55,647 - INFO -
| Epoch:    489 | Train loss: 0.0009 | Valid loss: 0.0001 | Train acc: 1.0000 | Valid acc: 1.0000 | patience: 409 | Epoch time: 29.3 |

2023-01-27 18:29:24,908 - INFO -
| Epoch:    490 | Train loss: 0.0002 | Valid loss: 0.0000 | Train acc: 1.0000 | Valid acc: 0.9990 | patience: 410 | Epoch time: 29.3 |

2023-01-27 18:29:54,177 - INFO -
| Epoch:    491 | Train loss: 0.0000 | Valid loss: 0.0016 | Train acc: 1.0000 | Valid acc: 1.0000 | patience: 411 | Epoch time: 29.3 |

2023-01-27 18:30:23,426 - INFO -
| Epoch:    492 | Train loss: 0.0005 | Valid loss: 0.0081 | Train acc: 1.0000 | Valid acc: 1.0000 | patience: 412 | Epoch time: 29.2 |

2023-01-27 18:30:52,781 - INFO -
| Epoch:    493 | Train loss: 0.0000 | Valid loss: 0.0082 | Train acc: 1.0000 | Valid acc: 1.0000 | patience: 413 | Epoch time: 29.4 |

2023-01-27 18:31:22,099 - INFO -
| Epoch:    494 | Train loss: 0.0000 | Valid loss: 0.0000 | Train acc: 0.9997 | Valid acc: 0.9979 | patience: 414 | Epoch time: 29.3 |

2023-01-27 18:31:51,360 - INFO -
| Epoch:    495 | Train loss: 0.0019 | Valid loss: 0.0015 | Train acc: 0.9973 | Valid acc: 1.0000 | patience: 415 | Epoch time: 29.3 |

2023-01-27 18:32:20,634 - INFO -
| Epoch:    496 | Train loss: 0.0145 | Valid loss: 0.0034 | Train acc: 0.9991 | Valid acc: 1.0000 | patience: 416 | Epoch time: 29.3 |

2023-01-27 18:32:49,934 - INFO -
| Epoch:    497 | Train loss: 0.0033 | Valid loss: 0.0008 | Train acc: 0.9971 | Valid acc: 0.9995 | patience: 417 | Epoch time: 29.3 |

2023-01-27 18:33:19,201 - INFO -
| Epoch:    498 | Train loss: 0.0009 | Valid loss: 0.0002 | Train acc: 0.9991 | Valid acc: 0.9998 | patience: 418 | Epoch time: 29.3 |

2023-01-27 18:33:48,497 - INFO -
| Epoch:    499 | Train loss: 0.0000 | Valid loss: 0.0000 | Train acc: 0.9971 | Valid acc: 1.0000 | patience: 419 | Epoch time: 29.3 |

2023-01-27 18:34:17,766 - INFO -
| Epoch:    500 | Train loss: 0.0001 | Valid loss: 0.0000 | Train acc: 0.9998 | Valid acc: 1.0000 | patience: 420 | Epoch time: 29.3 |

2023-01-27 18:34:47,047 - INFO -
| Epoch:    501 | Train loss: 0.0000 | Valid loss: 0.0000 | Train acc: 1.0000 | Valid acc: 0.9997 | patience: 421 | Epoch time: 29.3 |

2023-01-27 18:35:16,317 - INFO -
| Epoch:    502 | Train loss: 0.0011 | Valid loss: 0.0002 | Train acc: 0.9964 | Valid acc: 0.9996 | patience: 422 | Epoch time: 29.3 |

2023-01-27 18:35:45,565 - INFO -
| Epoch:    503 | Train loss: 0.0003 | Valid loss: 0.0000 | Train acc: 1.0000 | Valid acc: 1.0000 | patience: 423 | Epoch time: 29.2 |

2023-01-27 18:36:14,831 - INFO -
| Epoch:    504 | Train loss: 0.0001 | Valid loss: 0.0000 | Train acc: 1.0000 | Valid acc: 1.0000 | patience: 424 | Epoch time: 29.3 |

2023-01-27 18:36:44,093 - INFO -
| Epoch:    505 | Train loss: 0.0026 | Valid loss: 0.0000 | Train acc: 0.9991 | Valid acc: 1.0000 | patience: 425 | Epoch time: 29.3 |

2023-01-27 18:37:13,383 - INFO -
| Epoch:    506 | Train loss: 0.0004 | Valid loss: 0.0001 | Train acc: 0.9991 | Valid acc: 1.0000 | patience: 426 | Epoch time: 29.3 |

2023-01-27 18:37:42,649 - INFO -
| Epoch:    507 | Train loss: 0.0000 | Valid loss: 0.0004 | Train acc: 0.9998 | Valid acc: 1.0000 | patience: 427 | Epoch time: 29.3 |

2023-01-27 18:38:12,139 - INFO -
| Epoch:    508 | Train loss: 0.0000 | Valid loss: 0.0000 | Train acc: 0.9995 | Valid acc: 1.0000 | patience: 428 | Epoch time: 29.5 |

2023-01-27 18:38:41,407 - INFO -
| Epoch:    509 | Train loss: 0.0062 | Valid loss: 0.0000 | Train acc: 1.0000 | Valid acc: 1.0000 | patience: 429 | Epoch time: 29.3 |

2023-01-27 18:39:10,684 - INFO -
| Epoch:    510 | Train loss: 0.0037 | Valid loss: 0.0003 | Train acc: 1.0000 | Valid acc: 0.9982 | patience: 430 | Epoch time: 29.3 |

2023-01-27 18:39:39,930 - INFO -
| Epoch:    511 | Train loss: 0.0000 | Valid loss: 0.0027 | Train acc: 0.9977 | Valid acc: 0.9997 | patience: 431 | Epoch time: 29.2 |

2023-01-27 18:40:09,165 - INFO -
| Epoch:    512 | Train loss: 0.0004 | Valid loss: 0.0017 | Train acc: 1.0000 | Valid acc: 0.9980 | patience: 432 | Epoch time: 29.2 |

2023-01-27 18:40:38,418 - INFO -
| Epoch:    513 | Train loss: 0.0001 | Valid loss: 0.0000 | Train acc: 1.0000 | Valid acc: 0.9989 | patience: 433 | Epoch time: 29.3 |

2023-01-27 18:41:07,634 - INFO -
| Epoch:    514 | Train loss: 0.0000 | Valid loss: 0.0000 | Train acc: 0.9979 | Valid acc: 1.0000 | patience: 434 | Epoch time: 29.2 |

2023-01-27 18:41:36,905 - INFO -
| Epoch:    515 | Train loss: 0.0019 | Valid loss: 0.0000 | Train acc: 0.9966 | Valid acc: 1.0000 | patience: 435 | Epoch time: 29.3 |

2023-01-27 18:42:06,645 - INFO -
| Epoch:    516 | Train loss: 0.0001 | Valid loss: 0.0001 | Train acc: 0.9974 | Valid acc: 0.9970 | patience: 436 | Epoch time: 29.7 |

2023-01-27 18:42:35,857 - INFO -
| Epoch:    517 | Train loss: 0.0000 | Valid loss: 0.0000 | Train acc: 0.9994 | Valid acc: 1.0000 | patience: 437 | Epoch time: 29.2 |

2023-01-27 18:43:05,161 - INFO -
| Epoch:    518 | Train loss: 0.0000 | Valid loss: 0.0000 | Train acc: 1.0000 | Valid acc: 0.9989 | patience: 438 | Epoch time: 29.3 |

2023-01-27 18:43:34,392 - INFO -
| Epoch:    519 | Train loss: 0.0001 | Valid loss: 0.0000 | Train acc: 0.9997 | Valid acc: 1.0000 | patience: 439 | Epoch time: 29.2 |

2023-01-27 18:44:03,632 - INFO -
| Epoch:    520 | Train loss: 0.0000 | Valid loss: 0.0001 | Train acc: 0.9994 | Valid acc: 0.9996 | patience: 440 | Epoch time: 29.2 |

2023-01-27 18:44:32,889 - INFO -
| Epoch:    521 | Train loss: 0.0032 | Valid loss: 0.0000 | Train acc: 1.0000 | Valid acc: 0.9997 | patience: 441 | Epoch time: 29.3 |

2023-01-27 18:45:02,115 - INFO -
| Epoch:    522 | Train loss: 0.0025 | Valid loss: 0.0006 | Train acc: 0.9987 | Valid acc: 1.0000 | patience: 442 | Epoch time: 29.2 |

2023-01-27 18:45:31,318 - INFO -
| Epoch:    523 | Train loss: 0.0015 | Valid loss: 0.0011 | Train acc: 0.9993 | Valid acc: 0.9997 | patience: 443 | Epoch time: 29.2 |

2023-01-27 18:46:00,521 - INFO -
| Epoch:    524 | Train loss: 0.0008 | Valid loss: 0.0030 | Train acc: 1.0000 | Valid acc: 0.9990 | patience: 444 | Epoch time: 29.2 |

2023-01-27 18:46:29,708 - INFO -
| Epoch:    525 | Train loss: 0.0000 | Valid loss: 0.0009 | Train acc: 0.9986 | Valid acc: 0.9986 | patience: 445 | Epoch time: 29.2 |

2023-01-27 18:46:58,918 - INFO -
| Epoch:    526 | Train loss: 0.0000 | Valid loss: 0.0004 | Train acc: 1.0000 | Valid acc: 0.9989 | patience: 446 | Epoch time: 29.2 |

2023-01-27 18:47:28,154 - INFO -
| Epoch:    527 | Train loss: 0.0001 | Valid loss: 0.0007 | Train acc: 0.9979 | Valid acc: 0.9999 | patience: 447 | Epoch time: 29.2 |

2023-01-27 18:47:57,753 - INFO -
| Epoch:    528 | Train loss: 0.0003 | Valid loss: 0.0001 | Train acc: 0.9976 | Valid acc: 1.0000 | patience: 448 | Epoch time: 29.6 |

2023-01-27 18:48:26,961 - INFO -
| Epoch:    529 | Train loss: 0.0000 | Valid loss: 0.0044 | Train acc: 0.9993 | Valid acc: 1.0000 | patience: 449 | Epoch time: 29.2 |

2023-01-27 18:48:56,176 - INFO -
| Epoch:    530 | Train loss: 0.0000 | Valid loss: 0.0031 | Train acc: 0.9997 | Valid acc: 0.9998 | patience: 450 | Epoch time: 29.2 |

2023-01-27 18:49:25,397 - INFO -
| Epoch:    531 | Train loss: 0.0002 | Valid loss: 0.0005 | Train acc: 0.9960 | Valid acc: 0.9998 | patience: 451 | Epoch time: 29.2 |

2023-01-27 18:49:54,618 - INFO -
| Epoch:    532 | Train loss: 0.0017 | Valid loss: 0.0010 | Train acc: 0.9992 | Valid acc: 0.9998 | patience: 452 | Epoch time: 29.2 |

2023-01-27 18:50:23,850 - INFO -
| Epoch:    533 | Train loss: 0.0007 | Valid loss: 0.0009 | Train acc: 0.9990 | Valid acc: 1.0000 | patience: 453 | Epoch time: 29.2 |

2023-01-27 18:50:53,084 - INFO -
| Epoch:    534 | Train loss: 0.0015 | Valid loss: 0.0008 | Train acc: 0.9998 | Valid acc: 1.0000 | patience: 454 | Epoch time: 29.2 |

2023-01-27 18:51:22,289 - INFO -
| Epoch:    535 | Train loss: 0.0026 | Valid loss: 0.0007 | Train acc: 0.9989 | Valid acc: 1.0000 | patience: 455 | Epoch time: 29.2 |

2023-01-27 18:51:51,502 - INFO -
| Epoch:    536 | Train loss: 0.0000 | Valid loss: 0.0046 | Train acc: 1.0000 | Valid acc: 1.0000 | patience: 456 | Epoch time: 29.2 |

2023-01-27 18:52:20,709 - INFO -
| Epoch:    537 | Train loss: 0.0000 | Valid loss: 0.0000 | Train acc: 1.0000 | Valid acc: 0.9994 | patience: 457 | Epoch time: 29.2 |

2023-01-27 18:52:49,910 - INFO -
| Epoch:    538 | Train loss: 0.0001 | Valid loss: 0.0009 | Train acc: 0.9985 | Valid acc: 0.9972 | patience: 458 | Epoch time: 29.2 |

2023-01-27 18:53:19,153 - INFO -
| Epoch:    539 | Train loss: 0.0000 | Valid loss: 0.0000 | Train acc: 1.0000 | Valid acc: 1.0000 | patience: 459 | Epoch time: 29.2 |

2023-01-27 18:53:48,379 - INFO -
| Epoch:    540 | Train loss: 0.0007 | Valid loss: 0.0000 | Train acc: 1.0000 | Valid acc: 0.9995 | patience: 460 | Epoch time: 29.2 |

2023-01-27 18:54:17,623 - INFO -
| Epoch:    541 | Train loss: 0.0000 | Valid loss: 0.0000 | Train acc: 1.0000 | Valid acc: 1.0000 | patience: 461 | Epoch time: 29.2 |

2023-01-27 18:54:46,828 - INFO -
| Epoch:    542 | Train loss: 0.0008 | Valid loss: 0.0056 | Train acc: 1.0000 | Valid acc: 0.9979 | patience: 462 | Epoch time: 29.2 |

2023-01-27 18:55:16,037 - INFO -
| Epoch:    543 | Train loss: 0.0014 | Valid loss: 0.0000 | Train acc: 1.0000 | Valid acc: 0.9987 | patience: 463 | Epoch time: 29.2 |

2023-01-27 18:55:45,230 - INFO -
| Epoch:    544 | Train loss: 0.0024 | Valid loss: 0.0011 | Train acc: 1.0000 | Valid acc: 1.0000 | patience: 464 | Epoch time: 29.2 |

2023-01-27 18:56:14,457 - INFO -
| Epoch:    545 | Train loss: 0.0083 | Valid loss: 0.0019 | Train acc: 1.0000 | Valid acc: 1.0000 | patience: 465 | Epoch time: 29.2 |

2023-01-27 18:56:43,648 - INFO -
| Epoch:    546 | Train loss: 0.0018 | Valid loss: 0.0030 | Train acc: 0.9994 | Valid acc: 0.9984 | patience: 466 | Epoch time: 29.2 |

2023-01-27 18:57:12,875 - INFO -
| Epoch:    547 | Train loss: 0.0000 | Valid loss: 0.0000 | Train acc: 1.0000 | Valid acc: 1.0000 | patience: 467 | Epoch time: 29.2 |

2023-01-27 18:57:42,157 - INFO -
| Epoch:    548 | Train loss: 0.0007 | Valid loss: 0.0017 | Train acc: 0.9999 | Valid acc: 1.0000 | patience: 468 | Epoch time: 29.3 |

2023-01-27 18:58:11,398 - INFO -
| Epoch:    549 | Train loss: 0.0013 | Valid loss: 0.0000 | Train acc: 1.0000 | Valid acc: 0.9997 | patience: 469 | Epoch time: 29.2 |

2023-01-27 18:58:40,641 - INFO -
| Epoch:    550 | Train loss: 0.0000 | Valid loss: 0.0000 | Train acc: 1.0000 | Valid acc: 1.0000 | patience: 470 | Epoch time: 29.2 |

2023-01-27 18:59:09,871 - INFO -
| Epoch:    551 | Train loss: 0.0000 | Valid loss: 0.0006 | Train acc: 1.0000 | Valid acc: 1.0000 | patience: 471 | Epoch time: 29.2 |

2023-01-27 18:59:39,087 - INFO -
| Epoch:    552 | Train loss: 0.0140 | Valid loss: 0.0036 | Train acc: 1.0000 | Valid acc: 1.0000 | patience: 472 | Epoch time: 29.2 |

2023-01-27 19:00:08,312 - INFO -
| Epoch:    553 | Train loss: 0.0002 | Valid loss: 0.0006 | Train acc: 1.0000 | Valid acc: 0.9996 | patience: 473 | Epoch time: 29.2 |

2023-01-27 19:00:37,542 - INFO -
| Epoch:    554 | Train loss: 0.0000 | Valid loss: 0.0017 | Train acc: 1.0000 | Valid acc: 1.0000 | patience: 474 | Epoch time: 29.2 |

2023-01-27 19:01:06,803 - INFO -
| Epoch:    555 | Train loss: 0.0006 | Valid loss: 0.0000 | Train acc: 1.0000 | Valid acc: 1.0000 | patience: 475 | Epoch time: 29.3 |

2023-01-27 19:01:36,033 - INFO -
| Epoch:    556 | Train loss: 0.0000 | Valid loss: 0.0006 | Train acc: 1.0000 | Valid acc: 0.9995 | patience: 476 | Epoch time: 29.2 |

2023-01-27 19:02:05,249 - INFO -
| Epoch:    557 | Train loss: 0.0013 | Valid loss: 0.0011 | Train acc: 0.9999 | Valid acc: 0.9993 | patience: 477 | Epoch time: 29.2 |

2023-01-27 19:02:34,495 - INFO -
| Epoch:    558 | Train loss: 0.0000 | Valid loss: 0.0000 | Train acc: 1.0000 | Valid acc: 0.9987 | patience: 478 | Epoch time: 29.2 |

2023-01-27 19:03:03,726 - INFO -
| Epoch:    559 | Train loss: 0.0058 | Valid loss: 0.0000 | Train acc: 1.0000 | Valid acc: 1.0000 | patience: 479 | Epoch time: 29.2 |

2023-01-27 19:03:32,937 - INFO -
| Epoch:    560 | Train loss: 0.0034 | Valid loss: 0.0005 | Train acc: 0.9992 | Valid acc: 1.0000 | patience: 480 | Epoch time: 29.2 |

2023-01-27 19:04:02,179 - INFO -
| Epoch:    561 | Train loss: 0.0019 | Valid loss: 0.0025 | Train acc: 0.9975 | Valid acc: 1.0000 | patience: 481 | Epoch time: 29.2 |

2023-01-27 19:04:31,415 - INFO -
| Epoch:    562 | Train loss: 0.0048 | Valid loss: 0.0000 | Train acc: 1.0000 | Valid acc: 0.9976 | patience: 482 | Epoch time: 29.2 |

2023-01-27 19:05:00,642 - INFO -
| Epoch:    563 | Train loss: 0.0028 | Valid loss: 0.0001 | Train acc: 1.0000 | Valid acc: 0.9953 | patience: 483 | Epoch time: 29.2 |

2023-01-27 19:05:29,897 - INFO -
| Epoch:    564 | Train loss: 0.0124 | Valid loss: 0.0020 | Train acc: 0.9989 | Valid acc: 0.9997 | patience: 484 | Epoch time: 29.3 |

2023-01-27 19:05:59,124 - INFO -
| Epoch:    565 | Train loss: 0.0008 | Valid loss: 0.0008 | Train acc: 1.0000 | Valid acc: 0.9998 | patience: 485 | Epoch time: 29.2 |

2023-01-27 19:06:28,347 - INFO -
| Epoch:    566 | Train loss: 0.0020 | Valid loss: 0.0008 | Train acc: 0.9973 | Valid acc: 1.0000 | patience: 486 | Epoch time: 29.2 |

2023-01-27 19:06:57,557 - INFO -
| Epoch:    567 | Train loss: 0.0012 | Valid loss: 0.0001 | Train acc: 0.9995 | Valid acc: 1.0000 | patience: 487 | Epoch time: 29.2 |

2023-01-27 19:07:26,791 - INFO -
| Epoch:    568 | Train loss: 0.0013 | Valid loss: 0.0018 | Train acc: 0.9990 | Valid acc: 0.9992 | patience: 488 | Epoch time: 29.2 |

2023-01-27 19:07:56,005 - INFO -
| Epoch:    569 | Train loss: 0.0001 | Valid loss: 0.0013 | Train acc: 1.0000 | Valid acc: 0.9992 | patience: 489 | Epoch time: 29.2 |

2023-01-27 19:08:25,292 - INFO -
| Epoch:    570 | Train loss: 0.0016 | Valid loss: 0.0020 | Train acc: 0.9984 | Valid acc: 0.9982 | patience: 490 | Epoch time: 29.3 |

2023-01-27 19:08:54,589 - INFO -
| Epoch:    571 | Train loss: 0.0020 | Valid loss: 0.0026 | Train acc: 1.0000 | Valid acc: 0.9979 | patience: 491 | Epoch time: 29.3 |

2023-01-27 19:09:23,825 - INFO -
| Epoch:    572 | Train loss: 0.0005 | Valid loss: 0.0037 | Train acc: 0.9996 | Valid acc: 1.0000 | patience: 492 | Epoch time: 29.2 |

2023-01-27 19:09:53,083 - INFO -
| Epoch:    573 | Train loss: 0.0018 | Valid loss: 0.0031 | Train acc: 1.0000 | Valid acc: 0.9997 | patience: 493 | Epoch time: 29.3 |

2023-01-27 19:10:22,318 - INFO -
| Epoch:    574 | Train loss: 0.0002 | Valid loss: 0.0040 | Train acc: 0.9990 | Valid acc: 1.0000 | patience: 494 | Epoch time: 29.2 |

2023-01-27 19:10:51,553 - INFO -
| Epoch:    575 | Train loss: 0.0003 | Valid loss: 0.0060 | Train acc: 1.0000 | Valid acc: 1.0000 | patience: 495 | Epoch time: 29.2 |

2023-01-27 19:11:20,819 - INFO -
| Epoch:    576 | Train loss: 0.0000 | Valid loss: 0.0014 | Train acc: 1.0000 | Valid acc: 1.0000 | patience: 496 | Epoch time: 29.3 |

2023-01-27 19:11:50,028 - INFO -
| Epoch:    577 | Train loss: 0.0003 | Valid loss: 0.0000 | Train acc: 1.0000 | Valid acc: 1.0000 | patience: 497 | Epoch time: 29.2 |

2023-01-27 19:12:19,260 - INFO -
| Epoch:    578 | Train loss: 0.0018 | Valid loss: 0.0000 | Train acc: 0.9995 | Valid acc: 1.0000 | patience: 498 | Epoch time: 29.2 |

2023-01-27 19:12:48,496 - INFO -
| Epoch:    579 | Train loss: 0.0022 | Valid loss: 0.0000 | Train acc: 1.0000 | Valid acc: 0.9984 | patience: 499 | Epoch time: 29.2 |

2023-01-27 19:13:17,746 - INFO -
| Epoch:    580 | Train loss: 0.0000 | Valid loss: 0.0000 | Train acc: 1.0000 | Valid acc: 1.0000 | patience: 500 | Epoch time: 29.2 |

2023-01-27 19:13:46,996 - INFO -
Early stop.

2023-01-27 19:13:47,013 - INFO -
Training if finished.

