2023-01-27 14:29:56,525 - INFO -
gmin                0.01
gmax                10.0
T                   0.1
m                   0.3
ACT_eta1            0.134
ACT_eta2            0.962
ACT_eta3            0.183
ACT_eta4            24.1
NEG_eta1            -0.104
NEG_eta2            0.899
NEG_eta3            -0.056
NEG_eta4            3.858
hidden              [3]
SEED                2
DEVICE              cuda
TIMELIMITATION      45
PATIENCE            500
EPOCH               10000000000
DATASET             0
LR                  0.1
PROGRESSIVE         False
LR_PATIENCE         100
LR_DECAY            0.5
LR_MIN              0.0001
MODE                aging
M_train             50
K_train             10
M_test              500
K_test              500
t_test_max          10
integration         MC
VARIATION           False
N_train             1
e_train             0.0
N_test              100
e_test              0.1
projectname         ICCAD_2022
temppath            ./ICCAD_2022/temp/
logfilepath         ./ICCAD_2022/log/
recording           False
recordpath          ./ICCAD_2022/record/
savepath            ./ICCAD_2022/models/
loglevel            info


2023-01-27 14:29:56,526 - INFO -
Training network on device: cuda.

2023-01-27 14:29:56,526 - INFO -
Training setup: acuteinflammation_2_aging_0.0_1_MC.

2023-01-27 14:29:56,526 - INFO -
Dataset "acuteinflammation" has 6 input features and 2 classes. There are 70 training examples, 23 valid examples, and 25 test examples in the dataset.

2023-01-27 14:29:56,526 - INFO -
Topology of the network: [6, 3, 2].

2023-01-27 14:30:27,418 - INFO -
| Epoch:      0 | Train loss: 0.7771 | Valid loss: 0.7400 | Train acc: 0.4998 | Valid acc: 0.5237 | patience:   0 | Epoch time: 30.4 |

2023-01-27 14:30:56,212 - INFO -
| Epoch:      1 | Train loss: 0.7757 | Valid loss: 0.7481 | Train acc: 0.5096 | Valid acc: 0.5339 | patience:   1 | Epoch time: 28.8 |

2023-01-27 14:31:25,033 - INFO -
| Epoch:      2 | Train loss: 0.7508 | Valid loss: 0.7174 | Train acc: 0.5270 | Valid acc: 0.5946 | patience:   0 | Epoch time: 28.8 |

2023-01-27 14:31:53,861 - INFO -
| Epoch:      3 | Train loss: 0.6344 | Valid loss: 0.5660 | Train acc: 0.6107 | Valid acc: 0.7162 | patience:   0 | Epoch time: 28.8 |

2023-01-27 14:32:22,743 - INFO -
| Epoch:      4 | Train loss: 0.5609 | Valid loss: 0.4210 | Train acc: 0.7153 | Valid acc: 0.8066 | patience:   0 | Epoch time: 28.9 |

2023-01-27 14:32:51,575 - INFO -
| Epoch:      5 | Train loss: 0.4414 | Valid loss: 0.3248 | Train acc: 0.8223 | Valid acc: 0.8610 | patience:   0 | Epoch time: 28.8 |

2023-01-27 14:33:20,431 - INFO -
| Epoch:      6 | Train loss: 0.2845 | Valid loss: 0.2140 | Train acc: 0.8645 | Valid acc: 0.8917 | patience:   0 | Epoch time: 28.9 |

2023-01-27 14:33:49,304 - INFO -
| Epoch:      7 | Train loss: 0.2392 | Valid loss: 0.1960 | Train acc: 0.8918 | Valid acc: 0.9180 | patience:   0 | Epoch time: 28.9 |

2023-01-27 14:34:18,221 - INFO -
| Epoch:      8 | Train loss: 0.1724 | Valid loss: 0.1326 | Train acc: 0.9263 | Valid acc: 0.9131 | patience:   0 | Epoch time: 28.9 |

2023-01-27 14:34:47,144 - INFO -
| Epoch:      9 | Train loss: 0.1273 | Valid loss: 0.0910 | Train acc: 0.9545 | Valid acc: 0.9586 | patience:   0 | Epoch time: 28.9 |

2023-01-27 14:35:16,038 - INFO -
| Epoch:     10 | Train loss: 0.0888 | Valid loss: 0.0737 | Train acc: 0.9688 | Valid acc: 0.9823 | patience:   0 | Epoch time: 28.9 |

2023-01-27 14:35:44,904 - INFO -
| Epoch:     11 | Train loss: 0.0775 | Valid loss: 0.0502 | Train acc: 0.9775 | Valid acc: 0.9762 | patience:   0 | Epoch time: 28.9 |

2023-01-27 14:36:13,769 - INFO -
| Epoch:     12 | Train loss: 0.0390 | Valid loss: 0.0309 | Train acc: 0.9850 | Valid acc: 0.9817 | patience:   0 | Epoch time: 28.9 |

2023-01-27 14:36:42,635 - INFO -
| Epoch:     13 | Train loss: 0.0254 | Valid loss: 0.0341 | Train acc: 0.9888 | Valid acc: 0.9872 | patience:   1 | Epoch time: 28.9 |

2023-01-27 14:37:11,534 - INFO -
| Epoch:     14 | Train loss: 0.0209 | Valid loss: 0.0332 | Train acc: 0.9873 | Valid acc: 0.9923 | patience:   2 | Epoch time: 28.9 |

2023-01-27 14:37:40,428 - INFO -
| Epoch:     15 | Train loss: 0.0448 | Valid loss: 0.0383 | Train acc: 0.9887 | Valid acc: 0.9925 | patience:   3 | Epoch time: 28.9 |

2023-01-27 14:38:09,292 - INFO -
| Epoch:     16 | Train loss: 0.0281 | Valid loss: 0.0228 | Train acc: 0.9914 | Valid acc: 0.9894 | patience:   0 | Epoch time: 28.9 |

2023-01-27 14:38:38,164 - INFO -
| Epoch:     17 | Train loss: 0.0166 | Valid loss: 0.0162 | Train acc: 0.9981 | Valid acc: 0.9874 | patience:   0 | Epoch time: 28.9 |

2023-01-27 14:39:07,023 - INFO -
| Epoch:     18 | Train loss: 0.0457 | Valid loss: 0.0132 | Train acc: 0.9884 | Valid acc: 0.9945 | patience:   0 | Epoch time: 28.9 |

2023-01-27 14:39:35,922 - INFO -
| Epoch:     19 | Train loss: 0.0238 | Valid loss: 0.0162 | Train acc: 0.9935 | Valid acc: 0.9969 | patience:   1 | Epoch time: 28.9 |

2023-01-27 14:40:04,802 - INFO -
| Epoch:     20 | Train loss: 0.0103 | Valid loss: 0.0052 | Train acc: 0.9977 | Valid acc: 0.9958 | patience:   0 | Epoch time: 28.9 |

2023-01-27 14:40:33,676 - INFO -
| Epoch:     21 | Train loss: 0.0139 | Valid loss: 0.0071 | Train acc: 0.9926 | Valid acc: 0.9961 | patience:   1 | Epoch time: 28.9 |

2023-01-27 14:41:02,564 - INFO -
| Epoch:     22 | Train loss: 0.0135 | Valid loss: 0.0078 | Train acc: 0.9925 | Valid acc: 0.9978 | patience:   2 | Epoch time: 28.9 |

2023-01-27 14:41:31,436 - INFO -
| Epoch:     23 | Train loss: 0.0065 | Valid loss: 0.0054 | Train acc: 0.9960 | Valid acc: 0.9991 | patience:   3 | Epoch time: 28.9 |

2023-01-27 14:42:00,311 - INFO -
| Epoch:     24 | Train loss: 0.0118 | Valid loss: 0.0011 | Train acc: 0.9974 | Valid acc: 0.9965 | patience:   0 | Epoch time: 28.9 |

2023-01-27 14:42:29,173 - INFO -
| Epoch:     25 | Train loss: 0.0022 | Valid loss: 0.0005 | Train acc: 0.9974 | Valid acc: 0.9968 | patience:   0 | Epoch time: 28.9 |

2023-01-27 14:42:58,029 - INFO -
| Epoch:     26 | Train loss: 0.0052 | Valid loss: 0.0036 | Train acc: 0.9988 | Valid acc: 0.9978 | patience:   1 | Epoch time: 28.9 |

2023-01-27 14:43:26,901 - INFO -
| Epoch:     27 | Train loss: 0.0045 | Valid loss: 0.0059 | Train acc: 1.0000 | Valid acc: 0.9980 | patience:   2 | Epoch time: 28.9 |

2023-01-27 14:43:55,764 - INFO -
| Epoch:     28 | Train loss: 0.0072 | Valid loss: 0.0025 | Train acc: 1.0000 | Valid acc: 0.9979 | patience:   3 | Epoch time: 28.9 |

2023-01-27 14:44:24,663 - INFO -
| Epoch:     29 | Train loss: 0.0049 | Valid loss: 0.0083 | Train acc: 0.9965 | Valid acc: 0.9983 | patience:   4 | Epoch time: 28.9 |

2023-01-27 14:44:54,001 - INFO -
| Epoch:     30 | Train loss: 0.0006 | Valid loss: 0.0053 | Train acc: 0.9975 | Valid acc: 0.9975 | patience:   5 | Epoch time: 29.3 |

2023-01-27 14:45:22,910 - INFO -
| Epoch:     31 | Train loss: 0.0040 | Valid loss: 0.0013 | Train acc: 0.9989 | Valid acc: 0.9983 | patience:   6 | Epoch time: 28.9 |

2023-01-27 14:45:51,791 - INFO -
| Epoch:     32 | Train loss: 0.0030 | Valid loss: 0.0066 | Train acc: 1.0000 | Valid acc: 0.9988 | patience:   7 | Epoch time: 28.9 |

2023-01-27 14:46:20,667 - INFO -
| Epoch:     33 | Train loss: 0.0037 | Valid loss: 0.0007 | Train acc: 0.9987 | Valid acc: 0.9964 | patience:   8 | Epoch time: 28.9 |

2023-01-27 14:46:49,561 - INFO -
| Epoch:     34 | Train loss: 0.0026 | Valid loss: 0.0036 | Train acc: 0.9996 | Valid acc: 0.9984 | patience:   9 | Epoch time: 28.9 |

2023-01-27 14:47:18,452 - INFO -
| Epoch:     35 | Train loss: 0.0012 | Valid loss: 0.0038 | Train acc: 0.9996 | Valid acc: 0.9990 | patience:  10 | Epoch time: 28.9 |

2023-01-27 14:47:47,324 - INFO -
| Epoch:     36 | Train loss: 0.0009 | Valid loss: 0.0024 | Train acc: 1.0000 | Valid acc: 0.9993 | patience:  11 | Epoch time: 28.9 |

2023-01-27 14:48:16,196 - INFO -
| Epoch:     37 | Train loss: 0.0049 | Valid loss: 0.0023 | Train acc: 0.9997 | Valid acc: 0.9995 | patience:  12 | Epoch time: 28.9 |

2023-01-27 14:48:45,052 - INFO -
| Epoch:     38 | Train loss: 0.0013 | Valid loss: 0.0031 | Train acc: 0.9990 | Valid acc: 0.9989 | patience:  13 | Epoch time: 28.9 |

2023-01-27 14:49:13,917 - INFO -
| Epoch:     39 | Train loss: 0.0028 | Valid loss: 0.0016 | Train acc: 0.9984 | Valid acc: 1.0000 | patience:  14 | Epoch time: 28.9 |

2023-01-27 14:49:42,784 - INFO -
| Epoch:     40 | Train loss: 0.0092 | Valid loss: 0.0074 | Train acc: 0.9989 | Valid acc: 0.9993 | patience:  15 | Epoch time: 28.9 |

2023-01-27 14:50:11,653 - INFO -
| Epoch:     41 | Train loss: 0.0063 | Valid loss: 0.0024 | Train acc: 0.9999 | Valid acc: 1.0000 | patience:  16 | Epoch time: 28.9 |

2023-01-27 14:50:40,518 - INFO -
| Epoch:     42 | Train loss: 0.0027 | Valid loss: 0.0029 | Train acc: 0.9993 | Valid acc: 0.9989 | patience:  17 | Epoch time: 28.9 |

2023-01-27 14:51:09,381 - INFO -
| Epoch:     43 | Train loss: 0.0017 | Valid loss: 0.0039 | Train acc: 1.0000 | Valid acc: 0.9987 | patience:  18 | Epoch time: 28.9 |

2023-01-27 14:51:38,233 - INFO -
| Epoch:     44 | Train loss: 0.0010 | Valid loss: 0.0011 | Train acc: 0.9989 | Valid acc: 0.9980 | patience:  19 | Epoch time: 28.9 |

2023-01-27 14:52:07,106 - INFO -
| Epoch:     45 | Train loss: 0.0008 | Valid loss: 0.0039 | Train acc: 0.9988 | Valid acc: 1.0000 | patience:  20 | Epoch time: 28.9 |

2023-01-27 14:52:35,943 - INFO -
| Epoch:     46 | Train loss: 0.0042 | Valid loss: 0.0038 | Train acc: 1.0000 | Valid acc: 0.9998 | patience:  21 | Epoch time: 28.8 |

2023-01-27 14:53:04,793 - INFO -
| Epoch:     47 | Train loss: 0.0025 | Valid loss: 0.0045 | Train acc: 0.9989 | Valid acc: 1.0000 | patience:  22 | Epoch time: 28.8 |

2023-01-27 14:53:33,664 - INFO -
| Epoch:     48 | Train loss: 0.0031 | Valid loss: 0.0024 | Train acc: 0.9999 | Valid acc: 0.9977 | patience:  23 | Epoch time: 28.9 |

2023-01-27 14:54:02,538 - INFO -
| Epoch:     49 | Train loss: 0.0016 | Valid loss: 0.0063 | Train acc: 0.9992 | Valid acc: 0.9998 | patience:  24 | Epoch time: 28.9 |

2023-01-27 14:54:31,427 - INFO -
| Epoch:     50 | Train loss: 0.0003 | Valid loss: 0.0018 | Train acc: 1.0000 | Valid acc: 1.0000 | patience:  25 | Epoch time: 28.9 |

2023-01-27 14:55:00,764 - INFO -
| Epoch:     51 | Train loss: 0.0002 | Valid loss: 0.0000 | Train acc: 1.0000 | Valid acc: 0.9995 | patience:   0 | Epoch time: 29.3 |

2023-01-27 14:55:29,642 - INFO -
| Epoch:     52 | Train loss: 0.0008 | Valid loss: 0.0003 | Train acc: 1.0000 | Valid acc: 0.9999 | patience:   1 | Epoch time: 28.9 |

2023-01-27 14:55:58,491 - INFO -
| Epoch:     53 | Train loss: 0.0001 | Valid loss: 0.0000 | Train acc: 1.0000 | Valid acc: 0.9978 | patience:   2 | Epoch time: 28.8 |

2023-01-27 14:56:27,365 - INFO -
| Epoch:     54 | Train loss: 0.0035 | Valid loss: 0.0020 | Train acc: 0.9972 | Valid acc: 0.9997 | patience:   3 | Epoch time: 28.9 |

2023-01-27 14:56:56,206 - INFO -
| Epoch:     55 | Train loss: 0.0028 | Valid loss: 0.0037 | Train acc: 0.9959 | Valid acc: 1.0000 | patience:   4 | Epoch time: 28.8 |

2023-01-27 14:57:25,073 - INFO -
| Epoch:     56 | Train loss: 0.0002 | Valid loss: 0.0000 | Train acc: 0.9987 | Valid acc: 1.0000 | patience:   0 | Epoch time: 28.9 |

2023-01-27 14:57:53,963 - INFO -
| Epoch:     57 | Train loss: 0.0005 | Valid loss: 0.0041 | Train acc: 1.0000 | Valid acc: 1.0000 | patience:   1 | Epoch time: 28.9 |

2023-01-27 14:58:22,856 - INFO -
| Epoch:     58 | Train loss: 0.0002 | Valid loss: 0.0006 | Train acc: 1.0000 | Valid acc: 1.0000 | patience:   2 | Epoch time: 28.9 |

2023-01-27 14:58:51,754 - INFO -
| Epoch:     59 | Train loss: 0.0001 | Valid loss: 0.0011 | Train acc: 1.0000 | Valid acc: 0.9995 | patience:   3 | Epoch time: 28.9 |

2023-01-27 14:59:20,631 - INFO -
| Epoch:     60 | Train loss: 0.0000 | Valid loss: 0.0009 | Train acc: 0.9991 | Valid acc: 1.0000 | patience:   4 | Epoch time: 28.9 |

2023-01-27 14:59:49,502 - INFO -
| Epoch:     61 | Train loss: 0.0008 | Valid loss: 0.0001 | Train acc: 1.0000 | Valid acc: 0.9994 | patience:   5 | Epoch time: 28.9 |

2023-01-27 15:00:18,393 - INFO -
| Epoch:     62 | Train loss: 0.0001 | Valid loss: 0.0000 | Train acc: 1.0000 | Valid acc: 1.0000 | patience:   6 | Epoch time: 28.9 |

2023-01-27 15:00:47,260 - INFO -
| Epoch:     63 | Train loss: 0.0021 | Valid loss: 0.0009 | Train acc: 1.0000 | Valid acc: 1.0000 | patience:   7 | Epoch time: 28.9 |

2023-01-27 15:01:16,127 - INFO -
| Epoch:     64 | Train loss: 0.0006 | Valid loss: 0.0006 | Train acc: 0.9995 | Valid acc: 1.0000 | patience:   8 | Epoch time: 28.9 |

2023-01-27 15:01:44,986 - INFO -
| Epoch:     65 | Train loss: 0.0002 | Valid loss: 0.0000 | Train acc: 1.0000 | Valid acc: 1.0000 | patience:   9 | Epoch time: 28.9 |

2023-01-27 15:02:13,824 - INFO -
| Epoch:     66 | Train loss: 0.0011 | Valid loss: 0.0008 | Train acc: 1.0000 | Valid acc: 1.0000 | patience:  10 | Epoch time: 28.8 |

2023-01-27 15:02:42,719 - INFO -
| Epoch:     67 | Train loss: 0.0017 | Valid loss: 0.0010 | Train acc: 0.9988 | Valid acc: 0.9994 | patience:  11 | Epoch time: 28.9 |

2023-01-27 15:03:11,591 - INFO -
| Epoch:     68 | Train loss: 0.0049 | Valid loss: 0.0024 | Train acc: 1.0000 | Valid acc: 1.0000 | patience:  12 | Epoch time: 28.9 |

2023-01-27 15:03:40,463 - INFO -
| Epoch:     69 | Train loss: 0.0032 | Valid loss: 0.0006 | Train acc: 1.0000 | Valid acc: 1.0000 | patience:  13 | Epoch time: 28.9 |

2023-01-27 15:04:09,349 - INFO -
| Epoch:     70 | Train loss: 0.0014 | Valid loss: 0.0026 | Train acc: 1.0000 | Valid acc: 1.0000 | patience:  14 | Epoch time: 28.9 |

2023-01-27 15:04:38,218 - INFO -
| Epoch:     71 | Train loss: 0.0002 | Valid loss: 0.0009 | Train acc: 1.0000 | Valid acc: 0.9996 | patience:  15 | Epoch time: 28.9 |

2023-01-27 15:05:07,110 - INFO -
| Epoch:     72 | Train loss: 0.0000 | Valid loss: 0.0004 | Train acc: 1.0000 | Valid acc: 0.9976 | patience:  16 | Epoch time: 28.9 |

2023-01-27 15:05:35,995 - INFO -
| Epoch:     73 | Train loss: 0.0001 | Valid loss: 0.0000 | Train acc: 1.0000 | Valid acc: 1.0000 | patience:  17 | Epoch time: 28.9 |

2023-01-27 15:06:04,869 - INFO -
| Epoch:     74 | Train loss: 0.0001 | Valid loss: 0.0030 | Train acc: 1.0000 | Valid acc: 1.0000 | patience:  18 | Epoch time: 28.9 |

2023-01-27 15:06:33,726 - INFO -
| Epoch:     75 | Train loss: 0.0010 | Valid loss: 0.0000 | Train acc: 1.0000 | Valid acc: 1.0000 | patience:  19 | Epoch time: 28.9 |

2023-01-27 15:07:02,603 - INFO -
| Epoch:     76 | Train loss: 0.0000 | Valid loss: 0.0008 | Train acc: 0.9999 | Valid acc: 0.9998 | patience:  20 | Epoch time: 28.9 |

2023-01-27 15:07:31,475 - INFO -
| Epoch:     77 | Train loss: 0.0000 | Valid loss: 0.0000 | Train acc: 1.0000 | Valid acc: 1.0000 | patience:  21 | Epoch time: 28.9 |

2023-01-27 15:08:00,344 - INFO -
| Epoch:     78 | Train loss: 0.0001 | Valid loss: 0.0000 | Train acc: 1.0000 | Valid acc: 1.0000 | patience:  22 | Epoch time: 28.9 |

2023-01-27 15:08:29,208 - INFO -
| Epoch:     79 | Train loss: 0.0001 | Valid loss: 0.0004 | Train acc: 0.9999 | Valid acc: 1.0000 | patience:  23 | Epoch time: 28.9 |

2023-01-27 15:08:58,091 - INFO -
| Epoch:     80 | Train loss: 0.0064 | Valid loss: 0.0038 | Train acc: 0.9999 | Valid acc: 1.0000 | patience:  24 | Epoch time: 28.9 |

2023-01-27 15:09:26,968 - INFO -
| Epoch:     81 | Train loss: 0.0009 | Valid loss: 0.0007 | Train acc: 1.0000 | Valid acc: 1.0000 | patience:  25 | Epoch time: 28.9 |

2023-01-27 15:09:55,880 - INFO -
| Epoch:     82 | Train loss: 0.0000 | Valid loss: 0.0006 | Train acc: 0.9998 | Valid acc: 0.9998 | patience:  26 | Epoch time: 28.9 |

2023-01-27 15:10:24,779 - INFO -
| Epoch:     83 | Train loss: 0.0000 | Valid loss: 0.0000 | Train acc: 1.0000 | Valid acc: 1.0000 | patience:  27 | Epoch time: 28.9 |

2023-01-27 15:10:53,628 - INFO -
| Epoch:     84 | Train loss: 0.0000 | Valid loss: 0.0001 | Train acc: 0.9989 | Valid acc: 1.0000 | patience:  28 | Epoch time: 28.8 |

2023-01-27 15:11:22,495 - INFO -
| Epoch:     85 | Train loss: 0.0011 | Valid loss: 0.0027 | Train acc: 1.0000 | Valid acc: 1.0000 | patience:  29 | Epoch time: 28.9 |

2023-01-27 15:11:51,374 - INFO -
| Epoch:     86 | Train loss: 0.0015 | Valid loss: 0.0000 | Train acc: 1.0000 | Valid acc: 1.0000 | patience:  30 | Epoch time: 28.9 |

2023-01-27 15:12:20,256 - INFO -
| Epoch:     87 | Train loss: 0.0000 | Valid loss: 0.0003 | Train acc: 1.0000 | Valid acc: 1.0000 | patience:  31 | Epoch time: 28.9 |

2023-01-27 15:12:49,604 - INFO -
| Epoch:     88 | Train loss: 0.0000 | Valid loss: 0.0005 | Train acc: 1.0000 | Valid acc: 0.9997 | patience:  32 | Epoch time: 29.3 |

2023-01-27 15:13:18,470 - INFO -
| Epoch:     89 | Train loss: 0.0010 | Valid loss: 0.0000 | Train acc: 0.9999 | Valid acc: 1.0000 | patience:  33 | Epoch time: 28.9 |

2023-01-27 15:13:47,358 - INFO -
| Epoch:     90 | Train loss: 0.0013 | Valid loss: 0.0000 | Train acc: 1.0000 | Valid acc: 1.0000 | patience:  34 | Epoch time: 28.9 |

2023-01-27 15:14:16,246 - INFO -
| Epoch:     91 | Train loss: 0.0065 | Valid loss: 0.0009 | Train acc: 1.0000 | Valid acc: 0.9994 | patience:  35 | Epoch time: 28.9 |

2023-01-27 15:14:45,138 - INFO -
| Epoch:     92 | Train loss: 0.0006 | Valid loss: 0.0027 | Train acc: 1.0000 | Valid acc: 1.0000 | patience:  36 | Epoch time: 28.9 |

2023-01-27 15:15:14,008 - INFO -
| Epoch:     93 | Train loss: 0.0000 | Valid loss: 0.0013 | Train acc: 1.0000 | Valid acc: 1.0000 | patience:  37 | Epoch time: 28.9 |

2023-01-27 15:15:42,889 - INFO -
| Epoch:     94 | Train loss: 0.0039 | Valid loss: 0.0034 | Train acc: 1.0000 | Valid acc: 1.0000 | patience:  38 | Epoch time: 28.9 |

2023-01-27 15:16:11,733 - INFO -
| Epoch:     95 | Train loss: 0.0001 | Valid loss: 0.0001 | Train acc: 0.9999 | Valid acc: 1.0000 | patience:  39 | Epoch time: 28.8 |

2023-01-27 15:16:40,637 - INFO -
| Epoch:     96 | Train loss: 0.0014 | Valid loss: 0.0005 | Train acc: 1.0000 | Valid acc: 1.0000 | patience:  40 | Epoch time: 28.9 |

2023-01-27 15:17:09,535 - INFO -
| Epoch:     97 | Train loss: 0.0008 | Valid loss: 0.0003 | Train acc: 0.9987 | Valid acc: 1.0000 | patience:  41 | Epoch time: 28.9 |

2023-01-27 15:17:38,379 - INFO -
| Epoch:     98 | Train loss: 0.0000 | Valid loss: 0.0004 | Train acc: 1.0000 | Valid acc: 0.9994 | patience:  42 | Epoch time: 28.8 |

2023-01-27 15:18:07,258 - INFO -
| Epoch:     99 | Train loss: 0.0001 | Valid loss: 0.0000 | Train acc: 1.0000 | Valid acc: 1.0000 | patience:  43 | Epoch time: 28.9 |

2023-01-27 15:18:36,154 - INFO -
| Epoch:    100 | Train loss: 0.0000 | Valid loss: 0.0001 | Train acc: 0.9997 | Valid acc: 0.9990 | patience:  44 | Epoch time: 28.9 |

2023-01-27 15:19:05,029 - INFO -
| Epoch:    101 | Train loss: 0.0013 | Valid loss: 0.0012 | Train acc: 1.0000 | Valid acc: 1.0000 | patience:  45 | Epoch time: 28.9 |

2023-01-27 15:19:33,889 - INFO -
| Epoch:    102 | Train loss: 0.0003 | Valid loss: 0.0016 | Train acc: 0.9990 | Valid acc: 1.0000 | patience:  46 | Epoch time: 28.9 |

2023-01-27 15:20:02,747 - INFO -
| Epoch:    103 | Train loss: 0.0000 | Valid loss: 0.0003 | Train acc: 1.0000 | Valid acc: 1.0000 | patience:  47 | Epoch time: 28.9 |

2023-01-27 15:20:31,615 - INFO -
| Epoch:    104 | Train loss: 0.0013 | Valid loss: 0.0000 | Train acc: 1.0000 | Valid acc: 1.0000 | patience:  48 | Epoch time: 28.9 |

2023-01-27 15:21:00,504 - INFO -
| Epoch:    105 | Train loss: 0.0000 | Valid loss: 0.0000 | Train acc: 1.0000 | Valid acc: 1.0000 | patience:  49 | Epoch time: 28.9 |

2023-01-27 15:21:29,379 - INFO -
| Epoch:    106 | Train loss: 0.0000 | Valid loss: 0.0000 | Train acc: 1.0000 | Valid acc: 0.9996 | patience:  50 | Epoch time: 28.9 |

2023-01-27 15:21:58,250 - INFO -
| Epoch:    107 | Train loss: 0.0000 | Valid loss: 0.0018 | Train acc: 0.9999 | Valid acc: 1.0000 | patience:  51 | Epoch time: 28.9 |

2023-01-27 15:22:27,157 - INFO -
| Epoch:    108 | Train loss: 0.0000 | Valid loss: 0.0002 | Train acc: 0.9991 | Valid acc: 1.0000 | patience:  52 | Epoch time: 28.9 |

2023-01-27 15:22:56,497 - INFO -
| Epoch:    109 | Train loss: 0.0039 | Valid loss: 0.0000 | Train acc: 1.0000 | Valid acc: 0.9984 | patience:  53 | Epoch time: 29.3 |

2023-01-27 15:23:25,391 - INFO -
| Epoch:    110 | Train loss: 0.0000 | Valid loss: 0.0000 | Train acc: 1.0000 | Valid acc: 1.0000 | patience:  54 | Epoch time: 28.9 |

2023-01-27 15:23:54,262 - INFO -
| Epoch:    111 | Train loss: 0.0000 | Valid loss: 0.0001 | Train acc: 0.9996 | Valid acc: 1.0000 | patience:  55 | Epoch time: 28.9 |

2023-01-27 15:24:23,147 - INFO -
| Epoch:    112 | Train loss: 0.0043 | Valid loss: 0.0000 | Train acc: 0.9998 | Valid acc: 0.9994 | patience:  56 | Epoch time: 28.9 |

2023-01-27 15:24:52,015 - INFO -
| Epoch:    113 | Train loss: 0.0000 | Valid loss: 0.0014 | Train acc: 1.0000 | Valid acc: 0.9984 | patience:  57 | Epoch time: 28.9 |

2023-01-27 15:25:20,891 - INFO -
| Epoch:    114 | Train loss: 0.0009 | Valid loss: 0.0016 | Train acc: 1.0000 | Valid acc: 1.0000 | patience:  58 | Epoch time: 28.9 |

2023-01-27 15:25:49,743 - INFO -
| Epoch:    115 | Train loss: 0.0000 | Valid loss: 0.0020 | Train acc: 1.0000 | Valid acc: 1.0000 | patience:  59 | Epoch time: 28.9 |

2023-01-27 15:26:18,620 - INFO -
| Epoch:    116 | Train loss: 0.0001 | Valid loss: 0.0000 | Train acc: 1.0000 | Valid acc: 1.0000 | patience:  60 | Epoch time: 28.9 |

2023-01-27 15:26:47,492 - INFO -
| Epoch:    117 | Train loss: 0.0000 | Valid loss: 0.0000 | Train acc: 1.0000 | Valid acc: 1.0000 | patience:  61 | Epoch time: 28.9 |

2023-01-27 15:27:16,360 - INFO -
| Epoch:    118 | Train loss: 0.0000 | Valid loss: 0.0019 | Train acc: 1.0000 | Valid acc: 0.9984 | patience:  62 | Epoch time: 28.9 |

2023-01-27 15:27:45,217 - INFO -
| Epoch:    119 | Train loss: 0.0014 | Valid loss: 0.0003 | Train acc: 1.0000 | Valid acc: 0.9995 | patience:  63 | Epoch time: 28.9 |

2023-01-27 15:28:14,071 - INFO -
| Epoch:    120 | Train loss: 0.0004 | Valid loss: 0.0006 | Train acc: 1.0000 | Valid acc: 1.0000 | patience:  64 | Epoch time: 28.9 |

2023-01-27 15:28:42,952 - INFO -
| Epoch:    121 | Train loss: 0.0011 | Valid loss: 0.0036 | Train acc: 0.9999 | Valid acc: 0.9988 | patience:  65 | Epoch time: 28.9 |

2023-01-27 15:29:11,809 - INFO -
| Epoch:    122 | Train loss: 0.0009 | Valid loss: 0.0000 | Train acc: 0.9999 | Valid acc: 1.0000 | patience:  66 | Epoch time: 28.9 |

2023-01-27 15:29:40,670 - INFO -
| Epoch:    123 | Train loss: 0.0015 | Valid loss: 0.0001 | Train acc: 1.0000 | Valid acc: 1.0000 | patience:  67 | Epoch time: 28.9 |

2023-01-27 15:30:09,521 - INFO -
| Epoch:    124 | Train loss: 0.0022 | Valid loss: 0.0005 | Train acc: 1.0000 | Valid acc: 1.0000 | patience:  68 | Epoch time: 28.9 |

2023-01-27 15:30:38,354 - INFO -
| Epoch:    125 | Train loss: 0.0000 | Valid loss: 0.0000 | Train acc: 1.0000 | Valid acc: 0.9984 | patience:  69 | Epoch time: 28.8 |

2023-01-27 15:31:07,225 - INFO -
| Epoch:    126 | Train loss: 0.0000 | Valid loss: 0.0001 | Train acc: 1.0000 | Valid acc: 1.0000 | patience:  70 | Epoch time: 28.9 |

2023-01-27 15:31:36,110 - INFO -
| Epoch:    127 | Train loss: 0.0000 | Valid loss: 0.0049 | Train acc: 0.9998 | Valid acc: 0.9985 | patience:  71 | Epoch time: 28.9 |

2023-01-27 15:32:04,983 - INFO -
| Epoch:    128 | Train loss: 0.0000 | Valid loss: 0.0007 | Train acc: 1.0000 | Valid acc: 0.9985 | patience:  72 | Epoch time: 28.9 |

2023-01-27 15:32:33,845 - INFO -
| Epoch:    129 | Train loss: 0.0005 | Valid loss: 0.0023 | Train acc: 0.9996 | Valid acc: 0.9995 | patience:  73 | Epoch time: 28.9 |

2023-01-27 15:33:02,711 - INFO -
| Epoch:    130 | Train loss: 0.0001 | Valid loss: 0.0008 | Train acc: 1.0000 | Valid acc: 1.0000 | patience:  74 | Epoch time: 28.9 |

2023-01-27 15:33:31,604 - INFO -
| Epoch:    131 | Train loss: 0.0004 | Valid loss: 0.0000 | Train acc: 0.9999 | Valid acc: 1.0000 | patience:  75 | Epoch time: 28.9 |

2023-01-27 15:34:00,458 - INFO -
| Epoch:    132 | Train loss: 0.0000 | Valid loss: 0.0018 | Train acc: 1.0000 | Valid acc: 0.9998 | patience:  76 | Epoch time: 28.9 |

2023-01-27 15:34:29,326 - INFO -
| Epoch:    133 | Train loss: 0.0000 | Valid loss: 0.0001 | Train acc: 0.9988 | Valid acc: 1.0000 | patience:  77 | Epoch time: 28.9 |

2023-01-27 15:34:58,288 - INFO -
| Epoch:    134 | Train loss: 0.0003 | Valid loss: 0.0011 | Train acc: 1.0000 | Valid acc: 1.0000 | patience:  78 | Epoch time: 29.0 |

2023-01-27 15:35:27,218 - INFO -
| Epoch:    135 | Train loss: 0.0012 | Valid loss: 0.0000 | Train acc: 1.0000 | Valid acc: 0.9994 | patience:  79 | Epoch time: 28.9 |

2023-01-27 15:35:56,121 - INFO -
| Epoch:    136 | Train loss: 0.0004 | Valid loss: 0.0010 | Train acc: 1.0000 | Valid acc: 1.0000 | patience:  80 | Epoch time: 28.9 |

2023-01-27 15:36:24,993 - INFO -
| Epoch:    137 | Train loss: 0.0051 | Valid loss: 0.0004 | Train acc: 1.0000 | Valid acc: 1.0000 | patience:  81 | Epoch time: 28.9 |

2023-01-27 15:36:53,863 - INFO -
| Epoch:    138 | Train loss: 0.0003 | Valid loss: 0.0003 | Train acc: 1.0000 | Valid acc: 0.9997 | patience:  82 | Epoch time: 28.9 |

2023-01-27 15:37:22,751 - INFO -
| Epoch:    139 | Train loss: 0.0000 | Valid loss: 0.0011 | Train acc: 0.9987 | Valid acc: 1.0000 | patience:  83 | Epoch time: 28.9 |

2023-01-27 15:37:51,634 - INFO -
| Epoch:    140 | Train loss: 0.0008 | Valid loss: 0.0000 | Train acc: 1.0000 | Valid acc: 1.0000 | patience:  84 | Epoch time: 28.9 |

2023-01-27 15:38:20,509 - INFO -
| Epoch:    141 | Train loss: 0.0011 | Valid loss: 0.0018 | Train acc: 1.0000 | Valid acc: 0.9986 | patience:  85 | Epoch time: 28.9 |

2023-01-27 15:38:49,402 - INFO -
| Epoch:    142 | Train loss: 0.0000 | Valid loss: 0.0000 | Train acc: 1.0000 | Valid acc: 1.0000 | patience:  86 | Epoch time: 28.9 |

2023-01-27 15:39:18,305 - INFO -
| Epoch:    143 | Train loss: 0.0000 | Valid loss: 0.0011 | Train acc: 0.9999 | Valid acc: 0.9999 | patience:  87 | Epoch time: 28.9 |

2023-01-27 15:39:47,177 - INFO -
| Epoch:    144 | Train loss: 0.0007 | Valid loss: 0.0032 | Train acc: 1.0000 | Valid acc: 0.9994 | patience:  88 | Epoch time: 28.9 |

2023-01-27 15:40:16,067 - INFO -
| Epoch:    145 | Train loss: 0.0003 | Valid loss: 0.0058 | Train acc: 1.0000 | Valid acc: 1.0000 | patience:  89 | Epoch time: 28.9 |

2023-01-27 15:40:44,963 - INFO -
| Epoch:    146 | Train loss: 0.0026 | Valid loss: 0.0014 | Train acc: 0.9998 | Valid acc: 1.0000 | patience:  90 | Epoch time: 28.9 |

2023-01-27 15:41:13,877 - INFO -
| Epoch:    147 | Train loss: 0.0000 | Valid loss: 0.0003 | Train acc: 0.9997 | Valid acc: 0.9991 | patience:  91 | Epoch time: 28.9 |

2023-01-27 15:41:43,262 - INFO -
| Epoch:    148 | Train loss: 0.0016 | Valid loss: 0.0005 | Train acc: 0.9999 | Valid acc: 0.9997 | patience:  92 | Epoch time: 29.4 |

2023-01-27 15:42:12,170 - INFO -
| Epoch:    149 | Train loss: 0.0001 | Valid loss: 0.0037 | Train acc: 1.0000 | Valid acc: 1.0000 | patience:  93 | Epoch time: 28.9 |

2023-01-27 15:42:41,063 - INFO -
| Epoch:    150 | Train loss: 0.0004 | Valid loss: 0.0013 | Train acc: 1.0000 | Valid acc: 1.0000 | patience:  94 | Epoch time: 28.9 |

2023-01-27 15:43:09,955 - INFO -
| Epoch:    151 | Train loss: 0.0000 | Valid loss: 0.0010 | Train acc: 1.0000 | Valid acc: 0.9997 | patience:  95 | Epoch time: 28.9 |

2023-01-27 15:43:38,847 - INFO -
| Epoch:    152 | Train loss: 0.0000 | Valid loss: 0.0002 | Train acc: 0.9999 | Valid acc: 1.0000 | patience:  96 | Epoch time: 28.9 |

2023-01-27 15:44:07,767 - INFO -
| Epoch:    153 | Train loss: 0.0006 | Valid loss: 0.0019 | Train acc: 0.9999 | Valid acc: 1.0000 | patience:  97 | Epoch time: 28.9 |

2023-01-27 15:44:36,679 - INFO -
| Epoch:    154 | Train loss: 0.0001 | Valid loss: 0.0000 | Train acc: 1.0000 | Valid acc: 1.0000 | patience:  98 | Epoch time: 28.9 |

2023-01-27 15:45:05,589 - INFO -
| Epoch:    155 | Train loss: 0.0000 | Valid loss: 0.0000 | Train acc: 1.0000 | Valid acc: 1.0000 | patience:  99 | Epoch time: 28.9 |

2023-01-27 15:45:34,507 - INFO -
| Epoch:    156 | Train loss: 0.0000 | Valid loss: 0.0036 | Train acc: 1.0000 | Valid acc: 1.0000 | patience: 100 | Epoch time: 28.9 |

2023-01-27 15:46:03,406 - INFO -
| Epoch:    157 | Train loss: 0.0006 | Valid loss: 0.0004 | Train acc: 0.9993 | Valid acc: 1.0000 | patience: 101 | Epoch time: 28.9 |

2023-01-27 15:46:32,292 - INFO -
| Epoch:    158 | Train loss: 0.0002 | Valid loss: 0.0018 | Train acc: 1.0000 | Valid acc: 1.0000 | patience: 102 | Epoch time: 28.9 |

2023-01-27 15:47:01,174 - INFO -
| Epoch:    159 | Train loss: 0.0007 | Valid loss: 0.0004 | Train acc: 1.0000 | Valid acc: 1.0000 | patience: 103 | Epoch time: 28.9 |

2023-01-27 15:47:30,055 - INFO -
| Epoch:    160 | Train loss: 0.0000 | Valid loss: 0.0001 | Train acc: 1.0000 | Valid acc: 1.0000 | patience: 104 | Epoch time: 28.9 |

2023-01-27 15:47:58,946 - INFO -
| Epoch:    161 | Train loss: 0.0000 | Valid loss: 0.0002 | Train acc: 1.0000 | Valid acc: 1.0000 | patience: 105 | Epoch time: 28.9 |

2023-01-27 15:48:27,857 - INFO -
| Epoch:    162 | Train loss: 0.0000 | Valid loss: 0.0000 | Train acc: 1.0000 | Valid acc: 1.0000 | patience: 106 | Epoch time: 28.9 |

2023-01-27 15:48:56,748 - INFO -
| Epoch:    163 | Train loss: 0.0000 | Valid loss: 0.0001 | Train acc: 1.0000 | Valid acc: 1.0000 | patience: 107 | Epoch time: 28.9 |

2023-01-27 15:49:25,663 - INFO -
| Epoch:    164 | Train loss: 0.0000 | Valid loss: 0.0000 | Train acc: 1.0000 | Valid acc: 0.9997 | patience: 108 | Epoch time: 28.9 |

2023-01-27 15:49:54,548 - INFO -
| Epoch:    165 | Train loss: 0.0000 | Valid loss: 0.0000 | Train acc: 1.0000 | Valid acc: 1.0000 | patience: 109 | Epoch time: 28.9 |

2023-01-27 15:50:23,420 - INFO -
| Epoch:    166 | Train loss: 0.0003 | Valid loss: 0.0000 | Train acc: 1.0000 | Valid acc: 1.0000 | patience: 110 | Epoch time: 28.9 |

2023-01-27 15:50:52,330 - INFO -
| Epoch:    167 | Train loss: 0.0000 | Valid loss: 0.0000 | Train acc: 1.0000 | Valid acc: 1.0000 | patience: 111 | Epoch time: 28.9 |

2023-01-27 15:51:21,260 - INFO -
| Epoch:    168 | Train loss: 0.0000 | Valid loss: 0.0001 | Train acc: 1.0000 | Valid acc: 1.0000 | patience: 112 | Epoch time: 28.9 |

2023-01-27 15:51:50,628 - INFO -
| Epoch:    169 | Train loss: 0.0001 | Valid loss: 0.0001 | Train acc: 0.9989 | Valid acc: 1.0000 | patience: 113 | Epoch time: 29.4 |

2023-01-27 15:52:19,553 - INFO -
| Epoch:    170 | Train loss: 0.0025 | Valid loss: 0.0000 | Train acc: 1.0000 | Valid acc: 1.0000 | patience: 114 | Epoch time: 28.9 |

2023-01-27 15:52:48,456 - INFO -
| Epoch:    171 | Train loss: 0.0002 | Valid loss: 0.0000 | Train acc: 1.0000 | Valid acc: 1.0000 | patience: 115 | Epoch time: 28.9 |

2023-01-27 15:53:17,353 - INFO -
| Epoch:    172 | Train loss: 0.0004 | Valid loss: 0.0000 | Train acc: 1.0000 | Valid acc: 1.0000 | patience: 116 | Epoch time: 28.9 |

2023-01-27 15:53:46,230 - INFO -
| Epoch:    173 | Train loss: 0.0000 | Valid loss: 0.0000 | Train acc: 1.0000 | Valid acc: 0.9994 | patience: 117 | Epoch time: 28.9 |

2023-01-27 15:54:15,140 - INFO -
| Epoch:    174 | Train loss: 0.0000 | Valid loss: 0.0017 | Train acc: 1.0000 | Valid acc: 0.9993 | patience: 118 | Epoch time: 28.9 |

2023-01-27 15:54:44,038 - INFO -
| Epoch:    175 | Train loss: 0.0000 | Valid loss: 0.0005 | Train acc: 1.0000 | Valid acc: 0.9982 | patience: 119 | Epoch time: 28.9 |

2023-01-27 15:55:12,932 - INFO -
| Epoch:    176 | Train loss: 0.0010 | Valid loss: 0.0001 | Train acc: 1.0000 | Valid acc: 1.0000 | patience: 120 | Epoch time: 28.9 |

2023-01-27 15:55:41,846 - INFO -
| Epoch:    177 | Train loss: 0.0004 | Valid loss: 0.0000 | Train acc: 0.9985 | Valid acc: 1.0000 | patience: 121 | Epoch time: 28.9 |

2023-01-27 15:56:10,771 - INFO -
| Epoch:    178 | Train loss: 0.0010 | Valid loss: 0.0000 | Train acc: 1.0000 | Valid acc: 1.0000 | patience: 122 | Epoch time: 28.9 |

2023-01-27 15:56:39,680 - INFO -
| Epoch:    179 | Train loss: 0.0000 | Valid loss: 0.0000 | Train acc: 1.0000 | Valid acc: 1.0000 | patience: 123 | Epoch time: 28.9 |

2023-01-27 15:57:08,573 - INFO -
| Epoch:    180 | Train loss: 0.0000 | Valid loss: 0.0001 | Train acc: 1.0000 | Valid acc: 1.0000 | patience: 124 | Epoch time: 28.9 |

2023-01-27 15:57:37,452 - INFO -
| Epoch:    181 | Train loss: 0.0006 | Valid loss: 0.0000 | Train acc: 1.0000 | Valid acc: 1.0000 | patience: 125 | Epoch time: 28.9 |

2023-01-27 15:58:06,359 - INFO -
| Epoch:    182 | Train loss: 0.0000 | Valid loss: 0.0003 | Train acc: 1.0000 | Valid acc: 1.0000 | patience: 126 | Epoch time: 28.9 |

2023-01-27 15:58:35,242 - INFO -
| Epoch:    183 | Train loss: 0.0000 | Valid loss: 0.0011 | Train acc: 1.0000 | Valid acc: 1.0000 | patience: 127 | Epoch time: 28.9 |

2023-01-27 15:59:04,117 - INFO -
| Epoch:    184 | Train loss: 0.0007 | Valid loss: 0.0022 | Train acc: 0.9999 | Valid acc: 1.0000 | patience: 128 | Epoch time: 28.9 |

2023-01-27 15:59:33,034 - INFO -
| Epoch:    185 | Train loss: 0.0001 | Valid loss: 0.0000 | Train acc: 1.0000 | Valid acc: 1.0000 | patience: 129 | Epoch time: 28.9 |

2023-01-27 16:00:01,942 - INFO -
| Epoch:    186 | Train loss: 0.0008 | Valid loss: 0.0000 | Train acc: 0.9994 | Valid acc: 1.0000 | patience: 130 | Epoch time: 28.9 |

2023-01-27 16:00:30,850 - INFO -
| Epoch:    187 | Train loss: 0.0003 | Valid loss: 0.0001 | Train acc: 1.0000 | Valid acc: 1.0000 | patience: 131 | Epoch time: 28.9 |

2023-01-27 16:00:59,726 - INFO -
| Epoch:    188 | Train loss: 0.0000 | Valid loss: 0.0000 | Train acc: 1.0000 | Valid acc: 1.0000 | patience: 132 | Epoch time: 28.9 |

2023-01-27 16:01:28,608 - INFO -
| Epoch:    189 | Train loss: 0.0000 | Valid loss: 0.0004 | Train acc: 1.0000 | Valid acc: 1.0000 | patience: 133 | Epoch time: 28.9 |

2023-01-27 16:01:57,516 - INFO -
| Epoch:    190 | Train loss: 0.0004 | Valid loss: 0.0001 | Train acc: 0.9999 | Valid acc: 1.0000 | patience: 134 | Epoch time: 28.9 |

2023-01-27 16:02:26,457 - INFO -
| Epoch:    191 | Train loss: 0.0002 | Valid loss: 0.0007 | Train acc: 1.0000 | Valid acc: 0.9999 | patience: 135 | Epoch time: 28.9 |

2023-01-27 16:02:55,344 - INFO -
| Epoch:    192 | Train loss: 0.0001 | Valid loss: 0.0001 | Train acc: 1.0000 | Valid acc: 1.0000 | patience: 136 | Epoch time: 28.9 |

2023-01-27 16:03:24,266 - INFO -
| Epoch:    193 | Train loss: 0.0001 | Valid loss: 0.0000 | Train acc: 1.0000 | Valid acc: 1.0000 | patience: 137 | Epoch time: 28.9 |

2023-01-27 16:03:53,160 - INFO -
| Epoch:    194 | Train loss: 0.0000 | Valid loss: 0.0010 | Train acc: 1.0000 | Valid acc: 1.0000 | patience: 138 | Epoch time: 28.9 |

2023-01-27 16:04:22,063 - INFO -
| Epoch:    195 | Train loss: 0.0001 | Valid loss: 0.0002 | Train acc: 1.0000 | Valid acc: 1.0000 | patience: 139 | Epoch time: 28.9 |

2023-01-27 16:04:51,016 - INFO -
| Epoch:    196 | Train loss: 0.0005 | Valid loss: 0.0000 | Train acc: 1.0000 | Valid acc: 1.0000 | patience: 140 | Epoch time: 29.0 |

2023-01-27 16:05:19,914 - INFO -
| Epoch:    197 | Train loss: 0.0000 | Valid loss: 0.0001 | Train acc: 1.0000 | Valid acc: 1.0000 | patience: 141 | Epoch time: 28.9 |

2023-01-27 16:05:48,796 - INFO -
| Epoch:    198 | Train loss: 0.0000 | Valid loss: 0.0001 | Train acc: 1.0000 | Valid acc: 1.0000 | patience: 142 | Epoch time: 28.9 |

2023-01-27 16:06:17,686 - INFO -
| Epoch:    199 | Train loss: 0.0006 | Valid loss: 0.0000 | Train acc: 1.0000 | Valid acc: 1.0000 | patience: 143 | Epoch time: 28.9 |

2023-01-27 16:06:46,566 - INFO -
| Epoch:    200 | Train loss: 0.0002 | Valid loss: 0.0001 | Train acc: 0.9998 | Valid acc: 1.0000 | patience: 144 | Epoch time: 28.9 |

2023-01-27 16:07:16,003 - INFO -
| Epoch:    201 | Train loss: 0.0035 | Valid loss: 0.0019 | Train acc: 1.0000 | Valid acc: 1.0000 | patience: 145 | Epoch time: 29.4 |

2023-01-27 16:07:44,934 - INFO -
| Epoch:    202 | Train loss: 0.0012 | Valid loss: 0.0000 | Train acc: 1.0000 | Valid acc: 1.0000 | patience: 146 | Epoch time: 28.9 |

2023-01-27 16:08:13,857 - INFO -
| Epoch:    203 | Train loss: 0.0002 | Valid loss: 0.0001 | Train acc: 1.0000 | Valid acc: 1.0000 | patience: 147 | Epoch time: 28.9 |

2023-01-27 16:08:42,750 - INFO -
| Epoch:    204 | Train loss: 0.0000 | Valid loss: 0.0061 | Train acc: 1.0000 | Valid acc: 1.0000 | patience: 148 | Epoch time: 28.9 |

2023-01-27 16:09:11,643 - INFO -
| Epoch:    205 | Train loss: 0.0009 | Valid loss: 0.0030 | Train acc: 1.0000 | Valid acc: 0.9999 | patience: 149 | Epoch time: 28.9 |

2023-01-27 16:09:40,569 - INFO -
| Epoch:    206 | Train loss: 0.0000 | Valid loss: 0.0012 | Train acc: 1.0000 | Valid acc: 1.0000 | patience: 150 | Epoch time: 28.9 |

2023-01-27 16:10:09,520 - INFO -
| Epoch:    207 | Train loss: 0.0002 | Valid loss: 0.0000 | Train acc: 1.0000 | Valid acc: 1.0000 | patience: 151 | Epoch time: 29.0 |

2023-01-27 16:10:38,893 - INFO -
| Epoch:    208 | Train loss: 0.0000 | Valid loss: 0.0000 | Train acc: 0.9970 | Valid acc: 0.9991 | patience: 152 | Epoch time: 29.4 |

2023-01-27 16:11:07,801 - INFO -
| Epoch:    209 | Train loss: 0.0000 | Valid loss: 0.0001 | Train acc: 1.0000 | Valid acc: 1.0000 | patience: 153 | Epoch time: 28.9 |

2023-01-27 16:11:36,748 - INFO -
| Epoch:    210 | Train loss: 0.0000 | Valid loss: 0.0000 | Train acc: 1.0000 | Valid acc: 1.0000 | patience: 154 | Epoch time: 28.9 |

2023-01-27 16:12:05,651 - INFO -
| Epoch:    211 | Train loss: 0.0000 | Valid loss: 0.0000 | Train acc: 1.0000 | Valid acc: 1.0000 | patience: 155 | Epoch time: 28.9 |

2023-01-27 16:12:34,581 - INFO -
| Epoch:    212 | Train loss: 0.0007 | Valid loss: 0.0000 | Train acc: 1.0000 | Valid acc: 0.9991 | patience: 156 | Epoch time: 28.9 |

2023-01-27 16:13:03,457 - INFO -
| Epoch:    213 | Train loss: 0.0006 | Valid loss: 0.0000 | Train acc: 1.0000 | Valid acc: 1.0000 | patience: 157 | Epoch time: 28.9 |

2023-01-27 16:13:32,349 - INFO -
| Epoch:    214 | Train loss: 0.0001 | Valid loss: 0.0004 | Train acc: 1.0000 | Valid acc: 1.0000 | patience: 158 | Epoch time: 28.9 |

2023-01-27 16:14:01,260 - INFO -
| Epoch:    215 | Train loss: 0.0000 | Valid loss: 0.0000 | Train acc: 1.0000 | Valid acc: 1.0000 | patience: 159 | Epoch time: 28.9 |

2023-01-27 16:14:30,198 - INFO -
| Epoch:    216 | Train loss: 0.0004 | Valid loss: 0.0014 | Train acc: 1.0000 | Valid acc: 1.0000 | patience: 160 | Epoch time: 28.9 |

2023-01-27 16:14:59,105 - INFO -
| Epoch:    217 | Train loss: 0.0000 | Valid loss: 0.0000 | Train acc: 1.0000 | Valid acc: 1.0000 | patience: 161 | Epoch time: 28.9 |

2023-01-27 16:15:28,008 - INFO -
| Epoch:    218 | Train loss: 0.0000 | Valid loss: 0.0000 | Train acc: 1.0000 | Valid acc: 1.0000 | patience: 162 | Epoch time: 28.9 |

2023-01-27 16:15:56,924 - INFO -
| Epoch:    219 | Train loss: 0.0000 | Valid loss: 0.0000 | Train acc: 1.0000 | Valid acc: 0.9999 | patience: 163 | Epoch time: 28.9 |

2023-01-27 16:16:25,875 - INFO -
| Epoch:    220 | Train loss: 0.0001 | Valid loss: 0.0000 | Train acc: 1.0000 | Valid acc: 1.0000 | patience: 164 | Epoch time: 29.0 |

2023-01-27 16:16:54,798 - INFO -
| Epoch:    221 | Train loss: 0.0004 | Valid loss: 0.0018 | Train acc: 1.0000 | Valid acc: 1.0000 | patience: 165 | Epoch time: 28.9 |

2023-01-27 16:17:23,696 - INFO -
| Epoch:    222 | Train loss: 0.0016 | Valid loss: 0.0000 | Train acc: 1.0000 | Valid acc: 0.9998 | patience: 166 | Epoch time: 28.9 |

2023-01-27 16:17:52,603 - INFO -
| Epoch:    223 | Train loss: 0.0000 | Valid loss: 0.0003 | Train acc: 1.0000 | Valid acc: 0.9988 | patience: 167 | Epoch time: 28.9 |

2023-01-27 16:18:21,514 - INFO -
| Epoch:    224 | Train loss: 0.0013 | Valid loss: 0.0000 | Train acc: 1.0000 | Valid acc: 1.0000 | patience: 168 | Epoch time: 28.9 |

2023-01-27 16:18:50,479 - INFO -
| Epoch:    225 | Train loss: 0.0000 | Valid loss: 0.0000 | Train acc: 1.0000 | Valid acc: 1.0000 | patience: 169 | Epoch time: 29.0 |

2023-01-27 16:19:19,412 - INFO -
| Epoch:    226 | Train loss: 0.0000 | Valid loss: 0.0000 | Train acc: 1.0000 | Valid acc: 1.0000 | patience: 170 | Epoch time: 28.9 |

2023-01-27 16:19:48,302 - INFO -
| Epoch:    227 | Train loss: 0.0004 | Valid loss: 0.0000 | Train acc: 1.0000 | Valid acc: 0.9998 | patience: 171 | Epoch time: 28.9 |

2023-01-27 16:20:17,208 - INFO -
| Epoch:    228 | Train loss: 0.0000 | Valid loss: 0.0000 | Train acc: 0.9999 | Valid acc: 1.0000 | patience: 172 | Epoch time: 28.9 |

2023-01-27 16:20:46,671 - INFO -
| Epoch:    229 | Train loss: 0.0000 | Valid loss: 0.0000 | Train acc: 0.9998 | Valid acc: 1.0000 | patience: 173 | Epoch time: 29.5 |

2023-01-27 16:21:15,560 - INFO -
| Epoch:    230 | Train loss: 0.0002 | Valid loss: 0.0000 | Train acc: 0.9973 | Valid acc: 1.0000 | patience: 174 | Epoch time: 28.9 |

2023-01-27 16:21:44,482 - INFO -
| Epoch:    231 | Train loss: 0.0000 | Valid loss: 0.0000 | Train acc: 1.0000 | Valid acc: 1.0000 | patience: 175 | Epoch time: 28.9 |

2023-01-27 16:22:13,471 - INFO -
| Epoch:    232 | Train loss: 0.0001 | Valid loss: 0.0007 | Train acc: 1.0000 | Valid acc: 1.0000 | patience: 176 | Epoch time: 29.0 |

2023-01-27 16:22:42,455 - INFO -
| Epoch:    233 | Train loss: 0.0000 | Valid loss: 0.0000 | Train acc: 1.0000 | Valid acc: 0.9998 | patience: 177 | Epoch time: 29.0 |

2023-01-27 16:23:11,451 - INFO -
| Epoch:    234 | Train loss: 0.0001 | Valid loss: 0.0001 | Train acc: 1.0000 | Valid acc: 1.0000 | patience: 178 | Epoch time: 29.0 |

2023-01-27 16:23:40,444 - INFO -
| Epoch:    235 | Train loss: 0.0000 | Valid loss: 0.0001 | Train acc: 1.0000 | Valid acc: 1.0000 | patience: 179 | Epoch time: 29.0 |

2023-01-27 16:24:09,403 - INFO -
| Epoch:    236 | Train loss: 0.0005 | Valid loss: 0.0000 | Train acc: 1.0000 | Valid acc: 1.0000 | patience: 180 | Epoch time: 29.0 |

2023-01-27 16:24:38,380 - INFO -
| Epoch:    237 | Train loss: 0.0000 | Valid loss: 0.0002 | Train acc: 1.0000 | Valid acc: 1.0000 | patience: 181 | Epoch time: 29.0 |

2023-01-27 16:25:07,364 - INFO -
| Epoch:    238 | Train loss: 0.0000 | Valid loss: 0.0006 | Train acc: 0.9988 | Valid acc: 1.0000 | patience: 182 | Epoch time: 29.0 |

2023-01-27 16:25:36,339 - INFO -
| Epoch:    239 | Train loss: 0.0042 | Valid loss: 0.0017 | Train acc: 1.0000 | Valid acc: 1.0000 | patience: 183 | Epoch time: 29.0 |

2023-01-27 16:26:05,302 - INFO -
| Epoch:    240 | Train loss: 0.0000 | Valid loss: 0.0000 | Train acc: 1.0000 | Valid acc: 0.9994 | patience: 184 | Epoch time: 29.0 |

2023-01-27 16:26:34,272 - INFO -
| Epoch:    241 | Train loss: 0.0000 | Valid loss: 0.0000 | Train acc: 1.0000 | Valid acc: 0.9998 | patience: 185 | Epoch time: 29.0 |

2023-01-27 16:27:03,233 - INFO -
| Epoch:    242 | Train loss: 0.0000 | Valid loss: 0.0000 | Train acc: 1.0000 | Valid acc: 1.0000 | patience: 186 | Epoch time: 29.0 |

2023-01-27 16:27:32,192 - INFO -
| Epoch:    243 | Train loss: 0.0000 | Valid loss: 0.0008 | Train acc: 1.0000 | Valid acc: 1.0000 | patience: 187 | Epoch time: 29.0 |

2023-01-27 16:28:01,389 - INFO -
| Epoch:    244 | Train loss: 0.0002 | Valid loss: 0.0000 | Train acc: 1.0000 | Valid acc: 1.0000 | patience: 188 | Epoch time: 29.2 |

2023-01-27 16:28:30,351 - INFO -
| Epoch:    245 | Train loss: 0.0000 | Valid loss: 0.0000 | Train acc: 1.0000 | Valid acc: 1.0000 | patience: 189 | Epoch time: 29.0 |

2023-01-27 16:28:59,291 - INFO -
| Epoch:    246 | Train loss: 0.0002 | Valid loss: 0.0000 | Train acc: 1.0000 | Valid acc: 1.0000 | patience: 190 | Epoch time: 28.9 |

2023-01-27 16:29:28,268 - INFO -
| Epoch:    247 | Train loss: 0.0000 | Valid loss: 0.0008 | Train acc: 1.0000 | Valid acc: 1.0000 | patience: 191 | Epoch time: 29.0 |

2023-01-27 16:29:57,233 - INFO -
| Epoch:    248 | Train loss: 0.0000 | Valid loss: 0.0002 | Train acc: 1.0000 | Valid acc: 1.0000 | patience: 192 | Epoch time: 29.0 |

2023-01-27 16:30:26,218 - INFO -
| Epoch:    249 | Train loss: 0.0000 | Valid loss: 0.0011 | Train acc: 1.0000 | Valid acc: 0.9990 | patience: 193 | Epoch time: 29.0 |

2023-01-27 16:30:55,164 - INFO -
| Epoch:    250 | Train loss: 0.0000 | Valid loss: 0.0003 | Train acc: 0.9999 | Valid acc: 1.0000 | patience: 194 | Epoch time: 28.9 |

2023-01-27 16:31:24,108 - INFO -
| Epoch:    251 | Train loss: 0.0002 | Valid loss: 0.0000 | Train acc: 1.0000 | Valid acc: 1.0000 | patience: 195 | Epoch time: 28.9 |

2023-01-27 16:31:53,101 - INFO -
| Epoch:    252 | Train loss: 0.0000 | Valid loss: 0.0004 | Train acc: 0.9999 | Valid acc: 1.0000 | patience: 196 | Epoch time: 29.0 |

2023-01-27 16:32:22,068 - INFO -
| Epoch:    253 | Train loss: 0.0000 | Valid loss: 0.0002 | Train acc: 0.9998 | Valid acc: 1.0000 | patience: 197 | Epoch time: 29.0 |

2023-01-27 16:32:51,057 - INFO -
| Epoch:    254 | Train loss: 0.0005 | Valid loss: 0.0001 | Train acc: 1.0000 | Valid acc: 1.0000 | patience: 198 | Epoch time: 29.0 |

2023-01-27 16:33:20,026 - INFO -
| Epoch:    255 | Train loss: 0.0000 | Valid loss: 0.0000 | Train acc: 0.9990 | Valid acc: 1.0000 | patience: 199 | Epoch time: 29.0 |

2023-01-27 16:33:49,006 - INFO -
| Epoch:    256 | Train loss: 0.0000 | Valid loss: 0.0011 | Train acc: 1.0000 | Valid acc: 1.0000 | patience: 200 | Epoch time: 29.0 |

2023-01-27 16:34:17,996 - INFO -
| Epoch:    257 | Train loss: 0.0000 | Valid loss: 0.0011 | Train acc: 1.0000 | Valid acc: 0.9972 | patience: 201 | Epoch time: 29.0 |

2023-01-27 16:34:46,991 - INFO -
| Epoch:    258 | Train loss: 0.0000 | Valid loss: 0.0000 | Train acc: 1.0000 | Valid acc: 1.0000 | patience: 202 | Epoch time: 29.0 |

2023-01-27 16:35:15,981 - INFO -
| Epoch:    259 | Train loss: 0.0000 | Valid loss: 0.0000 | Train acc: 1.0000 | Valid acc: 1.0000 | patience: 203 | Epoch time: 29.0 |

2023-01-27 16:35:44,976 - INFO -
| Epoch:    260 | Train loss: 0.0070 | Valid loss: 0.0000 | Train acc: 1.0000 | Valid acc: 1.0000 | patience: 204 | Epoch time: 29.0 |

2023-01-27 16:36:13,957 - INFO -
| Epoch:    261 | Train loss: 0.0000 | Valid loss: 0.0001 | Train acc: 1.0000 | Valid acc: 1.0000 | patience: 205 | Epoch time: 29.0 |

2023-01-27 16:36:42,972 - INFO -
| Epoch:    262 | Train loss: 0.0000 | Valid loss: 0.0000 | Train acc: 1.0000 | Valid acc: 1.0000 | patience: 206 | Epoch time: 29.0 |

2023-01-27 16:37:11,975 - INFO -
| Epoch:    263 | Train loss: 0.0000 | Valid loss: 0.0000 | Train acc: 1.0000 | Valid acc: 1.0000 | patience: 207 | Epoch time: 29.0 |

2023-01-27 16:37:40,984 - INFO -
| Epoch:    264 | Train loss: 0.0011 | Valid loss: 0.0000 | Train acc: 1.0000 | Valid acc: 1.0000 | patience: 208 | Epoch time: 29.0 |

2023-01-27 16:38:09,981 - INFO -
| Epoch:    265 | Train loss: 0.0013 | Valid loss: 0.0003 | Train acc: 1.0000 | Valid acc: 1.0000 | patience: 209 | Epoch time: 29.0 |

2023-01-27 16:38:38,991 - INFO -
| Epoch:    266 | Train loss: 0.0004 | Valid loss: 0.0007 | Train acc: 1.0000 | Valid acc: 1.0000 | patience: 210 | Epoch time: 29.0 |

2023-01-27 16:39:08,005 - INFO -
| Epoch:    267 | Train loss: 0.0000 | Valid loss: 0.0003 | Train acc: 1.0000 | Valid acc: 1.0000 | patience: 211 | Epoch time: 29.0 |

2023-01-27 16:39:37,482 - INFO -
| Epoch:    268 | Train loss: 0.0000 | Valid loss: 0.0000 | Train acc: 1.0000 | Valid acc: 1.0000 | patience: 212 | Epoch time: 29.5 |

2023-01-27 16:40:06,482 - INFO -
| Epoch:    269 | Train loss: 0.0002 | Valid loss: 0.0000 | Train acc: 1.0000 | Valid acc: 1.0000 | patience: 213 | Epoch time: 29.0 |

2023-01-27 16:40:35,501 - INFO -
| Epoch:    270 | Train loss: 0.0000 | Valid loss: 0.0001 | Train acc: 1.0000 | Valid acc: 1.0000 | patience: 214 | Epoch time: 29.0 |

2023-01-27 16:41:04,508 - INFO -
| Epoch:    271 | Train loss: 0.0006 | Valid loss: 0.0000 | Train acc: 1.0000 | Valid acc: 1.0000 | patience: 215 | Epoch time: 29.0 |

2023-01-27 16:41:33,513 - INFO -
| Epoch:    272 | Train loss: 0.0000 | Valid loss: 0.0000 | Train acc: 1.0000 | Valid acc: 1.0000 | patience: 216 | Epoch time: 29.0 |

2023-01-27 16:42:02,526 - INFO -
| Epoch:    273 | Train loss: 0.0000 | Valid loss: 0.0016 | Train acc: 1.0000 | Valid acc: 1.0000 | patience: 217 | Epoch time: 29.0 |

2023-01-27 16:42:31,544 - INFO -
| Epoch:    274 | Train loss: 0.0009 | Valid loss: 0.0000 | Train acc: 1.0000 | Valid acc: 1.0000 | patience: 218 | Epoch time: 29.0 |

2023-01-27 16:43:00,558 - INFO -
| Epoch:    275 | Train loss: 0.0000 | Valid loss: 0.0012 | Train acc: 1.0000 | Valid acc: 0.9999 | patience: 219 | Epoch time: 29.0 |

2023-01-27 16:43:29,564 - INFO -
| Epoch:    276 | Train loss: 0.0000 | Valid loss: 0.0000 | Train acc: 1.0000 | Valid acc: 1.0000 | patience: 220 | Epoch time: 29.0 |

2023-01-27 16:43:58,566 - INFO -
| Epoch:    277 | Train loss: 0.0001 | Valid loss: 0.0004 | Train acc: 1.0000 | Valid acc: 1.0000 | patience: 221 | Epoch time: 29.0 |

2023-01-27 16:44:27,562 - INFO -
| Epoch:    278 | Train loss: 0.0002 | Valid loss: 0.0000 | Train acc: 1.0000 | Valid acc: 1.0000 | patience: 222 | Epoch time: 29.0 |

2023-01-27 16:44:56,558 - INFO -
| Epoch:    279 | Train loss: 0.0000 | Valid loss: 0.0020 | Train acc: 1.0000 | Valid acc: 1.0000 | patience: 223 | Epoch time: 29.0 |

2023-01-27 16:45:25,552 - INFO -
| Epoch:    280 | Train loss: 0.0000 | Valid loss: 0.0001 | Train acc: 1.0000 | Valid acc: 1.0000 | patience: 224 | Epoch time: 29.0 |

2023-01-27 16:45:54,572 - INFO -
| Epoch:    281 | Train loss: 0.0000 | Valid loss: 0.0001 | Train acc: 0.9994 | Valid acc: 1.0000 | patience: 225 | Epoch time: 29.0 |

2023-01-27 16:46:23,567 - INFO -
| Epoch:    282 | Train loss: 0.0001 | Valid loss: 0.0000 | Train acc: 1.0000 | Valid acc: 1.0000 | patience: 226 | Epoch time: 29.0 |

2023-01-27 16:46:52,597 - INFO -
| Epoch:    283 | Train loss: 0.0000 | Valid loss: 0.0001 | Train acc: 1.0000 | Valid acc: 1.0000 | patience: 227 | Epoch time: 29.0 |

2023-01-27 16:47:21,607 - INFO -
| Epoch:    284 | Train loss: 0.0000 | Valid loss: 0.0001 | Train acc: 1.0000 | Valid acc: 0.9995 | patience: 228 | Epoch time: 29.0 |

2023-01-27 16:47:50,630 - INFO -
| Epoch:    285 | Train loss: 0.0000 | Valid loss: 0.0001 | Train acc: 0.9996 | Valid acc: 1.0000 | patience: 229 | Epoch time: 29.0 |

2023-01-27 16:48:19,641 - INFO -
| Epoch:    286 | Train loss: 0.0000 | Valid loss: 0.0002 | Train acc: 1.0000 | Valid acc: 1.0000 | patience: 230 | Epoch time: 29.0 |

2023-01-27 16:48:48,661 - INFO -
| Epoch:    287 | Train loss: 0.0000 | Valid loss: 0.0000 | Train acc: 1.0000 | Valid acc: 1.0000 | patience: 231 | Epoch time: 29.0 |

2023-01-27 16:49:17,707 - INFO -
| Epoch:    288 | Train loss: 0.0000 | Valid loss: 0.0000 | Train acc: 1.0000 | Valid acc: 1.0000 | patience: 232 | Epoch time: 29.0 |

2023-01-27 16:49:47,194 - INFO -
| Epoch:    289 | Train loss: 0.0002 | Valid loss: 0.0001 | Train acc: 1.0000 | Valid acc: 1.0000 | patience: 233 | Epoch time: 29.5 |

2023-01-27 16:50:16,189 - INFO -
| Epoch:    290 | Train loss: 0.0000 | Valid loss: 0.0005 | Train acc: 1.0000 | Valid acc: 1.0000 | patience: 234 | Epoch time: 29.0 |

2023-01-27 16:50:45,190 - INFO -
| Epoch:    291 | Train loss: 0.0001 | Valid loss: 0.0001 | Train acc: 1.0000 | Valid acc: 1.0000 | patience: 235 | Epoch time: 29.0 |

2023-01-27 16:51:14,203 - INFO -
| Epoch:    292 | Train loss: 0.0000 | Valid loss: 0.0006 | Train acc: 0.9990 | Valid acc: 1.0000 | patience: 236 | Epoch time: 29.0 |

2023-01-27 16:51:43,195 - INFO -
| Epoch:    293 | Train loss: 0.0001 | Valid loss: 0.0000 | Train acc: 1.0000 | Valid acc: 1.0000 | patience: 237 | Epoch time: 29.0 |

2023-01-27 16:52:12,195 - INFO -
| Epoch:    294 | Train loss: 0.0000 | Valid loss: 0.0000 | Train acc: 1.0000 | Valid acc: 1.0000 | patience: 238 | Epoch time: 29.0 |

2023-01-27 16:52:41,185 - INFO -
| Epoch:    295 | Train loss: 0.0000 | Valid loss: 0.0000 | Train acc: 0.9986 | Valid acc: 1.0000 | patience: 239 | Epoch time: 29.0 |

2023-01-27 16:53:10,196 - INFO -
| Epoch:    296 | Train loss: 0.0000 | Valid loss: 0.0000 | Train acc: 1.0000 | Valid acc: 1.0000 | patience: 240 | Epoch time: 29.0 |

2023-01-27 16:53:39,206 - INFO -
| Epoch:    297 | Train loss: 0.0046 | Valid loss: 0.0000 | Train acc: 1.0000 | Valid acc: 1.0000 | patience: 241 | Epoch time: 29.0 |

2023-01-27 16:54:08,191 - INFO -
| Epoch:    298 | Train loss: 0.0002 | Valid loss: 0.0007 | Train acc: 1.0000 | Valid acc: 0.9993 | patience: 242 | Epoch time: 29.0 |

2023-01-27 16:54:37,208 - INFO -
| Epoch:    299 | Train loss: 0.0000 | Valid loss: 0.0000 | Train acc: 1.0000 | Valid acc: 1.0000 | patience: 243 | Epoch time: 29.0 |

2023-01-27 16:55:06,222 - INFO -
| Epoch:    300 | Train loss: 0.0000 | Valid loss: 0.0015 | Train acc: 1.0000 | Valid acc: 1.0000 | patience: 244 | Epoch time: 29.0 |

2023-01-27 16:55:35,220 - INFO -
| Epoch:    301 | Train loss: 0.0000 | Valid loss: 0.0000 | Train acc: 1.0000 | Valid acc: 0.9997 | patience: 245 | Epoch time: 29.0 |

2023-01-27 16:56:04,232 - INFO -
| Epoch:    302 | Train loss: 0.0000 | Valid loss: 0.0000 | Train acc: 1.0000 | Valid acc: 1.0000 | patience: 246 | Epoch time: 29.0 |

2023-01-27 16:56:33,231 - INFO -
| Epoch:    303 | Train loss: 0.0000 | Valid loss: 0.0000 | Train acc: 1.0000 | Valid acc: 1.0000 | patience: 247 | Epoch time: 29.0 |

2023-01-27 16:57:02,219 - INFO -
| Epoch:    304 | Train loss: 0.0001 | Valid loss: 0.0000 | Train acc: 0.9999 | Valid acc: 1.0000 | patience: 248 | Epoch time: 29.0 |

2023-01-27 16:57:31,202 - INFO -
| Epoch:    305 | Train loss: 0.0008 | Valid loss: 0.0000 | Train acc: 1.0000 | Valid acc: 1.0000 | patience: 249 | Epoch time: 29.0 |

2023-01-27 16:58:00,196 - INFO -
| Epoch:    306 | Train loss: 0.0000 | Valid loss: 0.0011 | Train acc: 0.9979 | Valid acc: 1.0000 | patience: 250 | Epoch time: 29.0 |

2023-01-27 16:58:29,197 - INFO -
| Epoch:    307 | Train loss: 0.0000 | Valid loss: 0.0000 | Train acc: 1.0000 | Valid acc: 1.0000 | patience: 251 | Epoch time: 29.0 |

2023-01-27 16:58:58,198 - INFO -
| Epoch:    308 | Train loss: 0.0000 | Valid loss: 0.0002 | Train acc: 1.0000 | Valid acc: 1.0000 | patience: 252 | Epoch time: 29.0 |

2023-01-27 16:59:27,191 - INFO -
| Epoch:    309 | Train loss: 0.0000 | Valid loss: 0.0000 | Train acc: 0.9998 | Valid acc: 1.0000 | patience: 253 | Epoch time: 29.0 |

2023-01-27 16:59:56,193 - INFO -
| Epoch:    310 | Train loss: 0.0001 | Valid loss: 0.0000 | Train acc: 1.0000 | Valid acc: 1.0000 | patience: 254 | Epoch time: 29.0 |

2023-01-27 17:00:25,213 - INFO -
| Epoch:    311 | Train loss: 0.0000 | Valid loss: 0.0004 | Train acc: 1.0000 | Valid acc: 0.9998 | patience: 255 | Epoch time: 29.0 |

2023-01-27 17:00:54,239 - INFO -
| Epoch:    312 | Train loss: 0.0000 | Valid loss: 0.0000 | Train acc: 1.0000 | Valid acc: 1.0000 | patience: 256 | Epoch time: 29.0 |

2023-01-27 17:01:23,242 - INFO -
| Epoch:    313 | Train loss: 0.0004 | Valid loss: 0.0003 | Train acc: 1.0000 | Valid acc: 1.0000 | patience: 257 | Epoch time: 29.0 |

2023-01-27 17:01:52,269 - INFO -
| Epoch:    314 | Train loss: 0.0000 | Valid loss: 0.0004 | Train acc: 1.0000 | Valid acc: 1.0000 | patience: 258 | Epoch time: 29.0 |

2023-01-27 17:02:21,256 - INFO -
| Epoch:    315 | Train loss: 0.0005 | Valid loss: 0.0004 | Train acc: 0.9999 | Valid acc: 0.9996 | patience: 259 | Epoch time: 29.0 |

2023-01-27 17:02:50,250 - INFO -
| Epoch:    316 | Train loss: 0.0000 | Valid loss: 0.0001 | Train acc: 1.0000 | Valid acc: 1.0000 | patience: 260 | Epoch time: 29.0 |

2023-01-27 17:03:19,245 - INFO -
| Epoch:    317 | Train loss: 0.0025 | Valid loss: 0.0000 | Train acc: 1.0000 | Valid acc: 1.0000 | patience: 261 | Epoch time: 29.0 |

2023-01-27 17:03:48,261 - INFO -
| Epoch:    318 | Train loss: 0.0000 | Valid loss: 0.0000 | Train acc: 1.0000 | Valid acc: 1.0000 | patience: 262 | Epoch time: 29.0 |

2023-01-27 17:04:17,279 - INFO -
| Epoch:    319 | Train loss: 0.0000 | Valid loss: 0.0001 | Train acc: 1.0000 | Valid acc: 1.0000 | patience: 263 | Epoch time: 29.0 |

2023-01-27 17:04:46,287 - INFO -
| Epoch:    320 | Train loss: 0.0015 | Valid loss: 0.0002 | Train acc: 1.0000 | Valid acc: 1.0000 | patience: 264 | Epoch time: 29.0 |

2023-01-27 17:05:15,307 - INFO -
| Epoch:    321 | Train loss: 0.0006 | Valid loss: 0.0000 | Train acc: 1.0000 | Valid acc: 1.0000 | patience: 265 | Epoch time: 29.0 |

2023-01-27 17:05:44,307 - INFO -
| Epoch:    322 | Train loss: 0.0001 | Valid loss: 0.0000 | Train acc: 1.0000 | Valid acc: 0.9998 | patience: 266 | Epoch time: 29.0 |

2023-01-27 17:06:13,298 - INFO -
| Epoch:    323 | Train loss: 0.0006 | Valid loss: 0.0000 | Train acc: 1.0000 | Valid acc: 1.0000 | patience: 267 | Epoch time: 29.0 |

2023-01-27 17:06:42,318 - INFO -
| Epoch:    324 | Train loss: 0.0002 | Valid loss: 0.0003 | Train acc: 1.0000 | Valid acc: 1.0000 | patience: 268 | Epoch time: 29.0 |

2023-01-27 17:07:11,353 - INFO -
| Epoch:    325 | Train loss: 0.0002 | Valid loss: 0.0001 | Train acc: 1.0000 | Valid acc: 1.0000 | patience: 269 | Epoch time: 29.0 |

2023-01-27 17:07:40,367 - INFO -
| Epoch:    326 | Train loss: 0.0000 | Valid loss: 0.0000 | Train acc: 1.0000 | Valid acc: 1.0000 | patience: 270 | Epoch time: 29.0 |

2023-01-27 17:08:09,389 - INFO -
| Epoch:    327 | Train loss: 0.0000 | Valid loss: 0.0000 | Train acc: 0.9987 | Valid acc: 1.0000 | patience: 271 | Epoch time: 29.0 |

2023-01-27 17:08:38,859 - INFO -
| Epoch:    328 | Train loss: 0.0002 | Valid loss: 0.0000 | Train acc: 1.0000 | Valid acc: 1.0000 | patience: 272 | Epoch time: 29.5 |

2023-01-27 17:09:07,865 - INFO -
| Epoch:    329 | Train loss: 0.0000 | Valid loss: 0.0000 | Train acc: 1.0000 | Valid acc: 1.0000 | patience: 273 | Epoch time: 29.0 |

2023-01-27 17:09:36,874 - INFO -
| Epoch:    330 | Train loss: 0.0004 | Valid loss: 0.0000 | Train acc: 1.0000 | Valid acc: 1.0000 | patience: 274 | Epoch time: 29.0 |

2023-01-27 17:10:05,893 - INFO -
| Epoch:    331 | Train loss: 0.0007 | Valid loss: 0.0000 | Train acc: 1.0000 | Valid acc: 1.0000 | patience: 275 | Epoch time: 29.0 |

2023-01-27 17:10:34,879 - INFO -
| Epoch:    332 | Train loss: 0.0000 | Valid loss: 0.0000 | Train acc: 1.0000 | Valid acc: 1.0000 | patience: 276 | Epoch time: 29.0 |

2023-01-27 17:11:03,885 - INFO -
| Epoch:    333 | Train loss: 0.0003 | Valid loss: 0.0000 | Train acc: 1.0000 | Valid acc: 1.0000 | patience: 277 | Epoch time: 29.0 |

2023-01-27 17:11:32,889 - INFO -
| Epoch:    334 | Train loss: 0.0000 | Valid loss: 0.0006 | Train acc: 0.9999 | Valid acc: 1.0000 | patience: 278 | Epoch time: 29.0 |

2023-01-27 17:12:01,899 - INFO -
| Epoch:    335 | Train loss: 0.0000 | Valid loss: 0.0007 | Train acc: 1.0000 | Valid acc: 1.0000 | patience: 279 | Epoch time: 29.0 |

2023-01-27 17:12:31,206 - INFO -
| Epoch:    336 | Train loss: 0.0061 | Valid loss: 0.0007 | Train acc: 1.0000 | Valid acc: 0.9997 | patience: 280 | Epoch time: 29.3 |

2023-01-27 17:13:00,237 - INFO -
| Epoch:    337 | Train loss: 0.0000 | Valid loss: 0.0000 | Train acc: 1.0000 | Valid acc: 0.9992 | patience: 281 | Epoch time: 29.0 |

2023-01-27 17:13:29,252 - INFO -
| Epoch:    338 | Train loss: 0.0000 | Valid loss: 0.0000 | Train acc: 1.0000 | Valid acc: 1.0000 | patience: 282 | Epoch time: 29.0 |

2023-01-27 17:13:58,270 - INFO -
| Epoch:    339 | Train loss: 0.0000 | Valid loss: 0.0002 | Train acc: 1.0000 | Valid acc: 1.0000 | patience: 283 | Epoch time: 29.0 |

2023-01-27 17:14:27,299 - INFO -
| Epoch:    340 | Train loss: 0.0031 | Valid loss: 0.0000 | Train acc: 1.0000 | Valid acc: 1.0000 | patience: 284 | Epoch time: 29.0 |

2023-01-27 17:14:56,327 - INFO -
| Epoch:    341 | Train loss: 0.0006 | Valid loss: 0.0017 | Train acc: 1.0000 | Valid acc: 1.0000 | patience: 285 | Epoch time: 29.0 |

2023-01-27 17:15:25,327 - INFO -
| Epoch:    342 | Train loss: 0.0000 | Valid loss: 0.0000 | Train acc: 1.0000 | Valid acc: 1.0000 | patience: 286 | Epoch time: 29.0 |

2023-01-27 17:15:54,339 - INFO -
| Epoch:    343 | Train loss: 0.0002 | Valid loss: 0.0036 | Train acc: 1.0000 | Valid acc: 1.0000 | patience: 287 | Epoch time: 29.0 |

2023-01-27 17:16:23,351 - INFO -
| Epoch:    344 | Train loss: 0.0000 | Valid loss: 0.0000 | Train acc: 1.0000 | Valid acc: 1.0000 | patience: 288 | Epoch time: 29.0 |

2023-01-27 17:16:52,373 - INFO -
| Epoch:    345 | Train loss: 0.0000 | Valid loss: 0.0012 | Train acc: 1.0000 | Valid acc: 1.0000 | patience: 289 | Epoch time: 29.0 |

2023-01-27 17:17:21,418 - INFO -
| Epoch:    346 | Train loss: 0.0000 | Valid loss: 0.0003 | Train acc: 1.0000 | Valid acc: 1.0000 | patience: 290 | Epoch time: 29.0 |

2023-01-27 17:17:50,444 - INFO -
| Epoch:    347 | Train loss: 0.0000 | Valid loss: 0.0000 | Train acc: 1.0000 | Valid acc: 1.0000 | patience: 291 | Epoch time: 29.0 |

2023-01-27 17:18:19,488 - INFO -
| Epoch:    348 | Train loss: 0.0000 | Valid loss: 0.0023 | Train acc: 1.0000 | Valid acc: 0.9993 | patience: 292 | Epoch time: 29.0 |

2023-01-27 17:18:48,973 - INFO -
| Epoch:    349 | Train loss: 0.0000 | Valid loss: 0.0000 | Train acc: 1.0000 | Valid acc: 1.0000 | patience: 293 | Epoch time: 29.5 |

2023-01-27 17:19:18,022 - INFO -
| Epoch:    350 | Train loss: 0.0030 | Valid loss: 0.0000 | Train acc: 1.0000 | Valid acc: 1.0000 | patience: 294 | Epoch time: 29.0 |

2023-01-27 17:19:47,055 - INFO -
| Epoch:    351 | Train loss: 0.0000 | Valid loss: 0.0007 | Train acc: 1.0000 | Valid acc: 0.9998 | patience: 295 | Epoch time: 29.0 |

2023-01-27 17:20:16,085 - INFO -
| Epoch:    352 | Train loss: 0.0000 | Valid loss: 0.0040 | Train acc: 1.0000 | Valid acc: 1.0000 | patience: 296 | Epoch time: 29.0 |

2023-01-27 17:20:45,101 - INFO -
| Epoch:    353 | Train loss: 0.0001 | Valid loss: 0.0000 | Train acc: 1.0000 | Valid acc: 0.9993 | patience: 297 | Epoch time: 29.0 |

2023-01-27 17:21:14,115 - INFO -
| Epoch:    354 | Train loss: 0.0017 | Valid loss: 0.0010 | Train acc: 1.0000 | Valid acc: 1.0000 | patience: 298 | Epoch time: 29.0 |

2023-01-27 17:21:43,123 - INFO -
| Epoch:    355 | Train loss: 0.0006 | Valid loss: 0.0002 | Train acc: 1.0000 | Valid acc: 0.9999 | patience: 299 | Epoch time: 29.0 |

2023-01-27 17:22:12,134 - INFO -
| Epoch:    356 | Train loss: 0.0009 | Valid loss: 0.0009 | Train acc: 1.0000 | Valid acc: 1.0000 | patience: 300 | Epoch time: 29.0 |

2023-01-27 17:22:41,143 - INFO -
| Epoch:    357 | Train loss: 0.0007 | Valid loss: 0.0000 | Train acc: 1.0000 | Valid acc: 1.0000 | patience: 301 | Epoch time: 29.0 |

2023-01-27 17:23:10,179 - INFO -
| Epoch:    358 | Train loss: 0.0001 | Valid loss: 0.0005 | Train acc: 1.0000 | Valid acc: 1.0000 | patience: 302 | Epoch time: 29.0 |

2023-01-27 17:23:39,202 - INFO -
| Epoch:    359 | Train loss: 0.0000 | Valid loss: 0.0000 | Train acc: 1.0000 | Valid acc: 1.0000 | patience: 303 | Epoch time: 29.0 |

2023-01-27 17:24:08,214 - INFO -
| Epoch:    360 | Train loss: 0.0000 | Valid loss: 0.0000 | Train acc: 1.0000 | Valid acc: 1.0000 | patience: 304 | Epoch time: 29.0 |

2023-01-27 17:24:37,233 - INFO -
| Epoch:    361 | Train loss: 0.0000 | Valid loss: 0.0007 | Train acc: 1.0000 | Valid acc: 1.0000 | patience: 305 | Epoch time: 29.0 |

2023-01-27 17:25:06,263 - INFO -
| Epoch:    362 | Train loss: 0.0005 | Valid loss: 0.0000 | Train acc: 0.9998 | Valid acc: 1.0000 | patience: 306 | Epoch time: 29.0 |

2023-01-27 17:25:35,274 - INFO -
| Epoch:    363 | Train loss: 0.0007 | Valid loss: 0.0003 | Train acc: 1.0000 | Valid acc: 1.0000 | patience: 307 | Epoch time: 29.0 |

2023-01-27 17:26:04,313 - INFO -
| Epoch:    364 | Train loss: 0.0001 | Valid loss: 0.0005 | Train acc: 1.0000 | Valid acc: 1.0000 | patience: 308 | Epoch time: 29.0 |

2023-01-27 17:26:33,341 - INFO -
| Epoch:    365 | Train loss: 0.0000 | Valid loss: 0.0000 | Train acc: 1.0000 | Valid acc: 1.0000 | patience: 309 | Epoch time: 29.0 |

2023-01-27 17:27:02,346 - INFO -
| Epoch:    366 | Train loss: 0.0001 | Valid loss: 0.0000 | Train acc: 1.0000 | Valid acc: 1.0000 | patience: 310 | Epoch time: 29.0 |

2023-01-27 17:27:31,353 - INFO -
| Epoch:    367 | Train loss: 0.0000 | Valid loss: 0.0001 | Train acc: 1.0000 | Valid acc: 1.0000 | patience: 311 | Epoch time: 29.0 |

2023-01-27 17:28:00,349 - INFO -
| Epoch:    368 | Train loss: 0.0000 | Valid loss: 0.0003 | Train acc: 1.0000 | Valid acc: 1.0000 | patience: 312 | Epoch time: 29.0 |

2023-01-27 17:28:29,349 - INFO -
| Epoch:    369 | Train loss: 0.0003 | Valid loss: 0.0000 | Train acc: 1.0000 | Valid acc: 1.0000 | patience: 313 | Epoch time: 29.0 |

2023-01-27 17:28:58,339 - INFO -
| Epoch:    370 | Train loss: 0.0000 | Valid loss: 0.0005 | Train acc: 1.0000 | Valid acc: 1.0000 | patience: 314 | Epoch time: 29.0 |

2023-01-27 17:29:27,351 - INFO -
| Epoch:    371 | Train loss: 0.0002 | Valid loss: 0.0000 | Train acc: 1.0000 | Valid acc: 1.0000 | patience: 315 | Epoch time: 29.0 |

2023-01-27 17:29:56,355 - INFO -
| Epoch:    372 | Train loss: 0.0000 | Valid loss: 0.0000 | Train acc: 0.9979 | Valid acc: 1.0000 | patience: 316 | Epoch time: 29.0 |

2023-01-27 17:30:25,364 - INFO -
| Epoch:    373 | Train loss: 0.0000 | Valid loss: 0.0000 | Train acc: 1.0000 | Valid acc: 1.0000 | patience: 317 | Epoch time: 29.0 |

2023-01-27 17:30:54,377 - INFO -
| Epoch:    374 | Train loss: 0.0000 | Valid loss: 0.0000 | Train acc: 1.0000 | Valid acc: 0.9993 | patience: 318 | Epoch time: 29.0 |

2023-01-27 17:31:23,380 - INFO -
| Epoch:    375 | Train loss: 0.0000 | Valid loss: 0.0000 | Train acc: 1.0000 | Valid acc: 1.0000 | patience: 319 | Epoch time: 29.0 |

2023-01-27 17:31:52,374 - INFO -
| Epoch:    376 | Train loss: 0.0000 | Valid loss: 0.0000 | Train acc: 0.9991 | Valid acc: 0.9999 | patience: 320 | Epoch time: 29.0 |

2023-01-27 17:32:21,402 - INFO -
| Epoch:    377 | Train loss: 0.0000 | Valid loss: 0.0000 | Train acc: 1.0000 | Valid acc: 1.0000 | patience: 321 | Epoch time: 29.0 |

2023-01-27 17:32:52,295 - INFO -
| Epoch:    378 | Train loss: 0.0001 | Valid loss: 0.0000 | Train acc: 1.0000 | Valid acc: 1.0000 | patience: 322 | Epoch time: 30.9 |

2023-01-27 17:33:21,334 - INFO -
| Epoch:    379 | Train loss: 0.0000 | Valid loss: 0.0000 | Train acc: 1.0000 | Valid acc: 1.0000 | patience: 323 | Epoch time: 29.0 |

2023-01-27 17:33:50,334 - INFO -
| Epoch:    380 | Train loss: 0.0007 | Valid loss: 0.0000 | Train acc: 1.0000 | Valid acc: 0.9991 | patience: 324 | Epoch time: 29.0 |

2023-01-27 17:34:19,342 - INFO -
| Epoch:    381 | Train loss: 0.0000 | Valid loss: 0.0008 | Train acc: 1.0000 | Valid acc: 1.0000 | patience: 325 | Epoch time: 29.0 |

2023-01-27 17:34:48,332 - INFO -
| Epoch:    382 | Train loss: 0.0000 | Valid loss: 0.0005 | Train acc: 1.0000 | Valid acc: 1.0000 | patience: 326 | Epoch time: 29.0 |

2023-01-27 17:35:17,343 - INFO -
| Epoch:    383 | Train loss: 0.0006 | Valid loss: 0.0000 | Train acc: 1.0000 | Valid acc: 0.9993 | patience: 327 | Epoch time: 29.0 |

2023-01-27 17:35:46,339 - INFO -
| Epoch:    384 | Train loss: 0.0002 | Valid loss: 0.0004 | Train acc: 1.0000 | Valid acc: 0.9997 | patience: 328 | Epoch time: 29.0 |

2023-01-27 17:36:15,363 - INFO -
| Epoch:    385 | Train loss: 0.0001 | Valid loss: 0.0000 | Train acc: 1.0000 | Valid acc: 1.0000 | patience: 329 | Epoch time: 29.0 |

2023-01-27 17:36:44,373 - INFO -
| Epoch:    386 | Train loss: 0.0007 | Valid loss: 0.0003 | Train acc: 1.0000 | Valid acc: 1.0000 | patience: 330 | Epoch time: 29.0 |

2023-01-27 17:37:13,408 - INFO -
| Epoch:    387 | Train loss: 0.0000 | Valid loss: 0.0000 | Train acc: 1.0000 | Valid acc: 1.0000 | patience: 331 | Epoch time: 29.0 |

2023-01-27 17:37:42,862 - INFO -
| Epoch:    388 | Train loss: 0.0000 | Valid loss: 0.0000 | Train acc: 1.0000 | Valid acc: 1.0000 | patience: 332 | Epoch time: 29.5 |

2023-01-27 17:38:11,869 - INFO -
| Epoch:    389 | Train loss: 0.0000 | Valid loss: 0.0003 | Train acc: 1.0000 | Valid acc: 1.0000 | patience: 333 | Epoch time: 29.0 |

2023-01-27 17:38:40,892 - INFO -
| Epoch:    390 | Train loss: 0.0002 | Valid loss: 0.0000 | Train acc: 1.0000 | Valid acc: 1.0000 | patience: 334 | Epoch time: 29.0 |

2023-01-27 17:39:09,892 - INFO -
| Epoch:    391 | Train loss: 0.0000 | Valid loss: 0.0001 | Train acc: 1.0000 | Valid acc: 0.9996 | patience: 335 | Epoch time: 29.0 |

2023-01-27 17:39:38,876 - INFO -
| Epoch:    392 | Train loss: 0.0003 | Valid loss: 0.0000 | Train acc: 1.0000 | Valid acc: 1.0000 | patience: 336 | Epoch time: 29.0 |

2023-01-27 17:40:07,885 - INFO -
| Epoch:    393 | Train loss: 0.0000 | Valid loss: 0.0000 | Train acc: 0.9997 | Valid acc: 1.0000 | patience: 337 | Epoch time: 29.0 |

2023-01-27 17:40:36,910 - INFO -
| Epoch:    394 | Train loss: 0.0000 | Valid loss: 0.0000 | Train acc: 1.0000 | Valid acc: 0.9997 | patience: 338 | Epoch time: 29.0 |

2023-01-27 17:41:05,930 - INFO -
| Epoch:    395 | Train loss: 0.0000 | Valid loss: 0.0000 | Train acc: 1.0000 | Valid acc: 1.0000 | patience: 339 | Epoch time: 29.0 |

2023-01-27 17:41:34,931 - INFO -
| Epoch:    396 | Train loss: 0.0008 | Valid loss: 0.0003 | Train acc: 1.0000 | Valid acc: 1.0000 | patience: 340 | Epoch time: 29.0 |

2023-01-27 17:42:03,966 - INFO -
| Epoch:    397 | Train loss: 0.0000 | Valid loss: 0.0000 | Train acc: 1.0000 | Valid acc: 1.0000 | patience: 341 | Epoch time: 29.0 |

2023-01-27 17:42:32,992 - INFO -
| Epoch:    398 | Train loss: 0.0004 | Valid loss: 0.0012 | Train acc: 1.0000 | Valid acc: 1.0000 | patience: 342 | Epoch time: 29.0 |

2023-01-27 17:43:02,004 - INFO -
| Epoch:    399 | Train loss: 0.0000 | Valid loss: 0.0000 | Train acc: 1.0000 | Valid acc: 1.0000 | patience: 343 | Epoch time: 29.0 |

2023-01-27 17:43:31,006 - INFO -
| Epoch:    400 | Train loss: 0.0000 | Valid loss: 0.0000 | Train acc: 1.0000 | Valid acc: 1.0000 | patience: 344 | Epoch time: 29.0 |

2023-01-27 17:44:00,014 - INFO -
| Epoch:    401 | Train loss: 0.0000 | Valid loss: 0.0000 | Train acc: 1.0000 | Valid acc: 1.0000 | patience: 345 | Epoch time: 29.0 |

2023-01-27 17:44:29,023 - INFO -
| Epoch:    402 | Train loss: 0.0001 | Valid loss: 0.0000 | Train acc: 1.0000 | Valid acc: 1.0000 | patience: 346 | Epoch time: 29.0 |

2023-01-27 17:44:58,043 - INFO -
| Epoch:    403 | Train loss: 0.0000 | Valid loss: 0.0003 | Train acc: 1.0000 | Valid acc: 1.0000 | patience: 347 | Epoch time: 29.0 |

2023-01-27 17:45:27,041 - INFO -
| Epoch:    404 | Train loss: 0.0007 | Valid loss: 0.0017 | Train acc: 1.0000 | Valid acc: 1.0000 | patience: 348 | Epoch time: 29.0 |

2023-01-27 17:45:56,033 - INFO -
| Epoch:    405 | Train loss: 0.0000 | Valid loss: 0.0003 | Train acc: 1.0000 | Valid acc: 1.0000 | patience: 349 | Epoch time: 29.0 |

2023-01-27 17:46:25,078 - INFO -
| Epoch:    406 | Train loss: 0.0001 | Valid loss: 0.0004 | Train acc: 1.0000 | Valid acc: 1.0000 | patience: 350 | Epoch time: 29.0 |

2023-01-27 17:46:54,174 - INFO -
| Epoch:    407 | Train loss: 0.0000 | Valid loss: 0.0004 | Train acc: 1.0000 | Valid acc: 1.0000 | patience: 351 | Epoch time: 29.1 |

2023-01-27 17:47:23,204 - INFO -
| Epoch:    408 | Train loss: 0.0000 | Valid loss: 0.0000 | Train acc: 0.9992 | Valid acc: 1.0000 | patience: 352 | Epoch time: 29.0 |

2023-01-27 17:47:52,671 - INFO -
| Epoch:    409 | Train loss: 0.0000 | Valid loss: 0.0000 | Train acc: 1.0000 | Valid acc: 1.0000 | patience: 353 | Epoch time: 29.5 |

2023-01-27 17:48:21,671 - INFO -
| Epoch:    410 | Train loss: 0.0000 | Valid loss: 0.0019 | Train acc: 1.0000 | Valid acc: 0.9997 | patience: 354 | Epoch time: 29.0 |

2023-01-27 17:48:50,653 - INFO -
| Epoch:    411 | Train loss: 0.0002 | Valid loss: 0.0004 | Train acc: 1.0000 | Valid acc: 1.0000 | patience: 355 | Epoch time: 29.0 |

2023-01-27 17:49:19,655 - INFO -
| Epoch:    412 | Train loss: 0.0000 | Valid loss: 0.0000 | Train acc: 1.0000 | Valid acc: 1.0000 | patience: 356 | Epoch time: 29.0 |

2023-01-27 17:49:48,632 - INFO -
| Epoch:    413 | Train loss: 0.0000 | Valid loss: 0.0000 | Train acc: 1.0000 | Valid acc: 1.0000 | patience: 357 | Epoch time: 29.0 |

2023-01-27 17:50:17,649 - INFO -
| Epoch:    414 | Train loss: 0.0000 | Valid loss: 0.0000 | Train acc: 1.0000 | Valid acc: 1.0000 | patience: 358 | Epoch time: 29.0 |

2023-01-27 17:50:46,670 - INFO -
| Epoch:    415 | Train loss: 0.0000 | Valid loss: 0.0000 | Train acc: 1.0000 | Valid acc: 1.0000 | patience: 359 | Epoch time: 29.0 |

2023-01-27 17:51:15,666 - INFO -
| Epoch:    416 | Train loss: 0.0000 | Valid loss: 0.0001 | Train acc: 1.0000 | Valid acc: 0.9996 | patience: 360 | Epoch time: 29.0 |

2023-01-27 17:51:44,682 - INFO -
| Epoch:    417 | Train loss: 0.0000 | Valid loss: 0.0000 | Train acc: 1.0000 | Valid acc: 1.0000 | patience: 361 | Epoch time: 29.0 |

2023-01-27 17:52:13,696 - INFO -
| Epoch:    418 | Train loss: 0.0000 | Valid loss: 0.0001 | Train acc: 1.0000 | Valid acc: 1.0000 | patience: 362 | Epoch time: 29.0 |

2023-01-27 17:52:42,696 - INFO -
| Epoch:    419 | Train loss: 0.0000 | Valid loss: 0.0000 | Train acc: 1.0000 | Valid acc: 1.0000 | patience: 363 | Epoch time: 29.0 |

2023-01-27 17:53:11,671 - INFO -
| Epoch:    420 | Train loss: 0.0000 | Valid loss: 0.0000 | Train acc: 1.0000 | Valid acc: 0.9998 | patience: 364 | Epoch time: 29.0 |

2023-01-27 17:53:40,651 - INFO -
| Epoch:    421 | Train loss: 0.0000 | Valid loss: 0.0000 | Train acc: 1.0000 | Valid acc: 1.0000 | patience: 365 | Epoch time: 29.0 |

2023-01-27 17:54:09,658 - INFO -
| Epoch:    422 | Train loss: 0.0000 | Valid loss: 0.0000 | Train acc: 1.0000 | Valid acc: 1.0000 | patience: 366 | Epoch time: 29.0 |

2023-01-27 17:54:38,664 - INFO -
| Epoch:    423 | Train loss: 0.0000 | Valid loss: 0.0000 | Train acc: 1.0000 | Valid acc: 1.0000 | patience: 367 | Epoch time: 29.0 |

2023-01-27 17:55:07,652 - INFO -
| Epoch:    424 | Train loss: 0.0000 | Valid loss: 0.0002 | Train acc: 1.0000 | Valid acc: 1.0000 | patience: 368 | Epoch time: 29.0 |

2023-01-27 17:55:36,631 - INFO -
| Epoch:    425 | Train loss: 0.0001 | Valid loss: 0.0000 | Train acc: 1.0000 | Valid acc: 1.0000 | patience: 369 | Epoch time: 29.0 |

2023-01-27 17:56:05,603 - INFO -
| Epoch:    426 | Train loss: 0.0000 | Valid loss: 0.0000 | Train acc: 0.9981 | Valid acc: 1.0000 | patience: 370 | Epoch time: 29.0 |

2023-01-27 17:56:34,625 - INFO -
| Epoch:    427 | Train loss: 0.0000 | Valid loss: 0.0000 | Train acc: 1.0000 | Valid acc: 1.0000 | patience: 371 | Epoch time: 29.0 |

2023-01-27 17:57:03,648 - INFO -
| Epoch:    428 | Train loss: 0.0000 | Valid loss: 0.0001 | Train acc: 1.0000 | Valid acc: 1.0000 | patience: 372 | Epoch time: 29.0 |

2023-01-27 17:57:32,669 - INFO -
| Epoch:    429 | Train loss: 0.0000 | Valid loss: 0.0001 | Train acc: 1.0000 | Valid acc: 1.0000 | patience: 373 | Epoch time: 29.0 |

2023-01-27 17:58:01,701 - INFO -
| Epoch:    430 | Train loss: 0.0005 | Valid loss: 0.0000 | Train acc: 1.0000 | Valid acc: 1.0000 | patience: 374 | Epoch time: 29.0 |

2023-01-27 17:58:30,737 - INFO -
| Epoch:    431 | Train loss: 0.0000 | Valid loss: 0.0000 | Train acc: 1.0000 | Valid acc: 1.0000 | patience: 375 | Epoch time: 29.0 |

2023-01-27 17:58:59,762 - INFO -
| Epoch:    432 | Train loss: 0.0000 | Valid loss: 0.0000 | Train acc: 1.0000 | Valid acc: 1.0000 | patience: 376 | Epoch time: 29.0 |

2023-01-27 17:59:28,781 - INFO -
| Epoch:    433 | Train loss: 0.0000 | Valid loss: 0.0000 | Train acc: 1.0000 | Valid acc: 1.0000 | patience: 377 | Epoch time: 29.0 |

2023-01-27 17:59:57,780 - INFO -
| Epoch:    434 | Train loss: 0.0001 | Valid loss: 0.0000 | Train acc: 1.0000 | Valid acc: 1.0000 | patience: 378 | Epoch time: 29.0 |

2023-01-27 18:00:26,795 - INFO -
| Epoch:    435 | Train loss: 0.0000 | Valid loss: 0.0000 | Train acc: 1.0000 | Valid acc: 1.0000 | patience: 379 | Epoch time: 29.0 |

2023-01-27 18:00:55,809 - INFO -
| Epoch:    436 | Train loss: 0.0000 | Valid loss: 0.0000 | Train acc: 1.0000 | Valid acc: 1.0000 | patience: 380 | Epoch time: 29.0 |

2023-01-27 18:01:24,824 - INFO -
| Epoch:    437 | Train loss: 0.0006 | Valid loss: 0.0000 | Train acc: 1.0000 | Valid acc: 1.0000 | patience: 381 | Epoch time: 29.0 |

2023-01-27 18:01:53,812 - INFO -
| Epoch:    438 | Train loss: 0.0000 | Valid loss: 0.0000 | Train acc: 1.0000 | Valid acc: 1.0000 | patience: 382 | Epoch time: 29.0 |

2023-01-27 18:02:22,810 - INFO -
| Epoch:    439 | Train loss: 0.0004 | Valid loss: 0.0000 | Train acc: 1.0000 | Valid acc: 1.0000 | patience: 383 | Epoch time: 29.0 |

2023-01-27 18:02:51,795 - INFO -
| Epoch:    440 | Train loss: 0.0000 | Valid loss: 0.0000 | Train acc: 1.0000 | Valid acc: 1.0000 | patience: 384 | Epoch time: 29.0 |

2023-01-27 18:03:20,802 - INFO -
| Epoch:    441 | Train loss: 0.0000 | Valid loss: 0.0005 | Train acc: 1.0000 | Valid acc: 1.0000 | patience: 385 | Epoch time: 29.0 |

2023-01-27 18:03:49,816 - INFO -
| Epoch:    442 | Train loss: 0.0001 | Valid loss: 0.0007 | Train acc: 1.0000 | Valid acc: 1.0000 | patience: 386 | Epoch time: 29.0 |

2023-01-27 18:04:18,824 - INFO -
| Epoch:    443 | Train loss: 0.0000 | Valid loss: 0.0000 | Train acc: 0.9990 | Valid acc: 1.0000 | patience: 387 | Epoch time: 29.0 |

2023-01-27 18:04:47,824 - INFO -
| Epoch:    444 | Train loss: 0.0012 | Valid loss: 0.0027 | Train acc: 1.0000 | Valid acc: 1.0000 | patience: 388 | Epoch time: 29.0 |

2023-01-27 18:05:16,816 - INFO -
| Epoch:    445 | Train loss: 0.0000 | Valid loss: 0.0000 | Train acc: 1.0000 | Valid acc: 0.9993 | patience: 389 | Epoch time: 29.0 |

2023-01-27 18:05:45,813 - INFO -
| Epoch:    446 | Train loss: 0.0000 | Valid loss: 0.0001 | Train acc: 1.0000 | Valid acc: 1.0000 | patience: 390 | Epoch time: 29.0 |

2023-01-27 18:06:14,816 - INFO -
| Epoch:    447 | Train loss: 0.0000 | Valid loss: 0.0005 | Train acc: 1.0000 | Valid acc: 1.0000 | patience: 391 | Epoch time: 29.0 |

2023-01-27 18:06:44,270 - INFO -
| Epoch:    448 | Train loss: 0.0000 | Valid loss: 0.0000 | Train acc: 0.9991 | Valid acc: 1.0000 | patience: 392 | Epoch time: 29.5 |

2023-01-27 18:07:13,267 - INFO -
| Epoch:    449 | Train loss: 0.0000 | Valid loss: 0.0005 | Train acc: 1.0000 | Valid acc: 0.9999 | patience: 393 | Epoch time: 29.0 |

2023-01-27 18:07:42,275 - INFO -
| Epoch:    450 | Train loss: 0.0006 | Valid loss: 0.0008 | Train acc: 1.0000 | Valid acc: 1.0000 | patience: 394 | Epoch time: 29.0 |

2023-01-27 18:08:11,280 - INFO -
| Epoch:    451 | Train loss: 0.0000 | Valid loss: 0.0000 | Train acc: 1.0000 | Valid acc: 1.0000 | patience: 395 | Epoch time: 29.0 |

2023-01-27 18:08:40,276 - INFO -
| Epoch:    452 | Train loss: 0.0036 | Valid loss: 0.0005 | Train acc: 1.0000 | Valid acc: 1.0000 | patience: 396 | Epoch time: 29.0 |

2023-01-27 18:09:09,262 - INFO -
| Epoch:    453 | Train loss: 0.0001 | Valid loss: 0.0002 | Train acc: 1.0000 | Valid acc: 1.0000 | patience: 397 | Epoch time: 29.0 |

2023-01-27 18:09:38,274 - INFO -
| Epoch:    454 | Train loss: 0.0001 | Valid loss: 0.0001 | Train acc: 0.9999 | Valid acc: 1.0000 | patience: 398 | Epoch time: 29.0 |

2023-01-27 18:10:07,261 - INFO -
| Epoch:    455 | Train loss: 0.0001 | Valid loss: 0.0004 | Train acc: 0.9997 | Valid acc: 1.0000 | patience: 399 | Epoch time: 29.0 |

2023-01-27 18:10:36,266 - INFO -
| Epoch:    456 | Train loss: 0.0000 | Valid loss: 0.0000 | Train acc: 0.9999 | Valid acc: 1.0000 | patience: 400 | Epoch time: 29.0 |

2023-01-27 18:11:05,265 - INFO -
| Epoch:    457 | Train loss: 0.0000 | Valid loss: 0.0000 | Train acc: 0.9992 | Valid acc: 1.0000 | patience: 401 | Epoch time: 29.0 |

2023-01-27 18:11:34,285 - INFO -
| Epoch:    458 | Train loss: 0.0004 | Valid loss: 0.0000 | Train acc: 0.9999 | Valid acc: 1.0000 | patience: 402 | Epoch time: 29.0 |

2023-01-27 18:12:03,274 - INFO -
| Epoch:    459 | Train loss: 0.0003 | Valid loss: 0.0002 | Train acc: 0.9999 | Valid acc: 1.0000 | patience: 403 | Epoch time: 29.0 |

2023-01-27 18:12:32,270 - INFO -
| Epoch:    460 | Train loss: 0.0000 | Valid loss: 0.0009 | Train acc: 0.9996 | Valid acc: 0.9989 | patience: 404 | Epoch time: 29.0 |

2023-01-27 18:13:01,254 - INFO -
| Epoch:    461 | Train loss: 0.0000 | Valid loss: 0.0000 | Train acc: 1.0000 | Valid acc: 1.0000 | patience: 405 | Epoch time: 29.0 |

2023-01-27 18:13:30,248 - INFO -
| Epoch:    462 | Train loss: 0.0000 | Valid loss: 0.0003 | Train acc: 1.0000 | Valid acc: 1.0000 | patience: 406 | Epoch time: 29.0 |

2023-01-27 18:13:59,240 - INFO -
| Epoch:    463 | Train loss: 0.0000 | Valid loss: 0.0023 | Train acc: 1.0000 | Valid acc: 1.0000 | patience: 407 | Epoch time: 29.0 |

2023-01-27 18:14:28,263 - INFO -
| Epoch:    464 | Train loss: 0.0000 | Valid loss: 0.0000 | Train acc: 1.0000 | Valid acc: 1.0000 | patience: 408 | Epoch time: 29.0 |

2023-01-27 18:14:57,275 - INFO -
| Epoch:    465 | Train loss: 0.0001 | Valid loss: 0.0000 | Train acc: 1.0000 | Valid acc: 0.9960 | patience: 409 | Epoch time: 29.0 |

2023-01-27 18:15:26,286 - INFO -
| Epoch:    466 | Train loss: 0.0001 | Valid loss: 0.0001 | Train acc: 0.9994 | Valid acc: 1.0000 | patience: 410 | Epoch time: 29.0 |

2023-01-27 18:15:55,292 - INFO -
| Epoch:    467 | Train loss: 0.0005 | Valid loss: 0.0004 | Train acc: 0.9999 | Valid acc: 1.0000 | patience: 411 | Epoch time: 29.0 |

2023-01-27 18:16:24,321 - INFO -
| Epoch:    468 | Train loss: 0.0000 | Valid loss: 0.0000 | Train acc: 1.0000 | Valid acc: 1.0000 | patience: 412 | Epoch time: 29.0 |

2023-01-27 18:16:53,796 - INFO -
| Epoch:    469 | Train loss: 0.0000 | Valid loss: 0.0000 | Train acc: 0.9999 | Valid acc: 1.0000 | patience: 413 | Epoch time: 29.5 |

2023-01-27 18:17:22,820 - INFO -
| Epoch:    470 | Train loss: 0.0000 | Valid loss: 0.0000 | Train acc: 1.0000 | Valid acc: 1.0000 | patience: 414 | Epoch time: 29.0 |

2023-01-27 18:17:51,908 - INFO -
| Epoch:    471 | Train loss: 0.0005 | Valid loss: 0.0000 | Train acc: 1.0000 | Valid acc: 1.0000 | patience: 415 | Epoch time: 29.1 |

2023-01-27 18:18:22,131 - INFO -
| Epoch:    472 | Train loss: 0.0000 | Valid loss: 0.0067 | Train acc: 1.0000 | Valid acc: 1.0000 | patience: 416 | Epoch time: 30.2 |

2023-01-27 18:18:51,151 - INFO -
| Epoch:    473 | Train loss: 0.0000 | Valid loss: 0.0011 | Train acc: 1.0000 | Valid acc: 1.0000 | patience: 417 | Epoch time: 29.0 |

2023-01-27 18:19:20,169 - INFO -
| Epoch:    474 | Train loss: 0.0000 | Valid loss: 0.0000 | Train acc: 1.0000 | Valid acc: 1.0000 | patience: 418 | Epoch time: 29.0 |

2023-01-27 18:19:49,178 - INFO -
| Epoch:    475 | Train loss: 0.0000 | Valid loss: 0.0002 | Train acc: 1.0000 | Valid acc: 1.0000 | patience: 419 | Epoch time: 29.0 |

2023-01-27 18:20:18,172 - INFO -
| Epoch:    476 | Train loss: 0.0001 | Valid loss: 0.0000 | Train acc: 1.0000 | Valid acc: 1.0000 | patience: 420 | Epoch time: 29.0 |

2023-01-27 18:20:47,182 - INFO -
| Epoch:    477 | Train loss: 0.0000 | Valid loss: 0.0000 | Train acc: 1.0000 | Valid acc: 1.0000 | patience: 421 | Epoch time: 29.0 |

2023-01-27 18:21:16,187 - INFO -
| Epoch:    478 | Train loss: 0.0043 | Valid loss: 0.0000 | Train acc: 1.0000 | Valid acc: 1.0000 | patience: 422 | Epoch time: 29.0 |

2023-01-27 18:21:45,223 - INFO -
| Epoch:    479 | Train loss: 0.0000 | Valid loss: 0.0000 | Train acc: 1.0000 | Valid acc: 1.0000 | patience: 423 | Epoch time: 29.0 |

2023-01-27 18:22:14,225 - INFO -
| Epoch:    480 | Train loss: 0.0009 | Valid loss: 0.0002 | Train acc: 1.0000 | Valid acc: 1.0000 | patience: 424 | Epoch time: 29.0 |

2023-01-27 18:22:43,233 - INFO -
| Epoch:    481 | Train loss: 0.0000 | Valid loss: 0.0000 | Train acc: 1.0000 | Valid acc: 1.0000 | patience: 425 | Epoch time: 29.0 |

2023-01-27 18:23:12,274 - INFO -
| Epoch:    482 | Train loss: 0.0000 | Valid loss: 0.0000 | Train acc: 1.0000 | Valid acc: 1.0000 | patience: 426 | Epoch time: 29.0 |

2023-01-27 18:23:41,306 - INFO -
| Epoch:    483 | Train loss: 0.0000 | Valid loss: 0.0000 | Train acc: 1.0000 | Valid acc: 1.0000 | patience: 427 | Epoch time: 29.0 |

2023-01-27 18:24:10,289 - INFO -
| Epoch:    484 | Train loss: 0.0000 | Valid loss: 0.0000 | Train acc: 1.0000 | Valid acc: 1.0000 | patience: 428 | Epoch time: 29.0 |

2023-01-27 18:24:39,289 - INFO -
| Epoch:    485 | Train loss: 0.0005 | Valid loss: 0.0002 | Train acc: 1.0000 | Valid acc: 1.0000 | patience: 429 | Epoch time: 29.0 |

2023-01-27 18:25:08,272 - INFO -
| Epoch:    486 | Train loss: 0.0009 | Valid loss: 0.0000 | Train acc: 1.0000 | Valid acc: 1.0000 | patience: 430 | Epoch time: 29.0 |

2023-01-27 18:25:37,300 - INFO -
| Epoch:    487 | Train loss: 0.0000 | Valid loss: 0.0001 | Train acc: 1.0000 | Valid acc: 1.0000 | patience: 431 | Epoch time: 29.0 |

2023-01-27 18:26:06,328 - INFO -
| Epoch:    488 | Train loss: 0.0000 | Valid loss: 0.0021 | Train acc: 0.9998 | Valid acc: 1.0000 | patience: 432 | Epoch time: 29.0 |

2023-01-27 18:26:35,363 - INFO -
| Epoch:    489 | Train loss: 0.0000 | Valid loss: 0.0013 | Train acc: 1.0000 | Valid acc: 1.0000 | patience: 433 | Epoch time: 29.0 |

2023-01-27 18:27:04,404 - INFO -
| Epoch:    490 | Train loss: 0.0004 | Valid loss: 0.0002 | Train acc: 1.0000 | Valid acc: 0.9997 | patience: 434 | Epoch time: 29.0 |

2023-01-27 18:27:33,436 - INFO -
| Epoch:    491 | Train loss: 0.0000 | Valid loss: 0.0008 | Train acc: 1.0000 | Valid acc: 1.0000 | patience: 435 | Epoch time: 29.0 |

2023-01-27 18:28:02,454 - INFO -
| Epoch:    492 | Train loss: 0.0003 | Valid loss: 0.0006 | Train acc: 1.0000 | Valid acc: 1.0000 | patience: 436 | Epoch time: 29.0 |

2023-01-27 18:28:31,466 - INFO -
| Epoch:    493 | Train loss: 0.0000 | Valid loss: 0.0000 | Train acc: 1.0000 | Valid acc: 1.0000 | patience: 437 | Epoch time: 29.0 |

2023-01-27 18:29:00,487 - INFO -
| Epoch:    494 | Train loss: 0.0000 | Valid loss: 0.0000 | Train acc: 1.0000 | Valid acc: 0.9997 | patience: 438 | Epoch time: 29.0 |

2023-01-27 18:29:29,497 - INFO -
| Epoch:    495 | Train loss: 0.0000 | Valid loss: 0.0000 | Train acc: 0.9998 | Valid acc: 0.9994 | patience: 439 | Epoch time: 29.0 |

2023-01-27 18:29:58,500 - INFO -
| Epoch:    496 | Train loss: 0.0004 | Valid loss: 0.0001 | Train acc: 1.0000 | Valid acc: 1.0000 | patience: 440 | Epoch time: 29.0 |

2023-01-27 18:30:27,511 - INFO -
| Epoch:    497 | Train loss: 0.0002 | Valid loss: 0.0000 | Train acc: 0.9996 | Valid acc: 1.0000 | patience: 441 | Epoch time: 29.0 |

2023-01-27 18:30:56,521 - INFO -
| Epoch:    498 | Train loss: 0.0000 | Valid loss: 0.0000 | Train acc: 1.0000 | Valid acc: 1.0000 | patience: 442 | Epoch time: 29.0 |

2023-01-27 18:31:25,521 - INFO -
| Epoch:    499 | Train loss: 0.0000 | Valid loss: 0.0021 | Train acc: 1.0000 | Valid acc: 1.0000 | patience: 443 | Epoch time: 29.0 |

2023-01-27 18:31:54,523 - INFO -
| Epoch:    500 | Train loss: 0.0000 | Valid loss: 0.0000 | Train acc: 1.0000 | Valid acc: 1.0000 | patience: 444 | Epoch time: 29.0 |

2023-01-27 18:32:23,524 - INFO -
| Epoch:    501 | Train loss: 0.0011 | Valid loss: 0.0000 | Train acc: 1.0000 | Valid acc: 1.0000 | patience: 445 | Epoch time: 29.0 |

2023-01-27 18:32:52,569 - INFO -
| Epoch:    502 | Train loss: 0.0001 | Valid loss: 0.0000 | Train acc: 1.0000 | Valid acc: 1.0000 | patience: 446 | Epoch time: 29.0 |

2023-01-27 18:33:21,588 - INFO -
| Epoch:    503 | Train loss: 0.0000 | Valid loss: 0.0009 | Train acc: 1.0000 | Valid acc: 0.9993 | patience: 447 | Epoch time: 29.0 |

2023-01-27 18:33:50,609 - INFO -
| Epoch:    504 | Train loss: 0.0000 | Valid loss: 0.0000 | Train acc: 1.0000 | Valid acc: 1.0000 | patience: 448 | Epoch time: 29.0 |

2023-01-27 18:34:19,642 - INFO -
| Epoch:    505 | Train loss: 0.0001 | Valid loss: 0.0000 | Train acc: 1.0000 | Valid acc: 1.0000 | patience: 449 | Epoch time: 29.0 |

2023-01-27 18:34:48,687 - INFO -
| Epoch:    506 | Train loss: 0.0000 | Valid loss: 0.0000 | Train acc: 1.0000 | Valid acc: 1.0000 | patience: 450 | Epoch time: 29.0 |

2023-01-27 18:35:17,734 - INFO -
| Epoch:    507 | Train loss: 0.0000 | Valid loss: 0.0000 | Train acc: 1.0000 | Valid acc: 0.9994 | patience: 451 | Epoch time: 29.0 |

2023-01-27 18:35:47,221 - INFO -
| Epoch:    508 | Train loss: 0.0002 | Valid loss: 0.0000 | Train acc: 1.0000 | Valid acc: 1.0000 | patience: 452 | Epoch time: 29.5 |

2023-01-27 18:36:16,273 - INFO -
| Epoch:    509 | Train loss: 0.0005 | Valid loss: 0.0000 | Train acc: 1.0000 | Valid acc: 1.0000 | patience: 453 | Epoch time: 29.1 |

2023-01-27 18:36:45,346 - INFO -
| Epoch:    510 | Train loss: 0.0000 | Valid loss: 0.0001 | Train acc: 1.0000 | Valid acc: 1.0000 | patience: 454 | Epoch time: 29.1 |

2023-01-27 18:37:14,340 - INFO -
| Epoch:    511 | Train loss: 0.0000 | Valid loss: 0.0013 | Train acc: 1.0000 | Valid acc: 0.9999 | patience: 455 | Epoch time: 29.0 |

2023-01-27 18:37:43,335 - INFO -
| Epoch:    512 | Train loss: 0.0001 | Valid loss: 0.0000 | Train acc: 1.0000 | Valid acc: 1.0000 | patience: 456 | Epoch time: 29.0 |

2023-01-27 18:38:14,419 - INFO -
| Epoch:    513 | Train loss: 0.0000 | Valid loss: 0.0000 | Train acc: 1.0000 | Valid acc: 1.0000 | patience: 457 | Epoch time: 31.1 |

2023-01-27 18:38:43,422 - INFO -
| Epoch:    514 | Train loss: 0.0002 | Valid loss: 0.0000 | Train acc: 1.0000 | Valid acc: 1.0000 | patience: 458 | Epoch time: 29.0 |

2023-01-27 18:39:12,402 - INFO -
| Epoch:    515 | Train loss: 0.0000 | Valid loss: 0.0000 | Train acc: 1.0000 | Valid acc: 1.0000 | patience: 459 | Epoch time: 29.0 |

2023-01-27 18:39:41,402 - INFO -
| Epoch:    516 | Train loss: 0.0005 | Valid loss: 0.0002 | Train acc: 1.0000 | Valid acc: 0.9998 | patience: 460 | Epoch time: 29.0 |

2023-01-27 18:40:10,388 - INFO -
| Epoch:    517 | Train loss: 0.0000 | Valid loss: 0.0000 | Train acc: 1.0000 | Valid acc: 1.0000 | patience: 461 | Epoch time: 29.0 |

2023-01-27 18:40:39,376 - INFO -
| Epoch:    518 | Train loss: 0.0000 | Valid loss: 0.0000 | Train acc: 1.0000 | Valid acc: 0.9996 | patience: 462 | Epoch time: 29.0 |

2023-01-27 18:41:08,365 - INFO -
| Epoch:    519 | Train loss: 0.0000 | Valid loss: 0.0000 | Train acc: 1.0000 | Valid acc: 1.0000 | patience: 463 | Epoch time: 29.0 |

2023-01-27 18:41:37,348 - INFO -
| Epoch:    520 | Train loss: 0.0003 | Valid loss: 0.0000 | Train acc: 1.0000 | Valid acc: 1.0000 | patience: 464 | Epoch time: 29.0 |

2023-01-27 18:42:06,322 - INFO -
| Epoch:    521 | Train loss: 0.0002 | Valid loss: 0.0004 | Train acc: 0.9997 | Valid acc: 1.0000 | patience: 465 | Epoch time: 29.0 |

2023-01-27 18:42:35,329 - INFO -
| Epoch:    522 | Train loss: 0.0000 | Valid loss: 0.0000 | Train acc: 1.0000 | Valid acc: 1.0000 | patience: 466 | Epoch time: 29.0 |

2023-01-27 18:43:04,314 - INFO -
| Epoch:    523 | Train loss: 0.0000 | Valid loss: 0.0000 | Train acc: 1.0000 | Valid acc: 1.0000 | patience: 467 | Epoch time: 29.0 |

2023-01-27 18:43:33,281 - INFO -
| Epoch:    524 | Train loss: 0.0000 | Valid loss: 0.0007 | Train acc: 1.0000 | Valid acc: 1.0000 | patience: 468 | Epoch time: 29.0 |

2023-01-27 18:44:02,251 - INFO -
| Epoch:    525 | Train loss: 0.0000 | Valid loss: 0.0000 | Train acc: 1.0000 | Valid acc: 1.0000 | patience: 469 | Epoch time: 29.0 |

2023-01-27 18:44:31,233 - INFO -
| Epoch:    526 | Train loss: 0.0000 | Valid loss: 0.0000 | Train acc: 0.9996 | Valid acc: 1.0000 | patience: 470 | Epoch time: 29.0 |

2023-01-27 18:45:00,256 - INFO -
| Epoch:    527 | Train loss: 0.0000 | Valid loss: 0.0000 | Train acc: 1.0000 | Valid acc: 1.0000 | patience: 471 | Epoch time: 29.0 |

2023-01-27 18:45:29,556 - INFO -
| Epoch:    528 | Train loss: 0.0000 | Valid loss: 0.0000 | Train acc: 1.0000 | Valid acc: 1.0000 | patience: 472 | Epoch time: 29.3 |

2023-01-27 18:45:58,564 - INFO -
| Epoch:    529 | Train loss: 0.0017 | Valid loss: 0.0000 | Train acc: 1.0000 | Valid acc: 1.0000 | patience: 473 | Epoch time: 29.0 |

2023-01-27 18:46:27,534 - INFO -
| Epoch:    530 | Train loss: 0.0000 | Valid loss: 0.0000 | Train acc: 1.0000 | Valid acc: 1.0000 | patience: 474 | Epoch time: 29.0 |

2023-01-27 18:46:56,515 - INFO -
| Epoch:    531 | Train loss: 0.0000 | Valid loss: 0.0000 | Train acc: 1.0000 | Valid acc: 1.0000 | patience: 475 | Epoch time: 29.0 |

2023-01-27 18:47:25,489 - INFO -
| Epoch:    532 | Train loss: 0.0000 | Valid loss: 0.0000 | Train acc: 1.0000 | Valid acc: 1.0000 | patience: 476 | Epoch time: 29.0 |

2023-01-27 18:47:54,457 - INFO -
| Epoch:    533 | Train loss: 0.0000 | Valid loss: 0.0005 | Train acc: 1.0000 | Valid acc: 1.0000 | patience: 477 | Epoch time: 29.0 |

2023-01-27 18:48:23,442 - INFO -
| Epoch:    534 | Train loss: 0.0000 | Valid loss: 0.0000 | Train acc: 1.0000 | Valid acc: 1.0000 | patience: 478 | Epoch time: 29.0 |

2023-01-27 18:48:52,455 - INFO -
| Epoch:    535 | Train loss: 0.0000 | Valid loss: 0.0000 | Train acc: 1.0000 | Valid acc: 1.0000 | patience: 479 | Epoch time: 29.0 |

2023-01-27 18:49:21,435 - INFO -
| Epoch:    536 | Train loss: 0.0000 | Valid loss: 0.0000 | Train acc: 1.0000 | Valid acc: 1.0000 | patience: 480 | Epoch time: 29.0 |

2023-01-27 18:49:50,421 - INFO -
| Epoch:    537 | Train loss: 0.0000 | Valid loss: 0.0000 | Train acc: 0.9992 | Valid acc: 0.9992 | patience: 481 | Epoch time: 29.0 |

2023-01-27 18:50:19,416 - INFO -
| Epoch:    538 | Train loss: 0.0000 | Valid loss: 0.0001 | Train acc: 1.0000 | Valid acc: 1.0000 | patience: 482 | Epoch time: 29.0 |

2023-01-27 18:50:48,420 - INFO -
| Epoch:    539 | Train loss: 0.0006 | Valid loss: 0.0000 | Train acc: 1.0000 | Valid acc: 1.0000 | patience: 483 | Epoch time: 29.0 |

2023-01-27 18:51:17,406 - INFO -
| Epoch:    540 | Train loss: 0.0000 | Valid loss: 0.0001 | Train acc: 1.0000 | Valid acc: 1.0000 | patience: 484 | Epoch time: 29.0 |

2023-01-27 18:51:46,396 - INFO -
| Epoch:    541 | Train loss: 0.0000 | Valid loss: 0.0000 | Train acc: 1.0000 | Valid acc: 1.0000 | patience: 485 | Epoch time: 29.0 |

2023-01-27 18:52:16,139 - INFO -
| Epoch:    542 | Train loss: 0.0000 | Valid loss: 0.0000 | Train acc: 1.0000 | Valid acc: 1.0000 | patience: 486 | Epoch time: 29.7 |

2023-01-27 18:52:45,124 - INFO -
| Epoch:    543 | Train loss: 0.0005 | Valid loss: 0.0000 | Train acc: 1.0000 | Valid acc: 1.0000 | patience: 487 | Epoch time: 29.0 |

2023-01-27 18:53:14,108 - INFO -
| Epoch:    544 | Train loss: 0.0000 | Valid loss: 0.0000 | Train acc: 1.0000 | Valid acc: 1.0000 | patience: 488 | Epoch time: 29.0 |

2023-01-27 18:53:43,100 - INFO -
| Epoch:    545 | Train loss: 0.0018 | Valid loss: 0.0000 | Train acc: 1.0000 | Valid acc: 1.0000 | patience: 489 | Epoch time: 29.0 |

2023-01-27 18:54:12,097 - INFO -
| Epoch:    546 | Train loss: 0.0000 | Valid loss: 0.0006 | Train acc: 1.0000 | Valid acc: 1.0000 | patience: 490 | Epoch time: 29.0 |

2023-01-27 18:54:41,126 - INFO -
| Epoch:    547 | Train loss: 0.0000 | Valid loss: 0.0000 | Train acc: 1.0000 | Valid acc: 1.0000 | patience: 491 | Epoch time: 29.0 |

2023-01-27 18:55:10,144 - INFO -
| Epoch:    548 | Train loss: 0.0002 | Valid loss: 0.0000 | Train acc: 1.0000 | Valid acc: 1.0000 | patience: 492 | Epoch time: 29.0 |

2023-01-27 18:55:39,151 - INFO -
| Epoch:    549 | Train loss: 0.0000 | Valid loss: 0.0000 | Train acc: 1.0000 | Valid acc: 1.0000 | patience: 493 | Epoch time: 29.0 |

2023-01-27 18:56:08,168 - INFO -
| Epoch:    550 | Train loss: 0.0015 | Valid loss: 0.0000 | Train acc: 1.0000 | Valid acc: 1.0000 | patience: 494 | Epoch time: 29.0 |

2023-01-27 18:56:37,170 - INFO -
| Epoch:    551 | Train loss: 0.0006 | Valid loss: 0.0000 | Train acc: 1.0000 | Valid acc: 0.9995 | patience: 495 | Epoch time: 29.0 |

2023-01-27 18:57:06,155 - INFO -
| Epoch:    552 | Train loss: 0.0000 | Valid loss: 0.0000 | Train acc: 0.9998 | Valid acc: 1.0000 | patience: 496 | Epoch time: 29.0 |

2023-01-27 18:57:35,145 - INFO -
| Epoch:    553 | Train loss: 0.0001 | Valid loss: 0.0000 | Train acc: 1.0000 | Valid acc: 1.0000 | patience: 497 | Epoch time: 29.0 |

2023-01-27 18:58:04,146 - INFO -
| Epoch:    554 | Train loss: 0.0000 | Valid loss: 0.0000 | Train acc: 1.0000 | Valid acc: 1.0000 | patience: 498 | Epoch time: 29.0 |

2023-01-27 18:58:33,126 - INFO -
| Epoch:    555 | Train loss: 0.0000 | Valid loss: 0.0000 | Train acc: 1.0000 | Valid acc: 1.0000 | patience: 499 | Epoch time: 29.0 |

2023-01-27 18:59:02,126 - INFO -
| Epoch:    556 | Train loss: 0.0000 | Valid loss: 0.0000 | Train acc: 1.0000 | Valid acc: 1.0000 | patience: 500 | Epoch time: 29.0 |

2023-01-27 18:59:31,245 - INFO -
Early stop.

2023-01-27 18:59:31,618 - INFO -
Training if finished.

