2023-01-27 14:29:56,419 - INFO -
gmin                0.01
gmax                10.0
T                   0.1
m                   0.3
ACT_eta1            0.134
ACT_eta2            0.962
ACT_eta3            0.183
ACT_eta4            24.1
NEG_eta1            -0.104
NEG_eta2            0.899
NEG_eta3            -0.056
NEG_eta4            3.858
hidden              [3]
SEED                7
DEVICE              cuda
TIMELIMITATION      45
PATIENCE            500
EPOCH               10000000000
DATASET             0
LR                  0.1
PROGRESSIVE         False
LR_PATIENCE         100
LR_DECAY            0.5
LR_MIN              0.0001
MODE                aging
M_train             50
K_train             10
M_test              500
K_test              500
t_test_max          10
integration         MC
VARIATION           False
N_train             1
e_train             0.0
N_test              100
e_test              0.1
projectname         ICCAD_2022
temppath            ./ICCAD_2022/temp/
logfilepath         ./ICCAD_2022/log/
recording           False
recordpath          ./ICCAD_2022/record/
savepath            ./ICCAD_2022/models/
loglevel            info


2023-01-27 14:29:56,420 - INFO -
Training network on device: cuda.

2023-01-27 14:29:56,420 - INFO -
Training setup: acuteinflammation_7_aging_0.0_1_MC.

2023-01-27 14:29:56,420 - INFO -
Dataset "acuteinflammation" has 6 input features and 2 classes. There are 70 training examples, 23 valid examples, and 25 test examples in the dataset.

2023-01-27 14:29:56,420 - INFO -
Topology of the network: [6, 3, 2].

2023-01-27 14:30:27,474 - INFO -
| Epoch:      0 | Train loss: 0.7678 | Valid loss: 0.7629 | Train acc: 0.5027 | Valid acc: 0.5257 | patience:   0 | Epoch time: 30.5 |

2023-01-27 14:30:56,354 - INFO -
| Epoch:      1 | Train loss: 0.8101 | Valid loss: 0.7409 | Train acc: 0.4982 | Valid acc: 0.5234 | patience:   0 | Epoch time: 28.9 |

2023-01-27 14:31:25,269 - INFO -
| Epoch:      2 | Train loss: 0.7725 | Valid loss: 0.7875 | Train acc: 0.5093 | Valid acc: 0.4807 | patience:   1 | Epoch time: 28.9 |

2023-01-27 14:31:54,223 - INFO -
| Epoch:      3 | Train loss: 0.7631 | Valid loss: 0.7715 | Train acc: 0.5014 | Valid acc: 0.4660 | patience:   2 | Epoch time: 29.0 |

2023-01-27 14:32:23,157 - INFO -
| Epoch:      4 | Train loss: 0.7624 | Valid loss: 0.5795 | Train acc: 0.5133 | Valid acc: 0.6474 | patience:   0 | Epoch time: 28.9 |

2023-01-27 14:32:52,114 - INFO -
| Epoch:      5 | Train loss: 0.6204 | Valid loss: 0.4482 | Train acc: 0.6821 | Valid acc: 0.8055 | patience:   0 | Epoch time: 29.0 |

2023-01-27 14:33:21,065 - INFO -
| Epoch:      6 | Train loss: 0.4843 | Valid loss: 0.3770 | Train acc: 0.7715 | Valid acc: 0.8610 | patience:   0 | Epoch time: 29.0 |

2023-01-27 14:33:50,008 - INFO -
| Epoch:      7 | Train loss: 0.4033 | Valid loss: 0.2885 | Train acc: 0.8363 | Valid acc: 0.9036 | patience:   0 | Epoch time: 28.9 |

2023-01-27 14:34:18,981 - INFO -
| Epoch:      8 | Train loss: 0.2854 | Valid loss: 0.1982 | Train acc: 0.8999 | Valid acc: 0.9363 | patience:   0 | Epoch time: 29.0 |

2023-01-27 14:34:47,957 - INFO -
| Epoch:      9 | Train loss: 0.1865 | Valid loss: 0.1056 | Train acc: 0.9163 | Valid acc: 0.9475 | patience:   0 | Epoch time: 29.0 |

2023-01-27 14:35:16,910 - INFO -
| Epoch:     10 | Train loss: 0.1248 | Valid loss: 0.0749 | Train acc: 0.9597 | Valid acc: 0.9657 | patience:   0 | Epoch time: 29.0 |

2023-01-27 14:35:45,855 - INFO -
| Epoch:     11 | Train loss: 0.0916 | Valid loss: 0.0690 | Train acc: 0.9708 | Valid acc: 0.9720 | patience:   0 | Epoch time: 28.9 |

2023-01-27 14:36:14,806 - INFO -
| Epoch:     12 | Train loss: 0.0719 | Valid loss: 0.0379 | Train acc: 0.9734 | Valid acc: 0.9881 | patience:   0 | Epoch time: 29.0 |

2023-01-27 14:36:43,785 - INFO -
| Epoch:     13 | Train loss: 0.0772 | Valid loss: 0.0165 | Train acc: 0.9857 | Valid acc: 0.9913 | patience:   0 | Epoch time: 29.0 |

2023-01-27 14:37:12,731 - INFO -
| Epoch:     14 | Train loss: 0.0158 | Valid loss: 0.0074 | Train acc: 0.9763 | Valid acc: 0.9937 | patience:   0 | Epoch time: 28.9 |

2023-01-27 14:37:41,670 - INFO -
| Epoch:     15 | Train loss: 0.0172 | Valid loss: 0.0174 | Train acc: 0.9875 | Valid acc: 0.9788 | patience:   1 | Epoch time: 28.9 |

2023-01-27 14:38:10,595 - INFO -
| Epoch:     16 | Train loss: 0.0162 | Valid loss: 0.0151 | Train acc: 0.9974 | Valid acc: 0.9971 | patience:   2 | Epoch time: 28.9 |

2023-01-27 14:38:39,555 - INFO -
| Epoch:     17 | Train loss: 0.0072 | Valid loss: 0.0118 | Train acc: 0.9971 | Valid acc: 0.9968 | patience:   3 | Epoch time: 29.0 |

2023-01-27 14:39:08,515 - INFO -
| Epoch:     18 | Train loss: 0.0171 | Valid loss: 0.0155 | Train acc: 0.9959 | Valid acc: 0.9940 | patience:   4 | Epoch time: 29.0 |

2023-01-27 14:39:37,477 - INFO -
| Epoch:     19 | Train loss: 0.0216 | Valid loss: 0.0037 | Train acc: 0.9956 | Valid acc: 0.9971 | patience:   0 | Epoch time: 29.0 |

2023-01-27 14:40:06,390 - INFO -
| Epoch:     20 | Train loss: 0.0157 | Valid loss: 0.0129 | Train acc: 0.9961 | Valid acc: 0.9956 | patience:   1 | Epoch time: 28.9 |

2023-01-27 14:40:35,329 - INFO -
| Epoch:     21 | Train loss: 0.0206 | Valid loss: 0.0106 | Train acc: 0.9940 | Valid acc: 0.9956 | patience:   2 | Epoch time: 28.9 |

2023-01-27 14:41:04,287 - INFO -
| Epoch:     22 | Train loss: 0.0048 | Valid loss: 0.0001 | Train acc: 0.9984 | Valid acc: 0.9987 | patience:   0 | Epoch time: 29.0 |

2023-01-27 14:41:33,275 - INFO -
| Epoch:     23 | Train loss: 0.0053 | Valid loss: 0.0118 | Train acc: 0.9993 | Valid acc: 0.9964 | patience:   1 | Epoch time: 29.0 |

2023-01-27 14:42:02,240 - INFO -
| Epoch:     24 | Train loss: 0.0025 | Valid loss: 0.0070 | Train acc: 0.9975 | Valid acc: 0.9995 | patience:   2 | Epoch time: 29.0 |

2023-01-27 14:42:31,193 - INFO -
| Epoch:     25 | Train loss: 0.0035 | Valid loss: 0.0018 | Train acc: 0.9985 | Valid acc: 0.9978 | patience:   3 | Epoch time: 29.0 |

2023-01-27 14:43:00,152 - INFO -
| Epoch:     26 | Train loss: 0.0053 | Valid loss: 0.0037 | Train acc: 1.0000 | Valid acc: 0.9984 | patience:   4 | Epoch time: 29.0 |

2023-01-27 14:43:29,135 - INFO -
| Epoch:     27 | Train loss: 0.0040 | Valid loss: 0.0011 | Train acc: 0.9973 | Valid acc: 0.9977 | patience:   5 | Epoch time: 29.0 |

2023-01-27 14:43:58,088 - INFO -
| Epoch:     28 | Train loss: 0.0032 | Valid loss: 0.0102 | Train acc: 0.9992 | Valid acc: 0.9983 | patience:   6 | Epoch time: 29.0 |

2023-01-27 14:44:27,029 - INFO -
| Epoch:     29 | Train loss: 0.0100 | Valid loss: 0.0048 | Train acc: 1.0000 | Valid acc: 0.9986 | patience:   7 | Epoch time: 28.9 |

2023-01-27 14:44:56,327 - INFO -
| Epoch:     30 | Train loss: 0.0022 | Valid loss: 0.0020 | Train acc: 0.9983 | Valid acc: 0.9993 | patience:   8 | Epoch time: 29.3 |

2023-01-27 14:45:25,268 - INFO -
| Epoch:     31 | Train loss: 0.0041 | Valid loss: 0.0016 | Train acc: 0.9985 | Valid acc: 0.9986 | patience:   9 | Epoch time: 28.9 |

2023-01-27 14:45:54,214 - INFO -
| Epoch:     32 | Train loss: 0.0013 | Valid loss: 0.0003 | Train acc: 0.9990 | Valid acc: 0.9997 | patience:  10 | Epoch time: 28.9 |

2023-01-27 14:46:23,210 - INFO -
| Epoch:     33 | Train loss: 0.0084 | Valid loss: 0.0006 | Train acc: 0.9995 | Valid acc: 0.9982 | patience:  11 | Epoch time: 29.0 |

2023-01-27 14:46:52,176 - INFO -
| Epoch:     34 | Train loss: 0.0012 | Valid loss: 0.0037 | Train acc: 1.0000 | Valid acc: 1.0000 | patience:  12 | Epoch time: 29.0 |

2023-01-27 14:47:21,146 - INFO -
| Epoch:     35 | Train loss: 0.0025 | Valid loss: 0.0003 | Train acc: 1.0000 | Valid acc: 0.9970 | patience:  13 | Epoch time: 29.0 |

2023-01-27 14:47:50,159 - INFO -
| Epoch:     36 | Train loss: 0.0042 | Valid loss: 0.0021 | Train acc: 0.9994 | Valid acc: 0.9961 | patience:  14 | Epoch time: 29.0 |

2023-01-27 14:48:19,134 - INFO -
| Epoch:     37 | Train loss: 0.0045 | Valid loss: 0.0020 | Train acc: 1.0000 | Valid acc: 0.9984 | patience:  15 | Epoch time: 29.0 |

2023-01-27 14:48:48,108 - INFO -
| Epoch:     38 | Train loss: 0.0002 | Valid loss: 0.0012 | Train acc: 1.0000 | Valid acc: 0.9990 | patience:  16 | Epoch time: 29.0 |

2023-01-27 14:49:17,094 - INFO -
| Epoch:     39 | Train loss: 0.0010 | Valid loss: 0.0047 | Train acc: 0.9997 | Valid acc: 1.0000 | patience:  17 | Epoch time: 29.0 |

2023-01-27 14:49:46,057 - INFO -
| Epoch:     40 | Train loss: 0.0004 | Valid loss: 0.0028 | Train acc: 1.0000 | Valid acc: 0.9986 | patience:  18 | Epoch time: 29.0 |

2023-01-27 14:50:15,031 - INFO -
| Epoch:     41 | Train loss: 0.0033 | Valid loss: 0.0022 | Train acc: 1.0000 | Valid acc: 1.0000 | patience:  19 | Epoch time: 29.0 |

2023-01-27 14:50:44,004 - INFO -
| Epoch:     42 | Train loss: 0.0045 | Valid loss: 0.0009 | Train acc: 1.0000 | Valid acc: 0.9970 | patience:  20 | Epoch time: 29.0 |

2023-01-27 14:51:12,961 - INFO -
| Epoch:     43 | Train loss: 0.0017 | Valid loss: 0.0019 | Train acc: 1.0000 | Valid acc: 1.0000 | patience:  21 | Epoch time: 29.0 |

2023-01-27 14:51:41,913 - INFO -
| Epoch:     44 | Train loss: 0.0001 | Valid loss: 0.0013 | Train acc: 1.0000 | Valid acc: 1.0000 | patience:  22 | Epoch time: 29.0 |

2023-01-27 14:52:10,858 - INFO -
| Epoch:     45 | Train loss: 0.0026 | Valid loss: 0.0012 | Train acc: 0.9978 | Valid acc: 0.9993 | patience:  23 | Epoch time: 28.9 |

2023-01-27 14:52:39,809 - INFO -
| Epoch:     46 | Train loss: 0.0034 | Valid loss: 0.0012 | Train acc: 1.0000 | Valid acc: 0.9977 | patience:  24 | Epoch time: 29.0 |

2023-01-27 14:53:08,781 - INFO -
| Epoch:     47 | Train loss: 0.0034 | Valid loss: 0.0017 | Train acc: 0.9993 | Valid acc: 1.0000 | patience:  25 | Epoch time: 29.0 |

2023-01-27 14:53:37,737 - INFO -
| Epoch:     48 | Train loss: 0.0035 | Valid loss: 0.0009 | Train acc: 1.0000 | Valid acc: 0.9986 | patience:  26 | Epoch time: 29.0 |

2023-01-27 14:54:06,709 - INFO -
| Epoch:     49 | Train loss: 0.0033 | Valid loss: 0.0008 | Train acc: 0.9984 | Valid acc: 0.9991 | patience:  27 | Epoch time: 29.0 |

2023-01-27 14:54:36,660 - INFO -
| Epoch:     50 | Train loss: 0.0007 | Valid loss: 0.0031 | Train acc: 1.0000 | Valid acc: 0.9992 | patience:  28 | Epoch time: 30.0 |

2023-01-27 14:55:05,944 - INFO -
| Epoch:     51 | Train loss: 0.0001 | Valid loss: 0.0010 | Train acc: 0.9986 | Valid acc: 1.0000 | patience:  29 | Epoch time: 29.3 |

2023-01-27 14:55:34,945 - INFO -
| Epoch:     52 | Train loss: 0.0000 | Valid loss: 0.0000 | Train acc: 1.0000 | Valid acc: 1.0000 | patience:   0 | Epoch time: 29.0 |

2023-01-27 14:56:03,883 - INFO -
| Epoch:     53 | Train loss: 0.0014 | Valid loss: 0.0001 | Train acc: 1.0000 | Valid acc: 1.0000 | patience:   1 | Epoch time: 28.9 |

2023-01-27 14:56:32,795 - INFO -
| Epoch:     54 | Train loss: 0.0016 | Valid loss: 0.0028 | Train acc: 1.0000 | Valid acc: 0.9997 | patience:   2 | Epoch time: 28.9 |

2023-01-27 14:57:01,724 - INFO -
| Epoch:     55 | Train loss: 0.0009 | Valid loss: 0.0009 | Train acc: 0.9975 | Valid acc: 1.0000 | patience:   3 | Epoch time: 28.9 |

2023-01-27 14:57:30,696 - INFO -
| Epoch:     56 | Train loss: 0.0000 | Valid loss: 0.0009 | Train acc: 0.9993 | Valid acc: 1.0000 | patience:   4 | Epoch time: 29.0 |

2023-01-27 14:57:59,652 - INFO -
| Epoch:     57 | Train loss: 0.0004 | Valid loss: 0.0006 | Train acc: 0.9993 | Valid acc: 1.0000 | patience:   5 | Epoch time: 29.0 |

2023-01-27 14:58:28,608 - INFO -
| Epoch:     58 | Train loss: 0.0001 | Valid loss: 0.0040 | Train acc: 1.0000 | Valid acc: 1.0000 | patience:   6 | Epoch time: 29.0 |

2023-01-27 14:58:57,584 - INFO -
| Epoch:     59 | Train loss: 0.0004 | Valid loss: 0.0000 | Train acc: 1.0000 | Valid acc: 0.9993 | patience:   7 | Epoch time: 29.0 |

2023-01-27 14:59:26,520 - INFO -
| Epoch:     60 | Train loss: 0.0031 | Valid loss: 0.0017 | Train acc: 1.0000 | Valid acc: 1.0000 | patience:   8 | Epoch time: 28.9 |

2023-01-27 14:59:55,449 - INFO -
| Epoch:     61 | Train loss: 0.0023 | Valid loss: 0.0037 | Train acc: 0.9990 | Valid acc: 1.0000 | patience:   9 | Epoch time: 28.9 |

2023-01-27 15:00:24,369 - INFO -
| Epoch:     62 | Train loss: 0.0003 | Valid loss: 0.0000 | Train acc: 0.9999 | Valid acc: 1.0000 | patience:  10 | Epoch time: 28.9 |

2023-01-27 15:00:53,310 - INFO -
| Epoch:     63 | Train loss: 0.0012 | Valid loss: 0.0016 | Train acc: 1.0000 | Valid acc: 1.0000 | patience:  11 | Epoch time: 28.9 |

2023-01-27 15:01:22,249 - INFO -
| Epoch:     64 | Train loss: 0.0007 | Valid loss: 0.0000 | Train acc: 0.9998 | Valid acc: 1.0000 | patience:  12 | Epoch time: 28.9 |

2023-01-27 15:01:51,198 - INFO -
| Epoch:     65 | Train loss: 0.0000 | Valid loss: 0.0000 | Train acc: 1.0000 | Valid acc: 1.0000 | patience:  13 | Epoch time: 28.9 |

2023-01-27 15:02:20,128 - INFO -
| Epoch:     66 | Train loss: 0.0044 | Valid loss: 0.0000 | Train acc: 1.0000 | Valid acc: 1.0000 | patience:  14 | Epoch time: 28.9 |

2023-01-27 15:02:49,059 - INFO -
| Epoch:     67 | Train loss: 0.0001 | Valid loss: 0.0000 | Train acc: 1.0000 | Valid acc: 1.0000 | patience:  15 | Epoch time: 28.9 |

2023-01-27 15:03:18,002 - INFO -
| Epoch:     68 | Train loss: 0.0000 | Valid loss: 0.0002 | Train acc: 0.9992 | Valid acc: 1.0000 | patience:  16 | Epoch time: 28.9 |

2023-01-27 15:03:46,927 - INFO -
| Epoch:     69 | Train loss: 0.0000 | Valid loss: 0.0002 | Train acc: 0.9999 | Valid acc: 1.0000 | patience:  17 | Epoch time: 28.9 |

2023-01-27 15:04:15,867 - INFO -
| Epoch:     70 | Train loss: 0.0003 | Valid loss: 0.0000 | Train acc: 1.0000 | Valid acc: 1.0000 | patience:  18 | Epoch time: 28.9 |

2023-01-27 15:04:44,805 - INFO -
| Epoch:     71 | Train loss: 0.0000 | Valid loss: 0.0027 | Train acc: 1.0000 | Valid acc: 0.9997 | patience:  19 | Epoch time: 28.9 |

2023-01-27 15:05:13,741 - INFO -
| Epoch:     72 | Train loss: 0.0005 | Valid loss: 0.0000 | Train acc: 1.0000 | Valid acc: 1.0000 | patience:  20 | Epoch time: 28.9 |

2023-01-27 15:05:42,660 - INFO -
| Epoch:     73 | Train loss: 0.0002 | Valid loss: 0.0003 | Train acc: 1.0000 | Valid acc: 1.0000 | patience:  21 | Epoch time: 28.9 |

2023-01-27 15:06:11,611 - INFO -
| Epoch:     74 | Train loss: 0.0000 | Valid loss: 0.0004 | Train acc: 1.0000 | Valid acc: 1.0000 | patience:  22 | Epoch time: 29.0 |

2023-01-27 15:06:40,600 - INFO -
| Epoch:     75 | Train loss: 0.0018 | Valid loss: 0.0000 | Train acc: 0.9990 | Valid acc: 1.0000 | patience:  23 | Epoch time: 29.0 |

2023-01-27 15:07:09,543 - INFO -
| Epoch:     76 | Train loss: 0.0000 | Valid loss: 0.0015 | Train acc: 1.0000 | Valid acc: 1.0000 | patience:  24 | Epoch time: 28.9 |

2023-01-27 15:07:38,470 - INFO -
| Epoch:     77 | Train loss: 0.0006 | Valid loss: 0.0013 | Train acc: 1.0000 | Valid acc: 0.9985 | patience:  25 | Epoch time: 28.9 |

2023-01-27 15:08:07,446 - INFO -
| Epoch:     78 | Train loss: 0.0005 | Valid loss: 0.0000 | Train acc: 1.0000 | Valid acc: 1.0000 | patience:  26 | Epoch time: 29.0 |

2023-01-27 15:08:36,366 - INFO -
| Epoch:     79 | Train loss: 0.0000 | Valid loss: 0.0010 | Train acc: 1.0000 | Valid acc: 0.9961 | patience:  27 | Epoch time: 28.9 |

2023-01-27 15:09:05,298 - INFO -
| Epoch:     80 | Train loss: 0.0005 | Valid loss: 0.0057 | Train acc: 1.0000 | Valid acc: 1.0000 | patience:  28 | Epoch time: 28.9 |

2023-01-27 15:09:34,344 - INFO -
| Epoch:     81 | Train loss: 0.0005 | Valid loss: 0.0000 | Train acc: 0.9983 | Valid acc: 0.9997 | patience:  29 | Epoch time: 29.0 |

2023-01-27 15:10:03,274 - INFO -
| Epoch:     82 | Train loss: 0.0005 | Valid loss: 0.0003 | Train acc: 0.9999 | Valid acc: 1.0000 | patience:  30 | Epoch time: 28.9 |

2023-01-27 15:10:32,209 - INFO -
| Epoch:     83 | Train loss: 0.0001 | Valid loss: 0.0002 | Train acc: 1.0000 | Valid acc: 0.9998 | patience:  31 | Epoch time: 28.9 |

2023-01-27 15:11:01,129 - INFO -
| Epoch:     84 | Train loss: 0.0015 | Valid loss: 0.0003 | Train acc: 1.0000 | Valid acc: 1.0000 | patience:  32 | Epoch time: 28.9 |

2023-01-27 15:11:30,059 - INFO -
| Epoch:     85 | Train loss: 0.0005 | Valid loss: 0.0000 | Train acc: 1.0000 | Valid acc: 1.0000 | patience:  33 | Epoch time: 28.9 |

2023-01-27 15:11:58,999 - INFO -
| Epoch:     86 | Train loss: 0.0001 | Valid loss: 0.0001 | Train acc: 0.9990 | Valid acc: 1.0000 | patience:  34 | Epoch time: 28.9 |

2023-01-27 15:12:27,955 - INFO -
| Epoch:     87 | Train loss: 0.0001 | Valid loss: 0.0020 | Train acc: 1.0000 | Valid acc: 1.0000 | patience:  35 | Epoch time: 29.0 |

2023-01-27 15:12:57,234 - INFO -
| Epoch:     88 | Train loss: 0.0011 | Valid loss: 0.0012 | Train acc: 1.0000 | Valid acc: 1.0000 | patience:  36 | Epoch time: 29.3 |

2023-01-27 15:13:26,166 - INFO -
| Epoch:     89 | Train loss: 0.0013 | Valid loss: 0.0000 | Train acc: 1.0000 | Valid acc: 0.9994 | patience:  37 | Epoch time: 28.9 |

2023-01-27 15:13:55,102 - INFO -
| Epoch:     90 | Train loss: 0.0015 | Valid loss: 0.0000 | Train acc: 1.0000 | Valid acc: 1.0000 | patience:  38 | Epoch time: 28.9 |

2023-01-27 15:14:24,031 - INFO -
| Epoch:     91 | Train loss: 0.0002 | Valid loss: 0.0003 | Train acc: 1.0000 | Valid acc: 1.0000 | patience:  39 | Epoch time: 28.9 |

2023-01-27 15:14:52,989 - INFO -
| Epoch:     92 | Train loss: 0.0000 | Valid loss: 0.0017 | Train acc: 0.9996 | Valid acc: 1.0000 | patience:  40 | Epoch time: 29.0 |

2023-01-27 15:15:21,947 - INFO -
| Epoch:     93 | Train loss: 0.0009 | Valid loss: 0.0000 | Train acc: 0.9991 | Valid acc: 1.0000 | patience:  41 | Epoch time: 29.0 |

2023-01-27 15:15:50,925 - INFO -
| Epoch:     94 | Train loss: 0.0001 | Valid loss: 0.0016 | Train acc: 1.0000 | Valid acc: 0.9987 | patience:  42 | Epoch time: 29.0 |

2023-01-27 15:16:19,887 - INFO -
| Epoch:     95 | Train loss: 0.0004 | Valid loss: 0.0008 | Train acc: 1.0000 | Valid acc: 1.0000 | patience:  43 | Epoch time: 29.0 |

2023-01-27 15:16:48,796 - INFO -
| Epoch:     96 | Train loss: 0.0002 | Valid loss: 0.0012 | Train acc: 1.0000 | Valid acc: 1.0000 | patience:  44 | Epoch time: 28.9 |

2023-01-27 15:17:17,721 - INFO -
| Epoch:     97 | Train loss: 0.0006 | Valid loss: 0.0002 | Train acc: 1.0000 | Valid acc: 1.0000 | patience:  45 | Epoch time: 28.9 |

2023-01-27 15:17:46,646 - INFO -
| Epoch:     98 | Train loss: 0.0000 | Valid loss: 0.0020 | Train acc: 0.9966 | Valid acc: 1.0000 | patience:  46 | Epoch time: 28.9 |

2023-01-27 15:18:15,595 - INFO -
| Epoch:     99 | Train loss: 0.0006 | Valid loss: 0.0002 | Train acc: 1.0000 | Valid acc: 1.0000 | patience:  47 | Epoch time: 28.9 |

2023-01-27 15:18:44,541 - INFO -
| Epoch:    100 | Train loss: 0.0003 | Valid loss: 0.0000 | Train acc: 1.0000 | Valid acc: 1.0000 | patience:  48 | Epoch time: 28.9 |

2023-01-27 15:19:13,475 - INFO -
| Epoch:    101 | Train loss: 0.0025 | Valid loss: 0.0016 | Train acc: 0.9984 | Valid acc: 1.0000 | patience:  49 | Epoch time: 28.9 |

2023-01-27 15:19:42,425 - INFO -
| Epoch:    102 | Train loss: 0.0000 | Valid loss: 0.0015 | Train acc: 1.0000 | Valid acc: 1.0000 | patience:  50 | Epoch time: 28.9 |

2023-01-27 15:20:11,379 - INFO -
| Epoch:    103 | Train loss: 0.0010 | Valid loss: 0.0004 | Train acc: 1.0000 | Valid acc: 1.0000 | patience:  51 | Epoch time: 29.0 |

2023-01-27 15:20:40,341 - INFO -
| Epoch:    104 | Train loss: 0.0005 | Valid loss: 0.0002 | Train acc: 1.0000 | Valid acc: 1.0000 | patience:  52 | Epoch time: 29.0 |

2023-01-27 15:21:09,276 - INFO -
| Epoch:    105 | Train loss: 0.0004 | Valid loss: 0.0000 | Train acc: 1.0000 | Valid acc: 0.9996 | patience:  53 | Epoch time: 28.9 |

2023-01-27 15:21:38,228 - INFO -
| Epoch:    106 | Train loss: 0.0006 | Valid loss: 0.0025 | Train acc: 0.9997 | Valid acc: 1.0000 | patience:  54 | Epoch time: 29.0 |

2023-01-27 15:22:07,182 - INFO -
| Epoch:    107 | Train loss: 0.0007 | Valid loss: 0.0034 | Train acc: 1.0000 | Valid acc: 1.0000 | patience:  55 | Epoch time: 29.0 |

2023-01-27 15:22:36,139 - INFO -
| Epoch:    108 | Train loss: 0.0046 | Valid loss: 0.0003 | Train acc: 1.0000 | Valid acc: 1.0000 | patience:  56 | Epoch time: 29.0 |

2023-01-27 15:23:05,417 - INFO -
| Epoch:    109 | Train loss: 0.0003 | Valid loss: 0.0000 | Train acc: 1.0000 | Valid acc: 1.0000 | patience:  57 | Epoch time: 29.3 |

2023-01-27 15:23:34,356 - INFO -
| Epoch:    110 | Train loss: 0.0000 | Valid loss: 0.0004 | Train acc: 0.9960 | Valid acc: 1.0000 | patience:  58 | Epoch time: 28.9 |

2023-01-27 15:24:03,286 - INFO -
| Epoch:    111 | Train loss: 0.0000 | Valid loss: 0.0000 | Train acc: 1.0000 | Valid acc: 1.0000 | patience:  59 | Epoch time: 28.9 |

2023-01-27 15:24:32,215 - INFO -
| Epoch:    112 | Train loss: 0.0000 | Valid loss: 0.0011 | Train acc: 1.0000 | Valid acc: 0.9990 | patience:  60 | Epoch time: 28.9 |

2023-01-27 15:25:01,167 - INFO -
| Epoch:    113 | Train loss: 0.0037 | Valid loss: 0.0009 | Train acc: 1.0000 | Valid acc: 1.0000 | patience:  61 | Epoch time: 29.0 |

2023-01-27 15:25:30,104 - INFO -
| Epoch:    114 | Train loss: 0.0028 | Valid loss: 0.0005 | Train acc: 1.0000 | Valid acc: 1.0000 | patience:  62 | Epoch time: 28.9 |

2023-01-27 15:25:59,065 - INFO -
| Epoch:    115 | Train loss: 0.0000 | Valid loss: 0.0007 | Train acc: 1.0000 | Valid acc: 1.0000 | patience:  63 | Epoch time: 29.0 |

2023-01-27 15:26:28,026 - INFO -
| Epoch:    116 | Train loss: 0.0000 | Valid loss: 0.0006 | Train acc: 1.0000 | Valid acc: 0.9990 | patience:  64 | Epoch time: 29.0 |

2023-01-27 15:26:56,964 - INFO -
| Epoch:    117 | Train loss: 0.0004 | Valid loss: 0.0000 | Train acc: 1.0000 | Valid acc: 0.9993 | patience:  65 | Epoch time: 28.9 |

2023-01-27 15:27:25,882 - INFO -
| Epoch:    118 | Train loss: 0.0004 | Valid loss: 0.0022 | Train acc: 1.0000 | Valid acc: 1.0000 | patience:  66 | Epoch time: 28.9 |

2023-01-27 15:27:54,833 - INFO -
| Epoch:    119 | Train loss: 0.0009 | Valid loss: 0.0027 | Train acc: 0.9943 | Valid acc: 1.0000 | patience:  67 | Epoch time: 29.0 |

2023-01-27 15:28:23,770 - INFO -
| Epoch:    120 | Train loss: 0.0060 | Valid loss: 0.0010 | Train acc: 1.0000 | Valid acc: 1.0000 | patience:  68 | Epoch time: 28.9 |

2023-01-27 15:28:52,745 - INFO -
| Epoch:    121 | Train loss: 0.0001 | Valid loss: 0.0002 | Train acc: 1.0000 | Valid acc: 1.0000 | patience:  69 | Epoch time: 29.0 |

2023-01-27 15:29:21,698 - INFO -
| Epoch:    122 | Train loss: 0.0001 | Valid loss: 0.0000 | Train acc: 0.9983 | Valid acc: 1.0000 | patience:  70 | Epoch time: 29.0 |

2023-01-27 15:29:50,635 - INFO -
| Epoch:    123 | Train loss: 0.0011 | Valid loss: 0.0009 | Train acc: 0.9996 | Valid acc: 1.0000 | patience:  71 | Epoch time: 28.9 |

2023-01-27 15:30:19,584 - INFO -
| Epoch:    124 | Train loss: 0.0000 | Valid loss: 0.0068 | Train acc: 1.0000 | Valid acc: 1.0000 | patience:  72 | Epoch time: 28.9 |

2023-01-27 15:30:48,544 - INFO -
| Epoch:    125 | Train loss: 0.0001 | Valid loss: 0.0009 | Train acc: 1.0000 | Valid acc: 1.0000 | patience:  73 | Epoch time: 29.0 |

2023-01-27 15:31:17,522 - INFO -
| Epoch:    126 | Train loss: 0.0012 | Valid loss: 0.0004 | Train acc: 0.9978 | Valid acc: 0.9983 | patience:  74 | Epoch time: 29.0 |

2023-01-27 15:31:46,484 - INFO -
| Epoch:    127 | Train loss: 0.0022 | Valid loss: 0.0000 | Train acc: 1.0000 | Valid acc: 1.0000 | patience:  75 | Epoch time: 29.0 |

2023-01-27 15:32:15,452 - INFO -
| Epoch:    128 | Train loss: 0.0016 | Valid loss: 0.0001 | Train acc: 1.0000 | Valid acc: 1.0000 | patience:  76 | Epoch time: 29.0 |

2023-01-27 15:32:44,434 - INFO -
| Epoch:    129 | Train loss: 0.0005 | Valid loss: 0.0001 | Train acc: 1.0000 | Valid acc: 1.0000 | patience:  77 | Epoch time: 29.0 |

2023-01-27 15:33:13,387 - INFO -
| Epoch:    130 | Train loss: 0.0000 | Valid loss: 0.0000 | Train acc: 0.9973 | Valid acc: 1.0000 | patience:  78 | Epoch time: 29.0 |

2023-01-27 15:33:42,329 - INFO -
| Epoch:    131 | Train loss: 0.0000 | Valid loss: 0.0010 | Train acc: 1.0000 | Valid acc: 0.9998 | patience:  79 | Epoch time: 28.9 |

2023-01-27 15:34:11,256 - INFO -
| Epoch:    132 | Train loss: 0.0010 | Valid loss: 0.0008 | Train acc: 1.0000 | Valid acc: 1.0000 | patience:  80 | Epoch time: 28.9 |

2023-01-27 15:34:40,172 - INFO -
| Epoch:    133 | Train loss: 0.0014 | Valid loss: 0.0075 | Train acc: 0.9983 | Valid acc: 1.0000 | patience:  81 | Epoch time: 28.9 |

2023-01-27 15:35:09,113 - INFO -
| Epoch:    134 | Train loss: 0.0002 | Valid loss: 0.0008 | Train acc: 1.0000 | Valid acc: 1.0000 | patience:  82 | Epoch time: 28.9 |

2023-01-27 15:35:38,041 - INFO -
| Epoch:    135 | Train loss: 0.0007 | Valid loss: 0.0000 | Train acc: 0.9993 | Valid acc: 1.0000 | patience:  83 | Epoch time: 28.9 |

2023-01-27 15:36:06,949 - INFO -
| Epoch:    136 | Train loss: 0.0010 | Valid loss: 0.0004 | Train acc: 1.0000 | Valid acc: 0.9995 | patience:  84 | Epoch time: 28.9 |

2023-01-27 15:36:35,867 - INFO -
| Epoch:    137 | Train loss: 0.0006 | Valid loss: 0.0004 | Train acc: 0.9991 | Valid acc: 1.0000 | patience:  85 | Epoch time: 28.9 |

2023-01-27 15:37:04,804 - INFO -
| Epoch:    138 | Train loss: 0.0000 | Valid loss: 0.0000 | Train acc: 1.0000 | Valid acc: 1.0000 | patience:  86 | Epoch time: 28.9 |

2023-01-27 15:37:33,737 - INFO -
| Epoch:    139 | Train loss: 0.0032 | Valid loss: 0.0002 | Train acc: 0.9996 | Valid acc: 1.0000 | patience:  87 | Epoch time: 28.9 |

2023-01-27 15:38:02,665 - INFO -
| Epoch:    140 | Train loss: 0.0008 | Valid loss: 0.0001 | Train acc: 0.9991 | Valid acc: 0.9997 | patience:  88 | Epoch time: 28.9 |

2023-01-27 15:38:31,585 - INFO -
| Epoch:    141 | Train loss: 0.0000 | Valid loss: 0.0001 | Train acc: 1.0000 | Valid acc: 1.0000 | patience:  89 | Epoch time: 28.9 |

2023-01-27 15:39:00,522 - INFO -
| Epoch:    142 | Train loss: 0.0005 | Valid loss: 0.0044 | Train acc: 1.0000 | Valid acc: 1.0000 | patience:  90 | Epoch time: 28.9 |

2023-01-27 15:39:29,458 - INFO -
| Epoch:    143 | Train loss: 0.0020 | Valid loss: 0.0053 | Train acc: 1.0000 | Valid acc: 1.0000 | patience:  91 | Epoch time: 28.9 |

2023-01-27 15:39:58,383 - INFO -
| Epoch:    144 | Train loss: 0.0002 | Valid loss: 0.0000 | Train acc: 0.9993 | Valid acc: 0.9997 | patience:  92 | Epoch time: 28.9 |

2023-01-27 15:40:27,334 - INFO -
| Epoch:    145 | Train loss: 0.0006 | Valid loss: 0.0000 | Train acc: 1.0000 | Valid acc: 1.0000 | patience:  93 | Epoch time: 29.0 |

2023-01-27 15:40:56,259 - INFO -
| Epoch:    146 | Train loss: 0.0001 | Valid loss: 0.0000 | Train acc: 0.9999 | Valid acc: 1.0000 | patience:  94 | Epoch time: 28.9 |

2023-01-27 15:41:25,212 - INFO -
| Epoch:    147 | Train loss: 0.0001 | Valid loss: 0.0001 | Train acc: 1.0000 | Valid acc: 1.0000 | patience:  95 | Epoch time: 29.0 |

2023-01-27 15:41:54,467 - INFO -
| Epoch:    148 | Train loss: 0.0000 | Valid loss: 0.0010 | Train acc: 1.0000 | Valid acc: 1.0000 | patience:  96 | Epoch time: 29.3 |

2023-01-27 15:42:23,369 - INFO -
| Epoch:    149 | Train loss: 0.0004 | Valid loss: 0.0013 | Train acc: 0.9989 | Valid acc: 1.0000 | patience:  97 | Epoch time: 28.9 |

2023-01-27 15:42:52,288 - INFO -
| Epoch:    150 | Train loss: 0.0000 | Valid loss: 0.0000 | Train acc: 1.0000 | Valid acc: 1.0000 | patience:  98 | Epoch time: 28.9 |

2023-01-27 15:43:21,213 - INFO -
| Epoch:    151 | Train loss: 0.0008 | Valid loss: 0.0030 | Train acc: 1.0000 | Valid acc: 1.0000 | patience:  99 | Epoch time: 28.9 |

2023-01-27 15:43:50,127 - INFO -
| Epoch:    152 | Train loss: 0.0000 | Valid loss: 0.0000 | Train acc: 1.0000 | Valid acc: 1.0000 | patience: 100 | Epoch time: 28.9 |

2023-01-27 15:44:19,077 - INFO -
| Epoch:    153 | Train loss: 0.0000 | Valid loss: 0.0019 | Train acc: 1.0000 | Valid acc: 1.0000 | patience: 101 | Epoch time: 28.9 |

2023-01-27 15:44:47,992 - INFO -
| Epoch:    154 | Train loss: 0.0020 | Valid loss: 0.0000 | Train acc: 1.0000 | Valid acc: 1.0000 | patience: 102 | Epoch time: 28.9 |

2023-01-27 15:45:16,915 - INFO -
| Epoch:    155 | Train loss: 0.0002 | Valid loss: 0.0015 | Train acc: 1.0000 | Valid acc: 1.0000 | patience: 103 | Epoch time: 28.9 |

2023-01-27 15:45:45,833 - INFO -
| Epoch:    156 | Train loss: 0.0008 | Valid loss: 0.0001 | Train acc: 1.0000 | Valid acc: 0.9993 | patience: 104 | Epoch time: 28.9 |

2023-01-27 15:46:14,754 - INFO -
| Epoch:    157 | Train loss: 0.0000 | Valid loss: 0.0000 | Train acc: 1.0000 | Valid acc: 1.0000 | patience: 105 | Epoch time: 28.9 |

2023-01-27 15:46:43,684 - INFO -
| Epoch:    158 | Train loss: 0.0000 | Valid loss: 0.0002 | Train acc: 1.0000 | Valid acc: 1.0000 | patience: 106 | Epoch time: 28.9 |

2023-01-27 15:47:12,580 - INFO -
| Epoch:    159 | Train loss: 0.0006 | Valid loss: 0.0000 | Train acc: 1.0000 | Valid acc: 0.9997 | patience: 107 | Epoch time: 28.9 |

2023-01-27 15:47:41,508 - INFO -
| Epoch:    160 | Train loss: 0.0000 | Valid loss: 0.0006 | Train acc: 1.0000 | Valid acc: 1.0000 | patience: 108 | Epoch time: 28.9 |

2023-01-27 15:48:10,436 - INFO -
| Epoch:    161 | Train loss: 0.0001 | Valid loss: 0.0007 | Train acc: 1.0000 | Valid acc: 0.9996 | patience: 109 | Epoch time: 28.9 |

2023-01-27 15:48:39,362 - INFO -
| Epoch:    162 | Train loss: 0.0000 | Valid loss: 0.0001 | Train acc: 1.0000 | Valid acc: 1.0000 | patience: 110 | Epoch time: 28.9 |

2023-01-27 15:49:08,305 - INFO -
| Epoch:    163 | Train loss: 0.0000 | Valid loss: 0.0005 | Train acc: 1.0000 | Valid acc: 1.0000 | patience: 111 | Epoch time: 28.9 |

2023-01-27 15:49:37,220 - INFO -
| Epoch:    164 | Train loss: 0.0020 | Valid loss: 0.0000 | Train acc: 1.0000 | Valid acc: 1.0000 | patience: 112 | Epoch time: 28.9 |

2023-01-27 15:50:06,139 - INFO -
| Epoch:    165 | Train loss: 0.0000 | Valid loss: 0.0000 | Train acc: 1.0000 | Valid acc: 1.0000 | patience: 113 | Epoch time: 28.9 |

2023-01-27 15:50:35,072 - INFO -
| Epoch:    166 | Train loss: 0.0008 | Valid loss: 0.0010 | Train acc: 1.0000 | Valid acc: 1.0000 | patience: 114 | Epoch time: 28.9 |

2023-01-27 15:51:04,012 - INFO -
| Epoch:    167 | Train loss: 0.0000 | Valid loss: 0.0002 | Train acc: 1.0000 | Valid acc: 1.0000 | patience: 115 | Epoch time: 28.9 |

2023-01-27 15:51:32,960 - INFO -
| Epoch:    168 | Train loss: 0.0000 | Valid loss: 0.0017 | Train acc: 0.9994 | Valid acc: 1.0000 | patience: 116 | Epoch time: 28.9 |

2023-01-27 15:52:02,218 - INFO -
| Epoch:    169 | Train loss: 0.0000 | Valid loss: 0.0026 | Train acc: 0.9983 | Valid acc: 0.9993 | patience: 117 | Epoch time: 29.3 |

2023-01-27 15:52:31,187 - INFO -
| Epoch:    170 | Train loss: 0.0005 | Valid loss: 0.0015 | Train acc: 0.9993 | Valid acc: 1.0000 | patience: 118 | Epoch time: 29.0 |

2023-01-27 15:53:00,174 - INFO -
| Epoch:    171 | Train loss: 0.0009 | Valid loss: 0.0003 | Train acc: 0.9981 | Valid acc: 0.9998 | patience: 119 | Epoch time: 29.0 |

2023-01-27 15:53:29,125 - INFO -
| Epoch:    172 | Train loss: 0.0003 | Valid loss: 0.0003 | Train acc: 1.0000 | Valid acc: 1.0000 | patience: 120 | Epoch time: 29.0 |

2023-01-27 15:53:58,062 - INFO -
| Epoch:    173 | Train loss: 0.0008 | Valid loss: 0.0002 | Train acc: 0.9998 | Valid acc: 1.0000 | patience: 121 | Epoch time: 28.9 |

2023-01-27 15:54:27,024 - INFO -
| Epoch:    174 | Train loss: 0.0002 | Valid loss: 0.0000 | Train acc: 1.0000 | Valid acc: 0.9995 | patience: 122 | Epoch time: 29.0 |

2023-01-27 15:54:55,968 - INFO -
| Epoch:    175 | Train loss: 0.0000 | Valid loss: 0.0000 | Train acc: 1.0000 | Valid acc: 1.0000 | patience: 123 | Epoch time: 28.9 |

2023-01-27 15:55:24,932 - INFO -
| Epoch:    176 | Train loss: 0.0000 | Valid loss: 0.0000 | Train acc: 0.9966 | Valid acc: 1.0000 | patience: 124 | Epoch time: 29.0 |

2023-01-27 15:55:53,894 - INFO -
| Epoch:    177 | Train loss: 0.0000 | Valid loss: 0.0000 | Train acc: 1.0000 | Valid acc: 1.0000 | patience: 125 | Epoch time: 29.0 |

2023-01-27 15:56:22,856 - INFO -
| Epoch:    178 | Train loss: 0.0000 | Valid loss: 0.0006 | Train acc: 1.0000 | Valid acc: 1.0000 | patience: 126 | Epoch time: 29.0 |

2023-01-27 15:56:51,833 - INFO -
| Epoch:    179 | Train loss: 0.0021 | Valid loss: 0.0005 | Train acc: 1.0000 | Valid acc: 1.0000 | patience: 127 | Epoch time: 29.0 |

2023-01-27 15:57:20,819 - INFO -
| Epoch:    180 | Train loss: 0.0014 | Valid loss: 0.0001 | Train acc: 1.0000 | Valid acc: 1.0000 | patience: 128 | Epoch time: 29.0 |

2023-01-27 15:57:49,756 - INFO -
| Epoch:    181 | Train loss: 0.0000 | Valid loss: 0.0000 | Train acc: 1.0000 | Valid acc: 1.0000 | patience: 129 | Epoch time: 28.9 |

2023-01-27 15:58:18,729 - INFO -
| Epoch:    182 | Train loss: 0.0006 | Valid loss: 0.0024 | Train acc: 1.0000 | Valid acc: 1.0000 | patience: 130 | Epoch time: 29.0 |

2023-01-27 15:58:47,694 - INFO -
| Epoch:    183 | Train loss: 0.0000 | Valid loss: 0.0005 | Train acc: 1.0000 | Valid acc: 1.0000 | patience: 131 | Epoch time: 29.0 |

2023-01-27 15:59:16,660 - INFO -
| Epoch:    184 | Train loss: 0.0000 | Valid loss: 0.0001 | Train acc: 1.0000 | Valid acc: 0.9997 | patience: 132 | Epoch time: 29.0 |

2023-01-27 15:59:45,633 - INFO -
| Epoch:    185 | Train loss: 0.0010 | Valid loss: 0.0008 | Train acc: 1.0000 | Valid acc: 1.0000 | patience: 133 | Epoch time: 29.0 |

2023-01-27 16:00:14,604 - INFO -
| Epoch:    186 | Train loss: 0.0007 | Valid loss: 0.0000 | Train acc: 1.0000 | Valid acc: 0.9997 | patience: 134 | Epoch time: 29.0 |

2023-01-27 16:00:43,575 - INFO -
| Epoch:    187 | Train loss: 0.0001 | Valid loss: 0.0002 | Train acc: 0.9993 | Valid acc: 1.0000 | patience: 135 | Epoch time: 29.0 |

2023-01-27 16:01:12,658 - INFO -
| Epoch:    188 | Train loss: 0.0004 | Valid loss: 0.0006 | Train acc: 1.0000 | Valid acc: 1.0000 | patience: 136 | Epoch time: 29.1 |

2023-01-27 16:01:41,640 - INFO -
| Epoch:    189 | Train loss: 0.0003 | Valid loss: 0.0007 | Train acc: 1.0000 | Valid acc: 1.0000 | patience: 137 | Epoch time: 29.0 |

2023-01-27 16:02:10,640 - INFO -
| Epoch:    190 | Train loss: 0.0012 | Valid loss: 0.0002 | Train acc: 1.0000 | Valid acc: 1.0000 | patience: 138 | Epoch time: 29.0 |

2023-01-27 16:02:39,645 - INFO -
| Epoch:    191 | Train loss: 0.0009 | Valid loss: 0.0002 | Train acc: 1.0000 | Valid acc: 0.9990 | patience: 139 | Epoch time: 29.0 |

2023-01-27 16:03:08,611 - INFO -
| Epoch:    192 | Train loss: 0.0000 | Valid loss: 0.0023 | Train acc: 1.0000 | Valid acc: 1.0000 | patience: 140 | Epoch time: 29.0 |

2023-01-27 16:03:37,572 - INFO -
| Epoch:    193 | Train loss: 0.0026 | Valid loss: 0.0006 | Train acc: 0.9996 | Valid acc: 1.0000 | patience: 141 | Epoch time: 29.0 |

2023-01-27 16:04:06,534 - INFO -
| Epoch:    194 | Train loss: 0.0002 | Valid loss: 0.0002 | Train acc: 1.0000 | Valid acc: 1.0000 | patience: 142 | Epoch time: 29.0 |

2023-01-27 16:04:35,498 - INFO -
| Epoch:    195 | Train loss: 0.0001 | Valid loss: 0.0000 | Train acc: 0.9983 | Valid acc: 1.0000 | patience: 143 | Epoch time: 29.0 |

2023-01-27 16:05:04,453 - INFO -
| Epoch:    196 | Train loss: 0.0001 | Valid loss: 0.0003 | Train acc: 0.9983 | Valid acc: 0.9987 | patience: 144 | Epoch time: 29.0 |

2023-01-27 16:05:33,443 - INFO -
| Epoch:    197 | Train loss: 0.0002 | Valid loss: 0.0001 | Train acc: 1.0000 | Valid acc: 1.0000 | patience: 145 | Epoch time: 29.0 |

2023-01-27 16:06:02,430 - INFO -
| Epoch:    198 | Train loss: 0.0021 | Valid loss: 0.0007 | Train acc: 1.0000 | Valid acc: 1.0000 | patience: 146 | Epoch time: 29.0 |

2023-01-27 16:06:31,386 - INFO -
| Epoch:    199 | Train loss: 0.0002 | Valid loss: 0.0026 | Train acc: 1.0000 | Valid acc: 1.0000 | patience: 147 | Epoch time: 29.0 |

2023-01-27 16:07:00,337 - INFO -
| Epoch:    200 | Train loss: 0.0000 | Valid loss: 0.0000 | Train acc: 0.9996 | Valid acc: 1.0000 | patience: 148 | Epoch time: 29.0 |

2023-01-27 16:07:29,302 - INFO -
| Epoch:    201 | Train loss: 0.0000 | Valid loss: 0.0005 | Train acc: 1.0000 | Valid acc: 1.0000 | patience: 149 | Epoch time: 29.0 |

2023-01-27 16:07:58,257 - INFO -
| Epoch:    202 | Train loss: 0.0001 | Valid loss: 0.0001 | Train acc: 1.0000 | Valid acc: 1.0000 | patience: 150 | Epoch time: 29.0 |

2023-01-27 16:08:27,211 - INFO -
| Epoch:    203 | Train loss: 0.0000 | Valid loss: 0.0000 | Train acc: 1.0000 | Valid acc: 1.0000 | patience: 151 | Epoch time: 29.0 |

2023-01-27 16:08:56,157 - INFO -
| Epoch:    204 | Train loss: 0.0000 | Valid loss: 0.0012 | Train acc: 1.0000 | Valid acc: 1.0000 | patience: 152 | Epoch time: 28.9 |

2023-01-27 16:09:25,115 - INFO -
| Epoch:    205 | Train loss: 0.0000 | Valid loss: 0.0007 | Train acc: 1.0000 | Valid acc: 1.0000 | patience: 153 | Epoch time: 29.0 |

2023-01-27 16:09:54,142 - INFO -
| Epoch:    206 | Train loss: 0.0002 | Valid loss: 0.0005 | Train acc: 1.0000 | Valid acc: 1.0000 | patience: 154 | Epoch time: 29.0 |

2023-01-27 16:10:23,131 - INFO -
| Epoch:    207 | Train loss: 0.0000 | Valid loss: 0.0000 | Train acc: 1.0000 | Valid acc: 1.0000 | patience: 155 | Epoch time: 29.0 |

2023-01-27 16:10:52,383 - INFO -
| Epoch:    208 | Train loss: 0.0000 | Valid loss: 0.0000 | Train acc: 0.9994 | Valid acc: 1.0000 | patience: 156 | Epoch time: 29.3 |

2023-01-27 16:11:21,353 - INFO -
| Epoch:    209 | Train loss: 0.0000 | Valid loss: 0.0000 | Train acc: 0.9999 | Valid acc: 1.0000 | patience: 157 | Epoch time: 29.0 |

2023-01-27 16:11:50,311 - INFO -
| Epoch:    210 | Train loss: 0.0006 | Valid loss: 0.0000 | Train acc: 0.9998 | Valid acc: 1.0000 | patience: 158 | Epoch time: 29.0 |

2023-01-27 16:12:19,270 - INFO -
| Epoch:    211 | Train loss: 0.0000 | Valid loss: 0.0000 | Train acc: 1.0000 | Valid acc: 1.0000 | patience: 159 | Epoch time: 29.0 |

2023-01-27 16:12:48,203 - INFO -
| Epoch:    212 | Train loss: 0.0000 | Valid loss: 0.0006 | Train acc: 1.0000 | Valid acc: 0.9993 | patience: 160 | Epoch time: 28.9 |

2023-01-27 16:13:17,154 - INFO -
| Epoch:    213 | Train loss: 0.0000 | Valid loss: 0.0016 | Train acc: 1.0000 | Valid acc: 1.0000 | patience: 161 | Epoch time: 29.0 |

2023-01-27 16:13:46,117 - INFO -
| Epoch:    214 | Train loss: 0.0004 | Valid loss: 0.0001 | Train acc: 0.9998 | Valid acc: 1.0000 | patience: 162 | Epoch time: 29.0 |

2023-01-27 16:14:15,100 - INFO -
| Epoch:    215 | Train loss: 0.0005 | Valid loss: 0.0000 | Train acc: 0.9989 | Valid acc: 0.9972 | patience: 163 | Epoch time: 29.0 |

2023-01-27 16:14:45,060 - INFO -
| Epoch:    216 | Train loss: 0.0002 | Valid loss: 0.0001 | Train acc: 0.9994 | Valid acc: 1.0000 | patience: 164 | Epoch time: 30.0 |

2023-01-27 16:15:14,016 - INFO -
| Epoch:    217 | Train loss: 0.0009 | Valid loss: 0.0000 | Train acc: 1.0000 | Valid acc: 1.0000 | patience: 165 | Epoch time: 29.0 |

2023-01-27 16:15:42,961 - INFO -
| Epoch:    218 | Train loss: 0.0000 | Valid loss: 0.0001 | Train acc: 1.0000 | Valid acc: 1.0000 | patience: 166 | Epoch time: 28.9 |

2023-01-27 16:16:11,935 - INFO -
| Epoch:    219 | Train loss: 0.0000 | Valid loss: 0.0000 | Train acc: 1.0000 | Valid acc: 1.0000 | patience: 167 | Epoch time: 29.0 |

2023-01-27 16:16:40,899 - INFO -
| Epoch:    220 | Train loss: 0.0001 | Valid loss: 0.0003 | Train acc: 1.0000 | Valid acc: 0.9987 | patience: 168 | Epoch time: 29.0 |

2023-01-27 16:17:09,842 - INFO -
| Epoch:    221 | Train loss: 0.0000 | Valid loss: 0.0000 | Train acc: 1.0000 | Valid acc: 1.0000 | patience: 169 | Epoch time: 28.9 |

2023-01-27 16:17:38,800 - INFO -
| Epoch:    222 | Train loss: 0.0000 | Valid loss: 0.0021 | Train acc: 1.0000 | Valid acc: 1.0000 | patience: 170 | Epoch time: 29.0 |

2023-01-27 16:18:07,755 - INFO -
| Epoch:    223 | Train loss: 0.0005 | Valid loss: 0.0006 | Train acc: 1.0000 | Valid acc: 1.0000 | patience: 171 | Epoch time: 29.0 |

2023-01-27 16:18:36,709 - INFO -
| Epoch:    224 | Train loss: 0.0000 | Valid loss: 0.0000 | Train acc: 1.0000 | Valid acc: 1.0000 | patience: 172 | Epoch time: 29.0 |

2023-01-27 16:19:05,654 - INFO -
| Epoch:    225 | Train loss: 0.0005 | Valid loss: 0.0001 | Train acc: 1.0000 | Valid acc: 1.0000 | patience: 173 | Epoch time: 28.9 |

2023-01-27 16:19:34,606 - INFO -
| Epoch:    226 | Train loss: 0.0008 | Valid loss: 0.0001 | Train acc: 1.0000 | Valid acc: 0.9997 | patience: 174 | Epoch time: 29.0 |

2023-01-27 16:20:03,539 - INFO -
| Epoch:    227 | Train loss: 0.0003 | Valid loss: 0.0000 | Train acc: 1.0000 | Valid acc: 1.0000 | patience: 175 | Epoch time: 28.9 |

2023-01-27 16:20:32,494 - INFO -
| Epoch:    228 | Train loss: 0.0000 | Valid loss: 0.0033 | Train acc: 1.0000 | Valid acc: 1.0000 | patience: 176 | Epoch time: 29.0 |

2023-01-27 16:21:01,670 - INFO -
| Epoch:    229 | Train loss: 0.0001 | Valid loss: 0.0000 | Train acc: 1.0000 | Valid acc: 1.0000 | patience: 177 | Epoch time: 29.2 |

2023-01-27 16:21:30,578 - INFO -
| Epoch:    230 | Train loss: 0.0000 | Valid loss: 0.0005 | Train acc: 0.9995 | Valid acc: 1.0000 | patience: 178 | Epoch time: 28.9 |

2023-01-27 16:21:59,495 - INFO -
| Epoch:    231 | Train loss: 0.0000 | Valid loss: 0.0007 | Train acc: 1.0000 | Valid acc: 1.0000 | patience: 179 | Epoch time: 28.9 |

2023-01-27 16:22:28,386 - INFO -
| Epoch:    232 | Train loss: 0.0000 | Valid loss: 0.0002 | Train acc: 1.0000 | Valid acc: 0.9992 | patience: 180 | Epoch time: 28.9 |

2023-01-27 16:22:57,267 - INFO -
| Epoch:    233 | Train loss: 0.0025 | Valid loss: 0.0017 | Train acc: 1.0000 | Valid acc: 1.0000 | patience: 181 | Epoch time: 28.9 |

2023-01-27 16:23:26,161 - INFO -
| Epoch:    234 | Train loss: 0.0000 | Valid loss: 0.0000 | Train acc: 0.9999 | Valid acc: 1.0000 | patience: 182 | Epoch time: 28.9 |

2023-01-27 16:23:55,064 - INFO -
| Epoch:    235 | Train loss: 0.0011 | Valid loss: 0.0002 | Train acc: 1.0000 | Valid acc: 1.0000 | patience: 183 | Epoch time: 28.9 |

2023-01-27 16:24:23,944 - INFO -
| Epoch:    236 | Train loss: 0.0000 | Valid loss: 0.0002 | Train acc: 0.9989 | Valid acc: 1.0000 | patience: 184 | Epoch time: 28.9 |

2023-01-27 16:24:52,834 - INFO -
| Epoch:    237 | Train loss: 0.0000 | Valid loss: 0.0001 | Train acc: 0.9991 | Valid acc: 1.0000 | patience: 185 | Epoch time: 28.9 |

2023-01-27 16:25:21,720 - INFO -
| Epoch:    238 | Train loss: 0.0010 | Valid loss: 0.0000 | Train acc: 1.0000 | Valid acc: 1.0000 | patience: 186 | Epoch time: 28.9 |

2023-01-27 16:25:50,628 - INFO -
| Epoch:    239 | Train loss: 0.0003 | Valid loss: 0.0003 | Train acc: 0.9996 | Valid acc: 1.0000 | patience: 187 | Epoch time: 28.9 |

2023-01-27 16:26:19,534 - INFO -
| Epoch:    240 | Train loss: 0.0000 | Valid loss: 0.0000 | Train acc: 1.0000 | Valid acc: 1.0000 | patience: 188 | Epoch time: 28.9 |

2023-01-27 16:26:48,450 - INFO -
| Epoch:    241 | Train loss: 0.0000 | Valid loss: 0.0002 | Train acc: 1.0000 | Valid acc: 0.9976 | patience: 189 | Epoch time: 28.9 |

2023-01-27 16:27:17,363 - INFO -
| Epoch:    242 | Train loss: 0.0019 | Valid loss: 0.0011 | Train acc: 1.0000 | Valid acc: 1.0000 | patience: 190 | Epoch time: 28.9 |

2023-01-27 16:27:46,237 - INFO -
| Epoch:    243 | Train loss: 0.0001 | Valid loss: 0.0000 | Train acc: 1.0000 | Valid acc: 1.0000 | patience: 191 | Epoch time: 28.9 |

2023-01-27 16:28:15,117 - INFO -
| Epoch:    244 | Train loss: 0.0000 | Valid loss: 0.0000 | Train acc: 1.0000 | Valid acc: 1.0000 | patience: 192 | Epoch time: 28.9 |

2023-01-27 16:28:43,998 - INFO -
| Epoch:    245 | Train loss: 0.0000 | Valid loss: 0.0003 | Train acc: 1.0000 | Valid acc: 1.0000 | patience: 193 | Epoch time: 28.9 |

2023-01-27 16:29:12,910 - INFO -
| Epoch:    246 | Train loss: 0.0021 | Valid loss: 0.0001 | Train acc: 1.0000 | Valid acc: 1.0000 | patience: 194 | Epoch time: 28.9 |

2023-01-27 16:29:41,821 - INFO -
| Epoch:    247 | Train loss: 0.0000 | Valid loss: 0.0001 | Train acc: 0.9998 | Valid acc: 1.0000 | patience: 195 | Epoch time: 28.9 |

2023-01-27 16:30:10,722 - INFO -
| Epoch:    248 | Train loss: 0.0000 | Valid loss: 0.0000 | Train acc: 1.0000 | Valid acc: 1.0000 | patience: 196 | Epoch time: 28.9 |

2023-01-27 16:30:39,615 - INFO -
| Epoch:    249 | Train loss: 0.0000 | Valid loss: 0.0000 | Train acc: 1.0000 | Valid acc: 1.0000 | patience: 197 | Epoch time: 28.9 |

2023-01-27 16:31:08,522 - INFO -
| Epoch:    250 | Train loss: 0.0000 | Valid loss: 0.0000 | Train acc: 0.9998 | Valid acc: 1.0000 | patience: 198 | Epoch time: 28.9 |

2023-01-27 16:31:37,438 - INFO -
| Epoch:    251 | Train loss: 0.0003 | Valid loss: 0.0000 | Train acc: 1.0000 | Valid acc: 1.0000 | patience: 199 | Epoch time: 28.9 |

2023-01-27 16:32:06,313 - INFO -
| Epoch:    252 | Train loss: 0.0000 | Valid loss: 0.0000 | Train acc: 1.0000 | Valid acc: 1.0000 | patience: 200 | Epoch time: 28.9 |

2023-01-27 16:32:35,194 - INFO -
| Epoch:    253 | Train loss: 0.0022 | Valid loss: 0.0000 | Train acc: 1.0000 | Valid acc: 0.9990 | patience: 201 | Epoch time: 28.9 |

2023-01-27 16:33:04,105 - INFO -
| Epoch:    254 | Train loss: 0.0000 | Valid loss: 0.0000 | Train acc: 1.0000 | Valid acc: 0.9997 | patience: 202 | Epoch time: 28.9 |

2023-01-27 16:33:32,986 - INFO -
| Epoch:    255 | Train loss: 0.0001 | Valid loss: 0.0000 | Train acc: 1.0000 | Valid acc: 1.0000 | patience: 203 | Epoch time: 28.9 |

2023-01-27 16:34:01,873 - INFO -
| Epoch:    256 | Train loss: 0.0000 | Valid loss: 0.0004 | Train acc: 1.0000 | Valid acc: 1.0000 | patience: 204 | Epoch time: 28.9 |

2023-01-27 16:34:30,748 - INFO -
| Epoch:    257 | Train loss: 0.0014 | Valid loss: 0.0000 | Train acc: 1.0000 | Valid acc: 1.0000 | patience: 205 | Epoch time: 28.9 |

2023-01-27 16:34:59,654 - INFO -
| Epoch:    258 | Train loss: 0.0011 | Valid loss: 0.0000 | Train acc: 1.0000 | Valid acc: 1.0000 | patience: 206 | Epoch time: 28.9 |

2023-01-27 16:35:28,579 - INFO -
| Epoch:    259 | Train loss: 0.0019 | Valid loss: 0.0002 | Train acc: 0.9998 | Valid acc: 1.0000 | patience: 207 | Epoch time: 28.9 |

2023-01-27 16:35:57,483 - INFO -
| Epoch:    260 | Train loss: 0.0001 | Valid loss: 0.0009 | Train acc: 1.0000 | Valid acc: 1.0000 | patience: 208 | Epoch time: 28.9 |

2023-01-27 16:36:26,369 - INFO -
| Epoch:    261 | Train loss: 0.0002 | Valid loss: 0.0000 | Train acc: 1.0000 | Valid acc: 1.0000 | patience: 209 | Epoch time: 28.9 |

2023-01-27 16:36:55,268 - INFO -
| Epoch:    262 | Train loss: 0.0000 | Valid loss: 0.0012 | Train acc: 1.0000 | Valid acc: 0.9998 | patience: 210 | Epoch time: 28.9 |

2023-01-27 16:37:24,164 - INFO -
| Epoch:    263 | Train loss: 0.0001 | Valid loss: 0.0009 | Train acc: 1.0000 | Valid acc: 0.9996 | patience: 211 | Epoch time: 28.9 |

2023-01-27 16:37:53,071 - INFO -
| Epoch:    264 | Train loss: 0.0002 | Valid loss: 0.0000 | Train acc: 1.0000 | Valid acc: 1.0000 | patience: 212 | Epoch time: 28.9 |

2023-01-27 16:38:22,008 - INFO -
| Epoch:    265 | Train loss: 0.0000 | Valid loss: 0.0006 | Train acc: 1.0000 | Valid acc: 0.9998 | patience: 213 | Epoch time: 28.9 |

2023-01-27 16:38:50,915 - INFO -
| Epoch:    266 | Train loss: 0.0009 | Valid loss: 0.0000 | Train acc: 0.9997 | Valid acc: 1.0000 | patience: 214 | Epoch time: 28.9 |

2023-01-27 16:39:19,796 - INFO -
| Epoch:    267 | Train loss: 0.0008 | Valid loss: 0.0016 | Train acc: 1.0000 | Valid acc: 1.0000 | patience: 215 | Epoch time: 28.9 |

2023-01-27 16:39:48,892 - INFO -
| Epoch:    268 | Train loss: 0.0000 | Valid loss: 0.0008 | Train acc: 0.9990 | Valid acc: 1.0000 | patience: 216 | Epoch time: 29.1 |

2023-01-27 16:40:17,763 - INFO -
| Epoch:    269 | Train loss: 0.0004 | Valid loss: 0.0000 | Train acc: 1.0000 | Valid acc: 1.0000 | patience: 217 | Epoch time: 28.9 |

2023-01-27 16:40:46,657 - INFO -
| Epoch:    270 | Train loss: 0.0000 | Valid loss: 0.0001 | Train acc: 1.0000 | Valid acc: 1.0000 | patience: 218 | Epoch time: 28.9 |

2023-01-27 16:41:15,518 - INFO -
| Epoch:    271 | Train loss: 0.0002 | Valid loss: 0.0004 | Train acc: 1.0000 | Valid acc: 1.0000 | patience: 219 | Epoch time: 28.9 |

2023-01-27 16:41:44,364 - INFO -
| Epoch:    272 | Train loss: 0.0011 | Valid loss: 0.0003 | Train acc: 0.9966 | Valid acc: 0.9998 | patience: 220 | Epoch time: 28.8 |

2023-01-27 16:42:13,247 - INFO -
| Epoch:    273 | Train loss: 0.0000 | Valid loss: 0.0001 | Train acc: 1.0000 | Valid acc: 1.0000 | patience: 221 | Epoch time: 28.9 |

2023-01-27 16:42:42,106 - INFO -
| Epoch:    274 | Train loss: 0.0011 | Valid loss: 0.0000 | Train acc: 1.0000 | Valid acc: 1.0000 | patience: 222 | Epoch time: 28.9 |

2023-01-27 16:43:10,989 - INFO -
| Epoch:    275 | Train loss: 0.0000 | Valid loss: 0.0000 | Train acc: 1.0000 | Valid acc: 1.0000 | patience: 223 | Epoch time: 28.9 |

2023-01-27 16:43:39,844 - INFO -
| Epoch:    276 | Train loss: 0.0017 | Valid loss: 0.0006 | Train acc: 1.0000 | Valid acc: 1.0000 | patience: 224 | Epoch time: 28.9 |

2023-01-27 16:44:08,727 - INFO -
| Epoch:    277 | Train loss: 0.0000 | Valid loss: 0.0000 | Train acc: 1.0000 | Valid acc: 1.0000 | patience: 225 | Epoch time: 28.9 |

2023-01-27 16:44:37,593 - INFO -
| Epoch:    278 | Train loss: 0.0001 | Valid loss: 0.0002 | Train acc: 1.0000 | Valid acc: 0.9994 | patience: 226 | Epoch time: 28.9 |

2023-01-27 16:45:06,467 - INFO -
| Epoch:    279 | Train loss: 0.0006 | Valid loss: 0.0000 | Train acc: 0.9994 | Valid acc: 1.0000 | patience: 227 | Epoch time: 28.9 |

2023-01-27 16:45:35,330 - INFO -
| Epoch:    280 | Train loss: 0.0005 | Valid loss: 0.0000 | Train acc: 0.9999 | Valid acc: 1.0000 | patience: 228 | Epoch time: 28.9 |

2023-01-27 16:46:04,200 - INFO -
| Epoch:    281 | Train loss: 0.0000 | Valid loss: 0.0000 | Train acc: 1.0000 | Valid acc: 1.0000 | patience: 229 | Epoch time: 28.9 |

2023-01-27 16:46:33,079 - INFO -
| Epoch:    282 | Train loss: 0.0000 | Valid loss: 0.0021 | Train acc: 1.0000 | Valid acc: 0.9997 | patience: 230 | Epoch time: 28.9 |

2023-01-27 16:47:01,984 - INFO -
| Epoch:    283 | Train loss: 0.0008 | Valid loss: 0.0010 | Train acc: 1.0000 | Valid acc: 1.0000 | patience: 231 | Epoch time: 28.9 |

2023-01-27 16:47:30,850 - INFO -
| Epoch:    284 | Train loss: 0.0019 | Valid loss: 0.0004 | Train acc: 1.0000 | Valid acc: 0.9997 | patience: 232 | Epoch time: 28.9 |

2023-01-27 16:47:59,731 - INFO -
| Epoch:    285 | Train loss: 0.0000 | Valid loss: 0.0000 | Train acc: 0.9990 | Valid acc: 1.0000 | patience: 233 | Epoch time: 28.9 |

2023-01-27 16:48:28,619 - INFO -
| Epoch:    286 | Train loss: 0.0001 | Valid loss: 0.0000 | Train acc: 1.0000 | Valid acc: 1.0000 | patience: 234 | Epoch time: 28.9 |

2023-01-27 16:48:57,518 - INFO -
| Epoch:    287 | Train loss: 0.0000 | Valid loss: 0.0000 | Train acc: 1.0000 | Valid acc: 1.0000 | patience: 235 | Epoch time: 28.9 |

2023-01-27 16:49:26,448 - INFO -
| Epoch:    288 | Train loss: 0.0000 | Valid loss: 0.0000 | Train acc: 1.0000 | Valid acc: 1.0000 | patience: 236 | Epoch time: 28.9 |

2023-01-27 16:49:55,560 - INFO -
| Epoch:    289 | Train loss: 0.0000 | Valid loss: 0.0000 | Train acc: 1.0000 | Valid acc: 1.0000 | patience: 237 | Epoch time: 29.1 |

2023-01-27 16:50:24,432 - INFO -
| Epoch:    290 | Train loss: 0.0001 | Valid loss: 0.0012 | Train acc: 1.0000 | Valid acc: 1.0000 | patience: 238 | Epoch time: 28.9 |

2023-01-27 16:50:53,315 - INFO -
| Epoch:    291 | Train loss: 0.0000 | Valid loss: 0.0000 | Train acc: 1.0000 | Valid acc: 1.0000 | patience: 239 | Epoch time: 28.9 |

2023-01-27 16:51:22,186 - INFO -
| Epoch:    292 | Train loss: 0.0000 | Valid loss: 0.0003 | Train acc: 1.0000 | Valid acc: 1.0000 | patience: 240 | Epoch time: 28.9 |

2023-01-27 16:51:51,078 - INFO -
| Epoch:    293 | Train loss: 0.0000 | Valid loss: 0.0001 | Train acc: 0.9998 | Valid acc: 1.0000 | patience: 241 | Epoch time: 28.9 |

2023-01-27 16:52:19,964 - INFO -
| Epoch:    294 | Train loss: 0.0000 | Valid loss: 0.0000 | Train acc: 1.0000 | Valid acc: 1.0000 | patience: 242 | Epoch time: 28.9 |

2023-01-27 16:52:48,859 - INFO -
| Epoch:    295 | Train loss: 0.0000 | Valid loss: 0.0000 | Train acc: 1.0000 | Valid acc: 1.0000 | patience: 243 | Epoch time: 28.9 |

2023-01-27 16:53:17,718 - INFO -
| Epoch:    296 | Train loss: 0.0008 | Valid loss: 0.0000 | Train acc: 1.0000 | Valid acc: 1.0000 | patience: 244 | Epoch time: 28.9 |

2023-01-27 16:53:46,612 - INFO -
| Epoch:    297 | Train loss: 0.0007 | Valid loss: 0.0000 | Train acc: 1.0000 | Valid acc: 1.0000 | patience: 245 | Epoch time: 28.9 |

2023-01-27 16:54:15,481 - INFO -
| Epoch:    298 | Train loss: 0.0000 | Valid loss: 0.0002 | Train acc: 1.0000 | Valid acc: 1.0000 | patience: 246 | Epoch time: 28.9 |

2023-01-27 16:54:44,355 - INFO -
| Epoch:    299 | Train loss: 0.0002 | Valid loss: 0.0000 | Train acc: 1.0000 | Valid acc: 1.0000 | patience: 247 | Epoch time: 28.9 |

2023-01-27 16:55:13,230 - INFO -
| Epoch:    300 | Train loss: 0.0020 | Valid loss: 0.0002 | Train acc: 1.0000 | Valid acc: 1.0000 | patience: 248 | Epoch time: 28.9 |

2023-01-27 16:55:42,093 - INFO -
| Epoch:    301 | Train loss: 0.0000 | Valid loss: 0.0013 | Train acc: 1.0000 | Valid acc: 1.0000 | patience: 249 | Epoch time: 28.9 |

2023-01-27 16:56:10,955 - INFO -
| Epoch:    302 | Train loss: 0.0004 | Valid loss: 0.0000 | Train acc: 1.0000 | Valid acc: 1.0000 | patience: 250 | Epoch time: 28.9 |

2023-01-27 16:56:39,832 - INFO -
| Epoch:    303 | Train loss: 0.0000 | Valid loss: 0.0001 | Train acc: 1.0000 | Valid acc: 1.0000 | patience: 251 | Epoch time: 28.9 |

2023-01-27 16:57:08,695 - INFO -
| Epoch:    304 | Train loss: 0.0000 | Valid loss: 0.0000 | Train acc: 1.0000 | Valid acc: 1.0000 | patience: 252 | Epoch time: 28.9 |

2023-01-27 16:57:37,577 - INFO -
| Epoch:    305 | Train loss: 0.0000 | Valid loss: 0.0000 | Train acc: 1.0000 | Valid acc: 1.0000 | patience: 253 | Epoch time: 28.9 |

2023-01-27 16:58:06,481 - INFO -
| Epoch:    306 | Train loss: 0.0027 | Valid loss: 0.0006 | Train acc: 1.0000 | Valid acc: 1.0000 | patience: 254 | Epoch time: 28.9 |

2023-01-27 16:58:35,359 - INFO -
| Epoch:    307 | Train loss: 0.0000 | Valid loss: 0.0039 | Train acc: 1.0000 | Valid acc: 1.0000 | patience: 255 | Epoch time: 28.9 |

2023-01-27 16:59:04,220 - INFO -
| Epoch:    308 | Train loss: 0.0010 | Valid loss: 0.0024 | Train acc: 1.0000 | Valid acc: 1.0000 | patience: 256 | Epoch time: 28.9 |

2023-01-27 16:59:33,090 - INFO -
| Epoch:    309 | Train loss: 0.0000 | Valid loss: 0.0022 | Train acc: 0.9968 | Valid acc: 1.0000 | patience: 257 | Epoch time: 28.9 |

2023-01-27 17:00:01,962 - INFO -
| Epoch:    310 | Train loss: 0.0003 | Valid loss: 0.0001 | Train acc: 1.0000 | Valid acc: 0.9997 | patience: 258 | Epoch time: 28.9 |

2023-01-27 17:00:30,839 - INFO -
| Epoch:    311 | Train loss: 0.0005 | Valid loss: 0.0008 | Train acc: 1.0000 | Valid acc: 1.0000 | patience: 259 | Epoch time: 28.9 |

2023-01-27 17:00:59,733 - INFO -
| Epoch:    312 | Train loss: 0.0000 | Valid loss: 0.0005 | Train acc: 1.0000 | Valid acc: 1.0000 | patience: 260 | Epoch time: 28.9 |

2023-01-27 17:01:28,605 - INFO -
| Epoch:    313 | Train loss: 0.0000 | Valid loss: 0.0009 | Train acc: 1.0000 | Valid acc: 1.0000 | patience: 261 | Epoch time: 28.9 |

2023-01-27 17:01:57,486 - INFO -
| Epoch:    314 | Train loss: 0.0001 | Valid loss: 0.0003 | Train acc: 0.9995 | Valid acc: 1.0000 | patience: 262 | Epoch time: 28.9 |

2023-01-27 17:02:26,381 - INFO -
| Epoch:    315 | Train loss: 0.0000 | Valid loss: 0.0001 | Train acc: 1.0000 | Valid acc: 1.0000 | patience: 263 | Epoch time: 28.9 |

2023-01-27 17:02:55,251 - INFO -
| Epoch:    316 | Train loss: 0.0003 | Valid loss: 0.0001 | Train acc: 1.0000 | Valid acc: 1.0000 | patience: 264 | Epoch time: 28.9 |

2023-01-27 17:03:24,154 - INFO -
| Epoch:    317 | Train loss: 0.0000 | Valid loss: 0.0000 | Train acc: 1.0000 | Valid acc: 0.9971 | patience: 265 | Epoch time: 28.9 |

2023-01-27 17:03:53,009 - INFO -
| Epoch:    318 | Train loss: 0.0001 | Valid loss: 0.0003 | Train acc: 1.0000 | Valid acc: 0.9998 | patience: 266 | Epoch time: 28.9 |

2023-01-27 17:04:21,871 - INFO -
| Epoch:    319 | Train loss: 0.0001 | Valid loss: 0.0012 | Train acc: 1.0000 | Valid acc: 1.0000 | patience: 267 | Epoch time: 28.9 |

2023-01-27 17:04:50,737 - INFO -
| Epoch:    320 | Train loss: 0.0000 | Valid loss: 0.0000 | Train acc: 1.0000 | Valid acc: 1.0000 | patience: 268 | Epoch time: 28.9 |

2023-01-27 17:05:19,610 - INFO -
| Epoch:    321 | Train loss: 0.0009 | Valid loss: 0.0000 | Train acc: 1.0000 | Valid acc: 1.0000 | patience: 269 | Epoch time: 28.9 |

2023-01-27 17:05:48,515 - INFO -
| Epoch:    322 | Train loss: 0.0000 | Valid loss: 0.0005 | Train acc: 1.0000 | Valid acc: 1.0000 | patience: 270 | Epoch time: 28.9 |

2023-01-27 17:06:17,443 - INFO -
| Epoch:    323 | Train loss: 0.0000 | Valid loss: 0.0000 | Train acc: 1.0000 | Valid acc: 1.0000 | patience: 271 | Epoch time: 28.9 |

2023-01-27 17:06:46,332 - INFO -
| Epoch:    324 | Train loss: 0.0008 | Valid loss: 0.0000 | Train acc: 1.0000 | Valid acc: 1.0000 | patience: 272 | Epoch time: 28.9 |

2023-01-27 17:07:15,211 - INFO -
| Epoch:    325 | Train loss: 0.0001 | Valid loss: 0.0001 | Train acc: 1.0000 | Valid acc: 1.0000 | patience: 273 | Epoch time: 28.9 |

2023-01-27 17:07:44,076 - INFO -
| Epoch:    326 | Train loss: 0.0008 | Valid loss: 0.0000 | Train acc: 1.0000 | Valid acc: 1.0000 | patience: 274 | Epoch time: 28.9 |

2023-01-27 17:08:12,958 - INFO -
| Epoch:    327 | Train loss: 0.0000 | Valid loss: 0.0001 | Train acc: 1.0000 | Valid acc: 1.0000 | patience: 275 | Epoch time: 28.9 |

2023-01-27 17:08:42,046 - INFO -
| Epoch:    328 | Train loss: 0.0014 | Valid loss: 0.0000 | Train acc: 1.0000 | Valid acc: 1.0000 | patience: 276 | Epoch time: 29.1 |

2023-01-27 17:09:10,960 - INFO -
| Epoch:    329 | Train loss: 0.0000 | Valid loss: 0.0000 | Train acc: 1.0000 | Valid acc: 1.0000 | patience: 277 | Epoch time: 28.9 |

2023-01-27 17:09:39,844 - INFO -
| Epoch:    330 | Train loss: 0.0011 | Valid loss: 0.0000 | Train acc: 1.0000 | Valid acc: 1.0000 | patience: 278 | Epoch time: 28.9 |

2023-01-27 17:10:08,715 - INFO -
| Epoch:    331 | Train loss: 0.0000 | Valid loss: 0.0000 | Train acc: 0.9996 | Valid acc: 1.0000 | patience: 279 | Epoch time: 28.9 |

2023-01-27 17:10:37,623 - INFO -
| Epoch:    332 | Train loss: 0.0000 | Valid loss: 0.0010 | Train acc: 1.0000 | Valid acc: 1.0000 | patience: 280 | Epoch time: 28.9 |

2023-01-27 17:11:06,504 - INFO -
| Epoch:    333 | Train loss: 0.0000 | Valid loss: 0.0001 | Train acc: 1.0000 | Valid acc: 1.0000 | patience: 281 | Epoch time: 28.9 |

2023-01-27 17:11:35,387 - INFO -
| Epoch:    334 | Train loss: 0.0000 | Valid loss: 0.0001 | Train acc: 1.0000 | Valid acc: 1.0000 | patience: 282 | Epoch time: 28.9 |

2023-01-27 17:12:04,255 - INFO -
| Epoch:    335 | Train loss: 0.0000 | Valid loss: 0.0001 | Train acc: 1.0000 | Valid acc: 1.0000 | patience: 283 | Epoch time: 28.9 |

2023-01-27 17:12:33,143 - INFO -
| Epoch:    336 | Train loss: 0.0001 | Valid loss: 0.0000 | Train acc: 1.0000 | Valid acc: 1.0000 | patience: 284 | Epoch time: 28.9 |

2023-01-27 17:13:02,026 - INFO -
| Epoch:    337 | Train loss: 0.0000 | Valid loss: 0.0000 | Train acc: 1.0000 | Valid acc: 1.0000 | patience: 285 | Epoch time: 28.9 |

2023-01-27 17:13:30,919 - INFO -
| Epoch:    338 | Train loss: 0.0000 | Valid loss: 0.0000 | Train acc: 1.0000 | Valid acc: 1.0000 | patience: 286 | Epoch time: 28.9 |

2023-01-27 17:13:59,789 - INFO -
| Epoch:    339 | Train loss: 0.0000 | Valid loss: 0.0000 | Train acc: 1.0000 | Valid acc: 1.0000 | patience: 287 | Epoch time: 28.9 |

2023-01-27 17:14:28,717 - INFO -
| Epoch:    340 | Train loss: 0.0003 | Valid loss: 0.0001 | Train acc: 1.0000 | Valid acc: 1.0000 | patience: 288 | Epoch time: 28.9 |

2023-01-27 17:14:57,611 - INFO -
| Epoch:    341 | Train loss: 0.0001 | Valid loss: 0.0000 | Train acc: 1.0000 | Valid acc: 0.9976 | patience: 289 | Epoch time: 28.9 |

2023-01-27 17:15:26,510 - INFO -
| Epoch:    342 | Train loss: 0.0000 | Valid loss: 0.0000 | Train acc: 1.0000 | Valid acc: 1.0000 | patience: 290 | Epoch time: 28.9 |

2023-01-27 17:15:55,656 - INFO -
| Epoch:    343 | Train loss: 0.0000 | Valid loss: 0.0000 | Train acc: 1.0000 | Valid acc: 1.0000 | patience: 291 | Epoch time: 28.9 |

2023-01-27 17:16:24,614 - INFO -
| Epoch:    344 | Train loss: 0.0013 | Valid loss: 0.0000 | Train acc: 1.0000 | Valid acc: 1.0000 | patience: 292 | Epoch time: 28.9 |

2023-01-27 17:16:53,536 - INFO -
| Epoch:    345 | Train loss: 0.0002 | Valid loss: 0.0001 | Train acc: 1.0000 | Valid acc: 1.0000 | patience: 293 | Epoch time: 28.9 |

2023-01-27 17:17:22,457 - INFO -
| Epoch:    346 | Train loss: 0.0000 | Valid loss: 0.0011 | Train acc: 1.0000 | Valid acc: 1.0000 | patience: 294 | Epoch time: 28.9 |

2023-01-27 17:17:51,370 - INFO -
| Epoch:    347 | Train loss: 0.0000 | Valid loss: 0.0002 | Train acc: 0.9998 | Valid acc: 1.0000 | patience: 295 | Epoch time: 28.9 |

2023-01-27 17:18:20,313 - INFO -
| Epoch:    348 | Train loss: 0.0000 | Valid loss: 0.0015 | Train acc: 1.0000 | Valid acc: 1.0000 | patience: 296 | Epoch time: 28.9 |

2023-01-27 17:18:49,433 - INFO -
| Epoch:    349 | Train loss: 0.0024 | Valid loss: 0.0000 | Train acc: 1.0000 | Valid acc: 1.0000 | patience: 297 | Epoch time: 29.1 |

2023-01-27 17:19:18,359 - INFO -
| Epoch:    350 | Train loss: 0.0007 | Valid loss: 0.0000 | Train acc: 1.0000 | Valid acc: 1.0000 | patience: 298 | Epoch time: 28.9 |

2023-01-27 17:19:49,199 - INFO -
| Epoch:    351 | Train loss: 0.0007 | Valid loss: 0.0001 | Train acc: 1.0000 | Valid acc: 1.0000 | patience: 299 | Epoch time: 30.8 |

2023-01-27 17:20:18,091 - INFO -
| Epoch:    352 | Train loss: 0.0002 | Valid loss: 0.0000 | Train acc: 1.0000 | Valid acc: 1.0000 | patience: 300 | Epoch time: 28.9 |

2023-01-27 17:20:46,998 - INFO -
| Epoch:    353 | Train loss: 0.0003 | Valid loss: 0.0000 | Train acc: 1.0000 | Valid acc: 1.0000 | patience: 301 | Epoch time: 28.9 |

2023-01-27 17:21:15,906 - INFO -
| Epoch:    354 | Train loss: 0.0001 | Valid loss: 0.0009 | Train acc: 1.0000 | Valid acc: 1.0000 | patience: 302 | Epoch time: 28.9 |

2023-01-27 17:21:44,831 - INFO -
| Epoch:    355 | Train loss: 0.0010 | Valid loss: 0.0000 | Train acc: 0.9994 | Valid acc: 1.0000 | patience: 303 | Epoch time: 28.9 |

2023-01-27 17:22:13,736 - INFO -
| Epoch:    356 | Train loss: 0.0000 | Valid loss: 0.0000 | Train acc: 1.0000 | Valid acc: 1.0000 | patience: 304 | Epoch time: 28.9 |

2023-01-27 17:22:42,625 - INFO -
| Epoch:    357 | Train loss: 0.0000 | Valid loss: 0.0000 | Train acc: 1.0000 | Valid acc: 1.0000 | patience: 305 | Epoch time: 28.9 |

2023-01-27 17:23:11,539 - INFO -
| Epoch:    358 | Train loss: 0.0000 | Valid loss: 0.0000 | Train acc: 1.0000 | Valid acc: 1.0000 | patience: 306 | Epoch time: 28.9 |

2023-01-27 17:23:40,458 - INFO -
| Epoch:    359 | Train loss: 0.0000 | Valid loss: 0.0000 | Train acc: 1.0000 | Valid acc: 1.0000 | patience: 307 | Epoch time: 28.9 |

2023-01-27 17:24:09,367 - INFO -
| Epoch:    360 | Train loss: 0.0006 | Valid loss: 0.0000 | Train acc: 1.0000 | Valid acc: 1.0000 | patience: 308 | Epoch time: 28.9 |

2023-01-27 17:24:38,287 - INFO -
| Epoch:    361 | Train loss: 0.0001 | Valid loss: 0.0004 | Train acc: 1.0000 | Valid acc: 1.0000 | patience: 309 | Epoch time: 28.9 |

2023-01-27 17:25:07,197 - INFO -
| Epoch:    362 | Train loss: 0.0000 | Valid loss: 0.0000 | Train acc: 1.0000 | Valid acc: 1.0000 | patience: 310 | Epoch time: 28.9 |

2023-01-27 17:25:36,132 - INFO -
| Epoch:    363 | Train loss: 0.0000 | Valid loss: 0.0009 | Train acc: 1.0000 | Valid acc: 1.0000 | patience: 311 | Epoch time: 28.9 |

2023-01-27 17:26:05,102 - INFO -
| Epoch:    364 | Train loss: 0.0005 | Valid loss: 0.0000 | Train acc: 1.0000 | Valid acc: 1.0000 | patience: 312 | Epoch time: 29.0 |

2023-01-27 17:26:33,985 - INFO -
| Epoch:    365 | Train loss: 0.0000 | Valid loss: 0.0000 | Train acc: 1.0000 | Valid acc: 1.0000 | patience: 313 | Epoch time: 28.9 |

2023-01-27 17:27:02,869 - INFO -
| Epoch:    366 | Train loss: 0.0000 | Valid loss: 0.0005 | Train acc: 1.0000 | Valid acc: 0.9999 | patience: 314 | Epoch time: 28.9 |

2023-01-27 17:27:31,771 - INFO -
| Epoch:    367 | Train loss: 0.0001 | Valid loss: 0.0005 | Train acc: 1.0000 | Valid acc: 1.0000 | patience: 315 | Epoch time: 28.9 |

2023-01-27 17:28:00,664 - INFO -
| Epoch:    368 | Train loss: 0.0000 | Valid loss: 0.0006 | Train acc: 1.0000 | Valid acc: 1.0000 | patience: 316 | Epoch time: 28.9 |

2023-01-27 17:28:29,596 - INFO -
| Epoch:    369 | Train loss: 0.0000 | Valid loss: 0.0004 | Train acc: 1.0000 | Valid acc: 1.0000 | patience: 317 | Epoch time: 28.9 |

2023-01-27 17:28:58,507 - INFO -
| Epoch:    370 | Train loss: 0.0000 | Valid loss: 0.0002 | Train acc: 0.9986 | Valid acc: 1.0000 | patience: 318 | Epoch time: 28.9 |

2023-01-27 17:29:27,403 - INFO -
| Epoch:    371 | Train loss: 0.0002 | Valid loss: 0.0000 | Train acc: 1.0000 | Valid acc: 1.0000 | patience: 319 | Epoch time: 28.9 |

2023-01-27 17:29:56,302 - INFO -
| Epoch:    372 | Train loss: 0.0000 | Valid loss: 0.0000 | Train acc: 1.0000 | Valid acc: 1.0000 | patience: 320 | Epoch time: 28.9 |

2023-01-27 17:30:25,198 - INFO -
| Epoch:    373 | Train loss: 0.0000 | Valid loss: 0.0000 | Train acc: 1.0000 | Valid acc: 1.0000 | patience: 321 | Epoch time: 28.9 |

2023-01-27 17:30:54,082 - INFO -
| Epoch:    374 | Train loss: 0.0000 | Valid loss: 0.0008 | Train acc: 1.0000 | Valid acc: 1.0000 | patience: 322 | Epoch time: 28.9 |

2023-01-27 17:31:22,986 - INFO -
| Epoch:    375 | Train loss: 0.0001 | Valid loss: 0.0000 | Train acc: 1.0000 | Valid acc: 1.0000 | patience: 323 | Epoch time: 28.9 |

2023-01-27 17:31:51,885 - INFO -
| Epoch:    376 | Train loss: 0.0000 | Valid loss: 0.0011 | Train acc: 1.0000 | Valid acc: 1.0000 | patience: 324 | Epoch time: 28.9 |

2023-01-27 17:32:20,798 - INFO -
| Epoch:    377 | Train loss: 0.0000 | Valid loss: 0.0011 | Train acc: 1.0000 | Valid acc: 1.0000 | patience: 325 | Epoch time: 28.9 |

2023-01-27 17:32:49,706 - INFO -
| Epoch:    378 | Train loss: 0.0000 | Valid loss: 0.0000 | Train acc: 1.0000 | Valid acc: 1.0000 | patience: 326 | Epoch time: 28.9 |

2023-01-27 17:33:18,629 - INFO -
| Epoch:    379 | Train loss: 0.0029 | Valid loss: 0.0000 | Train acc: 1.0000 | Valid acc: 0.9999 | patience: 327 | Epoch time: 28.9 |

2023-01-27 17:33:47,528 - INFO -
| Epoch:    380 | Train loss: 0.0000 | Valid loss: 0.0009 | Train acc: 1.0000 | Valid acc: 1.0000 | patience: 328 | Epoch time: 28.9 |

2023-01-27 17:34:16,426 - INFO -
| Epoch:    381 | Train loss: 0.0000 | Valid loss: 0.0000 | Train acc: 1.0000 | Valid acc: 0.9997 | patience: 329 | Epoch time: 28.9 |

2023-01-27 17:34:45,324 - INFO -
| Epoch:    382 | Train loss: 0.0000 | Valid loss: 0.0001 | Train acc: 1.0000 | Valid acc: 1.0000 | patience: 330 | Epoch time: 28.9 |

2023-01-27 17:35:14,210 - INFO -
| Epoch:    383 | Train loss: 0.0004 | Valid loss: 0.0000 | Train acc: 1.0000 | Valid acc: 1.0000 | patience: 331 | Epoch time: 28.9 |

2023-01-27 17:35:43,115 - INFO -
| Epoch:    384 | Train loss: 0.0001 | Valid loss: 0.0001 | Train acc: 1.0000 | Valid acc: 1.0000 | patience: 332 | Epoch time: 28.9 |

2023-01-27 17:36:12,053 - INFO -
| Epoch:    385 | Train loss: 0.0001 | Valid loss: 0.0000 | Train acc: 1.0000 | Valid acc: 1.0000 | patience: 333 | Epoch time: 28.9 |

2023-01-27 17:36:40,962 - INFO -
| Epoch:    386 | Train loss: 0.0000 | Valid loss: 0.0013 | Train acc: 1.0000 | Valid acc: 1.0000 | patience: 334 | Epoch time: 28.9 |

2023-01-27 17:37:09,878 - INFO -
| Epoch:    387 | Train loss: 0.0004 | Valid loss: 0.0001 | Train acc: 1.0000 | Valid acc: 0.9995 | patience: 335 | Epoch time: 28.9 |

2023-01-27 17:37:38,993 - INFO -
| Epoch:    388 | Train loss: 0.0000 | Valid loss: 0.0004 | Train acc: 1.0000 | Valid acc: 1.0000 | patience: 336 | Epoch time: 29.1 |

2023-01-27 17:38:07,904 - INFO -
| Epoch:    389 | Train loss: 0.0001 | Valid loss: 0.0004 | Train acc: 1.0000 | Valid acc: 1.0000 | patience: 337 | Epoch time: 28.9 |

2023-01-27 17:38:36,823 - INFO -
| Epoch:    390 | Train loss: 0.0000 | Valid loss: 0.0002 | Train acc: 1.0000 | Valid acc: 0.9986 | patience: 338 | Epoch time: 28.9 |

2023-01-27 17:39:05,746 - INFO -
| Epoch:    391 | Train loss: 0.0003 | Valid loss: 0.0004 | Train acc: 0.9999 | Valid acc: 1.0000 | patience: 339 | Epoch time: 28.9 |

2023-01-27 17:39:34,645 - INFO -
| Epoch:    392 | Train loss: 0.0001 | Valid loss: 0.0000 | Train acc: 1.0000 | Valid acc: 1.0000 | patience: 340 | Epoch time: 28.9 |

2023-01-27 17:40:03,536 - INFO -
| Epoch:    393 | Train loss: 0.0000 | Valid loss: 0.0024 | Train acc: 1.0000 | Valid acc: 1.0000 | patience: 341 | Epoch time: 28.9 |

2023-01-27 17:40:32,403 - INFO -
| Epoch:    394 | Train loss: 0.0000 | Valid loss: 0.0000 | Train acc: 1.0000 | Valid acc: 1.0000 | patience: 342 | Epoch time: 28.9 |

2023-01-27 17:41:01,294 - INFO -
| Epoch:    395 | Train loss: 0.0000 | Valid loss: 0.0000 | Train acc: 1.0000 | Valid acc: 1.0000 | patience: 343 | Epoch time: 28.9 |

2023-01-27 17:41:30,180 - INFO -
| Epoch:    396 | Train loss: 0.0000 | Valid loss: 0.0000 | Train acc: 1.0000 | Valid acc: 1.0000 | patience: 344 | Epoch time: 28.9 |

2023-01-27 17:41:59,065 - INFO -
| Epoch:    397 | Train loss: 0.0008 | Valid loss: 0.0001 | Train acc: 1.0000 | Valid acc: 0.9968 | patience: 345 | Epoch time: 28.9 |

2023-01-27 17:42:27,947 - INFO -
| Epoch:    398 | Train loss: 0.0000 | Valid loss: 0.0002 | Train acc: 0.9997 | Valid acc: 1.0000 | patience: 346 | Epoch time: 28.9 |

2023-01-27 17:42:56,872 - INFO -
| Epoch:    399 | Train loss: 0.0001 | Valid loss: 0.0002 | Train acc: 1.0000 | Valid acc: 1.0000 | patience: 347 | Epoch time: 28.9 |

2023-01-27 17:43:25,756 - INFO -
| Epoch:    400 | Train loss: 0.0003 | Valid loss: 0.0008 | Train acc: 1.0000 | Valid acc: 1.0000 | patience: 348 | Epoch time: 28.9 |

2023-01-27 17:43:54,671 - INFO -
| Epoch:    401 | Train loss: 0.0000 | Valid loss: 0.0012 | Train acc: 1.0000 | Valid acc: 1.0000 | patience: 349 | Epoch time: 28.9 |

2023-01-27 17:44:23,562 - INFO -
| Epoch:    402 | Train loss: 0.0006 | Valid loss: 0.0002 | Train acc: 1.0000 | Valid acc: 1.0000 | patience: 350 | Epoch time: 28.9 |

2023-01-27 17:44:52,465 - INFO -
| Epoch:    403 | Train loss: 0.0000 | Valid loss: 0.0000 | Train acc: 1.0000 | Valid acc: 1.0000 | patience: 351 | Epoch time: 28.9 |

2023-01-27 17:45:21,380 - INFO -
| Epoch:    404 | Train loss: 0.0025 | Valid loss: 0.0000 | Train acc: 1.0000 | Valid acc: 1.0000 | patience: 352 | Epoch time: 28.9 |

2023-01-27 17:45:50,273 - INFO -
| Epoch:    405 | Train loss: 0.0022 | Valid loss: 0.0001 | Train acc: 1.0000 | Valid acc: 1.0000 | patience: 353 | Epoch time: 28.9 |

2023-01-27 17:46:19,164 - INFO -
| Epoch:    406 | Train loss: 0.0000 | Valid loss: 0.0008 | Train acc: 1.0000 | Valid acc: 1.0000 | patience: 354 | Epoch time: 28.9 |

2023-01-27 17:46:48,068 - INFO -
| Epoch:    407 | Train loss: 0.0001 | Valid loss: 0.0002 | Train acc: 1.0000 | Valid acc: 0.9987 | patience: 355 | Epoch time: 28.9 |

2023-01-27 17:47:16,993 - INFO -
| Epoch:    408 | Train loss: 0.0003 | Valid loss: 0.0000 | Train acc: 1.0000 | Valid acc: 0.9984 | patience: 356 | Epoch time: 28.9 |

2023-01-27 17:47:46,129 - INFO -
| Epoch:    409 | Train loss: 0.0000 | Valid loss: 0.0007 | Train acc: 1.0000 | Valid acc: 1.0000 | patience: 357 | Epoch time: 29.1 |

2023-01-27 17:48:15,038 - INFO -
| Epoch:    410 | Train loss: 0.0000 | Valid loss: 0.0000 | Train acc: 1.0000 | Valid acc: 1.0000 | patience: 358 | Epoch time: 28.9 |

2023-01-27 17:48:43,932 - INFO -
| Epoch:    411 | Train loss: 0.0006 | Valid loss: 0.0000 | Train acc: 1.0000 | Valid acc: 1.0000 | patience: 359 | Epoch time: 28.9 |

2023-01-27 17:49:12,820 - INFO -
| Epoch:    412 | Train loss: 0.0006 | Valid loss: 0.0000 | Train acc: 1.0000 | Valid acc: 1.0000 | patience: 360 | Epoch time: 28.9 |

2023-01-27 17:49:41,727 - INFO -
| Epoch:    413 | Train loss: 0.0005 | Valid loss: 0.0005 | Train acc: 1.0000 | Valid acc: 1.0000 | patience: 361 | Epoch time: 28.9 |

2023-01-27 17:50:10,643 - INFO -
| Epoch:    414 | Train loss: 0.0014 | Valid loss: 0.0004 | Train acc: 1.0000 | Valid acc: 1.0000 | patience: 362 | Epoch time: 28.9 |

2023-01-27 17:50:39,538 - INFO -
| Epoch:    415 | Train loss: 0.0000 | Valid loss: 0.0008 | Train acc: 1.0000 | Valid acc: 1.0000 | patience: 363 | Epoch time: 28.9 |

2023-01-27 17:51:08,425 - INFO -
| Epoch:    416 | Train loss: 0.0000 | Valid loss: 0.0000 | Train acc: 1.0000 | Valid acc: 1.0000 | patience: 364 | Epoch time: 28.9 |

2023-01-27 17:51:37,306 - INFO -
| Epoch:    417 | Train loss: 0.0000 | Valid loss: 0.0000 | Train acc: 0.9992 | Valid acc: 1.0000 | patience: 365 | Epoch time: 28.9 |

2023-01-27 17:52:06,201 - INFO -
| Epoch:    418 | Train loss: 0.0007 | Valid loss: 0.0000 | Train acc: 1.0000 | Valid acc: 1.0000 | patience: 366 | Epoch time: 28.9 |

2023-01-27 17:52:35,106 - INFO -
| Epoch:    419 | Train loss: 0.0000 | Valid loss: 0.0001 | Train acc: 1.0000 | Valid acc: 1.0000 | patience: 367 | Epoch time: 28.9 |

2023-01-27 17:53:03,991 - INFO -
| Epoch:    420 | Train loss: 0.0000 | Valid loss: 0.0002 | Train acc: 1.0000 | Valid acc: 1.0000 | patience: 368 | Epoch time: 28.9 |

2023-01-27 17:53:32,862 - INFO -
| Epoch:    421 | Train loss: 0.0005 | Valid loss: 0.0000 | Train acc: 1.0000 | Valid acc: 1.0000 | patience: 369 | Epoch time: 28.9 |

2023-01-27 17:54:01,752 - INFO -
| Epoch:    422 | Train loss: 0.0000 | Valid loss: 0.0000 | Train acc: 1.0000 | Valid acc: 1.0000 | patience: 370 | Epoch time: 28.9 |

2023-01-27 17:54:30,671 - INFO -
| Epoch:    423 | Train loss: 0.0012 | Valid loss: 0.0001 | Train acc: 0.9994 | Valid acc: 1.0000 | patience: 371 | Epoch time: 28.9 |

2023-01-27 17:54:59,566 - INFO -
| Epoch:    424 | Train loss: 0.0000 | Valid loss: 0.0000 | Train acc: 1.0000 | Valid acc: 1.0000 | patience: 372 | Epoch time: 28.9 |

2023-01-27 17:55:28,448 - INFO -
| Epoch:    425 | Train loss: 0.0000 | Valid loss: 0.0001 | Train acc: 1.0000 | Valid acc: 1.0000 | patience: 373 | Epoch time: 28.9 |

2023-01-27 17:55:57,331 - INFO -
| Epoch:    426 | Train loss: 0.0000 | Valid loss: 0.0000 | Train acc: 1.0000 | Valid acc: 1.0000 | patience: 374 | Epoch time: 28.9 |

2023-01-27 17:56:26,224 - INFO -
| Epoch:    427 | Train loss: 0.0030 | Valid loss: 0.0000 | Train acc: 1.0000 | Valid acc: 1.0000 | patience: 375 | Epoch time: 28.9 |

2023-01-27 17:56:55,117 - INFO -
| Epoch:    428 | Train loss: 0.0000 | Valid loss: 0.0000 | Train acc: 1.0000 | Valid acc: 1.0000 | patience: 376 | Epoch time: 28.9 |

2023-01-27 17:57:24,009 - INFO -
| Epoch:    429 | Train loss: 0.0000 | Valid loss: 0.0001 | Train acc: 1.0000 | Valid acc: 1.0000 | patience: 377 | Epoch time: 28.9 |

2023-01-27 17:57:52,902 - INFO -
| Epoch:    430 | Train loss: 0.0001 | Valid loss: 0.0009 | Train acc: 0.9999 | Valid acc: 1.0000 | patience: 378 | Epoch time: 28.9 |

2023-01-27 17:58:21,791 - INFO -
| Epoch:    431 | Train loss: 0.0000 | Valid loss: 0.0007 | Train acc: 1.0000 | Valid acc: 1.0000 | patience: 379 | Epoch time: 28.9 |

2023-01-27 17:58:50,709 - INFO -
| Epoch:    432 | Train loss: 0.0000 | Valid loss: 0.0000 | Train acc: 1.0000 | Valid acc: 0.9993 | patience: 380 | Epoch time: 28.9 |

2023-01-27 17:59:19,613 - INFO -
| Epoch:    433 | Train loss: 0.0000 | Valid loss: 0.0008 | Train acc: 1.0000 | Valid acc: 1.0000 | patience: 381 | Epoch time: 28.9 |

2023-01-27 17:59:48,508 - INFO -
| Epoch:    434 | Train loss: 0.0002 | Valid loss: 0.0001 | Train acc: 1.0000 | Valid acc: 1.0000 | patience: 382 | Epoch time: 28.9 |

2023-01-27 18:00:17,412 - INFO -
| Epoch:    435 | Train loss: 0.0000 | Valid loss: 0.0000 | Train acc: 1.0000 | Valid acc: 1.0000 | patience: 383 | Epoch time: 28.9 |

2023-01-27 18:00:46,321 - INFO -
| Epoch:    436 | Train loss: 0.0005 | Valid loss: 0.0013 | Train acc: 1.0000 | Valid acc: 0.9977 | patience: 384 | Epoch time: 28.9 |

2023-01-27 18:01:15,223 - INFO -
| Epoch:    437 | Train loss: 0.0000 | Valid loss: 0.0003 | Train acc: 1.0000 | Valid acc: 1.0000 | patience: 385 | Epoch time: 28.9 |

2023-01-27 18:01:44,132 - INFO -
| Epoch:    438 | Train loss: 0.0013 | Valid loss: 0.0000 | Train acc: 1.0000 | Valid acc: 1.0000 | patience: 386 | Epoch time: 28.9 |

2023-01-27 18:02:13,033 - INFO -
| Epoch:    439 | Train loss: 0.0000 | Valid loss: 0.0008 | Train acc: 0.9999 | Valid acc: 1.0000 | patience: 387 | Epoch time: 28.9 |

2023-01-27 18:02:41,902 - INFO -
| Epoch:    440 | Train loss: 0.0003 | Valid loss: 0.0000 | Train acc: 1.0000 | Valid acc: 1.0000 | patience: 388 | Epoch time: 28.9 |

2023-01-27 18:03:10,796 - INFO -
| Epoch:    441 | Train loss: 0.0007 | Valid loss: 0.0019 | Train acc: 1.0000 | Valid acc: 1.0000 | patience: 389 | Epoch time: 28.9 |

2023-01-27 18:03:39,709 - INFO -
| Epoch:    442 | Train loss: 0.0001 | Valid loss: 0.0000 | Train acc: 1.0000 | Valid acc: 1.0000 | patience: 390 | Epoch time: 28.9 |

2023-01-27 18:04:08,606 - INFO -
| Epoch:    443 | Train loss: 0.0000 | Valid loss: 0.0000 | Train acc: 0.9990 | Valid acc: 1.0000 | patience: 391 | Epoch time: 28.9 |

2023-01-27 18:04:37,491 - INFO -
| Epoch:    444 | Train loss: 0.0001 | Valid loss: 0.0000 | Train acc: 1.0000 | Valid acc: 1.0000 | patience: 392 | Epoch time: 28.9 |

2023-01-27 18:05:06,398 - INFO -
| Epoch:    445 | Train loss: 0.0000 | Valid loss: 0.0010 | Train acc: 1.0000 | Valid acc: 1.0000 | patience: 393 | Epoch time: 28.9 |

2023-01-27 18:05:35,287 - INFO -
| Epoch:    446 | Train loss: 0.0000 | Valid loss: 0.0017 | Train acc: 1.0000 | Valid acc: 1.0000 | patience: 394 | Epoch time: 28.9 |

2023-01-27 18:06:04,202 - INFO -
| Epoch:    447 | Train loss: 0.0000 | Valid loss: 0.0000 | Train acc: 1.0000 | Valid acc: 1.0000 | patience: 395 | Epoch time: 28.9 |

2023-01-27 18:06:33,318 - INFO -
| Epoch:    448 | Train loss: 0.0000 | Valid loss: 0.0000 | Train acc: 1.0000 | Valid acc: 1.0000 | patience: 396 | Epoch time: 29.1 |

2023-01-27 18:07:02,241 - INFO -
| Epoch:    449 | Train loss: 0.0011 | Valid loss: 0.0000 | Train acc: 1.0000 | Valid acc: 1.0000 | patience: 397 | Epoch time: 28.9 |

2023-01-27 18:07:31,144 - INFO -
| Epoch:    450 | Train loss: 0.0000 | Valid loss: 0.0000 | Train acc: 1.0000 | Valid acc: 1.0000 | patience: 398 | Epoch time: 28.9 |

2023-01-27 18:08:00,053 - INFO -
| Epoch:    451 | Train loss: 0.0000 | Valid loss: 0.0000 | Train acc: 1.0000 | Valid acc: 0.9990 | patience: 399 | Epoch time: 28.9 |

2023-01-27 18:08:28,934 - INFO -
| Epoch:    452 | Train loss: 0.0000 | Valid loss: 0.0009 | Train acc: 1.0000 | Valid acc: 1.0000 | patience: 400 | Epoch time: 28.9 |

2023-01-27 18:08:57,842 - INFO -
| Epoch:    453 | Train loss: 0.0000 | Valid loss: 0.0000 | Train acc: 1.0000 | Valid acc: 1.0000 | patience: 401 | Epoch time: 28.9 |

2023-01-27 18:09:26,732 - INFO -
| Epoch:    454 | Train loss: 0.0000 | Valid loss: 0.0000 | Train acc: 1.0000 | Valid acc: 1.0000 | patience: 402 | Epoch time: 28.9 |

2023-01-27 18:09:55,634 - INFO -
| Epoch:    455 | Train loss: 0.0000 | Valid loss: 0.0000 | Train acc: 1.0000 | Valid acc: 1.0000 | patience: 403 | Epoch time: 28.9 |

2023-01-27 18:10:24,541 - INFO -
| Epoch:    456 | Train loss: 0.0000 | Valid loss: 0.0003 | Train acc: 1.0000 | Valid acc: 1.0000 | patience: 404 | Epoch time: 28.9 |

2023-01-27 18:10:53,450 - INFO -
| Epoch:    457 | Train loss: 0.0000 | Valid loss: 0.0000 | Train acc: 1.0000 | Valid acc: 1.0000 | patience: 405 | Epoch time: 28.9 |

2023-01-27 18:11:22,567 - INFO -
| Epoch:    458 | Train loss: 0.0003 | Valid loss: 0.0000 | Train acc: 1.0000 | Valid acc: 1.0000 | patience: 406 | Epoch time: 29.1 |

2023-01-27 18:11:51,471 - INFO -
| Epoch:    459 | Train loss: 0.0005 | Valid loss: 0.0000 | Train acc: 1.0000 | Valid acc: 1.0000 | patience: 407 | Epoch time: 28.9 |

2023-01-27 18:12:20,357 - INFO -
| Epoch:    460 | Train loss: 0.0008 | Valid loss: 0.0006 | Train acc: 1.0000 | Valid acc: 1.0000 | patience: 408 | Epoch time: 28.9 |

2023-01-27 18:12:49,230 - INFO -
| Epoch:    461 | Train loss: 0.0000 | Valid loss: 0.0000 | Train acc: 1.0000 | Valid acc: 0.9983 | patience: 409 | Epoch time: 28.9 |

2023-01-27 18:13:18,124 - INFO -
| Epoch:    462 | Train loss: 0.0000 | Valid loss: 0.0019 | Train acc: 1.0000 | Valid acc: 1.0000 | patience: 410 | Epoch time: 28.9 |

2023-01-27 18:13:47,012 - INFO -
| Epoch:    463 | Train loss: 0.0000 | Valid loss: 0.0000 | Train acc: 1.0000 | Valid acc: 1.0000 | patience: 411 | Epoch time: 28.9 |

2023-01-27 18:14:15,893 - INFO -
| Epoch:    464 | Train loss: 0.0030 | Valid loss: 0.0003 | Train acc: 1.0000 | Valid acc: 1.0000 | patience: 412 | Epoch time: 28.9 |

2023-01-27 18:14:44,766 - INFO -
| Epoch:    465 | Train loss: 0.0001 | Valid loss: 0.0000 | Train acc: 1.0000 | Valid acc: 1.0000 | patience: 413 | Epoch time: 28.9 |

2023-01-27 18:15:13,658 - INFO -
| Epoch:    466 | Train loss: 0.0007 | Valid loss: 0.0000 | Train acc: 1.0000 | Valid acc: 1.0000 | patience: 414 | Epoch time: 28.9 |

2023-01-27 18:15:42,545 - INFO -
| Epoch:    467 | Train loss: 0.0000 | Valid loss: 0.0006 | Train acc: 1.0000 | Valid acc: 1.0000 | patience: 415 | Epoch time: 28.9 |

2023-01-27 18:16:11,425 - INFO -
| Epoch:    468 | Train loss: 0.0000 | Valid loss: 0.0000 | Train acc: 1.0000 | Valid acc: 1.0000 | patience: 416 | Epoch time: 28.9 |

2023-01-27 18:16:40,548 - INFO -
| Epoch:    469 | Train loss: 0.0000 | Valid loss: 0.0000 | Train acc: 1.0000 | Valid acc: 1.0000 | patience: 417 | Epoch time: 29.1 |

2023-01-27 18:17:09,455 - INFO -
| Epoch:    470 | Train loss: 0.0000 | Valid loss: 0.0000 | Train acc: 1.0000 | Valid acc: 1.0000 | patience: 418 | Epoch time: 28.9 |

2023-01-27 18:17:38,348 - INFO -
| Epoch:    471 | Train loss: 0.0000 | Valid loss: 0.0007 | Train acc: 1.0000 | Valid acc: 1.0000 | patience: 419 | Epoch time: 28.9 |

2023-01-27 18:18:07,252 - INFO -
| Epoch:    472 | Train loss: 0.0000 | Valid loss: 0.0001 | Train acc: 1.0000 | Valid acc: 1.0000 | patience: 420 | Epoch time: 28.9 |

2023-01-27 18:18:36,152 - INFO -
| Epoch:    473 | Train loss: 0.0001 | Valid loss: 0.0000 | Train acc: 1.0000 | Valid acc: 1.0000 | patience: 421 | Epoch time: 28.9 |

2023-01-27 18:19:05,041 - INFO -
| Epoch:    474 | Train loss: 0.0004 | Valid loss: 0.0000 | Train acc: 1.0000 | Valid acc: 1.0000 | patience: 422 | Epoch time: 28.9 |

2023-01-27 18:19:33,931 - INFO -
| Epoch:    475 | Train loss: 0.0009 | Valid loss: 0.0007 | Train acc: 1.0000 | Valid acc: 1.0000 | patience: 423 | Epoch time: 28.9 |

2023-01-27 18:20:02,824 - INFO -
| Epoch:    476 | Train loss: 0.0000 | Valid loss: 0.0000 | Train acc: 1.0000 | Valid acc: 1.0000 | patience: 424 | Epoch time: 28.9 |

2023-01-27 18:20:31,722 - INFO -
| Epoch:    477 | Train loss: 0.0000 | Valid loss: 0.0000 | Train acc: 1.0000 | Valid acc: 1.0000 | patience: 425 | Epoch time: 28.9 |

2023-01-27 18:21:00,630 - INFO -
| Epoch:    478 | Train loss: 0.0000 | Valid loss: 0.0003 | Train acc: 1.0000 | Valid acc: 1.0000 | patience: 426 | Epoch time: 28.9 |

2023-01-27 18:21:29,511 - INFO -
| Epoch:    479 | Train loss: 0.0000 | Valid loss: 0.0000 | Train acc: 1.0000 | Valid acc: 1.0000 | patience: 427 | Epoch time: 28.9 |

2023-01-27 18:21:58,398 - INFO -
| Epoch:    480 | Train loss: 0.0000 | Valid loss: 0.0000 | Train acc: 1.0000 | Valid acc: 1.0000 | patience: 428 | Epoch time: 28.9 |

2023-01-27 18:22:27,317 - INFO -
| Epoch:    481 | Train loss: 0.0000 | Valid loss: 0.0005 | Train acc: 0.9999 | Valid acc: 1.0000 | patience: 429 | Epoch time: 28.9 |

2023-01-27 18:22:56,215 - INFO -
| Epoch:    482 | Train loss: 0.0000 | Valid loss: 0.0000 | Train acc: 0.9996 | Valid acc: 1.0000 | patience: 430 | Epoch time: 28.9 |

2023-01-27 18:23:25,095 - INFO -
| Epoch:    483 | Train loss: 0.0001 | Valid loss: 0.0000 | Train acc: 1.0000 | Valid acc: 1.0000 | patience: 431 | Epoch time: 28.9 |

2023-01-27 18:23:53,950 - INFO -
| Epoch:    484 | Train loss: 0.0000 | Valid loss: 0.0000 | Train acc: 1.0000 | Valid acc: 1.0000 | patience: 432 | Epoch time: 28.9 |

2023-01-27 18:24:22,834 - INFO -
| Epoch:    485 | Train loss: 0.0000 | Valid loss: 0.0006 | Train acc: 1.0000 | Valid acc: 1.0000 | patience: 433 | Epoch time: 28.9 |

2023-01-27 18:24:52,469 - INFO -
| Epoch:    486 | Train loss: 0.0001 | Valid loss: 0.0000 | Train acc: 1.0000 | Valid acc: 1.0000 | patience: 434 | Epoch time: 29.6 |

2023-01-27 18:25:21,394 - INFO -
| Epoch:    487 | Train loss: 0.0004 | Valid loss: 0.0007 | Train acc: 1.0000 | Valid acc: 1.0000 | patience: 435 | Epoch time: 28.9 |

2023-01-27 18:25:50,305 - INFO -
| Epoch:    488 | Train loss: 0.0005 | Valid loss: 0.0000 | Train acc: 1.0000 | Valid acc: 1.0000 | patience: 436 | Epoch time: 28.9 |

2023-01-27 18:26:19,241 - INFO -
| Epoch:    489 | Train loss: 0.0000 | Valid loss: 0.0000 | Train acc: 1.0000 | Valid acc: 1.0000 | patience: 437 | Epoch time: 28.9 |

2023-01-27 18:26:48,160 - INFO -
| Epoch:    490 | Train loss: 0.0001 | Valid loss: 0.0009 | Train acc: 1.0000 | Valid acc: 1.0000 | patience: 438 | Epoch time: 28.9 |

2023-01-27 18:27:17,113 - INFO -
| Epoch:    491 | Train loss: 0.0002 | Valid loss: 0.0001 | Train acc: 1.0000 | Valid acc: 1.0000 | patience: 439 | Epoch time: 29.0 |

2023-01-27 18:27:46,033 - INFO -
| Epoch:    492 | Train loss: 0.0000 | Valid loss: 0.0000 | Train acc: 1.0000 | Valid acc: 1.0000 | patience: 440 | Epoch time: 28.9 |

2023-01-27 18:28:14,939 - INFO -
| Epoch:    493 | Train loss: 0.0000 | Valid loss: 0.0009 | Train acc: 1.0000 | Valid acc: 1.0000 | patience: 441 | Epoch time: 28.9 |

2023-01-27 18:28:43,865 - INFO -
| Epoch:    494 | Train loss: 0.0000 | Valid loss: 0.0002 | Train acc: 1.0000 | Valid acc: 1.0000 | patience: 442 | Epoch time: 28.9 |

2023-01-27 18:29:12,797 - INFO -
| Epoch:    495 | Train loss: 0.0000 | Valid loss: 0.0000 | Train acc: 0.9987 | Valid acc: 1.0000 | patience: 443 | Epoch time: 28.9 |

2023-01-27 18:29:41,719 - INFO -
| Epoch:    496 | Train loss: 0.0000 | Valid loss: 0.0005 | Train acc: 1.0000 | Valid acc: 1.0000 | patience: 444 | Epoch time: 28.9 |

2023-01-27 18:30:10,675 - INFO -
| Epoch:    497 | Train loss: 0.0016 | Valid loss: 0.0001 | Train acc: 1.0000 | Valid acc: 1.0000 | patience: 445 | Epoch time: 29.0 |

2023-01-27 18:30:39,602 - INFO -
| Epoch:    498 | Train loss: 0.0002 | Valid loss: 0.0002 | Train acc: 1.0000 | Valid acc: 1.0000 | patience: 446 | Epoch time: 28.9 |

2023-01-27 18:31:08,556 - INFO -
| Epoch:    499 | Train loss: 0.0000 | Valid loss: 0.0000 | Train acc: 1.0000 | Valid acc: 1.0000 | patience: 447 | Epoch time: 29.0 |

2023-01-27 18:31:37,729 - INFO -
| Epoch:    500 | Train loss: 0.0000 | Valid loss: 0.0077 | Train acc: 1.0000 | Valid acc: 1.0000 | patience: 448 | Epoch time: 28.9 |

2023-01-27 18:32:06,606 - INFO -
| Epoch:    501 | Train loss: 0.0001 | Valid loss: 0.0033 | Train acc: 1.0000 | Valid acc: 1.0000 | patience: 449 | Epoch time: 28.9 |

2023-01-27 18:32:35,514 - INFO -
| Epoch:    502 | Train loss: 0.0003 | Valid loss: 0.0009 | Train acc: 1.0000 | Valid acc: 1.0000 | patience: 450 | Epoch time: 28.9 |

2023-01-27 18:33:04,407 - INFO -
| Epoch:    503 | Train loss: 0.0000 | Valid loss: 0.0024 | Train acc: 1.0000 | Valid acc: 1.0000 | patience: 451 | Epoch time: 28.9 |

2023-01-27 18:33:33,291 - INFO -
| Epoch:    504 | Train loss: 0.0000 | Valid loss: 0.0000 | Train acc: 1.0000 | Valid acc: 1.0000 | patience: 452 | Epoch time: 28.9 |

2023-01-27 18:34:02,175 - INFO -
| Epoch:    505 | Train loss: 0.0002 | Valid loss: 0.0000 | Train acc: 1.0000 | Valid acc: 1.0000 | patience: 453 | Epoch time: 28.9 |

2023-01-27 18:34:31,049 - INFO -
| Epoch:    506 | Train loss: 0.0000 | Valid loss: 0.0000 | Train acc: 1.0000 | Valid acc: 1.0000 | patience: 454 | Epoch time: 28.9 |

2023-01-27 18:34:59,963 - INFO -
| Epoch:    507 | Train loss: 0.0000 | Valid loss: 0.0041 | Train acc: 0.9995 | Valid acc: 0.9999 | patience: 455 | Epoch time: 28.9 |

2023-01-27 18:35:29,062 - INFO -
| Epoch:    508 | Train loss: 0.0000 | Valid loss: 0.0000 | Train acc: 1.0000 | Valid acc: 1.0000 | patience: 456 | Epoch time: 29.1 |

2023-01-27 18:35:57,927 - INFO -
| Epoch:    509 | Train loss: 0.0000 | Valid loss: 0.0039 | Train acc: 1.0000 | Valid acc: 1.0000 | patience: 457 | Epoch time: 28.9 |

2023-01-27 18:36:26,816 - INFO -
| Epoch:    510 | Train loss: 0.0019 | Valid loss: 0.0000 | Train acc: 1.0000 | Valid acc: 1.0000 | patience: 458 | Epoch time: 28.9 |

2023-01-27 18:36:55,670 - INFO -
| Epoch:    511 | Train loss: 0.0003 | Valid loss: 0.0000 | Train acc: 1.0000 | Valid acc: 1.0000 | patience: 459 | Epoch time: 28.9 |

2023-01-27 18:37:24,517 - INFO -
| Epoch:    512 | Train loss: 0.0000 | Valid loss: 0.0000 | Train acc: 1.0000 | Valid acc: 1.0000 | patience: 460 | Epoch time: 28.8 |

2023-01-27 18:37:53,371 - INFO -
| Epoch:    513 | Train loss: 0.0000 | Valid loss: 0.0000 | Train acc: 1.0000 | Valid acc: 1.0000 | patience: 461 | Epoch time: 28.9 |

2023-01-27 18:38:22,242 - INFO -
| Epoch:    514 | Train loss: 0.0000 | Valid loss: 0.0000 | Train acc: 1.0000 | Valid acc: 1.0000 | patience: 462 | Epoch time: 28.9 |

2023-01-27 18:38:51,119 - INFO -
| Epoch:    515 | Train loss: 0.0000 | Valid loss: 0.0000 | Train acc: 0.9998 | Valid acc: 1.0000 | patience: 463 | Epoch time: 28.9 |

2023-01-27 18:39:19,980 - INFO -
| Epoch:    516 | Train loss: 0.0001 | Valid loss: 0.0000 | Train acc: 1.0000 | Valid acc: 1.0000 | patience: 464 | Epoch time: 28.9 |

2023-01-27 18:39:48,836 - INFO -
| Epoch:    517 | Train loss: 0.0018 | Valid loss: 0.0006 | Train acc: 1.0000 | Valid acc: 0.9998 | patience: 465 | Epoch time: 28.9 |

2023-01-27 18:40:17,712 - INFO -
| Epoch:    518 | Train loss: 0.0000 | Valid loss: 0.0000 | Train acc: 0.9991 | Valid acc: 1.0000 | patience: 466 | Epoch time: 28.9 |

2023-01-27 18:40:46,576 - INFO -
| Epoch:    519 | Train loss: 0.0033 | Valid loss: 0.0008 | Train acc: 1.0000 | Valid acc: 1.0000 | patience: 467 | Epoch time: 28.9 |

2023-01-27 18:41:15,438 - INFO -
| Epoch:    520 | Train loss: 0.0001 | Valid loss: 0.0023 | Train acc: 1.0000 | Valid acc: 1.0000 | patience: 468 | Epoch time: 28.9 |

2023-01-27 18:41:44,647 - INFO -
| Epoch:    521 | Train loss: 0.0006 | Valid loss: 0.0000 | Train acc: 1.0000 | Valid acc: 1.0000 | patience: 469 | Epoch time: 29.2 |

2023-01-27 18:42:13,507 - INFO -
| Epoch:    522 | Train loss: 0.0000 | Valid loss: 0.0003 | Train acc: 1.0000 | Valid acc: 0.9990 | patience: 470 | Epoch time: 28.9 |

2023-01-27 18:42:42,359 - INFO -
| Epoch:    523 | Train loss: 0.0000 | Valid loss: 0.0000 | Train acc: 1.0000 | Valid acc: 1.0000 | patience: 471 | Epoch time: 28.9 |

2023-01-27 18:43:11,294 - INFO -
| Epoch:    524 | Train loss: 0.0000 | Valid loss: 0.0000 | Train acc: 1.0000 | Valid acc: 1.0000 | patience: 472 | Epoch time: 28.9 |

2023-01-27 18:43:40,191 - INFO -
| Epoch:    525 | Train loss: 0.0003 | Valid loss: 0.0000 | Train acc: 1.0000 | Valid acc: 0.9977 | patience: 473 | Epoch time: 28.9 |

2023-01-27 18:44:09,085 - INFO -
| Epoch:    526 | Train loss: 0.0012 | Valid loss: 0.0003 | Train acc: 1.0000 | Valid acc: 1.0000 | patience: 474 | Epoch time: 28.9 |

2023-01-27 18:44:37,978 - INFO -
| Epoch:    527 | Train loss: 0.0000 | Valid loss: 0.0007 | Train acc: 1.0000 | Valid acc: 1.0000 | patience: 475 | Epoch time: 28.9 |

2023-01-27 18:45:07,112 - INFO -
| Epoch:    528 | Train loss: 0.0002 | Valid loss: 0.0000 | Train acc: 1.0000 | Valid acc: 1.0000 | patience: 476 | Epoch time: 29.1 |

2023-01-27 18:45:35,979 - INFO -
| Epoch:    529 | Train loss: 0.0000 | Valid loss: 0.0006 | Train acc: 1.0000 | Valid acc: 1.0000 | patience: 477 | Epoch time: 28.9 |

2023-01-27 18:46:04,843 - INFO -
| Epoch:    530 | Train loss: 0.0004 | Valid loss: 0.0002 | Train acc: 1.0000 | Valid acc: 1.0000 | patience: 478 | Epoch time: 28.9 |

2023-01-27 18:46:33,734 - INFO -
| Epoch:    531 | Train loss: 0.0004 | Valid loss: 0.0000 | Train acc: 0.9995 | Valid acc: 1.0000 | patience: 479 | Epoch time: 28.9 |

2023-01-27 18:47:02,600 - INFO -
| Epoch:    532 | Train loss: 0.0000 | Valid loss: 0.0000 | Train acc: 1.0000 | Valid acc: 1.0000 | patience: 480 | Epoch time: 28.9 |

2023-01-27 18:47:31,473 - INFO -
| Epoch:    533 | Train loss: 0.0000 | Valid loss: 0.0002 | Train acc: 1.0000 | Valid acc: 1.0000 | patience: 481 | Epoch time: 28.9 |

2023-01-27 18:48:00,348 - INFO -
| Epoch:    534 | Train loss: 0.0001 | Valid loss: 0.0000 | Train acc: 1.0000 | Valid acc: 1.0000 | patience: 482 | Epoch time: 28.9 |

2023-01-27 18:48:29,247 - INFO -
| Epoch:    535 | Train loss: 0.0024 | Valid loss: 0.0010 | Train acc: 1.0000 | Valid acc: 1.0000 | patience: 483 | Epoch time: 28.9 |

2023-01-27 18:48:58,128 - INFO -
| Epoch:    536 | Train loss: 0.0024 | Valid loss: 0.0000 | Train acc: 1.0000 | Valid acc: 1.0000 | patience: 484 | Epoch time: 28.9 |

2023-01-27 18:49:26,986 - INFO -
| Epoch:    537 | Train loss: 0.0000 | Valid loss: 0.0000 | Train acc: 1.0000 | Valid acc: 1.0000 | patience: 485 | Epoch time: 28.9 |

2023-01-27 18:49:55,842 - INFO -
| Epoch:    538 | Train loss: 0.0000 | Valid loss: 0.0002 | Train acc: 1.0000 | Valid acc: 1.0000 | patience: 486 | Epoch time: 28.9 |

2023-01-27 18:50:24,731 - INFO -
| Epoch:    539 | Train loss: 0.0000 | Valid loss: 0.0005 | Train acc: 0.9996 | Valid acc: 1.0000 | patience: 487 | Epoch time: 28.9 |

2023-01-27 18:50:53,611 - INFO -
| Epoch:    540 | Train loss: 0.0000 | Valid loss: 0.0000 | Train acc: 1.0000 | Valid acc: 1.0000 | patience: 488 | Epoch time: 28.9 |

2023-01-27 18:51:22,486 - INFO -
| Epoch:    541 | Train loss: 0.0000 | Valid loss: 0.0000 | Train acc: 0.9961 | Valid acc: 1.0000 | patience: 489 | Epoch time: 28.9 |

2023-01-27 18:51:51,372 - INFO -
| Epoch:    542 | Train loss: 0.0001 | Valid loss: 0.0000 | Train acc: 1.0000 | Valid acc: 1.0000 | patience: 490 | Epoch time: 28.9 |

2023-01-27 18:52:20,258 - INFO -
| Epoch:    543 | Train loss: 0.0002 | Valid loss: 0.0000 | Train acc: 1.0000 | Valid acc: 1.0000 | patience: 491 | Epoch time: 28.9 |

2023-01-27 18:52:49,136 - INFO -
| Epoch:    544 | Train loss: 0.0000 | Valid loss: 0.0000 | Train acc: 1.0000 | Valid acc: 1.0000 | patience: 492 | Epoch time: 28.9 |

2023-01-27 18:53:18,039 - INFO -
| Epoch:    545 | Train loss: 0.0002 | Valid loss: 0.0004 | Train acc: 1.0000 | Valid acc: 1.0000 | patience: 493 | Epoch time: 28.9 |

2023-01-27 18:53:46,933 - INFO -
| Epoch:    546 | Train loss: 0.0000 | Valid loss: 0.0000 | Train acc: 1.0000 | Valid acc: 1.0000 | patience: 494 | Epoch time: 28.9 |

2023-01-27 18:54:15,809 - INFO -
| Epoch:    547 | Train loss: 0.0000 | Valid loss: 0.0000 | Train acc: 1.0000 | Valid acc: 1.0000 | patience: 495 | Epoch time: 28.9 |

2023-01-27 18:54:44,684 - INFO -
| Epoch:    548 | Train loss: 0.0000 | Valid loss: 0.0036 | Train acc: 1.0000 | Valid acc: 1.0000 | patience: 496 | Epoch time: 28.9 |

2023-01-27 18:55:13,546 - INFO -
| Epoch:    549 | Train loss: 0.0000 | Valid loss: 0.0000 | Train acc: 1.0000 | Valid acc: 0.9965 | patience: 497 | Epoch time: 28.9 |

2023-01-27 18:55:42,425 - INFO -
| Epoch:    550 | Train loss: 0.0000 | Valid loss: 0.0009 | Train acc: 1.0000 | Valid acc: 1.0000 | patience: 498 | Epoch time: 28.9 |

2023-01-27 18:56:11,319 - INFO -
| Epoch:    551 | Train loss: 0.0000 | Valid loss: 0.0000 | Train acc: 1.0000 | Valid acc: 1.0000 | patience: 499 | Epoch time: 28.9 |

2023-01-27 18:56:40,247 - INFO -
| Epoch:    552 | Train loss: 0.0000 | Valid loss: 0.0000 | Train acc: 1.0000 | Valid acc: 1.0000 | patience: 500 | Epoch time: 28.9 |

2023-01-27 18:57:09,137 - INFO -
Early stop.

2023-01-27 18:57:09,311 - INFO -
Training if finished.

