2023-01-07 18:14:25,247 - INFO -
gmin                0.01
gmax                10.0
T                   0.1
m                   0.3
ACT_eta1            0.134
ACT_eta2            0.962
ACT_eta3            0.183
ACT_eta4            24.1
NEG_eta1            -0.104
NEG_eta2            0.899
NEG_eta3            -0.056
NEG_eta4            3.858
hidden              [3]
SEED                7
DEVICE              cuda
TIMELIMITATION      45
PATIENCE            500
EPOCH               10000000000
DATASET             0
LR                  0.1
PROGRESSIVE         False
LR_PATIENCE         100
LR_DECAY            0.5
LR_MIN              0.0001
MODE                nominal
M_train             1
K_train             1
M_test              500
K_test              500
t_test_max          10
integration         MC
VARIATION           False
N_train             1
e_train             0.0
N_test              100
e_test              0.1
projectname         ICCAD_2022
temppath            ./ICCAD_2022/temp/
logfilepath         ./ICCAD_2022/log/
recording           False
recordpath          ./ICCAD_2022/record/
savepath            ./ICCAD_2022/models/
loglevel            info


2023-01-07 18:14:25,247 - INFO -
Training network on device: cuda.

2023-01-07 18:14:25,247 - INFO -
Training setup: acuteinflammation_7_nominal_0.0_1_MC.

2023-01-07 18:14:25,247 - INFO -
Dataset "acuteinflammation" has 6 input features and 2 classes. There are 70 training examples, 23 valid examples, and 25 test examples in the dataset.

2023-01-07 18:14:25,247 - INFO -
Topology of the network: [6, 3, 2].

2023-01-07 18:14:26,897 - INFO -
| Epoch:      0 | Train loss: 0.7000 | Valid loss: 0.7065 | Train acc: 0.5286 | Valid acc: 0.6087 | patience:   0 | Epoch time: 1.6 |

2023-01-07 18:14:27,371 - INFO -
| Epoch:      1 | Train loss: 0.7490 | Valid loss: 0.5011 | Train acc: 0.5429 | Valid acc: 0.6087 | patience:   0 | Epoch time: 0.5 |

2023-01-07 18:14:27,843 - INFO -
| Epoch:      2 | Train loss: 0.5927 | Valid loss: 0.3948 | Train acc: 0.5286 | Valid acc: 0.7391 | patience:   0 | Epoch time: 0.5 |

2023-01-07 18:14:28,311 - INFO -
| Epoch:      3 | Train loss: 0.4445 | Valid loss: 0.3054 | Train acc: 0.6714 | Valid acc: 0.8696 | patience:   0 | Epoch time: 0.5 |

2023-01-07 18:14:28,781 - INFO -
| Epoch:      4 | Train loss: 0.2899 | Valid loss: 0.2306 | Train acc: 0.9286 | Valid acc: 0.8696 | patience:   0 | Epoch time: 0.5 |

2023-01-07 18:14:29,249 - INFO -
| Epoch:      5 | Train loss: 0.1686 | Valid loss: 0.2248 | Train acc: 0.9286 | Valid acc: 0.7826 | patience:   0 | Epoch time: 0.5 |

2023-01-07 18:14:29,719 - INFO -
| Epoch:      6 | Train loss: 0.1789 | Valid loss: 0.1859 | Train acc: 0.8143 | Valid acc: 0.7826 | patience:   0 | Epoch time: 0.5 |

2023-01-07 18:14:30,188 - INFO -
| Epoch:      7 | Train loss: 0.1786 | Valid loss: 0.0862 | Train acc: 0.8143 | Valid acc: 0.9130 | patience:   0 | Epoch time: 0.5 |

2023-01-07 18:14:30,659 - INFO -
| Epoch:      8 | Train loss: 0.1185 | Valid loss: 0.0320 | Train acc: 0.8857 | Valid acc: 1.0000 | patience:   0 | Epoch time: 0.5 |

2023-01-07 18:14:31,127 - INFO -
| Epoch:      9 | Train loss: 0.0438 | Valid loss: 0.0045 | Train acc: 1.0000 | Valid acc: 1.0000 | patience:   0 | Epoch time: 0.5 |

2023-01-07 18:14:31,593 - INFO -
| Epoch:     10 | Train loss: 0.0025 | Valid loss: 0.0071 | Train acc: 1.0000 | Valid acc: 1.0000 | patience:   1 | Epoch time: 0.5 |

2023-01-07 18:14:32,061 - INFO -
| Epoch:     11 | Train loss: 0.0039 | Valid loss: 0.0061 | Train acc: 1.0000 | Valid acc: 1.0000 | patience:   2 | Epoch time: 0.5 |

2023-01-07 18:14:32,528 - INFO -
| Epoch:     12 | Train loss: 0.0081 | Valid loss: 0.0000 | Train acc: 1.0000 | Valid acc: 1.0000 | patience:   0 | Epoch time: 0.5 |

2023-01-07 18:14:32,997 - INFO -
| Epoch:     13 | Train loss: 0.0000 | Valid loss: 0.0139 | Train acc: 1.0000 | Valid acc: 1.0000 | patience:   1 | Epoch time: 0.5 |

2023-01-07 18:14:33,462 - INFO -
| Epoch:     14 | Train loss: 0.0183 | Valid loss: 0.0000 | Train acc: 1.0000 | Valid acc: 1.0000 | patience:   2 | Epoch time: 0.5 |

2023-01-07 18:14:33,930 - INFO -
| Epoch:     15 | Train loss: 0.0000 | Valid loss: 0.0000 | Train acc: 1.0000 | Valid acc: 1.0000 | patience:   3 | Epoch time: 0.5 |

2023-01-07 18:14:34,396 - INFO -
| Epoch:     16 | Train loss: 0.0000 | Valid loss: 0.0000 | Train acc: 1.0000 | Valid acc: 1.0000 | patience:   4 | Epoch time: 0.5 |

2023-01-07 18:14:34,861 - INFO -
| Epoch:     17 | Train loss: 0.0000 | Valid loss: 0.0000 | Train acc: 1.0000 | Valid acc: 1.0000 | patience:   5 | Epoch time: 0.5 |

2023-01-07 18:14:35,329 - INFO -
| Epoch:     18 | Train loss: 0.0000 | Valid loss: 0.0017 | Train acc: 1.0000 | Valid acc: 1.0000 | patience:   6 | Epoch time: 0.5 |

2023-01-07 18:14:35,794 - INFO -
| Epoch:     19 | Train loss: 0.0022 | Valid loss: 0.0000 | Train acc: 1.0000 | Valid acc: 1.0000 | patience:   7 | Epoch time: 0.5 |

2023-01-07 18:14:36,263 - INFO -
| Epoch:     20 | Train loss: 0.0000 | Valid loss: 0.0000 | Train acc: 1.0000 | Valid acc: 1.0000 | patience:   8 | Epoch time: 0.5 |

2023-01-07 18:14:36,730 - INFO -
| Epoch:     21 | Train loss: 0.0000 | Valid loss: 0.0000 | Train acc: 1.0000 | Valid acc: 1.0000 | patience:   9 | Epoch time: 0.5 |

2023-01-07 18:14:37,196 - INFO -
| Epoch:     22 | Train loss: 0.0000 | Valid loss: 0.0000 | Train acc: 1.0000 | Valid acc: 1.0000 | patience:  10 | Epoch time: 0.5 |

2023-01-07 18:14:37,663 - INFO -
| Epoch:     23 | Train loss: 0.0000 | Valid loss: 0.0052 | Train acc: 1.0000 | Valid acc: 1.0000 | patience:  11 | Epoch time: 0.5 |

2023-01-07 18:14:38,128 - INFO -
| Epoch:     24 | Train loss: 0.0079 | Valid loss: 0.0014 | Train acc: 1.0000 | Valid acc: 1.0000 | patience:  12 | Epoch time: 0.5 |

2023-01-07 18:14:38,596 - INFO -
| Epoch:     25 | Train loss: 0.0029 | Valid loss: 0.0000 | Train acc: 1.0000 | Valid acc: 1.0000 | patience:  13 | Epoch time: 0.5 |

2023-01-07 18:14:39,061 - INFO -
| Epoch:     26 | Train loss: 0.0000 | Valid loss: 0.0000 | Train acc: 1.0000 | Valid acc: 1.0000 | patience:  14 | Epoch time: 0.5 |

2023-01-07 18:14:39,526 - INFO -
| Epoch:     27 | Train loss: 0.0000 | Valid loss: 0.0000 | Train acc: 1.0000 | Valid acc: 1.0000 | patience:  15 | Epoch time: 0.5 |

2023-01-07 18:14:39,992 - INFO -
| Epoch:     28 | Train loss: 0.0006 | Valid loss: 0.0000 | Train acc: 1.0000 | Valid acc: 1.0000 | patience:  16 | Epoch time: 0.5 |

2023-01-07 18:14:40,458 - INFO -
| Epoch:     29 | Train loss: 0.0000 | Valid loss: 0.0000 | Train acc: 1.0000 | Valid acc: 1.0000 | patience:  17 | Epoch time: 0.5 |

2023-01-07 18:14:40,923 - INFO -
| Epoch:     30 | Train loss: 0.0000 | Valid loss: 0.0000 | Train acc: 1.0000 | Valid acc: 1.0000 | patience:  18 | Epoch time: 0.5 |

2023-01-07 18:14:41,390 - INFO -
| Epoch:     31 | Train loss: 0.0000 | Valid loss: 0.0000 | Train acc: 1.0000 | Valid acc: 1.0000 | patience:  19 | Epoch time: 0.5 |

2023-01-07 18:14:41,857 - INFO -
| Epoch:     32 | Train loss: 0.0000 | Valid loss: 0.0000 | Train acc: 1.0000 | Valid acc: 1.0000 | patience:  20 | Epoch time: 0.5 |

2023-01-07 18:14:42,324 - INFO -
| Epoch:     33 | Train loss: 0.0000 | Valid loss: 0.0000 | Train acc: 1.0000 | Valid acc: 1.0000 | patience:  21 | Epoch time: 0.5 |

2023-01-07 18:14:42,790 - INFO -
| Epoch:     34 | Train loss: 0.0000 | Valid loss: 0.0000 | Train acc: 1.0000 | Valid acc: 1.0000 | patience:  22 | Epoch time: 0.5 |

2023-01-07 18:14:43,258 - INFO -
| Epoch:     35 | Train loss: 0.0000 | Valid loss: 0.0000 | Train acc: 1.0000 | Valid acc: 1.0000 | patience:  23 | Epoch time: 0.5 |

2023-01-07 18:14:43,722 - INFO -
| Epoch:     36 | Train loss: 0.0000 | Valid loss: 0.0000 | Train acc: 1.0000 | Valid acc: 1.0000 | patience:  24 | Epoch time: 0.5 |

2023-01-07 18:14:44,187 - INFO -
| Epoch:     37 | Train loss: 0.0000 | Valid loss: 0.0000 | Train acc: 1.0000 | Valid acc: 1.0000 | patience:  25 | Epoch time: 0.5 |

2023-01-07 18:14:44,652 - INFO -
| Epoch:     38 | Train loss: 0.0000 | Valid loss: 0.0000 | Train acc: 1.0000 | Valid acc: 1.0000 | patience:  26 | Epoch time: 0.5 |

2023-01-07 18:14:45,117 - INFO -
| Epoch:     39 | Train loss: 0.0000 | Valid loss: 0.0000 | Train acc: 1.0000 | Valid acc: 1.0000 | patience:  27 | Epoch time: 0.5 |

2023-01-07 18:14:45,582 - INFO -
| Epoch:     40 | Train loss: 0.0000 | Valid loss: 0.0000 | Train acc: 1.0000 | Valid acc: 1.0000 | patience:  28 | Epoch time: 0.5 |

2023-01-07 18:14:46,047 - INFO -
| Epoch:     41 | Train loss: 0.0000 | Valid loss: 0.0000 | Train acc: 1.0000 | Valid acc: 1.0000 | patience:  29 | Epoch time: 0.5 |

2023-01-07 18:14:46,512 - INFO -
| Epoch:     42 | Train loss: 0.0000 | Valid loss: 0.0000 | Train acc: 1.0000 | Valid acc: 1.0000 | patience:  30 | Epoch time: 0.5 |

2023-01-07 18:14:46,977 - INFO -
| Epoch:     43 | Train loss: 0.0000 | Valid loss: 0.0000 | Train acc: 1.0000 | Valid acc: 1.0000 | patience:  31 | Epoch time: 0.5 |

2023-01-07 18:14:47,442 - INFO -
| Epoch:     44 | Train loss: 0.0000 | Valid loss: 0.0000 | Train acc: 1.0000 | Valid acc: 1.0000 | patience:  32 | Epoch time: 0.5 |

2023-01-07 18:14:47,908 - INFO -
| Epoch:     45 | Train loss: 0.0000 | Valid loss: 0.0000 | Train acc: 1.0000 | Valid acc: 1.0000 | patience:  33 | Epoch time: 0.5 |

2023-01-07 18:14:48,374 - INFO -
| Epoch:     46 | Train loss: 0.0000 | Valid loss: 0.0000 | Train acc: 1.0000 | Valid acc: 1.0000 | patience:  34 | Epoch time: 0.5 |

2023-01-07 18:14:48,838 - INFO -
| Epoch:     47 | Train loss: 0.0000 | Valid loss: 0.0000 | Train acc: 1.0000 | Valid acc: 1.0000 | patience:  35 | Epoch time: 0.5 |

2023-01-07 18:14:49,303 - INFO -
| Epoch:     48 | Train loss: 0.0000 | Valid loss: 0.0001 | Train acc: 1.0000 | Valid acc: 1.0000 | patience:  36 | Epoch time: 0.5 |

2023-01-07 18:14:49,767 - INFO -
| Epoch:     49 | Train loss: 0.0000 | Valid loss: 0.0010 | Train acc: 1.0000 | Valid acc: 1.0000 | patience:  37 | Epoch time: 0.5 |

2023-01-07 18:14:50,232 - INFO -
| Epoch:     50 | Train loss: 0.0003 | Valid loss: 0.0000 | Train acc: 1.0000 | Valid acc: 1.0000 | patience:  38 | Epoch time: 0.5 |

2023-01-07 18:14:50,698 - INFO -
| Epoch:     51 | Train loss: 0.0000 | Valid loss: 0.0000 | Train acc: 1.0000 | Valid acc: 1.0000 | patience:  39 | Epoch time: 0.5 |

2023-01-07 18:14:51,164 - INFO -
| Epoch:     52 | Train loss: 0.0000 | Valid loss: 0.0000 | Train acc: 1.0000 | Valid acc: 1.0000 | patience:  40 | Epoch time: 0.5 |

2023-01-07 18:14:51,628 - INFO -
| Epoch:     53 | Train loss: 0.0000 | Valid loss: 0.0000 | Train acc: 1.0000 | Valid acc: 1.0000 | patience:  41 | Epoch time: 0.5 |

2023-01-07 18:14:52,093 - INFO -
| Epoch:     54 | Train loss: 0.0000 | Valid loss: 0.0000 | Train acc: 1.0000 | Valid acc: 1.0000 | patience:  42 | Epoch time: 0.5 |

2023-01-07 18:14:52,560 - INFO -
| Epoch:     55 | Train loss: 0.0000 | Valid loss: 0.0000 | Train acc: 1.0000 | Valid acc: 1.0000 | patience:  43 | Epoch time: 0.5 |

2023-01-07 18:14:53,025 - INFO -
| Epoch:     56 | Train loss: 0.0000 | Valid loss: 0.0000 | Train acc: 1.0000 | Valid acc: 1.0000 | patience:  44 | Epoch time: 0.5 |

2023-01-07 18:14:53,489 - INFO -
| Epoch:     57 | Train loss: 0.0000 | Valid loss: 0.0000 | Train acc: 1.0000 | Valid acc: 1.0000 | patience:  45 | Epoch time: 0.5 |

2023-01-07 18:14:53,953 - INFO -
| Epoch:     58 | Train loss: 0.0000 | Valid loss: 0.0000 | Train acc: 1.0000 | Valid acc: 1.0000 | patience:  46 | Epoch time: 0.5 |

2023-01-07 18:14:54,418 - INFO -
| Epoch:     59 | Train loss: 0.0000 | Valid loss: 0.0000 | Train acc: 1.0000 | Valid acc: 1.0000 | patience:  47 | Epoch time: 0.5 |

2023-01-07 18:14:54,884 - INFO -
| Epoch:     60 | Train loss: 0.0000 | Valid loss: 0.0000 | Train acc: 1.0000 | Valid acc: 1.0000 | patience:  48 | Epoch time: 0.5 |

2023-01-07 18:14:55,349 - INFO -
| Epoch:     61 | Train loss: 0.0000 | Valid loss: 0.0000 | Train acc: 1.0000 | Valid acc: 1.0000 | patience:  49 | Epoch time: 0.5 |

2023-01-07 18:14:55,815 - INFO -
| Epoch:     62 | Train loss: 0.0000 | Valid loss: 0.0000 | Train acc: 1.0000 | Valid acc: 1.0000 | patience:  50 | Epoch time: 0.5 |

2023-01-07 18:14:56,280 - INFO -
| Epoch:     63 | Train loss: 0.0000 | Valid loss: 0.0000 | Train acc: 1.0000 | Valid acc: 1.0000 | patience:  51 | Epoch time: 0.5 |

2023-01-07 18:14:56,745 - INFO -
| Epoch:     64 | Train loss: 0.0000 | Valid loss: 0.0000 | Train acc: 1.0000 | Valid acc: 1.0000 | patience:  52 | Epoch time: 0.5 |

2023-01-07 18:14:57,212 - INFO -
| Epoch:     65 | Train loss: 0.0000 | Valid loss: 0.0000 | Train acc: 1.0000 | Valid acc: 1.0000 | patience:  53 | Epoch time: 0.5 |

2023-01-07 18:14:57,679 - INFO -
| Epoch:     66 | Train loss: 0.0000 | Valid loss: 0.0000 | Train acc: 1.0000 | Valid acc: 1.0000 | patience:  54 | Epoch time: 0.5 |

2023-01-07 18:14:58,145 - INFO -
| Epoch:     67 | Train loss: 0.0000 | Valid loss: 0.0000 | Train acc: 1.0000 | Valid acc: 1.0000 | patience:  55 | Epoch time: 0.5 |

2023-01-07 18:14:58,610 - INFO -
| Epoch:     68 | Train loss: 0.0000 | Valid loss: 0.0000 | Train acc: 1.0000 | Valid acc: 1.0000 | patience:  56 | Epoch time: 0.5 |

2023-01-07 18:14:59,077 - INFO -
| Epoch:     69 | Train loss: 0.0000 | Valid loss: 0.0000 | Train acc: 1.0000 | Valid acc: 1.0000 | patience:  57 | Epoch time: 0.5 |

2023-01-07 18:14:59,542 - INFO -
| Epoch:     70 | Train loss: 0.0000 | Valid loss: 0.0000 | Train acc: 1.0000 | Valid acc: 1.0000 | patience:  58 | Epoch time: 0.5 |

2023-01-07 18:15:00,006 - INFO -
| Epoch:     71 | Train loss: 0.0000 | Valid loss: 0.0000 | Train acc: 1.0000 | Valid acc: 1.0000 | patience:  59 | Epoch time: 0.5 |

2023-01-07 18:15:00,472 - INFO -
| Epoch:     72 | Train loss: 0.0000 | Valid loss: 0.0000 | Train acc: 1.0000 | Valid acc: 1.0000 | patience:  60 | Epoch time: 0.5 |

2023-01-07 18:15:00,937 - INFO -
| Epoch:     73 | Train loss: 0.0000 | Valid loss: 0.0000 | Train acc: 1.0000 | Valid acc: 1.0000 | patience:  61 | Epoch time: 0.5 |

2023-01-07 18:15:01,402 - INFO -
| Epoch:     74 | Train loss: 0.0000 | Valid loss: 0.0000 | Train acc: 1.0000 | Valid acc: 1.0000 | patience:  62 | Epoch time: 0.5 |

2023-01-07 18:15:01,867 - INFO -
| Epoch:     75 | Train loss: 0.0000 | Valid loss: 0.0000 | Train acc: 1.0000 | Valid acc: 1.0000 | patience:  63 | Epoch time: 0.5 |

2023-01-07 18:15:02,331 - INFO -
| Epoch:     76 | Train loss: 0.0000 | Valid loss: 0.0000 | Train acc: 1.0000 | Valid acc: 1.0000 | patience:  64 | Epoch time: 0.5 |

2023-01-07 18:15:02,797 - INFO -
| Epoch:     77 | Train loss: 0.0000 | Valid loss: 0.0000 | Train acc: 1.0000 | Valid acc: 1.0000 | patience:  65 | Epoch time: 0.5 |

2023-01-07 18:15:03,264 - INFO -
| Epoch:     78 | Train loss: 0.0000 | Valid loss: 0.0000 | Train acc: 1.0000 | Valid acc: 1.0000 | patience:  66 | Epoch time: 0.5 |

2023-01-07 18:15:03,730 - INFO -
| Epoch:     79 | Train loss: 0.0000 | Valid loss: 0.0000 | Train acc: 1.0000 | Valid acc: 1.0000 | patience:  67 | Epoch time: 0.5 |

2023-01-07 18:15:04,194 - INFO -
| Epoch:     80 | Train loss: 0.0000 | Valid loss: 0.0000 | Train acc: 1.0000 | Valid acc: 1.0000 | patience:  68 | Epoch time: 0.5 |

2023-01-07 18:15:04,659 - INFO -
| Epoch:     81 | Train loss: 0.0000 | Valid loss: 0.0000 | Train acc: 1.0000 | Valid acc: 1.0000 | patience:  69 | Epoch time: 0.5 |

2023-01-07 18:15:05,125 - INFO -
| Epoch:     82 | Train loss: 0.0000 | Valid loss: 0.0000 | Train acc: 1.0000 | Valid acc: 1.0000 | patience:  70 | Epoch time: 0.5 |

2023-01-07 18:15:05,590 - INFO -
| Epoch:     83 | Train loss: 0.0000 | Valid loss: 0.0000 | Train acc: 1.0000 | Valid acc: 1.0000 | patience:  71 | Epoch time: 0.5 |

2023-01-07 18:15:06,055 - INFO -
| Epoch:     84 | Train loss: 0.0000 | Valid loss: 0.0000 | Train acc: 1.0000 | Valid acc: 1.0000 | patience:  72 | Epoch time: 0.5 |

2023-01-07 18:15:06,519 - INFO -
| Epoch:     85 | Train loss: 0.0000 | Valid loss: 0.0000 | Train acc: 1.0000 | Valid acc: 1.0000 | patience:  73 | Epoch time: 0.5 |

2023-01-07 18:15:06,985 - INFO -
| Epoch:     86 | Train loss: 0.0000 | Valid loss: 0.0000 | Train acc: 1.0000 | Valid acc: 1.0000 | patience:  74 | Epoch time: 0.5 |

2023-01-07 18:15:07,449 - INFO -
| Epoch:     87 | Train loss: 0.0000 | Valid loss: 0.0000 | Train acc: 1.0000 | Valid acc: 1.0000 | patience:  75 | Epoch time: 0.5 |

2023-01-07 18:15:07,916 - INFO -
| Epoch:     88 | Train loss: 0.0000 | Valid loss: 0.0000 | Train acc: 1.0000 | Valid acc: 1.0000 | patience:  76 | Epoch time: 0.5 |

2023-01-07 18:15:08,383 - INFO -
| Epoch:     89 | Train loss: 0.0000 | Valid loss: 0.0000 | Train acc: 1.0000 | Valid acc: 1.0000 | patience:  77 | Epoch time: 0.5 |

2023-01-07 18:15:08,849 - INFO -
| Epoch:     90 | Train loss: 0.0000 | Valid loss: 0.0000 | Train acc: 1.0000 | Valid acc: 1.0000 | patience:  78 | Epoch time: 0.5 |

2023-01-07 18:15:09,314 - INFO -
| Epoch:     91 | Train loss: 0.0000 | Valid loss: 0.0000 | Train acc: 1.0000 | Valid acc: 1.0000 | patience:  79 | Epoch time: 0.5 |

2023-01-07 18:15:09,780 - INFO -
| Epoch:     92 | Train loss: 0.0000 | Valid loss: 0.0000 | Train acc: 1.0000 | Valid acc: 1.0000 | patience:  80 | Epoch time: 0.5 |

2023-01-07 18:15:10,246 - INFO -
| Epoch:     93 | Train loss: 0.0000 | Valid loss: 0.0000 | Train acc: 1.0000 | Valid acc: 1.0000 | patience:  81 | Epoch time: 0.5 |

2023-01-07 18:15:10,710 - INFO -
| Epoch:     94 | Train loss: 0.0000 | Valid loss: 0.0000 | Train acc: 1.0000 | Valid acc: 1.0000 | patience:  82 | Epoch time: 0.5 |

2023-01-07 18:15:11,176 - INFO -
| Epoch:     95 | Train loss: 0.0000 | Valid loss: 0.0000 | Train acc: 1.0000 | Valid acc: 1.0000 | patience:  83 | Epoch time: 0.5 |

2023-01-07 18:15:11,642 - INFO -
| Epoch:     96 | Train loss: 0.0000 | Valid loss: 0.0000 | Train acc: 1.0000 | Valid acc: 1.0000 | patience:  84 | Epoch time: 0.5 |

2023-01-07 18:15:12,107 - INFO -
| Epoch:     97 | Train loss: 0.0000 | Valid loss: 0.0000 | Train acc: 1.0000 | Valid acc: 1.0000 | patience:  85 | Epoch time: 0.5 |

2023-01-07 18:15:12,573 - INFO -
| Epoch:     98 | Train loss: 0.0000 | Valid loss: 0.0000 | Train acc: 1.0000 | Valid acc: 1.0000 | patience:  86 | Epoch time: 0.5 |

2023-01-07 18:15:13,039 - INFO -
| Epoch:     99 | Train loss: 0.0000 | Valid loss: 0.0000 | Train acc: 1.0000 | Valid acc: 1.0000 | patience:  87 | Epoch time: 0.5 |

2023-01-07 18:15:13,504 - INFO -
| Epoch:    100 | Train loss: 0.0000 | Valid loss: 0.0000 | Train acc: 1.0000 | Valid acc: 1.0000 | patience:  88 | Epoch time: 0.5 |

2023-01-07 18:15:13,969 - INFO -
| Epoch:    101 | Train loss: 0.0000 | Valid loss: 0.0000 | Train acc: 1.0000 | Valid acc: 1.0000 | patience:  89 | Epoch time: 0.5 |

2023-01-07 18:15:14,437 - INFO -
| Epoch:    102 | Train loss: 0.0000 | Valid loss: 0.0000 | Train acc: 1.0000 | Valid acc: 1.0000 | patience:  90 | Epoch time: 0.5 |

2023-01-07 18:15:14,902 - INFO -
| Epoch:    103 | Train loss: 0.0000 | Valid loss: 0.0000 | Train acc: 1.0000 | Valid acc: 1.0000 | patience:  91 | Epoch time: 0.5 |

2023-01-07 18:15:15,368 - INFO -
| Epoch:    104 | Train loss: 0.0000 | Valid loss: 0.0000 | Train acc: 1.0000 | Valid acc: 1.0000 | patience:  92 | Epoch time: 0.5 |

2023-01-07 18:15:15,833 - INFO -
| Epoch:    105 | Train loss: 0.0000 | Valid loss: 0.0000 | Train acc: 1.0000 | Valid acc: 1.0000 | patience:  93 | Epoch time: 0.5 |

2023-01-07 18:15:16,300 - INFO -
| Epoch:    106 | Train loss: 0.0000 | Valid loss: 0.0000 | Train acc: 1.0000 | Valid acc: 1.0000 | patience:  94 | Epoch time: 0.5 |

2023-01-07 18:15:16,766 - INFO -
| Epoch:    107 | Train loss: 0.0000 | Valid loss: 0.0000 | Train acc: 1.0000 | Valid acc: 1.0000 | patience:  95 | Epoch time: 0.5 |

2023-01-07 18:15:17,231 - INFO -
| Epoch:    108 | Train loss: 0.0000 | Valid loss: 0.0000 | Train acc: 1.0000 | Valid acc: 1.0000 | patience:  96 | Epoch time: 0.5 |

2023-01-07 18:15:17,697 - INFO -
| Epoch:    109 | Train loss: 0.0000 | Valid loss: 0.0000 | Train acc: 1.0000 | Valid acc: 1.0000 | patience:  97 | Epoch time: 0.5 |

2023-01-07 18:15:18,163 - INFO -
| Epoch:    110 | Train loss: 0.0000 | Valid loss: 0.0000 | Train acc: 1.0000 | Valid acc: 1.0000 | patience:  98 | Epoch time: 0.5 |

2023-01-07 18:15:18,629 - INFO -
| Epoch:    111 | Train loss: 0.0000 | Valid loss: 0.0000 | Train acc: 1.0000 | Valid acc: 1.0000 | patience:  99 | Epoch time: 0.5 |

2023-01-07 18:15:19,096 - INFO -
| Epoch:    112 | Train loss: 0.0000 | Valid loss: 0.0000 | Train acc: 1.0000 | Valid acc: 1.0000 | patience: 100 | Epoch time: 0.5 |

2023-01-07 18:15:19,563 - INFO -
| Epoch:    113 | Train loss: 0.0000 | Valid loss: 0.0000 | Train acc: 1.0000 | Valid acc: 1.0000 | patience: 101 | Epoch time: 0.5 |

2023-01-07 18:15:20,029 - INFO -
| Epoch:    114 | Train loss: 0.0000 | Valid loss: 0.0000 | Train acc: 1.0000 | Valid acc: 1.0000 | patience: 102 | Epoch time: 0.5 |

2023-01-07 18:15:20,495 - INFO -
| Epoch:    115 | Train loss: 0.0000 | Valid loss: 0.0000 | Train acc: 1.0000 | Valid acc: 1.0000 | patience: 103 | Epoch time: 0.5 |

2023-01-07 18:15:20,960 - INFO -
| Epoch:    116 | Train loss: 0.0000 | Valid loss: 0.0000 | Train acc: 1.0000 | Valid acc: 1.0000 | patience: 104 | Epoch time: 0.5 |

2023-01-07 18:15:21,427 - INFO -
| Epoch:    117 | Train loss: 0.0000 | Valid loss: 0.0000 | Train acc: 1.0000 | Valid acc: 1.0000 | patience: 105 | Epoch time: 0.5 |

2023-01-07 18:15:21,892 - INFO -
| Epoch:    118 | Train loss: 0.0000 | Valid loss: 0.0000 | Train acc: 1.0000 | Valid acc: 1.0000 | patience: 106 | Epoch time: 0.5 |

2023-01-07 18:15:22,359 - INFO -
| Epoch:    119 | Train loss: 0.0000 | Valid loss: 0.0000 | Train acc: 1.0000 | Valid acc: 1.0000 | patience: 107 | Epoch time: 0.5 |

2023-01-07 18:15:22,826 - INFO -
| Epoch:    120 | Train loss: 0.0000 | Valid loss: 0.0000 | Train acc: 1.0000 | Valid acc: 1.0000 | patience: 108 | Epoch time: 0.5 |

2023-01-07 18:15:23,293 - INFO -
| Epoch:    121 | Train loss: 0.0000 | Valid loss: 0.0000 | Train acc: 1.0000 | Valid acc: 1.0000 | patience: 109 | Epoch time: 0.5 |

2023-01-07 18:15:23,760 - INFO -
| Epoch:    122 | Train loss: 0.0000 | Valid loss: 0.0000 | Train acc: 1.0000 | Valid acc: 1.0000 | patience: 110 | Epoch time: 0.5 |

2023-01-07 18:15:24,227 - INFO -
| Epoch:    123 | Train loss: 0.0000 | Valid loss: 0.0000 | Train acc: 1.0000 | Valid acc: 1.0000 | patience: 111 | Epoch time: 0.5 |

2023-01-07 18:15:24,691 - INFO -
| Epoch:    124 | Train loss: 0.0000 | Valid loss: 0.0000 | Train acc: 1.0000 | Valid acc: 1.0000 | patience: 112 | Epoch time: 0.5 |

2023-01-07 18:15:25,158 - INFO -
| Epoch:    125 | Train loss: 0.0000 | Valid loss: 0.0000 | Train acc: 1.0000 | Valid acc: 1.0000 | patience: 113 | Epoch time: 0.5 |

2023-01-07 18:15:25,624 - INFO -
| Epoch:    126 | Train loss: 0.0000 | Valid loss: 0.0000 | Train acc: 1.0000 | Valid acc: 1.0000 | patience: 114 | Epoch time: 0.5 |

2023-01-07 18:15:26,088 - INFO -
| Epoch:    127 | Train loss: 0.0000 | Valid loss: 0.0000 | Train acc: 1.0000 | Valid acc: 1.0000 | patience: 115 | Epoch time: 0.5 |

2023-01-07 18:15:26,553 - INFO -
| Epoch:    128 | Train loss: 0.0000 | Valid loss: 0.0000 | Train acc: 1.0000 | Valid acc: 1.0000 | patience: 116 | Epoch time: 0.5 |

2023-01-07 18:15:27,018 - INFO -
| Epoch:    129 | Train loss: 0.0000 | Valid loss: 0.0000 | Train acc: 1.0000 | Valid acc: 1.0000 | patience: 117 | Epoch time: 0.5 |

2023-01-07 18:15:27,482 - INFO -
| Epoch:    130 | Train loss: 0.0000 | Valid loss: 0.0000 | Train acc: 1.0000 | Valid acc: 1.0000 | patience: 118 | Epoch time: 0.5 |

2023-01-07 18:15:27,947 - INFO -
| Epoch:    131 | Train loss: 0.0000 | Valid loss: 0.0000 | Train acc: 1.0000 | Valid acc: 1.0000 | patience: 119 | Epoch time: 0.5 |

2023-01-07 18:15:28,411 - INFO -
| Epoch:    132 | Train loss: 0.0000 | Valid loss: 0.0000 | Train acc: 1.0000 | Valid acc: 1.0000 | patience: 120 | Epoch time: 0.5 |

2023-01-07 18:15:28,877 - INFO -
| Epoch:    133 | Train loss: 0.0000 | Valid loss: 0.0000 | Train acc: 1.0000 | Valid acc: 1.0000 | patience: 121 | Epoch time: 0.5 |

2023-01-07 18:15:29,342 - INFO -
| Epoch:    134 | Train loss: 0.0000 | Valid loss: 0.0000 | Train acc: 1.0000 | Valid acc: 1.0000 | patience: 122 | Epoch time: 0.5 |

2023-01-07 18:15:29,806 - INFO -
| Epoch:    135 | Train loss: 0.0000 | Valid loss: 0.0000 | Train acc: 1.0000 | Valid acc: 1.0000 | patience: 123 | Epoch time: 0.5 |

2023-01-07 18:15:30,271 - INFO -
| Epoch:    136 | Train loss: 0.0000 | Valid loss: 0.0000 | Train acc: 1.0000 | Valid acc: 1.0000 | patience: 124 | Epoch time: 0.5 |

2023-01-07 18:15:30,735 - INFO -
| Epoch:    137 | Train loss: 0.0000 | Valid loss: 0.0000 | Train acc: 1.0000 | Valid acc: 1.0000 | patience: 125 | Epoch time: 0.5 |

2023-01-07 18:15:31,200 - INFO -
| Epoch:    138 | Train loss: 0.0000 | Valid loss: 0.0000 | Train acc: 1.0000 | Valid acc: 1.0000 | patience: 126 | Epoch time: 0.5 |

2023-01-07 18:15:31,664 - INFO -
| Epoch:    139 | Train loss: 0.0000 | Valid loss: 0.0000 | Train acc: 1.0000 | Valid acc: 1.0000 | patience: 127 | Epoch time: 0.5 |

2023-01-07 18:15:32,129 - INFO -
| Epoch:    140 | Train loss: 0.0000 | Valid loss: 0.0000 | Train acc: 1.0000 | Valid acc: 1.0000 | patience: 128 | Epoch time: 0.5 |

2023-01-07 18:15:32,594 - INFO -
| Epoch:    141 | Train loss: 0.0000 | Valid loss: 0.0000 | Train acc: 1.0000 | Valid acc: 1.0000 | patience: 129 | Epoch time: 0.5 |

2023-01-07 18:15:33,059 - INFO -
| Epoch:    142 | Train loss: 0.0000 | Valid loss: 0.0000 | Train acc: 1.0000 | Valid acc: 1.0000 | patience: 130 | Epoch time: 0.5 |

2023-01-07 18:15:33,523 - INFO -
| Epoch:    143 | Train loss: 0.0000 | Valid loss: 0.0000 | Train acc: 1.0000 | Valid acc: 1.0000 | patience: 131 | Epoch time: 0.5 |

2023-01-07 18:15:33,989 - INFO -
| Epoch:    144 | Train loss: 0.0000 | Valid loss: 0.0000 | Train acc: 1.0000 | Valid acc: 1.0000 | patience: 132 | Epoch time: 0.5 |

2023-01-07 18:15:34,453 - INFO -
| Epoch:    145 | Train loss: 0.0000 | Valid loss: 0.0000 | Train acc: 1.0000 | Valid acc: 1.0000 | patience: 133 | Epoch time: 0.5 |

2023-01-07 18:15:34,918 - INFO -
| Epoch:    146 | Train loss: 0.0000 | Valid loss: 0.0000 | Train acc: 1.0000 | Valid acc: 1.0000 | patience: 134 | Epoch time: 0.5 |

2023-01-07 18:15:35,383 - INFO -
| Epoch:    147 | Train loss: 0.0000 | Valid loss: 0.0000 | Train acc: 1.0000 | Valid acc: 1.0000 | patience: 135 | Epoch time: 0.5 |

2023-01-07 18:15:35,848 - INFO -
| Epoch:    148 | Train loss: 0.0000 | Valid loss: 0.0000 | Train acc: 1.0000 | Valid acc: 1.0000 | patience: 136 | Epoch time: 0.5 |

2023-01-07 18:15:36,315 - INFO -
| Epoch:    149 | Train loss: 0.0000 | Valid loss: 0.0000 | Train acc: 1.0000 | Valid acc: 1.0000 | patience: 137 | Epoch time: 0.5 |

2023-01-07 18:15:36,782 - INFO -
| Epoch:    150 | Train loss: 0.0000 | Valid loss: 0.0000 | Train acc: 1.0000 | Valid acc: 1.0000 | patience: 138 | Epoch time: 0.5 |

2023-01-07 18:15:37,249 - INFO -
| Epoch:    151 | Train loss: 0.0000 | Valid loss: 0.0000 | Train acc: 1.0000 | Valid acc: 1.0000 | patience: 139 | Epoch time: 0.5 |

2023-01-07 18:15:37,714 - INFO -
| Epoch:    152 | Train loss: 0.0000 | Valid loss: 0.0000 | Train acc: 1.0000 | Valid acc: 1.0000 | patience: 140 | Epoch time: 0.5 |

2023-01-07 18:15:38,179 - INFO -
| Epoch:    153 | Train loss: 0.0000 | Valid loss: 0.0000 | Train acc: 1.0000 | Valid acc: 1.0000 | patience: 141 | Epoch time: 0.5 |

2023-01-07 18:15:38,644 - INFO -
| Epoch:    154 | Train loss: 0.0000 | Valid loss: 0.0000 | Train acc: 1.0000 | Valid acc: 1.0000 | patience: 142 | Epoch time: 0.5 |

2023-01-07 18:15:39,109 - INFO -
| Epoch:    155 | Train loss: 0.0000 | Valid loss: 0.0000 | Train acc: 1.0000 | Valid acc: 1.0000 | patience: 143 | Epoch time: 0.5 |

2023-01-07 18:15:39,573 - INFO -
| Epoch:    156 | Train loss: 0.0000 | Valid loss: 0.0000 | Train acc: 1.0000 | Valid acc: 1.0000 | patience: 144 | Epoch time: 0.5 |

2023-01-07 18:15:40,038 - INFO -
| Epoch:    157 | Train loss: 0.0000 | Valid loss: 0.0000 | Train acc: 1.0000 | Valid acc: 1.0000 | patience: 145 | Epoch time: 0.5 |

2023-01-07 18:15:40,503 - INFO -
| Epoch:    158 | Train loss: 0.0000 | Valid loss: 0.0000 | Train acc: 1.0000 | Valid acc: 1.0000 | patience: 146 | Epoch time: 0.5 |

2023-01-07 18:15:40,968 - INFO -
| Epoch:    159 | Train loss: 0.0000 | Valid loss: 0.0000 | Train acc: 1.0000 | Valid acc: 1.0000 | patience: 147 | Epoch time: 0.5 |

2023-01-07 18:15:41,433 - INFO -
| Epoch:    160 | Train loss: 0.0000 | Valid loss: 0.0000 | Train acc: 1.0000 | Valid acc: 1.0000 | patience: 148 | Epoch time: 0.5 |

2023-01-07 18:15:41,897 - INFO -
| Epoch:    161 | Train loss: 0.0000 | Valid loss: 0.0000 | Train acc: 1.0000 | Valid acc: 1.0000 | patience: 149 | Epoch time: 0.5 |

2023-01-07 18:15:42,363 - INFO -
| Epoch:    162 | Train loss: 0.0000 | Valid loss: 0.0000 | Train acc: 1.0000 | Valid acc: 1.0000 | patience: 150 | Epoch time: 0.5 |

2023-01-07 18:15:42,827 - INFO -
| Epoch:    163 | Train loss: 0.0000 | Valid loss: 0.0000 | Train acc: 1.0000 | Valid acc: 1.0000 | patience: 151 | Epoch time: 0.5 |

2023-01-07 18:15:43,292 - INFO -
| Epoch:    164 | Train loss: 0.0000 | Valid loss: 0.0000 | Train acc: 1.0000 | Valid acc: 1.0000 | patience: 152 | Epoch time: 0.5 |

2023-01-07 18:15:43,756 - INFO -
| Epoch:    165 | Train loss: 0.0000 | Valid loss: 0.0000 | Train acc: 1.0000 | Valid acc: 1.0000 | patience: 153 | Epoch time: 0.5 |

2023-01-07 18:15:44,221 - INFO -
| Epoch:    166 | Train loss: 0.0000 | Valid loss: 0.0000 | Train acc: 1.0000 | Valid acc: 1.0000 | patience: 154 | Epoch time: 0.5 |

2023-01-07 18:15:44,686 - INFO -
| Epoch:    167 | Train loss: 0.0000 | Valid loss: 0.0000 | Train acc: 1.0000 | Valid acc: 1.0000 | patience: 155 | Epoch time: 0.5 |

2023-01-07 18:15:45,150 - INFO -
| Epoch:    168 | Train loss: 0.0000 | Valid loss: 0.0000 | Train acc: 1.0000 | Valid acc: 1.0000 | patience: 156 | Epoch time: 0.5 |

2023-01-07 18:15:45,615 - INFO -
| Epoch:    169 | Train loss: 0.0000 | Valid loss: 0.0000 | Train acc: 1.0000 | Valid acc: 1.0000 | patience: 157 | Epoch time: 0.5 |

2023-01-07 18:15:46,079 - INFO -
| Epoch:    170 | Train loss: 0.0000 | Valid loss: 0.0000 | Train acc: 1.0000 | Valid acc: 1.0000 | patience: 158 | Epoch time: 0.5 |

2023-01-07 18:15:46,548 - INFO -
| Epoch:    171 | Train loss: 0.0000 | Valid loss: 0.0000 | Train acc: 1.0000 | Valid acc: 1.0000 | patience: 159 | Epoch time: 0.5 |

2023-01-07 18:15:47,012 - INFO -
| Epoch:    172 | Train loss: 0.0000 | Valid loss: 0.0000 | Train acc: 1.0000 | Valid acc: 1.0000 | patience: 160 | Epoch time: 0.5 |

2023-01-07 18:15:47,477 - INFO -
| Epoch:    173 | Train loss: 0.0000 | Valid loss: 0.0000 | Train acc: 1.0000 | Valid acc: 1.0000 | patience: 161 | Epoch time: 0.5 |

2023-01-07 18:15:47,942 - INFO -
| Epoch:    174 | Train loss: 0.0000 | Valid loss: 0.0000 | Train acc: 1.0000 | Valid acc: 1.0000 | patience: 162 | Epoch time: 0.5 |

2023-01-07 18:15:48,407 - INFO -
| Epoch:    175 | Train loss: 0.0000 | Valid loss: 0.0000 | Train acc: 1.0000 | Valid acc: 1.0000 | patience: 163 | Epoch time: 0.5 |

2023-01-07 18:15:48,872 - INFO -
| Epoch:    176 | Train loss: 0.0000 | Valid loss: 0.0000 | Train acc: 1.0000 | Valid acc: 1.0000 | patience: 164 | Epoch time: 0.5 |

2023-01-07 18:15:49,336 - INFO -
| Epoch:    177 | Train loss: 0.0000 | Valid loss: 0.0000 | Train acc: 1.0000 | Valid acc: 1.0000 | patience: 165 | Epoch time: 0.5 |

2023-01-07 18:15:49,801 - INFO -
| Epoch:    178 | Train loss: 0.0000 | Valid loss: 0.0000 | Train acc: 1.0000 | Valid acc: 1.0000 | patience: 166 | Epoch time: 0.5 |

2023-01-07 18:15:50,266 - INFO -
| Epoch:    179 | Train loss: 0.0000 | Valid loss: 0.0000 | Train acc: 1.0000 | Valid acc: 1.0000 | patience: 167 | Epoch time: 0.5 |

2023-01-07 18:15:50,732 - INFO -
| Epoch:    180 | Train loss: 0.0000 | Valid loss: 0.0000 | Train acc: 1.0000 | Valid acc: 1.0000 | patience: 168 | Epoch time: 0.5 |

2023-01-07 18:15:51,197 - INFO -
| Epoch:    181 | Train loss: 0.0000 | Valid loss: 0.0000 | Train acc: 1.0000 | Valid acc: 1.0000 | patience: 169 | Epoch time: 0.5 |

2023-01-07 18:15:51,663 - INFO -
| Epoch:    182 | Train loss: 0.0000 | Valid loss: 0.0000 | Train acc: 1.0000 | Valid acc: 1.0000 | patience: 170 | Epoch time: 0.5 |

2023-01-07 18:15:52,129 - INFO -
| Epoch:    183 | Train loss: 0.0000 | Valid loss: 0.0000 | Train acc: 1.0000 | Valid acc: 1.0000 | patience: 171 | Epoch time: 0.5 |

2023-01-07 18:15:52,593 - INFO -
| Epoch:    184 | Train loss: 0.0000 | Valid loss: 0.0000 | Train acc: 1.0000 | Valid acc: 1.0000 | patience: 172 | Epoch time: 0.5 |

2023-01-07 18:15:53,057 - INFO -
| Epoch:    185 | Train loss: 0.0000 | Valid loss: 0.0000 | Train acc: 1.0000 | Valid acc: 1.0000 | patience: 173 | Epoch time: 0.5 |

2023-01-07 18:15:53,521 - INFO -
| Epoch:    186 | Train loss: 0.0000 | Valid loss: 0.0000 | Train acc: 1.0000 | Valid acc: 1.0000 | patience: 174 | Epoch time: 0.5 |

2023-01-07 18:15:53,986 - INFO -
| Epoch:    187 | Train loss: 0.0000 | Valid loss: 0.0000 | Train acc: 1.0000 | Valid acc: 1.0000 | patience: 175 | Epoch time: 0.5 |

2023-01-07 18:15:54,451 - INFO -
| Epoch:    188 | Train loss: 0.0000 | Valid loss: 0.0000 | Train acc: 1.0000 | Valid acc: 1.0000 | patience: 176 | Epoch time: 0.5 |

2023-01-07 18:15:54,916 - INFO -
| Epoch:    189 | Train loss: 0.0000 | Valid loss: 0.0000 | Train acc: 1.0000 | Valid acc: 1.0000 | patience: 177 | Epoch time: 0.5 |

2023-01-07 18:15:55,380 - INFO -
| Epoch:    190 | Train loss: 0.0000 | Valid loss: 0.0000 | Train acc: 1.0000 | Valid acc: 1.0000 | patience: 178 | Epoch time: 0.5 |

2023-01-07 18:15:55,845 - INFO -
| Epoch:    191 | Train loss: 0.0000 | Valid loss: 0.0000 | Train acc: 1.0000 | Valid acc: 1.0000 | patience: 179 | Epoch time: 0.5 |

2023-01-07 18:15:56,311 - INFO -
| Epoch:    192 | Train loss: 0.0000 | Valid loss: 0.0000 | Train acc: 1.0000 | Valid acc: 1.0000 | patience: 180 | Epoch time: 0.5 |

2023-01-07 18:15:56,776 - INFO -
| Epoch:    193 | Train loss: 0.0000 | Valid loss: 0.0000 | Train acc: 1.0000 | Valid acc: 1.0000 | patience: 181 | Epoch time: 0.5 |

2023-01-07 18:15:57,241 - INFO -
| Epoch:    194 | Train loss: 0.0000 | Valid loss: 0.0000 | Train acc: 1.0000 | Valid acc: 1.0000 | patience: 182 | Epoch time: 0.5 |

2023-01-07 18:15:57,706 - INFO -
| Epoch:    195 | Train loss: 0.0000 | Valid loss: 0.0000 | Train acc: 1.0000 | Valid acc: 1.0000 | patience: 183 | Epoch time: 0.5 |

2023-01-07 18:15:58,171 - INFO -
| Epoch:    196 | Train loss: 0.0000 | Valid loss: 0.0000 | Train acc: 1.0000 | Valid acc: 1.0000 | patience: 184 | Epoch time: 0.5 |

2023-01-07 18:15:58,636 - INFO -
| Epoch:    197 | Train loss: 0.0000 | Valid loss: 0.0000 | Train acc: 1.0000 | Valid acc: 1.0000 | patience: 185 | Epoch time: 0.5 |

2023-01-07 18:15:59,100 - INFO -
| Epoch:    198 | Train loss: 0.0000 | Valid loss: 0.0000 | Train acc: 1.0000 | Valid acc: 1.0000 | patience: 186 | Epoch time: 0.5 |

2023-01-07 18:15:59,565 - INFO -
| Epoch:    199 | Train loss: 0.0000 | Valid loss: 0.0000 | Train acc: 1.0000 | Valid acc: 1.0000 | patience: 187 | Epoch time: 0.5 |

2023-01-07 18:16:00,030 - INFO -
| Epoch:    200 | Train loss: 0.0000 | Valid loss: 0.0000 | Train acc: 1.0000 | Valid acc: 1.0000 | patience: 188 | Epoch time: 0.5 |

2023-01-07 18:16:00,495 - INFO -
| Epoch:    201 | Train loss: 0.0000 | Valid loss: 0.0000 | Train acc: 1.0000 | Valid acc: 1.0000 | patience: 189 | Epoch time: 0.5 |

2023-01-07 18:16:00,959 - INFO -
| Epoch:    202 | Train loss: 0.0000 | Valid loss: 0.0000 | Train acc: 1.0000 | Valid acc: 1.0000 | patience: 190 | Epoch time: 0.5 |

2023-01-07 18:16:01,424 - INFO -
| Epoch:    203 | Train loss: 0.0000 | Valid loss: 0.0000 | Train acc: 1.0000 | Valid acc: 1.0000 | patience: 191 | Epoch time: 0.5 |

2023-01-07 18:16:01,889 - INFO -
| Epoch:    204 | Train loss: 0.0000 | Valid loss: 0.0000 | Train acc: 1.0000 | Valid acc: 1.0000 | patience: 192 | Epoch time: 0.5 |

2023-01-07 18:16:02,354 - INFO -
| Epoch:    205 | Train loss: 0.0000 | Valid loss: 0.0000 | Train acc: 1.0000 | Valid acc: 1.0000 | patience: 193 | Epoch time: 0.5 |

2023-01-07 18:16:02,819 - INFO -
| Epoch:    206 | Train loss: 0.0000 | Valid loss: 0.0000 | Train acc: 1.0000 | Valid acc: 1.0000 | patience: 194 | Epoch time: 0.5 |

2023-01-07 18:16:03,283 - INFO -
| Epoch:    207 | Train loss: 0.0000 | Valid loss: 0.0000 | Train acc: 1.0000 | Valid acc: 1.0000 | patience: 195 | Epoch time: 0.5 |

2023-01-07 18:16:03,748 - INFO -
| Epoch:    208 | Train loss: 0.0000 | Valid loss: 0.0000 | Train acc: 1.0000 | Valid acc: 1.0000 | patience: 196 | Epoch time: 0.5 |

2023-01-07 18:16:04,213 - INFO -
| Epoch:    209 | Train loss: 0.0000 | Valid loss: 0.0000 | Train acc: 1.0000 | Valid acc: 1.0000 | patience: 197 | Epoch time: 0.5 |

2023-01-07 18:16:04,678 - INFO -
| Epoch:    210 | Train loss: 0.0000 | Valid loss: 0.0000 | Train acc: 1.0000 | Valid acc: 1.0000 | patience: 198 | Epoch time: 0.5 |

2023-01-07 18:16:05,144 - INFO -
| Epoch:    211 | Train loss: 0.0000 | Valid loss: 0.0000 | Train acc: 1.0000 | Valid acc: 1.0000 | patience: 199 | Epoch time: 0.5 |

2023-01-07 18:16:05,608 - INFO -
| Epoch:    212 | Train loss: 0.0000 | Valid loss: 0.0000 | Train acc: 1.0000 | Valid acc: 1.0000 | patience: 200 | Epoch time: 0.5 |

2023-01-07 18:16:06,073 - INFO -
| Epoch:    213 | Train loss: 0.0000 | Valid loss: 0.0000 | Train acc: 1.0000 | Valid acc: 1.0000 | patience: 201 | Epoch time: 0.5 |

2023-01-07 18:16:06,537 - INFO -
| Epoch:    214 | Train loss: 0.0000 | Valid loss: 0.0000 | Train acc: 1.0000 | Valid acc: 1.0000 | patience: 202 | Epoch time: 0.5 |

2023-01-07 18:16:07,001 - INFO -
| Epoch:    215 | Train loss: 0.0000 | Valid loss: 0.0000 | Train acc: 1.0000 | Valid acc: 1.0000 | patience: 203 | Epoch time: 0.5 |

2023-01-07 18:16:07,466 - INFO -
| Epoch:    216 | Train loss: 0.0000 | Valid loss: 0.0000 | Train acc: 1.0000 | Valid acc: 1.0000 | patience: 204 | Epoch time: 0.5 |

2023-01-07 18:16:07,931 - INFO -
| Epoch:    217 | Train loss: 0.0000 | Valid loss: 0.0000 | Train acc: 1.0000 | Valid acc: 1.0000 | patience: 205 | Epoch time: 0.5 |

2023-01-07 18:16:08,395 - INFO -
| Epoch:    218 | Train loss: 0.0000 | Valid loss: 0.0000 | Train acc: 1.0000 | Valid acc: 1.0000 | patience: 206 | Epoch time: 0.5 |

2023-01-07 18:16:08,860 - INFO -
| Epoch:    219 | Train loss: 0.0000 | Valid loss: 0.0000 | Train acc: 1.0000 | Valid acc: 1.0000 | patience: 207 | Epoch time: 0.5 |

2023-01-07 18:16:09,326 - INFO -
| Epoch:    220 | Train loss: 0.0000 | Valid loss: 0.0000 | Train acc: 1.0000 | Valid acc: 1.0000 | patience: 208 | Epoch time: 0.5 |

2023-01-07 18:16:09,792 - INFO -
| Epoch:    221 | Train loss: 0.0000 | Valid loss: 0.0000 | Train acc: 1.0000 | Valid acc: 1.0000 | patience: 209 | Epoch time: 0.5 |

2023-01-07 18:16:10,257 - INFO -
| Epoch:    222 | Train loss: 0.0000 | Valid loss: 0.0000 | Train acc: 1.0000 | Valid acc: 1.0000 | patience: 210 | Epoch time: 0.5 |

2023-01-07 18:16:10,721 - INFO -
| Epoch:    223 | Train loss: 0.0000 | Valid loss: 0.0000 | Train acc: 1.0000 | Valid acc: 1.0000 | patience: 211 | Epoch time: 0.5 |

2023-01-07 18:16:11,186 - INFO -
| Epoch:    224 | Train loss: 0.0000 | Valid loss: 0.0000 | Train acc: 1.0000 | Valid acc: 1.0000 | patience: 212 | Epoch time: 0.5 |

2023-01-07 18:16:11,650 - INFO -
| Epoch:    225 | Train loss: 0.0000 | Valid loss: 0.0000 | Train acc: 1.0000 | Valid acc: 1.0000 | patience: 213 | Epoch time: 0.5 |

2023-01-07 18:16:12,115 - INFO -
| Epoch:    226 | Train loss: 0.0000 | Valid loss: 0.0000 | Train acc: 1.0000 | Valid acc: 1.0000 | patience: 214 | Epoch time: 0.5 |

2023-01-07 18:16:12,579 - INFO -
| Epoch:    227 | Train loss: 0.0000 | Valid loss: 0.0000 | Train acc: 1.0000 | Valid acc: 1.0000 | patience: 215 | Epoch time: 0.5 |

2023-01-07 18:16:13,044 - INFO -
| Epoch:    228 | Train loss: 0.0000 | Valid loss: 0.0000 | Train acc: 1.0000 | Valid acc: 1.0000 | patience: 216 | Epoch time: 0.5 |

2023-01-07 18:16:13,511 - INFO -
| Epoch:    229 | Train loss: 0.0000 | Valid loss: 0.0000 | Train acc: 1.0000 | Valid acc: 1.0000 | patience: 217 | Epoch time: 0.5 |

2023-01-07 18:16:13,976 - INFO -
| Epoch:    230 | Train loss: 0.0000 | Valid loss: 0.0000 | Train acc: 1.0000 | Valid acc: 1.0000 | patience: 218 | Epoch time: 0.5 |

2023-01-07 18:16:14,440 - INFO -
| Epoch:    231 | Train loss: 0.0000 | Valid loss: 0.0000 | Train acc: 1.0000 | Valid acc: 1.0000 | patience: 219 | Epoch time: 0.5 |

2023-01-07 18:16:14,905 - INFO -
| Epoch:    232 | Train loss: 0.0000 | Valid loss: 0.0000 | Train acc: 1.0000 | Valid acc: 1.0000 | patience: 220 | Epoch time: 0.5 |

2023-01-07 18:16:15,370 - INFO -
| Epoch:    233 | Train loss: 0.0000 | Valid loss: 0.0000 | Train acc: 1.0000 | Valid acc: 1.0000 | patience: 221 | Epoch time: 0.5 |

2023-01-07 18:16:15,835 - INFO -
| Epoch:    234 | Train loss: 0.0000 | Valid loss: 0.0000 | Train acc: 1.0000 | Valid acc: 1.0000 | patience: 222 | Epoch time: 0.5 |

2023-01-07 18:16:16,299 - INFO -
| Epoch:    235 | Train loss: 0.0000 | Valid loss: 0.0000 | Train acc: 1.0000 | Valid acc: 1.0000 | patience: 223 | Epoch time: 0.5 |

2023-01-07 18:16:16,764 - INFO -
| Epoch:    236 | Train loss: 0.0000 | Valid loss: 0.0000 | Train acc: 1.0000 | Valid acc: 1.0000 | patience: 224 | Epoch time: 0.5 |

2023-01-07 18:16:17,228 - INFO -
| Epoch:    237 | Train loss: 0.0000 | Valid loss: 0.0000 | Train acc: 1.0000 | Valid acc: 1.0000 | patience: 225 | Epoch time: 0.5 |

2023-01-07 18:16:17,693 - INFO -
| Epoch:    238 | Train loss: 0.0000 | Valid loss: 0.0000 | Train acc: 1.0000 | Valid acc: 1.0000 | patience: 226 | Epoch time: 0.5 |

2023-01-07 18:16:18,158 - INFO -
| Epoch:    239 | Train loss: 0.0000 | Valid loss: 0.0000 | Train acc: 1.0000 | Valid acc: 1.0000 | patience: 227 | Epoch time: 0.5 |

2023-01-07 18:16:18,626 - INFO -
| Epoch:    240 | Train loss: 0.0000 | Valid loss: 0.0000 | Train acc: 1.0000 | Valid acc: 1.0000 | patience: 228 | Epoch time: 0.5 |

2023-01-07 18:16:19,092 - INFO -
| Epoch:    241 | Train loss: 0.0000 | Valid loss: 0.0000 | Train acc: 1.0000 | Valid acc: 1.0000 | patience: 229 | Epoch time: 0.5 |

2023-01-07 18:16:19,556 - INFO -
| Epoch:    242 | Train loss: 0.0000 | Valid loss: 0.0000 | Train acc: 1.0000 | Valid acc: 1.0000 | patience: 230 | Epoch time: 0.5 |

2023-01-07 18:16:20,020 - INFO -
| Epoch:    243 | Train loss: 0.0000 | Valid loss: 0.0000 | Train acc: 1.0000 | Valid acc: 1.0000 | patience: 231 | Epoch time: 0.5 |

2023-01-07 18:16:20,485 - INFO -
| Epoch:    244 | Train loss: 0.0000 | Valid loss: 0.0000 | Train acc: 1.0000 | Valid acc: 1.0000 | patience: 232 | Epoch time: 0.5 |

2023-01-07 18:16:20,950 - INFO -
| Epoch:    245 | Train loss: 0.0000 | Valid loss: 0.0000 | Train acc: 1.0000 | Valid acc: 1.0000 | patience: 233 | Epoch time: 0.5 |

2023-01-07 18:16:21,415 - INFO -
| Epoch:    246 | Train loss: 0.0000 | Valid loss: 0.0000 | Train acc: 1.0000 | Valid acc: 1.0000 | patience: 234 | Epoch time: 0.5 |

2023-01-07 18:16:21,880 - INFO -
| Epoch:    247 | Train loss: 0.0000 | Valid loss: 0.0000 | Train acc: 1.0000 | Valid acc: 1.0000 | patience: 235 | Epoch time: 0.5 |

2023-01-07 18:16:22,344 - INFO -
| Epoch:    248 | Train loss: 0.0000 | Valid loss: 0.0000 | Train acc: 1.0000 | Valid acc: 1.0000 | patience: 236 | Epoch time: 0.5 |

2023-01-07 18:16:22,810 - INFO -
| Epoch:    249 | Train loss: 0.0000 | Valid loss: 0.0000 | Train acc: 1.0000 | Valid acc: 1.0000 | patience: 237 | Epoch time: 0.5 |

2023-01-07 18:16:23,275 - INFO -
| Epoch:    250 | Train loss: 0.0000 | Valid loss: 0.0000 | Train acc: 1.0000 | Valid acc: 1.0000 | patience: 238 | Epoch time: 0.5 |

2023-01-07 18:16:23,741 - INFO -
| Epoch:    251 | Train loss: 0.0000 | Valid loss: 0.0000 | Train acc: 1.0000 | Valid acc: 1.0000 | patience: 239 | Epoch time: 0.5 |

2023-01-07 18:16:24,206 - INFO -
| Epoch:    252 | Train loss: 0.0000 | Valid loss: 0.0000 | Train acc: 1.0000 | Valid acc: 1.0000 | patience: 240 | Epoch time: 0.5 |

2023-01-07 18:16:24,671 - INFO -
| Epoch:    253 | Train loss: 0.0000 | Valid loss: 0.0000 | Train acc: 1.0000 | Valid acc: 1.0000 | patience: 241 | Epoch time: 0.5 |

2023-01-07 18:16:25,135 - INFO -
| Epoch:    254 | Train loss: 0.0000 | Valid loss: 0.0000 | Train acc: 1.0000 | Valid acc: 1.0000 | patience: 242 | Epoch time: 0.5 |

2023-01-07 18:16:25,599 - INFO -
| Epoch:    255 | Train loss: 0.0000 | Valid loss: 0.0000 | Train acc: 1.0000 | Valid acc: 1.0000 | patience: 243 | Epoch time: 0.5 |

2023-01-07 18:16:26,063 - INFO -
| Epoch:    256 | Train loss: 0.0000 | Valid loss: 0.0000 | Train acc: 1.0000 | Valid acc: 1.0000 | patience: 244 | Epoch time: 0.5 |

2023-01-07 18:16:26,527 - INFO -
| Epoch:    257 | Train loss: 0.0000 | Valid loss: 0.0000 | Train acc: 1.0000 | Valid acc: 1.0000 | patience: 245 | Epoch time: 0.5 |

2023-01-07 18:16:26,992 - INFO -
| Epoch:    258 | Train loss: 0.0000 | Valid loss: 0.0000 | Train acc: 1.0000 | Valid acc: 1.0000 | patience: 246 | Epoch time: 0.5 |

2023-01-07 18:16:27,456 - INFO -
| Epoch:    259 | Train loss: 0.0000 | Valid loss: 0.0000 | Train acc: 1.0000 | Valid acc: 1.0000 | patience: 247 | Epoch time: 0.5 |

2023-01-07 18:16:27,920 - INFO -
| Epoch:    260 | Train loss: 0.0000 | Valid loss: 0.0000 | Train acc: 1.0000 | Valid acc: 1.0000 | patience: 248 | Epoch time: 0.5 |

2023-01-07 18:16:28,386 - INFO -
| Epoch:    261 | Train loss: 0.0000 | Valid loss: 0.0000 | Train acc: 1.0000 | Valid acc: 1.0000 | patience: 249 | Epoch time: 0.5 |

2023-01-07 18:16:28,849 - INFO -
| Epoch:    262 | Train loss: 0.0000 | Valid loss: 0.0000 | Train acc: 1.0000 | Valid acc: 1.0000 | patience: 250 | Epoch time: 0.5 |

2023-01-07 18:16:29,313 - INFO -
| Epoch:    263 | Train loss: 0.0000 | Valid loss: 0.0000 | Train acc: 1.0000 | Valid acc: 1.0000 | patience: 251 | Epoch time: 0.5 |

2023-01-07 18:16:29,778 - INFO -
| Epoch:    264 | Train loss: 0.0000 | Valid loss: 0.0000 | Train acc: 1.0000 | Valid acc: 1.0000 | patience: 252 | Epoch time: 0.5 |

2023-01-07 18:16:30,242 - INFO -
| Epoch:    265 | Train loss: 0.0000 | Valid loss: 0.0000 | Train acc: 1.0000 | Valid acc: 1.0000 | patience: 253 | Epoch time: 0.5 |

2023-01-07 18:16:30,706 - INFO -
| Epoch:    266 | Train loss: 0.0000 | Valid loss: 0.0000 | Train acc: 1.0000 | Valid acc: 1.0000 | patience: 254 | Epoch time: 0.5 |

2023-01-07 18:16:31,170 - INFO -
| Epoch:    267 | Train loss: 0.0000 | Valid loss: 0.0000 | Train acc: 1.0000 | Valid acc: 1.0000 | patience: 255 | Epoch time: 0.5 |

2023-01-07 18:16:31,635 - INFO -
| Epoch:    268 | Train loss: 0.0000 | Valid loss: 0.0000 | Train acc: 1.0000 | Valid acc: 1.0000 | patience: 256 | Epoch time: 0.5 |

2023-01-07 18:16:32,099 - INFO -
| Epoch:    269 | Train loss: 0.0000 | Valid loss: 0.0000 | Train acc: 1.0000 | Valid acc: 1.0000 | patience: 257 | Epoch time: 0.5 |

2023-01-07 18:16:32,563 - INFO -
| Epoch:    270 | Train loss: 0.0000 | Valid loss: 0.0000 | Train acc: 1.0000 | Valid acc: 1.0000 | patience: 258 | Epoch time: 0.5 |

2023-01-07 18:16:33,028 - INFO -
| Epoch:    271 | Train loss: 0.0000 | Valid loss: 0.0000 | Train acc: 1.0000 | Valid acc: 1.0000 | patience: 259 | Epoch time: 0.5 |

2023-01-07 18:16:33,494 - INFO -
| Epoch:    272 | Train loss: 0.0000 | Valid loss: 0.0000 | Train acc: 1.0000 | Valid acc: 1.0000 | patience: 260 | Epoch time: 0.5 |

2023-01-07 18:16:33,959 - INFO -
| Epoch:    273 | Train loss: 0.0000 | Valid loss: 0.0000 | Train acc: 1.0000 | Valid acc: 1.0000 | patience: 261 | Epoch time: 0.5 |

2023-01-07 18:16:34,423 - INFO -
| Epoch:    274 | Train loss: 0.0000 | Valid loss: 0.0000 | Train acc: 1.0000 | Valid acc: 1.0000 | patience: 262 | Epoch time: 0.5 |

2023-01-07 18:16:34,887 - INFO -
| Epoch:    275 | Train loss: 0.0000 | Valid loss: 0.0000 | Train acc: 1.0000 | Valid acc: 1.0000 | patience: 263 | Epoch time: 0.5 |

2023-01-07 18:16:35,352 - INFO -
| Epoch:    276 | Train loss: 0.0000 | Valid loss: 0.0000 | Train acc: 1.0000 | Valid acc: 1.0000 | patience: 264 | Epoch time: 0.5 |

2023-01-07 18:16:35,816 - INFO -
| Epoch:    277 | Train loss: 0.0000 | Valid loss: 0.0000 | Train acc: 1.0000 | Valid acc: 1.0000 | patience: 265 | Epoch time: 0.5 |

2023-01-07 18:16:36,280 - INFO -
| Epoch:    278 | Train loss: 0.0000 | Valid loss: 0.0000 | Train acc: 1.0000 | Valid acc: 1.0000 | patience: 266 | Epoch time: 0.5 |

2023-01-07 18:16:36,744 - INFO -
| Epoch:    279 | Train loss: 0.0000 | Valid loss: 0.0000 | Train acc: 1.0000 | Valid acc: 1.0000 | patience: 267 | Epoch time: 0.5 |

2023-01-07 18:16:37,208 - INFO -
| Epoch:    280 | Train loss: 0.0000 | Valid loss: 0.0000 | Train acc: 1.0000 | Valid acc: 1.0000 | patience: 268 | Epoch time: 0.5 |

2023-01-07 18:16:37,672 - INFO -
| Epoch:    281 | Train loss: 0.0000 | Valid loss: 0.0000 | Train acc: 1.0000 | Valid acc: 1.0000 | patience: 269 | Epoch time: 0.5 |

2023-01-07 18:16:38,137 - INFO -
| Epoch:    282 | Train loss: 0.0000 | Valid loss: 0.0000 | Train acc: 1.0000 | Valid acc: 1.0000 | patience: 270 | Epoch time: 0.5 |

2023-01-07 18:16:38,603 - INFO -
| Epoch:    283 | Train loss: 0.0000 | Valid loss: 0.0000 | Train acc: 1.0000 | Valid acc: 1.0000 | patience: 271 | Epoch time: 0.5 |

2023-01-07 18:16:39,067 - INFO -
| Epoch:    284 | Train loss: 0.0000 | Valid loss: 0.0000 | Train acc: 1.0000 | Valid acc: 1.0000 | patience: 272 | Epoch time: 0.5 |

2023-01-07 18:16:39,532 - INFO -
| Epoch:    285 | Train loss: 0.0000 | Valid loss: 0.0000 | Train acc: 1.0000 | Valid acc: 1.0000 | patience: 273 | Epoch time: 0.5 |

2023-01-07 18:16:39,997 - INFO -
| Epoch:    286 | Train loss: 0.0000 | Valid loss: 0.0000 | Train acc: 1.0000 | Valid acc: 1.0000 | patience: 274 | Epoch time: 0.5 |

2023-01-07 18:16:40,463 - INFO -
| Epoch:    287 | Train loss: 0.0000 | Valid loss: 0.0000 | Train acc: 1.0000 | Valid acc: 1.0000 | patience: 275 | Epoch time: 0.5 |

2023-01-07 18:16:40,929 - INFO -
| Epoch:    288 | Train loss: 0.0000 | Valid loss: 0.0000 | Train acc: 1.0000 | Valid acc: 1.0000 | patience: 276 | Epoch time: 0.5 |

2023-01-07 18:16:41,393 - INFO -
| Epoch:    289 | Train loss: 0.0000 | Valid loss: 0.0000 | Train acc: 1.0000 | Valid acc: 1.0000 | patience: 277 | Epoch time: 0.5 |

2023-01-07 18:16:41,858 - INFO -
| Epoch:    290 | Train loss: 0.0000 | Valid loss: 0.0000 | Train acc: 1.0000 | Valid acc: 1.0000 | patience: 278 | Epoch time: 0.5 |

2023-01-07 18:16:42,322 - INFO -
| Epoch:    291 | Train loss: 0.0000 | Valid loss: 0.0000 | Train acc: 1.0000 | Valid acc: 1.0000 | patience: 279 | Epoch time: 0.5 |

2023-01-07 18:16:42,786 - INFO -
| Epoch:    292 | Train loss: 0.0000 | Valid loss: 0.0000 | Train acc: 1.0000 | Valid acc: 1.0000 | patience: 280 | Epoch time: 0.5 |

2023-01-07 18:16:43,250 - INFO -
| Epoch:    293 | Train loss: 0.0000 | Valid loss: 0.0000 | Train acc: 1.0000 | Valid acc: 1.0000 | patience: 281 | Epoch time: 0.5 |

2023-01-07 18:16:43,714 - INFO -
| Epoch:    294 | Train loss: 0.0000 | Valid loss: 0.0000 | Train acc: 1.0000 | Valid acc: 1.0000 | patience: 282 | Epoch time: 0.5 |

2023-01-07 18:16:44,179 - INFO -
| Epoch:    295 | Train loss: 0.0000 | Valid loss: 0.0000 | Train acc: 1.0000 | Valid acc: 1.0000 | patience: 283 | Epoch time: 0.5 |

2023-01-07 18:16:44,643 - INFO -
| Epoch:    296 | Train loss: 0.0000 | Valid loss: 0.0000 | Train acc: 1.0000 | Valid acc: 1.0000 | patience: 284 | Epoch time: 0.5 |

2023-01-07 18:16:45,108 - INFO -
| Epoch:    297 | Train loss: 0.0000 | Valid loss: 0.0000 | Train acc: 1.0000 | Valid acc: 1.0000 | patience: 285 | Epoch time: 0.5 |

2023-01-07 18:16:45,573 - INFO -
| Epoch:    298 | Train loss: 0.0000 | Valid loss: 0.0000 | Train acc: 1.0000 | Valid acc: 1.0000 | patience: 286 | Epoch time: 0.5 |

2023-01-07 18:16:46,038 - INFO -
| Epoch:    299 | Train loss: 0.0000 | Valid loss: 0.0000 | Train acc: 1.0000 | Valid acc: 1.0000 | patience: 287 | Epoch time: 0.5 |

2023-01-07 18:16:46,504 - INFO -
| Epoch:    300 | Train loss: 0.0000 | Valid loss: 0.0000 | Train acc: 1.0000 | Valid acc: 1.0000 | patience: 288 | Epoch time: 0.5 |

2023-01-07 18:16:46,969 - INFO -
| Epoch:    301 | Train loss: 0.0000 | Valid loss: 0.0000 | Train acc: 1.0000 | Valid acc: 1.0000 | patience: 289 | Epoch time: 0.5 |

2023-01-07 18:16:47,433 - INFO -
| Epoch:    302 | Train loss: 0.0000 | Valid loss: 0.0000 | Train acc: 1.0000 | Valid acc: 1.0000 | patience: 290 | Epoch time: 0.5 |

2023-01-07 18:16:47,898 - INFO -
| Epoch:    303 | Train loss: 0.0000 | Valid loss: 0.0000 | Train acc: 1.0000 | Valid acc: 1.0000 | patience: 291 | Epoch time: 0.5 |

2023-01-07 18:16:48,362 - INFO -
| Epoch:    304 | Train loss: 0.0000 | Valid loss: 0.0000 | Train acc: 1.0000 | Valid acc: 1.0000 | patience: 292 | Epoch time: 0.5 |

2023-01-07 18:16:48,826 - INFO -
| Epoch:    305 | Train loss: 0.0000 | Valid loss: 0.0000 | Train acc: 1.0000 | Valid acc: 1.0000 | patience: 293 | Epoch time: 0.5 |

2023-01-07 18:16:49,290 - INFO -
| Epoch:    306 | Train loss: 0.0000 | Valid loss: 0.0000 | Train acc: 1.0000 | Valid acc: 1.0000 | patience: 294 | Epoch time: 0.5 |

2023-01-07 18:16:49,753 - INFO -
| Epoch:    307 | Train loss: 0.0000 | Valid loss: 0.0000 | Train acc: 1.0000 | Valid acc: 1.0000 | patience: 295 | Epoch time: 0.5 |

2023-01-07 18:16:50,218 - INFO -
| Epoch:    308 | Train loss: 0.0000 | Valid loss: 0.0000 | Train acc: 1.0000 | Valid acc: 1.0000 | patience: 296 | Epoch time: 0.5 |

2023-01-07 18:16:50,682 - INFO -
| Epoch:    309 | Train loss: 0.0000 | Valid loss: 0.0000 | Train acc: 1.0000 | Valid acc: 1.0000 | patience: 297 | Epoch time: 0.5 |

2023-01-07 18:16:51,146 - INFO -
| Epoch:    310 | Train loss: 0.0000 | Valid loss: 0.0000 | Train acc: 1.0000 | Valid acc: 1.0000 | patience: 298 | Epoch time: 0.5 |

2023-01-07 18:16:51,610 - INFO -
| Epoch:    311 | Train loss: 0.0000 | Valid loss: 0.0000 | Train acc: 1.0000 | Valid acc: 1.0000 | patience: 299 | Epoch time: 0.5 |

2023-01-07 18:16:52,074 - INFO -
| Epoch:    312 | Train loss: 0.0000 | Valid loss: 0.0000 | Train acc: 1.0000 | Valid acc: 1.0000 | patience: 300 | Epoch time: 0.5 |

2023-01-07 18:16:52,538 - INFO -
| Epoch:    313 | Train loss: 0.0000 | Valid loss: 0.0000 | Train acc: 1.0000 | Valid acc: 1.0000 | patience: 301 | Epoch time: 0.5 |

2023-01-07 18:16:53,002 - INFO -
| Epoch:    314 | Train loss: 0.0000 | Valid loss: 0.0000 | Train acc: 1.0000 | Valid acc: 1.0000 | patience: 302 | Epoch time: 0.5 |

2023-01-07 18:16:53,466 - INFO -
| Epoch:    315 | Train loss: 0.0000 | Valid loss: 0.0000 | Train acc: 1.0000 | Valid acc: 1.0000 | patience: 303 | Epoch time: 0.5 |

2023-01-07 18:16:53,931 - INFO -
| Epoch:    316 | Train loss: 0.0000 | Valid loss: 0.0000 | Train acc: 1.0000 | Valid acc: 1.0000 | patience: 304 | Epoch time: 0.5 |

2023-01-07 18:16:54,395 - INFO -
| Epoch:    317 | Train loss: 0.0000 | Valid loss: 0.0000 | Train acc: 1.0000 | Valid acc: 1.0000 | patience: 305 | Epoch time: 0.5 |

2023-01-07 18:16:54,860 - INFO -
| Epoch:    318 | Train loss: 0.0000 | Valid loss: 0.0000 | Train acc: 1.0000 | Valid acc: 1.0000 | patience: 306 | Epoch time: 0.5 |

2023-01-07 18:16:55,324 - INFO -
| Epoch:    319 | Train loss: 0.0000 | Valid loss: 0.0000 | Train acc: 1.0000 | Valid acc: 1.0000 | patience: 307 | Epoch time: 0.5 |

2023-01-07 18:16:55,788 - INFO -
| Epoch:    320 | Train loss: 0.0000 | Valid loss: 0.0000 | Train acc: 1.0000 | Valid acc: 1.0000 | patience: 308 | Epoch time: 0.5 |

2023-01-07 18:16:56,252 - INFO -
| Epoch:    321 | Train loss: 0.0000 | Valid loss: 0.0000 | Train acc: 1.0000 | Valid acc: 1.0000 | patience: 309 | Epoch time: 0.5 |

2023-01-07 18:16:56,717 - INFO -
| Epoch:    322 | Train loss: 0.0000 | Valid loss: 0.0000 | Train acc: 1.0000 | Valid acc: 1.0000 | patience: 310 | Epoch time: 0.5 |

2023-01-07 18:16:57,182 - INFO -
| Epoch:    323 | Train loss: 0.0000 | Valid loss: 0.0000 | Train acc: 1.0000 | Valid acc: 1.0000 | patience: 311 | Epoch time: 0.5 |

2023-01-07 18:16:57,647 - INFO -
| Epoch:    324 | Train loss: 0.0000 | Valid loss: 0.0000 | Train acc: 1.0000 | Valid acc: 1.0000 | patience: 312 | Epoch time: 0.5 |

2023-01-07 18:16:58,111 - INFO -
| Epoch:    325 | Train loss: 0.0000 | Valid loss: 0.0000 | Train acc: 1.0000 | Valid acc: 1.0000 | patience: 313 | Epoch time: 0.5 |

2023-01-07 18:16:58,576 - INFO -
| Epoch:    326 | Train loss: 0.0000 | Valid loss: 0.0000 | Train acc: 1.0000 | Valid acc: 1.0000 | patience: 314 | Epoch time: 0.5 |

2023-01-07 18:16:59,040 - INFO -
| Epoch:    327 | Train loss: 0.0000 | Valid loss: 0.0000 | Train acc: 1.0000 | Valid acc: 1.0000 | patience: 315 | Epoch time: 0.5 |

2023-01-07 18:16:59,504 - INFO -
| Epoch:    328 | Train loss: 0.0000 | Valid loss: 0.0000 | Train acc: 1.0000 | Valid acc: 1.0000 | patience: 316 | Epoch time: 0.5 |

2023-01-07 18:16:59,968 - INFO -
| Epoch:    329 | Train loss: 0.0000 | Valid loss: 0.0000 | Train acc: 1.0000 | Valid acc: 1.0000 | patience: 317 | Epoch time: 0.5 |

2023-01-07 18:17:00,434 - INFO -
| Epoch:    330 | Train loss: 0.0000 | Valid loss: 0.0000 | Train acc: 1.0000 | Valid acc: 1.0000 | patience: 318 | Epoch time: 0.5 |

2023-01-07 18:17:00,898 - INFO -
| Epoch:    331 | Train loss: 0.0000 | Valid loss: 0.0000 | Train acc: 1.0000 | Valid acc: 1.0000 | patience: 319 | Epoch time: 0.5 |

2023-01-07 18:17:01,362 - INFO -
| Epoch:    332 | Train loss: 0.0000 | Valid loss: 0.0000 | Train acc: 1.0000 | Valid acc: 1.0000 | patience: 320 | Epoch time: 0.5 |

2023-01-07 18:17:01,826 - INFO -
| Epoch:    333 | Train loss: 0.0000 | Valid loss: 0.0000 | Train acc: 1.0000 | Valid acc: 1.0000 | patience: 321 | Epoch time: 0.5 |

2023-01-07 18:17:02,290 - INFO -
| Epoch:    334 | Train loss: 0.0000 | Valid loss: 0.0000 | Train acc: 1.0000 | Valid acc: 1.0000 | patience: 322 | Epoch time: 0.5 |

2023-01-07 18:17:02,754 - INFO -
| Epoch:    335 | Train loss: 0.0000 | Valid loss: 0.0000 | Train acc: 1.0000 | Valid acc: 1.0000 | patience: 323 | Epoch time: 0.5 |

2023-01-07 18:17:03,218 - INFO -
| Epoch:    336 | Train loss: 0.0000 | Valid loss: 0.0000 | Train acc: 1.0000 | Valid acc: 1.0000 | patience: 324 | Epoch time: 0.5 |

2023-01-07 18:17:03,683 - INFO -
| Epoch:    337 | Train loss: 0.0000 | Valid loss: 0.0000 | Train acc: 1.0000 | Valid acc: 1.0000 | patience: 325 | Epoch time: 0.5 |

2023-01-07 18:17:04,147 - INFO -
| Epoch:    338 | Train loss: 0.0000 | Valid loss: 0.0000 | Train acc: 1.0000 | Valid acc: 1.0000 | patience: 326 | Epoch time: 0.5 |

2023-01-07 18:17:04,612 - INFO -
| Epoch:    339 | Train loss: 0.0000 | Valid loss: 0.0000 | Train acc: 1.0000 | Valid acc: 1.0000 | patience: 327 | Epoch time: 0.5 |

2023-01-07 18:17:05,077 - INFO -
| Epoch:    340 | Train loss: 0.0000 | Valid loss: 0.0000 | Train acc: 1.0000 | Valid acc: 1.0000 | patience: 328 | Epoch time: 0.5 |

2023-01-07 18:17:05,543 - INFO -
| Epoch:    341 | Train loss: 0.0000 | Valid loss: 0.0000 | Train acc: 1.0000 | Valid acc: 1.0000 | patience: 329 | Epoch time: 0.5 |

2023-01-07 18:17:06,007 - INFO -
| Epoch:    342 | Train loss: 0.0000 | Valid loss: 0.0000 | Train acc: 1.0000 | Valid acc: 1.0000 | patience: 330 | Epoch time: 0.5 |

2023-01-07 18:17:06,471 - INFO -
| Epoch:    343 | Train loss: 0.0000 | Valid loss: 0.0000 | Train acc: 1.0000 | Valid acc: 1.0000 | patience: 331 | Epoch time: 0.5 |

2023-01-07 18:17:06,936 - INFO -
| Epoch:    344 | Train loss: 0.0000 | Valid loss: 0.0000 | Train acc: 1.0000 | Valid acc: 1.0000 | patience: 332 | Epoch time: 0.5 |

2023-01-07 18:17:07,400 - INFO -
| Epoch:    345 | Train loss: 0.0000 | Valid loss: 0.0000 | Train acc: 1.0000 | Valid acc: 1.0000 | patience: 333 | Epoch time: 0.5 |

2023-01-07 18:17:07,863 - INFO -
| Epoch:    346 | Train loss: 0.0000 | Valid loss: 0.0000 | Train acc: 1.0000 | Valid acc: 1.0000 | patience: 334 | Epoch time: 0.5 |

2023-01-07 18:17:08,327 - INFO -
| Epoch:    347 | Train loss: 0.0000 | Valid loss: 0.0000 | Train acc: 1.0000 | Valid acc: 1.0000 | patience: 335 | Epoch time: 0.5 |

2023-01-07 18:17:08,792 - INFO -
| Epoch:    348 | Train loss: 0.0000 | Valid loss: 0.0000 | Train acc: 1.0000 | Valid acc: 1.0000 | patience: 336 | Epoch time: 0.5 |

2023-01-07 18:17:09,256 - INFO -
| Epoch:    349 | Train loss: 0.0000 | Valid loss: 0.0000 | Train acc: 1.0000 | Valid acc: 1.0000 | patience: 337 | Epoch time: 0.5 |

2023-01-07 18:17:09,721 - INFO -
| Epoch:    350 | Train loss: 0.0000 | Valid loss: 0.0000 | Train acc: 1.0000 | Valid acc: 1.0000 | patience: 338 | Epoch time: 0.5 |

2023-01-07 18:17:10,185 - INFO -
| Epoch:    351 | Train loss: 0.0000 | Valid loss: 0.0000 | Train acc: 1.0000 | Valid acc: 1.0000 | patience: 339 | Epoch time: 0.5 |

2023-01-07 18:17:10,650 - INFO -
| Epoch:    352 | Train loss: 0.0000 | Valid loss: 0.0000 | Train acc: 1.0000 | Valid acc: 1.0000 | patience: 340 | Epoch time: 0.5 |

2023-01-07 18:17:11,113 - INFO -
| Epoch:    353 | Train loss: 0.0000 | Valid loss: 0.0000 | Train acc: 1.0000 | Valid acc: 1.0000 | patience: 341 | Epoch time: 0.5 |

2023-01-07 18:17:11,578 - INFO -
| Epoch:    354 | Train loss: 0.0000 | Valid loss: 0.0000 | Train acc: 1.0000 | Valid acc: 1.0000 | patience: 342 | Epoch time: 0.5 |

2023-01-07 18:17:12,043 - INFO -
| Epoch:    355 | Train loss: 0.0000 | Valid loss: 0.0000 | Train acc: 1.0000 | Valid acc: 1.0000 | patience: 343 | Epoch time: 0.5 |

2023-01-07 18:17:12,507 - INFO -
| Epoch:    356 | Train loss: 0.0000 | Valid loss: 0.0000 | Train acc: 1.0000 | Valid acc: 1.0000 | patience: 344 | Epoch time: 0.5 |

2023-01-07 18:17:12,971 - INFO -
| Epoch:    357 | Train loss: 0.0000 | Valid loss: 0.0000 | Train acc: 1.0000 | Valid acc: 1.0000 | patience: 345 | Epoch time: 0.5 |

2023-01-07 18:17:13,436 - INFO -
| Epoch:    358 | Train loss: 0.0000 | Valid loss: 0.0000 | Train acc: 1.0000 | Valid acc: 1.0000 | patience: 346 | Epoch time: 0.5 |

2023-01-07 18:17:13,900 - INFO -
| Epoch:    359 | Train loss: 0.0000 | Valid loss: 0.0000 | Train acc: 1.0000 | Valid acc: 1.0000 | patience: 347 | Epoch time: 0.5 |

2023-01-07 18:17:14,364 - INFO -
| Epoch:    360 | Train loss: 0.0000 | Valid loss: 0.0000 | Train acc: 1.0000 | Valid acc: 1.0000 | patience: 348 | Epoch time: 0.5 |

2023-01-07 18:17:14,828 - INFO -
| Epoch:    361 | Train loss: 0.0000 | Valid loss: 0.0000 | Train acc: 1.0000 | Valid acc: 1.0000 | patience: 349 | Epoch time: 0.5 |

2023-01-07 18:17:15,293 - INFO -
| Epoch:    362 | Train loss: 0.0000 | Valid loss: 0.0000 | Train acc: 1.0000 | Valid acc: 1.0000 | patience: 350 | Epoch time: 0.5 |

2023-01-07 18:17:15,757 - INFO -
| Epoch:    363 | Train loss: 0.0000 | Valid loss: 0.0000 | Train acc: 1.0000 | Valid acc: 1.0000 | patience: 351 | Epoch time: 0.5 |

2023-01-07 18:17:16,222 - INFO -
| Epoch:    364 | Train loss: 0.0000 | Valid loss: 0.0000 | Train acc: 1.0000 | Valid acc: 1.0000 | patience: 352 | Epoch time: 0.5 |

2023-01-07 18:17:16,686 - INFO -
| Epoch:    365 | Train loss: 0.0000 | Valid loss: 0.0000 | Train acc: 1.0000 | Valid acc: 1.0000 | patience: 353 | Epoch time: 0.5 |

2023-01-07 18:17:17,151 - INFO -
| Epoch:    366 | Train loss: 0.0000 | Valid loss: 0.0000 | Train acc: 1.0000 | Valid acc: 1.0000 | patience: 354 | Epoch time: 0.5 |

2023-01-07 18:17:17,616 - INFO -
| Epoch:    367 | Train loss: 0.0000 | Valid loss: 0.0000 | Train acc: 1.0000 | Valid acc: 1.0000 | patience: 355 | Epoch time: 0.5 |

2023-01-07 18:17:18,080 - INFO -
| Epoch:    368 | Train loss: 0.0000 | Valid loss: 0.0000 | Train acc: 1.0000 | Valid acc: 1.0000 | patience: 356 | Epoch time: 0.5 |

2023-01-07 18:17:18,546 - INFO -
| Epoch:    369 | Train loss: 0.0000 | Valid loss: 0.0000 | Train acc: 1.0000 | Valid acc: 1.0000 | patience: 357 | Epoch time: 0.5 |

2023-01-07 18:17:19,010 - INFO -
| Epoch:    370 | Train loss: 0.0000 | Valid loss: 0.0000 | Train acc: 1.0000 | Valid acc: 1.0000 | patience: 358 | Epoch time: 0.5 |

2023-01-07 18:17:19,473 - INFO -
| Epoch:    371 | Train loss: 0.0000 | Valid loss: 0.0000 | Train acc: 1.0000 | Valid acc: 1.0000 | patience: 359 | Epoch time: 0.5 |

2023-01-07 18:17:19,937 - INFO -
| Epoch:    372 | Train loss: 0.0000 | Valid loss: 0.0000 | Train acc: 1.0000 | Valid acc: 1.0000 | patience: 360 | Epoch time: 0.5 |

2023-01-07 18:17:20,401 - INFO -
| Epoch:    373 | Train loss: 0.0000 | Valid loss: 0.0000 | Train acc: 1.0000 | Valid acc: 1.0000 | patience: 361 | Epoch time: 0.5 |

2023-01-07 18:17:20,866 - INFO -
| Epoch:    374 | Train loss: 0.0000 | Valid loss: 0.0000 | Train acc: 1.0000 | Valid acc: 1.0000 | patience: 362 | Epoch time: 0.5 |

2023-01-07 18:17:21,330 - INFO -
| Epoch:    375 | Train loss: 0.0000 | Valid loss: 0.0000 | Train acc: 1.0000 | Valid acc: 1.0000 | patience: 363 | Epoch time: 0.5 |

2023-01-07 18:17:21,795 - INFO -
| Epoch:    376 | Train loss: 0.0000 | Valid loss: 0.0000 | Train acc: 1.0000 | Valid acc: 1.0000 | patience: 364 | Epoch time: 0.5 |

2023-01-07 18:17:22,260 - INFO -
| Epoch:    377 | Train loss: 0.0000 | Valid loss: 0.0000 | Train acc: 1.0000 | Valid acc: 1.0000 | patience: 365 | Epoch time: 0.5 |

2023-01-07 18:17:22,725 - INFO -
| Epoch:    378 | Train loss: 0.0000 | Valid loss: 0.0000 | Train acc: 1.0000 | Valid acc: 1.0000 | patience: 366 | Epoch time: 0.5 |

2023-01-07 18:17:23,189 - INFO -
| Epoch:    379 | Train loss: 0.0000 | Valid loss: 0.0000 | Train acc: 1.0000 | Valid acc: 1.0000 | patience: 367 | Epoch time: 0.5 |

2023-01-07 18:17:23,653 - INFO -
| Epoch:    380 | Train loss: 0.0000 | Valid loss: 0.0000 | Train acc: 1.0000 | Valid acc: 1.0000 | patience: 368 | Epoch time: 0.5 |

2023-01-07 18:17:24,117 - INFO -
| Epoch:    381 | Train loss: 0.0000 | Valid loss: 0.0000 | Train acc: 1.0000 | Valid acc: 1.0000 | patience: 369 | Epoch time: 0.5 |

2023-01-07 18:17:24,581 - INFO -
| Epoch:    382 | Train loss: 0.0000 | Valid loss: 0.0000 | Train acc: 1.0000 | Valid acc: 1.0000 | patience: 370 | Epoch time: 0.5 |

2023-01-07 18:17:25,047 - INFO -
| Epoch:    383 | Train loss: 0.0000 | Valid loss: 0.0000 | Train acc: 1.0000 | Valid acc: 1.0000 | patience: 371 | Epoch time: 0.5 |

2023-01-07 18:17:25,512 - INFO -
| Epoch:    384 | Train loss: 0.0000 | Valid loss: 0.0000 | Train acc: 1.0000 | Valid acc: 1.0000 | patience: 372 | Epoch time: 0.5 |

2023-01-07 18:17:25,977 - INFO -
| Epoch:    385 | Train loss: 0.0000 | Valid loss: 0.0000 | Train acc: 1.0000 | Valid acc: 1.0000 | patience: 373 | Epoch time: 0.5 |

2023-01-07 18:17:26,441 - INFO -
| Epoch:    386 | Train loss: 0.0000 | Valid loss: 0.0000 | Train acc: 1.0000 | Valid acc: 1.0000 | patience: 374 | Epoch time: 0.5 |

2023-01-07 18:17:26,906 - INFO -
| Epoch:    387 | Train loss: 0.0000 | Valid loss: 0.0000 | Train acc: 1.0000 | Valid acc: 1.0000 | patience: 375 | Epoch time: 0.5 |

2023-01-07 18:17:27,371 - INFO -
| Epoch:    388 | Train loss: 0.0000 | Valid loss: 0.0000 | Train acc: 1.0000 | Valid acc: 1.0000 | patience: 376 | Epoch time: 0.5 |

2023-01-07 18:17:27,836 - INFO -
| Epoch:    389 | Train loss: 0.0000 | Valid loss: 0.0000 | Train acc: 1.0000 | Valid acc: 1.0000 | patience: 377 | Epoch time: 0.5 |

2023-01-07 18:17:28,300 - INFO -
| Epoch:    390 | Train loss: 0.0000 | Valid loss: 0.0000 | Train acc: 1.0000 | Valid acc: 1.0000 | patience: 378 | Epoch time: 0.5 |

2023-01-07 18:17:28,764 - INFO -
| Epoch:    391 | Train loss: 0.0000 | Valid loss: 0.0000 | Train acc: 1.0000 | Valid acc: 1.0000 | patience: 379 | Epoch time: 0.5 |

2023-01-07 18:17:29,229 - INFO -
| Epoch:    392 | Train loss: 0.0000 | Valid loss: 0.0000 | Train acc: 1.0000 | Valid acc: 1.0000 | patience: 380 | Epoch time: 0.5 |

2023-01-07 18:17:29,692 - INFO -
| Epoch:    393 | Train loss: 0.0000 | Valid loss: 0.0000 | Train acc: 1.0000 | Valid acc: 1.0000 | patience: 381 | Epoch time: 0.5 |

2023-01-07 18:17:30,156 - INFO -
| Epoch:    394 | Train loss: 0.0000 | Valid loss: 0.0000 | Train acc: 1.0000 | Valid acc: 1.0000 | patience: 382 | Epoch time: 0.5 |

2023-01-07 18:17:30,620 - INFO -
| Epoch:    395 | Train loss: 0.0000 | Valid loss: 0.0000 | Train acc: 1.0000 | Valid acc: 1.0000 | patience: 383 | Epoch time: 0.5 |

2023-01-07 18:17:31,085 - INFO -
| Epoch:    396 | Train loss: 0.0000 | Valid loss: 0.0000 | Train acc: 1.0000 | Valid acc: 1.0000 | patience: 384 | Epoch time: 0.5 |

2023-01-07 18:17:31,548 - INFO -
| Epoch:    397 | Train loss: 0.0000 | Valid loss: 0.0000 | Train acc: 1.0000 | Valid acc: 1.0000 | patience: 385 | Epoch time: 0.5 |

2023-01-07 18:17:32,014 - INFO -
| Epoch:    398 | Train loss: 0.0000 | Valid loss: 0.0000 | Train acc: 1.0000 | Valid acc: 1.0000 | patience: 386 | Epoch time: 0.5 |

2023-01-07 18:17:32,478 - INFO -
| Epoch:    399 | Train loss: 0.0000 | Valid loss: 0.0000 | Train acc: 1.0000 | Valid acc: 1.0000 | patience: 387 | Epoch time: 0.5 |

2023-01-07 18:17:32,942 - INFO -
| Epoch:    400 | Train loss: 0.0000 | Valid loss: 0.0000 | Train acc: 1.0000 | Valid acc: 1.0000 | patience: 388 | Epoch time: 0.5 |

2023-01-07 18:17:33,406 - INFO -
| Epoch:    401 | Train loss: 0.0000 | Valid loss: 0.0000 | Train acc: 1.0000 | Valid acc: 1.0000 | patience: 389 | Epoch time: 0.5 |

2023-01-07 18:17:33,870 - INFO -
| Epoch:    402 | Train loss: 0.0000 | Valid loss: 0.0000 | Train acc: 1.0000 | Valid acc: 1.0000 | patience: 390 | Epoch time: 0.5 |

2023-01-07 18:17:34,335 - INFO -
| Epoch:    403 | Train loss: 0.0000 | Valid loss: 0.0000 | Train acc: 1.0000 | Valid acc: 1.0000 | patience: 391 | Epoch time: 0.5 |

2023-01-07 18:17:34,799 - INFO -
| Epoch:    404 | Train loss: 0.0000 | Valid loss: 0.0000 | Train acc: 1.0000 | Valid acc: 1.0000 | patience: 392 | Epoch time: 0.5 |

2023-01-07 18:17:35,264 - INFO -
| Epoch:    405 | Train loss: 0.0000 | Valid loss: 0.0000 | Train acc: 1.0000 | Valid acc: 1.0000 | patience: 393 | Epoch time: 0.5 |

2023-01-07 18:17:35,728 - INFO -
| Epoch:    406 | Train loss: 0.0000 | Valid loss: 0.0000 | Train acc: 1.0000 | Valid acc: 1.0000 | patience: 394 | Epoch time: 0.5 |

2023-01-07 18:17:36,193 - INFO -
| Epoch:    407 | Train loss: 0.0000 | Valid loss: 0.0000 | Train acc: 1.0000 | Valid acc: 1.0000 | patience: 395 | Epoch time: 0.5 |

2023-01-07 18:17:36,657 - INFO -
| Epoch:    408 | Train loss: 0.0000 | Valid loss: 0.0000 | Train acc: 1.0000 | Valid acc: 1.0000 | patience: 396 | Epoch time: 0.5 |

2023-01-07 18:17:37,121 - INFO -
| Epoch:    409 | Train loss: 0.0000 | Valid loss: 0.0000 | Train acc: 1.0000 | Valid acc: 1.0000 | patience: 397 | Epoch time: 0.5 |

2023-01-07 18:17:37,586 - INFO -
| Epoch:    410 | Train loss: 0.0000 | Valid loss: 0.0000 | Train acc: 1.0000 | Valid acc: 1.0000 | patience: 398 | Epoch time: 0.5 |

2023-01-07 18:17:38,050 - INFO -
| Epoch:    411 | Train loss: 0.0000 | Valid loss: 0.0000 | Train acc: 1.0000 | Valid acc: 1.0000 | patience: 399 | Epoch time: 0.5 |

2023-01-07 18:17:38,516 - INFO -
| Epoch:    412 | Train loss: 0.0000 | Valid loss: 0.0000 | Train acc: 1.0000 | Valid acc: 1.0000 | patience: 400 | Epoch time: 0.5 |

2023-01-07 18:17:38,981 - INFO -
| Epoch:    413 | Train loss: 0.0000 | Valid loss: 0.0000 | Train acc: 1.0000 | Valid acc: 1.0000 | patience: 401 | Epoch time: 0.5 |

2023-01-07 18:17:39,446 - INFO -
| Epoch:    414 | Train loss: 0.0000 | Valid loss: 0.0000 | Train acc: 1.0000 | Valid acc: 1.0000 | patience: 402 | Epoch time: 0.5 |

2023-01-07 18:17:39,909 - INFO -
| Epoch:    415 | Train loss: 0.0000 | Valid loss: 0.0000 | Train acc: 1.0000 | Valid acc: 1.0000 | patience: 403 | Epoch time: 0.5 |

2023-01-07 18:17:40,375 - INFO -
| Epoch:    416 | Train loss: 0.0000 | Valid loss: 0.0000 | Train acc: 1.0000 | Valid acc: 1.0000 | patience: 404 | Epoch time: 0.5 |

2023-01-07 18:17:40,839 - INFO -
| Epoch:    417 | Train loss: 0.0000 | Valid loss: 0.0000 | Train acc: 1.0000 | Valid acc: 1.0000 | patience: 405 | Epoch time: 0.5 |

2023-01-07 18:17:41,304 - INFO -
| Epoch:    418 | Train loss: 0.0000 | Valid loss: 0.0000 | Train acc: 1.0000 | Valid acc: 1.0000 | patience: 406 | Epoch time: 0.5 |

2023-01-07 18:17:41,769 - INFO -
| Epoch:    419 | Train loss: 0.0000 | Valid loss: 0.0000 | Train acc: 1.0000 | Valid acc: 1.0000 | patience: 407 | Epoch time: 0.5 |

2023-01-07 18:17:42,233 - INFO -
| Epoch:    420 | Train loss: 0.0000 | Valid loss: 0.0000 | Train acc: 1.0000 | Valid acc: 1.0000 | patience: 408 | Epoch time: 0.5 |

2023-01-07 18:17:42,697 - INFO -
| Epoch:    421 | Train loss: 0.0000 | Valid loss: 0.0000 | Train acc: 1.0000 | Valid acc: 1.0000 | patience: 409 | Epoch time: 0.5 |

2023-01-07 18:17:43,161 - INFO -
| Epoch:    422 | Train loss: 0.0000 | Valid loss: 0.0000 | Train acc: 1.0000 | Valid acc: 1.0000 | patience: 410 | Epoch time: 0.5 |

2023-01-07 18:17:43,625 - INFO -
| Epoch:    423 | Train loss: 0.0000 | Valid loss: 0.0000 | Train acc: 1.0000 | Valid acc: 1.0000 | patience: 411 | Epoch time: 0.5 |

2023-01-07 18:17:44,089 - INFO -
| Epoch:    424 | Train loss: 0.0000 | Valid loss: 0.0000 | Train acc: 1.0000 | Valid acc: 1.0000 | patience: 412 | Epoch time: 0.5 |

2023-01-07 18:17:44,555 - INFO -
| Epoch:    425 | Train loss: 0.0000 | Valid loss: 0.0000 | Train acc: 1.0000 | Valid acc: 1.0000 | patience: 413 | Epoch time: 0.5 |

2023-01-07 18:17:45,021 - INFO -
| Epoch:    426 | Train loss: 0.0000 | Valid loss: 0.0000 | Train acc: 1.0000 | Valid acc: 1.0000 | patience: 414 | Epoch time: 0.5 |

2023-01-07 18:17:45,486 - INFO -
| Epoch:    427 | Train loss: 0.0000 | Valid loss: 0.0000 | Train acc: 1.0000 | Valid acc: 1.0000 | patience: 415 | Epoch time: 0.5 |

2023-01-07 18:17:45,950 - INFO -
| Epoch:    428 | Train loss: 0.0000 | Valid loss: 0.0000 | Train acc: 1.0000 | Valid acc: 1.0000 | patience: 416 | Epoch time: 0.5 |

2023-01-07 18:17:46,414 - INFO -
| Epoch:    429 | Train loss: 0.0000 | Valid loss: 0.0000 | Train acc: 1.0000 | Valid acc: 1.0000 | patience: 417 | Epoch time: 0.5 |

2023-01-07 18:17:46,878 - INFO -
| Epoch:    430 | Train loss: 0.0000 | Valid loss: 0.0000 | Train acc: 1.0000 | Valid acc: 1.0000 | patience: 418 | Epoch time: 0.5 |

2023-01-07 18:17:47,342 - INFO -
| Epoch:    431 | Train loss: 0.0000 | Valid loss: 0.0000 | Train acc: 1.0000 | Valid acc: 1.0000 | patience: 419 | Epoch time: 0.5 |

2023-01-07 18:17:47,806 - INFO -
| Epoch:    432 | Train loss: 0.0000 | Valid loss: 0.0000 | Train acc: 1.0000 | Valid acc: 1.0000 | patience: 420 | Epoch time: 0.5 |

2023-01-07 18:17:48,271 - INFO -
| Epoch:    433 | Train loss: 0.0000 | Valid loss: 0.0000 | Train acc: 1.0000 | Valid acc: 1.0000 | patience: 421 | Epoch time: 0.5 |

2023-01-07 18:17:48,736 - INFO -
| Epoch:    434 | Train loss: 0.0000 | Valid loss: 0.0000 | Train acc: 1.0000 | Valid acc: 1.0000 | patience: 422 | Epoch time: 0.5 |

2023-01-07 18:17:49,200 - INFO -
| Epoch:    435 | Train loss: 0.0000 | Valid loss: 0.0000 | Train acc: 1.0000 | Valid acc: 1.0000 | patience: 423 | Epoch time: 0.5 |

2023-01-07 18:17:49,663 - INFO -
| Epoch:    436 | Train loss: 0.0000 | Valid loss: 0.0000 | Train acc: 1.0000 | Valid acc: 1.0000 | patience: 424 | Epoch time: 0.5 |

2023-01-07 18:17:50,127 - INFO -
| Epoch:    437 | Train loss: 0.0000 | Valid loss: 0.0000 | Train acc: 1.0000 | Valid acc: 1.0000 | patience: 425 | Epoch time: 0.5 |

2023-01-07 18:17:50,591 - INFO -
| Epoch:    438 | Train loss: 0.0000 | Valid loss: 0.0000 | Train acc: 1.0000 | Valid acc: 1.0000 | patience: 426 | Epoch time: 0.5 |

2023-01-07 18:17:51,055 - INFO -
| Epoch:    439 | Train loss: 0.0000 | Valid loss: 0.0000 | Train acc: 1.0000 | Valid acc: 1.0000 | patience: 427 | Epoch time: 0.5 |

2023-01-07 18:17:51,519 - INFO -
| Epoch:    440 | Train loss: 0.0000 | Valid loss: 0.0000 | Train acc: 1.0000 | Valid acc: 1.0000 | patience: 428 | Epoch time: 0.5 |

2023-01-07 18:17:51,983 - INFO -
| Epoch:    441 | Train loss: 0.0000 | Valid loss: 0.0000 | Train acc: 1.0000 | Valid acc: 1.0000 | patience: 429 | Epoch time: 0.5 |

2023-01-07 18:17:52,449 - INFO -
| Epoch:    442 | Train loss: 0.0000 | Valid loss: 0.0000 | Train acc: 1.0000 | Valid acc: 1.0000 | patience: 430 | Epoch time: 0.5 |

2023-01-07 18:17:52,914 - INFO -
| Epoch:    443 | Train loss: 0.0000 | Valid loss: 0.0000 | Train acc: 1.0000 | Valid acc: 1.0000 | patience: 431 | Epoch time: 0.5 |

2023-01-07 18:17:53,379 - INFO -
| Epoch:    444 | Train loss: 0.0000 | Valid loss: 0.0000 | Train acc: 1.0000 | Valid acc: 1.0000 | patience: 432 | Epoch time: 0.5 |

2023-01-07 18:17:53,844 - INFO -
| Epoch:    445 | Train loss: 0.0000 | Valid loss: 0.0000 | Train acc: 1.0000 | Valid acc: 1.0000 | patience: 433 | Epoch time: 0.5 |

2023-01-07 18:17:54,308 - INFO -
| Epoch:    446 | Train loss: 0.0000 | Valid loss: 0.0000 | Train acc: 1.0000 | Valid acc: 1.0000 | patience: 434 | Epoch time: 0.5 |

2023-01-07 18:17:54,771 - INFO -
| Epoch:    447 | Train loss: 0.0000 | Valid loss: 0.0000 | Train acc: 1.0000 | Valid acc: 1.0000 | patience: 435 | Epoch time: 0.5 |

2023-01-07 18:17:55,235 - INFO -
| Epoch:    448 | Train loss: 0.0000 | Valid loss: 0.0000 | Train acc: 1.0000 | Valid acc: 1.0000 | patience: 436 | Epoch time: 0.5 |

2023-01-07 18:17:55,699 - INFO -
| Epoch:    449 | Train loss: 0.0000 | Valid loss: 0.0000 | Train acc: 1.0000 | Valid acc: 1.0000 | patience: 437 | Epoch time: 0.5 |

2023-01-07 18:17:56,163 - INFO -
| Epoch:    450 | Train loss: 0.0000 | Valid loss: 0.0000 | Train acc: 1.0000 | Valid acc: 1.0000 | patience: 438 | Epoch time: 0.5 |

2023-01-07 18:17:56,627 - INFO -
| Epoch:    451 | Train loss: 0.0000 | Valid loss: 0.0000 | Train acc: 1.0000 | Valid acc: 1.0000 | patience: 439 | Epoch time: 0.5 |

2023-01-07 18:17:57,093 - INFO -
| Epoch:    452 | Train loss: 0.0000 | Valid loss: 0.0000 | Train acc: 1.0000 | Valid acc: 1.0000 | patience: 440 | Epoch time: 0.5 |

2023-01-07 18:17:57,557 - INFO -
| Epoch:    453 | Train loss: 0.0000 | Valid loss: 0.0000 | Train acc: 1.0000 | Valid acc: 1.0000 | patience: 441 | Epoch time: 0.5 |

2023-01-07 18:17:58,022 - INFO -
| Epoch:    454 | Train loss: 0.0000 | Valid loss: 0.0000 | Train acc: 1.0000 | Valid acc: 1.0000 | patience: 442 | Epoch time: 0.5 |

2023-01-07 18:17:58,486 - INFO -
| Epoch:    455 | Train loss: 0.0000 | Valid loss: 0.0000 | Train acc: 1.0000 | Valid acc: 1.0000 | patience: 443 | Epoch time: 0.5 |

2023-01-07 18:17:58,950 - INFO -
| Epoch:    456 | Train loss: 0.0000 | Valid loss: 0.0000 | Train acc: 1.0000 | Valid acc: 1.0000 | patience: 444 | Epoch time: 0.5 |

2023-01-07 18:17:59,414 - INFO -
| Epoch:    457 | Train loss: 0.0000 | Valid loss: 0.0000 | Train acc: 1.0000 | Valid acc: 1.0000 | patience: 445 | Epoch time: 0.5 |

2023-01-07 18:17:59,878 - INFO -
| Epoch:    458 | Train loss: 0.0000 | Valid loss: 0.0000 | Train acc: 1.0000 | Valid acc: 1.0000 | patience: 446 | Epoch time: 0.5 |

2023-01-07 18:18:00,341 - INFO -
| Epoch:    459 | Train loss: 0.0000 | Valid loss: 0.0000 | Train acc: 1.0000 | Valid acc: 1.0000 | patience: 447 | Epoch time: 0.5 |

2023-01-07 18:18:00,805 - INFO -
| Epoch:    460 | Train loss: 0.0000 | Valid loss: 0.0000 | Train acc: 1.0000 | Valid acc: 1.0000 | patience: 448 | Epoch time: 0.5 |

2023-01-07 18:18:01,270 - INFO -
| Epoch:    461 | Train loss: 0.0000 | Valid loss: 0.0000 | Train acc: 1.0000 | Valid acc: 1.0000 | patience: 449 | Epoch time: 0.5 |

2023-01-07 18:18:01,735 - INFO -
| Epoch:    462 | Train loss: 0.0000 | Valid loss: 0.0000 | Train acc: 1.0000 | Valid acc: 1.0000 | patience: 450 | Epoch time: 0.5 |

2023-01-07 18:18:02,200 - INFO -
| Epoch:    463 | Train loss: 0.0000 | Valid loss: 0.0000 | Train acc: 1.0000 | Valid acc: 1.0000 | patience: 451 | Epoch time: 0.5 |

2023-01-07 18:18:02,664 - INFO -
| Epoch:    464 | Train loss: 0.0000 | Valid loss: 0.0000 | Train acc: 1.0000 | Valid acc: 1.0000 | patience: 452 | Epoch time: 0.5 |

2023-01-07 18:18:03,128 - INFO -
| Epoch:    465 | Train loss: 0.0000 | Valid loss: 0.0000 | Train acc: 1.0000 | Valid acc: 1.0000 | patience: 453 | Epoch time: 0.5 |

2023-01-07 18:18:03,593 - INFO -
| Epoch:    466 | Train loss: 0.0000 | Valid loss: 0.0000 | Train acc: 1.0000 | Valid acc: 1.0000 | patience: 454 | Epoch time: 0.5 |

2023-01-07 18:18:04,058 - INFO -
| Epoch:    467 | Train loss: 0.0000 | Valid loss: 0.0000 | Train acc: 1.0000 | Valid acc: 1.0000 | patience: 455 | Epoch time: 0.5 |

2023-01-07 18:18:04,523 - INFO -
| Epoch:    468 | Train loss: 0.0000 | Valid loss: 0.0000 | Train acc: 1.0000 | Valid acc: 1.0000 | patience: 456 | Epoch time: 0.5 |

2023-01-07 18:18:04,987 - INFO -
| Epoch:    469 | Train loss: 0.0000 | Valid loss: 0.0000 | Train acc: 1.0000 | Valid acc: 1.0000 | patience: 457 | Epoch time: 0.5 |

2023-01-07 18:18:05,451 - INFO -
| Epoch:    470 | Train loss: 0.0000 | Valid loss: 0.0000 | Train acc: 1.0000 | Valid acc: 1.0000 | patience: 458 | Epoch time: 0.5 |

2023-01-07 18:18:05,915 - INFO -
| Epoch:    471 | Train loss: 0.0000 | Valid loss: 0.0000 | Train acc: 1.0000 | Valid acc: 1.0000 | patience: 459 | Epoch time: 0.5 |

2023-01-07 18:18:06,379 - INFO -
| Epoch:    472 | Train loss: 0.0000 | Valid loss: 0.0000 | Train acc: 1.0000 | Valid acc: 1.0000 | patience: 460 | Epoch time: 0.5 |

2023-01-07 18:18:06,843 - INFO -
| Epoch:    473 | Train loss: 0.0000 | Valid loss: 0.0000 | Train acc: 1.0000 | Valid acc: 1.0000 | patience: 461 | Epoch time: 0.5 |

2023-01-07 18:18:07,307 - INFO -
| Epoch:    474 | Train loss: 0.0000 | Valid loss: 0.0000 | Train acc: 1.0000 | Valid acc: 1.0000 | patience: 462 | Epoch time: 0.5 |

2023-01-07 18:18:07,771 - INFO -
| Epoch:    475 | Train loss: 0.0000 | Valid loss: 0.0000 | Train acc: 1.0000 | Valid acc: 1.0000 | patience: 463 | Epoch time: 0.5 |

2023-01-07 18:18:08,236 - INFO -
| Epoch:    476 | Train loss: 0.0000 | Valid loss: 0.0000 | Train acc: 1.0000 | Valid acc: 1.0000 | patience: 464 | Epoch time: 0.5 |

2023-01-07 18:18:08,700 - INFO -
| Epoch:    477 | Train loss: 0.0000 | Valid loss: 0.0000 | Train acc: 1.0000 | Valid acc: 1.0000 | patience: 465 | Epoch time: 0.5 |

2023-01-07 18:18:09,163 - INFO -
| Epoch:    478 | Train loss: 0.0000 | Valid loss: 0.0000 | Train acc: 1.0000 | Valid acc: 1.0000 | patience: 466 | Epoch time: 0.5 |

2023-01-07 18:18:09,628 - INFO -
| Epoch:    479 | Train loss: 0.0000 | Valid loss: 0.0000 | Train acc: 1.0000 | Valid acc: 1.0000 | patience: 467 | Epoch time: 0.5 |

2023-01-07 18:18:10,093 - INFO -
| Epoch:    480 | Train loss: 0.0000 | Valid loss: 0.0000 | Train acc: 1.0000 | Valid acc: 1.0000 | patience: 468 | Epoch time: 0.5 |

2023-01-07 18:18:10,558 - INFO -
| Epoch:    481 | Train loss: 0.0000 | Valid loss: 0.0000 | Train acc: 1.0000 | Valid acc: 1.0000 | patience: 469 | Epoch time: 0.5 |

2023-01-07 18:18:11,024 - INFO -
| Epoch:    482 | Train loss: 0.0000 | Valid loss: 0.0000 | Train acc: 1.0000 | Valid acc: 1.0000 | patience: 470 | Epoch time: 0.5 |

2023-01-07 18:18:11,488 - INFO -
| Epoch:    483 | Train loss: 0.0000 | Valid loss: 0.0000 | Train acc: 1.0000 | Valid acc: 1.0000 | patience: 471 | Epoch time: 0.5 |

2023-01-07 18:18:11,951 - INFO -
| Epoch:    484 | Train loss: 0.0000 | Valid loss: 0.0000 | Train acc: 1.0000 | Valid acc: 1.0000 | patience: 472 | Epoch time: 0.5 |

2023-01-07 18:18:12,415 - INFO -
| Epoch:    485 | Train loss: 0.0000 | Valid loss: 0.0000 | Train acc: 1.0000 | Valid acc: 1.0000 | patience: 473 | Epoch time: 0.5 |

2023-01-07 18:18:12,879 - INFO -
| Epoch:    486 | Train loss: 0.0000 | Valid loss: 0.0000 | Train acc: 1.0000 | Valid acc: 1.0000 | patience: 474 | Epoch time: 0.5 |

2023-01-07 18:18:13,343 - INFO -
| Epoch:    487 | Train loss: 0.0000 | Valid loss: 0.0000 | Train acc: 1.0000 | Valid acc: 1.0000 | patience: 475 | Epoch time: 0.5 |

2023-01-07 18:18:13,807 - INFO -
| Epoch:    488 | Train loss: 0.0000 | Valid loss: 0.0000 | Train acc: 1.0000 | Valid acc: 1.0000 | patience: 476 | Epoch time: 0.5 |

2023-01-07 18:18:14,271 - INFO -
| Epoch:    489 | Train loss: 0.0000 | Valid loss: 0.0000 | Train acc: 1.0000 | Valid acc: 1.0000 | patience: 477 | Epoch time: 0.5 |

2023-01-07 18:18:14,735 - INFO -
| Epoch:    490 | Train loss: 0.0000 | Valid loss: 0.0000 | Train acc: 1.0000 | Valid acc: 1.0000 | patience: 478 | Epoch time: 0.5 |

2023-01-07 18:18:15,199 - INFO -
| Epoch:    491 | Train loss: 0.0000 | Valid loss: 0.0000 | Train acc: 1.0000 | Valid acc: 1.0000 | patience: 479 | Epoch time: 0.5 |

2023-01-07 18:18:15,665 - INFO -
| Epoch:    492 | Train loss: 0.0000 | Valid loss: 0.0000 | Train acc: 1.0000 | Valid acc: 1.0000 | patience: 480 | Epoch time: 0.5 |

2023-01-07 18:18:16,128 - INFO -
| Epoch:    493 | Train loss: 0.0000 | Valid loss: 0.0000 | Train acc: 1.0000 | Valid acc: 1.0000 | patience: 481 | Epoch time: 0.5 |

2023-01-07 18:18:16,593 - INFO -
| Epoch:    494 | Train loss: 0.0000 | Valid loss: 0.0000 | Train acc: 1.0000 | Valid acc: 1.0000 | patience: 482 | Epoch time: 0.5 |

2023-01-07 18:18:17,058 - INFO -
| Epoch:    495 | Train loss: 0.0000 | Valid loss: 0.0000 | Train acc: 1.0000 | Valid acc: 1.0000 | patience: 483 | Epoch time: 0.5 |

2023-01-07 18:18:17,523 - INFO -
| Epoch:    496 | Train loss: 0.0000 | Valid loss: 0.0000 | Train acc: 1.0000 | Valid acc: 1.0000 | patience: 484 | Epoch time: 0.5 |

2023-01-07 18:18:17,988 - INFO -
| Epoch:    497 | Train loss: 0.0000 | Valid loss: 0.0000 | Train acc: 1.0000 | Valid acc: 1.0000 | patience: 485 | Epoch time: 0.5 |

2023-01-07 18:18:18,454 - INFO -
| Epoch:    498 | Train loss: 0.0000 | Valid loss: 0.0000 | Train acc: 1.0000 | Valid acc: 1.0000 | patience: 486 | Epoch time: 0.5 |

2023-01-07 18:18:18,919 - INFO -
| Epoch:    499 | Train loss: 0.0000 | Valid loss: 0.0000 | Train acc: 1.0000 | Valid acc: 1.0000 | patience: 487 | Epoch time: 0.5 |

2023-01-07 18:18:19,383 - INFO -
| Epoch:    500 | Train loss: 0.0000 | Valid loss: 0.0000 | Train acc: 1.0000 | Valid acc: 1.0000 | patience: 488 | Epoch time: 0.5 |

2023-01-07 18:18:19,846 - INFO -
| Epoch:    501 | Train loss: 0.0000 | Valid loss: 0.0000 | Train acc: 1.0000 | Valid acc: 1.0000 | patience: 489 | Epoch time: 0.5 |

2023-01-07 18:18:20,310 - INFO -
| Epoch:    502 | Train loss: 0.0000 | Valid loss: 0.0000 | Train acc: 1.0000 | Valid acc: 1.0000 | patience: 490 | Epoch time: 0.5 |

2023-01-07 18:18:20,774 - INFO -
| Epoch:    503 | Train loss: 0.0000 | Valid loss: 0.0000 | Train acc: 1.0000 | Valid acc: 1.0000 | patience: 491 | Epoch time: 0.5 |

2023-01-07 18:18:21,238 - INFO -
| Epoch:    504 | Train loss: 0.0000 | Valid loss: 0.0000 | Train acc: 1.0000 | Valid acc: 1.0000 | patience: 492 | Epoch time: 0.5 |

2023-01-07 18:18:21,702 - INFO -
| Epoch:    505 | Train loss: 0.0000 | Valid loss: 0.0000 | Train acc: 1.0000 | Valid acc: 1.0000 | patience: 493 | Epoch time: 0.5 |

2023-01-07 18:18:22,165 - INFO -
| Epoch:    506 | Train loss: 0.0000 | Valid loss: 0.0000 | Train acc: 1.0000 | Valid acc: 1.0000 | patience: 494 | Epoch time: 0.5 |

2023-01-07 18:18:22,629 - INFO -
| Epoch:    507 | Train loss: 0.0000 | Valid loss: 0.0000 | Train acc: 1.0000 | Valid acc: 1.0000 | patience: 495 | Epoch time: 0.5 |

2023-01-07 18:18:23,093 - INFO -
| Epoch:    508 | Train loss: 0.0000 | Valid loss: 0.0000 | Train acc: 1.0000 | Valid acc: 1.0000 | patience: 496 | Epoch time: 0.5 |

2023-01-07 18:18:23,559 - INFO -
| Epoch:    509 | Train loss: 0.0000 | Valid loss: 0.0000 | Train acc: 1.0000 | Valid acc: 1.0000 | patience: 497 | Epoch time: 0.5 |

2023-01-07 18:18:24,026 - INFO -
| Epoch:    510 | Train loss: 0.0000 | Valid loss: 0.0000 | Train acc: 1.0000 | Valid acc: 1.0000 | patience: 498 | Epoch time: 0.5 |

2023-01-07 18:18:24,490 - INFO -
| Epoch:    511 | Train loss: 0.0000 | Valid loss: 0.0000 | Train acc: 1.0000 | Valid acc: 1.0000 | patience: 499 | Epoch time: 0.5 |

2023-01-07 18:18:24,954 - INFO -
| Epoch:    512 | Train loss: 0.0000 | Valid loss: 0.0000 | Train acc: 1.0000 | Valid acc: 1.0000 | patience: 500 | Epoch time: 0.5 |

2023-01-07 18:18:25,419 - INFO -
Early stop.

2023-01-07 18:18:25,424 - INFO -
Training if finished.

