2023-01-27 14:29:56,496 - INFO -
gmin                0.01
gmax                10.0
T                   0.1
m                   0.3
ACT_eta1            0.134
ACT_eta2            0.962
ACT_eta3            0.183
ACT_eta4            24.1
NEG_eta1            -0.104
NEG_eta2            0.899
NEG_eta3            -0.056
NEG_eta4            3.858
hidden              [3]
SEED                8
DEVICE              cuda
TIMELIMITATION      45
PATIENCE            500
EPOCH               10000000000
DATASET             0
LR                  0.1
PROGRESSIVE         False
LR_PATIENCE         100
LR_DECAY            0.5
LR_MIN              0.0001
MODE                aging
M_train             50
K_train             10
M_test              500
K_test              500
t_test_max          10
integration         MC
VARIATION           False
N_train             1
e_train             0.0
N_test              100
e_test              0.1
projectname         ICCAD_2022
temppath            ./ICCAD_2022/temp/
logfilepath         ./ICCAD_2022/log/
recording           False
recordpath          ./ICCAD_2022/record/
savepath            ./ICCAD_2022/models/
loglevel            info


2023-01-27 14:29:56,496 - INFO -
Training network on device: cuda.

2023-01-27 14:29:56,496 - INFO -
Training setup: acuteinflammation_8_aging_0.0_1_MC.

2023-01-27 14:29:56,496 - INFO -
Dataset "acuteinflammation" has 6 input features and 2 classes. There are 70 training examples, 23 valid examples, and 25 test examples in the dataset.

2023-01-27 14:29:56,496 - INFO -
Topology of the network: [6, 3, 2].

2023-01-27 14:30:27,667 - INFO -
| Epoch:      0 | Train loss: 0.7814 | Valid loss: 0.7585 | Train acc: 0.5007 | Valid acc: 0.5627 | patience:   0 | Epoch time: 30.7 |

2023-01-27 14:30:56,841 - INFO -
| Epoch:      1 | Train loss: 0.7987 | Valid loss: 0.7421 | Train acc: 0.4802 | Valid acc: 0.5484 | patience:   0 | Epoch time: 29.2 |

2023-01-27 14:31:26,002 - INFO -
| Epoch:      2 | Train loss: 0.7382 | Valid loss: 0.6755 | Train acc: 0.5735 | Valid acc: 0.6456 | patience:   0 | Epoch time: 29.2 |

2023-01-27 14:31:55,189 - INFO -
| Epoch:      3 | Train loss: 0.6916 | Valid loss: 0.6042 | Train acc: 0.6068 | Valid acc: 0.6894 | patience:   0 | Epoch time: 29.2 |

2023-01-27 14:32:24,388 - INFO -
| Epoch:      4 | Train loss: 0.6018 | Valid loss: 0.5145 | Train acc: 0.7044 | Valid acc: 0.7277 | patience:   0 | Epoch time: 29.2 |

2023-01-27 14:32:53,614 - INFO -
| Epoch:      5 | Train loss: 0.5183 | Valid loss: 0.4365 | Train acc: 0.7538 | Valid acc: 0.8000 | patience:   0 | Epoch time: 29.2 |

2023-01-27 14:33:22,825 - INFO -
| Epoch:      6 | Train loss: 0.4167 | Valid loss: 0.3137 | Train acc: 0.8200 | Valid acc: 0.8230 | patience:   0 | Epoch time: 29.2 |

2023-01-27 14:33:52,050 - INFO -
| Epoch:      7 | Train loss: 0.3101 | Valid loss: 0.2502 | Train acc: 0.8540 | Valid acc: 0.8714 | patience:   0 | Epoch time: 29.2 |

2023-01-27 14:34:21,341 - INFO -
| Epoch:      8 | Train loss: 0.2593 | Valid loss: 0.1853 | Train acc: 0.8803 | Valid acc: 0.8934 | patience:   0 | Epoch time: 29.3 |

2023-01-27 14:34:50,649 - INFO -
| Epoch:      9 | Train loss: 0.1788 | Valid loss: 0.1531 | Train acc: 0.9068 | Valid acc: 0.9302 | patience:   0 | Epoch time: 29.3 |

2023-01-27 14:35:19,866 - INFO -
| Epoch:     10 | Train loss: 0.1633 | Valid loss: 0.1245 | Train acc: 0.9313 | Valid acc: 0.9364 | patience:   0 | Epoch time: 29.2 |

2023-01-27 14:35:49,128 - INFO -
| Epoch:     11 | Train loss: 0.1229 | Valid loss: 0.1151 | Train acc: 0.9464 | Valid acc: 0.9423 | patience:   0 | Epoch time: 29.3 |

2023-01-27 14:36:18,356 - INFO -
| Epoch:     12 | Train loss: 0.1187 | Valid loss: 0.0633 | Train acc: 0.9420 | Valid acc: 0.9863 | patience:   0 | Epoch time: 29.2 |

2023-01-27 14:36:47,609 - INFO -
| Epoch:     13 | Train loss: 0.0625 | Valid loss: 0.0664 | Train acc: 0.9905 | Valid acc: 0.9696 | patience:   1 | Epoch time: 29.3 |

2023-01-27 14:37:16,856 - INFO -
| Epoch:     14 | Train loss: 0.0430 | Valid loss: 0.0694 | Train acc: 0.9706 | Valid acc: 0.9748 | patience:   2 | Epoch time: 29.2 |

2023-01-27 14:37:46,110 - INFO -
| Epoch:     15 | Train loss: 0.0810 | Valid loss: 0.0313 | Train acc: 0.9531 | Valid acc: 0.9924 | patience:   0 | Epoch time: 29.3 |

2023-01-27 14:38:15,365 - INFO -
| Epoch:     16 | Train loss: 0.0205 | Valid loss: 0.0348 | Train acc: 0.9753 | Valid acc: 0.9811 | patience:   1 | Epoch time: 29.3 |

2023-01-27 14:38:44,606 - INFO -
| Epoch:     17 | Train loss: 0.0069 | Valid loss: 0.0241 | Train acc: 0.9721 | Valid acc: 0.9797 | patience:   0 | Epoch time: 29.2 |

2023-01-27 14:39:13,811 - INFO -
| Epoch:     18 | Train loss: 0.0413 | Valid loss: 0.0241 | Train acc: 0.9672 | Valid acc: 0.9937 | patience:   1 | Epoch time: 29.2 |

2023-01-27 14:39:43,057 - INFO -
| Epoch:     19 | Train loss: 0.0472 | Valid loss: 0.0438 | Train acc: 0.9924 | Valid acc: 0.9948 | patience:   2 | Epoch time: 29.2 |

2023-01-27 14:40:12,336 - INFO -
| Epoch:     20 | Train loss: 0.0187 | Valid loss: 0.0167 | Train acc: 0.9884 | Valid acc: 0.9954 | patience:   0 | Epoch time: 29.3 |

2023-01-27 14:40:41,580 - INFO -
| Epoch:     21 | Train loss: 0.0135 | Valid loss: 0.0135 | Train acc: 0.9933 | Valid acc: 0.9972 | patience:   0 | Epoch time: 29.2 |

2023-01-27 14:41:10,845 - INFO -
| Epoch:     22 | Train loss: 0.0079 | Valid loss: 0.0157 | Train acc: 0.9982 | Valid acc: 0.9959 | patience:   1 | Epoch time: 29.3 |

2023-01-27 14:41:40,083 - INFO -
| Epoch:     23 | Train loss: 0.0203 | Valid loss: 0.0105 | Train acc: 0.9970 | Valid acc: 0.9974 | patience:   0 | Epoch time: 29.2 |

2023-01-27 14:42:09,348 - INFO -
| Epoch:     24 | Train loss: 0.0070 | Valid loss: 0.0109 | Train acc: 0.9982 | Valid acc: 0.9953 | patience:   1 | Epoch time: 29.3 |

2023-01-27 14:42:38,627 - INFO -
| Epoch:     25 | Train loss: 0.0206 | Valid loss: 0.0031 | Train acc: 0.9959 | Valid acc: 0.9969 | patience:   0 | Epoch time: 29.3 |

2023-01-27 14:43:07,866 - INFO -
| Epoch:     26 | Train loss: 0.0082 | Valid loss: 0.0075 | Train acc: 0.9948 | Valid acc: 0.9952 | patience:   1 | Epoch time: 29.2 |

2023-01-27 14:43:37,102 - INFO -
| Epoch:     27 | Train loss: 0.0140 | Valid loss: 0.0114 | Train acc: 0.9953 | Valid acc: 0.9922 | patience:   2 | Epoch time: 29.2 |

2023-01-27 14:44:06,343 - INFO -
| Epoch:     28 | Train loss: 0.0056 | Valid loss: 0.0036 | Train acc: 1.0000 | Valid acc: 0.9940 | patience:   3 | Epoch time: 29.2 |

2023-01-27 14:44:35,624 - INFO -
| Epoch:     29 | Train loss: 0.0117 | Valid loss: 0.0064 | Train acc: 0.9989 | Valid acc: 0.9975 | patience:   4 | Epoch time: 29.3 |

2023-01-27 14:45:05,243 - INFO -
| Epoch:     30 | Train loss: 0.0027 | Valid loss: 0.0062 | Train acc: 0.9977 | Valid acc: 0.9990 | patience:   5 | Epoch time: 29.6 |

2023-01-27 14:45:34,495 - INFO -
| Epoch:     31 | Train loss: 0.0022 | Valid loss: 0.0065 | Train acc: 0.9974 | Valid acc: 0.9931 | patience:   6 | Epoch time: 29.3 |

2023-01-27 14:46:03,745 - INFO -
| Epoch:     32 | Train loss: 0.0087 | Valid loss: 0.0030 | Train acc: 0.9926 | Valid acc: 0.9957 | patience:   0 | Epoch time: 29.2 |

2023-01-27 14:46:33,122 - INFO -
| Epoch:     33 | Train loss: 0.0099 | Valid loss: 0.0066 | Train acc: 0.9973 | Valid acc: 0.9979 | patience:   1 | Epoch time: 29.4 |

2023-01-27 14:47:02,411 - INFO -
| Epoch:     34 | Train loss: 0.0014 | Valid loss: 0.0186 | Train acc: 0.9999 | Valid acc: 0.9939 | patience:   2 | Epoch time: 29.3 |

2023-01-27 14:47:31,678 - INFO -
| Epoch:     35 | Train loss: 0.0078 | Valid loss: 0.0077 | Train acc: 0.9947 | Valid acc: 1.0000 | patience:   3 | Epoch time: 29.3 |

2023-01-27 14:48:00,915 - INFO -
| Epoch:     36 | Train loss: 0.0073 | Valid loss: 0.0156 | Train acc: 0.9995 | Valid acc: 0.9947 | patience:   4 | Epoch time: 29.2 |

2023-01-27 14:48:30,152 - INFO -
| Epoch:     37 | Train loss: 0.0035 | Valid loss: 0.0067 | Train acc: 0.9999 | Valid acc: 0.9977 | patience:   5 | Epoch time: 29.2 |

2023-01-27 14:48:59,437 - INFO -
| Epoch:     38 | Train loss: 0.0116 | Valid loss: 0.0091 | Train acc: 0.9972 | Valid acc: 1.0000 | patience:   6 | Epoch time: 29.3 |

2023-01-27 14:49:28,699 - INFO -
| Epoch:     39 | Train loss: 0.0023 | Valid loss: 0.0054 | Train acc: 0.9993 | Valid acc: 0.9979 | patience:   7 | Epoch time: 29.3 |

2023-01-27 14:49:57,944 - INFO -
| Epoch:     40 | Train loss: 0.0010 | Valid loss: 0.0082 | Train acc: 0.9956 | Valid acc: 0.9943 | patience:   8 | Epoch time: 29.2 |

2023-01-27 14:50:27,182 - INFO -
| Epoch:     41 | Train loss: 0.0010 | Valid loss: 0.0033 | Train acc: 0.9995 | Valid acc: 1.0000 | patience:   9 | Epoch time: 29.2 |

2023-01-27 14:50:56,423 - INFO -
| Epoch:     42 | Train loss: 0.0055 | Valid loss: 0.0026 | Train acc: 0.9981 | Valid acc: 0.9997 | patience:   0 | Epoch time: 29.2 |

2023-01-27 14:51:25,688 - INFO -
| Epoch:     43 | Train loss: 0.0003 | Valid loss: 0.0000 | Train acc: 0.9997 | Valid acc: 0.9995 | patience:   0 | Epoch time: 29.3 |

2023-01-27 14:51:54,915 - INFO -
| Epoch:     44 | Train loss: 0.0008 | Valid loss: 0.0044 | Train acc: 1.0000 | Valid acc: 0.9989 | patience:   1 | Epoch time: 29.2 |

2023-01-27 14:52:24,151 - INFO -
| Epoch:     45 | Train loss: 0.0013 | Valid loss: 0.0022 | Train acc: 1.0000 | Valid acc: 0.9996 | patience:   2 | Epoch time: 29.2 |

2023-01-27 14:52:53,394 - INFO -
| Epoch:     46 | Train loss: 0.0033 | Valid loss: 0.0034 | Train acc: 0.9986 | Valid acc: 1.0000 | patience:   3 | Epoch time: 29.2 |

2023-01-27 14:53:22,639 - INFO -
| Epoch:     47 | Train loss: 0.0013 | Valid loss: 0.0002 | Train acc: 0.9998 | Valid acc: 1.0000 | patience:   4 | Epoch time: 29.2 |

2023-01-27 14:53:51,895 - INFO -
| Epoch:     48 | Train loss: 0.0053 | Valid loss: 0.0012 | Train acc: 0.9992 | Valid acc: 0.9988 | patience:   5 | Epoch time: 29.3 |

2023-01-27 14:54:21,109 - INFO -
| Epoch:     49 | Train loss: 0.0004 | Valid loss: 0.0036 | Train acc: 0.9992 | Valid acc: 1.0000 | patience:   6 | Epoch time: 29.2 |

2023-01-27 14:54:51,270 - INFO -
| Epoch:     50 | Train loss: 0.0057 | Valid loss: 0.0011 | Train acc: 0.9970 | Valid acc: 1.0000 | patience:   7 | Epoch time: 30.2 |

2023-01-27 14:55:20,845 - INFO -
| Epoch:     51 | Train loss: 0.0033 | Valid loss: 0.0068 | Train acc: 0.9994 | Valid acc: 0.9979 | patience:   8 | Epoch time: 29.6 |

2023-01-27 14:55:50,031 - INFO -
| Epoch:     52 | Train loss: 0.0028 | Valid loss: 0.0039 | Train acc: 0.9998 | Valid acc: 1.0000 | patience:   9 | Epoch time: 29.2 |

2023-01-27 14:56:19,209 - INFO -
| Epoch:     53 | Train loss: 0.0038 | Valid loss: 0.0071 | Train acc: 0.9978 | Valid acc: 0.9990 | patience:  10 | Epoch time: 29.2 |

2023-01-27 14:56:48,375 - INFO -
| Epoch:     54 | Train loss: 0.0006 | Valid loss: 0.0013 | Train acc: 0.9983 | Valid acc: 0.9993 | patience:  11 | Epoch time: 29.2 |

2023-01-27 14:57:17,549 - INFO -
| Epoch:     55 | Train loss: 0.0002 | Valid loss: 0.0022 | Train acc: 0.9999 | Valid acc: 0.9981 | patience:  12 | Epoch time: 29.2 |

2023-01-27 14:57:46,711 - INFO -
| Epoch:     56 | Train loss: 0.0025 | Valid loss: 0.0016 | Train acc: 0.9978 | Valid acc: 0.9987 | patience:  13 | Epoch time: 29.2 |

2023-01-27 14:58:15,876 - INFO -
| Epoch:     57 | Train loss: 0.0049 | Valid loss: 0.0003 | Train acc: 0.9984 | Valid acc: 0.9995 | patience:  14 | Epoch time: 29.2 |

2023-01-27 14:58:45,062 - INFO -
| Epoch:     58 | Train loss: 0.0009 | Valid loss: 0.0020 | Train acc: 0.9990 | Valid acc: 1.0000 | patience:  15 | Epoch time: 29.2 |

2023-01-27 14:59:14,247 - INFO -
| Epoch:     59 | Train loss: 0.0047 | Valid loss: 0.0060 | Train acc: 0.9975 | Valid acc: 0.9996 | patience:  16 | Epoch time: 29.2 |

2023-01-27 14:59:43,437 - INFO -
| Epoch:     60 | Train loss: 0.0031 | Valid loss: 0.0011 | Train acc: 1.0000 | Valid acc: 0.9993 | patience:  17 | Epoch time: 29.2 |

2023-01-27 15:00:12,633 - INFO -
| Epoch:     61 | Train loss: 0.0006 | Valid loss: 0.0021 | Train acc: 1.0000 | Valid acc: 0.9997 | patience:  18 | Epoch time: 29.2 |

2023-01-27 15:00:41,819 - INFO -
| Epoch:     62 | Train loss: 0.0003 | Valid loss: 0.0019 | Train acc: 0.9996 | Valid acc: 0.9994 | patience:  19 | Epoch time: 29.2 |

2023-01-27 15:01:11,027 - INFO -
| Epoch:     63 | Train loss: 0.0047 | Valid loss: 0.0002 | Train acc: 1.0000 | Valid acc: 1.0000 | patience:  20 | Epoch time: 29.2 |

2023-01-27 15:01:40,214 - INFO -
| Epoch:     64 | Train loss: 0.0002 | Valid loss: 0.0005 | Train acc: 0.9986 | Valid acc: 0.9998 | patience:  21 | Epoch time: 29.2 |

2023-01-27 15:02:09,371 - INFO -
| Epoch:     65 | Train loss: 0.0003 | Valid loss: 0.0012 | Train acc: 0.9997 | Valid acc: 1.0000 | patience:  22 | Epoch time: 29.2 |

2023-01-27 15:02:38,519 - INFO -
| Epoch:     66 | Train loss: 0.0002 | Valid loss: 0.0041 | Train acc: 0.9999 | Valid acc: 0.9991 | patience:  23 | Epoch time: 29.1 |

2023-01-27 15:03:07,726 - INFO -
| Epoch:     67 | Train loss: 0.0008 | Valid loss: 0.0004 | Train acc: 1.0000 | Valid acc: 0.9995 | patience:  24 | Epoch time: 29.2 |

2023-01-27 15:03:36,893 - INFO -
| Epoch:     68 | Train loss: 0.0042 | Valid loss: 0.0008 | Train acc: 0.9973 | Valid acc: 0.9995 | patience:  25 | Epoch time: 29.2 |

2023-01-27 15:04:06,088 - INFO -
| Epoch:     69 | Train loss: 0.0103 | Valid loss: 0.0010 | Train acc: 0.9998 | Valid acc: 1.0000 | patience:  26 | Epoch time: 29.2 |

2023-01-27 15:04:35,302 - INFO -
| Epoch:     70 | Train loss: 0.0000 | Valid loss: 0.0000 | Train acc: 0.9975 | Valid acc: 0.9989 | patience:   0 | Epoch time: 29.2 |

2023-01-27 15:05:04,486 - INFO -
| Epoch:     71 | Train loss: 0.0069 | Valid loss: 0.0003 | Train acc: 0.9998 | Valid acc: 0.9989 | patience:   1 | Epoch time: 29.2 |

2023-01-27 15:05:33,671 - INFO -
| Epoch:     72 | Train loss: 0.0000 | Valid loss: 0.0052 | Train acc: 1.0000 | Valid acc: 0.9990 | patience:   2 | Epoch time: 29.2 |

2023-01-27 15:06:02,844 - INFO -
| Epoch:     73 | Train loss: 0.0012 | Valid loss: 0.0002 | Train acc: 0.9992 | Valid acc: 0.9999 | patience:   3 | Epoch time: 29.2 |

2023-01-27 15:06:32,021 - INFO -
| Epoch:     74 | Train loss: 0.0018 | Valid loss: 0.0014 | Train acc: 0.9998 | Valid acc: 0.9990 | patience:   4 | Epoch time: 29.2 |

2023-01-27 15:07:01,197 - INFO -
| Epoch:     75 | Train loss: 0.0000 | Valid loss: 0.0002 | Train acc: 1.0000 | Valid acc: 1.0000 | patience:   5 | Epoch time: 29.2 |

2023-01-27 15:07:30,387 - INFO -
| Epoch:     76 | Train loss: 0.0000 | Valid loss: 0.0051 | Train acc: 0.9991 | Valid acc: 0.9986 | patience:   6 | Epoch time: 29.2 |

2023-01-27 15:07:59,593 - INFO -
| Epoch:     77 | Train loss: 0.0004 | Valid loss: 0.0061 | Train acc: 1.0000 | Valid acc: 0.9979 | patience:   7 | Epoch time: 29.2 |

2023-01-27 15:08:28,772 - INFO -
| Epoch:     78 | Train loss: 0.0014 | Valid loss: 0.0008 | Train acc: 1.0000 | Valid acc: 0.9992 | patience:   8 | Epoch time: 29.2 |

2023-01-27 15:08:57,944 - INFO -
| Epoch:     79 | Train loss: 0.0007 | Valid loss: 0.0002 | Train acc: 0.9991 | Valid acc: 0.9994 | patience:   9 | Epoch time: 29.2 |

2023-01-27 15:09:27,132 - INFO -
| Epoch:     80 | Train loss: 0.0020 | Valid loss: 0.0021 | Train acc: 0.9988 | Valid acc: 0.9983 | patience:  10 | Epoch time: 29.2 |

2023-01-27 15:09:56,434 - INFO -
| Epoch:     81 | Train loss: 0.0000 | Valid loss: 0.0012 | Train acc: 0.9987 | Valid acc: 1.0000 | patience:  11 | Epoch time: 29.3 |

2023-01-27 15:10:25,609 - INFO -
| Epoch:     82 | Train loss: 0.0035 | Valid loss: 0.0000 | Train acc: 1.0000 | Valid acc: 1.0000 | patience:  12 | Epoch time: 29.2 |

2023-01-27 15:10:54,835 - INFO -
| Epoch:     83 | Train loss: 0.0007 | Valid loss: 0.0043 | Train acc: 1.0000 | Valid acc: 0.9997 | patience:  13 | Epoch time: 29.2 |

2023-01-27 15:11:23,988 - INFO -
| Epoch:     84 | Train loss: 0.0006 | Valid loss: 0.0002 | Train acc: 0.9996 | Valid acc: 1.0000 | patience:  14 | Epoch time: 29.2 |

2023-01-27 15:11:53,169 - INFO -
| Epoch:     85 | Train loss: 0.0012 | Valid loss: 0.0002 | Train acc: 0.9989 | Valid acc: 1.0000 | patience:  15 | Epoch time: 29.2 |

2023-01-27 15:12:22,352 - INFO -
| Epoch:     86 | Train loss: 0.0057 | Valid loss: 0.0000 | Train acc: 1.0000 | Valid acc: 1.0000 | patience:  16 | Epoch time: 29.2 |

2023-01-27 15:12:51,585 - INFO -
| Epoch:     87 | Train loss: 0.0000 | Valid loss: 0.0030 | Train acc: 0.9981 | Valid acc: 1.0000 | patience:  17 | Epoch time: 29.2 |

2023-01-27 15:13:21,149 - INFO -
| Epoch:     88 | Train loss: 0.0007 | Valid loss: 0.0017 | Train acc: 0.9991 | Valid acc: 1.0000 | patience:  18 | Epoch time: 29.6 |

2023-01-27 15:13:50,323 - INFO -
| Epoch:     89 | Train loss: 0.0008 | Valid loss: 0.0013 | Train acc: 0.9991 | Valid acc: 0.9974 | patience:  19 | Epoch time: 29.2 |

2023-01-27 15:14:19,497 - INFO -
| Epoch:     90 | Train loss: 0.0067 | Valid loss: 0.0067 | Train acc: 1.0000 | Valid acc: 0.9991 | patience:  20 | Epoch time: 29.2 |

2023-01-27 15:14:48,669 - INFO -
| Epoch:     91 | Train loss: 0.0046 | Valid loss: 0.0000 | Train acc: 0.9986 | Valid acc: 0.9974 | patience:  21 | Epoch time: 29.2 |

2023-01-27 15:15:17,855 - INFO -
| Epoch:     92 | Train loss: 0.0019 | Valid loss: 0.0036 | Train acc: 0.9994 | Valid acc: 0.9998 | patience:  22 | Epoch time: 29.2 |

2023-01-27 15:15:47,042 - INFO -
| Epoch:     93 | Train loss: 0.0020 | Valid loss: 0.0059 | Train acc: 1.0000 | Valid acc: 1.0000 | patience:  23 | Epoch time: 29.2 |

2023-01-27 15:16:16,223 - INFO -
| Epoch:     94 | Train loss: 0.0021 | Valid loss: 0.0025 | Train acc: 1.0000 | Valid acc: 0.9975 | patience:  24 | Epoch time: 29.2 |

2023-01-27 15:16:45,406 - INFO -
| Epoch:     95 | Train loss: 0.0006 | Valid loss: 0.0001 | Train acc: 0.9994 | Valid acc: 1.0000 | patience:  25 | Epoch time: 29.2 |

2023-01-27 15:17:14,585 - INFO -
| Epoch:     96 | Train loss: 0.0014 | Valid loss: 0.0005 | Train acc: 1.0000 | Valid acc: 1.0000 | patience:  26 | Epoch time: 29.2 |

2023-01-27 15:17:43,763 - INFO -
| Epoch:     97 | Train loss: 0.0001 | Valid loss: 0.0018 | Train acc: 0.9994 | Valid acc: 0.9969 | patience:  27 | Epoch time: 29.2 |

2023-01-27 15:18:12,937 - INFO -
| Epoch:     98 | Train loss: 0.0017 | Valid loss: 0.0000 | Train acc: 1.0000 | Valid acc: 1.0000 | patience:  28 | Epoch time: 29.2 |

2023-01-27 15:18:42,127 - INFO -
| Epoch:     99 | Train loss: 0.0010 | Valid loss: 0.0002 | Train acc: 0.9997 | Valid acc: 1.0000 | patience:  29 | Epoch time: 29.2 |

2023-01-27 15:19:11,311 - INFO -
| Epoch:    100 | Train loss: 0.0001 | Valid loss: 0.0003 | Train acc: 1.0000 | Valid acc: 0.9983 | patience:  30 | Epoch time: 29.2 |

2023-01-27 15:19:40,488 - INFO -
| Epoch:    101 | Train loss: 0.0027 | Valid loss: 0.0006 | Train acc: 0.9964 | Valid acc: 1.0000 | patience:  31 | Epoch time: 29.2 |

2023-01-27 15:20:09,673 - INFO -
| Epoch:    102 | Train loss: 0.0001 | Valid loss: 0.0065 | Train acc: 1.0000 | Valid acc: 0.9990 | patience:  32 | Epoch time: 29.2 |

2023-01-27 15:20:38,853 - INFO -
| Epoch:    103 | Train loss: 0.0001 | Valid loss: 0.0041 | Train acc: 0.9997 | Valid acc: 0.9995 | patience:  33 | Epoch time: 29.2 |

2023-01-27 15:21:08,039 - INFO -
| Epoch:    104 | Train loss: 0.0008 | Valid loss: 0.0002 | Train acc: 0.9991 | Valid acc: 1.0000 | patience:  34 | Epoch time: 29.2 |

2023-01-27 15:21:37,218 - INFO -
| Epoch:    105 | Train loss: 0.0009 | Valid loss: 0.0000 | Train acc: 0.9997 | Valid acc: 0.9986 | patience:  35 | Epoch time: 29.2 |

2023-01-27 15:22:06,390 - INFO -
| Epoch:    106 | Train loss: 0.0003 | Valid loss: 0.0005 | Train acc: 1.0000 | Valid acc: 1.0000 | patience:  36 | Epoch time: 29.2 |

2023-01-27 15:22:35,576 - INFO -
| Epoch:    107 | Train loss: 0.0040 | Valid loss: 0.0006 | Train acc: 0.9973 | Valid acc: 1.0000 | patience:  37 | Epoch time: 29.2 |

2023-01-27 15:23:04,843 - INFO -
| Epoch:    108 | Train loss: 0.0007 | Valid loss: 0.0000 | Train acc: 1.0000 | Valid acc: 1.0000 | patience:  38 | Epoch time: 29.3 |

2023-01-27 15:23:34,427 - INFO -
| Epoch:    109 | Train loss: 0.0025 | Valid loss: 0.0016 | Train acc: 0.9951 | Valid acc: 1.0000 | patience:  39 | Epoch time: 29.6 |

2023-01-27 15:24:03,633 - INFO -
| Epoch:    110 | Train loss: 0.0035 | Valid loss: 0.0002 | Train acc: 0.9993 | Valid acc: 1.0000 | patience:  40 | Epoch time: 29.2 |

2023-01-27 15:24:32,829 - INFO -
| Epoch:    111 | Train loss: 0.0010 | Valid loss: 0.0026 | Train acc: 0.9983 | Valid acc: 1.0000 | patience:  41 | Epoch time: 29.2 |

2023-01-27 15:25:01,999 - INFO -
| Epoch:    112 | Train loss: 0.0001 | Valid loss: 0.0041 | Train acc: 1.0000 | Valid acc: 1.0000 | patience:  42 | Epoch time: 29.2 |

2023-01-27 15:25:31,211 - INFO -
| Epoch:    113 | Train loss: 0.0000 | Valid loss: 0.0001 | Train acc: 0.9971 | Valid acc: 1.0000 | patience:  43 | Epoch time: 29.2 |

2023-01-27 15:26:00,408 - INFO -
| Epoch:    114 | Train loss: 0.0046 | Valid loss: 0.0011 | Train acc: 1.0000 | Valid acc: 1.0000 | patience:  44 | Epoch time: 29.2 |

2023-01-27 15:26:29,577 - INFO -
| Epoch:    115 | Train loss: 0.0000 | Valid loss: 0.0002 | Train acc: 1.0000 | Valid acc: 0.9995 | patience:  45 | Epoch time: 29.2 |

2023-01-27 15:26:58,765 - INFO -
| Epoch:    116 | Train loss: 0.0009 | Valid loss: 0.0000 | Train acc: 0.9985 | Valid acc: 1.0000 | patience:  46 | Epoch time: 29.2 |

2023-01-27 15:27:27,954 - INFO -
| Epoch:    117 | Train loss: 0.0015 | Valid loss: 0.0002 | Train acc: 0.9997 | Valid acc: 1.0000 | patience:  47 | Epoch time: 29.2 |

2023-01-27 15:27:57,123 - INFO -
| Epoch:    118 | Train loss: 0.0016 | Valid loss: 0.0005 | Train acc: 0.9998 | Valid acc: 1.0000 | patience:  48 | Epoch time: 29.2 |

2023-01-27 15:28:26,309 - INFO -
| Epoch:    119 | Train loss: 0.0086 | Valid loss: 0.0029 | Train acc: 0.9995 | Valid acc: 1.0000 | patience:  49 | Epoch time: 29.2 |

2023-01-27 15:28:55,490 - INFO -
| Epoch:    120 | Train loss: 0.0007 | Valid loss: 0.0033 | Train acc: 0.9993 | Valid acc: 1.0000 | patience:  50 | Epoch time: 29.2 |

2023-01-27 15:29:24,665 - INFO -
| Epoch:    121 | Train loss: 0.0005 | Valid loss: 0.0018 | Train acc: 1.0000 | Valid acc: 0.9986 | patience:  51 | Epoch time: 29.2 |

2023-01-27 15:29:53,829 - INFO -
| Epoch:    122 | Train loss: 0.0004 | Valid loss: 0.0000 | Train acc: 1.0000 | Valid acc: 0.9999 | patience:  52 | Epoch time: 29.2 |

2023-01-27 15:30:22,988 - INFO -
| Epoch:    123 | Train loss: 0.0000 | Valid loss: 0.0000 | Train acc: 0.9976 | Valid acc: 1.0000 | patience:  53 | Epoch time: 29.2 |

2023-01-27 15:30:52,160 - INFO -
| Epoch:    124 | Train loss: 0.0011 | Valid loss: 0.0014 | Train acc: 1.0000 | Valid acc: 1.0000 | patience:  54 | Epoch time: 29.2 |

2023-01-27 15:31:21,323 - INFO -
| Epoch:    125 | Train loss: 0.0000 | Valid loss: 0.0024 | Train acc: 0.9988 | Valid acc: 0.9981 | patience:  55 | Epoch time: 29.2 |

2023-01-27 15:31:50,474 - INFO -
| Epoch:    126 | Train loss: 0.0002 | Valid loss: 0.0010 | Train acc: 0.9997 | Valid acc: 0.9971 | patience:  56 | Epoch time: 29.2 |

2023-01-27 15:32:19,667 - INFO -
| Epoch:    127 | Train loss: 0.0022 | Valid loss: 0.0044 | Train acc: 1.0000 | Valid acc: 1.0000 | patience:  57 | Epoch time: 29.2 |

2023-01-27 15:32:48,823 - INFO -
| Epoch:    128 | Train loss: 0.0001 | Valid loss: 0.0102 | Train acc: 1.0000 | Valid acc: 1.0000 | patience:  58 | Epoch time: 29.2 |

2023-01-27 15:33:18,002 - INFO -
| Epoch:    129 | Train loss: 0.0009 | Valid loss: 0.0000 | Train acc: 0.9937 | Valid acc: 1.0000 | patience:  59 | Epoch time: 29.2 |

2023-01-27 15:33:47,175 - INFO -
| Epoch:    130 | Train loss: 0.0008 | Valid loss: 0.0000 | Train acc: 0.9992 | Valid acc: 1.0000 | patience:  60 | Epoch time: 29.2 |

2023-01-27 15:34:16,354 - INFO -
| Epoch:    131 | Train loss: 0.0000 | Valid loss: 0.0007 | Train acc: 1.0000 | Valid acc: 0.9987 | patience:  61 | Epoch time: 29.2 |

2023-01-27 15:34:45,538 - INFO -
| Epoch:    132 | Train loss: 0.0000 | Valid loss: 0.0017 | Train acc: 0.9993 | Valid acc: 1.0000 | patience:  62 | Epoch time: 29.2 |

2023-01-27 15:35:14,724 - INFO -
| Epoch:    133 | Train loss: 0.0000 | Valid loss: 0.0048 | Train acc: 0.9999 | Valid acc: 1.0000 | patience:  63 | Epoch time: 29.2 |

2023-01-27 15:35:43,903 - INFO -
| Epoch:    134 | Train loss: 0.0000 | Valid loss: 0.0004 | Train acc: 0.9989 | Valid acc: 1.0000 | patience:  64 | Epoch time: 29.2 |

2023-01-27 15:36:13,078 - INFO -
| Epoch:    135 | Train loss: 0.0021 | Valid loss: 0.0001 | Train acc: 0.9995 | Valid acc: 0.9980 | patience:  65 | Epoch time: 29.2 |

2023-01-27 15:36:42,250 - INFO -
| Epoch:    136 | Train loss: 0.0044 | Valid loss: 0.0028 | Train acc: 1.0000 | Valid acc: 0.9980 | patience:  66 | Epoch time: 29.2 |

2023-01-27 15:37:11,446 - INFO -
| Epoch:    137 | Train loss: 0.0003 | Valid loss: 0.0055 | Train acc: 1.0000 | Valid acc: 1.0000 | patience:  67 | Epoch time: 29.2 |

2023-01-27 15:37:40,610 - INFO -
| Epoch:    138 | Train loss: 0.0004 | Valid loss: 0.0000 | Train acc: 1.0000 | Valid acc: 0.9993 | patience:  68 | Epoch time: 29.2 |

2023-01-27 15:38:09,805 - INFO -
| Epoch:    139 | Train loss: 0.0000 | Valid loss: 0.0011 | Train acc: 0.9999 | Valid acc: 1.0000 | patience:  69 | Epoch time: 29.2 |

2023-01-27 15:38:38,982 - INFO -
| Epoch:    140 | Train loss: 0.0006 | Valid loss: 0.0003 | Train acc: 0.9990 | Valid acc: 1.0000 | patience:  70 | Epoch time: 29.2 |

2023-01-27 15:39:08,157 - INFO -
| Epoch:    141 | Train loss: 0.0039 | Valid loss: 0.0086 | Train acc: 1.0000 | Valid acc: 1.0000 | patience:  71 | Epoch time: 29.2 |

2023-01-27 15:39:37,334 - INFO -
| Epoch:    142 | Train loss: 0.0034 | Valid loss: 0.0000 | Train acc: 0.9995 | Valid acc: 1.0000 | patience:  72 | Epoch time: 29.2 |

2023-01-27 15:40:06,520 - INFO -
| Epoch:    143 | Train loss: 0.0004 | Valid loss: 0.0009 | Train acc: 1.0000 | Valid acc: 1.0000 | patience:  73 | Epoch time: 29.2 |

2023-01-27 15:40:35,677 - INFO -
| Epoch:    144 | Train loss: 0.0019 | Valid loss: 0.0007 | Train acc: 0.9973 | Valid acc: 1.0000 | patience:  74 | Epoch time: 29.2 |

2023-01-27 15:41:04,859 - INFO -
| Epoch:    145 | Train loss: 0.0012 | Valid loss: 0.0006 | Train acc: 0.9997 | Valid acc: 1.0000 | patience:  75 | Epoch time: 29.2 |

2023-01-27 15:41:34,070 - INFO -
| Epoch:    146 | Train loss: 0.0000 | Valid loss: 0.0037 | Train acc: 0.9992 | Valid acc: 1.0000 | patience:  76 | Epoch time: 29.2 |

2023-01-27 15:42:03,291 - INFO -
| Epoch:    147 | Train loss: 0.0000 | Valid loss: 0.0013 | Train acc: 1.0000 | Valid acc: 0.9993 | patience:  77 | Epoch time: 29.2 |

2023-01-27 15:42:32,844 - INFO -
| Epoch:    148 | Train loss: 0.0003 | Valid loss: 0.0032 | Train acc: 1.0000 | Valid acc: 1.0000 | patience:  78 | Epoch time: 29.6 |

2023-01-27 15:43:02,015 - INFO -
| Epoch:    149 | Train loss: 0.0000 | Valid loss: 0.0000 | Train acc: 1.0000 | Valid acc: 0.9997 | patience:  79 | Epoch time: 29.2 |

2023-01-27 15:43:31,193 - INFO -
| Epoch:    150 | Train loss: 0.0012 | Valid loss: 0.0010 | Train acc: 1.0000 | Valid acc: 1.0000 | patience:  80 | Epoch time: 29.2 |

2023-01-27 15:44:00,374 - INFO -
| Epoch:    151 | Train loss: 0.0003 | Valid loss: 0.0048 | Train acc: 1.0000 | Valid acc: 1.0000 | patience:  81 | Epoch time: 29.2 |

2023-01-27 15:44:29,540 - INFO -
| Epoch:    152 | Train loss: 0.0001 | Valid loss: 0.0032 | Train acc: 0.9996 | Valid acc: 1.0000 | patience:  82 | Epoch time: 29.2 |

2023-01-27 15:44:58,703 - INFO -
| Epoch:    153 | Train loss: 0.0010 | Valid loss: 0.0019 | Train acc: 0.9983 | Valid acc: 1.0000 | patience:  83 | Epoch time: 29.2 |

2023-01-27 15:45:27,863 - INFO -
| Epoch:    154 | Train loss: 0.0010 | Valid loss: 0.0019 | Train acc: 0.9996 | Valid acc: 1.0000 | patience:  84 | Epoch time: 29.2 |

2023-01-27 15:45:57,040 - INFO -
| Epoch:    155 | Train loss: 0.0000 | Valid loss: 0.0002 | Train acc: 0.9975 | Valid acc: 1.0000 | patience:  85 | Epoch time: 29.2 |

2023-01-27 15:46:26,223 - INFO -
| Epoch:    156 | Train loss: 0.0016 | Valid loss: 0.0006 | Train acc: 1.0000 | Valid acc: 1.0000 | patience:  86 | Epoch time: 29.2 |

2023-01-27 15:46:55,408 - INFO -
| Epoch:    157 | Train loss: 0.0010 | Valid loss: 0.0005 | Train acc: 1.0000 | Valid acc: 0.9943 | patience:  87 | Epoch time: 29.2 |

2023-01-27 15:47:24,576 - INFO -
| Epoch:    158 | Train loss: 0.0017 | Valid loss: 0.0003 | Train acc: 1.0000 | Valid acc: 1.0000 | patience:  88 | Epoch time: 29.2 |

2023-01-27 15:47:53,751 - INFO -
| Epoch:    159 | Train loss: 0.0011 | Valid loss: 0.0002 | Train acc: 1.0000 | Valid acc: 1.0000 | patience:  89 | Epoch time: 29.2 |

2023-01-27 15:48:22,962 - INFO -
| Epoch:    160 | Train loss: 0.0000 | Valid loss: 0.0006 | Train acc: 1.0000 | Valid acc: 1.0000 | patience:  90 | Epoch time: 29.2 |

2023-01-27 15:48:52,128 - INFO -
| Epoch:    161 | Train loss: 0.0006 | Valid loss: 0.0000 | Train acc: 1.0000 | Valid acc: 0.9951 | patience:  91 | Epoch time: 29.2 |

2023-01-27 15:49:21,282 - INFO -
| Epoch:    162 | Train loss: 0.0002 | Valid loss: 0.0019 | Train acc: 1.0000 | Valid acc: 1.0000 | patience:  92 | Epoch time: 29.2 |

2023-01-27 15:49:50,427 - INFO -
| Epoch:    163 | Train loss: 0.0000 | Valid loss: 0.0003 | Train acc: 0.9991 | Valid acc: 0.9995 | patience:  93 | Epoch time: 29.1 |

2023-01-27 15:50:19,611 - INFO -
| Epoch:    164 | Train loss: 0.0000 | Valid loss: 0.0022 | Train acc: 1.0000 | Valid acc: 1.0000 | patience:  94 | Epoch time: 29.2 |

2023-01-27 15:50:48,797 - INFO -
| Epoch:    165 | Train loss: 0.0000 | Valid loss: 0.0000 | Train acc: 0.9992 | Valid acc: 0.9982 | patience:  95 | Epoch time: 29.2 |

2023-01-27 15:51:17,967 - INFO -
| Epoch:    166 | Train loss: 0.0063 | Valid loss: 0.0001 | Train acc: 1.0000 | Valid acc: 1.0000 | patience:  96 | Epoch time: 29.2 |

2023-01-27 15:51:47,147 - INFO -
| Epoch:    167 | Train loss: 0.0017 | Valid loss: 0.0004 | Train acc: 1.0000 | Valid acc: 0.9995 | patience:  97 | Epoch time: 29.2 |

2023-01-27 15:52:16,402 - INFO -
| Epoch:    168 | Train loss: 0.0010 | Valid loss: 0.0000 | Train acc: 1.0000 | Valid acc: 1.0000 | patience:  98 | Epoch time: 29.3 |

2023-01-27 15:52:45,952 - INFO -
| Epoch:    169 | Train loss: 0.0000 | Valid loss: 0.0008 | Train acc: 1.0000 | Valid acc: 0.9977 | patience:  99 | Epoch time: 29.5 |

2023-01-27 15:53:15,147 - INFO -
| Epoch:    170 | Train loss: 0.0007 | Valid loss: 0.0002 | Train acc: 1.0000 | Valid acc: 1.0000 | patience: 100 | Epoch time: 29.2 |

2023-01-27 15:53:44,345 - INFO -
| Epoch:    171 | Train loss: 0.0016 | Valid loss: 0.0002 | Train acc: 1.0000 | Valid acc: 1.0000 | patience: 101 | Epoch time: 29.2 |

2023-01-27 15:54:13,517 - INFO -
| Epoch:    172 | Train loss: 0.0006 | Valid loss: 0.0001 | Train acc: 1.0000 | Valid acc: 1.0000 | patience: 102 | Epoch time: 29.2 |

2023-01-27 15:54:42,674 - INFO -
| Epoch:    173 | Train loss: 0.0002 | Valid loss: 0.0000 | Train acc: 1.0000 | Valid acc: 1.0000 | patience: 103 | Epoch time: 29.2 |

2023-01-27 15:55:11,835 - INFO -
| Epoch:    174 | Train loss: 0.0007 | Valid loss: 0.0000 | Train acc: 0.9993 | Valid acc: 1.0000 | patience: 104 | Epoch time: 29.2 |

2023-01-27 15:55:41,001 - INFO -
| Epoch:    175 | Train loss: 0.0001 | Valid loss: 0.0002 | Train acc: 1.0000 | Valid acc: 1.0000 | patience: 105 | Epoch time: 29.2 |

2023-01-27 15:56:10,181 - INFO -
| Epoch:    176 | Train loss: 0.0008 | Valid loss: 0.0003 | Train acc: 1.0000 | Valid acc: 1.0000 | patience: 106 | Epoch time: 29.2 |

2023-01-27 15:56:39,365 - INFO -
| Epoch:    177 | Train loss: 0.0049 | Valid loss: 0.0000 | Train acc: 1.0000 | Valid acc: 1.0000 | patience: 107 | Epoch time: 29.2 |

2023-01-27 15:57:08,530 - INFO -
| Epoch:    178 | Train loss: 0.0006 | Valid loss: 0.0000 | Train acc: 1.0000 | Valid acc: 1.0000 | patience: 108 | Epoch time: 29.2 |

2023-01-27 15:57:37,687 - INFO -
| Epoch:    179 | Train loss: 0.0000 | Valid loss: 0.0008 | Train acc: 1.0000 | Valid acc: 0.9997 | patience: 109 | Epoch time: 29.2 |

2023-01-27 15:58:06,875 - INFO -
| Epoch:    180 | Train loss: 0.0000 | Valid loss: 0.0005 | Train acc: 1.0000 | Valid acc: 1.0000 | patience: 110 | Epoch time: 29.2 |

2023-01-27 15:58:36,033 - INFO -
| Epoch:    181 | Train loss: 0.0000 | Valid loss: 0.0001 | Train acc: 1.0000 | Valid acc: 1.0000 | patience: 111 | Epoch time: 29.2 |

2023-01-27 15:59:05,181 - INFO -
| Epoch:    182 | Train loss: 0.0000 | Valid loss: 0.0011 | Train acc: 0.9990 | Valid acc: 1.0000 | patience: 112 | Epoch time: 29.1 |

2023-01-27 15:59:34,349 - INFO -
| Epoch:    183 | Train loss: 0.0012 | Valid loss: 0.0000 | Train acc: 1.0000 | Valid acc: 0.9997 | patience: 113 | Epoch time: 29.2 |

2023-01-27 16:00:03,519 - INFO -
| Epoch:    184 | Train loss: 0.0013 | Valid loss: 0.0000 | Train acc: 1.0000 | Valid acc: 1.0000 | patience: 114 | Epoch time: 29.2 |

2023-01-27 16:00:32,686 - INFO -
| Epoch:    185 | Train loss: 0.0000 | Valid loss: 0.0006 | Train acc: 0.9997 | Valid acc: 1.0000 | patience: 115 | Epoch time: 29.2 |

2023-01-27 16:01:01,932 - INFO -
| Epoch:    186 | Train loss: 0.0003 | Valid loss: 0.0036 | Train acc: 1.0000 | Valid acc: 1.0000 | patience: 116 | Epoch time: 29.2 |

2023-01-27 16:01:31,154 - INFO -
| Epoch:    187 | Train loss: 0.0000 | Valid loss: 0.0044 | Train acc: 0.9999 | Valid acc: 1.0000 | patience: 117 | Epoch time: 29.2 |

2023-01-27 16:02:00,299 - INFO -
| Epoch:    188 | Train loss: 0.0006 | Valid loss: 0.0029 | Train acc: 1.0000 | Valid acc: 1.0000 | patience: 118 | Epoch time: 29.1 |

2023-01-27 16:02:29,463 - INFO -
| Epoch:    189 | Train loss: 0.0002 | Valid loss: 0.0003 | Train acc: 1.0000 | Valid acc: 1.0000 | patience: 119 | Epoch time: 29.2 |

2023-01-27 16:02:58,618 - INFO -
| Epoch:    190 | Train loss: 0.0000 | Valid loss: 0.0048 | Train acc: 1.0000 | Valid acc: 1.0000 | patience: 120 | Epoch time: 29.2 |

2023-01-27 16:03:27,815 - INFO -
| Epoch:    191 | Train loss: 0.0002 | Valid loss: 0.0018 | Train acc: 1.0000 | Valid acc: 1.0000 | patience: 121 | Epoch time: 29.2 |

2023-01-27 16:03:56,987 - INFO -
| Epoch:    192 | Train loss: 0.0031 | Valid loss: 0.0010 | Train acc: 1.0000 | Valid acc: 1.0000 | patience: 122 | Epoch time: 29.2 |

2023-01-27 16:04:26,150 - INFO -
| Epoch:    193 | Train loss: 0.0025 | Valid loss: 0.0007 | Train acc: 1.0000 | Valid acc: 1.0000 | patience: 123 | Epoch time: 29.2 |

2023-01-27 16:04:55,315 - INFO -
| Epoch:    194 | Train loss: 0.0000 | Valid loss: 0.0000 | Train acc: 1.0000 | Valid acc: 1.0000 | patience: 124 | Epoch time: 29.2 |

2023-01-27 16:05:24,480 - INFO -
| Epoch:    195 | Train loss: 0.0023 | Valid loss: 0.0001 | Train acc: 1.0000 | Valid acc: 1.0000 | patience: 125 | Epoch time: 29.2 |

2023-01-27 16:05:53,648 - INFO -
| Epoch:    196 | Train loss: 0.0015 | Valid loss: 0.0023 | Train acc: 1.0000 | Valid acc: 1.0000 | patience: 126 | Epoch time: 29.2 |

2023-01-27 16:06:22,828 - INFO -
| Epoch:    197 | Train loss: 0.0000 | Valid loss: 0.0001 | Train acc: 1.0000 | Valid acc: 1.0000 | patience: 127 | Epoch time: 29.2 |

2023-01-27 16:06:52,015 - INFO -
| Epoch:    198 | Train loss: 0.0012 | Valid loss: 0.0023 | Train acc: 1.0000 | Valid acc: 1.0000 | patience: 128 | Epoch time: 29.2 |

2023-01-27 16:07:21,196 - INFO -
| Epoch:    199 | Train loss: 0.0000 | Valid loss: 0.0000 | Train acc: 0.9998 | Valid acc: 1.0000 | patience: 129 | Epoch time: 29.2 |

2023-01-27 16:07:50,360 - INFO -
| Epoch:    200 | Train loss: 0.0001 | Valid loss: 0.0000 | Train acc: 1.0000 | Valid acc: 1.0000 | patience: 130 | Epoch time: 29.2 |

2023-01-27 16:08:19,528 - INFO -
| Epoch:    201 | Train loss: 0.0003 | Valid loss: 0.0001 | Train acc: 1.0000 | Valid acc: 1.0000 | patience: 131 | Epoch time: 29.2 |

2023-01-27 16:08:48,693 - INFO -
| Epoch:    202 | Train loss: 0.0061 | Valid loss: 0.0002 | Train acc: 0.9979 | Valid acc: 1.0000 | patience: 132 | Epoch time: 29.2 |

2023-01-27 16:09:17,865 - INFO -
| Epoch:    203 | Train loss: 0.0000 | Valid loss: 0.0001 | Train acc: 0.9960 | Valid acc: 1.0000 | patience: 133 | Epoch time: 29.2 |

2023-01-27 16:09:47,014 - INFO -
| Epoch:    204 | Train loss: 0.0000 | Valid loss: 0.0000 | Train acc: 1.0000 | Valid acc: 1.0000 | patience: 134 | Epoch time: 29.1 |

2023-01-27 16:10:16,203 - INFO -
| Epoch:    205 | Train loss: 0.0000 | Valid loss: 0.0006 | Train acc: 1.0000 | Valid acc: 1.0000 | patience: 135 | Epoch time: 29.2 |

2023-01-27 16:10:45,350 - INFO -
| Epoch:    206 | Train loss: 0.0000 | Valid loss: 0.0004 | Train acc: 0.9954 | Valid acc: 0.9991 | patience: 136 | Epoch time: 29.1 |

2023-01-27 16:11:14,546 - INFO -
| Epoch:    207 | Train loss: 0.0011 | Valid loss: 0.0002 | Train acc: 1.0000 | Valid acc: 1.0000 | patience: 137 | Epoch time: 29.2 |

2023-01-27 16:11:44,072 - INFO -
| Epoch:    208 | Train loss: 0.0001 | Valid loss: 0.0049 | Train acc: 1.0000 | Valid acc: 1.0000 | patience: 138 | Epoch time: 29.5 |

2023-01-27 16:12:13,254 - INFO -
| Epoch:    209 | Train loss: 0.0062 | Valid loss: 0.0005 | Train acc: 0.9991 | Valid acc: 0.9995 | patience: 139 | Epoch time: 29.2 |

2023-01-27 16:12:42,406 - INFO -
| Epoch:    210 | Train loss: 0.0001 | Valid loss: 0.0005 | Train acc: 1.0000 | Valid acc: 1.0000 | patience: 140 | Epoch time: 29.2 |

2023-01-27 16:13:11,545 - INFO -
| Epoch:    211 | Train loss: 0.0001 | Valid loss: 0.0032 | Train acc: 0.9969 | Valid acc: 0.9998 | patience: 141 | Epoch time: 29.1 |

2023-01-27 16:13:40,697 - INFO -
| Epoch:    212 | Train loss: 0.0021 | Valid loss: 0.0000 | Train acc: 1.0000 | Valid acc: 1.0000 | patience: 142 | Epoch time: 29.2 |

2023-01-27 16:14:09,853 - INFO -
| Epoch:    213 | Train loss: 0.0000 | Valid loss: 0.0011 | Train acc: 0.9972 | Valid acc: 1.0000 | patience: 143 | Epoch time: 29.2 |

2023-01-27 16:14:38,999 - INFO -
| Epoch:    214 | Train loss: 0.0047 | Valid loss: 0.0015 | Train acc: 1.0000 | Valid acc: 0.9992 | patience: 144 | Epoch time: 29.1 |

2023-01-27 16:15:08,355 - INFO -
| Epoch:    215 | Train loss: 0.0036 | Valid loss: 0.0006 | Train acc: 0.9998 | Valid acc: 1.0000 | patience: 145 | Epoch time: 29.4 |

2023-01-27 16:15:37,542 - INFO -
| Epoch:    216 | Train loss: 0.0006 | Valid loss: 0.0010 | Train acc: 1.0000 | Valid acc: 1.0000 | patience: 146 | Epoch time: 29.2 |

2023-01-27 16:16:06,717 - INFO -
| Epoch:    217 | Train loss: 0.0002 | Valid loss: 0.0000 | Train acc: 1.0000 | Valid acc: 1.0000 | patience: 147 | Epoch time: 29.2 |

2023-01-27 16:16:35,893 - INFO -
| Epoch:    218 | Train loss: 0.0005 | Valid loss: 0.0004 | Train acc: 0.9991 | Valid acc: 1.0000 | patience: 148 | Epoch time: 29.2 |

2023-01-27 16:17:05,055 - INFO -
| Epoch:    219 | Train loss: 0.0005 | Valid loss: 0.0030 | Train acc: 1.0000 | Valid acc: 1.0000 | patience: 149 | Epoch time: 29.2 |

2023-01-27 16:17:34,285 - INFO -
| Epoch:    220 | Train loss: 0.0007 | Valid loss: 0.0049 | Train acc: 1.0000 | Valid acc: 1.0000 | patience: 150 | Epoch time: 29.2 |

2023-01-27 16:18:03,479 - INFO -
| Epoch:    221 | Train loss: 0.0008 | Valid loss: 0.0000 | Train acc: 0.9968 | Valid acc: 1.0000 | patience: 151 | Epoch time: 29.2 |

2023-01-27 16:18:32,655 - INFO -
| Epoch:    222 | Train loss: 0.0014 | Valid loss: 0.0016 | Train acc: 1.0000 | Valid acc: 1.0000 | patience: 152 | Epoch time: 29.2 |

2023-01-27 16:19:01,826 - INFO -
| Epoch:    223 | Train loss: 0.0001 | Valid loss: 0.0024 | Train acc: 1.0000 | Valid acc: 0.9970 | patience: 153 | Epoch time: 29.2 |

2023-01-27 16:19:31,034 - INFO -
| Epoch:    224 | Train loss: 0.0047 | Valid loss: 0.0029 | Train acc: 0.9993 | Valid acc: 1.0000 | patience: 154 | Epoch time: 29.2 |

2023-01-27 16:20:00,207 - INFO -
| Epoch:    225 | Train loss: 0.0004 | Valid loss: 0.0003 | Train acc: 1.0000 | Valid acc: 1.0000 | patience: 155 | Epoch time: 29.2 |

2023-01-27 16:20:29,378 - INFO -
| Epoch:    226 | Train loss: 0.0031 | Valid loss: 0.0050 | Train acc: 1.0000 | Valid acc: 1.0000 | patience: 156 | Epoch time: 29.2 |

2023-01-27 16:20:58,641 - INFO -
| Epoch:    227 | Train loss: 0.0009 | Valid loss: 0.0006 | Train acc: 0.9997 | Valid acc: 1.0000 | patience: 157 | Epoch time: 29.3 |

2023-01-27 16:21:27,794 - INFO -
| Epoch:    228 | Train loss: 0.0006 | Valid loss: 0.0017 | Train acc: 1.0000 | Valid acc: 1.0000 | patience: 158 | Epoch time: 29.2 |

2023-01-27 16:21:57,272 - INFO -
| Epoch:    229 | Train loss: 0.0006 | Valid loss: 0.0000 | Train acc: 0.9999 | Valid acc: 1.0000 | patience: 159 | Epoch time: 29.5 |

2023-01-27 16:22:26,389 - INFO -
| Epoch:    230 | Train loss: 0.0022 | Valid loss: 0.0001 | Train acc: 0.9998 | Valid acc: 0.9997 | patience: 160 | Epoch time: 29.1 |

2023-01-27 16:22:55,495 - INFO -
| Epoch:    231 | Train loss: 0.0084 | Valid loss: 0.0003 | Train acc: 1.0000 | Valid acc: 1.0000 | patience: 161 | Epoch time: 29.1 |

2023-01-27 16:23:24,590 - INFO -
| Epoch:    232 | Train loss: 0.0006 | Valid loss: 0.0013 | Train acc: 0.9990 | Valid acc: 0.9991 | patience: 162 | Epoch time: 29.1 |

2023-01-27 16:23:53,733 - INFO -
| Epoch:    233 | Train loss: 0.0006 | Valid loss: 0.0014 | Train acc: 1.0000 | Valid acc: 1.0000 | patience: 163 | Epoch time: 29.1 |

2023-01-27 16:24:22,859 - INFO -
| Epoch:    234 | Train loss: 0.0000 | Valid loss: 0.0009 | Train acc: 1.0000 | Valid acc: 1.0000 | patience: 164 | Epoch time: 29.1 |

2023-01-27 16:24:51,990 - INFO -
| Epoch:    235 | Train loss: 0.0009 | Valid loss: 0.0000 | Train acc: 1.0000 | Valid acc: 1.0000 | patience: 165 | Epoch time: 29.1 |

2023-01-27 16:25:21,129 - INFO -
| Epoch:    236 | Train loss: 0.0007 | Valid loss: 0.0000 | Train acc: 1.0000 | Valid acc: 1.0000 | patience: 166 | Epoch time: 29.1 |

2023-01-27 16:25:50,240 - INFO -
| Epoch:    237 | Train loss: 0.0010 | Valid loss: 0.0008 | Train acc: 0.9989 | Valid acc: 1.0000 | patience: 167 | Epoch time: 29.1 |

2023-01-27 16:26:19,351 - INFO -
| Epoch:    238 | Train loss: 0.0034 | Valid loss: 0.0028 | Train acc: 0.9987 | Valid acc: 1.0000 | patience: 168 | Epoch time: 29.1 |

2023-01-27 16:26:48,470 - INFO -
| Epoch:    239 | Train loss: 0.0000 | Valid loss: 0.0007 | Train acc: 1.0000 | Valid acc: 1.0000 | patience: 169 | Epoch time: 29.1 |

2023-01-27 16:27:17,558 - INFO -
| Epoch:    240 | Train loss: 0.0002 | Valid loss: 0.0001 | Train acc: 1.0000 | Valid acc: 1.0000 | patience: 170 | Epoch time: 29.1 |

2023-01-27 16:27:46,668 - INFO -
| Epoch:    241 | Train loss: 0.0000 | Valid loss: 0.0046 | Train acc: 0.9998 | Valid acc: 1.0000 | patience: 171 | Epoch time: 29.1 |

2023-01-27 16:28:15,760 - INFO -
| Epoch:    242 | Train loss: 0.0026 | Valid loss: 0.0005 | Train acc: 0.9994 | Valid acc: 0.9993 | patience: 172 | Epoch time: 29.1 |

2023-01-27 16:28:44,859 - INFO -
| Epoch:    243 | Train loss: 0.0000 | Valid loss: 0.0000 | Train acc: 0.9953 | Valid acc: 0.9987 | patience: 173 | Epoch time: 29.1 |

2023-01-27 16:29:13,956 - INFO -
| Epoch:    244 | Train loss: 0.0000 | Valid loss: 0.0000 | Train acc: 1.0000 | Valid acc: 1.0000 | patience: 174 | Epoch time: 29.1 |

2023-01-27 16:29:43,069 - INFO -
| Epoch:    245 | Train loss: 0.0017 | Valid loss: 0.0000 | Train acc: 1.0000 | Valid acc: 0.9997 | patience: 175 | Epoch time: 29.1 |

2023-01-27 16:30:12,182 - INFO -
| Epoch:    246 | Train loss: 0.0000 | Valid loss: 0.0000 | Train acc: 1.0000 | Valid acc: 0.9986 | patience: 176 | Epoch time: 29.1 |

2023-01-27 16:30:41,318 - INFO -
| Epoch:    247 | Train loss: 0.0004 | Valid loss: 0.0000 | Train acc: 1.0000 | Valid acc: 1.0000 | patience: 177 | Epoch time: 29.1 |

2023-01-27 16:31:10,412 - INFO -
| Epoch:    248 | Train loss: 0.0000 | Valid loss: 0.0000 | Train acc: 1.0000 | Valid acc: 0.9998 | patience: 178 | Epoch time: 29.1 |

2023-01-27 16:31:39,501 - INFO -
| Epoch:    249 | Train loss: 0.0000 | Valid loss: 0.0015 | Train acc: 1.0000 | Valid acc: 1.0000 | patience: 179 | Epoch time: 29.1 |

2023-01-27 16:32:08,602 - INFO -
| Epoch:    250 | Train loss: 0.0001 | Valid loss: 0.0010 | Train acc: 1.0000 | Valid acc: 1.0000 | patience: 180 | Epoch time: 29.1 |

2023-01-27 16:32:37,720 - INFO -
| Epoch:    251 | Train loss: 0.0002 | Valid loss: 0.0000 | Train acc: 1.0000 | Valid acc: 0.9997 | patience: 181 | Epoch time: 29.1 |

2023-01-27 16:33:06,857 - INFO -
| Epoch:    252 | Train loss: 0.0008 | Valid loss: 0.0004 | Train acc: 1.0000 | Valid acc: 0.9992 | patience: 182 | Epoch time: 29.1 |

2023-01-27 16:33:35,974 - INFO -
| Epoch:    253 | Train loss: 0.0006 | Valid loss: 0.0000 | Train acc: 1.0000 | Valid acc: 1.0000 | patience: 183 | Epoch time: 29.1 |

2023-01-27 16:34:05,082 - INFO -
| Epoch:    254 | Train loss: 0.0002 | Valid loss: 0.0001 | Train acc: 1.0000 | Valid acc: 1.0000 | patience: 184 | Epoch time: 29.1 |

2023-01-27 16:34:34,198 - INFO -
| Epoch:    255 | Train loss: 0.0000 | Valid loss: 0.0003 | Train acc: 0.9971 | Valid acc: 1.0000 | patience: 185 | Epoch time: 29.1 |

2023-01-27 16:35:03,325 - INFO -
| Epoch:    256 | Train loss: 0.0000 | Valid loss: 0.0007 | Train acc: 0.9991 | Valid acc: 1.0000 | patience: 186 | Epoch time: 29.1 |

2023-01-27 16:35:32,429 - INFO -
| Epoch:    257 | Train loss: 0.0001 | Valid loss: 0.0000 | Train acc: 1.0000 | Valid acc: 1.0000 | patience: 187 | Epoch time: 29.1 |

2023-01-27 16:36:01,551 - INFO -
| Epoch:    258 | Train loss: 0.0048 | Valid loss: 0.0001 | Train acc: 1.0000 | Valid acc: 1.0000 | patience: 188 | Epoch time: 29.1 |

2023-01-27 16:36:30,658 - INFO -
| Epoch:    259 | Train loss: 0.0011 | Valid loss: 0.0002 | Train acc: 0.9998 | Valid acc: 1.0000 | patience: 189 | Epoch time: 29.1 |

2023-01-27 16:36:59,777 - INFO -
| Epoch:    260 | Train loss: 0.0010 | Valid loss: 0.0011 | Train acc: 0.9995 | Valid acc: 0.9981 | patience: 190 | Epoch time: 29.1 |

2023-01-27 16:37:28,899 - INFO -
| Epoch:    261 | Train loss: 0.0004 | Valid loss: 0.0010 | Train acc: 1.0000 | Valid acc: 1.0000 | patience: 191 | Epoch time: 29.1 |

2023-01-27 16:37:58,009 - INFO -
| Epoch:    262 | Train loss: 0.0022 | Valid loss: 0.0001 | Train acc: 1.0000 | Valid acc: 1.0000 | patience: 192 | Epoch time: 29.1 |

2023-01-27 16:38:27,126 - INFO -
| Epoch:    263 | Train loss: 0.0004 | Valid loss: 0.0109 | Train acc: 1.0000 | Valid acc: 1.0000 | patience: 193 | Epoch time: 29.1 |

2023-01-27 16:38:56,216 - INFO -
| Epoch:    264 | Train loss: 0.0012 | Valid loss: 0.0019 | Train acc: 1.0000 | Valid acc: 1.0000 | patience: 194 | Epoch time: 29.1 |

2023-01-27 16:39:25,307 - INFO -
| Epoch:    265 | Train loss: 0.0003 | Valid loss: 0.0033 | Train acc: 0.9981 | Valid acc: 1.0000 | patience: 195 | Epoch time: 29.1 |

2023-01-27 16:39:54,413 - INFO -
| Epoch:    266 | Train loss: 0.0010 | Valid loss: 0.0002 | Train acc: 0.9993 | Valid acc: 1.0000 | patience: 196 | Epoch time: 29.1 |

2023-01-27 16:40:23,542 - INFO -
| Epoch:    267 | Train loss: 0.0018 | Valid loss: 0.0007 | Train acc: 1.0000 | Valid acc: 1.0000 | patience: 197 | Epoch time: 29.1 |

2023-01-27 16:40:53,021 - INFO -
| Epoch:    268 | Train loss: 0.0000 | Valid loss: 0.0000 | Train acc: 1.0000 | Valid acc: 1.0000 | patience: 198 | Epoch time: 29.5 |

2023-01-27 16:41:22,124 - INFO -
| Epoch:    269 | Train loss: 0.0142 | Valid loss: 0.0003 | Train acc: 0.9961 | Valid acc: 1.0000 | patience: 199 | Epoch time: 29.1 |

2023-01-27 16:41:51,255 - INFO -
| Epoch:    270 | Train loss: 0.0000 | Valid loss: 0.0001 | Train acc: 0.9991 | Valid acc: 1.0000 | patience: 200 | Epoch time: 29.1 |

2023-01-27 16:42:20,371 - INFO -
| Epoch:    271 | Train loss: 0.0014 | Valid loss: 0.0017 | Train acc: 1.0000 | Valid acc: 1.0000 | patience: 201 | Epoch time: 29.1 |

2023-01-27 16:42:49,473 - INFO -
| Epoch:    272 | Train loss: 0.0000 | Valid loss: 0.0005 | Train acc: 1.0000 | Valid acc: 0.9982 | patience: 202 | Epoch time: 29.1 |

2023-01-27 16:43:18,560 - INFO -
| Epoch:    273 | Train loss: 0.0006 | Valid loss: 0.0040 | Train acc: 1.0000 | Valid acc: 1.0000 | patience: 203 | Epoch time: 29.1 |

2023-01-27 16:43:47,670 - INFO -
| Epoch:    274 | Train loss: 0.0000 | Valid loss: 0.0000 | Train acc: 1.0000 | Valid acc: 1.0000 | patience: 204 | Epoch time: 29.1 |

2023-01-27 16:44:16,769 - INFO -
| Epoch:    275 | Train loss: 0.0000 | Valid loss: 0.0002 | Train acc: 1.0000 | Valid acc: 1.0000 | patience: 205 | Epoch time: 29.1 |

2023-01-27 16:44:45,899 - INFO -
| Epoch:    276 | Train loss: 0.0001 | Valid loss: 0.0017 | Train acc: 1.0000 | Valid acc: 1.0000 | patience: 206 | Epoch time: 29.1 |

2023-01-27 16:45:15,032 - INFO -
| Epoch:    277 | Train loss: 0.0000 | Valid loss: 0.0010 | Train acc: 0.9978 | Valid acc: 1.0000 | patience: 207 | Epoch time: 29.1 |

2023-01-27 16:45:44,139 - INFO -
| Epoch:    278 | Train loss: 0.0054 | Valid loss: 0.0000 | Train acc: 0.9994 | Valid acc: 0.9984 | patience: 208 | Epoch time: 29.1 |

2023-01-27 16:46:13,244 - INFO -
| Epoch:    279 | Train loss: 0.0025 | Valid loss: 0.0000 | Train acc: 1.0000 | Valid acc: 1.0000 | patience: 209 | Epoch time: 29.1 |

2023-01-27 16:46:42,334 - INFO -
| Epoch:    280 | Train loss: 0.0031 | Valid loss: 0.0000 | Train acc: 1.0000 | Valid acc: 0.9986 | patience: 210 | Epoch time: 29.1 |

2023-01-27 16:47:11,432 - INFO -
| Epoch:    281 | Train loss: 0.0000 | Valid loss: 0.0000 | Train acc: 1.0000 | Valid acc: 1.0000 | patience: 211 | Epoch time: 29.1 |

2023-01-27 16:47:40,537 - INFO -
| Epoch:    282 | Train loss: 0.0000 | Valid loss: 0.0011 | Train acc: 0.9990 | Valid acc: 1.0000 | patience: 212 | Epoch time: 29.1 |

2023-01-27 16:48:09,646 - INFO -
| Epoch:    283 | Train loss: 0.0004 | Valid loss: 0.0003 | Train acc: 1.0000 | Valid acc: 1.0000 | patience: 213 | Epoch time: 29.1 |

2023-01-27 16:48:38,751 - INFO -
| Epoch:    284 | Train loss: 0.0002 | Valid loss: 0.0008 | Train acc: 0.9983 | Valid acc: 1.0000 | patience: 214 | Epoch time: 29.1 |

2023-01-27 16:49:07,853 - INFO -
| Epoch:    285 | Train loss: 0.0007 | Valid loss: 0.0000 | Train acc: 1.0000 | Valid acc: 1.0000 | patience: 215 | Epoch time: 29.1 |

2023-01-27 16:49:36,946 - INFO -
| Epoch:    286 | Train loss: 0.0002 | Valid loss: 0.0000 | Train acc: 1.0000 | Valid acc: 1.0000 | patience: 216 | Epoch time: 29.1 |

2023-01-27 16:50:06,093 - INFO -
| Epoch:    287 | Train loss: 0.0000 | Valid loss: 0.0000 | Train acc: 0.9983 | Valid acc: 1.0000 | patience: 217 | Epoch time: 29.1 |

2023-01-27 16:50:35,254 - INFO -
| Epoch:    288 | Train loss: 0.0000 | Valid loss: 0.0001 | Train acc: 1.0000 | Valid acc: 1.0000 | patience: 218 | Epoch time: 29.2 |

2023-01-27 16:51:04,729 - INFO -
| Epoch:    289 | Train loss: 0.0012 | Valid loss: 0.0000 | Train acc: 0.9966 | Valid acc: 1.0000 | patience: 219 | Epoch time: 29.5 |

2023-01-27 16:51:33,833 - INFO -
| Epoch:    290 | Train loss: 0.0000 | Valid loss: 0.0000 | Train acc: 0.9977 | Valid acc: 1.0000 | patience: 220 | Epoch time: 29.1 |

2023-01-27 16:52:02,938 - INFO -
| Epoch:    291 | Train loss: 0.0000 | Valid loss: 0.0000 | Train acc: 1.0000 | Valid acc: 1.0000 | patience: 221 | Epoch time: 29.1 |

2023-01-27 16:52:32,025 - INFO -
| Epoch:    292 | Train loss: 0.0003 | Valid loss: 0.0004 | Train acc: 1.0000 | Valid acc: 1.0000 | patience: 222 | Epoch time: 29.1 |

2023-01-27 16:53:01,138 - INFO -
| Epoch:    293 | Train loss: 0.0006 | Valid loss: 0.0000 | Train acc: 1.0000 | Valid acc: 1.0000 | patience: 223 | Epoch time: 29.1 |

2023-01-27 16:53:30,228 - INFO -
| Epoch:    294 | Train loss: 0.0004 | Valid loss: 0.0000 | Train acc: 1.0000 | Valid acc: 0.9998 | patience: 224 | Epoch time: 29.1 |

2023-01-27 16:53:59,359 - INFO -
| Epoch:    295 | Train loss: 0.0024 | Valid loss: 0.0000 | Train acc: 1.0000 | Valid acc: 1.0000 | patience: 225 | Epoch time: 29.1 |

2023-01-27 16:54:28,471 - INFO -
| Epoch:    296 | Train loss: 0.0010 | Valid loss: 0.0000 | Train acc: 1.0000 | Valid acc: 1.0000 | patience: 226 | Epoch time: 29.1 |

2023-01-27 16:54:57,579 - INFO -
| Epoch:    297 | Train loss: 0.0015 | Valid loss: 0.0001 | Train acc: 1.0000 | Valid acc: 1.0000 | patience: 227 | Epoch time: 29.1 |

2023-01-27 16:55:26,673 - INFO -
| Epoch:    298 | Train loss: 0.0002 | Valid loss: 0.0001 | Train acc: 1.0000 | Valid acc: 1.0000 | patience: 228 | Epoch time: 29.1 |

2023-01-27 16:55:55,791 - INFO -
| Epoch:    299 | Train loss: 0.0000 | Valid loss: 0.0000 | Train acc: 1.0000 | Valid acc: 1.0000 | patience: 229 | Epoch time: 29.1 |

2023-01-27 16:56:24,891 - INFO -
| Epoch:    300 | Train loss: 0.0003 | Valid loss: 0.0000 | Train acc: 0.9997 | Valid acc: 1.0000 | patience: 230 | Epoch time: 29.1 |

2023-01-27 16:56:53,971 - INFO -
| Epoch:    301 | Train loss: 0.0091 | Valid loss: 0.0008 | Train acc: 0.9990 | Valid acc: 1.0000 | patience: 231 | Epoch time: 29.1 |

2023-01-27 16:57:23,058 - INFO -
| Epoch:    302 | Train loss: 0.0039 | Valid loss: 0.0000 | Train acc: 1.0000 | Valid acc: 1.0000 | patience: 232 | Epoch time: 29.1 |

2023-01-27 16:57:52,156 - INFO -
| Epoch:    303 | Train loss: 0.0000 | Valid loss: 0.0000 | Train acc: 1.0000 | Valid acc: 1.0000 | patience: 233 | Epoch time: 29.1 |

2023-01-27 16:58:21,246 - INFO -
| Epoch:    304 | Train loss: 0.0040 | Valid loss: 0.0000 | Train acc: 1.0000 | Valid acc: 1.0000 | patience: 234 | Epoch time: 29.1 |

2023-01-27 16:58:50,339 - INFO -
| Epoch:    305 | Train loss: 0.0000 | Valid loss: 0.0000 | Train acc: 0.9993 | Valid acc: 1.0000 | patience: 235 | Epoch time: 29.1 |

2023-01-27 16:59:19,430 - INFO -
| Epoch:    306 | Train loss: 0.0000 | Valid loss: 0.0000 | Train acc: 1.0000 | Valid acc: 1.0000 | patience: 236 | Epoch time: 29.1 |

2023-01-27 16:59:48,566 - INFO -
| Epoch:    307 | Train loss: 0.0000 | Valid loss: 0.0019 | Train acc: 1.0000 | Valid acc: 1.0000 | patience: 237 | Epoch time: 29.1 |

2023-01-27 17:00:17,680 - INFO -
| Epoch:    308 | Train loss: 0.0000 | Valid loss: 0.0004 | Train acc: 1.0000 | Valid acc: 1.0000 | patience: 238 | Epoch time: 29.1 |

2023-01-27 17:00:46,786 - INFO -
| Epoch:    309 | Train loss: 0.0006 | Valid loss: 0.0012 | Train acc: 1.0000 | Valid acc: 1.0000 | patience: 239 | Epoch time: 29.1 |

2023-01-27 17:01:15,887 - INFO -
| Epoch:    310 | Train loss: 0.0000 | Valid loss: 0.0000 | Train acc: 0.9981 | Valid acc: 1.0000 | patience: 240 | Epoch time: 29.1 |

2023-01-27 17:01:44,985 - INFO -
| Epoch:    311 | Train loss: 0.0000 | Valid loss: 0.0001 | Train acc: 1.0000 | Valid acc: 1.0000 | patience: 241 | Epoch time: 29.1 |

2023-01-27 17:02:14,083 - INFO -
| Epoch:    312 | Train loss: 0.0001 | Valid loss: 0.0000 | Train acc: 1.0000 | Valid acc: 1.0000 | patience: 242 | Epoch time: 29.1 |

2023-01-27 17:02:43,157 - INFO -
| Epoch:    313 | Train loss: 0.0001 | Valid loss: 0.0007 | Train acc: 0.9992 | Valid acc: 1.0000 | patience: 243 | Epoch time: 29.1 |

2023-01-27 17:03:12,272 - INFO -
| Epoch:    314 | Train loss: 0.0005 | Valid loss: 0.0000 | Train acc: 1.0000 | Valid acc: 1.0000 | patience: 244 | Epoch time: 29.1 |

2023-01-27 17:03:41,403 - INFO -
| Epoch:    315 | Train loss: 0.0002 | Valid loss: 0.0002 | Train acc: 1.0000 | Valid acc: 1.0000 | patience: 245 | Epoch time: 29.1 |

2023-01-27 17:04:10,522 - INFO -
| Epoch:    316 | Train loss: 0.0000 | Valid loss: 0.0000 | Train acc: 1.0000 | Valid acc: 0.9993 | patience: 246 | Epoch time: 29.1 |

2023-01-27 17:04:39,615 - INFO -
| Epoch:    317 | Train loss: 0.0019 | Valid loss: 0.0000 | Train acc: 0.9987 | Valid acc: 1.0000 | patience: 247 | Epoch time: 29.1 |

2023-01-27 17:05:08,710 - INFO -
| Epoch:    318 | Train loss: 0.0003 | Valid loss: 0.0004 | Train acc: 1.0000 | Valid acc: 1.0000 | patience: 248 | Epoch time: 29.1 |

2023-01-27 17:05:37,806 - INFO -
| Epoch:    319 | Train loss: 0.0000 | Valid loss: 0.0001 | Train acc: 1.0000 | Valid acc: 0.9998 | patience: 249 | Epoch time: 29.1 |

2023-01-27 17:06:07,019 - INFO -
| Epoch:    320 | Train loss: 0.0033 | Valid loss: 0.0012 | Train acc: 0.9984 | Valid acc: 0.9993 | patience: 250 | Epoch time: 29.2 |

2023-01-27 17:06:36,105 - INFO -
| Epoch:    321 | Train loss: 0.0001 | Valid loss: 0.0001 | Train acc: 1.0000 | Valid acc: 0.9991 | patience: 251 | Epoch time: 29.1 |

2023-01-27 17:07:05,188 - INFO -
| Epoch:    322 | Train loss: 0.0000 | Valid loss: 0.0000 | Train acc: 1.0000 | Valid acc: 1.0000 | patience: 252 | Epoch time: 29.1 |

2023-01-27 17:07:34,284 - INFO -
| Epoch:    323 | Train loss: 0.0002 | Valid loss: 0.0000 | Train acc: 1.0000 | Valid acc: 1.0000 | patience: 253 | Epoch time: 29.1 |

2023-01-27 17:08:03,386 - INFO -
| Epoch:    324 | Train loss: 0.0002 | Valid loss: 0.0005 | Train acc: 0.9970 | Valid acc: 1.0000 | patience: 254 | Epoch time: 29.1 |

2023-01-27 17:08:32,500 - INFO -
| Epoch:    325 | Train loss: 0.0001 | Valid loss: 0.0004 | Train acc: 0.9995 | Valid acc: 1.0000 | patience: 255 | Epoch time: 29.1 |

2023-01-27 17:09:01,607 - INFO -
| Epoch:    326 | Train loss: 0.0000 | Valid loss: 0.0007 | Train acc: 1.0000 | Valid acc: 1.0000 | patience: 256 | Epoch time: 29.1 |

2023-01-27 17:09:30,760 - INFO -
| Epoch:    327 | Train loss: 0.0024 | Valid loss: 0.0038 | Train acc: 1.0000 | Valid acc: 1.0000 | patience: 257 | Epoch time: 29.2 |

2023-01-27 17:10:00,262 - INFO -
| Epoch:    328 | Train loss: 0.0007 | Valid loss: 0.0000 | Train acc: 1.0000 | Valid acc: 0.9992 | patience: 258 | Epoch time: 29.5 |

2023-01-27 17:10:29,350 - INFO -
| Epoch:    329 | Train loss: 0.0009 | Valid loss: 0.0001 | Train acc: 0.9998 | Valid acc: 1.0000 | patience: 259 | Epoch time: 29.1 |

2023-01-27 17:10:58,427 - INFO -
| Epoch:    330 | Train loss: 0.0000 | Valid loss: 0.0003 | Train acc: 1.0000 | Valid acc: 0.9997 | patience: 260 | Epoch time: 29.1 |

2023-01-27 17:11:27,532 - INFO -
| Epoch:    331 | Train loss: 0.0015 | Valid loss: 0.0000 | Train acc: 1.0000 | Valid acc: 1.0000 | patience: 261 | Epoch time: 29.1 |

2023-01-27 17:11:56,625 - INFO -
| Epoch:    332 | Train loss: 0.0000 | Valid loss: 0.0000 | Train acc: 1.0000 | Valid acc: 0.9997 | patience: 262 | Epoch time: 29.1 |

2023-01-27 17:12:25,733 - INFO -
| Epoch:    333 | Train loss: 0.0000 | Valid loss: 0.0002 | Train acc: 1.0000 | Valid acc: 0.9977 | patience: 263 | Epoch time: 29.1 |

2023-01-27 17:12:54,813 - INFO -
| Epoch:    334 | Train loss: 0.0017 | Valid loss: 0.0004 | Train acc: 1.0000 | Valid acc: 0.9992 | patience: 264 | Epoch time: 29.1 |

2023-01-27 17:13:23,917 - INFO -
| Epoch:    335 | Train loss: 0.0009 | Valid loss: 0.0000 | Train acc: 1.0000 | Valid acc: 1.0000 | patience: 265 | Epoch time: 29.1 |

2023-01-27 17:13:53,020 - INFO -
| Epoch:    336 | Train loss: 0.0005 | Valid loss: 0.0016 | Train acc: 0.9995 | Valid acc: 1.0000 | patience: 266 | Epoch time: 29.1 |

2023-01-27 17:14:22,157 - INFO -
| Epoch:    337 | Train loss: 0.0000 | Valid loss: 0.0000 | Train acc: 1.0000 | Valid acc: 1.0000 | patience: 267 | Epoch time: 29.1 |

2023-01-27 17:14:51,450 - INFO -
| Epoch:    338 | Train loss: 0.0006 | Valid loss: 0.0004 | Train acc: 1.0000 | Valid acc: 1.0000 | patience: 268 | Epoch time: 29.1 |

2023-01-27 17:15:20,679 - INFO -
| Epoch:    339 | Train loss: 0.0000 | Valid loss: 0.0034 | Train acc: 0.9986 | Valid acc: 1.0000 | patience: 269 | Epoch time: 29.1 |

2023-01-27 17:15:49,809 - INFO -
| Epoch:    340 | Train loss: 0.0013 | Valid loss: 0.0018 | Train acc: 1.0000 | Valid acc: 1.0000 | patience: 270 | Epoch time: 29.1 |

2023-01-27 17:16:18,949 - INFO -
| Epoch:    341 | Train loss: 0.0005 | Valid loss: 0.0000 | Train acc: 0.9993 | Valid acc: 1.0000 | patience: 271 | Epoch time: 29.1 |

2023-01-27 17:16:48,068 - INFO -
| Epoch:    342 | Train loss: 0.0000 | Valid loss: 0.0000 | Train acc: 1.0000 | Valid acc: 1.0000 | patience: 272 | Epoch time: 29.1 |

2023-01-27 17:17:17,226 - INFO -
| Epoch:    343 | Train loss: 0.0005 | Valid loss: 0.0003 | Train acc: 1.0000 | Valid acc: 1.0000 | patience: 273 | Epoch time: 29.1 |

2023-01-27 17:17:46,377 - INFO -
| Epoch:    344 | Train loss: 0.0000 | Valid loss: 0.0001 | Train acc: 0.9979 | Valid acc: 1.0000 | patience: 274 | Epoch time: 29.1 |

2023-01-27 17:18:15,613 - INFO -
| Epoch:    345 | Train loss: 0.0000 | Valid loss: 0.0000 | Train acc: 1.0000 | Valid acc: 1.0000 | patience: 275 | Epoch time: 29.1 |

2023-01-27 17:18:44,753 - INFO -
| Epoch:    346 | Train loss: 0.0025 | Valid loss: 0.0018 | Train acc: 1.0000 | Valid acc: 1.0000 | patience: 276 | Epoch time: 29.1 |

2023-01-27 17:19:13,911 - INFO -
| Epoch:    347 | Train loss: 0.0011 | Valid loss: 0.0000 | Train acc: 1.0000 | Valid acc: 1.0000 | patience: 277 | Epoch time: 29.1 |

2023-01-27 17:19:44,989 - INFO -
| Epoch:    348 | Train loss: 0.0000 | Valid loss: 0.0016 | Train acc: 1.0000 | Valid acc: 0.9986 | patience: 278 | Epoch time: 31.0 |

2023-01-27 17:20:14,971 - INFO -
| Epoch:    349 | Train loss: 0.0021 | Valid loss: 0.0000 | Train acc: 0.9974 | Valid acc: 0.9997 | patience: 279 | Epoch time: 30.0 |

2023-01-27 17:20:44,123 - INFO -
| Epoch:    350 | Train loss: 0.0011 | Valid loss: 0.0000 | Train acc: 0.9998 | Valid acc: 1.0000 | patience: 280 | Epoch time: 29.1 |

2023-01-27 17:21:13,244 - INFO -
| Epoch:    351 | Train loss: 0.0001 | Valid loss: 0.0001 | Train acc: 1.0000 | Valid acc: 1.0000 | patience: 281 | Epoch time: 29.1 |

2023-01-27 17:21:42,386 - INFO -
| Epoch:    352 | Train loss: 0.0000 | Valid loss: 0.0007 | Train acc: 1.0000 | Valid acc: 1.0000 | patience: 282 | Epoch time: 29.1 |

2023-01-27 17:22:11,511 - INFO -
| Epoch:    353 | Train loss: 0.0000 | Valid loss: 0.0003 | Train acc: 1.0000 | Valid acc: 1.0000 | patience: 283 | Epoch time: 29.1 |

2023-01-27 17:22:40,645 - INFO -
| Epoch:    354 | Train loss: 0.0000 | Valid loss: 0.0006 | Train acc: 1.0000 | Valid acc: 1.0000 | patience: 284 | Epoch time: 29.1 |

2023-01-27 17:23:09,748 - INFO -
| Epoch:    355 | Train loss: 0.0000 | Valid loss: 0.0004 | Train acc: 0.9995 | Valid acc: 1.0000 | patience: 285 | Epoch time: 29.1 |

2023-01-27 17:23:38,875 - INFO -
| Epoch:    356 | Train loss: 0.0000 | Valid loss: 0.0011 | Train acc: 0.9997 | Valid acc: 1.0000 | patience: 286 | Epoch time: 29.1 |

2023-01-27 17:24:08,009 - INFO -
| Epoch:    357 | Train loss: 0.0008 | Valid loss: 0.0000 | Train acc: 1.0000 | Valid acc: 1.0000 | patience: 287 | Epoch time: 29.1 |

2023-01-27 17:24:37,134 - INFO -
| Epoch:    358 | Train loss: 0.0002 | Valid loss: 0.0000 | Train acc: 1.0000 | Valid acc: 1.0000 | patience: 288 | Epoch time: 29.1 |

2023-01-27 17:25:06,239 - INFO -
| Epoch:    359 | Train loss: 0.0000 | Valid loss: 0.0002 | Train acc: 1.0000 | Valid acc: 0.9997 | patience: 289 | Epoch time: 29.1 |

2023-01-27 17:25:35,348 - INFO -
| Epoch:    360 | Train loss: 0.0016 | Valid loss: 0.0013 | Train acc: 1.0000 | Valid acc: 1.0000 | patience: 290 | Epoch time: 29.1 |

2023-01-27 17:26:04,577 - INFO -
| Epoch:    361 | Train loss: 0.0000 | Valid loss: 0.0001 | Train acc: 1.0000 | Valid acc: 1.0000 | patience: 291 | Epoch time: 29.2 |

2023-01-27 17:26:33,704 - INFO -
| Epoch:    362 | Train loss: 0.0021 | Valid loss: 0.0025 | Train acc: 0.9995 | Valid acc: 1.0000 | patience: 292 | Epoch time: 29.1 |

2023-01-27 17:27:02,842 - INFO -
| Epoch:    363 | Train loss: 0.0000 | Valid loss: 0.0011 | Train acc: 0.9995 | Valid acc: 1.0000 | patience: 293 | Epoch time: 29.1 |

2023-01-27 17:27:31,973 - INFO -
| Epoch:    364 | Train loss: 0.0004 | Valid loss: 0.0000 | Train acc: 1.0000 | Valid acc: 0.9996 | patience: 294 | Epoch time: 29.1 |

2023-01-27 17:28:01,107 - INFO -
| Epoch:    365 | Train loss: 0.0000 | Valid loss: 0.0040 | Train acc: 1.0000 | Valid acc: 1.0000 | patience: 295 | Epoch time: 29.1 |

2023-01-27 17:28:30,259 - INFO -
| Epoch:    366 | Train loss: 0.0001 | Valid loss: 0.0000 | Train acc: 1.0000 | Valid acc: 1.0000 | patience: 296 | Epoch time: 29.2 |

2023-01-27 17:28:59,457 - INFO -
| Epoch:    367 | Train loss: 0.0001 | Valid loss: 0.0006 | Train acc: 1.0000 | Valid acc: 0.9998 | patience: 297 | Epoch time: 29.2 |

2023-01-27 17:29:28,587 - INFO -
| Epoch:    368 | Train loss: 0.0005 | Valid loss: 0.0011 | Train acc: 1.0000 | Valid acc: 1.0000 | patience: 298 | Epoch time: 29.1 |

2023-01-27 17:29:57,709 - INFO -
| Epoch:    369 | Train loss: 0.0035 | Valid loss: 0.0000 | Train acc: 1.0000 | Valid acc: 1.0000 | patience: 299 | Epoch time: 29.1 |

2023-01-27 17:30:26,831 - INFO -
| Epoch:    370 | Train loss: 0.0002 | Valid loss: 0.0014 | Train acc: 1.0000 | Valid acc: 1.0000 | patience: 300 | Epoch time: 29.1 |

2023-01-27 17:30:55,967 - INFO -
| Epoch:    371 | Train loss: 0.0002 | Valid loss: 0.0006 | Train acc: 0.9990 | Valid acc: 0.9998 | patience: 301 | Epoch time: 29.1 |

2023-01-27 17:31:25,069 - INFO -
| Epoch:    372 | Train loss: 0.0000 | Valid loss: 0.0000 | Train acc: 1.0000 | Valid acc: 0.9997 | patience: 302 | Epoch time: 29.1 |

2023-01-27 17:31:54,183 - INFO -
| Epoch:    373 | Train loss: 0.0000 | Valid loss: 0.0027 | Train acc: 1.0000 | Valid acc: 1.0000 | patience: 303 | Epoch time: 29.1 |

2023-01-27 17:32:23,294 - INFO -
| Epoch:    374 | Train loss: 0.0010 | Valid loss: 0.0001 | Train acc: 1.0000 | Valid acc: 0.9987 | patience: 304 | Epoch time: 29.1 |

2023-01-27 17:32:52,415 - INFO -
| Epoch:    375 | Train loss: 0.0000 | Valid loss: 0.0001 | Train acc: 1.0000 | Valid acc: 1.0000 | patience: 305 | Epoch time: 29.1 |

2023-01-27 17:33:21,528 - INFO -
| Epoch:    376 | Train loss: 0.0006 | Valid loss: 0.0000 | Train acc: 1.0000 | Valid acc: 0.9984 | patience: 306 | Epoch time: 29.1 |

2023-01-27 17:33:50,650 - INFO -
| Epoch:    377 | Train loss: 0.0000 | Valid loss: 0.0007 | Train acc: 1.0000 | Valid acc: 1.0000 | patience: 307 | Epoch time: 29.1 |

2023-01-27 17:34:19,762 - INFO -
| Epoch:    378 | Train loss: 0.0001 | Valid loss: 0.0019 | Train acc: 1.0000 | Valid acc: 1.0000 | patience: 308 | Epoch time: 29.1 |

2023-01-27 17:34:48,890 - INFO -
| Epoch:    379 | Train loss: 0.0008 | Valid loss: 0.0004 | Train acc: 1.0000 | Valid acc: 1.0000 | patience: 309 | Epoch time: 29.1 |

2023-01-27 17:35:18,018 - INFO -
| Epoch:    380 | Train loss: 0.0001 | Valid loss: 0.0000 | Train acc: 1.0000 | Valid acc: 1.0000 | patience: 310 | Epoch time: 29.1 |

2023-01-27 17:35:47,157 - INFO -
| Epoch:    381 | Train loss: 0.0003 | Valid loss: 0.0043 | Train acc: 1.0000 | Valid acc: 1.0000 | patience: 311 | Epoch time: 29.1 |

2023-01-27 17:36:16,283 - INFO -
| Epoch:    382 | Train loss: 0.0000 | Valid loss: 0.0024 | Train acc: 1.0000 | Valid acc: 0.9998 | patience: 312 | Epoch time: 29.1 |

2023-01-27 17:36:45,414 - INFO -
| Epoch:    383 | Train loss: 0.0004 | Valid loss: 0.0001 | Train acc: 1.0000 | Valid acc: 1.0000 | patience: 313 | Epoch time: 29.1 |

2023-01-27 17:37:14,534 - INFO -
| Epoch:    384 | Train loss: 0.0002 | Valid loss: 0.0006 | Train acc: 1.0000 | Valid acc: 1.0000 | patience: 314 | Epoch time: 29.1 |

2023-01-27 17:37:43,655 - INFO -
| Epoch:    385 | Train loss: 0.0028 | Valid loss: 0.0001 | Train acc: 1.0000 | Valid acc: 1.0000 | patience: 315 | Epoch time: 29.1 |

2023-01-27 17:38:12,828 - INFO -
| Epoch:    386 | Train loss: 0.0000 | Valid loss: 0.0004 | Train acc: 1.0000 | Valid acc: 1.0000 | patience: 316 | Epoch time: 29.2 |

2023-01-27 17:38:42,003 - INFO -
| Epoch:    387 | Train loss: 0.0001 | Valid loss: 0.0000 | Train acc: 1.0000 | Valid acc: 0.9979 | patience: 317 | Epoch time: 29.2 |

2023-01-27 17:39:11,494 - INFO -
| Epoch:    388 | Train loss: 0.0000 | Valid loss: 0.0000 | Train acc: 1.0000 | Valid acc: 0.9980 | patience: 318 | Epoch time: 29.5 |

2023-01-27 17:39:40,626 - INFO -
| Epoch:    389 | Train loss: 0.0000 | Valid loss: 0.0000 | Train acc: 1.0000 | Valid acc: 1.0000 | patience: 319 | Epoch time: 29.1 |

2023-01-27 17:40:09,765 - INFO -
| Epoch:    390 | Train loss: 0.0000 | Valid loss: 0.0006 | Train acc: 1.0000 | Valid acc: 1.0000 | patience: 320 | Epoch time: 29.1 |

2023-01-27 17:40:38,898 - INFO -
| Epoch:    391 | Train loss: 0.0000 | Valid loss: 0.0003 | Train acc: 1.0000 | Valid acc: 1.0000 | patience: 321 | Epoch time: 29.1 |

2023-01-27 17:41:08,042 - INFO -
| Epoch:    392 | Train loss: 0.0000 | Valid loss: 0.0000 | Train acc: 1.0000 | Valid acc: 1.0000 | patience: 322 | Epoch time: 29.1 |

2023-01-27 17:41:37,172 - INFO -
| Epoch:    393 | Train loss: 0.0019 | Valid loss: 0.0000 | Train acc: 0.9974 | Valid acc: 1.0000 | patience: 323 | Epoch time: 29.1 |

2023-01-27 17:42:06,303 - INFO -
| Epoch:    394 | Train loss: 0.0001 | Valid loss: 0.0003 | Train acc: 1.0000 | Valid acc: 1.0000 | patience: 324 | Epoch time: 29.1 |

2023-01-27 17:42:35,416 - INFO -
| Epoch:    395 | Train loss: 0.0001 | Valid loss: 0.0000 | Train acc: 0.9999 | Valid acc: 0.9987 | patience: 325 | Epoch time: 29.1 |

2023-01-27 17:43:04,534 - INFO -
| Epoch:    396 | Train loss: 0.0002 | Valid loss: 0.0001 | Train acc: 0.9977 | Valid acc: 1.0000 | patience: 326 | Epoch time: 29.1 |

2023-01-27 17:43:33,665 - INFO -
| Epoch:    397 | Train loss: 0.0013 | Valid loss: 0.0031 | Train acc: 0.9994 | Valid acc: 1.0000 | patience: 327 | Epoch time: 29.1 |

2023-01-27 17:44:02,807 - INFO -
| Epoch:    398 | Train loss: 0.0000 | Valid loss: 0.0003 | Train acc: 1.0000 | Valid acc: 1.0000 | patience: 328 | Epoch time: 29.1 |

2023-01-27 17:44:31,920 - INFO -
| Epoch:    399 | Train loss: 0.0002 | Valid loss: 0.0001 | Train acc: 1.0000 | Valid acc: 1.0000 | patience: 329 | Epoch time: 29.1 |

2023-01-27 17:45:01,048 - INFO -
| Epoch:    400 | Train loss: 0.0000 | Valid loss: 0.0001 | Train acc: 1.0000 | Valid acc: 1.0000 | patience: 330 | Epoch time: 29.1 |

2023-01-27 17:45:30,162 - INFO -
| Epoch:    401 | Train loss: 0.0005 | Valid loss: 0.0019 | Train acc: 1.0000 | Valid acc: 1.0000 | patience: 331 | Epoch time: 29.1 |

2023-01-27 17:45:59,267 - INFO -
| Epoch:    402 | Train loss: 0.0004 | Valid loss: 0.0000 | Train acc: 1.0000 | Valid acc: 1.0000 | patience: 332 | Epoch time: 29.1 |

2023-01-27 17:46:28,378 - INFO -
| Epoch:    403 | Train loss: 0.0000 | Valid loss: 0.0000 | Train acc: 1.0000 | Valid acc: 1.0000 | patience: 333 | Epoch time: 29.1 |

2023-01-27 17:46:57,467 - INFO -
| Epoch:    404 | Train loss: 0.0000 | Valid loss: 0.0000 | Train acc: 1.0000 | Valid acc: 1.0000 | patience: 334 | Epoch time: 29.1 |

2023-01-27 17:47:26,584 - INFO -
| Epoch:    405 | Train loss: 0.0016 | Valid loss: 0.0000 | Train acc: 1.0000 | Valid acc: 1.0000 | patience: 335 | Epoch time: 29.1 |

2023-01-27 17:47:55,700 - INFO -
| Epoch:    406 | Train loss: 0.0001 | Valid loss: 0.0000 | Train acc: 1.0000 | Valid acc: 1.0000 | patience: 336 | Epoch time: 29.1 |

2023-01-27 17:48:24,820 - INFO -
| Epoch:    407 | Train loss: 0.0005 | Valid loss: 0.0000 | Train acc: 1.0000 | Valid acc: 1.0000 | patience: 337 | Epoch time: 29.1 |

2023-01-27 17:48:53,977 - INFO -
| Epoch:    408 | Train loss: 0.0000 | Valid loss: 0.0016 | Train acc: 1.0000 | Valid acc: 1.0000 | patience: 338 | Epoch time: 29.2 |

2023-01-27 17:49:23,458 - INFO -
| Epoch:    409 | Train loss: 0.0004 | Valid loss: 0.0000 | Train acc: 1.0000 | Valid acc: 1.0000 | patience: 339 | Epoch time: 29.5 |

2023-01-27 17:49:52,568 - INFO -
| Epoch:    410 | Train loss: 0.0016 | Valid loss: 0.0005 | Train acc: 1.0000 | Valid acc: 1.0000 | patience: 340 | Epoch time: 29.1 |

2023-01-27 17:50:21,684 - INFO -
| Epoch:    411 | Train loss: 0.0002 | Valid loss: 0.0000 | Train acc: 1.0000 | Valid acc: 1.0000 | patience: 341 | Epoch time: 29.1 |

2023-01-27 17:50:50,790 - INFO -
| Epoch:    412 | Train loss: 0.0000 | Valid loss: 0.0000 | Train acc: 1.0000 | Valid acc: 1.0000 | patience: 342 | Epoch time: 29.1 |

2023-01-27 17:51:19,900 - INFO -
| Epoch:    413 | Train loss: 0.0000 | Valid loss: 0.0001 | Train acc: 0.9995 | Valid acc: 1.0000 | patience: 343 | Epoch time: 29.1 |

2023-01-27 17:51:49,013 - INFO -
| Epoch:    414 | Train loss: 0.0000 | Valid loss: 0.0000 | Train acc: 0.9970 | Valid acc: 1.0000 | patience: 344 | Epoch time: 29.1 |

2023-01-27 17:52:18,139 - INFO -
| Epoch:    415 | Train loss: 0.0000 | Valid loss: 0.0000 | Train acc: 1.0000 | Valid acc: 1.0000 | patience: 345 | Epoch time: 29.1 |

2023-01-27 17:52:47,245 - INFO -
| Epoch:    416 | Train loss: 0.0029 | Valid loss: 0.0007 | Train acc: 1.0000 | Valid acc: 1.0000 | patience: 346 | Epoch time: 29.1 |

2023-01-27 17:53:16,378 - INFO -
| Epoch:    417 | Train loss: 0.0011 | Valid loss: 0.0003 | Train acc: 0.9991 | Valid acc: 0.9994 | patience: 347 | Epoch time: 29.1 |

2023-01-27 17:53:45,512 - INFO -
| Epoch:    418 | Train loss: 0.0002 | Valid loss: 0.0013 | Train acc: 1.0000 | Valid acc: 0.9999 | patience: 348 | Epoch time: 29.1 |

2023-01-27 17:54:14,693 - INFO -
| Epoch:    419 | Train loss: 0.0002 | Valid loss: 0.0001 | Train acc: 1.0000 | Valid acc: 1.0000 | patience: 349 | Epoch time: 29.2 |

2023-01-27 17:54:43,810 - INFO -
| Epoch:    420 | Train loss: 0.0000 | Valid loss: 0.0000 | Train acc: 1.0000 | Valid acc: 1.0000 | patience: 350 | Epoch time: 29.1 |

2023-01-27 17:55:12,924 - INFO -
| Epoch:    421 | Train loss: 0.0000 | Valid loss: 0.0000 | Train acc: 1.0000 | Valid acc: 0.9998 | patience: 351 | Epoch time: 29.1 |

2023-01-27 17:55:42,044 - INFO -
| Epoch:    422 | Train loss: 0.0000 | Valid loss: 0.0000 | Train acc: 1.0000 | Valid acc: 1.0000 | patience: 352 | Epoch time: 29.1 |

2023-01-27 17:56:11,187 - INFO -
| Epoch:    423 | Train loss: 0.0004 | Valid loss: 0.0003 | Train acc: 0.9991 | Valid acc: 1.0000 | patience: 353 | Epoch time: 29.1 |

2023-01-27 17:56:40,309 - INFO -
| Epoch:    424 | Train loss: 0.0000 | Valid loss: 0.0001 | Train acc: 0.9977 | Valid acc: 1.0000 | patience: 354 | Epoch time: 29.1 |

2023-01-27 17:57:09,412 - INFO -
| Epoch:    425 | Train loss: 0.0000 | Valid loss: 0.0000 | Train acc: 1.0000 | Valid acc: 1.0000 | patience: 355 | Epoch time: 29.1 |

2023-01-27 17:57:38,500 - INFO -
| Epoch:    426 | Train loss: 0.0003 | Valid loss: 0.0000 | Train acc: 1.0000 | Valid acc: 1.0000 | patience: 356 | Epoch time: 29.1 |

2023-01-27 17:58:07,645 - INFO -
| Epoch:    427 | Train loss: 0.0000 | Valid loss: 0.0000 | Train acc: 1.0000 | Valid acc: 1.0000 | patience: 357 | Epoch time: 29.1 |

2023-01-27 17:58:36,751 - INFO -
| Epoch:    428 | Train loss: 0.0041 | Valid loss: 0.0000 | Train acc: 1.0000 | Valid acc: 0.9995 | patience: 358 | Epoch time: 29.1 |

2023-01-27 17:59:05,850 - INFO -
| Epoch:    429 | Train loss: 0.0002 | Valid loss: 0.0000 | Train acc: 1.0000 | Valid acc: 0.9996 | patience: 359 | Epoch time: 29.1 |

2023-01-27 17:59:34,978 - INFO -
| Epoch:    430 | Train loss: 0.0000 | Valid loss: 0.0001 | Train acc: 1.0000 | Valid acc: 0.9982 | patience: 360 | Epoch time: 29.1 |

2023-01-27 18:00:04,083 - INFO -
| Epoch:    431 | Train loss: 0.0000 | Valid loss: 0.0016 | Train acc: 0.9983 | Valid acc: 1.0000 | patience: 361 | Epoch time: 29.1 |

2023-01-27 18:00:33,215 - INFO -
| Epoch:    432 | Train loss: 0.0020 | Valid loss: 0.0000 | Train acc: 1.0000 | Valid acc: 1.0000 | patience: 362 | Epoch time: 29.1 |

2023-01-27 18:01:02,317 - INFO -
| Epoch:    433 | Train loss: 0.0002 | Valid loss: 0.0002 | Train acc: 0.9990 | Valid acc: 1.0000 | patience: 363 | Epoch time: 29.1 |

2023-01-27 18:01:31,456 - INFO -
| Epoch:    434 | Train loss: 0.0001 | Valid loss: 0.0023 | Train acc: 1.0000 | Valid acc: 1.0000 | patience: 364 | Epoch time: 29.1 |

2023-01-27 18:02:00,564 - INFO -
| Epoch:    435 | Train loss: 0.0000 | Valid loss: 0.0009 | Train acc: 1.0000 | Valid acc: 1.0000 | patience: 365 | Epoch time: 29.1 |

2023-01-27 18:02:29,695 - INFO -
| Epoch:    436 | Train loss: 0.0001 | Valid loss: 0.0009 | Train acc: 1.0000 | Valid acc: 1.0000 | patience: 366 | Epoch time: 29.1 |

2023-01-27 18:02:58,816 - INFO -
| Epoch:    437 | Train loss: 0.0000 | Valid loss: 0.0000 | Train acc: 1.0000 | Valid acc: 1.0000 | patience: 367 | Epoch time: 29.1 |

2023-01-27 18:03:27,960 - INFO -
| Epoch:    438 | Train loss: 0.0003 | Valid loss: 0.0000 | Train acc: 1.0000 | Valid acc: 1.0000 | patience: 368 | Epoch time: 29.1 |

2023-01-27 18:03:57,053 - INFO -
| Epoch:    439 | Train loss: 0.0000 | Valid loss: 0.0000 | Train acc: 1.0000 | Valid acc: 1.0000 | patience: 369 | Epoch time: 29.1 |

2023-01-27 18:04:26,169 - INFO -
| Epoch:    440 | Train loss: 0.0004 | Valid loss: 0.0010 | Train acc: 1.0000 | Valid acc: 1.0000 | patience: 370 | Epoch time: 29.1 |

2023-01-27 18:04:55,284 - INFO -
| Epoch:    441 | Train loss: 0.0000 | Valid loss: 0.0000 | Train acc: 1.0000 | Valid acc: 1.0000 | patience: 371 | Epoch time: 29.1 |

2023-01-27 18:05:24,410 - INFO -
| Epoch:    442 | Train loss: 0.0000 | Valid loss: 0.0000 | Train acc: 1.0000 | Valid acc: 1.0000 | patience: 372 | Epoch time: 29.1 |

2023-01-27 18:05:53,528 - INFO -
| Epoch:    443 | Train loss: 0.0000 | Valid loss: 0.0000 | Train acc: 1.0000 | Valid acc: 1.0000 | patience: 373 | Epoch time: 29.1 |

2023-01-27 18:06:22,668 - INFO -
| Epoch:    444 | Train loss: 0.0000 | Valid loss: 0.0000 | Train acc: 1.0000 | Valid acc: 1.0000 | patience: 374 | Epoch time: 29.1 |

2023-01-27 18:06:51,801 - INFO -
| Epoch:    445 | Train loss: 0.0000 | Valid loss: 0.0001 | Train acc: 0.9997 | Valid acc: 1.0000 | patience: 375 | Epoch time: 29.1 |

2023-01-27 18:07:20,906 - INFO -
| Epoch:    446 | Train loss: 0.0000 | Valid loss: 0.0000 | Train acc: 1.0000 | Valid acc: 1.0000 | patience: 376 | Epoch time: 29.1 |

2023-01-27 18:07:50,064 - INFO -
| Epoch:    447 | Train loss: 0.0000 | Valid loss: 0.0000 | Train acc: 1.0000 | Valid acc: 1.0000 | patience: 377 | Epoch time: 29.2 |

2023-01-27 18:08:19,557 - INFO -
| Epoch:    448 | Train loss: 0.0001 | Valid loss: 0.0001 | Train acc: 1.0000 | Valid acc: 1.0000 | patience: 378 | Epoch time: 29.5 |

2023-01-27 18:08:48,688 - INFO -
| Epoch:    449 | Train loss: 0.0000 | Valid loss: 0.0010 | Train acc: 1.0000 | Valid acc: 1.0000 | patience: 379 | Epoch time: 29.1 |

2023-01-27 18:09:17,806 - INFO -
| Epoch:    450 | Train loss: 0.0000 | Valid loss: 0.0003 | Train acc: 1.0000 | Valid acc: 0.9998 | patience: 380 | Epoch time: 29.1 |

2023-01-27 18:09:46,957 - INFO -
| Epoch:    451 | Train loss: 0.0004 | Valid loss: 0.0009 | Train acc: 1.0000 | Valid acc: 1.0000 | patience: 381 | Epoch time: 29.2 |

2023-01-27 18:10:16,061 - INFO -
| Epoch:    452 | Train loss: 0.0000 | Valid loss: 0.0036 | Train acc: 0.9970 | Valid acc: 1.0000 | patience: 382 | Epoch time: 29.1 |

2023-01-27 18:10:45,174 - INFO -
| Epoch:    453 | Train loss: 0.0028 | Valid loss: 0.0000 | Train acc: 1.0000 | Valid acc: 1.0000 | patience: 383 | Epoch time: 29.1 |

2023-01-27 18:11:14,328 - INFO -
| Epoch:    454 | Train loss: 0.0000 | Valid loss: 0.0000 | Train acc: 1.0000 | Valid acc: 1.0000 | patience: 384 | Epoch time: 29.2 |

2023-01-27 18:11:43,456 - INFO -
| Epoch:    455 | Train loss: 0.0053 | Valid loss: 0.0006 | Train acc: 1.0000 | Valid acc: 1.0000 | patience: 385 | Epoch time: 29.1 |

2023-01-27 18:12:12,604 - INFO -
| Epoch:    456 | Train loss: 0.0000 | Valid loss: 0.0000 | Train acc: 0.9998 | Valid acc: 1.0000 | patience: 386 | Epoch time: 29.1 |

2023-01-27 18:12:41,752 - INFO -
| Epoch:    457 | Train loss: 0.0002 | Valid loss: 0.0010 | Train acc: 1.0000 | Valid acc: 1.0000 | patience: 387 | Epoch time: 29.1 |

2023-01-27 18:13:10,939 - INFO -
| Epoch:    458 | Train loss: 0.0020 | Valid loss: 0.0003 | Train acc: 0.9991 | Valid acc: 0.9998 | patience: 388 | Epoch time: 29.2 |

2023-01-27 18:13:40,095 - INFO -
| Epoch:    459 | Train loss: 0.0015 | Valid loss: 0.0025 | Train acc: 1.0000 | Valid acc: 1.0000 | patience: 389 | Epoch time: 29.2 |

2023-01-27 18:14:09,238 - INFO -
| Epoch:    460 | Train loss: 0.0000 | Valid loss: 0.0027 | Train acc: 0.9993 | Valid acc: 1.0000 | patience: 390 | Epoch time: 29.1 |

2023-01-27 18:14:38,391 - INFO -
| Epoch:    461 | Train loss: 0.0006 | Valid loss: 0.0006 | Train acc: 1.0000 | Valid acc: 0.9993 | patience: 391 | Epoch time: 29.2 |

2023-01-27 18:15:07,535 - INFO -
| Epoch:    462 | Train loss: 0.0005 | Valid loss: 0.0000 | Train acc: 0.9986 | Valid acc: 0.9991 | patience: 392 | Epoch time: 29.1 |

2023-01-27 18:15:36,670 - INFO -
| Epoch:    463 | Train loss: 0.0000 | Valid loss: 0.0009 | Train acc: 1.0000 | Valid acc: 1.0000 | patience: 393 | Epoch time: 29.1 |

2023-01-27 18:16:05,803 - INFO -
| Epoch:    464 | Train loss: 0.0061 | Valid loss: 0.0021 | Train acc: 1.0000 | Valid acc: 0.9975 | patience: 394 | Epoch time: 29.1 |

2023-01-27 18:16:34,902 - INFO -
| Epoch:    465 | Train loss: 0.0023 | Valid loss: 0.0000 | Train acc: 1.0000 | Valid acc: 1.0000 | patience: 395 | Epoch time: 29.1 |

2023-01-27 18:17:04,029 - INFO -
| Epoch:    466 | Train loss: 0.0022 | Valid loss: 0.0000 | Train acc: 1.0000 | Valid acc: 1.0000 | patience: 396 | Epoch time: 29.1 |

2023-01-27 18:17:33,150 - INFO -
| Epoch:    467 | Train loss: 0.0001 | Valid loss: 0.0036 | Train acc: 1.0000 | Valid acc: 1.0000 | patience: 397 | Epoch time: 29.1 |

2023-01-27 18:18:02,327 - INFO -
| Epoch:    468 | Train loss: 0.0002 | Valid loss: 0.0000 | Train acc: 1.0000 | Valid acc: 0.9995 | patience: 398 | Epoch time: 29.2 |

2023-01-27 18:18:31,849 - INFO -
| Epoch:    469 | Train loss: 0.0021 | Valid loss: 0.0020 | Train acc: 1.0000 | Valid acc: 1.0000 | patience: 399 | Epoch time: 29.5 |

2023-01-27 18:19:00,984 - INFO -
| Epoch:    470 | Train loss: 0.0018 | Valid loss: 0.0005 | Train acc: 1.0000 | Valid acc: 1.0000 | patience: 400 | Epoch time: 29.1 |

2023-01-27 18:19:30,093 - INFO -
| Epoch:    471 | Train loss: 0.0014 | Valid loss: 0.0010 | Train acc: 1.0000 | Valid acc: 0.9996 | patience: 401 | Epoch time: 29.1 |

2023-01-27 18:19:59,217 - INFO -
| Epoch:    472 | Train loss: 0.0004 | Valid loss: 0.0009 | Train acc: 0.9991 | Valid acc: 0.9992 | patience: 402 | Epoch time: 29.1 |

2023-01-27 18:20:28,349 - INFO -
| Epoch:    473 | Train loss: 0.0061 | Valid loss: 0.0023 | Train acc: 1.0000 | Valid acc: 1.0000 | patience: 403 | Epoch time: 29.1 |

2023-01-27 18:20:57,470 - INFO -
| Epoch:    474 | Train loss: 0.0000 | Valid loss: 0.0059 | Train acc: 0.9993 | Valid acc: 0.9982 | patience: 404 | Epoch time: 29.1 |

2023-01-27 18:21:26,592 - INFO -
| Epoch:    475 | Train loss: 0.0000 | Valid loss: 0.0000 | Train acc: 1.0000 | Valid acc: 1.0000 | patience: 405 | Epoch time: 29.1 |

2023-01-27 18:21:55,770 - INFO -
| Epoch:    476 | Train loss: 0.0010 | Valid loss: 0.0000 | Train acc: 1.0000 | Valid acc: 1.0000 | patience: 406 | Epoch time: 29.2 |

2023-01-27 18:22:24,899 - INFO -
| Epoch:    477 | Train loss: 0.0006 | Valid loss: 0.0003 | Train acc: 0.9986 | Valid acc: 0.9987 | patience: 407 | Epoch time: 29.1 |

2023-01-27 18:22:54,024 - INFO -
| Epoch:    478 | Train loss: 0.0028 | Valid loss: 0.0000 | Train acc: 1.0000 | Valid acc: 1.0000 | patience: 408 | Epoch time: 29.1 |

2023-01-27 18:23:23,160 - INFO -
| Epoch:    479 | Train loss: 0.0004 | Valid loss: 0.0006 | Train acc: 1.0000 | Valid acc: 0.9983 | patience: 409 | Epoch time: 29.1 |

2023-01-27 18:23:52,288 - INFO -
| Epoch:    480 | Train loss: 0.0012 | Valid loss: 0.0000 | Train acc: 1.0000 | Valid acc: 0.9977 | patience: 410 | Epoch time: 29.1 |

2023-01-27 18:24:21,418 - INFO -
| Epoch:    481 | Train loss: 0.0004 | Valid loss: 0.0002 | Train acc: 1.0000 | Valid acc: 1.0000 | patience: 411 | Epoch time: 29.1 |

2023-01-27 18:24:51,649 - INFO -
| Epoch:    482 | Train loss: 0.0000 | Valid loss: 0.0000 | Train acc: 1.0000 | Valid acc: 1.0000 | patience: 412 | Epoch time: 30.2 |

2023-01-27 18:25:20,813 - INFO -
| Epoch:    483 | Train loss: 0.0000 | Valid loss: 0.0000 | Train acc: 1.0000 | Valid acc: 1.0000 | patience: 413 | Epoch time: 29.2 |

2023-01-27 18:25:49,975 - INFO -
| Epoch:    484 | Train loss: 0.0000 | Valid loss: 0.0004 | Train acc: 1.0000 | Valid acc: 1.0000 | patience: 414 | Epoch time: 29.2 |

2023-01-27 18:26:19,137 - INFO -
| Epoch:    485 | Train loss: 0.0020 | Valid loss: 0.0000 | Train acc: 1.0000 | Valid acc: 1.0000 | patience: 415 | Epoch time: 29.2 |

2023-01-27 18:26:48,302 - INFO -
| Epoch:    486 | Train loss: 0.0009 | Valid loss: 0.0000 | Train acc: 0.9970 | Valid acc: 1.0000 | patience: 416 | Epoch time: 29.2 |

2023-01-27 18:27:17,506 - INFO -
| Epoch:    487 | Train loss: 0.0012 | Valid loss: 0.0001 | Train acc: 1.0000 | Valid acc: 1.0000 | patience: 417 | Epoch time: 29.2 |

2023-01-27 18:27:46,694 - INFO -
| Epoch:    488 | Train loss: 0.0010 | Valid loss: 0.0012 | Train acc: 1.0000 | Valid acc: 1.0000 | patience: 418 | Epoch time: 29.2 |

2023-01-27 18:28:15,891 - INFO -
| Epoch:    489 | Train loss: 0.0002 | Valid loss: 0.0000 | Train acc: 1.0000 | Valid acc: 1.0000 | patience: 419 | Epoch time: 29.2 |

2023-01-27 18:28:45,066 - INFO -
| Epoch:    490 | Train loss: 0.0001 | Valid loss: 0.0001 | Train acc: 1.0000 | Valid acc: 1.0000 | patience: 420 | Epoch time: 29.2 |

2023-01-27 18:29:14,274 - INFO -
| Epoch:    491 | Train loss: 0.0000 | Valid loss: 0.0034 | Train acc: 0.9998 | Valid acc: 0.9994 | patience: 421 | Epoch time: 29.2 |

2023-01-27 18:29:43,467 - INFO -
| Epoch:    492 | Train loss: 0.0033 | Valid loss: 0.0006 | Train acc: 1.0000 | Valid acc: 1.0000 | patience: 422 | Epoch time: 29.2 |

2023-01-27 18:30:12,650 - INFO -
| Epoch:    493 | Train loss: 0.0001 | Valid loss: 0.0003 | Train acc: 1.0000 | Valid acc: 1.0000 | patience: 423 | Epoch time: 29.2 |

2023-01-27 18:30:41,811 - INFO -
| Epoch:    494 | Train loss: 0.0001 | Valid loss: 0.0016 | Train acc: 1.0000 | Valid acc: 1.0000 | patience: 424 | Epoch time: 29.2 |

2023-01-27 18:31:11,058 - INFO -
| Epoch:    495 | Train loss: 0.0002 | Valid loss: 0.0000 | Train acc: 1.0000 | Valid acc: 1.0000 | patience: 425 | Epoch time: 29.2 |

2023-01-27 18:31:40,283 - INFO -
| Epoch:    496 | Train loss: 0.0003 | Valid loss: 0.0026 | Train acc: 1.0000 | Valid acc: 1.0000 | patience: 426 | Epoch time: 29.2 |

2023-01-27 18:32:09,478 - INFO -
| Epoch:    497 | Train loss: 0.0003 | Valid loss: 0.0000 | Train acc: 1.0000 | Valid acc: 1.0000 | patience: 427 | Epoch time: 29.2 |

2023-01-27 18:32:38,662 - INFO -
| Epoch:    498 | Train loss: 0.0000 | Valid loss: 0.0007 | Train acc: 1.0000 | Valid acc: 0.9993 | patience: 428 | Epoch time: 29.2 |

2023-01-27 18:33:07,848 - INFO -
| Epoch:    499 | Train loss: 0.0005 | Valid loss: 0.0000 | Train acc: 0.9999 | Valid acc: 1.0000 | patience: 429 | Epoch time: 29.2 |

2023-01-27 18:33:37,055 - INFO -
| Epoch:    500 | Train loss: 0.0000 | Valid loss: 0.0000 | Train acc: 1.0000 | Valid acc: 1.0000 | patience: 430 | Epoch time: 29.2 |

2023-01-27 18:34:06,239 - INFO -
| Epoch:    501 | Train loss: 0.0001 | Valid loss: 0.0000 | Train acc: 1.0000 | Valid acc: 1.0000 | patience: 431 | Epoch time: 29.2 |

2023-01-27 18:34:35,436 - INFO -
| Epoch:    502 | Train loss: 0.0000 | Valid loss: 0.0020 | Train acc: 1.0000 | Valid acc: 1.0000 | patience: 432 | Epoch time: 29.2 |

2023-01-27 18:35:04,615 - INFO -
| Epoch:    503 | Train loss: 0.0000 | Valid loss: 0.0002 | Train acc: 0.9983 | Valid acc: 1.0000 | patience: 433 | Epoch time: 29.2 |

2023-01-27 18:35:33,827 - INFO -
| Epoch:    504 | Train loss: 0.0002 | Valid loss: 0.0006 | Train acc: 0.9987 | Valid acc: 1.0000 | patience: 434 | Epoch time: 29.2 |

2023-01-27 18:36:03,022 - INFO -
| Epoch:    505 | Train loss: 0.0000 | Valid loss: 0.0000 | Train acc: 1.0000 | Valid acc: 1.0000 | patience: 435 | Epoch time: 29.2 |

2023-01-27 18:36:32,203 - INFO -
| Epoch:    506 | Train loss: 0.0007 | Valid loss: 0.0005 | Train acc: 1.0000 | Valid acc: 1.0000 | patience: 436 | Epoch time: 29.2 |

2023-01-27 18:37:01,445 - INFO -
| Epoch:    507 | Train loss: 0.0000 | Valid loss: 0.0002 | Train acc: 1.0000 | Valid acc: 1.0000 | patience: 437 | Epoch time: 29.2 |

2023-01-27 18:37:31,032 - INFO -
| Epoch:    508 | Train loss: 0.0002 | Valid loss: 0.0000 | Train acc: 1.0000 | Valid acc: 0.9994 | patience: 438 | Epoch time: 29.6 |

2023-01-27 18:38:00,236 - INFO -
| Epoch:    509 | Train loss: 0.0000 | Valid loss: 0.0001 | Train acc: 1.0000 | Valid acc: 0.9994 | patience: 439 | Epoch time: 29.2 |

2023-01-27 18:38:29,451 - INFO -
| Epoch:    510 | Train loss: 0.0000 | Valid loss: 0.0000 | Train acc: 1.0000 | Valid acc: 1.0000 | patience: 440 | Epoch time: 29.2 |

2023-01-27 18:38:58,633 - INFO -
| Epoch:    511 | Train loss: 0.0003 | Valid loss: 0.0000 | Train acc: 1.0000 | Valid acc: 1.0000 | patience: 441 | Epoch time: 29.2 |

2023-01-27 18:39:27,806 - INFO -
| Epoch:    512 | Train loss: 0.0071 | Valid loss: 0.0007 | Train acc: 1.0000 | Valid acc: 1.0000 | patience: 442 | Epoch time: 29.2 |

2023-01-27 18:39:56,987 - INFO -
| Epoch:    513 | Train loss: 0.0000 | Valid loss: 0.0009 | Train acc: 1.0000 | Valid acc: 1.0000 | patience: 443 | Epoch time: 29.2 |

2023-01-27 18:40:26,183 - INFO -
| Epoch:    514 | Train loss: 0.0001 | Valid loss: 0.0029 | Train acc: 1.0000 | Valid acc: 1.0000 | patience: 444 | Epoch time: 29.2 |

2023-01-27 18:40:55,337 - INFO -
| Epoch:    515 | Train loss: 0.0002 | Valid loss: 0.0000 | Train acc: 1.0000 | Valid acc: 1.0000 | patience: 445 | Epoch time: 29.2 |

2023-01-27 18:41:24,514 - INFO -
| Epoch:    516 | Train loss: 0.0000 | Valid loss: 0.0004 | Train acc: 1.0000 | Valid acc: 1.0000 | patience: 446 | Epoch time: 29.2 |

2023-01-27 18:41:54,518 - INFO -
| Epoch:    517 | Train loss: 0.0000 | Valid loss: 0.0000 | Train acc: 0.9997 | Valid acc: 1.0000 | patience: 447 | Epoch time: 30.0 |

2023-01-27 18:42:23,654 - INFO -
| Epoch:    518 | Train loss: 0.0000 | Valid loss: 0.0000 | Train acc: 0.9992 | Valid acc: 0.9988 | patience: 448 | Epoch time: 29.1 |

2023-01-27 18:42:52,830 - INFO -
| Epoch:    519 | Train loss: 0.0002 | Valid loss: 0.0007 | Train acc: 1.0000 | Valid acc: 1.0000 | patience: 449 | Epoch time: 29.2 |

2023-01-27 18:43:21,996 - INFO -
| Epoch:    520 | Train loss: 0.0000 | Valid loss: 0.0000 | Train acc: 1.0000 | Valid acc: 1.0000 | patience: 450 | Epoch time: 29.1 |

2023-01-27 18:43:51,122 - INFO -
| Epoch:    521 | Train loss: 0.0000 | Valid loss: 0.0002 | Train acc: 1.0000 | Valid acc: 1.0000 | patience: 451 | Epoch time: 29.1 |

2023-01-27 18:44:20,260 - INFO -
| Epoch:    522 | Train loss: 0.0042 | Valid loss: 0.0000 | Train acc: 1.0000 | Valid acc: 1.0000 | patience: 452 | Epoch time: 29.1 |

2023-01-27 18:44:49,399 - INFO -
| Epoch:    523 | Train loss: 0.0010 | Valid loss: 0.0000 | Train acc: 1.0000 | Valid acc: 1.0000 | patience: 453 | Epoch time: 29.1 |

2023-01-27 18:45:18,556 - INFO -
| Epoch:    524 | Train loss: 0.0000 | Valid loss: 0.0002 | Train acc: 1.0000 | Valid acc: 0.9995 | patience: 454 | Epoch time: 29.2 |

2023-01-27 18:45:47,727 - INFO -
| Epoch:    525 | Train loss: 0.0018 | Valid loss: 0.0000 | Train acc: 1.0000 | Valid acc: 1.0000 | patience: 455 | Epoch time: 29.2 |

2023-01-27 18:46:16,880 - INFO -
| Epoch:    526 | Train loss: 0.0000 | Valid loss: 0.0000 | Train acc: 1.0000 | Valid acc: 1.0000 | patience: 456 | Epoch time: 29.2 |

2023-01-27 18:46:46,082 - INFO -
| Epoch:    527 | Train loss: 0.0000 | Valid loss: 0.0004 | Train acc: 0.9992 | Valid acc: 1.0000 | patience: 457 | Epoch time: 29.2 |

2023-01-27 18:47:15,610 - INFO -
| Epoch:    528 | Train loss: 0.0000 | Valid loss: 0.0004 | Train acc: 1.0000 | Valid acc: 1.0000 | patience: 458 | Epoch time: 29.5 |

2023-01-27 18:47:44,737 - INFO -
| Epoch:    529 | Train loss: 0.0003 | Valid loss: 0.0000 | Train acc: 1.0000 | Valid acc: 1.0000 | patience: 459 | Epoch time: 29.1 |

2023-01-27 18:48:13,877 - INFO -
| Epoch:    530 | Train loss: 0.0011 | Valid loss: 0.0009 | Train acc: 1.0000 | Valid acc: 0.9997 | patience: 460 | Epoch time: 29.1 |

2023-01-27 18:48:43,007 - INFO -
| Epoch:    531 | Train loss: 0.0027 | Valid loss: 0.0007 | Train acc: 0.9991 | Valid acc: 1.0000 | patience: 461 | Epoch time: 29.1 |

2023-01-27 18:49:12,159 - INFO -
| Epoch:    532 | Train loss: 0.0003 | Valid loss: 0.0000 | Train acc: 0.9999 | Valid acc: 0.9988 | patience: 462 | Epoch time: 29.2 |

2023-01-27 18:49:41,319 - INFO -
| Epoch:    533 | Train loss: 0.0008 | Valid loss: 0.0012 | Train acc: 1.0000 | Valid acc: 1.0000 | patience: 463 | Epoch time: 29.2 |

2023-01-27 18:50:10,478 - INFO -
| Epoch:    534 | Train loss: 0.0004 | Valid loss: 0.0005 | Train acc: 1.0000 | Valid acc: 1.0000 | patience: 464 | Epoch time: 29.2 |

2023-01-27 18:50:39,641 - INFO -
| Epoch:    535 | Train loss: 0.0006 | Valid loss: 0.0000 | Train acc: 1.0000 | Valid acc: 1.0000 | patience: 465 | Epoch time: 29.2 |

2023-01-27 18:51:08,816 - INFO -
| Epoch:    536 | Train loss: 0.0001 | Valid loss: 0.0001 | Train acc: 0.9999 | Valid acc: 0.9995 | patience: 466 | Epoch time: 29.2 |

2023-01-27 18:51:37,958 - INFO -
| Epoch:    537 | Train loss: 0.0000 | Valid loss: 0.0000 | Train acc: 1.0000 | Valid acc: 1.0000 | patience: 467 | Epoch time: 29.1 |

2023-01-27 18:52:07,096 - INFO -
| Epoch:    538 | Train loss: 0.0012 | Valid loss: 0.0000 | Train acc: 0.9998 | Valid acc: 1.0000 | patience: 468 | Epoch time: 29.1 |

2023-01-27 18:52:36,258 - INFO -
| Epoch:    539 | Train loss: 0.0000 | Valid loss: 0.0020 | Train acc: 1.0000 | Valid acc: 1.0000 | patience: 469 | Epoch time: 29.2 |

2023-01-27 18:53:05,393 - INFO -
| Epoch:    540 | Train loss: 0.0000 | Valid loss: 0.0003 | Train acc: 1.0000 | Valid acc: 1.0000 | patience: 470 | Epoch time: 29.1 |

2023-01-27 18:53:34,532 - INFO -
| Epoch:    541 | Train loss: 0.0000 | Valid loss: 0.0000 | Train acc: 1.0000 | Valid acc: 1.0000 | patience: 471 | Epoch time: 29.1 |

2023-01-27 18:54:03,657 - INFO -
| Epoch:    542 | Train loss: 0.0002 | Valid loss: 0.0001 | Train acc: 1.0000 | Valid acc: 0.9993 | patience: 472 | Epoch time: 29.1 |

2023-01-27 18:54:32,818 - INFO -
| Epoch:    543 | Train loss: 0.0004 | Valid loss: 0.0004 | Train acc: 1.0000 | Valid acc: 1.0000 | patience: 473 | Epoch time: 29.2 |

2023-01-27 18:55:01,963 - INFO -
| Epoch:    544 | Train loss: 0.0000 | Valid loss: 0.0000 | Train acc: 1.0000 | Valid acc: 0.9997 | patience: 474 | Epoch time: 29.1 |

2023-01-27 18:55:31,116 - INFO -
| Epoch:    545 | Train loss: 0.0027 | Valid loss: 0.0000 | Train acc: 1.0000 | Valid acc: 1.0000 | patience: 475 | Epoch time: 29.2 |

2023-01-27 18:56:00,262 - INFO -
| Epoch:    546 | Train loss: 0.0000 | Valid loss: 0.0001 | Train acc: 0.9992 | Valid acc: 0.9999 | patience: 476 | Epoch time: 29.1 |

2023-01-27 18:56:29,456 - INFO -
| Epoch:    547 | Train loss: 0.0000 | Valid loss: 0.0000 | Train acc: 1.0000 | Valid acc: 1.0000 | patience: 477 | Epoch time: 29.2 |

2023-01-27 18:56:58,611 - INFO -
| Epoch:    548 | Train loss: 0.0000 | Valid loss: 0.0000 | Train acc: 1.0000 | Valid acc: 1.0000 | patience: 478 | Epoch time: 29.2 |

2023-01-27 18:57:27,777 - INFO -
| Epoch:    549 | Train loss: 0.0000 | Valid loss: 0.0002 | Train acc: 1.0000 | Valid acc: 1.0000 | patience: 479 | Epoch time: 29.2 |

2023-01-27 18:57:56,918 - INFO -
| Epoch:    550 | Train loss: 0.0001 | Valid loss: 0.0000 | Train acc: 1.0000 | Valid acc: 1.0000 | patience: 480 | Epoch time: 29.1 |

2023-01-27 18:58:26,059 - INFO -
| Epoch:    551 | Train loss: 0.0000 | Valid loss: 0.0000 | Train acc: 1.0000 | Valid acc: 1.0000 | patience: 481 | Epoch time: 29.1 |

2023-01-27 18:58:55,202 - INFO -
| Epoch:    552 | Train loss: 0.0013 | Valid loss: 0.0051 | Train acc: 1.0000 | Valid acc: 1.0000 | patience: 482 | Epoch time: 29.1 |

2023-01-27 18:59:24,321 - INFO -
| Epoch:    553 | Train loss: 0.0000 | Valid loss: 0.0000 | Train acc: 1.0000 | Valid acc: 1.0000 | patience: 483 | Epoch time: 29.1 |

2023-01-27 18:59:53,439 - INFO -
| Epoch:    554 | Train loss: 0.0000 | Valid loss: 0.0000 | Train acc: 1.0000 | Valid acc: 1.0000 | patience: 484 | Epoch time: 29.1 |

2023-01-27 19:00:22,573 - INFO -
| Epoch:    555 | Train loss: 0.0000 | Valid loss: 0.0000 | Train acc: 1.0000 | Valid acc: 1.0000 | patience: 485 | Epoch time: 29.1 |

2023-01-27 19:00:51,707 - INFO -
| Epoch:    556 | Train loss: 0.0001 | Valid loss: 0.0000 | Train acc: 1.0000 | Valid acc: 1.0000 | patience: 486 | Epoch time: 29.1 |

2023-01-27 19:01:20,835 - INFO -
| Epoch:    557 | Train loss: 0.0000 | Valid loss: 0.0008 | Train acc: 1.0000 | Valid acc: 0.9994 | patience: 487 | Epoch time: 29.1 |

2023-01-27 19:01:49,991 - INFO -
| Epoch:    558 | Train loss: 0.0009 | Valid loss: 0.0031 | Train acc: 1.0000 | Valid acc: 1.0000 | patience: 488 | Epoch time: 29.2 |

2023-01-27 19:02:19,143 - INFO -
| Epoch:    559 | Train loss: 0.0002 | Valid loss: 0.0000 | Train acc: 1.0000 | Valid acc: 1.0000 | patience: 489 | Epoch time: 29.2 |

2023-01-27 19:02:48,285 - INFO -
| Epoch:    560 | Train loss: 0.0004 | Valid loss: 0.0000 | Train acc: 1.0000 | Valid acc: 1.0000 | patience: 490 | Epoch time: 29.1 |

2023-01-27 19:03:17,419 - INFO -
| Epoch:    561 | Train loss: 0.0000 | Valid loss: 0.0000 | Train acc: 0.9991 | Valid acc: 1.0000 | patience: 491 | Epoch time: 29.1 |

2023-01-27 19:03:46,611 - INFO -
| Epoch:    562 | Train loss: 0.0038 | Valid loss: 0.0001 | Train acc: 1.0000 | Valid acc: 1.0000 | patience: 492 | Epoch time: 29.2 |

2023-01-27 19:04:15,760 - INFO -
| Epoch:    563 | Train loss: 0.0000 | Valid loss: 0.0001 | Train acc: 1.0000 | Valid acc: 1.0000 | patience: 493 | Epoch time: 29.1 |

2023-01-27 19:04:44,900 - INFO -
| Epoch:    564 | Train loss: 0.0000 | Valid loss: 0.0000 | Train acc: 0.9989 | Valid acc: 1.0000 | patience: 494 | Epoch time: 29.1 |

2023-01-27 19:05:14,044 - INFO -
| Epoch:    565 | Train loss: 0.0000 | Valid loss: 0.0002 | Train acc: 1.0000 | Valid acc: 1.0000 | patience: 495 | Epoch time: 29.1 |

2023-01-27 19:05:43,206 - INFO -
| Epoch:    566 | Train loss: 0.0000 | Valid loss: 0.0000 | Train acc: 1.0000 | Valid acc: 0.9976 | patience: 496 | Epoch time: 29.2 |

2023-01-27 19:06:12,368 - INFO -
| Epoch:    567 | Train loss: 0.0025 | Valid loss: 0.0000 | Train acc: 1.0000 | Valid acc: 1.0000 | patience: 497 | Epoch time: 29.2 |

2023-01-27 19:06:41,517 - INFO -
| Epoch:    568 | Train loss: 0.0001 | Valid loss: 0.0014 | Train acc: 1.0000 | Valid acc: 1.0000 | patience: 498 | Epoch time: 29.1 |

2023-01-27 19:07:10,697 - INFO -
| Epoch:    569 | Train loss: 0.0000 | Valid loss: 0.0002 | Train acc: 1.0000 | Valid acc: 1.0000 | patience: 499 | Epoch time: 29.2 |

2023-01-27 19:07:39,854 - INFO -
| Epoch:    570 | Train loss: 0.0013 | Valid loss: 0.0001 | Train acc: 0.9991 | Valid acc: 1.0000 | patience: 500 | Epoch time: 29.2 |

2023-01-27 19:08:08,990 - INFO -
Early stop.

2023-01-27 19:08:09,007 - INFO -
Training if finished.

