2023-01-27 14:29:56,705 - INFO -
gmin                0.01
gmax                10.0
T                   0.1
m                   0.3
ACT_eta1            0.134
ACT_eta2            0.962
ACT_eta3            0.183
ACT_eta4            24.1
NEG_eta1            -0.104
NEG_eta2            0.899
NEG_eta3            -0.056
NEG_eta4            3.858
hidden              [3]
SEED                1
DEVICE              cuda
TIMELIMITATION      45
PATIENCE            500
EPOCH               10000000000
DATASET             0
LR                  0.1
PROGRESSIVE         False
LR_PATIENCE         100
LR_DECAY            0.5
LR_MIN              0.0001
MODE                aging
M_train             50
K_train             10
M_test              500
K_test              500
t_test_max          10
integration         MC
VARIATION           False
N_train             1
e_train             0.0
N_test              100
e_test              0.1
projectname         ICCAD_2022
temppath            ./ICCAD_2022/temp/
logfilepath         ./ICCAD_2022/log/
recording           False
recordpath          ./ICCAD_2022/record/
savepath            ./ICCAD_2022/models/
loglevel            info


2023-01-27 14:29:56,705 - INFO -
Training network on device: cuda.

2023-01-27 14:29:56,705 - INFO -
Training setup: acuteinflammation_1_aging_0.0_1_MC.

2023-01-27 14:29:56,705 - INFO -
Dataset "acuteinflammation" has 6 input features and 2 classes. There are 70 training examples, 23 valid examples, and 25 test examples in the dataset.

2023-01-27 14:29:56,705 - INFO -
Topology of the network: [6, 3, 2].

2023-01-27 14:30:27,585 - INFO -
| Epoch:      0 | Train loss: 0.7947 | Valid loss: 0.7235 | Train acc: 0.5027 | Valid acc: 0.5761 | patience:   0 | Epoch time: 30.6 |

2023-01-27 14:30:56,686 - INFO -
| Epoch:      1 | Train loss: 0.7647 | Valid loss: 0.6112 | Train acc: 0.5403 | Valid acc: 0.6607 | patience:   0 | Epoch time: 29.1 |

2023-01-27 14:31:25,815 - INFO -
| Epoch:      2 | Train loss: 0.6464 | Valid loss: 0.5808 | Train acc: 0.6127 | Valid acc: 0.7127 | patience:   0 | Epoch time: 29.1 |

2023-01-27 14:31:54,956 - INFO -
| Epoch:      3 | Train loss: 0.5106 | Valid loss: 0.4731 | Train acc: 0.7321 | Valid acc: 0.7441 | patience:   0 | Epoch time: 29.1 |

2023-01-27 14:32:24,106 - INFO -
| Epoch:      4 | Train loss: 0.4592 | Valid loss: 0.3473 | Train acc: 0.7797 | Valid acc: 0.8133 | patience:   0 | Epoch time: 29.2 |

2023-01-27 14:32:53,236 - INFO -
| Epoch:      5 | Train loss: 0.3388 | Valid loss: 0.2867 | Train acc: 0.8307 | Valid acc: 0.8549 | patience:   0 | Epoch time: 29.1 |

2023-01-27 14:33:22,412 - INFO -
| Epoch:      6 | Train loss: 0.2547 | Valid loss: 0.2245 | Train acc: 0.8514 | Valid acc: 0.8911 | patience:   0 | Epoch time: 29.2 |

2023-01-27 14:33:51,558 - INFO -
| Epoch:      7 | Train loss: 0.2386 | Valid loss: 0.1582 | Train acc: 0.8949 | Valid acc: 0.9243 | patience:   0 | Epoch time: 29.1 |

2023-01-27 14:34:20,748 - INFO -
| Epoch:      8 | Train loss: 0.1519 | Valid loss: 0.0990 | Train acc: 0.9308 | Valid acc: 0.9405 | patience:   0 | Epoch time: 29.2 |

2023-01-27 14:34:49,942 - INFO -
| Epoch:      9 | Train loss: 0.0915 | Valid loss: 0.1067 | Train acc: 0.9429 | Valid acc: 0.9759 | patience:   1 | Epoch time: 29.2 |

2023-01-27 14:35:19,104 - INFO -
| Epoch:     10 | Train loss: 0.1175 | Valid loss: 0.0798 | Train acc: 0.9640 | Valid acc: 0.9643 | patience:   0 | Epoch time: 29.2 |

2023-01-27 14:35:48,297 - INFO -
| Epoch:     11 | Train loss: 0.1000 | Valid loss: 0.0491 | Train acc: 0.9397 | Valid acc: 0.9821 | patience:   0 | Epoch time: 29.2 |

2023-01-27 14:36:17,464 - INFO -
| Epoch:     12 | Train loss: 0.0468 | Valid loss: 0.0708 | Train acc: 0.9653 | Valid acc: 0.9644 | patience:   1 | Epoch time: 29.2 |

2023-01-27 14:36:46,605 - INFO -
| Epoch:     13 | Train loss: 0.1019 | Valid loss: 0.0640 | Train acc: 0.9733 | Valid acc: 0.9729 | patience:   2 | Epoch time: 29.1 |

2023-01-27 14:37:15,761 - INFO -
| Epoch:     14 | Train loss: 0.0612 | Valid loss: 0.0609 | Train acc: 0.9832 | Valid acc: 0.9837 | patience:   3 | Epoch time: 29.2 |

2023-01-27 14:37:44,903 - INFO -
| Epoch:     15 | Train loss: 0.0551 | Valid loss: 0.0323 | Train acc: 0.9762 | Valid acc: 0.9983 | patience:   0 | Epoch time: 29.1 |

2023-01-27 14:38:14,049 - INFO -
| Epoch:     16 | Train loss: 0.0264 | Valid loss: 0.0210 | Train acc: 0.9885 | Valid acc: 0.9914 | patience:   0 | Epoch time: 29.1 |

2023-01-27 14:38:43,216 - INFO -
| Epoch:     17 | Train loss: 0.0248 | Valid loss: 0.0100 | Train acc: 0.9935 | Valid acc: 0.9848 | patience:   0 | Epoch time: 29.2 |

2023-01-27 14:39:12,410 - INFO -
| Epoch:     18 | Train loss: 0.0231 | Valid loss: 0.0168 | Train acc: 0.9808 | Valid acc: 0.9939 | patience:   1 | Epoch time: 29.2 |

2023-01-27 14:39:41,600 - INFO -
| Epoch:     19 | Train loss: 0.0502 | Valid loss: 0.0237 | Train acc: 0.9714 | Valid acc: 0.9890 | patience:   2 | Epoch time: 29.2 |

2023-01-27 14:40:10,793 - INFO -
| Epoch:     20 | Train loss: 0.0103 | Valid loss: 0.0169 | Train acc: 0.9964 | Valid acc: 0.9923 | patience:   3 | Epoch time: 29.2 |

2023-01-27 14:40:40,010 - INFO -
| Epoch:     21 | Train loss: 0.0253 | Valid loss: 0.0162 | Train acc: 0.9902 | Valid acc: 0.9949 | patience:   4 | Epoch time: 29.2 |

2023-01-27 14:41:09,233 - INFO -
| Epoch:     22 | Train loss: 0.0101 | Valid loss: 0.0030 | Train acc: 0.9938 | Valid acc: 0.9955 | patience:   0 | Epoch time: 29.2 |

2023-01-27 14:41:38,488 - INFO -
| Epoch:     23 | Train loss: 0.0067 | Valid loss: 0.0047 | Train acc: 0.9989 | Valid acc: 0.9972 | patience:   1 | Epoch time: 29.3 |

2023-01-27 14:42:07,719 - INFO -
| Epoch:     24 | Train loss: 0.0097 | Valid loss: 0.0022 | Train acc: 0.9953 | Valid acc: 0.9993 | patience:   0 | Epoch time: 29.2 |

2023-01-27 14:42:36,958 - INFO -
| Epoch:     25 | Train loss: 0.0047 | Valid loss: 0.0064 | Train acc: 0.9960 | Valid acc: 0.9978 | patience:   1 | Epoch time: 29.2 |

2023-01-27 14:43:06,183 - INFO -
| Epoch:     26 | Train loss: 0.0046 | Valid loss: 0.0044 | Train acc: 0.9979 | Valid acc: 0.9972 | patience:   2 | Epoch time: 29.2 |

2023-01-27 14:43:35,390 - INFO -
| Epoch:     27 | Train loss: 0.0051 | Valid loss: 0.0034 | Train acc: 0.9992 | Valid acc: 0.9993 | patience:   3 | Epoch time: 29.2 |

2023-01-27 14:44:04,601 - INFO -
| Epoch:     28 | Train loss: 0.0050 | Valid loss: 0.0038 | Train acc: 0.9967 | Valid acc: 0.9987 | patience:   4 | Epoch time: 29.2 |

2023-01-27 14:44:33,831 - INFO -
| Epoch:     29 | Train loss: 0.0024 | Valid loss: 0.0066 | Train acc: 0.9986 | Valid acc: 0.9965 | patience:   5 | Epoch time: 29.2 |

2023-01-27 14:45:03,375 - INFO -
| Epoch:     30 | Train loss: 0.0031 | Valid loss: 0.0039 | Train acc: 0.9970 | Valid acc: 0.9966 | patience:   6 | Epoch time: 29.5 |

2023-01-27 14:45:32,614 - INFO -
| Epoch:     31 | Train loss: 0.0049 | Valid loss: 0.0041 | Train acc: 0.9974 | Valid acc: 0.9954 | patience:   7 | Epoch time: 29.2 |

2023-01-27 14:46:01,857 - INFO -
| Epoch:     32 | Train loss: 0.0035 | Valid loss: 0.0080 | Train acc: 0.9985 | Valid acc: 0.9990 | patience:   8 | Epoch time: 29.2 |

2023-01-27 14:46:31,098 - INFO -
| Epoch:     33 | Train loss: 0.0061 | Valid loss: 0.0042 | Train acc: 0.9989 | Valid acc: 0.9990 | patience:   9 | Epoch time: 29.2 |

2023-01-27 14:47:00,315 - INFO -
| Epoch:     34 | Train loss: 0.0010 | Valid loss: 0.0029 | Train acc: 0.9966 | Valid acc: 0.9963 | patience:  10 | Epoch time: 29.2 |

2023-01-27 14:47:29,547 - INFO -
| Epoch:     35 | Train loss: 0.0044 | Valid loss: 0.0025 | Train acc: 0.9961 | Valid acc: 0.9969 | patience:  11 | Epoch time: 29.2 |

2023-01-27 14:47:58,784 - INFO -
| Epoch:     36 | Train loss: 0.0046 | Valid loss: 0.0042 | Train acc: 0.9977 | Valid acc: 0.9956 | patience:  12 | Epoch time: 29.2 |

2023-01-27 14:48:28,021 - INFO -
| Epoch:     37 | Train loss: 0.0039 | Valid loss: 0.0010 | Train acc: 0.9990 | Valid acc: 0.9933 | patience:   0 | Epoch time: 29.2 |

2023-01-27 14:48:57,237 - INFO -
| Epoch:     38 | Train loss: 0.0061 | Valid loss: 0.0014 | Train acc: 1.0000 | Valid acc: 0.9947 | patience:   1 | Epoch time: 29.2 |

2023-01-27 14:49:26,474 - INFO -
| Epoch:     39 | Train loss: 0.0010 | Valid loss: 0.0011 | Train acc: 0.9991 | Valid acc: 0.9993 | patience:   2 | Epoch time: 29.2 |

2023-01-27 14:49:55,691 - INFO -
| Epoch:     40 | Train loss: 0.0010 | Valid loss: 0.0030 | Train acc: 0.9995 | Valid acc: 0.9960 | patience:   3 | Epoch time: 29.2 |

2023-01-27 14:50:24,918 - INFO -
| Epoch:     41 | Train loss: 0.0024 | Valid loss: 0.0052 | Train acc: 0.9987 | Valid acc: 0.9997 | patience:   4 | Epoch time: 29.2 |

2023-01-27 14:50:54,149 - INFO -
| Epoch:     42 | Train loss: 0.0032 | Valid loss: 0.0016 | Train acc: 0.9950 | Valid acc: 0.9995 | patience:   5 | Epoch time: 29.2 |

2023-01-27 14:51:23,390 - INFO -
| Epoch:     43 | Train loss: 0.0006 | Valid loss: 0.0007 | Train acc: 1.0000 | Valid acc: 0.9993 | patience:   0 | Epoch time: 29.2 |

2023-01-27 14:51:52,641 - INFO -
| Epoch:     44 | Train loss: 0.0042 | Valid loss: 0.0006 | Train acc: 0.9998 | Valid acc: 0.9991 | patience:   0 | Epoch time: 29.3 |

2023-01-27 14:52:21,859 - INFO -
| Epoch:     45 | Train loss: 0.0003 | Valid loss: 0.0003 | Train acc: 1.0000 | Valid acc: 0.9993 | patience:   0 | Epoch time: 29.2 |

2023-01-27 14:52:51,091 - INFO -
| Epoch:     46 | Train loss: 0.0022 | Valid loss: 0.0024 | Train acc: 0.9995 | Valid acc: 0.9976 | patience:   1 | Epoch time: 29.2 |

2023-01-27 14:53:20,320 - INFO -
| Epoch:     47 | Train loss: 0.0022 | Valid loss: 0.0034 | Train acc: 0.9940 | Valid acc: 1.0000 | patience:   2 | Epoch time: 29.2 |

2023-01-27 14:53:49,551 - INFO -
| Epoch:     48 | Train loss: 0.0000 | Valid loss: 0.0022 | Train acc: 1.0000 | Valid acc: 0.9997 | patience:   3 | Epoch time: 29.2 |

2023-01-27 14:54:18,799 - INFO -
| Epoch:     49 | Train loss: 0.0022 | Valid loss: 0.0005 | Train acc: 0.9970 | Valid acc: 0.9996 | patience:   4 | Epoch time: 29.2 |

2023-01-27 14:54:48,032 - INFO -
| Epoch:     50 | Train loss: 0.0059 | Valid loss: 0.0017 | Train acc: 0.9989 | Valid acc: 0.9999 | patience:   5 | Epoch time: 29.2 |

2023-01-27 14:55:17,588 - INFO -
| Epoch:     51 | Train loss: 0.0012 | Valid loss: 0.0006 | Train acc: 0.9994 | Valid acc: 1.0000 | patience:   6 | Epoch time: 29.6 |

2023-01-27 14:55:46,817 - INFO -
| Epoch:     52 | Train loss: 0.0052 | Valid loss: 0.0028 | Train acc: 1.0000 | Valid acc: 0.9987 | patience:   7 | Epoch time: 29.2 |

2023-01-27 14:56:16,031 - INFO -
| Epoch:     53 | Train loss: 0.0004 | Valid loss: 0.0010 | Train acc: 1.0000 | Valid acc: 0.9983 | patience:   8 | Epoch time: 29.2 |

2023-01-27 14:56:45,248 - INFO -
| Epoch:     54 | Train loss: 0.0001 | Valid loss: 0.0021 | Train acc: 1.0000 | Valid acc: 0.9954 | patience:   9 | Epoch time: 29.2 |

2023-01-27 14:57:14,455 - INFO -
| Epoch:     55 | Train loss: 0.0008 | Valid loss: 0.0000 | Train acc: 1.0000 | Valid acc: 0.9996 | patience:   0 | Epoch time: 29.2 |

2023-01-27 14:57:43,663 - INFO -
| Epoch:     56 | Train loss: 0.0009 | Valid loss: 0.0003 | Train acc: 0.9979 | Valid acc: 1.0000 | patience:   1 | Epoch time: 29.2 |

2023-01-27 14:58:12,884 - INFO -
| Epoch:     57 | Train loss: 0.0000 | Valid loss: 0.0022 | Train acc: 0.9993 | Valid acc: 0.9989 | patience:   2 | Epoch time: 29.2 |

2023-01-27 14:58:42,077 - INFO -
| Epoch:     58 | Train loss: 0.0044 | Valid loss: 0.0053 | Train acc: 0.9974 | Valid acc: 1.0000 | patience:   3 | Epoch time: 29.2 |

2023-01-27 14:59:11,312 - INFO -
| Epoch:     59 | Train loss: 0.0007 | Valid loss: 0.0003 | Train acc: 1.0000 | Valid acc: 0.9988 | patience:   4 | Epoch time: 29.2 |

2023-01-27 14:59:40,532 - INFO -
| Epoch:     60 | Train loss: 0.0000 | Valid loss: 0.0029 | Train acc: 1.0000 | Valid acc: 0.9957 | patience:   5 | Epoch time: 29.2 |

2023-01-27 15:00:09,788 - INFO -
| Epoch:     61 | Train loss: 0.0023 | Valid loss: 0.0014 | Train acc: 0.9983 | Valid acc: 1.0000 | patience:   6 | Epoch time: 29.3 |

2023-01-27 15:00:39,002 - INFO -
| Epoch:     62 | Train loss: 0.0078 | Valid loss: 0.0029 | Train acc: 0.9987 | Valid acc: 0.9995 | patience:   7 | Epoch time: 29.2 |

2023-01-27 15:01:08,214 - INFO -
| Epoch:     63 | Train loss: 0.0002 | Valid loss: 0.0020 | Train acc: 1.0000 | Valid acc: 1.0000 | patience:   8 | Epoch time: 29.2 |

2023-01-27 15:01:37,416 - INFO -
| Epoch:     64 | Train loss: 0.0036 | Valid loss: 0.0005 | Train acc: 0.9960 | Valid acc: 1.0000 | patience:   9 | Epoch time: 29.2 |

2023-01-27 15:02:06,609 - INFO -
| Epoch:     65 | Train loss: 0.0030 | Valid loss: 0.0000 | Train acc: 1.0000 | Valid acc: 0.9986 | patience:   0 | Epoch time: 29.2 |

2023-01-27 15:02:35,798 - INFO -
| Epoch:     66 | Train loss: 0.0039 | Valid loss: 0.0005 | Train acc: 1.0000 | Valid acc: 0.9997 | patience:   1 | Epoch time: 29.2 |

2023-01-27 15:03:05,018 - INFO -
| Epoch:     67 | Train loss: 0.0001 | Valid loss: 0.0047 | Train acc: 0.9999 | Valid acc: 1.0000 | patience:   2 | Epoch time: 29.2 |

2023-01-27 15:03:34,225 - INFO -
| Epoch:     68 | Train loss: 0.0014 | Valid loss: 0.0021 | Train acc: 0.9985 | Valid acc: 0.9997 | patience:   3 | Epoch time: 29.2 |

2023-01-27 15:04:03,432 - INFO -
| Epoch:     69 | Train loss: 0.0019 | Valid loss: 0.0006 | Train acc: 1.0000 | Valid acc: 0.9987 | patience:   4 | Epoch time: 29.2 |

2023-01-27 15:04:32,646 - INFO -
| Epoch:     70 | Train loss: 0.0000 | Valid loss: 0.0010 | Train acc: 0.9991 | Valid acc: 0.9996 | patience:   5 | Epoch time: 29.2 |

2023-01-27 15:05:01,836 - INFO -
| Epoch:     71 | Train loss: 0.0029 | Valid loss: 0.0022 | Train acc: 1.0000 | Valid acc: 1.0000 | patience:   6 | Epoch time: 29.2 |

2023-01-27 15:05:31,033 - INFO -
| Epoch:     72 | Train loss: 0.0016 | Valid loss: 0.0028 | Train acc: 1.0000 | Valid acc: 0.9998 | patience:   7 | Epoch time: 29.2 |

2023-01-27 15:06:00,236 - INFO -
| Epoch:     73 | Train loss: 0.0010 | Valid loss: 0.0039 | Train acc: 0.9995 | Valid acc: 1.0000 | patience:   8 | Epoch time: 29.2 |

2023-01-27 15:06:29,443 - INFO -
| Epoch:     74 | Train loss: 0.0013 | Valid loss: 0.0020 | Train acc: 0.9997 | Valid acc: 1.0000 | patience:   9 | Epoch time: 29.2 |

2023-01-27 15:06:58,663 - INFO -
| Epoch:     75 | Train loss: 0.0006 | Valid loss: 0.0008 | Train acc: 0.9998 | Valid acc: 1.0000 | patience:  10 | Epoch time: 29.2 |

2023-01-27 15:07:27,894 - INFO -
| Epoch:     76 | Train loss: 0.0009 | Valid loss: 0.0004 | Train acc: 1.0000 | Valid acc: 0.9997 | patience:  11 | Epoch time: 29.2 |

2023-01-27 15:07:57,111 - INFO -
| Epoch:     77 | Train loss: 0.0031 | Valid loss: 0.0000 | Train acc: 1.0000 | Valid acc: 1.0000 | patience:  12 | Epoch time: 29.2 |

2023-01-27 15:08:26,315 - INFO -
| Epoch:     78 | Train loss: 0.0031 | Valid loss: 0.0015 | Train acc: 0.9997 | Valid acc: 1.0000 | patience:  13 | Epoch time: 29.2 |

2023-01-27 15:08:55,523 - INFO -
| Epoch:     79 | Train loss: 0.0000 | Valid loss: 0.0022 | Train acc: 0.9998 | Valid acc: 1.0000 | patience:  14 | Epoch time: 29.2 |

2023-01-27 15:09:24,735 - INFO -
| Epoch:     80 | Train loss: 0.0000 | Valid loss: 0.0000 | Train acc: 1.0000 | Valid acc: 0.9999 | patience:  15 | Epoch time: 29.2 |

2023-01-27 15:09:53,959 - INFO -
| Epoch:     81 | Train loss: 0.0027 | Valid loss: 0.0003 | Train acc: 1.0000 | Valid acc: 1.0000 | patience:  16 | Epoch time: 29.2 |

2023-01-27 15:10:23,165 - INFO -
| Epoch:     82 | Train loss: 0.0007 | Valid loss: 0.0006 | Train acc: 0.9999 | Valid acc: 0.9975 | patience:  17 | Epoch time: 29.2 |

2023-01-27 15:10:52,379 - INFO -
| Epoch:     83 | Train loss: 0.0000 | Valid loss: 0.0000 | Train acc: 1.0000 | Valid acc: 1.0000 | patience:  18 | Epoch time: 29.2 |

2023-01-27 15:11:21,615 - INFO -
| Epoch:     84 | Train loss: 0.0031 | Valid loss: 0.0007 | Train acc: 0.9990 | Valid acc: 1.0000 | patience:  19 | Epoch time: 29.2 |

2023-01-27 15:11:50,808 - INFO -
| Epoch:     85 | Train loss: 0.0011 | Valid loss: 0.0009 | Train acc: 1.0000 | Valid acc: 0.9986 | patience:  20 | Epoch time: 29.2 |

2023-01-27 15:12:20,068 - INFO -
| Epoch:     86 | Train loss: 0.0001 | Valid loss: 0.0034 | Train acc: 0.9996 | Valid acc: 0.9993 | patience:  21 | Epoch time: 29.3 |

2023-01-27 15:12:49,325 - INFO -
| Epoch:     87 | Train loss: 0.0046 | Valid loss: 0.0014 | Train acc: 0.9990 | Valid acc: 1.0000 | patience:  22 | Epoch time: 29.3 |

2023-01-27 15:13:18,911 - INFO -
| Epoch:     88 | Train loss: 0.0000 | Valid loss: 0.0020 | Train acc: 1.0000 | Valid acc: 1.0000 | patience:  23 | Epoch time: 29.6 |

2023-01-27 15:13:48,094 - INFO -
| Epoch:     89 | Train loss: 0.0010 | Valid loss: 0.0008 | Train acc: 0.9985 | Valid acc: 1.0000 | patience:  24 | Epoch time: 29.2 |

2023-01-27 15:14:17,267 - INFO -
| Epoch:     90 | Train loss: 0.0005 | Valid loss: 0.0044 | Train acc: 0.9995 | Valid acc: 0.9992 | patience:  25 | Epoch time: 29.2 |

2023-01-27 15:14:46,496 - INFO -
| Epoch:     91 | Train loss: 0.0013 | Valid loss: 0.0012 | Train acc: 1.0000 | Valid acc: 0.9995 | patience:  26 | Epoch time: 29.2 |

2023-01-27 15:15:15,674 - INFO -
| Epoch:     92 | Train loss: 0.0000 | Valid loss: 0.0002 | Train acc: 1.0000 | Valid acc: 0.9997 | patience:  27 | Epoch time: 29.2 |

2023-01-27 15:15:44,883 - INFO -
| Epoch:     93 | Train loss: 0.0000 | Valid loss: 0.0000 | Train acc: 1.0000 | Valid acc: 0.9997 | patience:  28 | Epoch time: 29.2 |

2023-01-27 15:16:14,116 - INFO -
| Epoch:     94 | Train loss: 0.0065 | Valid loss: 0.0000 | Train acc: 1.0000 | Valid acc: 0.9993 | patience:  29 | Epoch time: 29.2 |

2023-01-27 15:16:43,345 - INFO -
| Epoch:     95 | Train loss: 0.0007 | Valid loss: 0.0005 | Train acc: 1.0000 | Valid acc: 1.0000 | patience:  30 | Epoch time: 29.2 |

2023-01-27 15:17:12,534 - INFO -
| Epoch:     96 | Train loss: 0.0008 | Valid loss: 0.0000 | Train acc: 0.9990 | Valid acc: 1.0000 | patience:  31 | Epoch time: 29.2 |

2023-01-27 15:17:41,712 - INFO -
| Epoch:     97 | Train loss: 0.0001 | Valid loss: 0.0000 | Train acc: 1.0000 | Valid acc: 1.0000 | patience:  32 | Epoch time: 29.2 |

2023-01-27 15:18:10,915 - INFO -
| Epoch:     98 | Train loss: 0.0000 | Valid loss: 0.0011 | Train acc: 1.0000 | Valid acc: 0.9999 | patience:  33 | Epoch time: 29.2 |

2023-01-27 15:18:40,095 - INFO -
| Epoch:     99 | Train loss: 0.0010 | Valid loss: 0.0000 | Train acc: 1.0000 | Valid acc: 0.9996 | patience:  34 | Epoch time: 29.2 |

2023-01-27 15:19:09,313 - INFO -
| Epoch:    100 | Train loss: 0.0000 | Valid loss: 0.0008 | Train acc: 0.9979 | Valid acc: 1.0000 | patience:  35 | Epoch time: 29.2 |

2023-01-27 15:19:38,520 - INFO -
| Epoch:    101 | Train loss: 0.0002 | Valid loss: 0.0006 | Train acc: 1.0000 | Valid acc: 0.9997 | patience:  36 | Epoch time: 29.2 |

2023-01-27 15:20:07,703 - INFO -
| Epoch:    102 | Train loss: 0.0011 | Valid loss: 0.0004 | Train acc: 0.9981 | Valid acc: 1.0000 | patience:  37 | Epoch time: 29.2 |

2023-01-27 15:20:36,914 - INFO -
| Epoch:    103 | Train loss: 0.0004 | Valid loss: 0.0020 | Train acc: 1.0000 | Valid acc: 1.0000 | patience:  38 | Epoch time: 29.2 |

2023-01-27 15:21:06,109 - INFO -
| Epoch:    104 | Train loss: 0.0020 | Valid loss: 0.0010 | Train acc: 1.0000 | Valid acc: 0.9997 | patience:  39 | Epoch time: 29.2 |

2023-01-27 15:21:35,308 - INFO -
| Epoch:    105 | Train loss: 0.0000 | Valid loss: 0.0007 | Train acc: 1.0000 | Valid acc: 1.0000 | patience:  40 | Epoch time: 29.2 |

2023-01-27 15:22:04,494 - INFO -
| Epoch:    106 | Train loss: 0.0014 | Valid loss: 0.0006 | Train acc: 1.0000 | Valid acc: 1.0000 | patience:  41 | Epoch time: 29.2 |

2023-01-27 15:22:33,708 - INFO -
| Epoch:    107 | Train loss: 0.0005 | Valid loss: 0.0014 | Train acc: 0.9992 | Valid acc: 1.0000 | patience:  42 | Epoch time: 29.2 |

2023-01-27 15:23:02,929 - INFO -
| Epoch:    108 | Train loss: 0.0000 | Valid loss: 0.0001 | Train acc: 1.0000 | Valid acc: 1.0000 | patience:  43 | Epoch time: 29.2 |

2023-01-27 15:23:32,491 - INFO -
| Epoch:    109 | Train loss: 0.0010 | Valid loss: 0.0028 | Train acc: 1.0000 | Valid acc: 1.0000 | patience:  44 | Epoch time: 29.6 |

2023-01-27 15:24:01,686 - INFO -
| Epoch:    110 | Train loss: 0.0001 | Valid loss: 0.0021 | Train acc: 1.0000 | Valid acc: 1.0000 | patience:  45 | Epoch time: 29.2 |

2023-01-27 15:24:30,891 - INFO -
| Epoch:    111 | Train loss: 0.0005 | Valid loss: 0.0000 | Train acc: 0.9996 | Valid acc: 1.0000 | patience:  46 | Epoch time: 29.2 |

2023-01-27 15:25:00,089 - INFO -
| Epoch:    112 | Train loss: 0.0012 | Valid loss: 0.0000 | Train acc: 1.0000 | Valid acc: 1.0000 | patience:  47 | Epoch time: 29.2 |

2023-01-27 15:25:29,287 - INFO -
| Epoch:    113 | Train loss: 0.0004 | Valid loss: 0.0029 | Train acc: 1.0000 | Valid acc: 0.9990 | patience:  48 | Epoch time: 29.2 |

2023-01-27 15:25:58,478 - INFO -
| Epoch:    114 | Train loss: 0.0000 | Valid loss: 0.0009 | Train acc: 1.0000 | Valid acc: 1.0000 | patience:  49 | Epoch time: 29.2 |

2023-01-27 15:26:27,709 - INFO -
| Epoch:    115 | Train loss: 0.0002 | Valid loss: 0.0000 | Train acc: 1.0000 | Valid acc: 1.0000 | patience:  50 | Epoch time: 29.2 |

2023-01-27 15:26:56,931 - INFO -
| Epoch:    116 | Train loss: 0.0004 | Valid loss: 0.0000 | Train acc: 1.0000 | Valid acc: 1.0000 | patience:  51 | Epoch time: 29.2 |

2023-01-27 15:27:26,141 - INFO -
| Epoch:    117 | Train loss: 0.0003 | Valid loss: 0.0001 | Train acc: 0.9993 | Valid acc: 0.9996 | patience:  52 | Epoch time: 29.2 |

2023-01-27 15:27:55,335 - INFO -
| Epoch:    118 | Train loss: 0.0010 | Valid loss: 0.0000 | Train acc: 1.0000 | Valid acc: 1.0000 | patience:  53 | Epoch time: 29.2 |

2023-01-27 15:28:24,532 - INFO -
| Epoch:    119 | Train loss: 0.0009 | Valid loss: 0.0001 | Train acc: 1.0000 | Valid acc: 1.0000 | patience:  54 | Epoch time: 29.2 |

2023-01-27 15:28:53,735 - INFO -
| Epoch:    120 | Train loss: 0.0001 | Valid loss: 0.0005 | Train acc: 1.0000 | Valid acc: 1.0000 | patience:  55 | Epoch time: 29.2 |

2023-01-27 15:29:22,938 - INFO -
| Epoch:    121 | Train loss: 0.0003 | Valid loss: 0.0006 | Train acc: 1.0000 | Valid acc: 1.0000 | patience:  56 | Epoch time: 29.2 |

2023-01-27 15:29:52,142 - INFO -
| Epoch:    122 | Train loss: 0.0003 | Valid loss: 0.0006 | Train acc: 1.0000 | Valid acc: 1.0000 | patience:  57 | Epoch time: 29.2 |

2023-01-27 15:30:21,324 - INFO -
| Epoch:    123 | Train loss: 0.0003 | Valid loss: 0.0023 | Train acc: 1.0000 | Valid acc: 1.0000 | patience:  58 | Epoch time: 29.2 |

2023-01-27 15:30:50,531 - INFO -
| Epoch:    124 | Train loss: 0.0002 | Valid loss: 0.0012 | Train acc: 1.0000 | Valid acc: 1.0000 | patience:  59 | Epoch time: 29.2 |

2023-01-27 15:31:19,730 - INFO -
| Epoch:    125 | Train loss: 0.0000 | Valid loss: 0.0000 | Train acc: 1.0000 | Valid acc: 1.0000 | patience:  60 | Epoch time: 29.2 |

2023-01-27 15:31:48,907 - INFO -
| Epoch:    126 | Train loss: 0.0000 | Valid loss: 0.0001 | Train acc: 1.0000 | Valid acc: 1.0000 | patience:  61 | Epoch time: 29.2 |

2023-01-27 15:32:18,145 - INFO -
| Epoch:    127 | Train loss: 0.0007 | Valid loss: 0.0022 | Train acc: 1.0000 | Valid acc: 1.0000 | patience:  62 | Epoch time: 29.2 |

2023-01-27 15:32:47,330 - INFO -
| Epoch:    128 | Train loss: 0.0029 | Valid loss: 0.0010 | Train acc: 0.9991 | Valid acc: 1.0000 | patience:  63 | Epoch time: 29.2 |

2023-01-27 15:33:16,501 - INFO -
| Epoch:    129 | Train loss: 0.0016 | Valid loss: 0.0005 | Train acc: 1.0000 | Valid acc: 1.0000 | patience:  64 | Epoch time: 29.2 |

2023-01-27 15:33:45,696 - INFO -
| Epoch:    130 | Train loss: 0.0002 | Valid loss: 0.0005 | Train acc: 1.0000 | Valid acc: 1.0000 | patience:  65 | Epoch time: 29.2 |

2023-01-27 15:34:14,883 - INFO -
| Epoch:    131 | Train loss: 0.0011 | Valid loss: 0.0000 | Train acc: 0.9995 | Valid acc: 0.9991 | patience:  66 | Epoch time: 29.2 |

2023-01-27 15:34:44,084 - INFO -
| Epoch:    132 | Train loss: 0.0005 | Valid loss: 0.0001 | Train acc: 1.0000 | Valid acc: 0.9995 | patience:  67 | Epoch time: 29.2 |

2023-01-27 15:35:13,372 - INFO -
| Epoch:    133 | Train loss: 0.0000 | Valid loss: 0.0024 | Train acc: 1.0000 | Valid acc: 0.9987 | patience:  68 | Epoch time: 29.3 |

2023-01-27 15:35:42,635 - INFO -
| Epoch:    134 | Train loss: 0.0000 | Valid loss: 0.0003 | Train acc: 1.0000 | Valid acc: 0.9990 | patience:  69 | Epoch time: 29.3 |

2023-01-27 15:36:11,819 - INFO -
| Epoch:    135 | Train loss: 0.0000 | Valid loss: 0.0019 | Train acc: 1.0000 | Valid acc: 1.0000 | patience:  70 | Epoch time: 29.2 |

2023-01-27 15:36:41,008 - INFO -
| Epoch:    136 | Train loss: 0.0002 | Valid loss: 0.0009 | Train acc: 0.9995 | Valid acc: 1.0000 | patience:  71 | Epoch time: 29.2 |

2023-01-27 15:37:10,216 - INFO -
| Epoch:    137 | Train loss: 0.0001 | Valid loss: 0.0000 | Train acc: 1.0000 | Valid acc: 1.0000 | patience:  72 | Epoch time: 29.2 |

2023-01-27 15:37:39,399 - INFO -
| Epoch:    138 | Train loss: 0.0009 | Valid loss: 0.0019 | Train acc: 1.0000 | Valid acc: 1.0000 | patience:  73 | Epoch time: 29.2 |

2023-01-27 15:38:08,585 - INFO -
| Epoch:    139 | Train loss: 0.0040 | Valid loss: 0.0001 | Train acc: 1.0000 | Valid acc: 1.0000 | patience:  74 | Epoch time: 29.2 |

2023-01-27 15:38:37,768 - INFO -
| Epoch:    140 | Train loss: 0.0011 | Valid loss: 0.0022 | Train acc: 0.9992 | Valid acc: 1.0000 | patience:  75 | Epoch time: 29.2 |

2023-01-27 15:39:06,971 - INFO -
| Epoch:    141 | Train loss: 0.0007 | Valid loss: 0.0002 | Train acc: 0.9988 | Valid acc: 1.0000 | patience:  76 | Epoch time: 29.2 |

2023-01-27 15:39:36,182 - INFO -
| Epoch:    142 | Train loss: 0.0008 | Valid loss: 0.0026 | Train acc: 1.0000 | Valid acc: 0.9995 | patience:  77 | Epoch time: 29.2 |

2023-01-27 15:40:05,358 - INFO -
| Epoch:    143 | Train loss: 0.0003 | Valid loss: 0.0001 | Train acc: 1.0000 | Valid acc: 0.9997 | patience:  78 | Epoch time: 29.2 |

2023-01-27 15:40:34,577 - INFO -
| Epoch:    144 | Train loss: 0.0000 | Valid loss: 0.0013 | Train acc: 1.0000 | Valid acc: 1.0000 | patience:  79 | Epoch time: 29.2 |

2023-01-27 15:41:03,758 - INFO -
| Epoch:    145 | Train loss: 0.0019 | Valid loss: 0.0000 | Train acc: 1.0000 | Valid acc: 1.0000 | patience:  80 | Epoch time: 29.2 |

2023-01-27 15:41:32,928 - INFO -
| Epoch:    146 | Train loss: 0.0000 | Valid loss: 0.0002 | Train acc: 0.9977 | Valid acc: 0.9988 | patience:  81 | Epoch time: 29.2 |

2023-01-27 15:42:02,151 - INFO -
| Epoch:    147 | Train loss: 0.0001 | Valid loss: 0.0018 | Train acc: 0.9993 | Valid acc: 0.9957 | patience:  82 | Epoch time: 29.2 |

2023-01-27 15:42:31,705 - INFO -
| Epoch:    148 | Train loss: 0.0001 | Valid loss: 0.0000 | Train acc: 0.9993 | Valid acc: 1.0000 | patience:  83 | Epoch time: 29.6 |

2023-01-27 15:43:00,935 - INFO -
| Epoch:    149 | Train loss: 0.0004 | Valid loss: 0.0001 | Train acc: 0.9991 | Valid acc: 0.9996 | patience:  84 | Epoch time: 29.2 |

2023-01-27 15:43:30,130 - INFO -
| Epoch:    150 | Train loss: 0.0046 | Valid loss: 0.0012 | Train acc: 1.0000 | Valid acc: 1.0000 | patience:  85 | Epoch time: 29.2 |

2023-01-27 15:43:59,335 - INFO -
| Epoch:    151 | Train loss: 0.0004 | Valid loss: 0.0025 | Train acc: 0.9991 | Valid acc: 1.0000 | patience:  86 | Epoch time: 29.2 |

2023-01-27 15:44:28,582 - INFO -
| Epoch:    152 | Train loss: 0.0009 | Valid loss: 0.0007 | Train acc: 1.0000 | Valid acc: 1.0000 | patience:  87 | Epoch time: 29.2 |

2023-01-27 15:44:57,796 - INFO -
| Epoch:    153 | Train loss: 0.0000 | Valid loss: 0.0007 | Train acc: 1.0000 | Valid acc: 1.0000 | patience:  88 | Epoch time: 29.2 |

2023-01-27 15:45:26,969 - INFO -
| Epoch:    154 | Train loss: 0.0000 | Valid loss: 0.0007 | Train acc: 1.0000 | Valid acc: 1.0000 | patience:  89 | Epoch time: 29.2 |

2023-01-27 15:45:56,172 - INFO -
| Epoch:    155 | Train loss: 0.0001 | Valid loss: 0.0004 | Train acc: 1.0000 | Valid acc: 1.0000 | patience:  90 | Epoch time: 29.2 |

2023-01-27 15:46:25,404 - INFO -
| Epoch:    156 | Train loss: 0.0006 | Valid loss: 0.0005 | Train acc: 1.0000 | Valid acc: 0.9985 | patience:  91 | Epoch time: 29.2 |

2023-01-27 15:46:54,621 - INFO -
| Epoch:    157 | Train loss: 0.0003 | Valid loss: 0.0011 | Train acc: 1.0000 | Valid acc: 0.9964 | patience:  92 | Epoch time: 29.2 |

2023-01-27 15:47:23,833 - INFO -
| Epoch:    158 | Train loss: 0.0000 | Valid loss: 0.0012 | Train acc: 0.9995 | Valid acc: 1.0000 | patience:  93 | Epoch time: 29.2 |

2023-01-27 15:47:53,057 - INFO -
| Epoch:    159 | Train loss: 0.0037 | Valid loss: 0.0004 | Train acc: 1.0000 | Valid acc: 1.0000 | patience:  94 | Epoch time: 29.2 |

2023-01-27 15:48:22,259 - INFO -
| Epoch:    160 | Train loss: 0.0001 | Valid loss: 0.0003 | Train acc: 1.0000 | Valid acc: 0.9994 | patience:  95 | Epoch time: 29.2 |

2023-01-27 15:48:51,499 - INFO -
| Epoch:    161 | Train loss: 0.0000 | Valid loss: 0.0000 | Train acc: 0.9995 | Valid acc: 1.0000 | patience:  96 | Epoch time: 29.2 |

2023-01-27 15:49:20,696 - INFO -
| Epoch:    162 | Train loss: 0.0001 | Valid loss: 0.0016 | Train acc: 0.9991 | Valid acc: 1.0000 | patience:  97 | Epoch time: 29.2 |

2023-01-27 15:49:49,903 - INFO -
| Epoch:    163 | Train loss: 0.0012 | Valid loss: 0.0000 | Train acc: 1.0000 | Valid acc: 1.0000 | patience:  98 | Epoch time: 29.2 |

2023-01-27 15:50:19,101 - INFO -
| Epoch:    164 | Train loss: 0.0000 | Valid loss: 0.0007 | Train acc: 0.9995 | Valid acc: 1.0000 | patience:  99 | Epoch time: 29.2 |

2023-01-27 15:50:48,305 - INFO -
| Epoch:    165 | Train loss: 0.0017 | Valid loss: 0.0015 | Train acc: 1.0000 | Valid acc: 0.9994 | patience: 100 | Epoch time: 29.2 |

2023-01-27 15:51:17,505 - INFO -
| Epoch:    166 | Train loss: 0.0000 | Valid loss: 0.0008 | Train acc: 1.0000 | Valid acc: 1.0000 | patience: 101 | Epoch time: 29.2 |

2023-01-27 15:51:46,690 - INFO -
| Epoch:    167 | Train loss: 0.0014 | Valid loss: 0.0002 | Train acc: 1.0000 | Valid acc: 1.0000 | patience: 102 | Epoch time: 29.2 |

2023-01-27 15:52:15,916 - INFO -
| Epoch:    168 | Train loss: 0.0015 | Valid loss: 0.0000 | Train acc: 1.0000 | Valid acc: 1.0000 | patience: 103 | Epoch time: 29.2 |

2023-01-27 15:52:45,483 - INFO -
| Epoch:    169 | Train loss: 0.0003 | Valid loss: 0.0002 | Train acc: 0.9993 | Valid acc: 1.0000 | patience: 104 | Epoch time: 29.6 |

2023-01-27 15:53:14,680 - INFO -
| Epoch:    170 | Train loss: 0.0004 | Valid loss: 0.0000 | Train acc: 1.0000 | Valid acc: 0.9997 | patience: 105 | Epoch time: 29.2 |

2023-01-27 15:53:43,892 - INFO -
| Epoch:    171 | Train loss: 0.0014 | Valid loss: 0.0023 | Train acc: 1.0000 | Valid acc: 1.0000 | patience: 106 | Epoch time: 29.2 |

2023-01-27 15:54:13,099 - INFO -
| Epoch:    172 | Train loss: 0.0000 | Valid loss: 0.0010 | Train acc: 1.0000 | Valid acc: 1.0000 | patience: 107 | Epoch time: 29.2 |

2023-01-27 15:54:42,294 - INFO -
| Epoch:    173 | Train loss: 0.0013 | Valid loss: 0.0007 | Train acc: 0.9984 | Valid acc: 1.0000 | patience: 108 | Epoch time: 29.2 |

2023-01-27 15:55:11,478 - INFO -
| Epoch:    174 | Train loss: 0.0051 | Valid loss: 0.0000 | Train acc: 1.0000 | Valid acc: 0.9991 | patience: 109 | Epoch time: 29.2 |

2023-01-27 15:55:40,713 - INFO -
| Epoch:    175 | Train loss: 0.0008 | Valid loss: 0.0000 | Train acc: 1.0000 | Valid acc: 1.0000 | patience: 110 | Epoch time: 29.2 |

2023-01-27 15:56:09,920 - INFO -
| Epoch:    176 | Train loss: 0.0001 | Valid loss: 0.0000 | Train acc: 1.0000 | Valid acc: 0.9992 | patience: 111 | Epoch time: 29.2 |

2023-01-27 15:56:39,133 - INFO -
| Epoch:    177 | Train loss: 0.0000 | Valid loss: 0.0009 | Train acc: 1.0000 | Valid acc: 1.0000 | patience: 112 | Epoch time: 29.2 |

2023-01-27 15:57:08,330 - INFO -
| Epoch:    178 | Train loss: 0.0000 | Valid loss: 0.0000 | Train acc: 1.0000 | Valid acc: 1.0000 | patience: 113 | Epoch time: 29.2 |

2023-01-27 15:57:37,493 - INFO -
| Epoch:    179 | Train loss: 0.0008 | Valid loss: 0.0000 | Train acc: 0.9997 | Valid acc: 0.9996 | patience: 114 | Epoch time: 29.2 |

2023-01-27 15:58:06,702 - INFO -
| Epoch:    180 | Train loss: 0.0000 | Valid loss: 0.0004 | Train acc: 1.0000 | Valid acc: 1.0000 | patience: 115 | Epoch time: 29.2 |

2023-01-27 15:58:35,903 - INFO -
| Epoch:    181 | Train loss: 0.0005 | Valid loss: 0.0003 | Train acc: 1.0000 | Valid acc: 1.0000 | patience: 116 | Epoch time: 29.2 |

2023-01-27 15:59:05,091 - INFO -
| Epoch:    182 | Train loss: 0.0002 | Valid loss: 0.0010 | Train acc: 1.0000 | Valid acc: 1.0000 | patience: 117 | Epoch time: 29.2 |

2023-01-27 15:59:34,263 - INFO -
| Epoch:    183 | Train loss: 0.0005 | Valid loss: 0.0000 | Train acc: 0.9998 | Valid acc: 1.0000 | patience: 118 | Epoch time: 29.2 |

2023-01-27 16:00:03,401 - INFO -
| Epoch:    184 | Train loss: 0.0011 | Valid loss: 0.0008 | Train acc: 1.0000 | Valid acc: 1.0000 | patience: 119 | Epoch time: 29.1 |

2023-01-27 16:00:32,561 - INFO -
| Epoch:    185 | Train loss: 0.0000 | Valid loss: 0.0000 | Train acc: 1.0000 | Valid acc: 1.0000 | patience: 120 | Epoch time: 29.2 |

2023-01-27 16:01:01,726 - INFO -
| Epoch:    186 | Train loss: 0.0000 | Valid loss: 0.0020 | Train acc: 0.9990 | Valid acc: 1.0000 | patience: 121 | Epoch time: 29.2 |

2023-01-27 16:01:30,890 - INFO -
| Epoch:    187 | Train loss: 0.0004 | Valid loss: 0.0000 | Train acc: 0.9980 | Valid acc: 0.9997 | patience: 122 | Epoch time: 29.2 |

2023-01-27 16:02:00,058 - INFO -
| Epoch:    188 | Train loss: 0.0002 | Valid loss: 0.0021 | Train acc: 1.0000 | Valid acc: 1.0000 | patience: 123 | Epoch time: 29.2 |

2023-01-27 16:02:29,227 - INFO -
| Epoch:    189 | Train loss: 0.0000 | Valid loss: 0.0000 | Train acc: 1.0000 | Valid acc: 1.0000 | patience: 124 | Epoch time: 29.2 |

2023-01-27 16:02:58,393 - INFO -
| Epoch:    190 | Train loss: 0.0003 | Valid loss: 0.0000 | Train acc: 1.0000 | Valid acc: 1.0000 | patience: 125 | Epoch time: 29.2 |

2023-01-27 16:03:27,573 - INFO -
| Epoch:    191 | Train loss: 0.0000 | Valid loss: 0.0002 | Train acc: 1.0000 | Valid acc: 1.0000 | patience: 126 | Epoch time: 29.2 |

2023-01-27 16:03:56,736 - INFO -
| Epoch:    192 | Train loss: 0.0000 | Valid loss: 0.0000 | Train acc: 1.0000 | Valid acc: 1.0000 | patience: 127 | Epoch time: 29.2 |

2023-01-27 16:04:25,890 - INFO -
| Epoch:    193 | Train loss: 0.0000 | Valid loss: 0.0007 | Train acc: 1.0000 | Valid acc: 1.0000 | patience: 128 | Epoch time: 29.2 |

2023-01-27 16:04:55,056 - INFO -
| Epoch:    194 | Train loss: 0.0000 | Valid loss: 0.0000 | Train acc: 0.9989 | Valid acc: 0.9995 | patience: 129 | Epoch time: 29.2 |

2023-01-27 16:05:24,239 - INFO -
| Epoch:    195 | Train loss: 0.0006 | Valid loss: 0.0012 | Train acc: 1.0000 | Valid acc: 1.0000 | patience: 130 | Epoch time: 29.2 |

2023-01-27 16:05:53,429 - INFO -
| Epoch:    196 | Train loss: 0.0001 | Valid loss: 0.0000 | Train acc: 0.9998 | Valid acc: 0.9979 | patience: 131 | Epoch time: 29.2 |

2023-01-27 16:06:22,597 - INFO -
| Epoch:    197 | Train loss: 0.0008 | Valid loss: 0.0004 | Train acc: 1.0000 | Valid acc: 0.9994 | patience: 132 | Epoch time: 29.2 |

2023-01-27 16:06:51,769 - INFO -
| Epoch:    198 | Train loss: 0.0004 | Valid loss: 0.0008 | Train acc: 1.0000 | Valid acc: 1.0000 | patience: 133 | Epoch time: 29.2 |

2023-01-27 16:07:21,033 - INFO -
| Epoch:    199 | Train loss: 0.0013 | Valid loss: 0.0000 | Train acc: 1.0000 | Valid acc: 1.0000 | patience: 134 | Epoch time: 29.3 |

2023-01-27 16:07:50,190 - INFO -
| Epoch:    200 | Train loss: 0.0001 | Valid loss: 0.0012 | Train acc: 1.0000 | Valid acc: 1.0000 | patience: 135 | Epoch time: 29.2 |

2023-01-27 16:08:19,337 - INFO -
| Epoch:    201 | Train loss: 0.0001 | Valid loss: 0.0038 | Train acc: 0.9998 | Valid acc: 0.9994 | patience: 136 | Epoch time: 29.1 |

2023-01-27 16:08:48,488 - INFO -
| Epoch:    202 | Train loss: 0.0000 | Valid loss: 0.0000 | Train acc: 1.0000 | Valid acc: 1.0000 | patience: 137 | Epoch time: 29.2 |

2023-01-27 16:09:17,649 - INFO -
| Epoch:    203 | Train loss: 0.0004 | Valid loss: 0.0002 | Train acc: 1.0000 | Valid acc: 1.0000 | patience: 138 | Epoch time: 29.2 |

2023-01-27 16:09:46,825 - INFO -
| Epoch:    204 | Train loss: 0.0026 | Valid loss: 0.0000 | Train acc: 1.0000 | Valid acc: 1.0000 | patience: 139 | Epoch time: 29.2 |

2023-01-27 16:10:16,038 - INFO -
| Epoch:    205 | Train loss: 0.0001 | Valid loss: 0.0040 | Train acc: 1.0000 | Valid acc: 1.0000 | patience: 140 | Epoch time: 29.2 |

2023-01-27 16:10:45,221 - INFO -
| Epoch:    206 | Train loss: 0.0000 | Valid loss: 0.0000 | Train acc: 0.9990 | Valid acc: 0.9984 | patience: 141 | Epoch time: 29.2 |

2023-01-27 16:11:14,375 - INFO -
| Epoch:    207 | Train loss: 0.0000 | Valid loss: 0.0012 | Train acc: 1.0000 | Valid acc: 0.9998 | patience: 142 | Epoch time: 29.2 |

2023-01-27 16:11:43,924 - INFO -
| Epoch:    208 | Train loss: 0.0008 | Valid loss: 0.0000 | Train acc: 1.0000 | Valid acc: 1.0000 | patience: 143 | Epoch time: 29.5 |

2023-01-27 16:12:13,098 - INFO -
| Epoch:    209 | Train loss: 0.0000 | Valid loss: 0.0000 | Train acc: 0.9998 | Valid acc: 0.9997 | patience: 144 | Epoch time: 29.2 |

2023-01-27 16:12:42,286 - INFO -
| Epoch:    210 | Train loss: 0.0000 | Valid loss: 0.0005 | Train acc: 1.0000 | Valid acc: 1.0000 | patience: 145 | Epoch time: 29.2 |

2023-01-27 16:13:11,472 - INFO -
| Epoch:    211 | Train loss: 0.0000 | Valid loss: 0.0000 | Train acc: 1.0000 | Valid acc: 0.9999 | patience: 146 | Epoch time: 29.2 |

2023-01-27 16:13:40,639 - INFO -
| Epoch:    212 | Train loss: 0.0020 | Valid loss: 0.0001 | Train acc: 1.0000 | Valid acc: 1.0000 | patience: 147 | Epoch time: 29.2 |

2023-01-27 16:14:09,808 - INFO -
| Epoch:    213 | Train loss: 0.0005 | Valid loss: 0.0000 | Train acc: 1.0000 | Valid acc: 1.0000 | patience: 148 | Epoch time: 29.2 |

2023-01-27 16:14:38,998 - INFO -
| Epoch:    214 | Train loss: 0.0003 | Valid loss: 0.0000 | Train acc: 1.0000 | Valid acc: 1.0000 | patience: 149 | Epoch time: 29.2 |

2023-01-27 16:15:08,160 - INFO -
| Epoch:    215 | Train loss: 0.0001 | Valid loss: 0.0000 | Train acc: 1.0000 | Valid acc: 1.0000 | patience: 150 | Epoch time: 29.2 |

2023-01-27 16:15:37,353 - INFO -
| Epoch:    216 | Train loss: 0.0001 | Valid loss: 0.0002 | Train acc: 1.0000 | Valid acc: 1.0000 | patience: 151 | Epoch time: 29.2 |

2023-01-27 16:16:06,512 - INFO -
| Epoch:    217 | Train loss: 0.0000 | Valid loss: 0.0000 | Train acc: 0.9981 | Valid acc: 1.0000 | patience: 152 | Epoch time: 29.2 |

2023-01-27 16:16:35,680 - INFO -
| Epoch:    218 | Train loss: 0.0009 | Valid loss: 0.0000 | Train acc: 1.0000 | Valid acc: 1.0000 | patience: 153 | Epoch time: 29.2 |

2023-01-27 16:17:04,852 - INFO -
| Epoch:    219 | Train loss: 0.0000 | Valid loss: 0.0002 | Train acc: 0.9995 | Valid acc: 1.0000 | patience: 154 | Epoch time: 29.2 |

2023-01-27 16:17:34,050 - INFO -
| Epoch:    220 | Train loss: 0.0008 | Valid loss: 0.0000 | Train acc: 1.0000 | Valid acc: 0.9984 | patience: 155 | Epoch time: 29.2 |

2023-01-27 16:18:03,248 - INFO -
| Epoch:    221 | Train loss: 0.0001 | Valid loss: 0.0000 | Train acc: 1.0000 | Valid acc: 1.0000 | patience: 156 | Epoch time: 29.2 |

2023-01-27 16:18:32,450 - INFO -
| Epoch:    222 | Train loss: 0.0000 | Valid loss: 0.0000 | Train acc: 1.0000 | Valid acc: 0.9999 | patience: 157 | Epoch time: 29.2 |

2023-01-27 16:19:01,656 - INFO -
| Epoch:    223 | Train loss: 0.0009 | Valid loss: 0.0015 | Train acc: 1.0000 | Valid acc: 1.0000 | patience: 158 | Epoch time: 29.2 |

2023-01-27 16:19:30,833 - INFO -
| Epoch:    224 | Train loss: 0.0000 | Valid loss: 0.0002 | Train acc: 1.0000 | Valid acc: 1.0000 | patience: 159 | Epoch time: 29.2 |

2023-01-27 16:19:59,994 - INFO -
| Epoch:    225 | Train loss: 0.0000 | Valid loss: 0.0043 | Train acc: 1.0000 | Valid acc: 0.9993 | patience: 160 | Epoch time: 29.2 |

2023-01-27 16:20:29,161 - INFO -
| Epoch:    226 | Train loss: 0.0029 | Valid loss: 0.0000 | Train acc: 1.0000 | Valid acc: 1.0000 | patience: 161 | Epoch time: 29.2 |

2023-01-27 16:20:58,375 - INFO -
| Epoch:    227 | Train loss: 0.0000 | Valid loss: 0.0000 | Train acc: 1.0000 | Valid acc: 0.9997 | patience: 162 | Epoch time: 29.2 |

2023-01-27 16:21:27,517 - INFO -
| Epoch:    228 | Train loss: 0.0001 | Valid loss: 0.0015 | Train acc: 0.9992 | Valid acc: 1.0000 | patience: 163 | Epoch time: 29.1 |

2023-01-27 16:21:57,013 - INFO -
| Epoch:    229 | Train loss: 0.0026 | Valid loss: 0.0046 | Train acc: 0.9995 | Valid acc: 0.9995 | patience: 164 | Epoch time: 29.5 |

2023-01-27 16:22:26,132 - INFO -
| Epoch:    230 | Train loss: 0.0000 | Valid loss: 0.0004 | Train acc: 1.0000 | Valid acc: 0.9983 | patience: 165 | Epoch time: 29.1 |

2023-01-27 16:22:55,272 - INFO -
| Epoch:    231 | Train loss: 0.0003 | Valid loss: 0.0002 | Train acc: 0.9984 | Valid acc: 1.0000 | patience: 166 | Epoch time: 29.1 |

2023-01-27 16:23:24,390 - INFO -
| Epoch:    232 | Train loss: 0.0003 | Valid loss: 0.0028 | Train acc: 1.0000 | Valid acc: 1.0000 | patience: 167 | Epoch time: 29.1 |

2023-01-27 16:23:53,491 - INFO -
| Epoch:    233 | Train loss: 0.0000 | Valid loss: 0.0012 | Train acc: 1.0000 | Valid acc: 1.0000 | patience: 168 | Epoch time: 29.1 |

2023-01-27 16:24:22,593 - INFO -
| Epoch:    234 | Train loss: 0.0008 | Valid loss: 0.0000 | Train acc: 1.0000 | Valid acc: 1.0000 | patience: 169 | Epoch time: 29.1 |

2023-01-27 16:24:51,724 - INFO -
| Epoch:    235 | Train loss: 0.0000 | Valid loss: 0.0000 | Train acc: 1.0000 | Valid acc: 1.0000 | patience: 170 | Epoch time: 29.1 |

2023-01-27 16:25:20,855 - INFO -
| Epoch:    236 | Train loss: 0.0000 | Valid loss: 0.0000 | Train acc: 1.0000 | Valid acc: 1.0000 | patience: 171 | Epoch time: 29.1 |

2023-01-27 16:25:49,990 - INFO -
| Epoch:    237 | Train loss: 0.0000 | Valid loss: 0.0003 | Train acc: 1.0000 | Valid acc: 1.0000 | patience: 172 | Epoch time: 29.1 |

2023-01-27 16:26:19,106 - INFO -
| Epoch:    238 | Train loss: 0.0000 | Valid loss: 0.0000 | Train acc: 0.9976 | Valid acc: 0.9997 | patience: 173 | Epoch time: 29.1 |

2023-01-27 16:26:48,204 - INFO -
| Epoch:    239 | Train loss: 0.0000 | Valid loss: 0.0010 | Train acc: 0.9994 | Valid acc: 0.9997 | patience: 174 | Epoch time: 29.1 |

2023-01-27 16:27:17,299 - INFO -
| Epoch:    240 | Train loss: 0.0004 | Valid loss: 0.0000 | Train acc: 1.0000 | Valid acc: 1.0000 | patience: 175 | Epoch time: 29.1 |

2023-01-27 16:27:46,726 - INFO -
| Epoch:    241 | Train loss: 0.0001 | Valid loss: 0.0000 | Train acc: 0.9995 | Valid acc: 0.9993 | patience: 176 | Epoch time: 29.4 |

2023-01-27 16:28:15,854 - INFO -
| Epoch:    242 | Train loss: 0.0000 | Valid loss: 0.0000 | Train acc: 1.0000 | Valid acc: 1.0000 | patience: 177 | Epoch time: 29.1 |

2023-01-27 16:28:44,946 - INFO -
| Epoch:    243 | Train loss: 0.0009 | Valid loss: 0.0000 | Train acc: 1.0000 | Valid acc: 0.9992 | patience: 178 | Epoch time: 29.1 |

2023-01-27 16:29:14,028 - INFO -
| Epoch:    244 | Train loss: 0.0003 | Valid loss: 0.0000 | Train acc: 1.0000 | Valid acc: 1.0000 | patience: 179 | Epoch time: 29.1 |

2023-01-27 16:29:43,113 - INFO -
| Epoch:    245 | Train loss: 0.0001 | Valid loss: 0.0000 | Train acc: 1.0000 | Valid acc: 1.0000 | patience: 180 | Epoch time: 29.1 |

2023-01-27 16:30:12,193 - INFO -
| Epoch:    246 | Train loss: 0.0014 | Valid loss: 0.0000 | Train acc: 1.0000 | Valid acc: 0.9986 | patience: 181 | Epoch time: 29.1 |

2023-01-27 16:30:41,327 - INFO -
| Epoch:    247 | Train loss: 0.0001 | Valid loss: 0.0000 | Train acc: 1.0000 | Valid acc: 1.0000 | patience: 182 | Epoch time: 29.1 |

2023-01-27 16:31:10,474 - INFO -
| Epoch:    248 | Train loss: 0.0015 | Valid loss: 0.0000 | Train acc: 0.9982 | Valid acc: 1.0000 | patience: 183 | Epoch time: 29.1 |

2023-01-27 16:31:39,578 - INFO -
| Epoch:    249 | Train loss: 0.0000 | Valid loss: 0.0010 | Train acc: 1.0000 | Valid acc: 1.0000 | patience: 184 | Epoch time: 29.1 |

2023-01-27 16:32:08,655 - INFO -
| Epoch:    250 | Train loss: 0.0000 | Valid loss: 0.0003 | Train acc: 1.0000 | Valid acc: 1.0000 | patience: 185 | Epoch time: 29.1 |

2023-01-27 16:32:37,761 - INFO -
| Epoch:    251 | Train loss: 0.0006 | Valid loss: 0.0000 | Train acc: 1.0000 | Valid acc: 1.0000 | patience: 186 | Epoch time: 29.1 |

2023-01-27 16:33:06,890 - INFO -
| Epoch:    252 | Train loss: 0.0000 | Valid loss: 0.0000 | Train acc: 1.0000 | Valid acc: 1.0000 | patience: 187 | Epoch time: 29.1 |

2023-01-27 16:33:36,007 - INFO -
| Epoch:    253 | Train loss: 0.0029 | Valid loss: 0.0000 | Train acc: 1.0000 | Valid acc: 0.9998 | patience: 188 | Epoch time: 29.1 |

2023-01-27 16:34:05,105 - INFO -
| Epoch:    254 | Train loss: 0.0000 | Valid loss: 0.0000 | Train acc: 1.0000 | Valid acc: 1.0000 | patience: 189 | Epoch time: 29.1 |

2023-01-27 16:34:34,235 - INFO -
| Epoch:    255 | Train loss: 0.0000 | Valid loss: 0.0023 | Train acc: 0.9989 | Valid acc: 0.9998 | patience: 190 | Epoch time: 29.1 |

2023-01-27 16:35:03,384 - INFO -
| Epoch:    256 | Train loss: 0.0000 | Valid loss: 0.0000 | Train acc: 1.0000 | Valid acc: 1.0000 | patience: 191 | Epoch time: 29.1 |

2023-01-27 16:35:32,504 - INFO -
| Epoch:    257 | Train loss: 0.0002 | Valid loss: 0.0003 | Train acc: 0.9977 | Valid acc: 1.0000 | patience: 192 | Epoch time: 29.1 |

2023-01-27 16:36:01,626 - INFO -
| Epoch:    258 | Train loss: 0.0000 | Valid loss: 0.0000 | Train acc: 0.9986 | Valid acc: 0.9997 | patience: 193 | Epoch time: 29.1 |

2023-01-27 16:36:30,747 - INFO -
| Epoch:    259 | Train loss: 0.0003 | Valid loss: 0.0003 | Train acc: 1.0000 | Valid acc: 1.0000 | patience: 194 | Epoch time: 29.1 |

2023-01-27 16:36:59,875 - INFO -
| Epoch:    260 | Train loss: 0.0000 | Valid loss: 0.0001 | Train acc: 1.0000 | Valid acc: 1.0000 | patience: 195 | Epoch time: 29.1 |

2023-01-27 16:37:28,980 - INFO -
| Epoch:    261 | Train loss: 0.0001 | Valid loss: 0.0000 | Train acc: 0.9995 | Valid acc: 1.0000 | patience: 196 | Epoch time: 29.1 |

2023-01-27 16:37:58,104 - INFO -
| Epoch:    262 | Train loss: 0.0010 | Valid loss: 0.0015 | Train acc: 1.0000 | Valid acc: 1.0000 | patience: 197 | Epoch time: 29.1 |

2023-01-27 16:38:27,213 - INFO -
| Epoch:    263 | Train loss: 0.0000 | Valid loss: 0.0005 | Train acc: 0.9994 | Valid acc: 1.0000 | patience: 198 | Epoch time: 29.1 |

2023-01-27 16:38:56,323 - INFO -
| Epoch:    264 | Train loss: 0.0027 | Valid loss: 0.0000 | Train acc: 1.0000 | Valid acc: 1.0000 | patience: 199 | Epoch time: 29.1 |

2023-01-27 16:39:25,427 - INFO -
| Epoch:    265 | Train loss: 0.0001 | Valid loss: 0.0009 | Train acc: 1.0000 | Valid acc: 1.0000 | patience: 200 | Epoch time: 29.1 |

2023-01-27 16:39:54,538 - INFO -
| Epoch:    266 | Train loss: 0.0000 | Valid loss: 0.0007 | Train acc: 1.0000 | Valid acc: 0.9994 | patience: 201 | Epoch time: 29.1 |

2023-01-27 16:40:23,688 - INFO -
| Epoch:    267 | Train loss: 0.0000 | Valid loss: 0.0032 | Train acc: 0.9969 | Valid acc: 1.0000 | patience: 202 | Epoch time: 29.1 |

2023-01-27 16:40:53,183 - INFO -
| Epoch:    268 | Train loss: 0.0002 | Valid loss: 0.0001 | Train acc: 1.0000 | Valid acc: 1.0000 | patience: 203 | Epoch time: 29.5 |

2023-01-27 16:41:22,310 - INFO -
| Epoch:    269 | Train loss: 0.0009 | Valid loss: 0.0007 | Train acc: 0.9987 | Valid acc: 0.9997 | patience: 204 | Epoch time: 29.1 |

2023-01-27 16:41:51,445 - INFO -
| Epoch:    270 | Train loss: 0.0020 | Valid loss: 0.0000 | Train acc: 1.0000 | Valid acc: 1.0000 | patience: 205 | Epoch time: 29.1 |

2023-01-27 16:42:20,548 - INFO -
| Epoch:    271 | Train loss: 0.0005 | Valid loss: 0.0001 | Train acc: 1.0000 | Valid acc: 1.0000 | patience: 206 | Epoch time: 29.1 |

2023-01-27 16:42:49,646 - INFO -
| Epoch:    272 | Train loss: 0.0018 | Valid loss: 0.0000 | Train acc: 1.0000 | Valid acc: 1.0000 | patience: 207 | Epoch time: 29.1 |

2023-01-27 16:43:18,755 - INFO -
| Epoch:    273 | Train loss: 0.0000 | Valid loss: 0.0008 | Train acc: 0.9993 | Valid acc: 1.0000 | patience: 208 | Epoch time: 29.1 |

2023-01-27 16:43:47,869 - INFO -
| Epoch:    274 | Train loss: 0.0000 | Valid loss: 0.0000 | Train acc: 1.0000 | Valid acc: 1.0000 | patience: 209 | Epoch time: 29.1 |

2023-01-27 16:44:17,023 - INFO -
| Epoch:    275 | Train loss: 0.0000 | Valid loss: 0.0000 | Train acc: 1.0000 | Valid acc: 1.0000 | patience: 210 | Epoch time: 29.2 |

2023-01-27 16:44:46,109 - INFO -
| Epoch:    276 | Train loss: 0.0000 | Valid loss: 0.0000 | Train acc: 1.0000 | Valid acc: 1.0000 | patience: 211 | Epoch time: 29.1 |

2023-01-27 16:45:15,214 - INFO -
| Epoch:    277 | Train loss: 0.0000 | Valid loss: 0.0001 | Train acc: 1.0000 | Valid acc: 1.0000 | patience: 212 | Epoch time: 29.1 |

2023-01-27 16:45:44,297 - INFO -
| Epoch:    278 | Train loss: 0.0020 | Valid loss: 0.0003 | Train acc: 1.0000 | Valid acc: 1.0000 | patience: 213 | Epoch time: 29.1 |

2023-01-27 16:46:13,417 - INFO -
| Epoch:    279 | Train loss: 0.0000 | Valid loss: 0.0000 | Train acc: 0.9993 | Valid acc: 1.0000 | patience: 214 | Epoch time: 29.1 |

2023-01-27 16:46:42,541 - INFO -
| Epoch:    280 | Train loss: 0.0000 | Valid loss: 0.0009 | Train acc: 0.9996 | Valid acc: 1.0000 | patience: 215 | Epoch time: 29.1 |

2023-01-27 16:47:11,660 - INFO -
| Epoch:    281 | Train loss: 0.0000 | Valid loss: 0.0000 | Train acc: 1.0000 | Valid acc: 0.9991 | patience: 216 | Epoch time: 29.1 |

2023-01-27 16:47:40,788 - INFO -
| Epoch:    282 | Train loss: 0.0000 | Valid loss: 0.0000 | Train acc: 1.0000 | Valid acc: 1.0000 | patience: 217 | Epoch time: 29.1 |

2023-01-27 16:48:09,928 - INFO -
| Epoch:    283 | Train loss: 0.0000 | Valid loss: 0.0000 | Train acc: 1.0000 | Valid acc: 0.9997 | patience: 218 | Epoch time: 29.1 |

2023-01-27 16:48:39,063 - INFO -
| Epoch:    284 | Train loss: 0.0001 | Valid loss: 0.0000 | Train acc: 1.0000 | Valid acc: 1.0000 | patience: 219 | Epoch time: 29.1 |

2023-01-27 16:49:08,180 - INFO -
| Epoch:    285 | Train loss: 0.0013 | Valid loss: 0.0000 | Train acc: 1.0000 | Valid acc: 1.0000 | patience: 220 | Epoch time: 29.1 |

2023-01-27 16:49:37,280 - INFO -
| Epoch:    286 | Train loss: 0.0000 | Valid loss: 0.0000 | Train acc: 1.0000 | Valid acc: 1.0000 | patience: 221 | Epoch time: 29.1 |

2023-01-27 16:50:06,418 - INFO -
| Epoch:    287 | Train loss: 0.0000 | Valid loss: 0.0000 | Train acc: 0.9990 | Valid acc: 1.0000 | patience: 222 | Epoch time: 29.1 |

2023-01-27 16:50:35,554 - INFO -
| Epoch:    288 | Train loss: 0.0004 | Valid loss: 0.0002 | Train acc: 0.9996 | Valid acc: 1.0000 | patience: 223 | Epoch time: 29.1 |

2023-01-27 16:51:05,047 - INFO -
| Epoch:    289 | Train loss: 0.0001 | Valid loss: 0.0010 | Train acc: 0.9997 | Valid acc: 1.0000 | patience: 224 | Epoch time: 29.5 |

2023-01-27 16:51:34,155 - INFO -
| Epoch:    290 | Train loss: 0.0005 | Valid loss: 0.0000 | Train acc: 1.0000 | Valid acc: 1.0000 | patience: 225 | Epoch time: 29.1 |

2023-01-27 16:52:03,258 - INFO -
| Epoch:    291 | Train loss: 0.0000 | Valid loss: 0.0000 | Train acc: 1.0000 | Valid acc: 1.0000 | patience: 226 | Epoch time: 29.1 |

2023-01-27 16:52:32,389 - INFO -
| Epoch:    292 | Train loss: 0.0000 | Valid loss: 0.0000 | Train acc: 1.0000 | Valid acc: 1.0000 | patience: 227 | Epoch time: 29.1 |

2023-01-27 16:53:01,542 - INFO -
| Epoch:    293 | Train loss: 0.0005 | Valid loss: 0.0002 | Train acc: 0.9997 | Valid acc: 1.0000 | patience: 228 | Epoch time: 29.2 |

2023-01-27 16:53:30,673 - INFO -
| Epoch:    294 | Train loss: 0.0000 | Valid loss: 0.0000 | Train acc: 1.0000 | Valid acc: 1.0000 | patience: 229 | Epoch time: 29.1 |

2023-01-27 16:53:59,777 - INFO -
| Epoch:    295 | Train loss: 0.0002 | Valid loss: 0.0000 | Train acc: 0.9995 | Valid acc: 1.0000 | patience: 230 | Epoch time: 29.1 |

2023-01-27 16:54:28,889 - INFO -
| Epoch:    296 | Train loss: 0.0007 | Valid loss: 0.0003 | Train acc: 1.0000 | Valid acc: 1.0000 | patience: 231 | Epoch time: 29.1 |

2023-01-27 16:54:58,000 - INFO -
| Epoch:    297 | Train loss: 0.0019 | Valid loss: 0.0001 | Train acc: 1.0000 | Valid acc: 1.0000 | patience: 232 | Epoch time: 29.1 |

2023-01-27 16:55:27,088 - INFO -
| Epoch:    298 | Train loss: 0.0002 | Valid loss: 0.0060 | Train acc: 1.0000 | Valid acc: 1.0000 | patience: 233 | Epoch time: 29.1 |

2023-01-27 16:55:56,162 - INFO -
| Epoch:    299 | Train loss: 0.0000 | Valid loss: 0.0000 | Train acc: 1.0000 | Valid acc: 0.9996 | patience: 234 | Epoch time: 29.1 |

2023-01-27 16:56:25,269 - INFO -
| Epoch:    300 | Train loss: 0.0011 | Valid loss: 0.0017 | Train acc: 1.0000 | Valid acc: 1.0000 | patience: 235 | Epoch time: 29.1 |

2023-01-27 16:56:54,392 - INFO -
| Epoch:    301 | Train loss: 0.0000 | Valid loss: 0.0015 | Train acc: 1.0000 | Valid acc: 0.9995 | patience: 236 | Epoch time: 29.1 |

2023-01-27 16:57:23,507 - INFO -
| Epoch:    302 | Train loss: 0.0001 | Valid loss: 0.0000 | Train acc: 1.0000 | Valid acc: 0.9997 | patience: 237 | Epoch time: 29.1 |

2023-01-27 16:57:52,610 - INFO -
| Epoch:    303 | Train loss: 0.0003 | Valid loss: 0.0001 | Train acc: 1.0000 | Valid acc: 1.0000 | patience: 238 | Epoch time: 29.1 |

2023-01-27 16:58:21,697 - INFO -
| Epoch:    304 | Train loss: 0.0043 | Valid loss: 0.0000 | Train acc: 0.9998 | Valid acc: 1.0000 | patience: 239 | Epoch time: 29.1 |

2023-01-27 16:58:50,776 - INFO -
| Epoch:    305 | Train loss: 0.0030 | Valid loss: 0.0011 | Train acc: 0.9998 | Valid acc: 1.0000 | patience: 240 | Epoch time: 29.1 |

2023-01-27 16:59:19,903 - INFO -
| Epoch:    306 | Train loss: 0.0003 | Valid loss: 0.0013 | Train acc: 1.0000 | Valid acc: 1.0000 | patience: 241 | Epoch time: 29.1 |

2023-01-27 16:59:49,043 - INFO -
| Epoch:    307 | Train loss: 0.0032 | Valid loss: 0.0000 | Train acc: 1.0000 | Valid acc: 0.9997 | patience: 242 | Epoch time: 29.1 |

2023-01-27 17:00:18,155 - INFO -
| Epoch:    308 | Train loss: 0.0015 | Valid loss: 0.0000 | Train acc: 1.0000 | Valid acc: 1.0000 | patience: 243 | Epoch time: 29.1 |

2023-01-27 17:00:47,249 - INFO -
| Epoch:    309 | Train loss: 0.0000 | Valid loss: 0.0000 | Train acc: 1.0000 | Valid acc: 1.0000 | patience: 244 | Epoch time: 29.1 |

2023-01-27 17:01:16,360 - INFO -
| Epoch:    310 | Train loss: 0.0000 | Valid loss: 0.0000 | Train acc: 1.0000 | Valid acc: 1.0000 | patience: 245 | Epoch time: 29.1 |

2023-01-27 17:01:45,450 - INFO -
| Epoch:    311 | Train loss: 0.0000 | Valid loss: 0.0000 | Train acc: 1.0000 | Valid acc: 1.0000 | patience: 246 | Epoch time: 29.1 |

2023-01-27 17:02:14,568 - INFO -
| Epoch:    312 | Train loss: 0.0000 | Valid loss: 0.0000 | Train acc: 1.0000 | Valid acc: 1.0000 | patience: 247 | Epoch time: 29.1 |

2023-01-27 17:02:43,694 - INFO -
| Epoch:    313 | Train loss: 0.0000 | Valid loss: 0.0000 | Train acc: 1.0000 | Valid acc: 1.0000 | patience: 248 | Epoch time: 29.1 |

2023-01-27 17:03:12,820 - INFO -
| Epoch:    314 | Train loss: 0.0011 | Valid loss: 0.0000 | Train acc: 0.9992 | Valid acc: 1.0000 | patience: 249 | Epoch time: 29.1 |

2023-01-27 17:03:41,963 - INFO -
| Epoch:    315 | Train loss: 0.0000 | Valid loss: 0.0000 | Train acc: 0.9999 | Valid acc: 1.0000 | patience: 250 | Epoch time: 29.1 |

2023-01-27 17:04:11,063 - INFO -
| Epoch:    316 | Train loss: 0.0000 | Valid loss: 0.0003 | Train acc: 1.0000 | Valid acc: 1.0000 | patience: 251 | Epoch time: 29.1 |

2023-01-27 17:04:40,153 - INFO -
| Epoch:    317 | Train loss: 0.0000 | Valid loss: 0.0019 | Train acc: 1.0000 | Valid acc: 1.0000 | patience: 252 | Epoch time: 29.1 |

2023-01-27 17:05:09,243 - INFO -
| Epoch:    318 | Train loss: 0.0000 | Valid loss: 0.0001 | Train acc: 1.0000 | Valid acc: 1.0000 | patience: 253 | Epoch time: 29.1 |

2023-01-27 17:05:38,359 - INFO -
| Epoch:    319 | Train loss: 0.0001 | Valid loss: 0.0004 | Train acc: 0.9991 | Valid acc: 1.0000 | patience: 254 | Epoch time: 29.1 |

2023-01-27 17:06:07,468 - INFO -
| Epoch:    320 | Train loss: 0.0000 | Valid loss: 0.0000 | Train acc: 1.0000 | Valid acc: 1.0000 | patience: 255 | Epoch time: 29.1 |

2023-01-27 17:06:36,575 - INFO -
| Epoch:    321 | Train loss: 0.0004 | Valid loss: 0.0000 | Train acc: 1.0000 | Valid acc: 1.0000 | patience: 256 | Epoch time: 29.1 |

2023-01-27 17:07:05,650 - INFO -
| Epoch:    322 | Train loss: 0.0003 | Valid loss: 0.0032 | Train acc: 1.0000 | Valid acc: 1.0000 | patience: 257 | Epoch time: 29.1 |

2023-01-27 17:07:34,751 - INFO -
| Epoch:    323 | Train loss: 0.0000 | Valid loss: 0.0000 | Train acc: 1.0000 | Valid acc: 1.0000 | patience: 258 | Epoch time: 29.1 |

2023-01-27 17:08:03,856 - INFO -
| Epoch:    324 | Train loss: 0.0000 | Valid loss: 0.0018 | Train acc: 1.0000 | Valid acc: 1.0000 | patience: 259 | Epoch time: 29.1 |

2023-01-27 17:08:32,985 - INFO -
| Epoch:    325 | Train loss: 0.0007 | Valid loss: 0.0000 | Train acc: 1.0000 | Valid acc: 1.0000 | patience: 260 | Epoch time: 29.1 |

2023-01-27 17:09:02,110 - INFO -
| Epoch:    326 | Train loss: 0.0031 | Valid loss: 0.0006 | Train acc: 1.0000 | Valid acc: 1.0000 | patience: 261 | Epoch time: 29.1 |

2023-01-27 17:09:31,230 - INFO -
| Epoch:    327 | Train loss: 0.0000 | Valid loss: 0.0000 | Train acc: 1.0000 | Valid acc: 1.0000 | patience: 262 | Epoch time: 29.1 |

2023-01-27 17:10:00,724 - INFO -
| Epoch:    328 | Train loss: 0.0000 | Valid loss: 0.0000 | Train acc: 1.0000 | Valid acc: 1.0000 | patience: 263 | Epoch time: 29.5 |

2023-01-27 17:10:29,822 - INFO -
| Epoch:    329 | Train loss: 0.0000 | Valid loss: 0.0000 | Train acc: 1.0000 | Valid acc: 1.0000 | patience: 264 | Epoch time: 29.1 |

2023-01-27 17:10:58,920 - INFO -
| Epoch:    330 | Train loss: 0.0011 | Valid loss: 0.0000 | Train acc: 1.0000 | Valid acc: 0.9999 | patience: 265 | Epoch time: 29.1 |

2023-01-27 17:11:28,055 - INFO -
| Epoch:    331 | Train loss: 0.0000 | Valid loss: 0.0000 | Train acc: 1.0000 | Valid acc: 1.0000 | patience: 266 | Epoch time: 29.1 |

2023-01-27 17:11:57,184 - INFO -
| Epoch:    332 | Train loss: 0.0000 | Valid loss: 0.0007 | Train acc: 1.0000 | Valid acc: 1.0000 | patience: 267 | Epoch time: 29.1 |

2023-01-27 17:12:26,537 - INFO -
| Epoch:    333 | Train loss: 0.0000 | Valid loss: 0.0000 | Train acc: 1.0000 | Valid acc: 0.9993 | patience: 268 | Epoch time: 29.4 |

2023-01-27 17:12:55,699 - INFO -
| Epoch:    334 | Train loss: 0.0000 | Valid loss: 0.0001 | Train acc: 1.0000 | Valid acc: 1.0000 | patience: 269 | Epoch time: 29.2 |

2023-01-27 17:13:24,793 - INFO -
| Epoch:    335 | Train loss: 0.0000 | Valid loss: 0.0002 | Train acc: 1.0000 | Valid acc: 1.0000 | patience: 270 | Epoch time: 29.1 |

2023-01-27 17:13:53,919 - INFO -
| Epoch:    336 | Train loss: 0.0000 | Valid loss: 0.0000 | Train acc: 1.0000 | Valid acc: 1.0000 | patience: 271 | Epoch time: 29.1 |

2023-01-27 17:14:23,036 - INFO -
| Epoch:    337 | Train loss: 0.0000 | Valid loss: 0.0010 | Train acc: 1.0000 | Valid acc: 1.0000 | patience: 272 | Epoch time: 29.1 |

2023-01-27 17:14:52,125 - INFO -
| Epoch:    338 | Train loss: 0.0000 | Valid loss: 0.0000 | Train acc: 1.0000 | Valid acc: 1.0000 | patience: 273 | Epoch time: 29.1 |

2023-01-27 17:15:21,210 - INFO -
| Epoch:    339 | Train loss: 0.0000 | Valid loss: 0.0001 | Train acc: 1.0000 | Valid acc: 0.9993 | patience: 274 | Epoch time: 29.1 |

2023-01-27 17:15:50,299 - INFO -
| Epoch:    340 | Train loss: 0.0001 | Valid loss: 0.0000 | Train acc: 1.0000 | Valid acc: 1.0000 | patience: 275 | Epoch time: 29.1 |

2023-01-27 17:16:19,434 - INFO -
| Epoch:    341 | Train loss: 0.0001 | Valid loss: 0.0003 | Train acc: 1.0000 | Valid acc: 1.0000 | patience: 276 | Epoch time: 29.1 |

2023-01-27 17:16:48,542 - INFO -
| Epoch:    342 | Train loss: 0.0000 | Valid loss: 0.0003 | Train acc: 0.9992 | Valid acc: 1.0000 | patience: 277 | Epoch time: 29.1 |

2023-01-27 17:17:17,657 - INFO -
| Epoch:    343 | Train loss: 0.0006 | Valid loss: 0.0001 | Train acc: 1.0000 | Valid acc: 1.0000 | patience: 278 | Epoch time: 29.1 |

2023-01-27 17:17:46,773 - INFO -
| Epoch:    344 | Train loss: 0.0000 | Valid loss: 0.0009 | Train acc: 0.9993 | Valid acc: 0.9997 | patience: 279 | Epoch time: 29.1 |

2023-01-27 17:18:15,884 - INFO -
| Epoch:    345 | Train loss: 0.0001 | Valid loss: 0.0000 | Train acc: 0.9993 | Valid acc: 1.0000 | patience: 280 | Epoch time: 29.1 |

2023-01-27 17:18:44,995 - INFO -
| Epoch:    346 | Train loss: 0.0000 | Valid loss: 0.0000 | Train acc: 0.9994 | Valid acc: 1.0000 | patience: 281 | Epoch time: 29.1 |

2023-01-27 17:19:14,096 - INFO -
| Epoch:    347 | Train loss: 0.0005 | Valid loss: 0.0000 | Train acc: 1.0000 | Valid acc: 0.9999 | patience: 282 | Epoch time: 29.1 |

2023-01-27 17:19:43,223 - INFO -
| Epoch:    348 | Train loss: 0.0003 | Valid loss: 0.0000 | Train acc: 1.0000 | Valid acc: 1.0000 | patience: 283 | Epoch time: 29.1 |

2023-01-27 17:20:12,731 - INFO -
| Epoch:    349 | Train loss: 0.0000 | Valid loss: 0.0018 | Train acc: 1.0000 | Valid acc: 1.0000 | patience: 284 | Epoch time: 29.5 |

2023-01-27 17:20:41,852 - INFO -
| Epoch:    350 | Train loss: 0.0000 | Valid loss: 0.0000 | Train acc: 0.9993 | Valid acc: 1.0000 | patience: 285 | Epoch time: 29.1 |

2023-01-27 17:21:10,955 - INFO -
| Epoch:    351 | Train loss: 0.0000 | Valid loss: 0.0000 | Train acc: 1.0000 | Valid acc: 1.0000 | patience: 286 | Epoch time: 29.1 |

2023-01-27 17:21:40,071 - INFO -
| Epoch:    352 | Train loss: 0.0000 | Valid loss: 0.0000 | Train acc: 0.9999 | Valid acc: 1.0000 | patience: 287 | Epoch time: 29.1 |

2023-01-27 17:22:09,193 - INFO -
| Epoch:    353 | Train loss: 0.0000 | Valid loss: 0.0050 | Train acc: 1.0000 | Valid acc: 1.0000 | patience: 288 | Epoch time: 29.1 |

2023-01-27 17:22:38,324 - INFO -
| Epoch:    354 | Train loss: 0.0000 | Valid loss: 0.0000 | Train acc: 1.0000 | Valid acc: 1.0000 | patience: 289 | Epoch time: 29.1 |

2023-01-27 17:23:07,418 - INFO -
| Epoch:    355 | Train loss: 0.0013 | Valid loss: 0.0000 | Train acc: 0.9994 | Valid acc: 1.0000 | patience: 290 | Epoch time: 29.1 |

2023-01-27 17:23:36,552 - INFO -
| Epoch:    356 | Train loss: 0.0007 | Valid loss: 0.0004 | Train acc: 1.0000 | Valid acc: 1.0000 | patience: 291 | Epoch time: 29.1 |

2023-01-27 17:24:05,645 - INFO -
| Epoch:    357 | Train loss: 0.0000 | Valid loss: 0.0000 | Train acc: 1.0000 | Valid acc: 1.0000 | patience: 292 | Epoch time: 29.1 |

2023-01-27 17:24:34,769 - INFO -
| Epoch:    358 | Train loss: 0.0011 | Valid loss: 0.0000 | Train acc: 1.0000 | Valid acc: 1.0000 | patience: 293 | Epoch time: 29.1 |

2023-01-27 17:25:03,896 - INFO -
| Epoch:    359 | Train loss: 0.0013 | Valid loss: 0.0000 | Train acc: 1.0000 | Valid acc: 1.0000 | patience: 294 | Epoch time: 29.1 |

2023-01-27 17:25:33,030 - INFO -
| Epoch:    360 | Train loss: 0.0000 | Valid loss: 0.0007 | Train acc: 1.0000 | Valid acc: 1.0000 | patience: 295 | Epoch time: 29.1 |

2023-01-27 17:26:02,176 - INFO -
| Epoch:    361 | Train loss: 0.0002 | Valid loss: 0.0005 | Train acc: 1.0000 | Valid acc: 1.0000 | patience: 296 | Epoch time: 29.1 |

2023-01-27 17:26:31,331 - INFO -
| Epoch:    362 | Train loss: 0.0001 | Valid loss: 0.0020 | Train acc: 1.0000 | Valid acc: 1.0000 | patience: 297 | Epoch time: 29.2 |

2023-01-27 17:27:00,418 - INFO -
| Epoch:    363 | Train loss: 0.0000 | Valid loss: 0.0000 | Train acc: 1.0000 | Valid acc: 1.0000 | patience: 298 | Epoch time: 29.1 |

2023-01-27 17:27:29,545 - INFO -
| Epoch:    364 | Train loss: 0.0000 | Valid loss: 0.0000 | Train acc: 1.0000 | Valid acc: 1.0000 | patience: 299 | Epoch time: 29.1 |

2023-01-27 17:27:58,683 - INFO -
| Epoch:    365 | Train loss: 0.0000 | Valid loss: 0.0000 | Train acc: 1.0000 | Valid acc: 1.0000 | patience: 300 | Epoch time: 29.1 |

2023-01-27 17:28:27,811 - INFO -
| Epoch:    366 | Train loss: 0.0000 | Valid loss: 0.0000 | Train acc: 1.0000 | Valid acc: 1.0000 | patience: 301 | Epoch time: 29.1 |

2023-01-27 17:28:56,953 - INFO -
| Epoch:    367 | Train loss: 0.0000 | Valid loss: 0.0001 | Train acc: 1.0000 | Valid acc: 0.9995 | patience: 302 | Epoch time: 29.1 |

2023-01-27 17:29:26,087 - INFO -
| Epoch:    368 | Train loss: 0.0000 | Valid loss: 0.0005 | Train acc: 1.0000 | Valid acc: 1.0000 | patience: 303 | Epoch time: 29.1 |

2023-01-27 17:29:55,210 - INFO -
| Epoch:    369 | Train loss: 0.0000 | Valid loss: 0.0000 | Train acc: 1.0000 | Valid acc: 1.0000 | patience: 304 | Epoch time: 29.1 |

2023-01-27 17:30:24,338 - INFO -
| Epoch:    370 | Train loss: 0.0094 | Valid loss: 0.0000 | Train acc: 1.0000 | Valid acc: 0.9996 | patience: 305 | Epoch time: 29.1 |

2023-01-27 17:30:53,434 - INFO -
| Epoch:    371 | Train loss: 0.0000 | Valid loss: 0.0000 | Train acc: 0.9991 | Valid acc: 1.0000 | patience: 306 | Epoch time: 29.1 |

2023-01-27 17:31:22,568 - INFO -
| Epoch:    372 | Train loss: 0.0016 | Valid loss: 0.0004 | Train acc: 1.0000 | Valid acc: 1.0000 | patience: 307 | Epoch time: 29.1 |

2023-01-27 17:31:51,688 - INFO -
| Epoch:    373 | Train loss: 0.0001 | Valid loss: 0.0006 | Train acc: 1.0000 | Valid acc: 1.0000 | patience: 308 | Epoch time: 29.1 |

2023-01-27 17:32:20,786 - INFO -
| Epoch:    374 | Train loss: 0.0000 | Valid loss: 0.0007 | Train acc: 1.0000 | Valid acc: 1.0000 | patience: 309 | Epoch time: 29.1 |

2023-01-27 17:32:49,900 - INFO -
| Epoch:    375 | Train loss: 0.0000 | Valid loss: 0.0014 | Train acc: 1.0000 | Valid acc: 1.0000 | patience: 310 | Epoch time: 29.1 |

2023-01-27 17:33:21,256 - INFO -
| Epoch:    376 | Train loss: 0.0000 | Valid loss: 0.0000 | Train acc: 1.0000 | Valid acc: 1.0000 | patience: 311 | Epoch time: 31.4 |

2023-01-27 17:33:50,374 - INFO -
| Epoch:    377 | Train loss: 0.0000 | Valid loss: 0.0000 | Train acc: 0.9990 | Valid acc: 1.0000 | patience: 312 | Epoch time: 29.1 |

2023-01-27 17:34:19,464 - INFO -
| Epoch:    378 | Train loss: 0.0000 | Valid loss: 0.0008 | Train acc: 1.0000 | Valid acc: 0.9992 | patience: 313 | Epoch time: 29.1 |

2023-01-27 17:34:48,563 - INFO -
| Epoch:    379 | Train loss: 0.0000 | Valid loss: 0.0000 | Train acc: 1.0000 | Valid acc: 0.9993 | patience: 314 | Epoch time: 29.1 |

2023-01-27 17:35:17,672 - INFO -
| Epoch:    380 | Train loss: 0.0001 | Valid loss: 0.0000 | Train acc: 1.0000 | Valid acc: 1.0000 | patience: 315 | Epoch time: 29.1 |

2023-01-27 17:35:46,807 - INFO -
| Epoch:    381 | Train loss: 0.0000 | Valid loss: 0.0000 | Train acc: 1.0000 | Valid acc: 1.0000 | patience: 316 | Epoch time: 29.1 |

2023-01-27 17:36:15,943 - INFO -
| Epoch:    382 | Train loss: 0.0000 | Valid loss: 0.0000 | Train acc: 1.0000 | Valid acc: 1.0000 | patience: 317 | Epoch time: 29.1 |

2023-01-27 17:36:45,075 - INFO -
| Epoch:    383 | Train loss: 0.0014 | Valid loss: 0.0000 | Train acc: 1.0000 | Valid acc: 0.9992 | patience: 318 | Epoch time: 29.1 |

2023-01-27 17:37:14,193 - INFO -
| Epoch:    384 | Train loss: 0.0000 | Valid loss: 0.0016 | Train acc: 1.0000 | Valid acc: 1.0000 | patience: 319 | Epoch time: 29.1 |

2023-01-27 17:37:43,277 - INFO -
| Epoch:    385 | Train loss: 0.0002 | Valid loss: 0.0000 | Train acc: 1.0000 | Valid acc: 1.0000 | patience: 320 | Epoch time: 29.1 |

2023-01-27 17:38:12,363 - INFO -
| Epoch:    386 | Train loss: 0.0005 | Valid loss: 0.0000 | Train acc: 1.0000 | Valid acc: 1.0000 | patience: 321 | Epoch time: 29.1 |

2023-01-27 17:38:41,505 - INFO -
| Epoch:    387 | Train loss: 0.0005 | Valid loss: 0.0001 | Train acc: 1.0000 | Valid acc: 1.0000 | patience: 322 | Epoch time: 29.1 |

2023-01-27 17:39:10,944 - INFO -
| Epoch:    388 | Train loss: 0.0000 | Valid loss: 0.0000 | Train acc: 1.0000 | Valid acc: 1.0000 | patience: 323 | Epoch time: 29.4 |

2023-01-27 17:39:40,042 - INFO -
| Epoch:    389 | Train loss: 0.0009 | Valid loss: 0.0000 | Train acc: 1.0000 | Valid acc: 1.0000 | patience: 324 | Epoch time: 29.1 |

2023-01-27 17:40:09,131 - INFO -
| Epoch:    390 | Train loss: 0.0001 | Valid loss: 0.0000 | Train acc: 1.0000 | Valid acc: 1.0000 | patience: 325 | Epoch time: 29.1 |

2023-01-27 17:40:38,226 - INFO -
| Epoch:    391 | Train loss: 0.0000 | Valid loss: 0.0000 | Train acc: 1.0000 | Valid acc: 1.0000 | patience: 326 | Epoch time: 29.1 |

2023-01-27 17:41:07,362 - INFO -
| Epoch:    392 | Train loss: 0.0000 | Valid loss: 0.0000 | Train acc: 0.9999 | Valid acc: 1.0000 | patience: 327 | Epoch time: 29.1 |

2023-01-27 17:41:36,521 - INFO -
| Epoch:    393 | Train loss: 0.0000 | Valid loss: 0.0000 | Train acc: 1.0000 | Valid acc: 1.0000 | patience: 328 | Epoch time: 29.2 |

2023-01-27 17:42:05,641 - INFO -
| Epoch:    394 | Train loss: 0.0000 | Valid loss: 0.0000 | Train acc: 1.0000 | Valid acc: 1.0000 | patience: 329 | Epoch time: 29.1 |

2023-01-27 17:42:34,752 - INFO -
| Epoch:    395 | Train loss: 0.0000 | Valid loss: 0.0000 | Train acc: 1.0000 | Valid acc: 1.0000 | patience: 330 | Epoch time: 29.1 |

2023-01-27 17:43:03,864 - INFO -
| Epoch:    396 | Train loss: 0.0000 | Valid loss: 0.0000 | Train acc: 1.0000 | Valid acc: 1.0000 | patience: 331 | Epoch time: 29.1 |

2023-01-27 17:43:33,000 - INFO -
| Epoch:    397 | Train loss: 0.0000 | Valid loss: 0.0001 | Train acc: 1.0000 | Valid acc: 1.0000 | patience: 332 | Epoch time: 29.1 |

2023-01-27 17:44:02,090 - INFO -
| Epoch:    398 | Train loss: 0.0000 | Valid loss: 0.0000 | Train acc: 0.9993 | Valid acc: 1.0000 | patience: 333 | Epoch time: 29.1 |

2023-01-27 17:44:31,188 - INFO -
| Epoch:    399 | Train loss: 0.0035 | Valid loss: 0.0000 | Train acc: 0.9989 | Valid acc: 1.0000 | patience: 334 | Epoch time: 29.1 |

2023-01-27 17:45:00,301 - INFO -
| Epoch:    400 | Train loss: 0.0000 | Valid loss: 0.0008 | Train acc: 1.0000 | Valid acc: 0.9990 | patience: 335 | Epoch time: 29.1 |

2023-01-27 17:45:29,419 - INFO -
| Epoch:    401 | Train loss: 0.0011 | Valid loss: 0.0000 | Train acc: 0.9992 | Valid acc: 1.0000 | patience: 336 | Epoch time: 29.1 |

2023-01-27 17:45:58,512 - INFO -
| Epoch:    402 | Train loss: 0.0000 | Valid loss: 0.0003 | Train acc: 0.9999 | Valid acc: 1.0000 | patience: 337 | Epoch time: 29.1 |

2023-01-27 17:46:27,649 - INFO -
| Epoch:    403 | Train loss: 0.0002 | Valid loss: 0.0000 | Train acc: 0.9994 | Valid acc: 1.0000 | patience: 338 | Epoch time: 29.1 |

2023-01-27 17:46:56,836 - INFO -
| Epoch:    404 | Train loss: 0.0000 | Valid loss: 0.0000 | Train acc: 1.0000 | Valid acc: 0.9997 | patience: 339 | Epoch time: 29.2 |

2023-01-27 17:47:25,966 - INFO -
| Epoch:    405 | Train loss: 0.0000 | Valid loss: 0.0000 | Train acc: 1.0000 | Valid acc: 1.0000 | patience: 340 | Epoch time: 29.1 |

2023-01-27 17:47:55,110 - INFO -
| Epoch:    406 | Train loss: 0.0000 | Valid loss: 0.0000 | Train acc: 1.0000 | Valid acc: 1.0000 | patience: 341 | Epoch time: 29.1 |

2023-01-27 17:48:24,218 - INFO -
| Epoch:    407 | Train loss: 0.0000 | Valid loss: 0.0002 | Train acc: 1.0000 | Valid acc: 1.0000 | patience: 342 | Epoch time: 29.1 |

2023-01-27 17:48:53,354 - INFO -
| Epoch:    408 | Train loss: 0.0000 | Valid loss: 0.0001 | Train acc: 0.9999 | Valid acc: 1.0000 | patience: 343 | Epoch time: 29.1 |

2023-01-27 17:49:22,815 - INFO -
| Epoch:    409 | Train loss: 0.0000 | Valid loss: 0.0001 | Train acc: 1.0000 | Valid acc: 1.0000 | patience: 344 | Epoch time: 29.5 |

2023-01-27 17:49:51,923 - INFO -
| Epoch:    410 | Train loss: 0.0000 | Valid loss: 0.0011 | Train acc: 1.0000 | Valid acc: 1.0000 | patience: 345 | Epoch time: 29.1 |

2023-01-27 17:50:21,031 - INFO -
| Epoch:    411 | Train loss: 0.0000 | Valid loss: 0.0018 | Train acc: 1.0000 | Valid acc: 1.0000 | patience: 346 | Epoch time: 29.1 |

2023-01-27 17:50:50,148 - INFO -
| Epoch:    412 | Train loss: 0.0031 | Valid loss: 0.0000 | Train acc: 1.0000 | Valid acc: 1.0000 | patience: 347 | Epoch time: 29.1 |

2023-01-27 17:51:19,242 - INFO -
| Epoch:    413 | Train loss: 0.0007 | Valid loss: 0.0000 | Train acc: 0.9997 | Valid acc: 1.0000 | patience: 348 | Epoch time: 29.1 |

2023-01-27 17:51:48,336 - INFO -
| Epoch:    414 | Train loss: 0.0001 | Valid loss: 0.0000 | Train acc: 0.9990 | Valid acc: 1.0000 | patience: 349 | Epoch time: 29.1 |

2023-01-27 17:52:17,426 - INFO -
| Epoch:    415 | Train loss: 0.0001 | Valid loss: 0.0021 | Train acc: 1.0000 | Valid acc: 1.0000 | patience: 350 | Epoch time: 29.1 |

2023-01-27 17:52:46,524 - INFO -
| Epoch:    416 | Train loss: 0.0001 | Valid loss: 0.0000 | Train acc: 1.0000 | Valid acc: 1.0000 | patience: 351 | Epoch time: 29.1 |

2023-01-27 17:53:15,629 - INFO -
| Epoch:    417 | Train loss: 0.0000 | Valid loss: 0.0001 | Train acc: 1.0000 | Valid acc: 1.0000 | patience: 352 | Epoch time: 29.1 |

2023-01-27 17:53:44,739 - INFO -
| Epoch:    418 | Train loss: 0.0000 | Valid loss: 0.0000 | Train acc: 1.0000 | Valid acc: 1.0000 | patience: 353 | Epoch time: 29.1 |

2023-01-27 17:54:13,884 - INFO -
| Epoch:    419 | Train loss: 0.0000 | Valid loss: 0.0000 | Train acc: 1.0000 | Valid acc: 1.0000 | patience: 354 | Epoch time: 29.1 |

2023-01-27 17:54:43,021 - INFO -
| Epoch:    420 | Train loss: 0.0009 | Valid loss: 0.0000 | Train acc: 1.0000 | Valid acc: 1.0000 | patience: 355 | Epoch time: 29.1 |

2023-01-27 17:55:12,112 - INFO -
| Epoch:    421 | Train loss: 0.0000 | Valid loss: 0.0000 | Train acc: 1.0000 | Valid acc: 1.0000 | patience: 356 | Epoch time: 29.1 |

2023-01-27 17:55:41,232 - INFO -
| Epoch:    422 | Train loss: 0.0000 | Valid loss: 0.0003 | Train acc: 1.0000 | Valid acc: 1.0000 | patience: 357 | Epoch time: 29.1 |

2023-01-27 17:56:10,369 - INFO -
| Epoch:    423 | Train loss: 0.0000 | Valid loss: 0.0000 | Train acc: 1.0000 | Valid acc: 1.0000 | patience: 358 | Epoch time: 29.1 |

2023-01-27 17:56:39,490 - INFO -
| Epoch:    424 | Train loss: 0.0002 | Valid loss: 0.0001 | Train acc: 1.0000 | Valid acc: 1.0000 | patience: 359 | Epoch time: 29.1 |

2023-01-27 17:57:08,577 - INFO -
| Epoch:    425 | Train loss: 0.0000 | Valid loss: 0.0000 | Train acc: 1.0000 | Valid acc: 1.0000 | patience: 360 | Epoch time: 29.1 |

2023-01-27 17:57:37,662 - INFO -
| Epoch:    426 | Train loss: 0.0000 | Valid loss: 0.0000 | Train acc: 1.0000 | Valid acc: 1.0000 | patience: 361 | Epoch time: 29.1 |

2023-01-27 17:58:06,773 - INFO -
| Epoch:    427 | Train loss: 0.0000 | Valid loss: 0.0000 | Train acc: 1.0000 | Valid acc: 1.0000 | patience: 362 | Epoch time: 29.1 |

2023-01-27 17:58:35,884 - INFO -
| Epoch:    428 | Train loss: 0.0000 | Valid loss: 0.0000 | Train acc: 0.9996 | Valid acc: 1.0000 | patience: 363 | Epoch time: 29.1 |

2023-01-27 17:59:04,986 - INFO -
| Epoch:    429 | Train loss: 0.0000 | Valid loss: 0.0000 | Train acc: 1.0000 | Valid acc: 1.0000 | patience: 364 | Epoch time: 29.1 |

2023-01-27 17:59:34,095 - INFO -
| Epoch:    430 | Train loss: 0.0000 | Valid loss: 0.0018 | Train acc: 1.0000 | Valid acc: 1.0000 | patience: 365 | Epoch time: 29.1 |

2023-01-27 18:00:03,214 - INFO -
| Epoch:    431 | Train loss: 0.0000 | Valid loss: 0.0000 | Train acc: 1.0000 | Valid acc: 1.0000 | patience: 366 | Epoch time: 29.1 |

2023-01-27 18:00:32,319 - INFO -
| Epoch:    432 | Train loss: 0.0003 | Valid loss: 0.0000 | Train acc: 1.0000 | Valid acc: 1.0000 | patience: 367 | Epoch time: 29.1 |

2023-01-27 18:01:01,406 - INFO -
| Epoch:    433 | Train loss: 0.0000 | Valid loss: 0.0016 | Train acc: 1.0000 | Valid acc: 1.0000 | patience: 368 | Epoch time: 29.1 |

2023-01-27 18:01:30,488 - INFO -
| Epoch:    434 | Train loss: 0.0000 | Valid loss: 0.0002 | Train acc: 1.0000 | Valid acc: 0.9993 | patience: 369 | Epoch time: 29.1 |

2023-01-27 18:01:59,574 - INFO -
| Epoch:    435 | Train loss: 0.0000 | Valid loss: 0.0000 | Train acc: 0.9992 | Valid acc: 1.0000 | patience: 370 | Epoch time: 29.1 |

2023-01-27 18:02:28,686 - INFO -
| Epoch:    436 | Train loss: 0.0000 | Valid loss: 0.0000 | Train acc: 1.0000 | Valid acc: 1.0000 | patience: 371 | Epoch time: 29.1 |

2023-01-27 18:02:57,786 - INFO -
| Epoch:    437 | Train loss: 0.0010 | Valid loss: 0.0000 | Train acc: 1.0000 | Valid acc: 1.0000 | patience: 372 | Epoch time: 29.1 |

2023-01-27 18:03:26,886 - INFO -
| Epoch:    438 | Train loss: 0.0000 | Valid loss: 0.0000 | Train acc: 1.0000 | Valid acc: 1.0000 | patience: 373 | Epoch time: 29.1 |

2023-01-27 18:03:56,005 - INFO -
| Epoch:    439 | Train loss: 0.0000 | Valid loss: 0.0001 | Train acc: 1.0000 | Valid acc: 1.0000 | patience: 374 | Epoch time: 29.1 |

2023-01-27 18:04:25,131 - INFO -
| Epoch:    440 | Train loss: 0.0000 | Valid loss: 0.0014 | Train acc: 1.0000 | Valid acc: 1.0000 | patience: 375 | Epoch time: 29.1 |

2023-01-27 18:04:54,257 - INFO -
| Epoch:    441 | Train loss: 0.0000 | Valid loss: 0.0003 | Train acc: 1.0000 | Valid acc: 1.0000 | patience: 376 | Epoch time: 29.1 |

2023-01-27 18:05:23,355 - INFO -
| Epoch:    442 | Train loss: 0.0001 | Valid loss: 0.0000 | Train acc: 1.0000 | Valid acc: 1.0000 | patience: 377 | Epoch time: 29.1 |

2023-01-27 18:05:52,445 - INFO -
| Epoch:    443 | Train loss: 0.0000 | Valid loss: 0.0000 | Train acc: 1.0000 | Valid acc: 1.0000 | patience: 378 | Epoch time: 29.1 |

2023-01-27 18:06:21,548 - INFO -
| Epoch:    444 | Train loss: 0.0000 | Valid loss: 0.0013 | Train acc: 1.0000 | Valid acc: 1.0000 | patience: 379 | Epoch time: 29.1 |

2023-01-27 18:06:50,668 - INFO -
| Epoch:    445 | Train loss: 0.0001 | Valid loss: 0.0000 | Train acc: 1.0000 | Valid acc: 1.0000 | patience: 380 | Epoch time: 29.1 |

2023-01-27 18:07:19,792 - INFO -
| Epoch:    446 | Train loss: 0.0000 | Valid loss: 0.0000 | Train acc: 1.0000 | Valid acc: 1.0000 | patience: 381 | Epoch time: 29.1 |

2023-01-27 18:07:48,927 - INFO -
| Epoch:    447 | Train loss: 0.0006 | Valid loss: 0.0003 | Train acc: 1.0000 | Valid acc: 1.0000 | patience: 382 | Epoch time: 29.1 |

2023-01-27 18:08:18,408 - INFO -
| Epoch:    448 | Train loss: 0.0000 | Valid loss: 0.0000 | Train acc: 0.9999 | Valid acc: 1.0000 | patience: 383 | Epoch time: 29.5 |

2023-01-27 18:08:47,532 - INFO -
| Epoch:    449 | Train loss: 0.0000 | Valid loss: 0.0000 | Train acc: 1.0000 | Valid acc: 1.0000 | patience: 384 | Epoch time: 29.1 |

2023-01-27 18:09:16,623 - INFO -
| Epoch:    450 | Train loss: 0.0001 | Valid loss: 0.0000 | Train acc: 1.0000 | Valid acc: 0.9992 | patience: 385 | Epoch time: 29.1 |

2023-01-27 18:09:45,715 - INFO -
| Epoch:    451 | Train loss: 0.0000 | Valid loss: 0.0000 | Train acc: 1.0000 | Valid acc: 1.0000 | patience: 386 | Epoch time: 29.1 |

2023-01-27 18:10:14,813 - INFO -
| Epoch:    452 | Train loss: 0.0000 | Valid loss: 0.0000 | Train acc: 1.0000 | Valid acc: 1.0000 | patience: 387 | Epoch time: 29.1 |

2023-01-27 18:10:43,911 - INFO -
| Epoch:    453 | Train loss: 0.0011 | Valid loss: 0.0000 | Train acc: 1.0000 | Valid acc: 1.0000 | patience: 388 | Epoch time: 29.1 |

2023-01-27 18:11:13,030 - INFO -
| Epoch:    454 | Train loss: 0.0000 | Valid loss: 0.0007 | Train acc: 1.0000 | Valid acc: 1.0000 | patience: 389 | Epoch time: 29.1 |

2023-01-27 18:11:42,143 - INFO -
| Epoch:    455 | Train loss: 0.0010 | Valid loss: 0.0000 | Train acc: 1.0000 | Valid acc: 1.0000 | patience: 390 | Epoch time: 29.1 |

2023-01-27 18:12:11,222 - INFO -
| Epoch:    456 | Train loss: 0.0000 | Valid loss: 0.0000 | Train acc: 1.0000 | Valid acc: 1.0000 | patience: 391 | Epoch time: 29.1 |

2023-01-27 18:12:40,317 - INFO -
| Epoch:    457 | Train loss: 0.0000 | Valid loss: 0.0001 | Train acc: 1.0000 | Valid acc: 1.0000 | patience: 392 | Epoch time: 29.1 |

2023-01-27 18:13:09,417 - INFO -
| Epoch:    458 | Train loss: 0.0000 | Valid loss: 0.0000 | Train acc: 1.0000 | Valid acc: 1.0000 | patience: 393 | Epoch time: 29.1 |

2023-01-27 18:13:38,519 - INFO -
| Epoch:    459 | Train loss: 0.0000 | Valid loss: 0.0000 | Train acc: 1.0000 | Valid acc: 1.0000 | patience: 394 | Epoch time: 29.1 |

2023-01-27 18:14:07,649 - INFO -
| Epoch:    460 | Train loss: 0.0000 | Valid loss: 0.0000 | Train acc: 0.9989 | Valid acc: 1.0000 | patience: 395 | Epoch time: 29.1 |

2023-01-27 18:14:36,749 - INFO -
| Epoch:    461 | Train loss: 0.0000 | Valid loss: 0.0000 | Train acc: 1.0000 | Valid acc: 1.0000 | patience: 396 | Epoch time: 29.1 |

2023-01-27 18:15:05,844 - INFO -
| Epoch:    462 | Train loss: 0.0000 | Valid loss: 0.0000 | Train acc: 1.0000 | Valid acc: 0.9997 | patience: 397 | Epoch time: 29.1 |

2023-01-27 18:15:34,963 - INFO -
| Epoch:    463 | Train loss: 0.0002 | Valid loss: 0.0000 | Train acc: 1.0000 | Valid acc: 1.0000 | patience: 398 | Epoch time: 29.1 |

2023-01-27 18:16:04,098 - INFO -
| Epoch:    464 | Train loss: 0.0000 | Valid loss: 0.0001 | Train acc: 1.0000 | Valid acc: 1.0000 | patience: 399 | Epoch time: 29.1 |

2023-01-27 18:16:33,220 - INFO -
| Epoch:    465 | Train loss: 0.0000 | Valid loss: 0.0005 | Train acc: 1.0000 | Valid acc: 1.0000 | patience: 400 | Epoch time: 29.1 |

2023-01-27 18:17:02,329 - INFO -
| Epoch:    466 | Train loss: 0.0000 | Valid loss: 0.0000 | Train acc: 1.0000 | Valid acc: 1.0000 | patience: 401 | Epoch time: 29.1 |

2023-01-27 18:17:31,669 - INFO -
| Epoch:    467 | Train loss: 0.0000 | Valid loss: 0.0005 | Train acc: 1.0000 | Valid acc: 1.0000 | patience: 402 | Epoch time: 29.3 |

2023-01-27 18:18:00,816 - INFO -
| Epoch:    468 | Train loss: 0.0001 | Valid loss: 0.0000 | Train acc: 1.0000 | Valid acc: 1.0000 | patience: 403 | Epoch time: 29.1 |

2023-01-27 18:18:31,035 - INFO -
| Epoch:    469 | Train loss: 0.0002 | Valid loss: 0.0000 | Train acc: 1.0000 | Valid acc: 1.0000 | patience: 404 | Epoch time: 30.2 |

2023-01-27 18:19:00,142 - INFO -
| Epoch:    470 | Train loss: 0.0000 | Valid loss: 0.0000 | Train acc: 1.0000 | Valid acc: 0.9997 | patience: 405 | Epoch time: 29.1 |

2023-01-27 18:19:29,254 - INFO -
| Epoch:    471 | Train loss: 0.0000 | Valid loss: 0.0000 | Train acc: 1.0000 | Valid acc: 1.0000 | patience: 406 | Epoch time: 29.1 |

2023-01-27 18:19:58,365 - INFO -
| Epoch:    472 | Train loss: 0.0000 | Valid loss: 0.0000 | Train acc: 1.0000 | Valid acc: 1.0000 | patience: 407 | Epoch time: 29.1 |

2023-01-27 18:20:27,486 - INFO -
| Epoch:    473 | Train loss: 0.0000 | Valid loss: 0.0000 | Train acc: 1.0000 | Valid acc: 1.0000 | patience: 408 | Epoch time: 29.1 |

2023-01-27 18:20:56,597 - INFO -
| Epoch:    474 | Train loss: 0.0000 | Valid loss: 0.0001 | Train acc: 0.9986 | Valid acc: 1.0000 | patience: 409 | Epoch time: 29.1 |

2023-01-27 18:21:25,692 - INFO -
| Epoch:    475 | Train loss: 0.0000 | Valid loss: 0.0001 | Train acc: 1.0000 | Valid acc: 1.0000 | patience: 410 | Epoch time: 29.1 |

2023-01-27 18:21:54,820 - INFO -
| Epoch:    476 | Train loss: 0.0019 | Valid loss: 0.0000 | Train acc: 0.9997 | Valid acc: 1.0000 | patience: 411 | Epoch time: 29.1 |

2023-01-27 18:22:23,949 - INFO -
| Epoch:    477 | Train loss: 0.0000 | Valid loss: 0.0000 | Train acc: 1.0000 | Valid acc: 1.0000 | patience: 412 | Epoch time: 29.1 |

2023-01-27 18:22:53,084 - INFO -
| Epoch:    478 | Train loss: 0.0000 | Valid loss: 0.0000 | Train acc: 1.0000 | Valid acc: 1.0000 | patience: 413 | Epoch time: 29.1 |

2023-01-27 18:23:22,271 - INFO -
| Epoch:    479 | Train loss: 0.0000 | Valid loss: 0.0001 | Train acc: 1.0000 | Valid acc: 1.0000 | patience: 414 | Epoch time: 29.2 |

2023-01-27 18:23:51,435 - INFO -
| Epoch:    480 | Train loss: 0.0000 | Valid loss: 0.0001 | Train acc: 1.0000 | Valid acc: 1.0000 | patience: 415 | Epoch time: 29.2 |

2023-01-27 18:24:20,533 - INFO -
| Epoch:    481 | Train loss: 0.0002 | Valid loss: 0.0000 | Train acc: 1.0000 | Valid acc: 1.0000 | patience: 416 | Epoch time: 29.1 |

2023-01-27 18:24:49,658 - INFO -
| Epoch:    482 | Train loss: 0.0000 | Valid loss: 0.0000 | Train acc: 1.0000 | Valid acc: 1.0000 | patience: 417 | Epoch time: 29.1 |

2023-01-27 18:25:18,787 - INFO -
| Epoch:    483 | Train loss: 0.0001 | Valid loss: 0.0000 | Train acc: 1.0000 | Valid acc: 1.0000 | patience: 418 | Epoch time: 29.1 |

2023-01-27 18:25:47,896 - INFO -
| Epoch:    484 | Train loss: 0.0000 | Valid loss: 0.0017 | Train acc: 1.0000 | Valid acc: 1.0000 | patience: 419 | Epoch time: 29.1 |

2023-01-27 18:26:17,022 - INFO -
| Epoch:    485 | Train loss: 0.0000 | Valid loss: 0.0000 | Train acc: 1.0000 | Valid acc: 1.0000 | patience: 420 | Epoch time: 29.1 |

2023-01-27 18:26:46,124 - INFO -
| Epoch:    486 | Train loss: 0.0007 | Valid loss: 0.0000 | Train acc: 1.0000 | Valid acc: 1.0000 | patience: 421 | Epoch time: 29.1 |

2023-01-27 18:27:15,262 - INFO -
| Epoch:    487 | Train loss: 0.0005 | Valid loss: 0.0001 | Train acc: 1.0000 | Valid acc: 1.0000 | patience: 422 | Epoch time: 29.1 |

2023-01-27 18:27:44,380 - INFO -
| Epoch:    488 | Train loss: 0.0002 | Valid loss: 0.0002 | Train acc: 0.9999 | Valid acc: 1.0000 | patience: 423 | Epoch time: 29.1 |

2023-01-27 18:28:13,499 - INFO -
| Epoch:    489 | Train loss: 0.0000 | Valid loss: 0.0000 | Train acc: 1.0000 | Valid acc: 1.0000 | patience: 424 | Epoch time: 29.1 |

2023-01-27 18:28:42,642 - INFO -
| Epoch:    490 | Train loss: 0.0000 | Valid loss: 0.0001 | Train acc: 1.0000 | Valid acc: 1.0000 | patience: 425 | Epoch time: 29.1 |

2023-01-27 18:29:11,768 - INFO -
| Epoch:    491 | Train loss: 0.0000 | Valid loss: 0.0002 | Train acc: 1.0000 | Valid acc: 0.9997 | patience: 426 | Epoch time: 29.1 |

2023-01-27 18:29:40,900 - INFO -
| Epoch:    492 | Train loss: 0.0000 | Valid loss: 0.0003 | Train acc: 1.0000 | Valid acc: 1.0000 | patience: 427 | Epoch time: 29.1 |

2023-01-27 18:30:10,037 - INFO -
| Epoch:    493 | Train loss: 0.0000 | Valid loss: 0.0000 | Train acc: 1.0000 | Valid acc: 1.0000 | patience: 428 | Epoch time: 29.1 |

2023-01-27 18:30:39,180 - INFO -
| Epoch:    494 | Train loss: 0.0000 | Valid loss: 0.0000 | Train acc: 1.0000 | Valid acc: 1.0000 | patience: 429 | Epoch time: 29.1 |

2023-01-27 18:31:08,303 - INFO -
| Epoch:    495 | Train loss: 0.0001 | Valid loss: 0.0000 | Train acc: 1.0000 | Valid acc: 1.0000 | patience: 430 | Epoch time: 29.1 |

2023-01-27 18:31:37,384 - INFO -
| Epoch:    496 | Train loss: 0.0000 | Valid loss: 0.0003 | Train acc: 1.0000 | Valid acc: 1.0000 | patience: 431 | Epoch time: 29.1 |

2023-01-27 18:32:06,493 - INFO -
| Epoch:    497 | Train loss: 0.0000 | Valid loss: 0.0000 | Train acc: 1.0000 | Valid acc: 1.0000 | patience: 432 | Epoch time: 29.1 |

2023-01-27 18:32:35,612 - INFO -
| Epoch:    498 | Train loss: 0.0000 | Valid loss: 0.0000 | Train acc: 1.0000 | Valid acc: 1.0000 | patience: 433 | Epoch time: 29.1 |

2023-01-27 18:33:04,732 - INFO -
| Epoch:    499 | Train loss: 0.0000 | Valid loss: 0.0000 | Train acc: 1.0000 | Valid acc: 1.0000 | patience: 434 | Epoch time: 29.1 |

2023-01-27 18:33:33,836 - INFO -
| Epoch:    500 | Train loss: 0.0000 | Valid loss: 0.0000 | Train acc: 1.0000 | Valid acc: 1.0000 | patience: 435 | Epoch time: 29.1 |

2023-01-27 18:34:02,951 - INFO -
| Epoch:    501 | Train loss: 0.0007 | Valid loss: 0.0001 | Train acc: 1.0000 | Valid acc: 1.0000 | patience: 436 | Epoch time: 29.1 |

2023-01-27 18:34:32,058 - INFO -
| Epoch:    502 | Train loss: 0.0000 | Valid loss: 0.0007 | Train acc: 0.9993 | Valid acc: 1.0000 | patience: 437 | Epoch time: 29.1 |

2023-01-27 18:35:01,198 - INFO -
| Epoch:    503 | Train loss: 0.0001 | Valid loss: 0.0001 | Train acc: 1.0000 | Valid acc: 1.0000 | patience: 438 | Epoch time: 29.1 |

2023-01-27 18:35:30,309 - INFO -
| Epoch:    504 | Train loss: 0.0000 | Valid loss: 0.0000 | Train acc: 1.0000 | Valid acc: 1.0000 | patience: 439 | Epoch time: 29.1 |

2023-01-27 18:35:59,430 - INFO -
| Epoch:    505 | Train loss: 0.0001 | Valid loss: 0.0000 | Train acc: 1.0000 | Valid acc: 1.0000 | patience: 440 | Epoch time: 29.1 |

2023-01-27 18:36:28,541 - INFO -
| Epoch:    506 | Train loss: 0.0000 | Valid loss: 0.0000 | Train acc: 1.0000 | Valid acc: 1.0000 | patience: 441 | Epoch time: 29.1 |

2023-01-27 18:36:57,712 - INFO -
| Epoch:    507 | Train loss: 0.0000 | Valid loss: 0.0000 | Train acc: 1.0000 | Valid acc: 1.0000 | patience: 442 | Epoch time: 29.2 |

2023-01-27 18:37:27,177 - INFO -
| Epoch:    508 | Train loss: 0.0002 | Valid loss: 0.0000 | Train acc: 1.0000 | Valid acc: 1.0000 | patience: 443 | Epoch time: 29.5 |

2023-01-27 18:37:58,912 - INFO -
| Epoch:    509 | Train loss: 0.0000 | Valid loss: 0.0000 | Train acc: 1.0000 | Valid acc: 1.0000 | patience: 444 | Epoch time: 31.7 |

2023-01-27 18:38:28,082 - INFO -
| Epoch:    510 | Train loss: 0.0036 | Valid loss: 0.0001 | Train acc: 1.0000 | Valid acc: 1.0000 | patience: 445 | Epoch time: 29.2 |

2023-01-27 18:38:57,191 - INFO -
| Epoch:    511 | Train loss: 0.0003 | Valid loss: 0.0000 | Train acc: 1.0000 | Valid acc: 1.0000 | patience: 446 | Epoch time: 29.1 |

2023-01-27 18:39:26,271 - INFO -
| Epoch:    512 | Train loss: 0.0000 | Valid loss: 0.0000 | Train acc: 1.0000 | Valid acc: 1.0000 | patience: 447 | Epoch time: 29.1 |

2023-01-27 18:39:55,380 - INFO -
| Epoch:    513 | Train loss: 0.0000 | Valid loss: 0.0001 | Train acc: 1.0000 | Valid acc: 1.0000 | patience: 448 | Epoch time: 29.1 |

2023-01-27 18:40:24,491 - INFO -
| Epoch:    514 | Train loss: 0.0000 | Valid loss: 0.0000 | Train acc: 1.0000 | Valid acc: 1.0000 | patience: 449 | Epoch time: 29.1 |

2023-01-27 18:40:53,562 - INFO -
| Epoch:    515 | Train loss: 0.0000 | Valid loss: 0.0005 | Train acc: 1.0000 | Valid acc: 1.0000 | patience: 450 | Epoch time: 29.1 |

2023-01-27 18:41:22,661 - INFO -
| Epoch:    516 | Train loss: 0.0000 | Valid loss: 0.0000 | Train acc: 1.0000 | Valid acc: 1.0000 | patience: 451 | Epoch time: 29.1 |

2023-01-27 18:41:51,749 - INFO -
| Epoch:    517 | Train loss: 0.0000 | Valid loss: 0.0001 | Train acc: 1.0000 | Valid acc: 1.0000 | patience: 452 | Epoch time: 29.1 |

2023-01-27 18:42:20,855 - INFO -
| Epoch:    518 | Train loss: 0.0000 | Valid loss: 0.0000 | Train acc: 0.9986 | Valid acc: 1.0000 | patience: 453 | Epoch time: 29.1 |

2023-01-27 18:42:49,967 - INFO -
| Epoch:    519 | Train loss: 0.0000 | Valid loss: 0.0000 | Train acc: 1.0000 | Valid acc: 1.0000 | patience: 454 | Epoch time: 29.1 |

2023-01-27 18:43:19,091 - INFO -
| Epoch:    520 | Train loss: 0.0001 | Valid loss: 0.0030 | Train acc: 1.0000 | Valid acc: 1.0000 | patience: 455 | Epoch time: 29.1 |

2023-01-27 18:43:48,169 - INFO -
| Epoch:    521 | Train loss: 0.0000 | Valid loss: 0.0003 | Train acc: 1.0000 | Valid acc: 1.0000 | patience: 456 | Epoch time: 29.1 |

2023-01-27 18:44:17,283 - INFO -
| Epoch:    522 | Train loss: 0.0000 | Valid loss: 0.0000 | Train acc: 1.0000 | Valid acc: 1.0000 | patience: 457 | Epoch time: 29.1 |

2023-01-27 18:44:46,411 - INFO -
| Epoch:    523 | Train loss: 0.0004 | Valid loss: 0.0000 | Train acc: 1.0000 | Valid acc: 0.9996 | patience: 458 | Epoch time: 29.1 |

2023-01-27 18:45:15,540 - INFO -
| Epoch:    524 | Train loss: 0.0002 | Valid loss: 0.0000 | Train acc: 1.0000 | Valid acc: 1.0000 | patience: 459 | Epoch time: 29.1 |

2023-01-27 18:45:44,633 - INFO -
| Epoch:    525 | Train loss: 0.0000 | Valid loss: 0.0006 | Train acc: 1.0000 | Valid acc: 0.9997 | patience: 460 | Epoch time: 29.1 |

2023-01-27 18:46:13,708 - INFO -
| Epoch:    526 | Train loss: 0.0000 | Valid loss: 0.0000 | Train acc: 1.0000 | Valid acc: 1.0000 | patience: 461 | Epoch time: 29.1 |

2023-01-27 18:46:42,802 - INFO -
| Epoch:    527 | Train loss: 0.0033 | Valid loss: 0.0000 | Train acc: 1.0000 | Valid acc: 1.0000 | patience: 462 | Epoch time: 29.1 |

2023-01-27 18:47:12,243 - INFO -
| Epoch:    528 | Train loss: 0.0000 | Valid loss: 0.0000 | Train acc: 1.0000 | Valid acc: 1.0000 | patience: 463 | Epoch time: 29.4 |

2023-01-27 18:47:41,342 - INFO -
| Epoch:    529 | Train loss: 0.0002 | Valid loss: 0.0003 | Train acc: 1.0000 | Valid acc: 1.0000 | patience: 464 | Epoch time: 29.1 |

2023-01-27 18:48:10,414 - INFO -
| Epoch:    530 | Train loss: 0.0000 | Valid loss: 0.0000 | Train acc: 1.0000 | Valid acc: 1.0000 | patience: 465 | Epoch time: 29.1 |

2023-01-27 18:48:39,500 - INFO -
| Epoch:    531 | Train loss: 0.0000 | Valid loss: 0.0000 | Train acc: 1.0000 | Valid acc: 1.0000 | patience: 466 | Epoch time: 29.1 |

2023-01-27 18:49:08,619 - INFO -
| Epoch:    532 | Train loss: 0.0000 | Valid loss: 0.0002 | Train acc: 1.0000 | Valid acc: 1.0000 | patience: 467 | Epoch time: 29.1 |

2023-01-27 18:49:37,714 - INFO -
| Epoch:    533 | Train loss: 0.0000 | Valid loss: 0.0000 | Train acc: 1.0000 | Valid acc: 1.0000 | patience: 468 | Epoch time: 29.1 |

2023-01-27 18:50:06,804 - INFO -
| Epoch:    534 | Train loss: 0.0018 | Valid loss: 0.0000 | Train acc: 1.0000 | Valid acc: 1.0000 | patience: 469 | Epoch time: 29.1 |

2023-01-27 18:50:35,882 - INFO -
| Epoch:    535 | Train loss: 0.0000 | Valid loss: 0.0001 | Train acc: 1.0000 | Valid acc: 1.0000 | patience: 470 | Epoch time: 29.1 |

2023-01-27 18:51:04,967 - INFO -
| Epoch:    536 | Train loss: 0.0001 | Valid loss: 0.0000 | Train acc: 1.0000 | Valid acc: 1.0000 | patience: 471 | Epoch time: 29.1 |

2023-01-27 18:51:34,040 - INFO -
| Epoch:    537 | Train loss: 0.0000 | Valid loss: 0.0000 | Train acc: 1.0000 | Valid acc: 1.0000 | patience: 472 | Epoch time: 29.1 |

2023-01-27 18:52:03,580 - INFO -
| Epoch:    538 | Train loss: 0.0000 | Valid loss: 0.0018 | Train acc: 1.0000 | Valid acc: 1.0000 | patience: 473 | Epoch time: 29.5 |

2023-01-27 18:52:32,674 - INFO -
| Epoch:    539 | Train loss: 0.0000 | Valid loss: 0.0004 | Train acc: 1.0000 | Valid acc: 1.0000 | patience: 474 | Epoch time: 29.1 |

2023-01-27 18:53:01,756 - INFO -
| Epoch:    540 | Train loss: 0.0000 | Valid loss: 0.0001 | Train acc: 1.0000 | Valid acc: 1.0000 | patience: 475 | Epoch time: 29.1 |

2023-01-27 18:53:30,823 - INFO -
| Epoch:    541 | Train loss: 0.0000 | Valid loss: 0.0000 | Train acc: 1.0000 | Valid acc: 1.0000 | patience: 476 | Epoch time: 29.1 |

2023-01-27 18:53:59,896 - INFO -
| Epoch:    542 | Train loss: 0.0007 | Valid loss: 0.0004 | Train acc: 1.0000 | Valid acc: 1.0000 | patience: 477 | Epoch time: 29.1 |

2023-01-27 18:54:28,983 - INFO -
| Epoch:    543 | Train loss: 0.0000 | Valid loss: 0.0000 | Train acc: 1.0000 | Valid acc: 1.0000 | patience: 478 | Epoch time: 29.1 |

2023-01-27 18:54:58,075 - INFO -
| Epoch:    544 | Train loss: 0.0000 | Valid loss: 0.0000 | Train acc: 1.0000 | Valid acc: 1.0000 | patience: 479 | Epoch time: 29.1 |

2023-01-27 18:55:27,152 - INFO -
| Epoch:    545 | Train loss: 0.0000 | Valid loss: 0.0016 | Train acc: 1.0000 | Valid acc: 1.0000 | patience: 480 | Epoch time: 29.1 |

2023-01-27 18:55:56,224 - INFO -
| Epoch:    546 | Train loss: 0.0000 | Valid loss: 0.0000 | Train acc: 1.0000 | Valid acc: 1.0000 | patience: 481 | Epoch time: 29.1 |

2023-01-27 18:56:25,326 - INFO -
| Epoch:    547 | Train loss: 0.0010 | Valid loss: 0.0000 | Train acc: 1.0000 | Valid acc: 1.0000 | patience: 482 | Epoch time: 29.1 |

2023-01-27 18:56:54,408 - INFO -
| Epoch:    548 | Train loss: 0.0000 | Valid loss: 0.0001 | Train acc: 0.9970 | Valid acc: 1.0000 | patience: 483 | Epoch time: 29.1 |

2023-01-27 18:57:23,491 - INFO -
| Epoch:    549 | Train loss: 0.0060 | Valid loss: 0.0000 | Train acc: 1.0000 | Valid acc: 1.0000 | patience: 484 | Epoch time: 29.1 |

2023-01-27 18:57:52,591 - INFO -
| Epoch:    550 | Train loss: 0.0001 | Valid loss: 0.0000 | Train acc: 1.0000 | Valid acc: 1.0000 | patience: 485 | Epoch time: 29.1 |

2023-01-27 18:58:21,690 - INFO -
| Epoch:    551 | Train loss: 0.0000 | Valid loss: 0.0000 | Train acc: 1.0000 | Valid acc: 1.0000 | patience: 486 | Epoch time: 29.1 |

2023-01-27 18:58:50,805 - INFO -
| Epoch:    552 | Train loss: 0.0004 | Valid loss: 0.0001 | Train acc: 0.9994 | Valid acc: 1.0000 | patience: 487 | Epoch time: 29.1 |

2023-01-27 18:59:19,941 - INFO -
| Epoch:    553 | Train loss: 0.0002 | Valid loss: 0.0004 | Train acc: 1.0000 | Valid acc: 0.9984 | patience: 488 | Epoch time: 29.1 |

2023-01-27 18:59:49,162 - INFO -
| Epoch:    554 | Train loss: 0.0000 | Valid loss: 0.0000 | Train acc: 1.0000 | Valid acc: 1.0000 | patience: 489 | Epoch time: 29.2 |

2023-01-27 19:00:18,328 - INFO -
| Epoch:    555 | Train loss: 0.0000 | Valid loss: 0.0000 | Train acc: 1.0000 | Valid acc: 1.0000 | patience: 490 | Epoch time: 29.2 |

2023-01-27 19:00:47,575 - INFO -
| Epoch:    556 | Train loss: 0.0001 | Valid loss: 0.0000 | Train acc: 0.9994 | Valid acc: 1.0000 | patience: 491 | Epoch time: 29.2 |

2023-01-27 19:01:16,814 - INFO -
| Epoch:    557 | Train loss: 0.0000 | Valid loss: 0.0001 | Train acc: 1.0000 | Valid acc: 1.0000 | patience: 492 | Epoch time: 29.2 |

2023-01-27 19:01:45,904 - INFO -
| Epoch:    558 | Train loss: 0.0000 | Valid loss: 0.0001 | Train acc: 0.9993 | Valid acc: 1.0000 | patience: 493 | Epoch time: 29.1 |

2023-01-27 19:02:14,998 - INFO -
| Epoch:    559 | Train loss: 0.0004 | Valid loss: 0.0012 | Train acc: 1.0000 | Valid acc: 0.9992 | patience: 494 | Epoch time: 29.1 |

2023-01-27 19:02:44,083 - INFO -
| Epoch:    560 | Train loss: 0.0009 | Valid loss: 0.0008 | Train acc: 1.0000 | Valid acc: 1.0000 | patience: 495 | Epoch time: 29.1 |

2023-01-27 19:03:13,177 - INFO -
| Epoch:    561 | Train loss: 0.0000 | Valid loss: 0.0005 | Train acc: 1.0000 | Valid acc: 1.0000 | patience: 496 | Epoch time: 29.1 |

2023-01-27 19:03:42,279 - INFO -
| Epoch:    562 | Train loss: 0.0056 | Valid loss: 0.0000 | Train acc: 0.9999 | Valid acc: 0.9983 | patience: 497 | Epoch time: 29.1 |

2023-01-27 19:04:11,408 - INFO -
| Epoch:    563 | Train loss: 0.0002 | Valid loss: 0.0009 | Train acc: 1.0000 | Valid acc: 1.0000 | patience: 498 | Epoch time: 29.1 |

2023-01-27 19:04:40,511 - INFO -
| Epoch:    564 | Train loss: 0.0000 | Valid loss: 0.0000 | Train acc: 0.9991 | Valid acc: 1.0000 | patience: 499 | Epoch time: 29.1 |

2023-01-27 19:05:09,598 - INFO -
| Epoch:    565 | Train loss: 0.0000 | Valid loss: 0.0003 | Train acc: 0.9994 | Valid acc: 1.0000 | patience: 500 | Epoch time: 29.1 |

2023-01-27 19:05:38,703 - INFO -
Early stop.

2023-01-27 19:05:38,721 - INFO -
Training if finished.

