2023-01-27 14:29:56,534 - INFO -
gmin                0.01
gmax                10.0
T                   0.1
m                   0.3
ACT_eta1            0.134
ACT_eta2            0.962
ACT_eta3            0.183
ACT_eta4            24.1
NEG_eta1            -0.104
NEG_eta2            0.899
NEG_eta3            -0.056
NEG_eta4            3.858
hidden              [3]
SEED                3
DEVICE              cuda
TIMELIMITATION      45
PATIENCE            500
EPOCH               10000000000
DATASET             0
LR                  0.1
PROGRESSIVE         False
LR_PATIENCE         100
LR_DECAY            0.5
LR_MIN              0.0001
MODE                aging
M_train             50
K_train             10
M_test              500
K_test              500
t_test_max          10
integration         MC
VARIATION           False
N_train             1
e_train             0.0
N_test              100
e_test              0.1
projectname         ICCAD_2022
temppath            ./ICCAD_2022/temp/
logfilepath         ./ICCAD_2022/log/
recording           False
recordpath          ./ICCAD_2022/record/
savepath            ./ICCAD_2022/models/
loglevel            info


2023-01-27 14:29:56,534 - INFO -
Training network on device: cuda.

2023-01-27 14:29:56,534 - INFO -
Training setup: acuteinflammation_3_aging_0.0_1_MC.

2023-01-27 14:29:56,534 - INFO -
Dataset "acuteinflammation" has 6 input features and 2 classes. There are 70 training examples, 23 valid examples, and 25 test examples in the dataset.

2023-01-27 14:29:56,534 - INFO -
Topology of the network: [6, 3, 2].

2023-01-27 14:30:27,798 - INFO -
| Epoch:      0 | Train loss: 0.7890 | Valid loss: 0.7007 | Train acc: 0.5045 | Valid acc: 0.5771 | patience:   0 | Epoch time: 30.8 |

2023-01-27 14:30:57,042 - INFO -
| Epoch:      1 | Train loss: 0.7889 | Valid loss: 0.7076 | Train acc: 0.5168 | Valid acc: 0.5909 | patience:   1 | Epoch time: 29.2 |

2023-01-27 14:31:26,310 - INFO -
| Epoch:      2 | Train loss: 0.7246 | Valid loss: 0.6226 | Train acc: 0.5853 | Valid acc: 0.6644 | patience:   0 | Epoch time: 29.3 |

2023-01-27 14:31:55,579 - INFO -
| Epoch:      3 | Train loss: 0.6060 | Valid loss: 0.5171 | Train acc: 0.6389 | Valid acc: 0.7302 | patience:   0 | Epoch time: 29.3 |

2023-01-27 14:32:24,877 - INFO -
| Epoch:      4 | Train loss: 0.4964 | Valid loss: 0.4130 | Train acc: 0.7347 | Valid acc: 0.7992 | patience:   0 | Epoch time: 29.3 |

2023-01-27 14:32:54,179 - INFO -
| Epoch:      5 | Train loss: 0.3730 | Valid loss: 0.3372 | Train acc: 0.8295 | Valid acc: 0.7936 | patience:   0 | Epoch time: 29.3 |

2023-01-27 14:33:23,481 - INFO -
| Epoch:      6 | Train loss: 0.3591 | Valid loss: 0.3267 | Train acc: 0.8239 | Valid acc: 0.8457 | patience:   0 | Epoch time: 29.3 |

2023-01-27 14:33:52,796 - INFO -
| Epoch:      7 | Train loss: 0.2342 | Valid loss: 0.2241 | Train acc: 0.8366 | Valid acc: 0.8819 | patience:   0 | Epoch time: 29.3 |

2023-01-27 14:34:22,140 - INFO -
| Epoch:      8 | Train loss: 0.2183 | Valid loss: 0.1784 | Train acc: 0.8959 | Valid acc: 0.9164 | patience:   0 | Epoch time: 29.3 |

2023-01-27 14:34:51,548 - INFO -
| Epoch:      9 | Train loss: 0.1763 | Valid loss: 0.0900 | Train acc: 0.9229 | Valid acc: 0.9632 | patience:   0 | Epoch time: 29.4 |

2023-01-27 14:35:20,875 - INFO -
| Epoch:     10 | Train loss: 0.0787 | Valid loss: 0.0832 | Train acc: 0.9552 | Valid acc: 0.9549 | patience:   0 | Epoch time: 29.3 |

2023-01-27 14:35:50,233 - INFO -
| Epoch:     11 | Train loss: 0.0821 | Valid loss: 0.0607 | Train acc: 0.9755 | Valid acc: 0.9697 | patience:   0 | Epoch time: 29.4 |

2023-01-27 14:36:19,582 - INFO -
| Epoch:     12 | Train loss: 0.0522 | Valid loss: 0.0168 | Train acc: 0.9758 | Valid acc: 0.9938 | patience:   0 | Epoch time: 29.3 |

2023-01-27 14:36:48,930 - INFO -
| Epoch:     13 | Train loss: 0.0635 | Valid loss: 0.0196 | Train acc: 0.9922 | Valid acc: 0.9881 | patience:   1 | Epoch time: 29.3 |

2023-01-27 14:37:18,263 - INFO -
| Epoch:     14 | Train loss: 0.0299 | Valid loss: 0.0225 | Train acc: 0.9883 | Valid acc: 0.9834 | patience:   2 | Epoch time: 29.3 |

2023-01-27 14:37:47,584 - INFO -
| Epoch:     15 | Train loss: 0.0181 | Valid loss: 0.0204 | Train acc: 0.9925 | Valid acc: 0.9917 | patience:   3 | Epoch time: 29.3 |

2023-01-27 14:38:16,909 - INFO -
| Epoch:     16 | Train loss: 0.0237 | Valid loss: 0.0100 | Train acc: 0.9927 | Valid acc: 0.9959 | patience:   0 | Epoch time: 29.3 |

2023-01-27 14:38:46,244 - INFO -
| Epoch:     17 | Train loss: 0.0157 | Valid loss: 0.0110 | Train acc: 0.9980 | Valid acc: 0.9990 | patience:   1 | Epoch time: 29.3 |

2023-01-27 14:39:15,585 - INFO -
| Epoch:     18 | Train loss: 0.0106 | Valid loss: 0.0052 | Train acc: 0.9977 | Valid acc: 0.9926 | patience:   0 | Epoch time: 29.3 |

2023-01-27 14:39:44,915 - INFO -
| Epoch:     19 | Train loss: 0.0034 | Valid loss: 0.0080 | Train acc: 0.9980 | Valid acc: 0.9988 | patience:   1 | Epoch time: 29.3 |

2023-01-27 14:40:14,240 - INFO -
| Epoch:     20 | Train loss: 0.0093 | Valid loss: 0.0062 | Train acc: 0.9972 | Valid acc: 0.9967 | patience:   2 | Epoch time: 29.3 |

2023-01-27 14:40:43,595 - INFO -
| Epoch:     21 | Train loss: 0.0062 | Valid loss: 0.0024 | Train acc: 0.9982 | Valid acc: 0.9976 | patience:   0 | Epoch time: 29.4 |

2023-01-27 14:41:12,951 - INFO -
| Epoch:     22 | Train loss: 0.0028 | Valid loss: 0.0135 | Train acc: 0.9986 | Valid acc: 0.9996 | patience:   1 | Epoch time: 29.4 |

2023-01-27 14:41:42,340 - INFO -
| Epoch:     23 | Train loss: 0.0039 | Valid loss: 0.0068 | Train acc: 0.9988 | Valid acc: 0.9997 | patience:   2 | Epoch time: 29.4 |

2023-01-27 14:42:11,699 - INFO -
| Epoch:     24 | Train loss: 0.0018 | Valid loss: 0.0031 | Train acc: 0.9986 | Valid acc: 0.9983 | patience:   3 | Epoch time: 29.4 |

2023-01-27 14:42:41,049 - INFO -
| Epoch:     25 | Train loss: 0.0029 | Valid loss: 0.0005 | Train acc: 0.9995 | Valid acc: 0.9990 | patience:   0 | Epoch time: 29.4 |

2023-01-27 14:43:10,418 - INFO -
| Epoch:     26 | Train loss: 0.0028 | Valid loss: 0.0090 | Train acc: 0.9981 | Valid acc: 0.9998 | patience:   1 | Epoch time: 29.4 |

2023-01-27 14:43:39,791 - INFO -
| Epoch:     27 | Train loss: 0.0021 | Valid loss: 0.0050 | Train acc: 0.9976 | Valid acc: 0.9997 | patience:   2 | Epoch time: 29.4 |

2023-01-27 14:44:09,171 - INFO -
| Epoch:     28 | Train loss: 0.0043 | Valid loss: 0.0042 | Train acc: 1.0000 | Valid acc: 0.9991 | patience:   3 | Epoch time: 29.4 |

2023-01-27 14:44:38,554 - INFO -
| Epoch:     29 | Train loss: 0.0048 | Valid loss: 0.0043 | Train acc: 0.9967 | Valid acc: 0.9995 | patience:   4 | Epoch time: 29.4 |

2023-01-27 14:45:08,138 - INFO -
| Epoch:     30 | Train loss: 0.0001 | Valid loss: 0.0018 | Train acc: 0.9985 | Valid acc: 0.9997 | patience:   5 | Epoch time: 29.6 |

2023-01-27 14:45:37,479 - INFO -
| Epoch:     31 | Train loss: 0.0071 | Valid loss: 0.0012 | Train acc: 1.0000 | Valid acc: 0.9984 | patience:   6 | Epoch time: 29.3 |

2023-01-27 14:46:06,838 - INFO -
| Epoch:     32 | Train loss: 0.0063 | Valid loss: 0.0000 | Train acc: 0.9985 | Valid acc: 0.9993 | patience:   0 | Epoch time: 29.4 |

2023-01-27 14:46:36,182 - INFO -
| Epoch:     33 | Train loss: 0.0008 | Valid loss: 0.0002 | Train acc: 0.9979 | Valid acc: 1.0000 | patience:   1 | Epoch time: 29.3 |

2023-01-27 14:47:05,519 - INFO -
| Epoch:     34 | Train loss: 0.0003 | Valid loss: 0.0091 | Train acc: 1.0000 | Valid acc: 1.0000 | patience:   2 | Epoch time: 29.3 |

2023-01-27 14:47:34,858 - INFO -
| Epoch:     35 | Train loss: 0.0008 | Valid loss: 0.0026 | Train acc: 0.9997 | Valid acc: 0.9974 | patience:   3 | Epoch time: 29.3 |

2023-01-27 14:48:04,207 - INFO -
| Epoch:     36 | Train loss: 0.0002 | Valid loss: 0.0005 | Train acc: 1.0000 | Valid acc: 0.9979 | patience:   4 | Epoch time: 29.3 |

2023-01-27 14:48:33,542 - INFO -
| Epoch:     37 | Train loss: 0.0001 | Valid loss: 0.0004 | Train acc: 1.0000 | Valid acc: 1.0000 | patience:   5 | Epoch time: 29.3 |

2023-01-27 14:49:02,913 - INFO -
| Epoch:     38 | Train loss: 0.0007 | Valid loss: 0.0021 | Train acc: 0.9994 | Valid acc: 1.0000 | patience:   6 | Epoch time: 29.4 |

2023-01-27 14:49:32,262 - INFO -
| Epoch:     39 | Train loss: 0.0003 | Valid loss: 0.0002 | Train acc: 1.0000 | Valid acc: 0.9964 | patience:   7 | Epoch time: 29.3 |

2023-01-27 14:50:01,604 - INFO -
| Epoch:     40 | Train loss: 0.0006 | Valid loss: 0.0005 | Train acc: 0.9981 | Valid acc: 0.9963 | patience:   8 | Epoch time: 29.3 |

2023-01-27 14:50:30,993 - INFO -
| Epoch:     41 | Train loss: 0.0007 | Valid loss: 0.0000 | Train acc: 0.9996 | Valid acc: 0.9997 | patience:   0 | Epoch time: 29.4 |

2023-01-27 14:51:00,348 - INFO -
| Epoch:     42 | Train loss: 0.0000 | Valid loss: 0.0019 | Train acc: 1.0000 | Valid acc: 0.9990 | patience:   1 | Epoch time: 29.4 |

2023-01-27 14:51:29,680 - INFO -
| Epoch:     43 | Train loss: 0.0021 | Valid loss: 0.0000 | Train acc: 0.9996 | Valid acc: 0.9999 | patience:   2 | Epoch time: 29.3 |

2023-01-27 14:51:59,057 - INFO -
| Epoch:     44 | Train loss: 0.0076 | Valid loss: 0.0044 | Train acc: 1.0000 | Valid acc: 1.0000 | patience:   3 | Epoch time: 29.4 |

2023-01-27 14:52:28,411 - INFO -
| Epoch:     45 | Train loss: 0.0000 | Valid loss: 0.0000 | Train acc: 1.0000 | Valid acc: 1.0000 | patience:   4 | Epoch time: 29.4 |

2023-01-27 14:52:57,754 - INFO -
| Epoch:     46 | Train loss: 0.0000 | Valid loss: 0.0004 | Train acc: 1.0000 | Valid acc: 1.0000 | patience:   5 | Epoch time: 29.3 |

2023-01-27 14:53:27,108 - INFO -
| Epoch:     47 | Train loss: 0.0000 | Valid loss: 0.0003 | Train acc: 1.0000 | Valid acc: 1.0000 | patience:   6 | Epoch time: 29.4 |

2023-01-27 14:53:56,456 - INFO -
| Epoch:     48 | Train loss: 0.0002 | Valid loss: 0.0000 | Train acc: 1.0000 | Valid acc: 1.0000 | patience:   7 | Epoch time: 29.3 |

2023-01-27 14:54:25,850 - INFO -
| Epoch:     49 | Train loss: 0.0004 | Valid loss: 0.0003 | Train acc: 0.9995 | Valid acc: 0.9999 | patience:   8 | Epoch time: 29.4 |

2023-01-27 14:54:55,210 - INFO -
| Epoch:     50 | Train loss: 0.0033 | Valid loss: 0.0000 | Train acc: 1.0000 | Valid acc: 1.0000 | patience:   9 | Epoch time: 29.4 |

2023-01-27 14:55:24,796 - INFO -
| Epoch:     51 | Train loss: 0.0000 | Valid loss: 0.0010 | Train acc: 1.0000 | Valid acc: 1.0000 | patience:  10 | Epoch time: 29.6 |

2023-01-27 14:55:54,159 - INFO -
| Epoch:     52 | Train loss: 0.0016 | Valid loss: 0.0020 | Train acc: 1.0000 | Valid acc: 1.0000 | patience:  11 | Epoch time: 29.4 |

2023-01-27 14:56:23,518 - INFO -
| Epoch:     53 | Train loss: 0.0006 | Valid loss: 0.0010 | Train acc: 0.9999 | Valid acc: 1.0000 | patience:  12 | Epoch time: 29.4 |

2023-01-27 14:56:52,887 - INFO -
| Epoch:     54 | Train loss: 0.0000 | Valid loss: 0.0002 | Train acc: 0.9997 | Valid acc: 0.9967 | patience:  13 | Epoch time: 29.4 |

2023-01-27 14:57:22,258 - INFO -
| Epoch:     55 | Train loss: 0.0002 | Valid loss: 0.0004 | Train acc: 0.9991 | Valid acc: 0.9994 | patience:  14 | Epoch time: 29.4 |

2023-01-27 14:57:51,621 - INFO -
| Epoch:     56 | Train loss: 0.0001 | Valid loss: 0.0072 | Train acc: 1.0000 | Valid acc: 0.9991 | patience:  15 | Epoch time: 29.4 |

2023-01-27 14:58:20,950 - INFO -
| Epoch:     57 | Train loss: 0.0003 | Valid loss: 0.0000 | Train acc: 1.0000 | Valid acc: 0.9980 | patience:  16 | Epoch time: 29.3 |

2023-01-27 14:58:50,317 - INFO -
| Epoch:     58 | Train loss: 0.0002 | Valid loss: 0.0016 | Train acc: 0.9987 | Valid acc: 1.0000 | patience:  17 | Epoch time: 29.4 |

2023-01-27 14:59:19,678 - INFO -
| Epoch:     59 | Train loss: 0.0003 | Valid loss: 0.0000 | Train acc: 1.0000 | Valid acc: 1.0000 | patience:  18 | Epoch time: 29.4 |

2023-01-27 14:59:49,043 - INFO -
| Epoch:     60 | Train loss: 0.0000 | Valid loss: 0.0017 | Train acc: 0.9997 | Valid acc: 0.9999 | patience:  19 | Epoch time: 29.4 |

2023-01-27 15:00:18,417 - INFO -
| Epoch:     61 | Train loss: 0.0004 | Valid loss: 0.0000 | Train acc: 1.0000 | Valid acc: 1.0000 | patience:  20 | Epoch time: 29.4 |

2023-01-27 15:00:47,789 - INFO -
| Epoch:     62 | Train loss: 0.0041 | Valid loss: 0.0023 | Train acc: 0.9984 | Valid acc: 1.0000 | patience:  21 | Epoch time: 29.4 |

2023-01-27 15:01:17,135 - INFO -
| Epoch:     63 | Train loss: 0.0003 | Valid loss: 0.0000 | Train acc: 1.0000 | Valid acc: 1.0000 | patience:  22 | Epoch time: 29.3 |

2023-01-27 15:01:46,479 - INFO -
| Epoch:     64 | Train loss: 0.0000 | Valid loss: 0.0000 | Train acc: 1.0000 | Valid acc: 0.9998 | patience:  23 | Epoch time: 29.3 |

2023-01-27 15:02:15,822 - INFO -
| Epoch:     65 | Train loss: 0.0012 | Valid loss: 0.0000 | Train acc: 1.0000 | Valid acc: 1.0000 | patience:  24 | Epoch time: 29.3 |

2023-01-27 15:02:45,163 - INFO -
| Epoch:     66 | Train loss: 0.0001 | Valid loss: 0.0004 | Train acc: 1.0000 | Valid acc: 0.9984 | patience:  25 | Epoch time: 29.3 |

2023-01-27 15:03:14,533 - INFO -
| Epoch:     67 | Train loss: 0.0007 | Valid loss: 0.0012 | Train acc: 1.0000 | Valid acc: 1.0000 | patience:  26 | Epoch time: 29.4 |

2023-01-27 15:03:43,882 - INFO -
| Epoch:     68 | Train loss: 0.0000 | Valid loss: 0.0000 | Train acc: 0.9993 | Valid acc: 1.0000 | patience:  27 | Epoch time: 29.3 |

2023-01-27 15:04:13,246 - INFO -
| Epoch:     69 | Train loss: 0.0002 | Valid loss: 0.0014 | Train acc: 0.9997 | Valid acc: 1.0000 | patience:  28 | Epoch time: 29.4 |

2023-01-27 15:04:42,609 - INFO -
| Epoch:     70 | Train loss: 0.0005 | Valid loss: 0.0032 | Train acc: 0.9974 | Valid acc: 0.9979 | patience:  29 | Epoch time: 29.4 |

2023-01-27 15:05:11,968 - INFO -
| Epoch:     71 | Train loss: 0.0002 | Valid loss: 0.0009 | Train acc: 1.0000 | Valid acc: 1.0000 | patience:  30 | Epoch time: 29.4 |

2023-01-27 15:05:41,368 - INFO -
| Epoch:     72 | Train loss: 0.0009 | Valid loss: 0.0004 | Train acc: 1.0000 | Valid acc: 1.0000 | patience:  31 | Epoch time: 29.4 |

2023-01-27 15:06:10,723 - INFO -
| Epoch:     73 | Train loss: 0.0001 | Valid loss: 0.0005 | Train acc: 1.0000 | Valid acc: 1.0000 | patience:  32 | Epoch time: 29.4 |

2023-01-27 15:06:40,067 - INFO -
| Epoch:     74 | Train loss: 0.0000 | Valid loss: 0.0003 | Train acc: 1.0000 | Valid acc: 1.0000 | patience:  33 | Epoch time: 29.3 |

2023-01-27 15:07:09,455 - INFO -
| Epoch:     75 | Train loss: 0.0063 | Valid loss: 0.0019 | Train acc: 1.0000 | Valid acc: 1.0000 | patience:  34 | Epoch time: 29.4 |

2023-01-27 15:07:38,824 - INFO -
| Epoch:     76 | Train loss: 0.0002 | Valid loss: 0.0000 | Train acc: 0.9977 | Valid acc: 1.0000 | patience:  35 | Epoch time: 29.4 |

2023-01-27 15:08:08,178 - INFO -
| Epoch:     77 | Train loss: 0.0002 | Valid loss: 0.0000 | Train acc: 1.0000 | Valid acc: 1.0000 | patience:  36 | Epoch time: 29.4 |

2023-01-27 15:08:37,540 - INFO -
| Epoch:     78 | Train loss: 0.0000 | Valid loss: 0.0017 | Train acc: 1.0000 | Valid acc: 1.0000 | patience:  37 | Epoch time: 29.4 |

2023-01-27 15:09:06,884 - INFO -
| Epoch:     79 | Train loss: 0.0057 | Valid loss: 0.0000 | Train acc: 1.0000 | Valid acc: 1.0000 | patience:  38 | Epoch time: 29.3 |

2023-01-27 15:09:36,232 - INFO -
| Epoch:     80 | Train loss: 0.0000 | Valid loss: 0.0000 | Train acc: 0.9972 | Valid acc: 1.0000 | patience:  39 | Epoch time: 29.3 |

2023-01-27 15:10:05,583 - INFO -
| Epoch:     81 | Train loss: 0.0000 | Valid loss: 0.0001 | Train acc: 1.0000 | Valid acc: 1.0000 | patience:  40 | Epoch time: 29.4 |

2023-01-27 15:10:34,938 - INFO -
| Epoch:     82 | Train loss: 0.0000 | Valid loss: 0.0000 | Train acc: 1.0000 | Valid acc: 0.9990 | patience:  41 | Epoch time: 29.4 |

2023-01-27 15:11:04,316 - INFO -
| Epoch:     83 | Train loss: 0.0000 | Valid loss: 0.0000 | Train acc: 1.0000 | Valid acc: 1.0000 | patience:  42 | Epoch time: 29.4 |

2023-01-27 15:11:33,693 - INFO -
| Epoch:     84 | Train loss: 0.0000 | Valid loss: 0.0021 | Train acc: 1.0000 | Valid acc: 1.0000 | patience:  43 | Epoch time: 29.4 |

2023-01-27 15:12:03,052 - INFO -
| Epoch:     85 | Train loss: 0.0000 | Valid loss: 0.0001 | Train acc: 1.0000 | Valid acc: 1.0000 | patience:  44 | Epoch time: 29.4 |

2023-01-27 15:12:32,530 - INFO -
| Epoch:     86 | Train loss: 0.0001 | Valid loss: 0.0000 | Train acc: 1.0000 | Valid acc: 0.9997 | patience:  45 | Epoch time: 29.5 |

2023-01-27 15:13:01,813 - INFO -
| Epoch:     87 | Train loss: 0.0003 | Valid loss: 0.0001 | Train acc: 1.0000 | Valid acc: 1.0000 | patience:  46 | Epoch time: 29.3 |

2023-01-27 15:13:31,293 - INFO -
| Epoch:     88 | Train loss: 0.0004 | Valid loss: 0.0009 | Train acc: 1.0000 | Valid acc: 1.0000 | patience:  47 | Epoch time: 29.5 |

2023-01-27 15:14:00,529 - INFO -
| Epoch:     89 | Train loss: 0.0003 | Valid loss: 0.0010 | Train acc: 1.0000 | Valid acc: 0.9972 | patience:  48 | Epoch time: 29.2 |

2023-01-27 15:14:29,797 - INFO -
| Epoch:     90 | Train loss: 0.0000 | Valid loss: 0.0043 | Train acc: 1.0000 | Valid acc: 1.0000 | patience:  49 | Epoch time: 29.3 |

2023-01-27 15:14:59,027 - INFO -
| Epoch:     91 | Train loss: 0.0000 | Valid loss: 0.0003 | Train acc: 1.0000 | Valid acc: 1.0000 | patience:  50 | Epoch time: 29.2 |

2023-01-27 15:15:28,274 - INFO -
| Epoch:     92 | Train loss: 0.0011 | Valid loss: 0.0003 | Train acc: 1.0000 | Valid acc: 1.0000 | patience:  51 | Epoch time: 29.2 |

2023-01-27 15:15:57,546 - INFO -
| Epoch:     93 | Train loss: 0.0036 | Valid loss: 0.0000 | Train acc: 1.0000 | Valid acc: 0.9998 | patience:  52 | Epoch time: 29.3 |

2023-01-27 15:16:26,794 - INFO -
| Epoch:     94 | Train loss: 0.0000 | Valid loss: 0.0000 | Train acc: 1.0000 | Valid acc: 1.0000 | patience:  53 | Epoch time: 29.2 |

2023-01-27 15:16:56,049 - INFO -
| Epoch:     95 | Train loss: 0.0001 | Valid loss: 0.0000 | Train acc: 1.0000 | Valid acc: 1.0000 | patience:  54 | Epoch time: 29.3 |

2023-01-27 15:17:25,360 - INFO -
| Epoch:     96 | Train loss: 0.0002 | Valid loss: 0.0003 | Train acc: 1.0000 | Valid acc: 1.0000 | patience:  55 | Epoch time: 29.3 |

2023-01-27 15:17:54,626 - INFO -
| Epoch:     97 | Train loss: 0.0000 | Valid loss: 0.0001 | Train acc: 0.9997 | Valid acc: 1.0000 | patience:  56 | Epoch time: 29.3 |

2023-01-27 15:18:23,884 - INFO -
| Epoch:     98 | Train loss: 0.0000 | Valid loss: 0.0000 | Train acc: 1.0000 | Valid acc: 1.0000 | patience:  57 | Epoch time: 29.3 |

2023-01-27 15:18:53,130 - INFO -
| Epoch:     99 | Train loss: 0.0015 | Valid loss: 0.0000 | Train acc: 0.9994 | Valid acc: 1.0000 | patience:  58 | Epoch time: 29.2 |

2023-01-27 15:19:22,377 - INFO -
| Epoch:    100 | Train loss: 0.0000 | Valid loss: 0.0000 | Train acc: 1.0000 | Valid acc: 1.0000 | patience:  59 | Epoch time: 29.2 |

2023-01-27 15:19:51,622 - INFO -
| Epoch:    101 | Train loss: 0.0000 | Valid loss: 0.0003 | Train acc: 1.0000 | Valid acc: 1.0000 | patience:  60 | Epoch time: 29.2 |

2023-01-27 15:20:20,851 - INFO -
| Epoch:    102 | Train loss: 0.0001 | Valid loss: 0.0004 | Train acc: 1.0000 | Valid acc: 1.0000 | patience:  61 | Epoch time: 29.2 |

2023-01-27 15:20:50,093 - INFO -
| Epoch:    103 | Train loss: 0.0015 | Valid loss: 0.0002 | Train acc: 0.9991 | Valid acc: 1.0000 | patience:  62 | Epoch time: 29.2 |

2023-01-27 15:21:19,314 - INFO -
| Epoch:    104 | Train loss: 0.0000 | Valid loss: 0.0000 | Train acc: 1.0000 | Valid acc: 1.0000 | patience:  63 | Epoch time: 29.2 |

2023-01-27 15:21:48,526 - INFO -
| Epoch:    105 | Train loss: 0.0000 | Valid loss: 0.0024 | Train acc: 1.0000 | Valid acc: 1.0000 | patience:  64 | Epoch time: 29.2 |

2023-01-27 15:22:17,748 - INFO -
| Epoch:    106 | Train loss: 0.0015 | Valid loss: 0.0002 | Train acc: 1.0000 | Valid acc: 1.0000 | patience:  65 | Epoch time: 29.2 |

2023-01-27 15:22:47,018 - INFO -
| Epoch:    107 | Train loss: 0.0000 | Valid loss: 0.0001 | Train acc: 1.0000 | Valid acc: 1.0000 | patience:  66 | Epoch time: 29.3 |

2023-01-27 15:23:16,300 - INFO -
| Epoch:    108 | Train loss: 0.0068 | Valid loss: 0.0001 | Train acc: 0.9989 | Valid acc: 1.0000 | patience:  67 | Epoch time: 29.3 |

2023-01-27 15:23:45,818 - INFO -
| Epoch:    109 | Train loss: 0.0000 | Valid loss: 0.0001 | Train acc: 0.9987 | Valid acc: 1.0000 | patience:  68 | Epoch time: 29.5 |

2023-01-27 15:24:15,050 - INFO -
| Epoch:    110 | Train loss: 0.0000 | Valid loss: 0.0000 | Train acc: 1.0000 | Valid acc: 1.0000 | patience:  69 | Epoch time: 29.2 |

2023-01-27 15:24:44,287 - INFO -
| Epoch:    111 | Train loss: 0.0003 | Valid loss: 0.0000 | Train acc: 1.0000 | Valid acc: 1.0000 | patience:  70 | Epoch time: 29.2 |

2023-01-27 15:25:13,526 - INFO -
| Epoch:    112 | Train loss: 0.0007 | Valid loss: 0.0030 | Train acc: 1.0000 | Valid acc: 1.0000 | patience:  71 | Epoch time: 29.2 |

2023-01-27 15:25:42,762 - INFO -
| Epoch:    113 | Train loss: 0.0008 | Valid loss: 0.0002 | Train acc: 1.0000 | Valid acc: 1.0000 | patience:  72 | Epoch time: 29.2 |

2023-01-27 15:26:12,025 - INFO -
| Epoch:    114 | Train loss: 0.0002 | Valid loss: 0.0000 | Train acc: 1.0000 | Valid acc: 1.0000 | patience:  73 | Epoch time: 29.3 |

2023-01-27 15:26:41,298 - INFO -
| Epoch:    115 | Train loss: 0.0008 | Valid loss: 0.0000 | Train acc: 1.0000 | Valid acc: 0.9992 | patience:  74 | Epoch time: 29.3 |

2023-01-27 15:27:10,544 - INFO -
| Epoch:    116 | Train loss: 0.0001 | Valid loss: 0.0004 | Train acc: 1.0000 | Valid acc: 1.0000 | patience:  75 | Epoch time: 29.2 |

2023-01-27 15:27:39,788 - INFO -
| Epoch:    117 | Train loss: 0.0008 | Valid loss: 0.0000 | Train acc: 1.0000 | Valid acc: 1.0000 | patience:  76 | Epoch time: 29.2 |

2023-01-27 15:28:09,059 - INFO -
| Epoch:    118 | Train loss: 0.0000 | Valid loss: 0.0000 | Train acc: 1.0000 | Valid acc: 1.0000 | patience:  77 | Epoch time: 29.3 |

2023-01-27 15:28:38,298 - INFO -
| Epoch:    119 | Train loss: 0.0000 | Valid loss: 0.0009 | Train acc: 1.0000 | Valid acc: 0.9992 | patience:  78 | Epoch time: 29.2 |

2023-01-27 15:29:07,530 - INFO -
| Epoch:    120 | Train loss: 0.0000 | Valid loss: 0.0001 | Train acc: 1.0000 | Valid acc: 1.0000 | patience:  79 | Epoch time: 29.2 |

2023-01-27 15:29:36,822 - INFO -
| Epoch:    121 | Train loss: 0.0003 | Valid loss: 0.0000 | Train acc: 1.0000 | Valid acc: 1.0000 | patience:  80 | Epoch time: 29.3 |

2023-01-27 15:30:06,061 - INFO -
| Epoch:    122 | Train loss: 0.0000 | Valid loss: 0.0000 | Train acc: 1.0000 | Valid acc: 1.0000 | patience:  81 | Epoch time: 29.2 |

2023-01-27 15:30:35,286 - INFO -
| Epoch:    123 | Train loss: 0.0000 | Valid loss: 0.0000 | Train acc: 1.0000 | Valid acc: 1.0000 | patience:  82 | Epoch time: 29.2 |

2023-01-27 15:31:04,533 - INFO -
| Epoch:    124 | Train loss: 0.0000 | Valid loss: 0.0000 | Train acc: 1.0000 | Valid acc: 0.9999 | patience:  83 | Epoch time: 29.2 |

2023-01-27 15:31:33,784 - INFO -
| Epoch:    125 | Train loss: 0.0004 | Valid loss: 0.0001 | Train acc: 1.0000 | Valid acc: 1.0000 | patience:  84 | Epoch time: 29.3 |

2023-01-27 15:32:03,021 - INFO -
| Epoch:    126 | Train loss: 0.0000 | Valid loss: 0.0030 | Train acc: 1.0000 | Valid acc: 1.0000 | patience:  85 | Epoch time: 29.2 |

2023-01-27 15:32:32,276 - INFO -
| Epoch:    127 | Train loss: 0.0000 | Valid loss: 0.0002 | Train acc: 1.0000 | Valid acc: 0.9984 | patience:  86 | Epoch time: 29.3 |

2023-01-27 15:33:01,540 - INFO -
| Epoch:    128 | Train loss: 0.0029 | Valid loss: 0.0004 | Train acc: 1.0000 | Valid acc: 1.0000 | patience:  87 | Epoch time: 29.3 |

2023-01-27 15:33:30,774 - INFO -
| Epoch:    129 | Train loss: 0.0000 | Valid loss: 0.0004 | Train acc: 1.0000 | Valid acc: 1.0000 | patience:  88 | Epoch time: 29.2 |

2023-01-27 15:33:59,978 - INFO -
| Epoch:    130 | Train loss: 0.0000 | Valid loss: 0.0000 | Train acc: 1.0000 | Valid acc: 1.0000 | patience:  89 | Epoch time: 29.2 |

2023-01-27 15:34:29,146 - INFO -
| Epoch:    131 | Train loss: 0.0003 | Valid loss: 0.0000 | Train acc: 1.0000 | Valid acc: 1.0000 | patience:  90 | Epoch time: 29.2 |

2023-01-27 15:34:58,438 - INFO -
| Epoch:    132 | Train loss: 0.0000 | Valid loss: 0.0000 | Train acc: 1.0000 | Valid acc: 1.0000 | patience:  91 | Epoch time: 29.3 |

2023-01-27 15:35:27,583 - INFO -
| Epoch:    133 | Train loss: 0.0000 | Valid loss: 0.0000 | Train acc: 1.0000 | Valid acc: 1.0000 | patience:  92 | Epoch time: 29.1 |

2023-01-27 15:35:56,736 - INFO -
| Epoch:    134 | Train loss: 0.0002 | Valid loss: 0.0003 | Train acc: 1.0000 | Valid acc: 1.0000 | patience:  93 | Epoch time: 29.2 |

2023-01-27 15:36:25,899 - INFO -
| Epoch:    135 | Train loss: 0.0015 | Valid loss: 0.0000 | Train acc: 1.0000 | Valid acc: 0.9992 | patience:  94 | Epoch time: 29.2 |

2023-01-27 15:36:55,047 - INFO -
| Epoch:    136 | Train loss: 0.0002 | Valid loss: 0.0000 | Train acc: 1.0000 | Valid acc: 1.0000 | patience:  95 | Epoch time: 29.1 |

2023-01-27 15:37:24,219 - INFO -
| Epoch:    137 | Train loss: 0.0000 | Valid loss: 0.0001 | Train acc: 1.0000 | Valid acc: 1.0000 | patience:  96 | Epoch time: 29.2 |

2023-01-27 15:37:53,362 - INFO -
| Epoch:    138 | Train loss: 0.0002 | Valid loss: 0.0009 | Train acc: 1.0000 | Valid acc: 1.0000 | patience:  97 | Epoch time: 29.1 |

2023-01-27 15:38:22,539 - INFO -
| Epoch:    139 | Train loss: 0.0008 | Valid loss: 0.0002 | Train acc: 1.0000 | Valid acc: 1.0000 | patience:  98 | Epoch time: 29.2 |

2023-01-27 15:38:51,753 - INFO -
| Epoch:    140 | Train loss: 0.0000 | Valid loss: 0.0003 | Train acc: 1.0000 | Valid acc: 1.0000 | patience:  99 | Epoch time: 29.2 |

2023-01-27 15:39:20,929 - INFO -
| Epoch:    141 | Train loss: 0.0002 | Valid loss: 0.0006 | Train acc: 1.0000 | Valid acc: 1.0000 | patience: 100 | Epoch time: 29.2 |

2023-01-27 15:39:50,089 - INFO -
| Epoch:    142 | Train loss: 0.0031 | Valid loss: 0.0001 | Train acc: 1.0000 | Valid acc: 1.0000 | patience: 101 | Epoch time: 29.2 |

2023-01-27 15:40:19,274 - INFO -
| Epoch:    143 | Train loss: 0.0018 | Valid loss: 0.0003 | Train acc: 1.0000 | Valid acc: 1.0000 | patience: 102 | Epoch time: 29.2 |

2023-01-27 15:40:48,497 - INFO -
| Epoch:    144 | Train loss: 0.0001 | Valid loss: 0.0001 | Train acc: 1.0000 | Valid acc: 1.0000 | patience: 103 | Epoch time: 29.2 |

2023-01-27 15:41:17,665 - INFO -
| Epoch:    145 | Train loss: 0.0000 | Valid loss: 0.0000 | Train acc: 1.0000 | Valid acc: 1.0000 | patience: 104 | Epoch time: 29.2 |

2023-01-27 15:41:46,825 - INFO -
| Epoch:    146 | Train loss: 0.0000 | Valid loss: 0.0000 | Train acc: 0.9997 | Valid acc: 0.9992 | patience: 105 | Epoch time: 29.2 |

2023-01-27 15:42:16,000 - INFO -
| Epoch:    147 | Train loss: 0.0001 | Valid loss: 0.0000 | Train acc: 1.0000 | Valid acc: 1.0000 | patience: 106 | Epoch time: 29.2 |

2023-01-27 15:42:45,421 - INFO -
| Epoch:    148 | Train loss: 0.0013 | Valid loss: 0.0000 | Train acc: 1.0000 | Valid acc: 1.0000 | patience: 107 | Epoch time: 29.4 |

2023-01-27 15:43:14,575 - INFO -
| Epoch:    149 | Train loss: 0.0000 | Valid loss: 0.0000 | Train acc: 1.0000 | Valid acc: 1.0000 | patience: 108 | Epoch time: 29.2 |

2023-01-27 15:43:43,736 - INFO -
| Epoch:    150 | Train loss: 0.0000 | Valid loss: 0.0002 | Train acc: 1.0000 | Valid acc: 1.0000 | patience: 109 | Epoch time: 29.2 |

2023-01-27 15:44:12,903 - INFO -
| Epoch:    151 | Train loss: 0.0008 | Valid loss: 0.0000 | Train acc: 1.0000 | Valid acc: 1.0000 | patience: 110 | Epoch time: 29.2 |

2023-01-27 15:44:42,078 - INFO -
| Epoch:    152 | Train loss: 0.0000 | Valid loss: 0.0000 | Train acc: 1.0000 | Valid acc: 1.0000 | patience: 111 | Epoch time: 29.2 |

2023-01-27 15:45:11,228 - INFO -
| Epoch:    153 | Train loss: 0.0010 | Valid loss: 0.0010 | Train acc: 1.0000 | Valid acc: 1.0000 | patience: 112 | Epoch time: 29.1 |

2023-01-27 15:45:40,373 - INFO -
| Epoch:    154 | Train loss: 0.0000 | Valid loss: 0.0000 | Train acc: 1.0000 | Valid acc: 1.0000 | patience: 113 | Epoch time: 29.1 |

2023-01-27 15:46:09,524 - INFO -
| Epoch:    155 | Train loss: 0.0036 | Valid loss: 0.0000 | Train acc: 1.0000 | Valid acc: 1.0000 | patience: 114 | Epoch time: 29.2 |

2023-01-27 15:46:38,704 - INFO -
| Epoch:    156 | Train loss: 0.0002 | Valid loss: 0.0000 | Train acc: 1.0000 | Valid acc: 1.0000 | patience: 115 | Epoch time: 29.2 |

2023-01-27 15:47:07,854 - INFO -
| Epoch:    157 | Train loss: 0.0000 | Valid loss: 0.0000 | Train acc: 1.0000 | Valid acc: 1.0000 | patience: 116 | Epoch time: 29.2 |

2023-01-27 15:47:37,012 - INFO -
| Epoch:    158 | Train loss: 0.0000 | Valid loss: 0.0006 | Train acc: 1.0000 | Valid acc: 1.0000 | patience: 117 | Epoch time: 29.2 |

2023-01-27 15:48:06,170 - INFO -
| Epoch:    159 | Train loss: 0.0013 | Valid loss: 0.0000 | Train acc: 1.0000 | Valid acc: 1.0000 | patience: 118 | Epoch time: 29.2 |

2023-01-27 15:48:35,346 - INFO -
| Epoch:    160 | Train loss: 0.0000 | Valid loss: 0.0000 | Train acc: 1.0000 | Valid acc: 1.0000 | patience: 119 | Epoch time: 29.2 |

2023-01-27 15:49:04,486 - INFO -
| Epoch:    161 | Train loss: 0.0000 | Valid loss: 0.0011 | Train acc: 1.0000 | Valid acc: 1.0000 | patience: 120 | Epoch time: 29.1 |

2023-01-27 15:49:33,626 - INFO -
| Epoch:    162 | Train loss: 0.0000 | Valid loss: 0.0002 | Train acc: 1.0000 | Valid acc: 1.0000 | patience: 121 | Epoch time: 29.1 |

2023-01-27 15:50:02,802 - INFO -
| Epoch:    163 | Train loss: 0.0000 | Valid loss: 0.0008 | Train acc: 1.0000 | Valid acc: 1.0000 | patience: 122 | Epoch time: 29.2 |

2023-01-27 15:50:31,967 - INFO -
| Epoch:    164 | Train loss: 0.0000 | Valid loss: 0.0001 | Train acc: 1.0000 | Valid acc: 1.0000 | patience: 123 | Epoch time: 29.2 |

2023-01-27 15:51:01,108 - INFO -
| Epoch:    165 | Train loss: 0.0001 | Valid loss: 0.0000 | Train acc: 1.0000 | Valid acc: 1.0000 | patience: 124 | Epoch time: 29.1 |

2023-01-27 15:51:30,283 - INFO -
| Epoch:    166 | Train loss: 0.0000 | Valid loss: 0.0000 | Train acc: 1.0000 | Valid acc: 1.0000 | patience: 125 | Epoch time: 29.2 |

2023-01-27 15:51:59,457 - INFO -
| Epoch:    167 | Train loss: 0.0000 | Valid loss: 0.0000 | Train acc: 1.0000 | Valid acc: 0.9999 | patience: 126 | Epoch time: 29.2 |

2023-01-27 15:52:28,635 - INFO -
| Epoch:    168 | Train loss: 0.0000 | Valid loss: 0.0001 | Train acc: 1.0000 | Valid acc: 1.0000 | patience: 127 | Epoch time: 29.2 |

2023-01-27 15:52:58,061 - INFO -
| Epoch:    169 | Train loss: 0.0004 | Valid loss: 0.0003 | Train acc: 1.0000 | Valid acc: 1.0000 | patience: 128 | Epoch time: 29.4 |

2023-01-27 15:53:27,237 - INFO -
| Epoch:    170 | Train loss: 0.0000 | Valid loss: 0.0003 | Train acc: 0.9999 | Valid acc: 0.9998 | patience: 129 | Epoch time: 29.2 |

2023-01-27 15:53:56,426 - INFO -
| Epoch:    171 | Train loss: 0.0001 | Valid loss: 0.0000 | Train acc: 1.0000 | Valid acc: 1.0000 | patience: 130 | Epoch time: 29.2 |

2023-01-27 15:54:25,616 - INFO -
| Epoch:    172 | Train loss: 0.0000 | Valid loss: 0.0025 | Train acc: 0.9991 | Valid acc: 1.0000 | patience: 131 | Epoch time: 29.2 |

2023-01-27 15:54:54,781 - INFO -
| Epoch:    173 | Train loss: 0.0000 | Valid loss: 0.0001 | Train acc: 0.9999 | Valid acc: 1.0000 | patience: 132 | Epoch time: 29.2 |

2023-01-27 15:55:23,959 - INFO -
| Epoch:    174 | Train loss: 0.0016 | Valid loss: 0.0003 | Train acc: 1.0000 | Valid acc: 1.0000 | patience: 133 | Epoch time: 29.2 |

2023-01-27 15:55:53,915 - INFO -
| Epoch:    175 | Train loss: 0.0001 | Valid loss: 0.0002 | Train acc: 1.0000 | Valid acc: 0.9999 | patience: 134 | Epoch time: 30.0 |

2023-01-27 15:56:23,128 - INFO -
| Epoch:    176 | Train loss: 0.0000 | Valid loss: 0.0026 | Train acc: 1.0000 | Valid acc: 1.0000 | patience: 135 | Epoch time: 29.2 |

2023-01-27 15:56:52,347 - INFO -
| Epoch:    177 | Train loss: 0.0000 | Valid loss: 0.0004 | Train acc: 1.0000 | Valid acc: 1.0000 | patience: 136 | Epoch time: 29.2 |

2023-01-27 15:57:21,582 - INFO -
| Epoch:    178 | Train loss: 0.0000 | Valid loss: 0.0000 | Train acc: 1.0000 | Valid acc: 0.9977 | patience: 137 | Epoch time: 29.2 |

2023-01-27 15:57:50,816 - INFO -
| Epoch:    179 | Train loss: 0.0000 | Valid loss: 0.0000 | Train acc: 1.0000 | Valid acc: 1.0000 | patience: 138 | Epoch time: 29.2 |

2023-01-27 15:58:20,045 - INFO -
| Epoch:    180 | Train loss: 0.0000 | Valid loss: 0.0012 | Train acc: 1.0000 | Valid acc: 1.0000 | patience: 139 | Epoch time: 29.2 |

2023-01-27 15:58:50,598 - INFO -
| Epoch:    181 | Train loss: 0.0000 | Valid loss: 0.0000 | Train acc: 1.0000 | Valid acc: 0.9998 | patience: 140 | Epoch time: 30.6 |

2023-01-27 15:59:19,811 - INFO -
| Epoch:    182 | Train loss: 0.0003 | Valid loss: 0.0000 | Train acc: 1.0000 | Valid acc: 0.9996 | patience: 141 | Epoch time: 29.2 |

2023-01-27 15:59:49,059 - INFO -
| Epoch:    183 | Train loss: 0.0000 | Valid loss: 0.0000 | Train acc: 1.0000 | Valid acc: 1.0000 | patience: 142 | Epoch time: 29.2 |

2023-01-27 16:00:18,309 - INFO -
| Epoch:    184 | Train loss: 0.0005 | Valid loss: 0.0000 | Train acc: 1.0000 | Valid acc: 0.9979 | patience: 143 | Epoch time: 29.2 |

2023-01-27 16:00:47,572 - INFO -
| Epoch:    185 | Train loss: 0.0000 | Valid loss: 0.0000 | Train acc: 1.0000 | Valid acc: 1.0000 | patience: 144 | Epoch time: 29.3 |

2023-01-27 16:01:16,802 - INFO -
| Epoch:    186 | Train loss: 0.0000 | Valid loss: 0.0000 | Train acc: 1.0000 | Valid acc: 1.0000 | patience: 145 | Epoch time: 29.2 |

2023-01-27 16:01:46,057 - INFO -
| Epoch:    187 | Train loss: 0.0000 | Valid loss: 0.0000 | Train acc: 1.0000 | Valid acc: 1.0000 | patience: 146 | Epoch time: 29.3 |

2023-01-27 16:02:15,305 - INFO -
| Epoch:    188 | Train loss: 0.0006 | Valid loss: 0.0000 | Train acc: 1.0000 | Valid acc: 1.0000 | patience: 147 | Epoch time: 29.2 |

2023-01-27 16:02:44,550 - INFO -
| Epoch:    189 | Train loss: 0.0001 | Valid loss: 0.0003 | Train acc: 1.0000 | Valid acc: 1.0000 | patience: 148 | Epoch time: 29.2 |

2023-01-27 16:03:13,804 - INFO -
| Epoch:    190 | Train loss: 0.0000 | Valid loss: 0.0000 | Train acc: 1.0000 | Valid acc: 1.0000 | patience: 149 | Epoch time: 29.3 |

2023-01-27 16:03:43,053 - INFO -
| Epoch:    191 | Train loss: 0.0000 | Valid loss: 0.0000 | Train acc: 1.0000 | Valid acc: 1.0000 | patience: 150 | Epoch time: 29.2 |

2023-01-27 16:04:12,336 - INFO -
| Epoch:    192 | Train loss: 0.0009 | Valid loss: 0.0001 | Train acc: 1.0000 | Valid acc: 1.0000 | patience: 151 | Epoch time: 29.3 |

2023-01-27 16:04:41,580 - INFO -
| Epoch:    193 | Train loss: 0.0000 | Valid loss: 0.0000 | Train acc: 1.0000 | Valid acc: 1.0000 | patience: 152 | Epoch time: 29.2 |

2023-01-27 16:05:10,821 - INFO -
| Epoch:    194 | Train loss: 0.0000 | Valid loss: 0.0005 | Train acc: 1.0000 | Valid acc: 1.0000 | patience: 153 | Epoch time: 29.2 |

2023-01-27 16:05:40,064 - INFO -
| Epoch:    195 | Train loss: 0.0000 | Valid loss: 0.0000 | Train acc: 1.0000 | Valid acc: 1.0000 | patience: 154 | Epoch time: 29.2 |

2023-01-27 16:06:09,294 - INFO -
| Epoch:    196 | Train loss: 0.0000 | Valid loss: 0.0000 | Train acc: 1.0000 | Valid acc: 1.0000 | patience: 155 | Epoch time: 29.2 |

2023-01-27 16:06:38,549 - INFO -
| Epoch:    197 | Train loss: 0.0000 | Valid loss: 0.0011 | Train acc: 1.0000 | Valid acc: 1.0000 | patience: 156 | Epoch time: 29.3 |

2023-01-27 16:07:07,840 - INFO -
| Epoch:    198 | Train loss: 0.0001 | Valid loss: 0.0000 | Train acc: 1.0000 | Valid acc: 1.0000 | patience: 157 | Epoch time: 29.3 |

2023-01-27 16:07:37,127 - INFO -
| Epoch:    199 | Train loss: 0.0000 | Valid loss: 0.0000 | Train acc: 1.0000 | Valid acc: 1.0000 | patience: 158 | Epoch time: 29.3 |

2023-01-27 16:08:06,395 - INFO -
| Epoch:    200 | Train loss: 0.0013 | Valid loss: 0.0000 | Train acc: 1.0000 | Valid acc: 1.0000 | patience: 159 | Epoch time: 29.3 |

2023-01-27 16:08:35,705 - INFO -
| Epoch:    201 | Train loss: 0.0000 | Valid loss: 0.0000 | Train acc: 1.0000 | Valid acc: 1.0000 | patience: 160 | Epoch time: 29.3 |

2023-01-27 16:09:04,976 - INFO -
| Epoch:    202 | Train loss: 0.0000 | Valid loss: 0.0012 | Train acc: 1.0000 | Valid acc: 1.0000 | patience: 161 | Epoch time: 29.3 |

2023-01-27 16:09:34,243 - INFO -
| Epoch:    203 | Train loss: 0.0000 | Valid loss: 0.0000 | Train acc: 1.0000 | Valid acc: 1.0000 | patience: 162 | Epoch time: 29.3 |

2023-01-27 16:10:03,482 - INFO -
| Epoch:    204 | Train loss: 0.0025 | Valid loss: 0.0000 | Train acc: 1.0000 | Valid acc: 1.0000 | patience: 163 | Epoch time: 29.2 |

2023-01-27 16:10:32,724 - INFO -
| Epoch:    205 | Train loss: 0.0000 | Valid loss: 0.0000 | Train acc: 1.0000 | Valid acc: 1.0000 | patience: 164 | Epoch time: 29.2 |

2023-01-27 16:11:01,988 - INFO -
| Epoch:    206 | Train loss: 0.0085 | Valid loss: 0.0021 | Train acc: 0.9986 | Valid acc: 0.9983 | patience: 165 | Epoch time: 29.3 |

2023-01-27 16:11:31,230 - INFO -
| Epoch:    207 | Train loss: 0.0000 | Valid loss: 0.0001 | Train acc: 1.0000 | Valid acc: 1.0000 | patience: 166 | Epoch time: 29.2 |

2023-01-27 16:12:00,758 - INFO -
| Epoch:    208 | Train loss: 0.0000 | Valid loss: 0.0004 | Train acc: 0.9996 | Valid acc: 1.0000 | patience: 167 | Epoch time: 29.5 |

2023-01-27 16:12:30,015 - INFO -
| Epoch:    209 | Train loss: 0.0001 | Valid loss: 0.0000 | Train acc: 1.0000 | Valid acc: 0.9972 | patience: 168 | Epoch time: 29.3 |

2023-01-27 16:12:59,253 - INFO -
| Epoch:    210 | Train loss: 0.0000 | Valid loss: 0.0000 | Train acc: 1.0000 | Valid acc: 1.0000 | patience: 169 | Epoch time: 29.2 |

2023-01-27 16:13:28,494 - INFO -
| Epoch:    211 | Train loss: 0.0002 | Valid loss: 0.0000 | Train acc: 1.0000 | Valid acc: 1.0000 | patience: 170 | Epoch time: 29.2 |

2023-01-27 16:13:57,758 - INFO -
| Epoch:    212 | Train loss: 0.0000 | Valid loss: 0.0000 | Train acc: 1.0000 | Valid acc: 1.0000 | patience: 171 | Epoch time: 29.3 |

2023-01-27 16:14:26,993 - INFO -
| Epoch:    213 | Train loss: 0.0000 | Valid loss: 0.0000 | Train acc: 1.0000 | Valid acc: 0.9996 | patience: 172 | Epoch time: 29.2 |

2023-01-27 16:14:56,260 - INFO -
| Epoch:    214 | Train loss: 0.0000 | Valid loss: 0.0000 | Train acc: 1.0000 | Valid acc: 1.0000 | patience: 173 | Epoch time: 29.3 |

2023-01-27 16:15:25,543 - INFO -
| Epoch:    215 | Train loss: 0.0000 | Valid loss: 0.0000 | Train acc: 1.0000 | Valid acc: 1.0000 | patience: 174 | Epoch time: 29.3 |

2023-01-27 16:15:54,792 - INFO -
| Epoch:    216 | Train loss: 0.0000 | Valid loss: 0.0000 | Train acc: 1.0000 | Valid acc: 0.9999 | patience: 175 | Epoch time: 29.2 |

2023-01-27 16:16:24,053 - INFO -
| Epoch:    217 | Train loss: 0.0003 | Valid loss: 0.0007 | Train acc: 1.0000 | Valid acc: 1.0000 | patience: 176 | Epoch time: 29.3 |

2023-01-27 16:16:53,306 - INFO -
| Epoch:    218 | Train loss: 0.0009 | Valid loss: 0.0000 | Train acc: 0.9995 | Valid acc: 1.0000 | patience: 177 | Epoch time: 29.3 |

2023-01-27 16:17:22,567 - INFO -
| Epoch:    219 | Train loss: 0.0002 | Valid loss: 0.0001 | Train acc: 1.0000 | Valid acc: 1.0000 | patience: 178 | Epoch time: 29.3 |

2023-01-27 16:17:51,852 - INFO -
| Epoch:    220 | Train loss: 0.0000 | Valid loss: 0.0000 | Train acc: 1.0000 | Valid acc: 1.0000 | patience: 179 | Epoch time: 29.3 |

2023-01-27 16:18:21,101 - INFO -
| Epoch:    221 | Train loss: 0.0009 | Valid loss: 0.0000 | Train acc: 1.0000 | Valid acc: 1.0000 | patience: 180 | Epoch time: 29.2 |

2023-01-27 16:18:50,352 - INFO -
| Epoch:    222 | Train loss: 0.0000 | Valid loss: 0.0001 | Train acc: 1.0000 | Valid acc: 1.0000 | patience: 181 | Epoch time: 29.3 |

2023-01-27 16:19:19,607 - INFO -
| Epoch:    223 | Train loss: 0.0000 | Valid loss: 0.0000 | Train acc: 1.0000 | Valid acc: 1.0000 | patience: 182 | Epoch time: 29.3 |

2023-01-27 16:19:48,860 - INFO -
| Epoch:    224 | Train loss: 0.0000 | Valid loss: 0.0000 | Train acc: 1.0000 | Valid acc: 1.0000 | patience: 183 | Epoch time: 29.3 |

2023-01-27 16:20:18,106 - INFO -
| Epoch:    225 | Train loss: 0.0000 | Valid loss: 0.0000 | Train acc: 0.9988 | Valid acc: 1.0000 | patience: 184 | Epoch time: 29.2 |

2023-01-27 16:20:47,338 - INFO -
| Epoch:    226 | Train loss: 0.0000 | Valid loss: 0.0000 | Train acc: 1.0000 | Valid acc: 1.0000 | patience: 185 | Epoch time: 29.2 |

2023-01-27 16:21:16,576 - INFO -
| Epoch:    227 | Train loss: 0.0013 | Valid loss: 0.0001 | Train acc: 1.0000 | Valid acc: 1.0000 | patience: 186 | Epoch time: 29.2 |

2023-01-27 16:21:45,840 - INFO -
| Epoch:    228 | Train loss: 0.0000 | Valid loss: 0.0000 | Train acc: 1.0000 | Valid acc: 1.0000 | patience: 187 | Epoch time: 29.3 |

2023-01-27 16:22:15,364 - INFO -
| Epoch:    229 | Train loss: 0.0000 | Valid loss: 0.0000 | Train acc: 1.0000 | Valid acc: 0.9998 | patience: 188 | Epoch time: 29.5 |

2023-01-27 16:22:44,604 - INFO -
| Epoch:    230 | Train loss: 0.0002 | Valid loss: 0.0000 | Train acc: 1.0000 | Valid acc: 1.0000 | patience: 189 | Epoch time: 29.2 |

2023-01-27 16:23:13,864 - INFO -
| Epoch:    231 | Train loss: 0.0000 | Valid loss: 0.0001 | Train acc: 1.0000 | Valid acc: 0.9997 | patience: 190 | Epoch time: 29.3 |

2023-01-27 16:23:43,102 - INFO -
| Epoch:    232 | Train loss: 0.0007 | Valid loss: 0.0000 | Train acc: 0.9997 | Valid acc: 1.0000 | patience: 191 | Epoch time: 29.2 |

2023-01-27 16:24:12,358 - INFO -
| Epoch:    233 | Train loss: 0.0000 | Valid loss: 0.0000 | Train acc: 1.0000 | Valid acc: 0.9984 | patience: 192 | Epoch time: 29.3 |

2023-01-27 16:24:41,605 - INFO -
| Epoch:    234 | Train loss: 0.0000 | Valid loss: 0.0000 | Train acc: 1.0000 | Valid acc: 1.0000 | patience: 193 | Epoch time: 29.2 |

2023-01-27 16:25:10,867 - INFO -
| Epoch:    235 | Train loss: 0.0000 | Valid loss: 0.0000 | Train acc: 1.0000 | Valid acc: 1.0000 | patience: 194 | Epoch time: 29.3 |

2023-01-27 16:25:40,147 - INFO -
| Epoch:    236 | Train loss: 0.0000 | Valid loss: 0.0000 | Train acc: 1.0000 | Valid acc: 1.0000 | patience: 195 | Epoch time: 29.3 |

2023-01-27 16:26:09,405 - INFO -
| Epoch:    237 | Train loss: 0.0006 | Valid loss: 0.0000 | Train acc: 0.9993 | Valid acc: 1.0000 | patience: 196 | Epoch time: 29.3 |

2023-01-27 16:26:38,661 - INFO -
| Epoch:    238 | Train loss: 0.0001 | Valid loss: 0.0029 | Train acc: 1.0000 | Valid acc: 1.0000 | patience: 197 | Epoch time: 29.3 |

2023-01-27 16:27:07,947 - INFO -
| Epoch:    239 | Train loss: 0.0005 | Valid loss: 0.0000 | Train acc: 0.9994 | Valid acc: 1.0000 | patience: 198 | Epoch time: 29.3 |

2023-01-27 16:27:37,179 - INFO -
| Epoch:    240 | Train loss: 0.0000 | Valid loss: 0.0000 | Train acc: 1.0000 | Valid acc: 1.0000 | patience: 199 | Epoch time: 29.2 |

2023-01-27 16:28:06,455 - INFO -
| Epoch:    241 | Train loss: 0.0000 | Valid loss: 0.0000 | Train acc: 1.0000 | Valid acc: 1.0000 | patience: 200 | Epoch time: 29.3 |

2023-01-27 16:28:35,745 - INFO -
| Epoch:    242 | Train loss: 0.0000 | Valid loss: 0.0000 | Train acc: 1.0000 | Valid acc: 1.0000 | patience: 201 | Epoch time: 29.3 |

2023-01-27 16:29:05,000 - INFO -
| Epoch:    243 | Train loss: 0.0013 | Valid loss: 0.0000 | Train acc: 1.0000 | Valid acc: 1.0000 | patience: 202 | Epoch time: 29.3 |

2023-01-27 16:29:34,266 - INFO -
| Epoch:    244 | Train loss: 0.0000 | Valid loss: 0.0000 | Train acc: 1.0000 | Valid acc: 1.0000 | patience: 203 | Epoch time: 29.3 |

2023-01-27 16:30:03,501 - INFO -
| Epoch:    245 | Train loss: 0.0018 | Valid loss: 0.0041 | Train acc: 1.0000 | Valid acc: 1.0000 | patience: 204 | Epoch time: 29.2 |

2023-01-27 16:30:32,757 - INFO -
| Epoch:    246 | Train loss: 0.0024 | Valid loss: 0.0000 | Train acc: 1.0000 | Valid acc: 1.0000 | patience: 205 | Epoch time: 29.3 |

2023-01-27 16:31:02,000 - INFO -
| Epoch:    247 | Train loss: 0.0000 | Valid loss: 0.0000 | Train acc: 1.0000 | Valid acc: 1.0000 | patience: 206 | Epoch time: 29.2 |

2023-01-27 16:31:31,269 - INFO -
| Epoch:    248 | Train loss: 0.0000 | Valid loss: 0.0003 | Train acc: 1.0000 | Valid acc: 1.0000 | patience: 207 | Epoch time: 29.3 |

2023-01-27 16:32:00,537 - INFO -
| Epoch:    249 | Train loss: 0.0000 | Valid loss: 0.0000 | Train acc: 0.9978 | Valid acc: 1.0000 | patience: 208 | Epoch time: 29.3 |

2023-01-27 16:32:29,784 - INFO -
| Epoch:    250 | Train loss: 0.0000 | Valid loss: 0.0000 | Train acc: 1.0000 | Valid acc: 1.0000 | patience: 209 | Epoch time: 29.2 |

2023-01-27 16:32:59,020 - INFO -
| Epoch:    251 | Train loss: 0.0008 | Valid loss: 0.0004 | Train acc: 0.9997 | Valid acc: 1.0000 | patience: 210 | Epoch time: 29.2 |

2023-01-27 16:33:28,272 - INFO -
| Epoch:    252 | Train loss: 0.0016 | Valid loss: 0.0000 | Train acc: 1.0000 | Valid acc: 1.0000 | patience: 211 | Epoch time: 29.3 |

2023-01-27 16:33:57,530 - INFO -
| Epoch:    253 | Train loss: 0.0000 | Valid loss: 0.0001 | Train acc: 1.0000 | Valid acc: 1.0000 | patience: 212 | Epoch time: 29.3 |

2023-01-27 16:34:26,785 - INFO -
| Epoch:    254 | Train loss: 0.0002 | Valid loss: 0.0000 | Train acc: 1.0000 | Valid acc: 1.0000 | patience: 213 | Epoch time: 29.3 |

2023-01-27 16:34:56,020 - INFO -
| Epoch:    255 | Train loss: 0.0000 | Valid loss: 0.0000 | Train acc: 1.0000 | Valid acc: 0.9984 | patience: 214 | Epoch time: 29.2 |

2023-01-27 16:35:25,278 - INFO -
| Epoch:    256 | Train loss: 0.0014 | Valid loss: 0.0000 | Train acc: 1.0000 | Valid acc: 1.0000 | patience: 215 | Epoch time: 29.3 |

2023-01-27 16:35:54,556 - INFO -
| Epoch:    257 | Train loss: 0.0000 | Valid loss: 0.0005 | Train acc: 1.0000 | Valid acc: 0.9997 | patience: 216 | Epoch time: 29.3 |

2023-01-27 16:36:23,839 - INFO -
| Epoch:    258 | Train loss: 0.0000 | Valid loss: 0.0000 | Train acc: 1.0000 | Valid acc: 1.0000 | patience: 217 | Epoch time: 29.3 |

2023-01-27 16:36:53,085 - INFO -
| Epoch:    259 | Train loss: 0.0010 | Valid loss: 0.0001 | Train acc: 1.0000 | Valid acc: 1.0000 | patience: 218 | Epoch time: 29.2 |

2023-01-27 16:37:22,345 - INFO -
| Epoch:    260 | Train loss: 0.0000 | Valid loss: 0.0020 | Train acc: 1.0000 | Valid acc: 1.0000 | patience: 219 | Epoch time: 29.3 |

2023-01-27 16:37:51,585 - INFO -
| Epoch:    261 | Train loss: 0.0003 | Valid loss: 0.0000 | Train acc: 1.0000 | Valid acc: 1.0000 | patience: 220 | Epoch time: 29.2 |

2023-01-27 16:38:20,998 - INFO -
| Epoch:    262 | Train loss: 0.0000 | Valid loss: 0.0000 | Train acc: 1.0000 | Valid acc: 1.0000 | patience: 221 | Epoch time: 29.4 |

2023-01-27 16:38:50,298 - INFO -
| Epoch:    263 | Train loss: 0.0000 | Valid loss: 0.0000 | Train acc: 1.0000 | Valid acc: 1.0000 | patience: 222 | Epoch time: 29.3 |

2023-01-27 16:39:19,574 - INFO -
| Epoch:    264 | Train loss: 0.0000 | Valid loss: 0.0028 | Train acc: 1.0000 | Valid acc: 1.0000 | patience: 223 | Epoch time: 29.3 |

2023-01-27 16:39:48,847 - INFO -
| Epoch:    265 | Train loss: 0.0000 | Valid loss: 0.0000 | Train acc: 1.0000 | Valid acc: 1.0000 | patience: 224 | Epoch time: 29.3 |

2023-01-27 16:40:18,124 - INFO -
| Epoch:    266 | Train loss: 0.0000 | Valid loss: 0.0000 | Train acc: 1.0000 | Valid acc: 1.0000 | patience: 225 | Epoch time: 29.3 |

2023-01-27 16:40:47,431 - INFO -
| Epoch:    267 | Train loss: 0.0000 | Valid loss: 0.0000 | Train acc: 1.0000 | Valid acc: 1.0000 | patience: 226 | Epoch time: 29.3 |

2023-01-27 16:41:17,018 - INFO -
| Epoch:    268 | Train loss: 0.0000 | Valid loss: 0.0010 | Train acc: 0.9991 | Valid acc: 1.0000 | patience: 227 | Epoch time: 29.6 |

2023-01-27 16:41:46,286 - INFO -
| Epoch:    269 | Train loss: 0.0000 | Valid loss: 0.0000 | Train acc: 1.0000 | Valid acc: 0.9979 | patience: 228 | Epoch time: 29.3 |

2023-01-27 16:42:15,581 - INFO -
| Epoch:    270 | Train loss: 0.0000 | Valid loss: 0.0000 | Train acc: 1.0000 | Valid acc: 1.0000 | patience: 229 | Epoch time: 29.3 |

2023-01-27 16:42:44,851 - INFO -
| Epoch:    271 | Train loss: 0.0000 | Valid loss: 0.0000 | Train acc: 1.0000 | Valid acc: 1.0000 | patience: 230 | Epoch time: 29.3 |

2023-01-27 16:43:14,131 - INFO -
| Epoch:    272 | Train loss: 0.0000 | Valid loss: 0.0000 | Train acc: 1.0000 | Valid acc: 1.0000 | patience: 231 | Epoch time: 29.3 |

2023-01-27 16:43:43,407 - INFO -
| Epoch:    273 | Train loss: 0.0000 | Valid loss: 0.0007 | Train acc: 1.0000 | Valid acc: 1.0000 | patience: 232 | Epoch time: 29.3 |

2023-01-27 16:44:12,665 - INFO -
| Epoch:    274 | Train loss: 0.0000 | Valid loss: 0.0006 | Train acc: 1.0000 | Valid acc: 1.0000 | patience: 233 | Epoch time: 29.3 |

2023-01-27 16:44:41,943 - INFO -
| Epoch:    275 | Train loss: 0.0012 | Valid loss: 0.0000 | Train acc: 0.9990 | Valid acc: 1.0000 | patience: 234 | Epoch time: 29.3 |

2023-01-27 16:45:11,219 - INFO -
| Epoch:    276 | Train loss: 0.0000 | Valid loss: 0.0000 | Train acc: 0.9994 | Valid acc: 1.0000 | patience: 235 | Epoch time: 29.3 |

2023-01-27 16:45:40,496 - INFO -
| Epoch:    277 | Train loss: 0.0000 | Valid loss: 0.0000 | Train acc: 1.0000 | Valid acc: 1.0000 | patience: 236 | Epoch time: 29.3 |

2023-01-27 16:46:09,765 - INFO -
| Epoch:    278 | Train loss: 0.0005 | Valid loss: 0.0007 | Train acc: 1.0000 | Valid acc: 1.0000 | patience: 237 | Epoch time: 29.3 |

2023-01-27 16:46:39,048 - INFO -
| Epoch:    279 | Train loss: 0.0000 | Valid loss: 0.0000 | Train acc: 1.0000 | Valid acc: 1.0000 | patience: 238 | Epoch time: 29.3 |

2023-01-27 16:47:08,357 - INFO -
| Epoch:    280 | Train loss: 0.0000 | Valid loss: 0.0000 | Train acc: 1.0000 | Valid acc: 1.0000 | patience: 239 | Epoch time: 29.3 |

2023-01-27 16:47:37,640 - INFO -
| Epoch:    281 | Train loss: 0.0001 | Valid loss: 0.0000 | Train acc: 1.0000 | Valid acc: 1.0000 | patience: 240 | Epoch time: 29.3 |

2023-01-27 16:48:06,918 - INFO -
| Epoch:    282 | Train loss: 0.0000 | Valid loss: 0.0000 | Train acc: 1.0000 | Valid acc: 1.0000 | patience: 241 | Epoch time: 29.3 |

2023-01-27 16:48:36,212 - INFO -
| Epoch:    283 | Train loss: 0.0000 | Valid loss: 0.0000 | Train acc: 1.0000 | Valid acc: 1.0000 | patience: 242 | Epoch time: 29.3 |

2023-01-27 16:49:05,502 - INFO -
| Epoch:    284 | Train loss: 0.0000 | Valid loss: 0.0000 | Train acc: 1.0000 | Valid acc: 1.0000 | patience: 243 | Epoch time: 29.3 |

2023-01-27 16:49:34,792 - INFO -
| Epoch:    285 | Train loss: 0.0000 | Valid loss: 0.0003 | Train acc: 1.0000 | Valid acc: 1.0000 | patience: 244 | Epoch time: 29.3 |

2023-01-27 16:50:04,052 - INFO -
| Epoch:    286 | Train loss: 0.0000 | Valid loss: 0.0000 | Train acc: 1.0000 | Valid acc: 1.0000 | patience: 245 | Epoch time: 29.3 |

2023-01-27 16:50:33,335 - INFO -
| Epoch:    287 | Train loss: 0.0000 | Valid loss: 0.0007 | Train acc: 1.0000 | Valid acc: 1.0000 | patience: 246 | Epoch time: 29.3 |

2023-01-27 16:51:02,668 - INFO -
| Epoch:    288 | Train loss: 0.0000 | Valid loss: 0.0000 | Train acc: 1.0000 | Valid acc: 1.0000 | patience: 247 | Epoch time: 29.3 |

2023-01-27 16:51:32,243 - INFO -
| Epoch:    289 | Train loss: 0.0000 | Valid loss: 0.0000 | Train acc: 0.9966 | Valid acc: 1.0000 | patience: 248 | Epoch time: 29.6 |

2023-01-27 16:52:01,540 - INFO -
| Epoch:    290 | Train loss: 0.0012 | Valid loss: 0.0006 | Train acc: 1.0000 | Valid acc: 1.0000 | patience: 249 | Epoch time: 29.3 |

2023-01-27 16:52:30,815 - INFO -
| Epoch:    291 | Train loss: 0.0000 | Valid loss: 0.0000 | Train acc: 1.0000 | Valid acc: 1.0000 | patience: 250 | Epoch time: 29.3 |

2023-01-27 16:53:00,069 - INFO -
| Epoch:    292 | Train loss: 0.0000 | Valid loss: 0.0000 | Train acc: 1.0000 | Valid acc: 1.0000 | patience: 251 | Epoch time: 29.3 |

2023-01-27 16:53:29,353 - INFO -
| Epoch:    293 | Train loss: 0.0000 | Valid loss: 0.0002 | Train acc: 1.0000 | Valid acc: 1.0000 | patience: 252 | Epoch time: 29.3 |

2023-01-27 16:53:58,631 - INFO -
| Epoch:    294 | Train loss: 0.0000 | Valid loss: 0.0000 | Train acc: 1.0000 | Valid acc: 1.0000 | patience: 253 | Epoch time: 29.3 |

2023-01-27 16:54:27,952 - INFO -
| Epoch:    295 | Train loss: 0.0000 | Valid loss: 0.0000 | Train acc: 1.0000 | Valid acc: 1.0000 | patience: 254 | Epoch time: 29.3 |

2023-01-27 16:54:57,266 - INFO -
| Epoch:    296 | Train loss: 0.0004 | Valid loss: 0.0000 | Train acc: 1.0000 | Valid acc: 1.0000 | patience: 255 | Epoch time: 29.3 |

2023-01-27 16:55:26,552 - INFO -
| Epoch:    297 | Train loss: 0.0004 | Valid loss: 0.0003 | Train acc: 1.0000 | Valid acc: 1.0000 | patience: 256 | Epoch time: 29.3 |

2023-01-27 16:55:55,829 - INFO -
| Epoch:    298 | Train loss: 0.0002 | Valid loss: 0.0001 | Train acc: 1.0000 | Valid acc: 1.0000 | patience: 257 | Epoch time: 29.3 |

2023-01-27 16:56:25,100 - INFO -
| Epoch:    299 | Train loss: 0.0000 | Valid loss: 0.0000 | Train acc: 1.0000 | Valid acc: 1.0000 | patience: 258 | Epoch time: 29.3 |

2023-01-27 16:56:54,403 - INFO -
| Epoch:    300 | Train loss: 0.0006 | Valid loss: 0.0000 | Train acc: 1.0000 | Valid acc: 0.9993 | patience: 259 | Epoch time: 29.3 |

2023-01-27 16:57:23,692 - INFO -
| Epoch:    301 | Train loss: 0.0000 | Valid loss: 0.0000 | Train acc: 1.0000 | Valid acc: 1.0000 | patience: 260 | Epoch time: 29.3 |

2023-01-27 16:57:52,956 - INFO -
| Epoch:    302 | Train loss: 0.0000 | Valid loss: 0.0000 | Train acc: 1.0000 | Valid acc: 1.0000 | patience: 261 | Epoch time: 29.3 |

2023-01-27 16:58:22,218 - INFO -
| Epoch:    303 | Train loss: 0.0000 | Valid loss: 0.0000 | Train acc: 1.0000 | Valid acc: 1.0000 | patience: 262 | Epoch time: 29.3 |

2023-01-27 16:58:51,503 - INFO -
| Epoch:    304 | Train loss: 0.0000 | Valid loss: 0.0000 | Train acc: 1.0000 | Valid acc: 1.0000 | patience: 263 | Epoch time: 29.3 |

2023-01-27 16:59:20,776 - INFO -
| Epoch:    305 | Train loss: 0.0000 | Valid loss: 0.0000 | Train acc: 1.0000 | Valid acc: 1.0000 | patience: 264 | Epoch time: 29.3 |

2023-01-27 16:59:50,033 - INFO -
| Epoch:    306 | Train loss: 0.0000 | Valid loss: 0.0000 | Train acc: 1.0000 | Valid acc: 1.0000 | patience: 265 | Epoch time: 29.3 |

2023-01-27 17:00:19,337 - INFO -
| Epoch:    307 | Train loss: 0.0000 | Valid loss: 0.0000 | Train acc: 1.0000 | Valid acc: 0.9999 | patience: 266 | Epoch time: 29.3 |

2023-01-27 17:00:48,615 - INFO -
| Epoch:    308 | Train loss: 0.0009 | Valid loss: 0.0000 | Train acc: 1.0000 | Valid acc: 0.9969 | patience: 267 | Epoch time: 29.3 |

2023-01-27 17:01:19,072 - INFO -
| Epoch:    309 | Train loss: 0.0000 | Valid loss: 0.0000 | Train acc: 1.0000 | Valid acc: 1.0000 | patience: 268 | Epoch time: 30.5 |

2023-01-27 17:01:48,340 - INFO -
| Epoch:    310 | Train loss: 0.0002 | Valid loss: 0.0000 | Train acc: 1.0000 | Valid acc: 1.0000 | patience: 269 | Epoch time: 29.3 |

2023-01-27 17:02:17,604 - INFO -
| Epoch:    311 | Train loss: 0.0000 | Valid loss: 0.0001 | Train acc: 1.0000 | Valid acc: 1.0000 | patience: 270 | Epoch time: 29.3 |

2023-01-27 17:02:46,847 - INFO -
| Epoch:    312 | Train loss: 0.0000 | Valid loss: 0.0000 | Train acc: 1.0000 | Valid acc: 1.0000 | patience: 271 | Epoch time: 29.2 |

2023-01-27 17:03:16,103 - INFO -
| Epoch:    313 | Train loss: 0.0000 | Valid loss: 0.0000 | Train acc: 1.0000 | Valid acc: 1.0000 | patience: 272 | Epoch time: 29.3 |

2023-01-27 17:03:45,326 - INFO -
| Epoch:    314 | Train loss: 0.0000 | Valid loss: 0.0000 | Train acc: 1.0000 | Valid acc: 1.0000 | patience: 273 | Epoch time: 29.2 |

2023-01-27 17:04:15,566 - INFO -
| Epoch:    315 | Train loss: 0.0000 | Valid loss: 0.0004 | Train acc: 1.0000 | Valid acc: 1.0000 | patience: 274 | Epoch time: 30.2 |

2023-01-27 17:04:44,780 - INFO -
| Epoch:    316 | Train loss: 0.0000 | Valid loss: 0.0000 | Train acc: 1.0000 | Valid acc: 1.0000 | patience: 275 | Epoch time: 29.2 |

2023-01-27 17:05:14,014 - INFO -
| Epoch:    317 | Train loss: 0.0003 | Valid loss: 0.0000 | Train acc: 1.0000 | Valid acc: 1.0000 | patience: 276 | Epoch time: 29.2 |

2023-01-27 17:05:43,264 - INFO -
| Epoch:    318 | Train loss: 0.0000 | Valid loss: 0.0000 | Train acc: 1.0000 | Valid acc: 1.0000 | patience: 277 | Epoch time: 29.2 |

2023-01-27 17:06:12,500 - INFO -
| Epoch:    319 | Train loss: 0.0000 | Valid loss: 0.0000 | Train acc: 1.0000 | Valid acc: 1.0000 | patience: 278 | Epoch time: 29.2 |

2023-01-27 17:06:41,715 - INFO -
| Epoch:    320 | Train loss: 0.0000 | Valid loss: 0.0000 | Train acc: 1.0000 | Valid acc: 1.0000 | patience: 279 | Epoch time: 29.2 |

2023-01-27 17:07:10,961 - INFO -
| Epoch:    321 | Train loss: 0.0003 | Valid loss: 0.0000 | Train acc: 1.0000 | Valid acc: 1.0000 | patience: 280 | Epoch time: 29.2 |

2023-01-27 17:07:40,214 - INFO -
| Epoch:    322 | Train loss: 0.0000 | Valid loss: 0.0000 | Train acc: 1.0000 | Valid acc: 1.0000 | patience: 281 | Epoch time: 29.3 |

2023-01-27 17:08:09,454 - INFO -
| Epoch:    323 | Train loss: 0.0001 | Valid loss: 0.0000 | Train acc: 1.0000 | Valid acc: 1.0000 | patience: 282 | Epoch time: 29.2 |

2023-01-27 17:08:38,682 - INFO -
| Epoch:    324 | Train loss: 0.0000 | Valid loss: 0.0000 | Train acc: 1.0000 | Valid acc: 1.0000 | patience: 283 | Epoch time: 29.2 |

2023-01-27 17:09:07,910 - INFO -
| Epoch:    325 | Train loss: 0.0000 | Valid loss: 0.0000 | Train acc: 1.0000 | Valid acc: 1.0000 | patience: 284 | Epoch time: 29.2 |

2023-01-27 17:09:37,123 - INFO -
| Epoch:    326 | Train loss: 0.0000 | Valid loss: 0.0000 | Train acc: 1.0000 | Valid acc: 1.0000 | patience: 285 | Epoch time: 29.2 |

2023-01-27 17:10:06,382 - INFO -
| Epoch:    327 | Train loss: 0.0000 | Valid loss: 0.0020 | Train acc: 1.0000 | Valid acc: 1.0000 | patience: 286 | Epoch time: 29.3 |

2023-01-27 17:10:35,914 - INFO -
| Epoch:    328 | Train loss: 0.0000 | Valid loss: 0.0001 | Train acc: 1.0000 | Valid acc: 1.0000 | patience: 287 | Epoch time: 29.5 |

2023-01-27 17:11:05,165 - INFO -
| Epoch:    329 | Train loss: 0.0001 | Valid loss: 0.0000 | Train acc: 1.0000 | Valid acc: 0.9993 | patience: 288 | Epoch time: 29.3 |

2023-01-27 17:11:34,411 - INFO -
| Epoch:    330 | Train loss: 0.0005 | Valid loss: 0.0000 | Train acc: 1.0000 | Valid acc: 1.0000 | patience: 289 | Epoch time: 29.2 |

2023-01-27 17:12:03,652 - INFO -
| Epoch:    331 | Train loss: 0.0000 | Valid loss: 0.0000 | Train acc: 1.0000 | Valid acc: 1.0000 | patience: 290 | Epoch time: 29.2 |

2023-01-27 17:12:32,947 - INFO -
| Epoch:    332 | Train loss: 0.0011 | Valid loss: 0.0000 | Train acc: 1.0000 | Valid acc: 1.0000 | patience: 291 | Epoch time: 29.3 |

2023-01-27 17:13:02,184 - INFO -
| Epoch:    333 | Train loss: 0.0001 | Valid loss: 0.0004 | Train acc: 1.0000 | Valid acc: 1.0000 | patience: 292 | Epoch time: 29.2 |

2023-01-27 17:13:31,406 - INFO -
| Epoch:    334 | Train loss: 0.0000 | Valid loss: 0.0000 | Train acc: 0.9997 | Valid acc: 1.0000 | patience: 293 | Epoch time: 29.2 |

2023-01-27 17:14:00,636 - INFO -
| Epoch:    335 | Train loss: 0.0000 | Valid loss: 0.0000 | Train acc: 1.0000 | Valid acc: 0.9997 | patience: 294 | Epoch time: 29.2 |

2023-01-27 17:14:29,915 - INFO -
| Epoch:    336 | Train loss: 0.0000 | Valid loss: 0.0000 | Train acc: 0.9998 | Valid acc: 1.0000 | patience: 295 | Epoch time: 29.3 |

2023-01-27 17:14:59,171 - INFO -
| Epoch:    337 | Train loss: 0.0008 | Valid loss: 0.0021 | Train acc: 0.9995 | Valid acc: 0.9993 | patience: 296 | Epoch time: 29.2 |

2023-01-27 17:15:28,454 - INFO -
| Epoch:    338 | Train loss: 0.0001 | Valid loss: 0.0000 | Train acc: 1.0000 | Valid acc: 0.9994 | patience: 297 | Epoch time: 29.3 |

2023-01-27 17:15:57,704 - INFO -
| Epoch:    339 | Train loss: 0.0000 | Valid loss: 0.0001 | Train acc: 1.0000 | Valid acc: 0.9998 | patience: 298 | Epoch time: 29.2 |

2023-01-27 17:16:26,987 - INFO -
| Epoch:    340 | Train loss: 0.0004 | Valid loss: 0.0008 | Train acc: 0.9979 | Valid acc: 1.0000 | patience: 299 | Epoch time: 29.3 |

2023-01-27 17:16:56,248 - INFO -
| Epoch:    341 | Train loss: 0.0060 | Valid loss: 0.0006 | Train acc: 0.9989 | Valid acc: 1.0000 | patience: 300 | Epoch time: 29.2 |

2023-01-27 17:17:25,506 - INFO -
| Epoch:    342 | Train loss: 0.0013 | Valid loss: 0.0000 | Train acc: 1.0000 | Valid acc: 1.0000 | patience: 301 | Epoch time: 29.2 |

2023-01-27 17:17:54,779 - INFO -
| Epoch:    343 | Train loss: 0.0000 | Valid loss: 0.0000 | Train acc: 1.0000 | Valid acc: 1.0000 | patience: 302 | Epoch time: 29.3 |

2023-01-27 17:18:24,038 - INFO -
| Epoch:    344 | Train loss: 0.0000 | Valid loss: 0.0000 | Train acc: 1.0000 | Valid acc: 1.0000 | patience: 303 | Epoch time: 29.2 |

2023-01-27 17:18:53,320 - INFO -
| Epoch:    345 | Train loss: 0.0000 | Valid loss: 0.0000 | Train acc: 1.0000 | Valid acc: 1.0000 | patience: 304 | Epoch time: 29.3 |

2023-01-27 17:19:22,601 - INFO -
| Epoch:    346 | Train loss: 0.0000 | Valid loss: 0.0000 | Train acc: 1.0000 | Valid acc: 1.0000 | patience: 305 | Epoch time: 29.3 |

2023-01-27 17:19:51,866 - INFO -
| Epoch:    347 | Train loss: 0.0000 | Valid loss: 0.0000 | Train acc: 1.0000 | Valid acc: 1.0000 | patience: 306 | Epoch time: 29.3 |

2023-01-27 17:20:21,127 - INFO -
| Epoch:    348 | Train loss: 0.0000 | Valid loss: 0.0001 | Train acc: 1.0000 | Valid acc: 1.0000 | patience: 307 | Epoch time: 29.2 |

2023-01-27 17:20:50,667 - INFO -
| Epoch:    349 | Train loss: 0.0000 | Valid loss: 0.0001 | Train acc: 1.0000 | Valid acc: 1.0000 | patience: 308 | Epoch time: 29.5 |

2023-01-27 17:21:19,941 - INFO -
| Epoch:    350 | Train loss: 0.0000 | Valid loss: 0.0000 | Train acc: 1.0000 | Valid acc: 1.0000 | patience: 309 | Epoch time: 29.3 |

2023-01-27 17:21:49,192 - INFO -
| Epoch:    351 | Train loss: 0.0000 | Valid loss: 0.0000 | Train acc: 1.0000 | Valid acc: 1.0000 | patience: 310 | Epoch time: 29.2 |

2023-01-27 17:22:18,460 - INFO -
| Epoch:    352 | Train loss: 0.0001 | Valid loss: 0.0000 | Train acc: 1.0000 | Valid acc: 1.0000 | patience: 311 | Epoch time: 29.3 |

2023-01-27 17:22:47,727 - INFO -
| Epoch:    353 | Train loss: 0.0000 | Valid loss: 0.0015 | Train acc: 1.0000 | Valid acc: 1.0000 | patience: 312 | Epoch time: 29.2 |

2023-01-27 17:23:16,981 - INFO -
| Epoch:    354 | Train loss: 0.0015 | Valid loss: 0.0007 | Train acc: 1.0000 | Valid acc: 1.0000 | patience: 313 | Epoch time: 29.2 |

2023-01-27 17:23:46,263 - INFO -
| Epoch:    355 | Train loss: 0.0000 | Valid loss: 0.0000 | Train acc: 1.0000 | Valid acc: 1.0000 | patience: 314 | Epoch time: 29.3 |

2023-01-27 17:24:15,558 - INFO -
| Epoch:    356 | Train loss: 0.0001 | Valid loss: 0.0000 | Train acc: 1.0000 | Valid acc: 1.0000 | patience: 315 | Epoch time: 29.3 |

2023-01-27 17:24:44,941 - INFO -
| Epoch:    357 | Train loss: 0.0000 | Valid loss: 0.0000 | Train acc: 1.0000 | Valid acc: 1.0000 | patience: 316 | Epoch time: 29.3 |

2023-01-27 17:25:14,188 - INFO -
| Epoch:    358 | Train loss: 0.0003 | Valid loss: 0.0001 | Train acc: 1.0000 | Valid acc: 1.0000 | patience: 317 | Epoch time: 29.2 |

2023-01-27 17:25:43,463 - INFO -
| Epoch:    359 | Train loss: 0.0000 | Valid loss: 0.0000 | Train acc: 1.0000 | Valid acc: 0.9995 | patience: 318 | Epoch time: 29.3 |

2023-01-27 17:26:12,705 - INFO -
| Epoch:    360 | Train loss: 0.0000 | Valid loss: 0.0000 | Train acc: 1.0000 | Valid acc: 1.0000 | patience: 319 | Epoch time: 29.2 |

2023-01-27 17:26:41,975 - INFO -
| Epoch:    361 | Train loss: 0.0000 | Valid loss: 0.0000 | Train acc: 1.0000 | Valid acc: 1.0000 | patience: 320 | Epoch time: 29.3 |

2023-01-27 17:27:11,207 - INFO -
| Epoch:    362 | Train loss: 0.0000 | Valid loss: 0.0000 | Train acc: 1.0000 | Valid acc: 1.0000 | patience: 321 | Epoch time: 29.2 |

2023-01-27 17:27:40,434 - INFO -
| Epoch:    363 | Train loss: 0.0000 | Valid loss: 0.0000 | Train acc: 0.9999 | Valid acc: 1.0000 | patience: 322 | Epoch time: 29.2 |

2023-01-27 17:28:09,671 - INFO -
| Epoch:    364 | Train loss: 0.0000 | Valid loss: 0.0000 | Train acc: 1.0000 | Valid acc: 1.0000 | patience: 323 | Epoch time: 29.2 |

2023-01-27 17:28:38,919 - INFO -
| Epoch:    365 | Train loss: 0.0004 | Valid loss: 0.0000 | Train acc: 1.0000 | Valid acc: 1.0000 | patience: 324 | Epoch time: 29.2 |

2023-01-27 17:29:08,121 - INFO -
| Epoch:    366 | Train loss: 0.0000 | Valid loss: 0.0025 | Train acc: 1.0000 | Valid acc: 1.0000 | patience: 325 | Epoch time: 29.2 |

2023-01-27 17:29:37,345 - INFO -
| Epoch:    367 | Train loss: 0.0000 | Valid loss: 0.0000 | Train acc: 1.0000 | Valid acc: 1.0000 | patience: 326 | Epoch time: 29.2 |

2023-01-27 17:30:06,582 - INFO -
| Epoch:    368 | Train loss: 0.0001 | Valid loss: 0.0000 | Train acc: 1.0000 | Valid acc: 1.0000 | patience: 327 | Epoch time: 29.2 |

2023-01-27 17:30:35,836 - INFO -
| Epoch:    369 | Train loss: 0.0000 | Valid loss: 0.0000 | Train acc: 1.0000 | Valid acc: 1.0000 | patience: 328 | Epoch time: 29.3 |

2023-01-27 17:31:05,065 - INFO -
| Epoch:    370 | Train loss: 0.0000 | Valid loss: 0.0001 | Train acc: 1.0000 | Valid acc: 1.0000 | patience: 329 | Epoch time: 29.2 |

2023-01-27 17:31:34,308 - INFO -
| Epoch:    371 | Train loss: 0.0000 | Valid loss: 0.0000 | Train acc: 1.0000 | Valid acc: 1.0000 | patience: 330 | Epoch time: 29.2 |

2023-01-27 17:32:03,534 - INFO -
| Epoch:    372 | Train loss: 0.0000 | Valid loss: 0.0000 | Train acc: 1.0000 | Valid acc: 1.0000 | patience: 331 | Epoch time: 29.2 |

2023-01-27 17:32:32,757 - INFO -
| Epoch:    373 | Train loss: 0.0002 | Valid loss: 0.0000 | Train acc: 1.0000 | Valid acc: 1.0000 | patience: 332 | Epoch time: 29.2 |

2023-01-27 17:33:02,007 - INFO -
| Epoch:    374 | Train loss: 0.0000 | Valid loss: 0.0000 | Train acc: 1.0000 | Valid acc: 1.0000 | patience: 333 | Epoch time: 29.2 |

2023-01-27 17:33:31,247 - INFO -
| Epoch:    375 | Train loss: 0.0015 | Valid loss: 0.0000 | Train acc: 1.0000 | Valid acc: 1.0000 | patience: 334 | Epoch time: 29.2 |

2023-01-27 17:34:00,493 - INFO -
| Epoch:    376 | Train loss: 0.0000 | Valid loss: 0.0000 | Train acc: 1.0000 | Valid acc: 1.0000 | patience: 335 | Epoch time: 29.2 |

2023-01-27 17:34:29,743 - INFO -
| Epoch:    377 | Train loss: 0.0000 | Valid loss: 0.0000 | Train acc: 0.9998 | Valid acc: 1.0000 | patience: 336 | Epoch time: 29.2 |

2023-01-27 17:34:58,994 - INFO -
| Epoch:    378 | Train loss: 0.0002 | Valid loss: 0.0000 | Train acc: 1.0000 | Valid acc: 1.0000 | patience: 337 | Epoch time: 29.3 |

2023-01-27 17:35:28,238 - INFO -
| Epoch:    379 | Train loss: 0.0003 | Valid loss: 0.0000 | Train acc: 1.0000 | Valid acc: 1.0000 | patience: 338 | Epoch time: 29.2 |

2023-01-27 17:35:57,476 - INFO -
| Epoch:    380 | Train loss: 0.0000 | Valid loss: 0.0000 | Train acc: 1.0000 | Valid acc: 1.0000 | patience: 339 | Epoch time: 29.2 |

2023-01-27 17:36:26,729 - INFO -
| Epoch:    381 | Train loss: 0.0000 | Valid loss: 0.0000 | Train acc: 1.0000 | Valid acc: 1.0000 | patience: 340 | Epoch time: 29.3 |

2023-01-27 17:36:55,945 - INFO -
| Epoch:    382 | Train loss: 0.0000 | Valid loss: 0.0000 | Train acc: 1.0000 | Valid acc: 1.0000 | patience: 341 | Epoch time: 29.2 |

2023-01-27 17:37:25,187 - INFO -
| Epoch:    383 | Train loss: 0.0000 | Valid loss: 0.0001 | Train acc: 0.9991 | Valid acc: 1.0000 | patience: 342 | Epoch time: 29.2 |

2023-01-27 17:37:54,415 - INFO -
| Epoch:    384 | Train loss: 0.0004 | Valid loss: 0.0000 | Train acc: 1.0000 | Valid acc: 0.9998 | patience: 343 | Epoch time: 29.2 |

2023-01-27 17:38:23,654 - INFO -
| Epoch:    385 | Train loss: 0.0000 | Valid loss: 0.0000 | Train acc: 0.9987 | Valid acc: 1.0000 | patience: 344 | Epoch time: 29.2 |

2023-01-27 17:38:52,903 - INFO -
| Epoch:    386 | Train loss: 0.0000 | Valid loss: 0.0000 | Train acc: 1.0000 | Valid acc: 1.0000 | patience: 345 | Epoch time: 29.2 |

2023-01-27 17:39:22,153 - INFO -
| Epoch:    387 | Train loss: 0.0002 | Valid loss: 0.0000 | Train acc: 1.0000 | Valid acc: 1.0000 | patience: 346 | Epoch time: 29.2 |

2023-01-27 17:39:51,685 - INFO -
| Epoch:    388 | Train loss: 0.0000 | Valid loss: 0.0001 | Train acc: 1.0000 | Valid acc: 1.0000 | patience: 347 | Epoch time: 29.5 |

2023-01-27 17:40:20,923 - INFO -
| Epoch:    389 | Train loss: 0.0000 | Valid loss: 0.0000 | Train acc: 1.0000 | Valid acc: 0.9962 | patience: 348 | Epoch time: 29.2 |

2023-01-27 17:40:50,185 - INFO -
| Epoch:    390 | Train loss: 0.0000 | Valid loss: 0.0000 | Train acc: 1.0000 | Valid acc: 1.0000 | patience: 349 | Epoch time: 29.3 |

2023-01-27 17:41:19,431 - INFO -
| Epoch:    391 | Train loss: 0.0000 | Valid loss: 0.0011 | Train acc: 1.0000 | Valid acc: 1.0000 | patience: 350 | Epoch time: 29.2 |

2023-01-27 17:41:48,656 - INFO -
| Epoch:    392 | Train loss: 0.0000 | Valid loss: 0.0001 | Train acc: 1.0000 | Valid acc: 1.0000 | patience: 351 | Epoch time: 29.2 |

2023-01-27 17:42:17,908 - INFO -
| Epoch:    393 | Train loss: 0.0001 | Valid loss: 0.0000 | Train acc: 1.0000 | Valid acc: 1.0000 | patience: 352 | Epoch time: 29.3 |

2023-01-27 17:42:47,141 - INFO -
| Epoch:    394 | Train loss: 0.0000 | Valid loss: 0.0000 | Train acc: 1.0000 | Valid acc: 1.0000 | patience: 353 | Epoch time: 29.2 |

2023-01-27 17:43:16,368 - INFO -
| Epoch:    395 | Train loss: 0.0000 | Valid loss: 0.0000 | Train acc: 0.9971 | Valid acc: 1.0000 | patience: 354 | Epoch time: 29.2 |

2023-01-27 17:43:45,684 - INFO -
| Epoch:    396 | Train loss: 0.0000 | Valid loss: 0.0000 | Train acc: 0.9996 | Valid acc: 1.0000 | patience: 355 | Epoch time: 29.3 |

2023-01-27 17:44:14,906 - INFO -
| Epoch:    397 | Train loss: 0.0000 | Valid loss: 0.0000 | Train acc: 1.0000 | Valid acc: 0.9990 | patience: 356 | Epoch time: 29.2 |

2023-01-27 17:44:44,148 - INFO -
| Epoch:    398 | Train loss: 0.0000 | Valid loss: 0.0000 | Train acc: 1.0000 | Valid acc: 1.0000 | patience: 357 | Epoch time: 29.2 |

2023-01-27 17:45:13,361 - INFO -
| Epoch:    399 | Train loss: 0.0000 | Valid loss: 0.0013 | Train acc: 1.0000 | Valid acc: 1.0000 | patience: 358 | Epoch time: 29.2 |

2023-01-27 17:45:42,575 - INFO -
| Epoch:    400 | Train loss: 0.0000 | Valid loss: 0.0000 | Train acc: 1.0000 | Valid acc: 1.0000 | patience: 359 | Epoch time: 29.2 |

2023-01-27 17:46:11,783 - INFO -
| Epoch:    401 | Train loss: 0.0000 | Valid loss: 0.0006 | Train acc: 1.0000 | Valid acc: 1.0000 | patience: 360 | Epoch time: 29.2 |

2023-01-27 17:46:41,026 - INFO -
| Epoch:    402 | Train loss: 0.0000 | Valid loss: 0.0000 | Train acc: 1.0000 | Valid acc: 1.0000 | patience: 361 | Epoch time: 29.2 |

2023-01-27 17:47:10,265 - INFO -
| Epoch:    403 | Train loss: 0.0000 | Valid loss: 0.0000 | Train acc: 1.0000 | Valid acc: 1.0000 | patience: 362 | Epoch time: 29.2 |

2023-01-27 17:47:39,536 - INFO -
| Epoch:    404 | Train loss: 0.0000 | Valid loss: 0.0005 | Train acc: 1.0000 | Valid acc: 1.0000 | patience: 363 | Epoch time: 29.3 |

2023-01-27 17:48:08,739 - INFO -
| Epoch:    405 | Train loss: 0.0000 | Valid loss: 0.0000 | Train acc: 1.0000 | Valid acc: 1.0000 | patience: 364 | Epoch time: 29.2 |

2023-01-27 17:48:38,010 - INFO -
| Epoch:    406 | Train loss: 0.0000 | Valid loss: 0.0000 | Train acc: 1.0000 | Valid acc: 0.9995 | patience: 365 | Epoch time: 29.3 |

2023-01-27 17:49:07,241 - INFO -
| Epoch:    407 | Train loss: 0.0000 | Valid loss: 0.0000 | Train acc: 1.0000 | Valid acc: 1.0000 | patience: 366 | Epoch time: 29.2 |

2023-01-27 17:49:36,495 - INFO -
| Epoch:    408 | Train loss: 0.0000 | Valid loss: 0.0000 | Train acc: 1.0000 | Valid acc: 1.0000 | patience: 367 | Epoch time: 29.3 |

2023-01-27 17:50:06,027 - INFO -
| Epoch:    409 | Train loss: 0.0000 | Valid loss: 0.0010 | Train acc: 1.0000 | Valid acc: 1.0000 | patience: 368 | Epoch time: 29.5 |

2023-01-27 17:50:35,237 - INFO -
| Epoch:    410 | Train loss: 0.0003 | Valid loss: 0.0000 | Train acc: 1.0000 | Valid acc: 1.0000 | patience: 369 | Epoch time: 29.2 |

2023-01-27 17:51:04,448 - INFO -
| Epoch:    411 | Train loss: 0.0000 | Valid loss: 0.0000 | Train acc: 1.0000 | Valid acc: 1.0000 | patience: 370 | Epoch time: 29.2 |

2023-01-27 17:51:33,673 - INFO -
| Epoch:    412 | Train loss: 0.0000 | Valid loss: 0.0000 | Train acc: 1.0000 | Valid acc: 1.0000 | patience: 371 | Epoch time: 29.2 |

2023-01-27 17:52:02,901 - INFO -
| Epoch:    413 | Train loss: 0.0000 | Valid loss: 0.0000 | Train acc: 1.0000 | Valid acc: 1.0000 | patience: 372 | Epoch time: 29.2 |

2023-01-27 17:52:32,102 - INFO -
| Epoch:    414 | Train loss: 0.0000 | Valid loss: 0.0000 | Train acc: 1.0000 | Valid acc: 1.0000 | patience: 373 | Epoch time: 29.2 |

2023-01-27 17:53:01,332 - INFO -
| Epoch:    415 | Train loss: 0.0000 | Valid loss: 0.0009 | Train acc: 1.0000 | Valid acc: 1.0000 | patience: 374 | Epoch time: 29.2 |

2023-01-27 17:53:30,577 - INFO -
| Epoch:    416 | Train loss: 0.0000 | Valid loss: 0.0000 | Train acc: 1.0000 | Valid acc: 1.0000 | patience: 375 | Epoch time: 29.2 |

2023-01-27 17:53:59,800 - INFO -
| Epoch:    417 | Train loss: 0.0000 | Valid loss: 0.0000 | Train acc: 1.0000 | Valid acc: 1.0000 | patience: 376 | Epoch time: 29.2 |

2023-01-27 17:54:29,013 - INFO -
| Epoch:    418 | Train loss: 0.0000 | Valid loss: 0.0000 | Train acc: 1.0000 | Valid acc: 0.9984 | patience: 377 | Epoch time: 29.2 |

2023-01-27 17:54:58,232 - INFO -
| Epoch:    419 | Train loss: 0.0000 | Valid loss: 0.0000 | Train acc: 1.0000 | Valid acc: 1.0000 | patience: 378 | Epoch time: 29.2 |

2023-01-27 17:55:27,453 - INFO -
| Epoch:    420 | Train loss: 0.0000 | Valid loss: 0.0000 | Train acc: 1.0000 | Valid acc: 1.0000 | patience: 379 | Epoch time: 29.2 |

2023-01-27 17:55:56,659 - INFO -
| Epoch:    421 | Train loss: 0.0000 | Valid loss: 0.0000 | Train acc: 0.9986 | Valid acc: 0.9992 | patience: 380 | Epoch time: 29.2 |

2023-01-27 17:56:25,884 - INFO -
| Epoch:    422 | Train loss: 0.0001 | Valid loss: 0.0000 | Train acc: 1.0000 | Valid acc: 0.9995 | patience: 381 | Epoch time: 29.2 |

2023-01-27 17:56:55,081 - INFO -
| Epoch:    423 | Train loss: 0.0000 | Valid loss: 0.0000 | Train acc: 1.0000 | Valid acc: 1.0000 | patience: 382 | Epoch time: 29.2 |

2023-01-27 17:57:24,270 - INFO -
| Epoch:    424 | Train loss: 0.0000 | Valid loss: 0.0003 | Train acc: 1.0000 | Valid acc: 1.0000 | patience: 383 | Epoch time: 29.2 |

2023-01-27 17:57:53,478 - INFO -
| Epoch:    425 | Train loss: 0.0000 | Valid loss: 0.0000 | Train acc: 1.0000 | Valid acc: 1.0000 | patience: 384 | Epoch time: 29.2 |

2023-01-27 17:58:22,676 - INFO -
| Epoch:    426 | Train loss: 0.0000 | Valid loss: 0.0000 | Train acc: 1.0000 | Valid acc: 1.0000 | patience: 385 | Epoch time: 29.2 |

2023-01-27 17:58:51,930 - INFO -
| Epoch:    427 | Train loss: 0.0000 | Valid loss: 0.0000 | Train acc: 1.0000 | Valid acc: 0.9992 | patience: 386 | Epoch time: 29.3 |

2023-01-27 17:59:21,144 - INFO -
| Epoch:    428 | Train loss: 0.0000 | Valid loss: 0.0000 | Train acc: 0.9999 | Valid acc: 1.0000 | patience: 387 | Epoch time: 29.2 |

2023-01-27 17:59:50,391 - INFO -
| Epoch:    429 | Train loss: 0.0000 | Valid loss: 0.0000 | Train acc: 0.9991 | Valid acc: 1.0000 | patience: 388 | Epoch time: 29.2 |

2023-01-27 18:00:19,626 - INFO -
| Epoch:    430 | Train loss: 0.0000 | Valid loss: 0.0002 | Train acc: 1.0000 | Valid acc: 1.0000 | patience: 389 | Epoch time: 29.2 |

2023-01-27 18:00:48,847 - INFO -
| Epoch:    431 | Train loss: 0.0000 | Valid loss: 0.0000 | Train acc: 1.0000 | Valid acc: 1.0000 | patience: 390 | Epoch time: 29.2 |

2023-01-27 18:01:18,063 - INFO -
| Epoch:    432 | Train loss: 0.0000 | Valid loss: 0.0000 | Train acc: 1.0000 | Valid acc: 1.0000 | patience: 391 | Epoch time: 29.2 |

2023-01-27 18:01:47,268 - INFO -
| Epoch:    433 | Train loss: 0.0000 | Valid loss: 0.0000 | Train acc: 1.0000 | Valid acc: 1.0000 | patience: 392 | Epoch time: 29.2 |

2023-01-27 18:02:16,491 - INFO -
| Epoch:    434 | Train loss: 0.0000 | Valid loss: 0.0000 | Train acc: 1.0000 | Valid acc: 1.0000 | patience: 393 | Epoch time: 29.2 |

2023-01-27 18:02:45,733 - INFO -
| Epoch:    435 | Train loss: 0.0000 | Valid loss: 0.0000 | Train acc: 1.0000 | Valid acc: 1.0000 | patience: 394 | Epoch time: 29.2 |

2023-01-27 18:03:14,987 - INFO -
| Epoch:    436 | Train loss: 0.0001 | Valid loss: 0.0000 | Train acc: 1.0000 | Valid acc: 1.0000 | patience: 395 | Epoch time: 29.3 |

2023-01-27 18:03:44,226 - INFO -
| Epoch:    437 | Train loss: 0.0001 | Valid loss: 0.0000 | Train acc: 1.0000 | Valid acc: 1.0000 | patience: 396 | Epoch time: 29.2 |

2023-01-27 18:04:13,431 - INFO -
| Epoch:    438 | Train loss: 0.0000 | Valid loss: 0.0001 | Train acc: 1.0000 | Valid acc: 1.0000 | patience: 397 | Epoch time: 29.2 |

2023-01-27 18:04:42,639 - INFO -
| Epoch:    439 | Train loss: 0.0003 | Valid loss: 0.0000 | Train acc: 1.0000 | Valid acc: 1.0000 | patience: 398 | Epoch time: 29.2 |

2023-01-27 18:05:11,859 - INFO -
| Epoch:    440 | Train loss: 0.0000 | Valid loss: 0.0000 | Train acc: 1.0000 | Valid acc: 1.0000 | patience: 399 | Epoch time: 29.2 |

2023-01-27 18:05:41,087 - INFO -
| Epoch:    441 | Train loss: 0.0000 | Valid loss: 0.0000 | Train acc: 1.0000 | Valid acc: 1.0000 | patience: 400 | Epoch time: 29.2 |

2023-01-27 18:06:10,854 - INFO -
| Epoch:    442 | Train loss: 0.0000 | Valid loss: 0.0000 | Train acc: 1.0000 | Valid acc: 1.0000 | patience: 401 | Epoch time: 29.8 |

2023-01-27 18:06:40,127 - INFO -
| Epoch:    443 | Train loss: 0.0003 | Valid loss: 0.0000 | Train acc: 1.0000 | Valid acc: 1.0000 | patience: 402 | Epoch time: 29.2 |

2023-01-27 18:07:09,376 - INFO -
| Epoch:    444 | Train loss: 0.0001 | Valid loss: 0.0000 | Train acc: 1.0000 | Valid acc: 1.0000 | patience: 403 | Epoch time: 29.2 |

2023-01-27 18:07:38,608 - INFO -
| Epoch:    445 | Train loss: 0.0000 | Valid loss: 0.0014 | Train acc: 1.0000 | Valid acc: 0.9999 | patience: 404 | Epoch time: 29.2 |

2023-01-27 18:08:07,827 - INFO -
| Epoch:    446 | Train loss: 0.0000 | Valid loss: 0.0000 | Train acc: 1.0000 | Valid acc: 1.0000 | patience: 405 | Epoch time: 29.2 |

2023-01-27 18:08:37,095 - INFO -
| Epoch:    447 | Train loss: 0.0030 | Valid loss: 0.0000 | Train acc: 1.0000 | Valid acc: 1.0000 | patience: 406 | Epoch time: 29.3 |

2023-01-27 18:09:06,949 - INFO -
| Epoch:    448 | Train loss: 0.0001 | Valid loss: 0.0021 | Train acc: 1.0000 | Valid acc: 1.0000 | patience: 407 | Epoch time: 29.9 |

2023-01-27 18:09:36,159 - INFO -
| Epoch:    449 | Train loss: 0.0000 | Valid loss: 0.0000 | Train acc: 1.0000 | Valid acc: 1.0000 | patience: 408 | Epoch time: 29.2 |

2023-01-27 18:10:05,416 - INFO -
| Epoch:    450 | Train loss: 0.0000 | Valid loss: 0.0000 | Train acc: 1.0000 | Valid acc: 1.0000 | patience: 409 | Epoch time: 29.3 |

2023-01-27 18:10:34,685 - INFO -
| Epoch:    451 | Train loss: 0.0000 | Valid loss: 0.0000 | Train acc: 1.0000 | Valid acc: 1.0000 | patience: 410 | Epoch time: 29.3 |

2023-01-27 18:11:03,921 - INFO -
| Epoch:    452 | Train loss: 0.0000 | Valid loss: 0.0000 | Train acc: 1.0000 | Valid acc: 1.0000 | patience: 411 | Epoch time: 29.2 |

2023-01-27 18:11:33,155 - INFO -
| Epoch:    453 | Train loss: 0.0000 | Valid loss: 0.0000 | Train acc: 1.0000 | Valid acc: 1.0000 | patience: 412 | Epoch time: 29.2 |

2023-01-27 18:12:02,421 - INFO -
| Epoch:    454 | Train loss: 0.0000 | Valid loss: 0.0000 | Train acc: 1.0000 | Valid acc: 1.0000 | patience: 413 | Epoch time: 29.3 |

2023-01-27 18:12:31,643 - INFO -
| Epoch:    455 | Train loss: 0.0000 | Valid loss: 0.0000 | Train acc: 1.0000 | Valid acc: 1.0000 | patience: 414 | Epoch time: 29.2 |

2023-01-27 18:13:00,868 - INFO -
| Epoch:    456 | Train loss: 0.0000 | Valid loss: 0.0000 | Train acc: 1.0000 | Valid acc: 1.0000 | patience: 415 | Epoch time: 29.2 |

2023-01-27 18:13:30,127 - INFO -
| Epoch:    457 | Train loss: 0.0007 | Valid loss: 0.0000 | Train acc: 1.0000 | Valid acc: 1.0000 | patience: 416 | Epoch time: 29.3 |

2023-01-27 18:13:59,357 - INFO -
| Epoch:    458 | Train loss: 0.0000 | Valid loss: 0.0000 | Train acc: 1.0000 | Valid acc: 1.0000 | patience: 417 | Epoch time: 29.2 |

2023-01-27 18:14:28,589 - INFO -
| Epoch:    459 | Train loss: 0.0000 | Valid loss: 0.0000 | Train acc: 1.0000 | Valid acc: 0.9992 | patience: 418 | Epoch time: 29.2 |

2023-01-27 18:14:57,831 - INFO -
| Epoch:    460 | Train loss: 0.0001 | Valid loss: 0.0001 | Train acc: 1.0000 | Valid acc: 1.0000 | patience: 419 | Epoch time: 29.2 |

2023-01-27 18:15:27,088 - INFO -
| Epoch:    461 | Train loss: 0.0011 | Valid loss: 0.0000 | Train acc: 1.0000 | Valid acc: 1.0000 | patience: 420 | Epoch time: 29.3 |

2023-01-27 18:15:56,309 - INFO -
| Epoch:    462 | Train loss: 0.0000 | Valid loss: 0.0000 | Train acc: 1.0000 | Valid acc: 1.0000 | patience: 421 | Epoch time: 29.2 |

2023-01-27 18:16:25,536 - INFO -
| Epoch:    463 | Train loss: 0.0000 | Valid loss: 0.0002 | Train acc: 0.9998 | Valid acc: 1.0000 | patience: 422 | Epoch time: 29.2 |

2023-01-27 18:16:54,768 - INFO -
| Epoch:    464 | Train loss: 0.0000 | Valid loss: 0.0000 | Train acc: 1.0000 | Valid acc: 1.0000 | patience: 423 | Epoch time: 29.2 |

2023-01-27 18:17:24,033 - INFO -
| Epoch:    465 | Train loss: 0.0009 | Valid loss: 0.0004 | Train acc: 0.9998 | Valid acc: 1.0000 | patience: 424 | Epoch time: 29.3 |

2023-01-27 18:17:53,257 - INFO -
| Epoch:    466 | Train loss: 0.0000 | Valid loss: 0.0000 | Train acc: 1.0000 | Valid acc: 1.0000 | patience: 425 | Epoch time: 29.2 |

2023-01-27 18:18:22,513 - INFO -
| Epoch:    467 | Train loss: 0.0000 | Valid loss: 0.0007 | Train acc: 1.0000 | Valid acc: 1.0000 | patience: 426 | Epoch time: 29.3 |

2023-01-27 18:18:51,784 - INFO -
| Epoch:    468 | Train loss: 0.0000 | Valid loss: 0.0000 | Train acc: 1.0000 | Valid acc: 1.0000 | patience: 427 | Epoch time: 29.3 |

2023-01-27 18:19:21,361 - INFO -
| Epoch:    469 | Train loss: 0.0001 | Valid loss: 0.0001 | Train acc: 0.9998 | Valid acc: 1.0000 | patience: 428 | Epoch time: 29.6 |

2023-01-27 18:19:50,607 - INFO -
| Epoch:    470 | Train loss: 0.0000 | Valid loss: 0.0000 | Train acc: 1.0000 | Valid acc: 1.0000 | patience: 429 | Epoch time: 29.2 |

2023-01-27 18:20:19,837 - INFO -
| Epoch:    471 | Train loss: 0.0000 | Valid loss: 0.0000 | Train acc: 1.0000 | Valid acc: 1.0000 | patience: 430 | Epoch time: 29.2 |

2023-01-27 18:20:49,061 - INFO -
| Epoch:    472 | Train loss: 0.0000 | Valid loss: 0.0000 | Train acc: 1.0000 | Valid acc: 1.0000 | patience: 431 | Epoch time: 29.2 |

2023-01-27 18:21:18,272 - INFO -
| Epoch:    473 | Train loss: 0.0000 | Valid loss: 0.0000 | Train acc: 1.0000 | Valid acc: 1.0000 | patience: 432 | Epoch time: 29.2 |

2023-01-27 18:21:47,495 - INFO -
| Epoch:    474 | Train loss: 0.0000 | Valid loss: 0.0000 | Train acc: 1.0000 | Valid acc: 1.0000 | patience: 433 | Epoch time: 29.2 |

2023-01-27 18:22:16,725 - INFO -
| Epoch:    475 | Train loss: 0.0000 | Valid loss: 0.0001 | Train acc: 1.0000 | Valid acc: 1.0000 | patience: 434 | Epoch time: 29.2 |

2023-01-27 18:22:45,969 - INFO -
| Epoch:    476 | Train loss: 0.0000 | Valid loss: 0.0004 | Train acc: 1.0000 | Valid acc: 1.0000 | patience: 435 | Epoch time: 29.2 |

2023-01-27 18:23:15,244 - INFO -
| Epoch:    477 | Train loss: 0.0015 | Valid loss: 0.0000 | Train acc: 1.0000 | Valid acc: 1.0000 | patience: 436 | Epoch time: 29.3 |

2023-01-27 18:23:44,489 - INFO -
| Epoch:    478 | Train loss: 0.0000 | Valid loss: 0.0014 | Train acc: 1.0000 | Valid acc: 1.0000 | patience: 437 | Epoch time: 29.2 |

2023-01-27 18:24:13,720 - INFO -
| Epoch:    479 | Train loss: 0.0000 | Valid loss: 0.0000 | Train acc: 1.0000 | Valid acc: 1.0000 | patience: 438 | Epoch time: 29.2 |

2023-01-27 18:24:42,961 - INFO -
| Epoch:    480 | Train loss: 0.0000 | Valid loss: 0.0000 | Train acc: 1.0000 | Valid acc: 1.0000 | patience: 439 | Epoch time: 29.2 |

2023-01-27 18:25:12,207 - INFO -
| Epoch:    481 | Train loss: 0.0000 | Valid loss: 0.0000 | Train acc: 1.0000 | Valid acc: 1.0000 | patience: 440 | Epoch time: 29.2 |

2023-01-27 18:25:41,434 - INFO -
| Epoch:    482 | Train loss: 0.0000 | Valid loss: 0.0000 | Train acc: 1.0000 | Valid acc: 0.9995 | patience: 441 | Epoch time: 29.2 |

2023-01-27 18:26:10,663 - INFO -
| Epoch:    483 | Train loss: 0.0000 | Valid loss: 0.0000 | Train acc: 1.0000 | Valid acc: 1.0000 | patience: 442 | Epoch time: 29.2 |

2023-01-27 18:26:39,905 - INFO -
| Epoch:    484 | Train loss: 0.0000 | Valid loss: 0.0004 | Train acc: 1.0000 | Valid acc: 1.0000 | patience: 443 | Epoch time: 29.2 |

2023-01-27 18:27:09,123 - INFO -
| Epoch:    485 | Train loss: 0.0000 | Valid loss: 0.0000 | Train acc: 1.0000 | Valid acc: 1.0000 | patience: 444 | Epoch time: 29.2 |

2023-01-27 18:27:38,347 - INFO -
| Epoch:    486 | Train loss: 0.0000 | Valid loss: 0.0000 | Train acc: 1.0000 | Valid acc: 1.0000 | patience: 445 | Epoch time: 29.2 |

2023-01-27 18:28:07,574 - INFO -
| Epoch:    487 | Train loss: 0.0000 | Valid loss: 0.0000 | Train acc: 1.0000 | Valid acc: 1.0000 | patience: 446 | Epoch time: 29.2 |

2023-01-27 18:28:36,789 - INFO -
| Epoch:    488 | Train loss: 0.0000 | Valid loss: 0.0000 | Train acc: 1.0000 | Valid acc: 1.0000 | patience: 447 | Epoch time: 29.2 |

2023-01-27 18:29:06,031 - INFO -
| Epoch:    489 | Train loss: 0.0000 | Valid loss: 0.0000 | Train acc: 1.0000 | Valid acc: 1.0000 | patience: 448 | Epoch time: 29.2 |

2023-01-27 18:29:35,270 - INFO -
| Epoch:    490 | Train loss: 0.0000 | Valid loss: 0.0000 | Train acc: 1.0000 | Valid acc: 1.0000 | patience: 449 | Epoch time: 29.2 |

2023-01-27 18:30:04,542 - INFO -
| Epoch:    491 | Train loss: 0.0000 | Valid loss: 0.0000 | Train acc: 1.0000 | Valid acc: 1.0000 | patience: 450 | Epoch time: 29.3 |

2023-01-27 18:30:33,787 - INFO -
| Epoch:    492 | Train loss: 0.0000 | Valid loss: 0.0000 | Train acc: 1.0000 | Valid acc: 1.0000 | patience: 451 | Epoch time: 29.2 |

2023-01-27 18:31:03,023 - INFO -
| Epoch:    493 | Train loss: 0.0000 | Valid loss: 0.0000 | Train acc: 1.0000 | Valid acc: 1.0000 | patience: 452 | Epoch time: 29.2 |

2023-01-27 18:31:32,279 - INFO -
| Epoch:    494 | Train loss: 0.0000 | Valid loss: 0.0000 | Train acc: 1.0000 | Valid acc: 1.0000 | patience: 453 | Epoch time: 29.3 |

2023-01-27 18:32:01,551 - INFO -
| Epoch:    495 | Train loss: 0.0000 | Valid loss: 0.0000 | Train acc: 1.0000 | Valid acc: 1.0000 | patience: 454 | Epoch time: 29.3 |

2023-01-27 18:32:30,793 - INFO -
| Epoch:    496 | Train loss: 0.0000 | Valid loss: 0.0000 | Train acc: 1.0000 | Valid acc: 1.0000 | patience: 455 | Epoch time: 29.2 |

2023-01-27 18:33:00,029 - INFO -
| Epoch:    497 | Train loss: 0.0000 | Valid loss: 0.0000 | Train acc: 1.0000 | Valid acc: 1.0000 | patience: 456 | Epoch time: 29.2 |

2023-01-27 18:33:29,259 - INFO -
| Epoch:    498 | Train loss: 0.0000 | Valid loss: 0.0000 | Train acc: 1.0000 | Valid acc: 1.0000 | patience: 457 | Epoch time: 29.2 |

2023-01-27 18:33:58,476 - INFO -
| Epoch:    499 | Train loss: 0.0008 | Valid loss: 0.0000 | Train acc: 1.0000 | Valid acc: 1.0000 | patience: 458 | Epoch time: 29.2 |

2023-01-27 18:34:27,721 - INFO -
| Epoch:    500 | Train loss: 0.0000 | Valid loss: 0.0000 | Train acc: 1.0000 | Valid acc: 1.0000 | patience: 459 | Epoch time: 29.2 |

2023-01-27 18:34:56,976 - INFO -
| Epoch:    501 | Train loss: 0.0000 | Valid loss: 0.0000 | Train acc: 1.0000 | Valid acc: 1.0000 | patience: 460 | Epoch time: 29.3 |

2023-01-27 18:35:26,221 - INFO -
| Epoch:    502 | Train loss: 0.0000 | Valid loss: 0.0000 | Train acc: 1.0000 | Valid acc: 1.0000 | patience: 461 | Epoch time: 29.2 |

2023-01-27 18:35:55,486 - INFO -
| Epoch:    503 | Train loss: 0.0000 | Valid loss: 0.0000 | Train acc: 1.0000 | Valid acc: 1.0000 | patience: 462 | Epoch time: 29.3 |

2023-01-27 18:36:24,743 - INFO -
| Epoch:    504 | Train loss: 0.0000 | Valid loss: 0.0000 | Train acc: 1.0000 | Valid acc: 1.0000 | patience: 463 | Epoch time: 29.3 |

2023-01-27 18:36:53,983 - INFO -
| Epoch:    505 | Train loss: 0.0000 | Valid loss: 0.0000 | Train acc: 1.0000 | Valid acc: 1.0000 | patience: 464 | Epoch time: 29.2 |

2023-01-27 18:37:23,220 - INFO -
| Epoch:    506 | Train loss: 0.0000 | Valid loss: 0.0000 | Train acc: 0.9999 | Valid acc: 1.0000 | patience: 465 | Epoch time: 29.2 |

2023-01-27 18:37:52,488 - INFO -
| Epoch:    507 | Train loss: 0.0000 | Valid loss: 0.0000 | Train acc: 1.0000 | Valid acc: 1.0000 | patience: 466 | Epoch time: 29.3 |

2023-01-27 18:38:22,033 - INFO -
| Epoch:    508 | Train loss: 0.0000 | Valid loss: 0.0000 | Train acc: 1.0000 | Valid acc: 1.0000 | patience: 467 | Epoch time: 29.5 |

2023-01-27 18:38:51,259 - INFO -
| Epoch:    509 | Train loss: 0.0000 | Valid loss: 0.0000 | Train acc: 1.0000 | Valid acc: 1.0000 | patience: 468 | Epoch time: 29.2 |

2023-01-27 18:39:20,493 - INFO -
| Epoch:    510 | Train loss: 0.0000 | Valid loss: 0.0006 | Train acc: 1.0000 | Valid acc: 1.0000 | patience: 469 | Epoch time: 29.2 |

2023-01-27 18:39:49,716 - INFO -
| Epoch:    511 | Train loss: 0.0000 | Valid loss: 0.0000 | Train acc: 1.0000 | Valid acc: 1.0000 | patience: 470 | Epoch time: 29.2 |

2023-01-27 18:40:18,917 - INFO -
| Epoch:    512 | Train loss: 0.0000 | Valid loss: 0.0000 | Train acc: 1.0000 | Valid acc: 1.0000 | patience: 471 | Epoch time: 29.2 |

2023-01-27 18:40:48,112 - INFO -
| Epoch:    513 | Train loss: 0.0000 | Valid loss: 0.0005 | Train acc: 1.0000 | Valid acc: 1.0000 | patience: 472 | Epoch time: 29.2 |

2023-01-27 18:41:17,306 - INFO -
| Epoch:    514 | Train loss: 0.0000 | Valid loss: 0.0000 | Train acc: 1.0000 | Valid acc: 1.0000 | patience: 473 | Epoch time: 29.2 |

2023-01-27 18:41:46,494 - INFO -
| Epoch:    515 | Train loss: 0.0000 | Valid loss: 0.0000 | Train acc: 1.0000 | Valid acc: 1.0000 | patience: 474 | Epoch time: 29.2 |

2023-01-27 18:42:15,675 - INFO -
| Epoch:    516 | Train loss: 0.0000 | Valid loss: 0.0000 | Train acc: 1.0000 | Valid acc: 1.0000 | patience: 475 | Epoch time: 29.2 |

2023-01-27 18:42:44,864 - INFO -
| Epoch:    517 | Train loss: 0.0000 | Valid loss: 0.0000 | Train acc: 1.0000 | Valid acc: 1.0000 | patience: 476 | Epoch time: 29.2 |

2023-01-27 18:43:14,053 - INFO -
| Epoch:    518 | Train loss: 0.0000 | Valid loss: 0.0000 | Train acc: 0.9999 | Valid acc: 1.0000 | patience: 477 | Epoch time: 29.2 |

2023-01-27 18:43:43,231 - INFO -
| Epoch:    519 | Train loss: 0.0000 | Valid loss: 0.0000 | Train acc: 1.0000 | Valid acc: 1.0000 | patience: 478 | Epoch time: 29.2 |

2023-01-27 18:44:12,431 - INFO -
| Epoch:    520 | Train loss: 0.0000 | Valid loss: 0.0000 | Train acc: 1.0000 | Valid acc: 0.9976 | patience: 479 | Epoch time: 29.2 |

2023-01-27 18:44:41,612 - INFO -
| Epoch:    521 | Train loss: 0.0000 | Valid loss: 0.0002 | Train acc: 1.0000 | Valid acc: 1.0000 | patience: 480 | Epoch time: 29.2 |

2023-01-27 18:45:10,799 - INFO -
| Epoch:    522 | Train loss: 0.0000 | Valid loss: 0.0000 | Train acc: 1.0000 | Valid acc: 1.0000 | patience: 481 | Epoch time: 29.2 |

2023-01-27 18:45:39,991 - INFO -
| Epoch:    523 | Train loss: 0.0000 | Valid loss: 0.0000 | Train acc: 1.0000 | Valid acc: 1.0000 | patience: 482 | Epoch time: 29.2 |

2023-01-27 18:46:09,170 - INFO -
| Epoch:    524 | Train loss: 0.0000 | Valid loss: 0.0000 | Train acc: 1.0000 | Valid acc: 1.0000 | patience: 483 | Epoch time: 29.2 |

2023-01-27 18:46:38,362 - INFO -
| Epoch:    525 | Train loss: 0.0000 | Valid loss: 0.0000 | Train acc: 1.0000 | Valid acc: 1.0000 | patience: 484 | Epoch time: 29.2 |

2023-01-27 18:47:07,547 - INFO -
| Epoch:    526 | Train loss: 0.0000 | Valid loss: 0.0000 | Train acc: 1.0000 | Valid acc: 1.0000 | patience: 485 | Epoch time: 29.2 |

2023-01-27 18:47:36,760 - INFO -
| Epoch:    527 | Train loss: 0.0000 | Valid loss: 0.0000 | Train acc: 1.0000 | Valid acc: 1.0000 | patience: 486 | Epoch time: 29.2 |

2023-01-27 18:48:06,328 - INFO -
| Epoch:    528 | Train loss: 0.0003 | Valid loss: 0.0000 | Train acc: 1.0000 | Valid acc: 1.0000 | patience: 487 | Epoch time: 29.6 |

2023-01-27 18:48:35,647 - INFO -
| Epoch:    529 | Train loss: 0.0000 | Valid loss: 0.0001 | Train acc: 0.9961 | Valid acc: 1.0000 | patience: 488 | Epoch time: 29.3 |

2023-01-27 18:49:04,858 - INFO -
| Epoch:    530 | Train loss: 0.0000 | Valid loss: 0.0000 | Train acc: 1.0000 | Valid acc: 1.0000 | patience: 489 | Epoch time: 29.2 |

2023-01-27 18:49:34,020 - INFO -
| Epoch:    531 | Train loss: 0.0000 | Valid loss: 0.0000 | Train acc: 1.0000 | Valid acc: 1.0000 | patience: 490 | Epoch time: 29.2 |

2023-01-27 18:50:03,185 - INFO -
| Epoch:    532 | Train loss: 0.0000 | Valid loss: 0.0000 | Train acc: 1.0000 | Valid acc: 1.0000 | patience: 491 | Epoch time: 29.2 |

2023-01-27 18:50:32,378 - INFO -
| Epoch:    533 | Train loss: 0.0000 | Valid loss: 0.0000 | Train acc: 1.0000 | Valid acc: 1.0000 | patience: 492 | Epoch time: 29.2 |

2023-01-27 18:51:01,586 - INFO -
| Epoch:    534 | Train loss: 0.0000 | Valid loss: 0.0000 | Train acc: 1.0000 | Valid acc: 1.0000 | patience: 493 | Epoch time: 29.2 |

2023-01-27 18:51:30,770 - INFO -
| Epoch:    535 | Train loss: 0.0000 | Valid loss: 0.0000 | Train acc: 1.0000 | Valid acc: 1.0000 | patience: 494 | Epoch time: 29.2 |

2023-01-27 18:51:59,964 - INFO -
| Epoch:    536 | Train loss: 0.0000 | Valid loss: 0.0000 | Train acc: 1.0000 | Valid acc: 1.0000 | patience: 495 | Epoch time: 29.2 |

2023-01-27 18:52:29,182 - INFO -
| Epoch:    537 | Train loss: 0.0000 | Valid loss: 0.0000 | Train acc: 1.0000 | Valid acc: 0.9999 | patience: 496 | Epoch time: 29.2 |

2023-01-27 18:52:58,377 - INFO -
| Epoch:    538 | Train loss: 0.0000 | Valid loss: 0.0000 | Train acc: 1.0000 | Valid acc: 0.9992 | patience: 497 | Epoch time: 29.2 |

2023-01-27 18:53:27,553 - INFO -
| Epoch:    539 | Train loss: 0.0000 | Valid loss: 0.0000 | Train acc: 1.0000 | Valid acc: 1.0000 | patience: 498 | Epoch time: 29.2 |

2023-01-27 18:53:56,731 - INFO -
| Epoch:    540 | Train loss: 0.0000 | Valid loss: 0.0000 | Train acc: 1.0000 | Valid acc: 1.0000 | patience: 499 | Epoch time: 29.2 |

2023-01-27 18:54:25,895 - INFO -
| Epoch:    541 | Train loss: 0.0000 | Valid loss: 0.0000 | Train acc: 1.0000 | Valid acc: 1.0000 | patience: 500 | Epoch time: 29.2 |

2023-01-27 18:54:55,067 - INFO -
Early stop.

2023-01-27 18:54:56,046 - INFO -
Training if finished.

