2023-01-07 18:14:31,730 - INFO -
gmin                0.01
gmax                10.0
T                   0.1
m                   0.3
ACT_eta1            0.134
ACT_eta2            0.962
ACT_eta3            0.183
ACT_eta4            24.1
NEG_eta1            -0.104
NEG_eta2            0.899
NEG_eta3            -0.056
NEG_eta4            3.858
hidden              [3]
SEED                9
DEVICE              cuda
TIMELIMITATION      45
PATIENCE            500
EPOCH               10000000000
DATASET             0
LR                  0.1
PROGRESSIVE         False
LR_PATIENCE         100
LR_DECAY            0.5
LR_MIN              0.0001
MODE                nominal
M_train             1
K_train             1
M_test              500
K_test              500
t_test_max          10
integration         MC
VARIATION           False
N_train             1
e_train             0.0
N_test              100
e_test              0.1
projectname         ICCAD_2022
temppath            ./ICCAD_2022/temp/
logfilepath         ./ICCAD_2022/log/
recording           False
recordpath          ./ICCAD_2022/record/
savepath            ./ICCAD_2022/models/
loglevel            info


2023-01-07 18:14:31,730 - INFO -
Training network on device: cuda.

2023-01-07 18:14:31,730 - INFO -
Training setup: acuteinflammation_9_nominal_0.0_1_MC.

2023-01-07 18:14:31,730 - INFO -
Dataset "acuteinflammation" has 6 input features and 2 classes. There are 70 training examples, 23 valid examples, and 25 test examples in the dataset.

2023-01-07 18:14:31,731 - INFO -
Topology of the network: [6, 3, 2].

2023-01-07 18:14:32,442 - INFO -
| Epoch:      0 | Train loss: 0.7000 | Valid loss: 0.8979 | Train acc: 0.5286 | Valid acc: 0.0000 | patience:   0 | Epoch time: 0.7 |

2023-01-07 18:14:32,926 - INFO -
| Epoch:      1 | Train loss: 0.9261 | Valid loss: 0.6419 | Train acc: 0.0571 | Valid acc: 0.6087 | patience:   0 | Epoch time: 0.5 |

2023-01-07 18:14:33,405 - INFO -
| Epoch:      2 | Train loss: 0.7250 | Valid loss: 0.6114 | Train acc: 0.5286 | Valid acc: 0.6087 | patience:   0 | Epoch time: 0.5 |

2023-01-07 18:14:33,899 - INFO -
| Epoch:      3 | Train loss: 0.7372 | Valid loss: 0.6175 | Train acc: 0.5286 | Valid acc: 0.6087 | patience:   1 | Epoch time: 0.5 |

2023-01-07 18:14:34,376 - INFO -
| Epoch:      4 | Train loss: 0.6971 | Valid loss: 0.6262 | Train acc: 0.5286 | Valid acc: 0.6087 | patience:   2 | Epoch time: 0.5 |

2023-01-07 18:14:34,854 - INFO -
| Epoch:      5 | Train loss: 0.6757 | Valid loss: 0.5297 | Train acc: 0.5286 | Valid acc: 0.8261 | patience:   0 | Epoch time: 0.5 |

2023-01-07 18:14:35,336 - INFO -
| Epoch:      6 | Train loss: 0.5628 | Valid loss: 0.3778 | Train acc: 0.8429 | Valid acc: 0.8261 | patience:   0 | Epoch time: 0.5 |

2023-01-07 18:14:35,815 - INFO -
| Epoch:      7 | Train loss: 0.3905 | Valid loss: 0.2382 | Train acc: 0.8429 | Valid acc: 0.9565 | patience:   0 | Epoch time: 0.5 |

2023-01-07 18:14:36,297 - INFO -
| Epoch:      8 | Train loss: 0.2395 | Valid loss: 0.1467 | Train acc: 0.8857 | Valid acc: 0.9130 | patience:   0 | Epoch time: 0.5 |

2023-01-07 18:14:36,776 - INFO -
| Epoch:      9 | Train loss: 0.1689 | Valid loss: 0.1046 | Train acc: 0.8857 | Valid acc: 0.9130 | patience:   0 | Epoch time: 0.5 |

2023-01-07 18:14:37,257 - INFO -
| Epoch:     10 | Train loss: 0.1354 | Valid loss: 0.0783 | Train acc: 0.8857 | Valid acc: 0.9565 | patience:   0 | Epoch time: 0.5 |

2023-01-07 18:14:37,737 - INFO -
| Epoch:     11 | Train loss: 0.1066 | Valid loss: 0.0270 | Train acc: 0.8857 | Valid acc: 1.0000 | patience:   0 | Epoch time: 0.5 |

2023-01-07 18:14:38,218 - INFO -
| Epoch:     12 | Train loss: 0.0444 | Valid loss: 0.0000 | Train acc: 1.0000 | Valid acc: 1.0000 | patience:   0 | Epoch time: 0.5 |

2023-01-07 18:14:38,695 - INFO -
| Epoch:     13 | Train loss: 0.0000 | Valid loss: 0.0000 | Train acc: 1.0000 | Valid acc: 1.0000 | patience:   1 | Epoch time: 0.5 |

2023-01-07 18:14:39,173 - INFO -
| Epoch:     14 | Train loss: 0.0000 | Valid loss: 0.0000 | Train acc: 1.0000 | Valid acc: 1.0000 | patience:   2 | Epoch time: 0.5 |

2023-01-07 18:14:39,649 - INFO -
| Epoch:     15 | Train loss: 0.0000 | Valid loss: 0.0000 | Train acc: 1.0000 | Valid acc: 1.0000 | patience:   3 | Epoch time: 0.5 |

2023-01-07 18:14:40,128 - INFO -
| Epoch:     16 | Train loss: 0.0000 | Valid loss: 0.0000 | Train acc: 1.0000 | Valid acc: 1.0000 | patience:   4 | Epoch time: 0.5 |

2023-01-07 18:14:40,605 - INFO -
| Epoch:     17 | Train loss: 0.0001 | Valid loss: 0.0000 | Train acc: 1.0000 | Valid acc: 1.0000 | patience:   5 | Epoch time: 0.5 |

2023-01-07 18:14:41,082 - INFO -
| Epoch:     18 | Train loss: 0.0000 | Valid loss: 0.0000 | Train acc: 1.0000 | Valid acc: 1.0000 | patience:   6 | Epoch time: 0.5 |

2023-01-07 18:14:41,559 - INFO -
| Epoch:     19 | Train loss: 0.0000 | Valid loss: 0.0000 | Train acc: 1.0000 | Valid acc: 1.0000 | patience:   7 | Epoch time: 0.5 |

2023-01-07 18:14:42,036 - INFO -
| Epoch:     20 | Train loss: 0.0000 | Valid loss: 0.0000 | Train acc: 1.0000 | Valid acc: 1.0000 | patience:   8 | Epoch time: 0.5 |

2023-01-07 18:14:42,514 - INFO -
| Epoch:     21 | Train loss: 0.0000 | Valid loss: 0.0046 | Train acc: 1.0000 | Valid acc: 1.0000 | patience:   9 | Epoch time: 0.5 |

2023-01-07 18:14:42,991 - INFO -
| Epoch:     22 | Train loss: 0.0059 | Valid loss: 0.0000 | Train acc: 1.0000 | Valid acc: 1.0000 | patience:  10 | Epoch time: 0.5 |

2023-01-07 18:14:43,468 - INFO -
| Epoch:     23 | Train loss: 0.0038 | Valid loss: 0.0000 | Train acc: 1.0000 | Valid acc: 1.0000 | patience:  11 | Epoch time: 0.5 |

2023-01-07 18:14:43,945 - INFO -
| Epoch:     24 | Train loss: 0.0000 | Valid loss: 0.0000 | Train acc: 1.0000 | Valid acc: 1.0000 | patience:  12 | Epoch time: 0.5 |

2023-01-07 18:14:44,424 - INFO -
| Epoch:     25 | Train loss: 0.0000 | Valid loss: 0.0000 | Train acc: 1.0000 | Valid acc: 1.0000 | patience:  13 | Epoch time: 0.5 |

2023-01-07 18:14:44,902 - INFO -
| Epoch:     26 | Train loss: 0.0000 | Valid loss: 0.0009 | Train acc: 1.0000 | Valid acc: 1.0000 | patience:  14 | Epoch time: 0.5 |

2023-01-07 18:14:45,378 - INFO -
| Epoch:     27 | Train loss: 0.0010 | Valid loss: 0.0000 | Train acc: 1.0000 | Valid acc: 1.0000 | patience:  15 | Epoch time: 0.5 |

2023-01-07 18:14:45,855 - INFO -
| Epoch:     28 | Train loss: 0.0000 | Valid loss: 0.0000 | Train acc: 1.0000 | Valid acc: 1.0000 | patience:  16 | Epoch time: 0.5 |

2023-01-07 18:14:46,335 - INFO -
| Epoch:     29 | Train loss: 0.0000 | Valid loss: 0.0000 | Train acc: 1.0000 | Valid acc: 1.0000 | patience:  17 | Epoch time: 0.5 |

2023-01-07 18:14:46,813 - INFO -
| Epoch:     30 | Train loss: 0.0000 | Valid loss: 0.0178 | Train acc: 1.0000 | Valid acc: 1.0000 | patience:  18 | Epoch time: 0.5 |

2023-01-07 18:14:47,291 - INFO -
| Epoch:     31 | Train loss: 0.0245 | Valid loss: 0.0000 | Train acc: 1.0000 | Valid acc: 1.0000 | patience:  19 | Epoch time: 0.5 |

2023-01-07 18:14:47,767 - INFO -
| Epoch:     32 | Train loss: 0.0000 | Valid loss: 0.0000 | Train acc: 1.0000 | Valid acc: 1.0000 | patience:  20 | Epoch time: 0.5 |

2023-01-07 18:14:48,244 - INFO -
| Epoch:     33 | Train loss: 0.0000 | Valid loss: 0.0029 | Train acc: 1.0000 | Valid acc: 1.0000 | patience:  21 | Epoch time: 0.5 |

2023-01-07 18:14:48,721 - INFO -
| Epoch:     34 | Train loss: 0.0037 | Valid loss: 0.0049 | Train acc: 1.0000 | Valid acc: 1.0000 | patience:  22 | Epoch time: 0.5 |

2023-01-07 18:14:49,197 - INFO -
| Epoch:     35 | Train loss: 0.0062 | Valid loss: 0.0000 | Train acc: 1.0000 | Valid acc: 1.0000 | patience:  23 | Epoch time: 0.5 |

2023-01-07 18:14:49,673 - INFO -
| Epoch:     36 | Train loss: 0.0000 | Valid loss: 0.0000 | Train acc: 1.0000 | Valid acc: 1.0000 | patience:  24 | Epoch time: 0.5 |

2023-01-07 18:14:50,150 - INFO -
| Epoch:     37 | Train loss: 0.0000 | Valid loss: 0.0000 | Train acc: 1.0000 | Valid acc: 1.0000 | patience:  25 | Epoch time: 0.5 |

2023-01-07 18:14:50,627 - INFO -
| Epoch:     38 | Train loss: 0.0000 | Valid loss: 0.0000 | Train acc: 1.0000 | Valid acc: 1.0000 | patience:  26 | Epoch time: 0.5 |

2023-01-07 18:14:51,103 - INFO -
| Epoch:     39 | Train loss: 0.0000 | Valid loss: 0.0000 | Train acc: 1.0000 | Valid acc: 1.0000 | patience:  27 | Epoch time: 0.5 |

2023-01-07 18:14:51,580 - INFO -
| Epoch:     40 | Train loss: 0.0000 | Valid loss: 0.0000 | Train acc: 1.0000 | Valid acc: 1.0000 | patience:  28 | Epoch time: 0.5 |

2023-01-07 18:14:52,056 - INFO -
| Epoch:     41 | Train loss: 0.0000 | Valid loss: 0.0000 | Train acc: 1.0000 | Valid acc: 1.0000 | patience:  29 | Epoch time: 0.5 |

2023-01-07 18:14:52,533 - INFO -
| Epoch:     42 | Train loss: 0.0000 | Valid loss: 0.0000 | Train acc: 1.0000 | Valid acc: 1.0000 | patience:  30 | Epoch time: 0.5 |

2023-01-07 18:14:53,009 - INFO -
| Epoch:     43 | Train loss: 0.0000 | Valid loss: 0.0186 | Train acc: 1.0000 | Valid acc: 1.0000 | patience:  31 | Epoch time: 0.5 |

2023-01-07 18:14:53,486 - INFO -
| Epoch:     44 | Train loss: 0.0102 | Valid loss: 0.0000 | Train acc: 1.0000 | Valid acc: 1.0000 | patience:  32 | Epoch time: 0.5 |

2023-01-07 18:14:53,963 - INFO -
| Epoch:     45 | Train loss: 0.0000 | Valid loss: 0.0000 | Train acc: 1.0000 | Valid acc: 1.0000 | patience:  33 | Epoch time: 0.5 |

2023-01-07 18:14:54,439 - INFO -
| Epoch:     46 | Train loss: 0.0000 | Valid loss: 0.0000 | Train acc: 1.0000 | Valid acc: 1.0000 | patience:  34 | Epoch time: 0.5 |

2023-01-07 18:14:54,915 - INFO -
| Epoch:     47 | Train loss: 0.0000 | Valid loss: 0.0000 | Train acc: 1.0000 | Valid acc: 1.0000 | patience:  35 | Epoch time: 0.5 |

2023-01-07 18:14:55,392 - INFO -
| Epoch:     48 | Train loss: 0.0000 | Valid loss: 0.0000 | Train acc: 1.0000 | Valid acc: 1.0000 | patience:  36 | Epoch time: 0.5 |

2023-01-07 18:14:55,869 - INFO -
| Epoch:     49 | Train loss: 0.0000 | Valid loss: 0.0000 | Train acc: 1.0000 | Valid acc: 1.0000 | patience:  37 | Epoch time: 0.5 |

2023-01-07 18:14:56,345 - INFO -
| Epoch:     50 | Train loss: 0.0000 | Valid loss: 0.0000 | Train acc: 1.0000 | Valid acc: 1.0000 | patience:  38 | Epoch time: 0.5 |

2023-01-07 18:14:56,821 - INFO -
| Epoch:     51 | Train loss: 0.0000 | Valid loss: 0.0188 | Train acc: 1.0000 | Valid acc: 1.0000 | patience:  39 | Epoch time: 0.5 |

2023-01-07 18:14:57,298 - INFO -
| Epoch:     52 | Train loss: 0.0241 | Valid loss: 0.0000 | Train acc: 1.0000 | Valid acc: 1.0000 | patience:  40 | Epoch time: 0.5 |

2023-01-07 18:14:57,776 - INFO -
| Epoch:     53 | Train loss: 0.0000 | Valid loss: 0.0000 | Train acc: 1.0000 | Valid acc: 1.0000 | patience:  41 | Epoch time: 0.5 |

2023-01-07 18:14:58,252 - INFO -
| Epoch:     54 | Train loss: 0.0000 | Valid loss: 0.0000 | Train acc: 1.0000 | Valid acc: 1.0000 | patience:  42 | Epoch time: 0.5 |

2023-01-07 18:14:58,728 - INFO -
| Epoch:     55 | Train loss: 0.0000 | Valid loss: 0.0000 | Train acc: 1.0000 | Valid acc: 1.0000 | patience:  43 | Epoch time: 0.5 |

2023-01-07 18:14:59,204 - INFO -
| Epoch:     56 | Train loss: 0.0000 | Valid loss: 0.0297 | Train acc: 1.0000 | Valid acc: 1.0000 | patience:  44 | Epoch time: 0.5 |

2023-01-07 18:14:59,680 - INFO -
| Epoch:     57 | Train loss: 0.0162 | Valid loss: 0.0000 | Train acc: 1.0000 | Valid acc: 1.0000 | patience:  45 | Epoch time: 0.5 |

2023-01-07 18:15:00,156 - INFO -
| Epoch:     58 | Train loss: 0.0000 | Valid loss: 0.0000 | Train acc: 1.0000 | Valid acc: 1.0000 | patience:  46 | Epoch time: 0.5 |

2023-01-07 18:15:00,632 - INFO -
| Epoch:     59 | Train loss: 0.0000 | Valid loss: 0.0000 | Train acc: 1.0000 | Valid acc: 1.0000 | patience:  47 | Epoch time: 0.5 |

2023-01-07 18:15:01,109 - INFO -
| Epoch:     60 | Train loss: 0.0000 | Valid loss: 0.0000 | Train acc: 1.0000 | Valid acc: 1.0000 | patience:  48 | Epoch time: 0.5 |

2023-01-07 18:15:01,587 - INFO -
| Epoch:     61 | Train loss: 0.0000 | Valid loss: 0.0000 | Train acc: 1.0000 | Valid acc: 1.0000 | patience:  49 | Epoch time: 0.5 |

2023-01-07 18:15:02,063 - INFO -
| Epoch:     62 | Train loss: 0.0000 | Valid loss: 0.0000 | Train acc: 1.0000 | Valid acc: 1.0000 | patience:  50 | Epoch time: 0.5 |

2023-01-07 18:15:02,540 - INFO -
| Epoch:     63 | Train loss: 0.0000 | Valid loss: 0.0000 | Train acc: 1.0000 | Valid acc: 1.0000 | patience:  51 | Epoch time: 0.5 |

2023-01-07 18:15:03,017 - INFO -
| Epoch:     64 | Train loss: 0.0000 | Valid loss: 0.0000 | Train acc: 1.0000 | Valid acc: 1.0000 | patience:  52 | Epoch time: 0.5 |

2023-01-07 18:15:03,493 - INFO -
| Epoch:     65 | Train loss: 0.0000 | Valid loss: 0.0000 | Train acc: 1.0000 | Valid acc: 1.0000 | patience:  53 | Epoch time: 0.5 |

2023-01-07 18:15:03,970 - INFO -
| Epoch:     66 | Train loss: 0.0000 | Valid loss: 0.0000 | Train acc: 1.0000 | Valid acc: 1.0000 | patience:  54 | Epoch time: 0.5 |

2023-01-07 18:15:04,446 - INFO -
| Epoch:     67 | Train loss: 0.0000 | Valid loss: 0.0000 | Train acc: 1.0000 | Valid acc: 1.0000 | patience:  55 | Epoch time: 0.5 |

2023-01-07 18:15:04,923 - INFO -
| Epoch:     68 | Train loss: 0.0000 | Valid loss: 0.0000 | Train acc: 1.0000 | Valid acc: 1.0000 | patience:  56 | Epoch time: 0.5 |

2023-01-07 18:15:05,400 - INFO -
| Epoch:     69 | Train loss: 0.0000 | Valid loss: 0.0000 | Train acc: 1.0000 | Valid acc: 1.0000 | patience:  57 | Epoch time: 0.5 |

2023-01-07 18:15:05,877 - INFO -
| Epoch:     70 | Train loss: 0.0000 | Valid loss: 0.0000 | Train acc: 1.0000 | Valid acc: 1.0000 | patience:  58 | Epoch time: 0.5 |

2023-01-07 18:15:06,353 - INFO -
| Epoch:     71 | Train loss: 0.0000 | Valid loss: 0.0000 | Train acc: 1.0000 | Valid acc: 1.0000 | patience:  59 | Epoch time: 0.5 |

2023-01-07 18:15:06,831 - INFO -
| Epoch:     72 | Train loss: 0.0000 | Valid loss: 0.0000 | Train acc: 1.0000 | Valid acc: 1.0000 | patience:  60 | Epoch time: 0.5 |

2023-01-07 18:15:07,307 - INFO -
| Epoch:     73 | Train loss: 0.0000 | Valid loss: 0.0000 | Train acc: 1.0000 | Valid acc: 1.0000 | patience:  61 | Epoch time: 0.5 |

2023-01-07 18:15:07,784 - INFO -
| Epoch:     74 | Train loss: 0.0000 | Valid loss: 0.0000 | Train acc: 1.0000 | Valid acc: 1.0000 | patience:  62 | Epoch time: 0.5 |

2023-01-07 18:15:08,260 - INFO -
| Epoch:     75 | Train loss: 0.0000 | Valid loss: 0.0000 | Train acc: 1.0000 | Valid acc: 1.0000 | patience:  63 | Epoch time: 0.5 |

2023-01-07 18:15:08,737 - INFO -
| Epoch:     76 | Train loss: 0.0000 | Valid loss: 0.0000 | Train acc: 1.0000 | Valid acc: 1.0000 | patience:  64 | Epoch time: 0.5 |

2023-01-07 18:15:09,214 - INFO -
| Epoch:     77 | Train loss: 0.0000 | Valid loss: 0.0000 | Train acc: 1.0000 | Valid acc: 1.0000 | patience:  65 | Epoch time: 0.5 |

2023-01-07 18:15:09,690 - INFO -
| Epoch:     78 | Train loss: 0.0000 | Valid loss: 0.0000 | Train acc: 1.0000 | Valid acc: 1.0000 | patience:  66 | Epoch time: 0.5 |

2023-01-07 18:15:10,167 - INFO -
| Epoch:     79 | Train loss: 0.0000 | Valid loss: 0.0000 | Train acc: 1.0000 | Valid acc: 1.0000 | patience:  67 | Epoch time: 0.5 |

2023-01-07 18:15:10,644 - INFO -
| Epoch:     80 | Train loss: 0.0000 | Valid loss: 0.0000 | Train acc: 1.0000 | Valid acc: 1.0000 | patience:  68 | Epoch time: 0.5 |

2023-01-07 18:15:11,121 - INFO -
| Epoch:     81 | Train loss: 0.0000 | Valid loss: 0.0000 | Train acc: 1.0000 | Valid acc: 1.0000 | patience:  69 | Epoch time: 0.5 |

2023-01-07 18:15:11,598 - INFO -
| Epoch:     82 | Train loss: 0.0000 | Valid loss: 0.0000 | Train acc: 1.0000 | Valid acc: 1.0000 | patience:  70 | Epoch time: 0.5 |

2023-01-07 18:15:12,074 - INFO -
| Epoch:     83 | Train loss: 0.0000 | Valid loss: 0.0000 | Train acc: 1.0000 | Valid acc: 1.0000 | patience:  71 | Epoch time: 0.5 |

2023-01-07 18:15:12,551 - INFO -
| Epoch:     84 | Train loss: 0.0000 | Valid loss: 0.0000 | Train acc: 1.0000 | Valid acc: 1.0000 | patience:  72 | Epoch time: 0.5 |

2023-01-07 18:15:13,028 - INFO -
| Epoch:     85 | Train loss: 0.0000 | Valid loss: 0.0000 | Train acc: 1.0000 | Valid acc: 1.0000 | patience:  73 | Epoch time: 0.5 |

2023-01-07 18:15:13,505 - INFO -
| Epoch:     86 | Train loss: 0.0000 | Valid loss: 0.0000 | Train acc: 1.0000 | Valid acc: 1.0000 | patience:  74 | Epoch time: 0.5 |

2023-01-07 18:15:13,983 - INFO -
| Epoch:     87 | Train loss: 0.0000 | Valid loss: 0.0000 | Train acc: 1.0000 | Valid acc: 1.0000 | patience:  75 | Epoch time: 0.5 |

2023-01-07 18:15:14,460 - INFO -
| Epoch:     88 | Train loss: 0.0000 | Valid loss: 0.0000 | Train acc: 1.0000 | Valid acc: 1.0000 | patience:  76 | Epoch time: 0.5 |

2023-01-07 18:15:14,937 - INFO -
| Epoch:     89 | Train loss: 0.0000 | Valid loss: 0.0000 | Train acc: 1.0000 | Valid acc: 1.0000 | patience:  77 | Epoch time: 0.5 |

2023-01-07 18:15:15,415 - INFO -
| Epoch:     90 | Train loss: 0.0000 | Valid loss: 0.0000 | Train acc: 1.0000 | Valid acc: 1.0000 | patience:  78 | Epoch time: 0.5 |

2023-01-07 18:15:15,891 - INFO -
| Epoch:     91 | Train loss: 0.0000 | Valid loss: 0.0000 | Train acc: 1.0000 | Valid acc: 1.0000 | patience:  79 | Epoch time: 0.5 |

2023-01-07 18:15:16,368 - INFO -
| Epoch:     92 | Train loss: 0.0000 | Valid loss: 0.0000 | Train acc: 1.0000 | Valid acc: 1.0000 | patience:  80 | Epoch time: 0.5 |

2023-01-07 18:15:16,845 - INFO -
| Epoch:     93 | Train loss: 0.0000 | Valid loss: 0.0000 | Train acc: 1.0000 | Valid acc: 1.0000 | patience:  81 | Epoch time: 0.5 |

2023-01-07 18:15:17,323 - INFO -
| Epoch:     94 | Train loss: 0.0000 | Valid loss: 0.0000 | Train acc: 1.0000 | Valid acc: 1.0000 | patience:  82 | Epoch time: 0.5 |

2023-01-07 18:15:17,800 - INFO -
| Epoch:     95 | Train loss: 0.0000 | Valid loss: 0.0000 | Train acc: 1.0000 | Valid acc: 1.0000 | patience:  83 | Epoch time: 0.5 |

2023-01-07 18:15:18,277 - INFO -
| Epoch:     96 | Train loss: 0.0000 | Valid loss: 0.0000 | Train acc: 1.0000 | Valid acc: 1.0000 | patience:  84 | Epoch time: 0.5 |

2023-01-07 18:15:18,754 - INFO -
| Epoch:     97 | Train loss: 0.0000 | Valid loss: 0.0000 | Train acc: 1.0000 | Valid acc: 1.0000 | patience:  85 | Epoch time: 0.5 |

2023-01-07 18:15:19,231 - INFO -
| Epoch:     98 | Train loss: 0.0000 | Valid loss: 0.0000 | Train acc: 1.0000 | Valid acc: 1.0000 | patience:  86 | Epoch time: 0.5 |

2023-01-07 18:15:19,707 - INFO -
| Epoch:     99 | Train loss: 0.0000 | Valid loss: 0.0000 | Train acc: 1.0000 | Valid acc: 1.0000 | patience:  87 | Epoch time: 0.5 |

2023-01-07 18:15:20,184 - INFO -
| Epoch:    100 | Train loss: 0.0000 | Valid loss: 0.0000 | Train acc: 1.0000 | Valid acc: 1.0000 | patience:  88 | Epoch time: 0.5 |

2023-01-07 18:15:20,661 - INFO -
| Epoch:    101 | Train loss: 0.0000 | Valid loss: 0.0000 | Train acc: 1.0000 | Valid acc: 1.0000 | patience:  89 | Epoch time: 0.5 |

2023-01-07 18:15:21,138 - INFO -
| Epoch:    102 | Train loss: 0.0000 | Valid loss: 0.0000 | Train acc: 1.0000 | Valid acc: 1.0000 | patience:  90 | Epoch time: 0.5 |

2023-01-07 18:15:21,614 - INFO -
| Epoch:    103 | Train loss: 0.0000 | Valid loss: 0.0000 | Train acc: 1.0000 | Valid acc: 1.0000 | patience:  91 | Epoch time: 0.5 |

2023-01-07 18:15:22,090 - INFO -
| Epoch:    104 | Train loss: 0.0000 | Valid loss: 0.0000 | Train acc: 1.0000 | Valid acc: 1.0000 | patience:  92 | Epoch time: 0.5 |

2023-01-07 18:15:22,567 - INFO -
| Epoch:    105 | Train loss: 0.0000 | Valid loss: 0.0000 | Train acc: 1.0000 | Valid acc: 1.0000 | patience:  93 | Epoch time: 0.5 |

2023-01-07 18:15:23,044 - INFO -
| Epoch:    106 | Train loss: 0.0000 | Valid loss: 0.0000 | Train acc: 1.0000 | Valid acc: 1.0000 | patience:  94 | Epoch time: 0.5 |

2023-01-07 18:15:23,521 - INFO -
| Epoch:    107 | Train loss: 0.0000 | Valid loss: 0.0000 | Train acc: 1.0000 | Valid acc: 1.0000 | patience:  95 | Epoch time: 0.5 |

2023-01-07 18:15:23,997 - INFO -
| Epoch:    108 | Train loss: 0.0000 | Valid loss: 0.0000 | Train acc: 1.0000 | Valid acc: 1.0000 | patience:  96 | Epoch time: 0.5 |

2023-01-07 18:15:24,474 - INFO -
| Epoch:    109 | Train loss: 0.0000 | Valid loss: 0.0000 | Train acc: 1.0000 | Valid acc: 1.0000 | patience:  97 | Epoch time: 0.5 |

2023-01-07 18:15:24,951 - INFO -
| Epoch:    110 | Train loss: 0.0000 | Valid loss: 0.0000 | Train acc: 1.0000 | Valid acc: 1.0000 | patience:  98 | Epoch time: 0.5 |

2023-01-07 18:15:25,428 - INFO -
| Epoch:    111 | Train loss: 0.0000 | Valid loss: 0.0000 | Train acc: 1.0000 | Valid acc: 1.0000 | patience:  99 | Epoch time: 0.5 |

2023-01-07 18:15:25,904 - INFO -
| Epoch:    112 | Train loss: 0.0000 | Valid loss: 0.0000 | Train acc: 1.0000 | Valid acc: 1.0000 | patience: 100 | Epoch time: 0.5 |

2023-01-07 18:15:26,381 - INFO -
| Epoch:    113 | Train loss: 0.0000 | Valid loss: 0.0000 | Train acc: 1.0000 | Valid acc: 1.0000 | patience: 101 | Epoch time: 0.5 |

2023-01-07 18:15:26,858 - INFO -
| Epoch:    114 | Train loss: 0.0000 | Valid loss: 0.0000 | Train acc: 1.0000 | Valid acc: 1.0000 | patience: 102 | Epoch time: 0.5 |

2023-01-07 18:15:27,334 - INFO -
| Epoch:    115 | Train loss: 0.0000 | Valid loss: 0.0000 | Train acc: 1.0000 | Valid acc: 1.0000 | patience: 103 | Epoch time: 0.5 |

2023-01-07 18:15:27,811 - INFO -
| Epoch:    116 | Train loss: 0.0000 | Valid loss: 0.0000 | Train acc: 1.0000 | Valid acc: 1.0000 | patience: 104 | Epoch time: 0.5 |

2023-01-07 18:15:28,287 - INFO -
| Epoch:    117 | Train loss: 0.0000 | Valid loss: 0.0000 | Train acc: 1.0000 | Valid acc: 1.0000 | patience: 105 | Epoch time: 0.5 |

2023-01-07 18:15:28,764 - INFO -
| Epoch:    118 | Train loss: 0.0000 | Valid loss: 0.0000 | Train acc: 1.0000 | Valid acc: 1.0000 | patience: 106 | Epoch time: 0.5 |

2023-01-07 18:15:29,240 - INFO -
| Epoch:    119 | Train loss: 0.0000 | Valid loss: 0.0000 | Train acc: 1.0000 | Valid acc: 1.0000 | patience: 107 | Epoch time: 0.5 |

2023-01-07 18:15:29,717 - INFO -
| Epoch:    120 | Train loss: 0.0000 | Valid loss: 0.0000 | Train acc: 1.0000 | Valid acc: 1.0000 | patience: 108 | Epoch time: 0.5 |

2023-01-07 18:15:30,193 - INFO -
| Epoch:    121 | Train loss: 0.0000 | Valid loss: 0.0000 | Train acc: 1.0000 | Valid acc: 1.0000 | patience: 109 | Epoch time: 0.5 |

2023-01-07 18:15:30,670 - INFO -
| Epoch:    122 | Train loss: 0.0000 | Valid loss: 0.0000 | Train acc: 1.0000 | Valid acc: 1.0000 | patience: 110 | Epoch time: 0.5 |

2023-01-07 18:15:31,146 - INFO -
| Epoch:    123 | Train loss: 0.0000 | Valid loss: 0.0000 | Train acc: 1.0000 | Valid acc: 1.0000 | patience: 111 | Epoch time: 0.5 |

2023-01-07 18:15:31,623 - INFO -
| Epoch:    124 | Train loss: 0.0000 | Valid loss: 0.0000 | Train acc: 1.0000 | Valid acc: 1.0000 | patience: 112 | Epoch time: 0.5 |

2023-01-07 18:15:32,100 - INFO -
| Epoch:    125 | Train loss: 0.0000 | Valid loss: 0.0000 | Train acc: 1.0000 | Valid acc: 1.0000 | patience: 113 | Epoch time: 0.5 |

2023-01-07 18:15:32,577 - INFO -
| Epoch:    126 | Train loss: 0.0000 | Valid loss: 0.0000 | Train acc: 1.0000 | Valid acc: 1.0000 | patience: 114 | Epoch time: 0.5 |

2023-01-07 18:15:33,054 - INFO -
| Epoch:    127 | Train loss: 0.0000 | Valid loss: 0.0000 | Train acc: 1.0000 | Valid acc: 1.0000 | patience: 115 | Epoch time: 0.5 |

2023-01-07 18:15:33,531 - INFO -
| Epoch:    128 | Train loss: 0.0000 | Valid loss: 0.0000 | Train acc: 1.0000 | Valid acc: 1.0000 | patience: 116 | Epoch time: 0.5 |

2023-01-07 18:15:34,007 - INFO -
| Epoch:    129 | Train loss: 0.0000 | Valid loss: 0.0000 | Train acc: 1.0000 | Valid acc: 1.0000 | patience: 117 | Epoch time: 0.5 |

2023-01-07 18:15:34,484 - INFO -
| Epoch:    130 | Train loss: 0.0000 | Valid loss: 0.0000 | Train acc: 1.0000 | Valid acc: 1.0000 | patience: 118 | Epoch time: 0.5 |

2023-01-07 18:15:34,960 - INFO -
| Epoch:    131 | Train loss: 0.0000 | Valid loss: 0.0000 | Train acc: 1.0000 | Valid acc: 1.0000 | patience: 119 | Epoch time: 0.5 |

2023-01-07 18:15:35,437 - INFO -
| Epoch:    132 | Train loss: 0.0000 | Valid loss: 0.0000 | Train acc: 1.0000 | Valid acc: 1.0000 | patience: 120 | Epoch time: 0.5 |

2023-01-07 18:15:35,914 - INFO -
| Epoch:    133 | Train loss: 0.0000 | Valid loss: 0.0000 | Train acc: 1.0000 | Valid acc: 1.0000 | patience: 121 | Epoch time: 0.5 |

2023-01-07 18:15:36,391 - INFO -
| Epoch:    134 | Train loss: 0.0000 | Valid loss: 0.0000 | Train acc: 1.0000 | Valid acc: 1.0000 | patience: 122 | Epoch time: 0.5 |

2023-01-07 18:15:36,867 - INFO -
| Epoch:    135 | Train loss: 0.0000 | Valid loss: 0.0000 | Train acc: 1.0000 | Valid acc: 1.0000 | patience: 123 | Epoch time: 0.5 |

2023-01-07 18:15:37,344 - INFO -
| Epoch:    136 | Train loss: 0.0000 | Valid loss: 0.0000 | Train acc: 1.0000 | Valid acc: 1.0000 | patience: 124 | Epoch time: 0.5 |

2023-01-07 18:15:37,820 - INFO -
| Epoch:    137 | Train loss: 0.0000 | Valid loss: 0.0000 | Train acc: 1.0000 | Valid acc: 1.0000 | patience: 125 | Epoch time: 0.5 |

2023-01-07 18:15:38,297 - INFO -
| Epoch:    138 | Train loss: 0.0000 | Valid loss: 0.0000 | Train acc: 1.0000 | Valid acc: 1.0000 | patience: 126 | Epoch time: 0.5 |

2023-01-07 18:15:38,774 - INFO -
| Epoch:    139 | Train loss: 0.0000 | Valid loss: 0.0000 | Train acc: 1.0000 | Valid acc: 1.0000 | patience: 127 | Epoch time: 0.5 |

2023-01-07 18:15:39,250 - INFO -
| Epoch:    140 | Train loss: 0.0000 | Valid loss: 0.0000 | Train acc: 1.0000 | Valid acc: 1.0000 | patience: 128 | Epoch time: 0.5 |

2023-01-07 18:15:39,727 - INFO -
| Epoch:    141 | Train loss: 0.0000 | Valid loss: 0.0000 | Train acc: 1.0000 | Valid acc: 1.0000 | patience: 129 | Epoch time: 0.5 |

2023-01-07 18:15:40,203 - INFO -
| Epoch:    142 | Train loss: 0.0000 | Valid loss: 0.0000 | Train acc: 1.0000 | Valid acc: 1.0000 | patience: 130 | Epoch time: 0.5 |

2023-01-07 18:15:40,680 - INFO -
| Epoch:    143 | Train loss: 0.0000 | Valid loss: 0.0000 | Train acc: 1.0000 | Valid acc: 1.0000 | patience: 131 | Epoch time: 0.5 |

2023-01-07 18:15:41,156 - INFO -
| Epoch:    144 | Train loss: 0.0000 | Valid loss: 0.0000 | Train acc: 1.0000 | Valid acc: 1.0000 | patience: 132 | Epoch time: 0.5 |

2023-01-07 18:15:41,633 - INFO -
| Epoch:    145 | Train loss: 0.0000 | Valid loss: 0.0000 | Train acc: 1.0000 | Valid acc: 1.0000 | patience: 133 | Epoch time: 0.5 |

2023-01-07 18:15:42,110 - INFO -
| Epoch:    146 | Train loss: 0.0000 | Valid loss: 0.0000 | Train acc: 1.0000 | Valid acc: 1.0000 | patience: 134 | Epoch time: 0.5 |

2023-01-07 18:15:42,586 - INFO -
| Epoch:    147 | Train loss: 0.0000 | Valid loss: 0.0000 | Train acc: 1.0000 | Valid acc: 1.0000 | patience: 135 | Epoch time: 0.5 |

2023-01-07 18:15:43,062 - INFO -
| Epoch:    148 | Train loss: 0.0000 | Valid loss: 0.0000 | Train acc: 1.0000 | Valid acc: 1.0000 | patience: 136 | Epoch time: 0.5 |

2023-01-07 18:15:43,539 - INFO -
| Epoch:    149 | Train loss: 0.0000 | Valid loss: 0.0000 | Train acc: 1.0000 | Valid acc: 1.0000 | patience: 137 | Epoch time: 0.5 |

2023-01-07 18:15:44,016 - INFO -
| Epoch:    150 | Train loss: 0.0000 | Valid loss: 0.0000 | Train acc: 1.0000 | Valid acc: 1.0000 | patience: 138 | Epoch time: 0.5 |

2023-01-07 18:15:44,492 - INFO -
| Epoch:    151 | Train loss: 0.0000 | Valid loss: 0.0000 | Train acc: 1.0000 | Valid acc: 1.0000 | patience: 139 | Epoch time: 0.5 |

2023-01-07 18:15:44,969 - INFO -
| Epoch:    152 | Train loss: 0.0000 | Valid loss: 0.0000 | Train acc: 1.0000 | Valid acc: 1.0000 | patience: 140 | Epoch time: 0.5 |

2023-01-07 18:15:45,445 - INFO -
| Epoch:    153 | Train loss: 0.0000 | Valid loss: 0.0000 | Train acc: 1.0000 | Valid acc: 1.0000 | patience: 141 | Epoch time: 0.5 |

2023-01-07 18:15:45,922 - INFO -
| Epoch:    154 | Train loss: 0.0000 | Valid loss: 0.0000 | Train acc: 1.0000 | Valid acc: 1.0000 | patience: 142 | Epoch time: 0.5 |

2023-01-07 18:15:46,399 - INFO -
| Epoch:    155 | Train loss: 0.0000 | Valid loss: 0.0000 | Train acc: 1.0000 | Valid acc: 1.0000 | patience: 143 | Epoch time: 0.5 |

2023-01-07 18:15:46,876 - INFO -
| Epoch:    156 | Train loss: 0.0000 | Valid loss: 0.0000 | Train acc: 1.0000 | Valid acc: 1.0000 | patience: 144 | Epoch time: 0.5 |

2023-01-07 18:15:47,353 - INFO -
| Epoch:    157 | Train loss: 0.0000 | Valid loss: 0.0000 | Train acc: 1.0000 | Valid acc: 1.0000 | patience: 145 | Epoch time: 0.5 |

2023-01-07 18:15:47,830 - INFO -
| Epoch:    158 | Train loss: 0.0000 | Valid loss: 0.0000 | Train acc: 1.0000 | Valid acc: 1.0000 | patience: 146 | Epoch time: 0.5 |

2023-01-07 18:15:48,306 - INFO -
| Epoch:    159 | Train loss: 0.0000 | Valid loss: 0.0000 | Train acc: 1.0000 | Valid acc: 1.0000 | patience: 147 | Epoch time: 0.5 |

2023-01-07 18:15:48,784 - INFO -
| Epoch:    160 | Train loss: 0.0000 | Valid loss: 0.0000 | Train acc: 1.0000 | Valid acc: 1.0000 | patience: 148 | Epoch time: 0.5 |

2023-01-07 18:15:49,260 - INFO -
| Epoch:    161 | Train loss: 0.0000 | Valid loss: 0.0000 | Train acc: 1.0000 | Valid acc: 1.0000 | patience: 149 | Epoch time: 0.5 |

2023-01-07 18:15:49,737 - INFO -
| Epoch:    162 | Train loss: 0.0000 | Valid loss: 0.0000 | Train acc: 1.0000 | Valid acc: 1.0000 | patience: 150 | Epoch time: 0.5 |

2023-01-07 18:15:50,214 - INFO -
| Epoch:    163 | Train loss: 0.0000 | Valid loss: 0.0000 | Train acc: 1.0000 | Valid acc: 1.0000 | patience: 151 | Epoch time: 0.5 |

2023-01-07 18:15:50,690 - INFO -
| Epoch:    164 | Train loss: 0.0000 | Valid loss: 0.0000 | Train acc: 1.0000 | Valid acc: 1.0000 | patience: 152 | Epoch time: 0.5 |

2023-01-07 18:15:51,167 - INFO -
| Epoch:    165 | Train loss: 0.0000 | Valid loss: 0.0000 | Train acc: 1.0000 | Valid acc: 1.0000 | patience: 153 | Epoch time: 0.5 |

2023-01-07 18:15:51,643 - INFO -
| Epoch:    166 | Train loss: 0.0000 | Valid loss: 0.0000 | Train acc: 1.0000 | Valid acc: 1.0000 | patience: 154 | Epoch time: 0.5 |

2023-01-07 18:15:52,120 - INFO -
| Epoch:    167 | Train loss: 0.0000 | Valid loss: 0.0000 | Train acc: 1.0000 | Valid acc: 1.0000 | patience: 155 | Epoch time: 0.5 |

2023-01-07 18:15:52,596 - INFO -
| Epoch:    168 | Train loss: 0.0000 | Valid loss: 0.0000 | Train acc: 1.0000 | Valid acc: 1.0000 | patience: 156 | Epoch time: 0.5 |

2023-01-07 18:15:53,072 - INFO -
| Epoch:    169 | Train loss: 0.0000 | Valid loss: 0.0000 | Train acc: 1.0000 | Valid acc: 1.0000 | patience: 157 | Epoch time: 0.5 |

2023-01-07 18:15:53,549 - INFO -
| Epoch:    170 | Train loss: 0.0000 | Valid loss: 0.0000 | Train acc: 1.0000 | Valid acc: 1.0000 | patience: 158 | Epoch time: 0.5 |

2023-01-07 18:15:54,026 - INFO -
| Epoch:    171 | Train loss: 0.0000 | Valid loss: 0.0000 | Train acc: 1.0000 | Valid acc: 1.0000 | patience: 159 | Epoch time: 0.5 |

2023-01-07 18:15:54,503 - INFO -
| Epoch:    172 | Train loss: 0.0000 | Valid loss: 0.0000 | Train acc: 1.0000 | Valid acc: 1.0000 | patience: 160 | Epoch time: 0.5 |

2023-01-07 18:15:54,980 - INFO -
| Epoch:    173 | Train loss: 0.0000 | Valid loss: 0.0000 | Train acc: 1.0000 | Valid acc: 1.0000 | patience: 161 | Epoch time: 0.5 |

2023-01-07 18:15:55,458 - INFO -
| Epoch:    174 | Train loss: 0.0000 | Valid loss: 0.0000 | Train acc: 1.0000 | Valid acc: 1.0000 | patience: 162 | Epoch time: 0.5 |

2023-01-07 18:15:55,935 - INFO -
| Epoch:    175 | Train loss: 0.0000 | Valid loss: 0.0000 | Train acc: 1.0000 | Valid acc: 1.0000 | patience: 163 | Epoch time: 0.5 |

2023-01-07 18:15:56,412 - INFO -
| Epoch:    176 | Train loss: 0.0000 | Valid loss: 0.0000 | Train acc: 1.0000 | Valid acc: 1.0000 | patience: 164 | Epoch time: 0.5 |

2023-01-07 18:15:56,889 - INFO -
| Epoch:    177 | Train loss: 0.0000 | Valid loss: 0.0000 | Train acc: 1.0000 | Valid acc: 1.0000 | patience: 165 | Epoch time: 0.5 |

2023-01-07 18:15:57,366 - INFO -
| Epoch:    178 | Train loss: 0.0000 | Valid loss: 0.0000 | Train acc: 1.0000 | Valid acc: 1.0000 | patience: 166 | Epoch time: 0.5 |

2023-01-07 18:15:57,843 - INFO -
| Epoch:    179 | Train loss: 0.0000 | Valid loss: 0.0000 | Train acc: 1.0000 | Valid acc: 1.0000 | patience: 167 | Epoch time: 0.5 |

2023-01-07 18:15:58,319 - INFO -
| Epoch:    180 | Train loss: 0.0000 | Valid loss: 0.0000 | Train acc: 1.0000 | Valid acc: 1.0000 | patience: 168 | Epoch time: 0.5 |

2023-01-07 18:15:58,797 - INFO -
| Epoch:    181 | Train loss: 0.0000 | Valid loss: 0.0000 | Train acc: 1.0000 | Valid acc: 1.0000 | patience: 169 | Epoch time: 0.5 |

2023-01-07 18:15:59,275 - INFO -
| Epoch:    182 | Train loss: 0.0000 | Valid loss: 0.0000 | Train acc: 1.0000 | Valid acc: 1.0000 | patience: 170 | Epoch time: 0.5 |

2023-01-07 18:15:59,752 - INFO -
| Epoch:    183 | Train loss: 0.0000 | Valid loss: 0.0000 | Train acc: 1.0000 | Valid acc: 1.0000 | patience: 171 | Epoch time: 0.5 |

2023-01-07 18:16:00,229 - INFO -
| Epoch:    184 | Train loss: 0.0000 | Valid loss: 0.0000 | Train acc: 1.0000 | Valid acc: 1.0000 | patience: 172 | Epoch time: 0.5 |

2023-01-07 18:16:00,706 - INFO -
| Epoch:    185 | Train loss: 0.0000 | Valid loss: 0.0000 | Train acc: 1.0000 | Valid acc: 1.0000 | patience: 173 | Epoch time: 0.5 |

2023-01-07 18:16:01,183 - INFO -
| Epoch:    186 | Train loss: 0.0000 | Valid loss: 0.0000 | Train acc: 1.0000 | Valid acc: 1.0000 | patience: 174 | Epoch time: 0.5 |

2023-01-07 18:16:01,660 - INFO -
| Epoch:    187 | Train loss: 0.0000 | Valid loss: 0.0000 | Train acc: 1.0000 | Valid acc: 1.0000 | patience: 175 | Epoch time: 0.5 |

2023-01-07 18:16:02,136 - INFO -
| Epoch:    188 | Train loss: 0.0000 | Valid loss: 0.0000 | Train acc: 1.0000 | Valid acc: 1.0000 | patience: 176 | Epoch time: 0.5 |

2023-01-07 18:16:02,613 - INFO -
| Epoch:    189 | Train loss: 0.0000 | Valid loss: 0.0000 | Train acc: 1.0000 | Valid acc: 1.0000 | patience: 177 | Epoch time: 0.5 |

2023-01-07 18:16:03,090 - INFO -
| Epoch:    190 | Train loss: 0.0000 | Valid loss: 0.0000 | Train acc: 1.0000 | Valid acc: 1.0000 | patience: 178 | Epoch time: 0.5 |

2023-01-07 18:16:03,567 - INFO -
| Epoch:    191 | Train loss: 0.0000 | Valid loss: 0.0000 | Train acc: 1.0000 | Valid acc: 1.0000 | patience: 179 | Epoch time: 0.5 |

2023-01-07 18:16:04,043 - INFO -
| Epoch:    192 | Train loss: 0.0000 | Valid loss: 0.0000 | Train acc: 1.0000 | Valid acc: 1.0000 | patience: 180 | Epoch time: 0.5 |

2023-01-07 18:16:04,520 - INFO -
| Epoch:    193 | Train loss: 0.0000 | Valid loss: 0.0000 | Train acc: 1.0000 | Valid acc: 1.0000 | patience: 181 | Epoch time: 0.5 |

2023-01-07 18:16:04,997 - INFO -
| Epoch:    194 | Train loss: 0.0000 | Valid loss: 0.0000 | Train acc: 1.0000 | Valid acc: 1.0000 | patience: 182 | Epoch time: 0.5 |

2023-01-07 18:16:05,474 - INFO -
| Epoch:    195 | Train loss: 0.0000 | Valid loss: 0.0000 | Train acc: 1.0000 | Valid acc: 1.0000 | patience: 183 | Epoch time: 0.5 |

2023-01-07 18:16:05,951 - INFO -
| Epoch:    196 | Train loss: 0.0000 | Valid loss: 0.0000 | Train acc: 1.0000 | Valid acc: 1.0000 | patience: 184 | Epoch time: 0.5 |

2023-01-07 18:16:06,428 - INFO -
| Epoch:    197 | Train loss: 0.0000 | Valid loss: 0.0000 | Train acc: 1.0000 | Valid acc: 1.0000 | patience: 185 | Epoch time: 0.5 |

2023-01-07 18:16:06,905 - INFO -
| Epoch:    198 | Train loss: 0.0000 | Valid loss: 0.0000 | Train acc: 1.0000 | Valid acc: 1.0000 | patience: 186 | Epoch time: 0.5 |

2023-01-07 18:16:07,382 - INFO -
| Epoch:    199 | Train loss: 0.0000 | Valid loss: 0.0000 | Train acc: 1.0000 | Valid acc: 1.0000 | patience: 187 | Epoch time: 0.5 |

2023-01-07 18:16:07,859 - INFO -
| Epoch:    200 | Train loss: 0.0000 | Valid loss: 0.0000 | Train acc: 1.0000 | Valid acc: 1.0000 | patience: 188 | Epoch time: 0.5 |

2023-01-07 18:16:08,336 - INFO -
| Epoch:    201 | Train loss: 0.0000 | Valid loss: 0.0000 | Train acc: 1.0000 | Valid acc: 1.0000 | patience: 189 | Epoch time: 0.5 |

2023-01-07 18:16:08,813 - INFO -
| Epoch:    202 | Train loss: 0.0000 | Valid loss: 0.0000 | Train acc: 1.0000 | Valid acc: 1.0000 | patience: 190 | Epoch time: 0.5 |

2023-01-07 18:16:09,289 - INFO -
| Epoch:    203 | Train loss: 0.0000 | Valid loss: 0.0000 | Train acc: 1.0000 | Valid acc: 1.0000 | patience: 191 | Epoch time: 0.5 |

2023-01-07 18:16:09,766 - INFO -
| Epoch:    204 | Train loss: 0.0000 | Valid loss: 0.0000 | Train acc: 1.0000 | Valid acc: 1.0000 | patience: 192 | Epoch time: 0.5 |

2023-01-07 18:16:10,243 - INFO -
| Epoch:    205 | Train loss: 0.0000 | Valid loss: 0.0000 | Train acc: 1.0000 | Valid acc: 1.0000 | patience: 193 | Epoch time: 0.5 |

2023-01-07 18:16:10,720 - INFO -
| Epoch:    206 | Train loss: 0.0000 | Valid loss: 0.0000 | Train acc: 1.0000 | Valid acc: 1.0000 | patience: 194 | Epoch time: 0.5 |

2023-01-07 18:16:11,197 - INFO -
| Epoch:    207 | Train loss: 0.0000 | Valid loss: 0.0000 | Train acc: 1.0000 | Valid acc: 1.0000 | patience: 195 | Epoch time: 0.5 |

2023-01-07 18:16:11,674 - INFO -
| Epoch:    208 | Train loss: 0.0000 | Valid loss: 0.0000 | Train acc: 1.0000 | Valid acc: 1.0000 | patience: 196 | Epoch time: 0.5 |

2023-01-07 18:16:12,150 - INFO -
| Epoch:    209 | Train loss: 0.0000 | Valid loss: 0.0000 | Train acc: 1.0000 | Valid acc: 1.0000 | patience: 197 | Epoch time: 0.5 |

2023-01-07 18:16:12,627 - INFO -
| Epoch:    210 | Train loss: 0.0000 | Valid loss: 0.0000 | Train acc: 1.0000 | Valid acc: 1.0000 | patience: 198 | Epoch time: 0.5 |

2023-01-07 18:16:13,104 - INFO -
| Epoch:    211 | Train loss: 0.0000 | Valid loss: 0.0000 | Train acc: 1.0000 | Valid acc: 1.0000 | patience: 199 | Epoch time: 0.5 |

2023-01-07 18:16:13,582 - INFO -
| Epoch:    212 | Train loss: 0.0000 | Valid loss: 0.0000 | Train acc: 1.0000 | Valid acc: 1.0000 | patience: 200 | Epoch time: 0.5 |

2023-01-07 18:16:14,059 - INFO -
| Epoch:    213 | Train loss: 0.0000 | Valid loss: 0.0000 | Train acc: 1.0000 | Valid acc: 1.0000 | patience: 201 | Epoch time: 0.5 |

2023-01-07 18:16:14,536 - INFO -
| Epoch:    214 | Train loss: 0.0000 | Valid loss: 0.0000 | Train acc: 1.0000 | Valid acc: 1.0000 | patience: 202 | Epoch time: 0.5 |

2023-01-07 18:16:15,013 - INFO -
| Epoch:    215 | Train loss: 0.0000 | Valid loss: 0.0000 | Train acc: 1.0000 | Valid acc: 1.0000 | patience: 203 | Epoch time: 0.5 |

2023-01-07 18:16:15,491 - INFO -
| Epoch:    216 | Train loss: 0.0000 | Valid loss: 0.0000 | Train acc: 1.0000 | Valid acc: 1.0000 | patience: 204 | Epoch time: 0.5 |

2023-01-07 18:16:15,967 - INFO -
| Epoch:    217 | Train loss: 0.0000 | Valid loss: 0.0000 | Train acc: 1.0000 | Valid acc: 1.0000 | patience: 205 | Epoch time: 0.5 |

2023-01-07 18:16:16,445 - INFO -
| Epoch:    218 | Train loss: 0.0000 | Valid loss: 0.0000 | Train acc: 1.0000 | Valid acc: 1.0000 | patience: 206 | Epoch time: 0.5 |

2023-01-07 18:16:16,921 - INFO -
| Epoch:    219 | Train loss: 0.0000 | Valid loss: 0.0000 | Train acc: 1.0000 | Valid acc: 1.0000 | patience: 207 | Epoch time: 0.5 |

2023-01-07 18:16:17,398 - INFO -
| Epoch:    220 | Train loss: 0.0000 | Valid loss: 0.0000 | Train acc: 1.0000 | Valid acc: 1.0000 | patience: 208 | Epoch time: 0.5 |

2023-01-07 18:16:17,876 - INFO -
| Epoch:    221 | Train loss: 0.0000 | Valid loss: 0.0000 | Train acc: 1.0000 | Valid acc: 1.0000 | patience: 209 | Epoch time: 0.5 |

2023-01-07 18:16:18,353 - INFO -
| Epoch:    222 | Train loss: 0.0000 | Valid loss: 0.0000 | Train acc: 1.0000 | Valid acc: 1.0000 | patience: 210 | Epoch time: 0.5 |

2023-01-07 18:16:18,830 - INFO -
| Epoch:    223 | Train loss: 0.0000 | Valid loss: 0.0000 | Train acc: 1.0000 | Valid acc: 1.0000 | patience: 211 | Epoch time: 0.5 |

2023-01-07 18:16:19,307 - INFO -
| Epoch:    224 | Train loss: 0.0000 | Valid loss: 0.0000 | Train acc: 1.0000 | Valid acc: 1.0000 | patience: 212 | Epoch time: 0.5 |

2023-01-07 18:16:19,784 - INFO -
| Epoch:    225 | Train loss: 0.0000 | Valid loss: 0.0000 | Train acc: 1.0000 | Valid acc: 1.0000 | patience: 213 | Epoch time: 0.5 |

2023-01-07 18:16:20,261 - INFO -
| Epoch:    226 | Train loss: 0.0000 | Valid loss: 0.0000 | Train acc: 1.0000 | Valid acc: 1.0000 | patience: 214 | Epoch time: 0.5 |

2023-01-07 18:16:20,739 - INFO -
| Epoch:    227 | Train loss: 0.0000 | Valid loss: 0.0000 | Train acc: 1.0000 | Valid acc: 1.0000 | patience: 215 | Epoch time: 0.5 |

2023-01-07 18:16:21,216 - INFO -
| Epoch:    228 | Train loss: 0.0000 | Valid loss: 0.0000 | Train acc: 1.0000 | Valid acc: 1.0000 | patience: 216 | Epoch time: 0.5 |

2023-01-07 18:16:21,693 - INFO -
| Epoch:    229 | Train loss: 0.0000 | Valid loss: 0.0000 | Train acc: 1.0000 | Valid acc: 1.0000 | patience: 217 | Epoch time: 0.5 |

2023-01-07 18:16:22,169 - INFO -
| Epoch:    230 | Train loss: 0.0000 | Valid loss: 0.0000 | Train acc: 1.0000 | Valid acc: 1.0000 | patience: 218 | Epoch time: 0.5 |

2023-01-07 18:16:22,647 - INFO -
| Epoch:    231 | Train loss: 0.0000 | Valid loss: 0.0000 | Train acc: 1.0000 | Valid acc: 1.0000 | patience: 219 | Epoch time: 0.5 |

2023-01-07 18:16:23,125 - INFO -
| Epoch:    232 | Train loss: 0.0000 | Valid loss: 0.0000 | Train acc: 1.0000 | Valid acc: 1.0000 | patience: 220 | Epoch time: 0.5 |

2023-01-07 18:16:23,602 - INFO -
| Epoch:    233 | Train loss: 0.0000 | Valid loss: 0.0000 | Train acc: 1.0000 | Valid acc: 1.0000 | patience: 221 | Epoch time: 0.5 |

2023-01-07 18:16:24,080 - INFO -
| Epoch:    234 | Train loss: 0.0000 | Valid loss: 0.0000 | Train acc: 1.0000 | Valid acc: 1.0000 | patience: 222 | Epoch time: 0.5 |

2023-01-07 18:16:24,557 - INFO -
| Epoch:    235 | Train loss: 0.0000 | Valid loss: 0.0000 | Train acc: 1.0000 | Valid acc: 1.0000 | patience: 223 | Epoch time: 0.5 |

2023-01-07 18:16:25,034 - INFO -
| Epoch:    236 | Train loss: 0.0000 | Valid loss: 0.0000 | Train acc: 1.0000 | Valid acc: 1.0000 | patience: 224 | Epoch time: 0.5 |

2023-01-07 18:16:25,511 - INFO -
| Epoch:    237 | Train loss: 0.0000 | Valid loss: 0.0000 | Train acc: 1.0000 | Valid acc: 1.0000 | patience: 225 | Epoch time: 0.5 |

2023-01-07 18:16:25,988 - INFO -
| Epoch:    238 | Train loss: 0.0000 | Valid loss: 0.0000 | Train acc: 1.0000 | Valid acc: 1.0000 | patience: 226 | Epoch time: 0.5 |

2023-01-07 18:16:26,465 - INFO -
| Epoch:    239 | Train loss: 0.0000 | Valid loss: 0.0000 | Train acc: 1.0000 | Valid acc: 1.0000 | patience: 227 | Epoch time: 0.5 |

2023-01-07 18:16:26,942 - INFO -
| Epoch:    240 | Train loss: 0.0000 | Valid loss: 0.0000 | Train acc: 1.0000 | Valid acc: 1.0000 | patience: 228 | Epoch time: 0.5 |

2023-01-07 18:16:27,419 - INFO -
| Epoch:    241 | Train loss: 0.0000 | Valid loss: 0.0000 | Train acc: 1.0000 | Valid acc: 1.0000 | patience: 229 | Epoch time: 0.5 |

2023-01-07 18:16:27,896 - INFO -
| Epoch:    242 | Train loss: 0.0000 | Valid loss: 0.0000 | Train acc: 1.0000 | Valid acc: 1.0000 | patience: 230 | Epoch time: 0.5 |

2023-01-07 18:16:28,373 - INFO -
| Epoch:    243 | Train loss: 0.0000 | Valid loss: 0.0000 | Train acc: 1.0000 | Valid acc: 1.0000 | patience: 231 | Epoch time: 0.5 |

2023-01-07 18:16:28,850 - INFO -
| Epoch:    244 | Train loss: 0.0000 | Valid loss: 0.0000 | Train acc: 1.0000 | Valid acc: 1.0000 | patience: 232 | Epoch time: 0.5 |

2023-01-07 18:16:29,328 - INFO -
| Epoch:    245 | Train loss: 0.0000 | Valid loss: 0.0000 | Train acc: 1.0000 | Valid acc: 1.0000 | patience: 233 | Epoch time: 0.5 |

2023-01-07 18:16:29,804 - INFO -
| Epoch:    246 | Train loss: 0.0000 | Valid loss: 0.0000 | Train acc: 1.0000 | Valid acc: 1.0000 | patience: 234 | Epoch time: 0.5 |

2023-01-07 18:16:30,281 - INFO -
| Epoch:    247 | Train loss: 0.0000 | Valid loss: 0.0000 | Train acc: 1.0000 | Valid acc: 1.0000 | patience: 235 | Epoch time: 0.5 |

2023-01-07 18:16:30,759 - INFO -
| Epoch:    248 | Train loss: 0.0000 | Valid loss: 0.0000 | Train acc: 1.0000 | Valid acc: 1.0000 | patience: 236 | Epoch time: 0.5 |

2023-01-07 18:16:31,235 - INFO -
| Epoch:    249 | Train loss: 0.0000 | Valid loss: 0.0000 | Train acc: 1.0000 | Valid acc: 1.0000 | patience: 237 | Epoch time: 0.5 |

2023-01-07 18:16:31,712 - INFO -
| Epoch:    250 | Train loss: 0.0000 | Valid loss: 0.0000 | Train acc: 1.0000 | Valid acc: 1.0000 | patience: 238 | Epoch time: 0.5 |

2023-01-07 18:16:32,189 - INFO -
| Epoch:    251 | Train loss: 0.0000 | Valid loss: 0.0000 | Train acc: 1.0000 | Valid acc: 1.0000 | patience: 239 | Epoch time: 0.5 |

2023-01-07 18:16:32,667 - INFO -
| Epoch:    252 | Train loss: 0.0000 | Valid loss: 0.0000 | Train acc: 1.0000 | Valid acc: 1.0000 | patience: 240 | Epoch time: 0.5 |

2023-01-07 18:16:33,144 - INFO -
| Epoch:    253 | Train loss: 0.0000 | Valid loss: 0.0000 | Train acc: 1.0000 | Valid acc: 1.0000 | patience: 241 | Epoch time: 0.5 |

2023-01-07 18:16:33,621 - INFO -
| Epoch:    254 | Train loss: 0.0000 | Valid loss: 0.0000 | Train acc: 1.0000 | Valid acc: 1.0000 | patience: 242 | Epoch time: 0.5 |

2023-01-07 18:16:34,098 - INFO -
| Epoch:    255 | Train loss: 0.0000 | Valid loss: 0.0000 | Train acc: 1.0000 | Valid acc: 1.0000 | patience: 243 | Epoch time: 0.5 |

2023-01-07 18:16:34,575 - INFO -
| Epoch:    256 | Train loss: 0.0000 | Valid loss: 0.0000 | Train acc: 1.0000 | Valid acc: 1.0000 | patience: 244 | Epoch time: 0.5 |

2023-01-07 18:16:35,051 - INFO -
| Epoch:    257 | Train loss: 0.0000 | Valid loss: 0.0000 | Train acc: 1.0000 | Valid acc: 1.0000 | patience: 245 | Epoch time: 0.5 |

2023-01-07 18:16:35,528 - INFO -
| Epoch:    258 | Train loss: 0.0000 | Valid loss: 0.0000 | Train acc: 1.0000 | Valid acc: 1.0000 | patience: 246 | Epoch time: 0.5 |

2023-01-07 18:16:36,004 - INFO -
| Epoch:    259 | Train loss: 0.0000 | Valid loss: 0.0000 | Train acc: 1.0000 | Valid acc: 1.0000 | patience: 247 | Epoch time: 0.5 |

2023-01-07 18:16:36,481 - INFO -
| Epoch:    260 | Train loss: 0.0000 | Valid loss: 0.0000 | Train acc: 1.0000 | Valid acc: 1.0000 | patience: 248 | Epoch time: 0.5 |

2023-01-07 18:16:36,959 - INFO -
| Epoch:    261 | Train loss: 0.0000 | Valid loss: 0.0000 | Train acc: 1.0000 | Valid acc: 1.0000 | patience: 249 | Epoch time: 0.5 |

2023-01-07 18:16:37,436 - INFO -
| Epoch:    262 | Train loss: 0.0000 | Valid loss: 0.0000 | Train acc: 1.0000 | Valid acc: 1.0000 | patience: 250 | Epoch time: 0.5 |

2023-01-07 18:16:37,912 - INFO -
| Epoch:    263 | Train loss: 0.0000 | Valid loss: 0.0000 | Train acc: 1.0000 | Valid acc: 1.0000 | patience: 251 | Epoch time: 0.5 |

2023-01-07 18:16:38,389 - INFO -
| Epoch:    264 | Train loss: 0.0000 | Valid loss: 0.0000 | Train acc: 1.0000 | Valid acc: 1.0000 | patience: 252 | Epoch time: 0.5 |

2023-01-07 18:16:38,866 - INFO -
| Epoch:    265 | Train loss: 0.0000 | Valid loss: 0.0000 | Train acc: 1.0000 | Valid acc: 1.0000 | patience: 253 | Epoch time: 0.5 |

2023-01-07 18:16:39,342 - INFO -
| Epoch:    266 | Train loss: 0.0000 | Valid loss: 0.0000 | Train acc: 1.0000 | Valid acc: 1.0000 | patience: 254 | Epoch time: 0.5 |

2023-01-07 18:16:39,819 - INFO -
| Epoch:    267 | Train loss: 0.0000 | Valid loss: 0.0000 | Train acc: 1.0000 | Valid acc: 1.0000 | patience: 255 | Epoch time: 0.5 |

2023-01-07 18:16:40,297 - INFO -
| Epoch:    268 | Train loss: 0.0000 | Valid loss: 0.0000 | Train acc: 1.0000 | Valid acc: 1.0000 | patience: 256 | Epoch time: 0.5 |

2023-01-07 18:16:40,773 - INFO -
| Epoch:    269 | Train loss: 0.0000 | Valid loss: 0.0000 | Train acc: 1.0000 | Valid acc: 1.0000 | patience: 257 | Epoch time: 0.5 |

2023-01-07 18:16:41,250 - INFO -
| Epoch:    270 | Train loss: 0.0000 | Valid loss: 0.0000 | Train acc: 1.0000 | Valid acc: 1.0000 | patience: 258 | Epoch time: 0.5 |

2023-01-07 18:16:41,726 - INFO -
| Epoch:    271 | Train loss: 0.0000 | Valid loss: 0.0000 | Train acc: 1.0000 | Valid acc: 1.0000 | patience: 259 | Epoch time: 0.5 |

2023-01-07 18:16:42,203 - INFO -
| Epoch:    272 | Train loss: 0.0000 | Valid loss: 0.0000 | Train acc: 1.0000 | Valid acc: 1.0000 | patience: 260 | Epoch time: 0.5 |

2023-01-07 18:16:42,680 - INFO -
| Epoch:    273 | Train loss: 0.0000 | Valid loss: 0.0000 | Train acc: 1.0000 | Valid acc: 1.0000 | patience: 261 | Epoch time: 0.5 |

2023-01-07 18:16:43,157 - INFO -
| Epoch:    274 | Train loss: 0.0000 | Valid loss: 0.0000 | Train acc: 1.0000 | Valid acc: 1.0000 | patience: 262 | Epoch time: 0.5 |

2023-01-07 18:16:43,634 - INFO -
| Epoch:    275 | Train loss: 0.0000 | Valid loss: 0.0000 | Train acc: 1.0000 | Valid acc: 1.0000 | patience: 263 | Epoch time: 0.5 |

2023-01-07 18:16:44,110 - INFO -
| Epoch:    276 | Train loss: 0.0000 | Valid loss: 0.0000 | Train acc: 1.0000 | Valid acc: 1.0000 | patience: 264 | Epoch time: 0.5 |

2023-01-07 18:16:44,587 - INFO -
| Epoch:    277 | Train loss: 0.0000 | Valid loss: 0.0000 | Train acc: 1.0000 | Valid acc: 1.0000 | patience: 265 | Epoch time: 0.5 |

2023-01-07 18:16:45,063 - INFO -
| Epoch:    278 | Train loss: 0.0000 | Valid loss: 0.0000 | Train acc: 1.0000 | Valid acc: 1.0000 | patience: 266 | Epoch time: 0.5 |

2023-01-07 18:16:45,540 - INFO -
| Epoch:    279 | Train loss: 0.0000 | Valid loss: 0.0000 | Train acc: 1.0000 | Valid acc: 1.0000 | patience: 267 | Epoch time: 0.5 |

2023-01-07 18:16:46,016 - INFO -
| Epoch:    280 | Train loss: 0.0000 | Valid loss: 0.0000 | Train acc: 1.0000 | Valid acc: 1.0000 | patience: 268 | Epoch time: 0.5 |

2023-01-07 18:16:46,494 - INFO -
| Epoch:    281 | Train loss: 0.0000 | Valid loss: 0.0000 | Train acc: 1.0000 | Valid acc: 1.0000 | patience: 269 | Epoch time: 0.5 |

2023-01-07 18:16:46,971 - INFO -
| Epoch:    282 | Train loss: 0.0000 | Valid loss: 0.0000 | Train acc: 1.0000 | Valid acc: 1.0000 | patience: 270 | Epoch time: 0.5 |

2023-01-07 18:16:47,447 - INFO -
| Epoch:    283 | Train loss: 0.0000 | Valid loss: 0.0000 | Train acc: 1.0000 | Valid acc: 1.0000 | patience: 271 | Epoch time: 0.5 |

2023-01-07 18:16:47,923 - INFO -
| Epoch:    284 | Train loss: 0.0000 | Valid loss: 0.0000 | Train acc: 1.0000 | Valid acc: 1.0000 | patience: 272 | Epoch time: 0.5 |

2023-01-07 18:16:48,400 - INFO -
| Epoch:    285 | Train loss: 0.0000 | Valid loss: 0.0000 | Train acc: 1.0000 | Valid acc: 1.0000 | patience: 273 | Epoch time: 0.5 |

2023-01-07 18:16:48,876 - INFO -
| Epoch:    286 | Train loss: 0.0000 | Valid loss: 0.0000 | Train acc: 1.0000 | Valid acc: 1.0000 | patience: 274 | Epoch time: 0.5 |

2023-01-07 18:16:49,353 - INFO -
| Epoch:    287 | Train loss: 0.0000 | Valid loss: 0.0000 | Train acc: 1.0000 | Valid acc: 1.0000 | patience: 275 | Epoch time: 0.5 |

2023-01-07 18:16:49,830 - INFO -
| Epoch:    288 | Train loss: 0.0000 | Valid loss: 0.0000 | Train acc: 1.0000 | Valid acc: 1.0000 | patience: 276 | Epoch time: 0.5 |

2023-01-07 18:16:50,306 - INFO -
| Epoch:    289 | Train loss: 0.0000 | Valid loss: 0.0000 | Train acc: 1.0000 | Valid acc: 1.0000 | patience: 277 | Epoch time: 0.5 |

2023-01-07 18:16:50,783 - INFO -
| Epoch:    290 | Train loss: 0.0000 | Valid loss: 0.0000 | Train acc: 1.0000 | Valid acc: 1.0000 | patience: 278 | Epoch time: 0.5 |

2023-01-07 18:16:51,259 - INFO -
| Epoch:    291 | Train loss: 0.0000 | Valid loss: 0.0000 | Train acc: 1.0000 | Valid acc: 1.0000 | patience: 279 | Epoch time: 0.5 |

2023-01-07 18:16:51,736 - INFO -
| Epoch:    292 | Train loss: 0.0000 | Valid loss: 0.0000 | Train acc: 1.0000 | Valid acc: 1.0000 | patience: 280 | Epoch time: 0.5 |

2023-01-07 18:16:52,213 - INFO -
| Epoch:    293 | Train loss: 0.0000 | Valid loss: 0.0000 | Train acc: 1.0000 | Valid acc: 1.0000 | patience: 281 | Epoch time: 0.5 |

2023-01-07 18:16:52,690 - INFO -
| Epoch:    294 | Train loss: 0.0000 | Valid loss: 0.0000 | Train acc: 1.0000 | Valid acc: 1.0000 | patience: 282 | Epoch time: 0.5 |

2023-01-07 18:16:53,166 - INFO -
| Epoch:    295 | Train loss: 0.0000 | Valid loss: 0.0000 | Train acc: 1.0000 | Valid acc: 1.0000 | patience: 283 | Epoch time: 0.5 |

2023-01-07 18:16:53,642 - INFO -
| Epoch:    296 | Train loss: 0.0000 | Valid loss: 0.0000 | Train acc: 1.0000 | Valid acc: 1.0000 | patience: 284 | Epoch time: 0.5 |

2023-01-07 18:16:54,119 - INFO -
| Epoch:    297 | Train loss: 0.0000 | Valid loss: 0.0000 | Train acc: 1.0000 | Valid acc: 1.0000 | patience: 285 | Epoch time: 0.5 |

2023-01-07 18:16:54,596 - INFO -
| Epoch:    298 | Train loss: 0.0000 | Valid loss: 0.0000 | Train acc: 1.0000 | Valid acc: 1.0000 | patience: 286 | Epoch time: 0.5 |

2023-01-07 18:16:55,072 - INFO -
| Epoch:    299 | Train loss: 0.0000 | Valid loss: 0.0000 | Train acc: 1.0000 | Valid acc: 1.0000 | patience: 287 | Epoch time: 0.5 |

2023-01-07 18:16:55,548 - INFO -
| Epoch:    300 | Train loss: 0.0000 | Valid loss: 0.0000 | Train acc: 1.0000 | Valid acc: 1.0000 | patience: 288 | Epoch time: 0.5 |

2023-01-07 18:16:56,026 - INFO -
| Epoch:    301 | Train loss: 0.0000 | Valid loss: 0.0000 | Train acc: 1.0000 | Valid acc: 1.0000 | patience: 289 | Epoch time: 0.5 |

2023-01-07 18:16:56,502 - INFO -
| Epoch:    302 | Train loss: 0.0000 | Valid loss: 0.0000 | Train acc: 1.0000 | Valid acc: 1.0000 | patience: 290 | Epoch time: 0.5 |

2023-01-07 18:16:56,978 - INFO -
| Epoch:    303 | Train loss: 0.0000 | Valid loss: 0.0000 | Train acc: 1.0000 | Valid acc: 1.0000 | patience: 291 | Epoch time: 0.5 |

2023-01-07 18:16:57,455 - INFO -
| Epoch:    304 | Train loss: 0.0000 | Valid loss: 0.0000 | Train acc: 1.0000 | Valid acc: 1.0000 | patience: 292 | Epoch time: 0.5 |

2023-01-07 18:16:57,931 - INFO -
| Epoch:    305 | Train loss: 0.0000 | Valid loss: 0.0000 | Train acc: 1.0000 | Valid acc: 1.0000 | patience: 293 | Epoch time: 0.5 |

2023-01-07 18:16:58,408 - INFO -
| Epoch:    306 | Train loss: 0.0000 | Valid loss: 0.0000 | Train acc: 1.0000 | Valid acc: 1.0000 | patience: 294 | Epoch time: 0.5 |

2023-01-07 18:16:58,884 - INFO -
| Epoch:    307 | Train loss: 0.0000 | Valid loss: 0.0000 | Train acc: 1.0000 | Valid acc: 1.0000 | patience: 295 | Epoch time: 0.5 |

2023-01-07 18:16:59,361 - INFO -
| Epoch:    308 | Train loss: 0.0000 | Valid loss: 0.0000 | Train acc: 1.0000 | Valid acc: 1.0000 | patience: 296 | Epoch time: 0.5 |

2023-01-07 18:16:59,837 - INFO -
| Epoch:    309 | Train loss: 0.0000 | Valid loss: 0.0000 | Train acc: 1.0000 | Valid acc: 1.0000 | patience: 297 | Epoch time: 0.5 |

2023-01-07 18:17:00,314 - INFO -
| Epoch:    310 | Train loss: 0.0000 | Valid loss: 0.0000 | Train acc: 1.0000 | Valid acc: 1.0000 | patience: 298 | Epoch time: 0.5 |

2023-01-07 18:17:00,790 - INFO -
| Epoch:    311 | Train loss: 0.0000 | Valid loss: 0.0000 | Train acc: 1.0000 | Valid acc: 1.0000 | patience: 299 | Epoch time: 0.5 |

2023-01-07 18:17:01,266 - INFO -
| Epoch:    312 | Train loss: 0.0000 | Valid loss: 0.0000 | Train acc: 1.0000 | Valid acc: 1.0000 | patience: 300 | Epoch time: 0.5 |

2023-01-07 18:17:01,742 - INFO -
| Epoch:    313 | Train loss: 0.0000 | Valid loss: 0.0000 | Train acc: 1.0000 | Valid acc: 1.0000 | patience: 301 | Epoch time: 0.5 |

2023-01-07 18:17:02,219 - INFO -
| Epoch:    314 | Train loss: 0.0000 | Valid loss: 0.0000 | Train acc: 1.0000 | Valid acc: 1.0000 | patience: 302 | Epoch time: 0.5 |

2023-01-07 18:17:02,696 - INFO -
| Epoch:    315 | Train loss: 0.0000 | Valid loss: 0.0000 | Train acc: 1.0000 | Valid acc: 1.0000 | patience: 303 | Epoch time: 0.5 |

2023-01-07 18:17:03,172 - INFO -
| Epoch:    316 | Train loss: 0.0000 | Valid loss: 0.0000 | Train acc: 1.0000 | Valid acc: 1.0000 | patience: 304 | Epoch time: 0.5 |

2023-01-07 18:17:03,649 - INFO -
| Epoch:    317 | Train loss: 0.0000 | Valid loss: 0.0000 | Train acc: 1.0000 | Valid acc: 1.0000 | patience: 305 | Epoch time: 0.5 |

2023-01-07 18:17:04,125 - INFO -
| Epoch:    318 | Train loss: 0.0000 | Valid loss: 0.0000 | Train acc: 1.0000 | Valid acc: 1.0000 | patience: 306 | Epoch time: 0.5 |

2023-01-07 18:17:04,602 - INFO -
| Epoch:    319 | Train loss: 0.0000 | Valid loss: 0.0000 | Train acc: 1.0000 | Valid acc: 1.0000 | patience: 307 | Epoch time: 0.5 |

2023-01-07 18:17:05,078 - INFO -
| Epoch:    320 | Train loss: 0.0000 | Valid loss: 0.0000 | Train acc: 1.0000 | Valid acc: 1.0000 | patience: 308 | Epoch time: 0.5 |

2023-01-07 18:17:05,555 - INFO -
| Epoch:    321 | Train loss: 0.0000 | Valid loss: 0.0000 | Train acc: 1.0000 | Valid acc: 1.0000 | patience: 309 | Epoch time: 0.5 |

2023-01-07 18:17:06,032 - INFO -
| Epoch:    322 | Train loss: 0.0000 | Valid loss: 0.0000 | Train acc: 1.0000 | Valid acc: 1.0000 | patience: 310 | Epoch time: 0.5 |

2023-01-07 18:17:06,508 - INFO -
| Epoch:    323 | Train loss: 0.0000 | Valid loss: 0.0000 | Train acc: 1.0000 | Valid acc: 1.0000 | patience: 311 | Epoch time: 0.5 |

2023-01-07 18:17:06,985 - INFO -
| Epoch:    324 | Train loss: 0.0000 | Valid loss: 0.0000 | Train acc: 1.0000 | Valid acc: 1.0000 | patience: 312 | Epoch time: 0.5 |

2023-01-07 18:17:07,462 - INFO -
| Epoch:    325 | Train loss: 0.0000 | Valid loss: 0.0000 | Train acc: 1.0000 | Valid acc: 1.0000 | patience: 313 | Epoch time: 0.5 |

2023-01-07 18:17:07,939 - INFO -
| Epoch:    326 | Train loss: 0.0000 | Valid loss: 0.0000 | Train acc: 1.0000 | Valid acc: 1.0000 | patience: 314 | Epoch time: 0.5 |

2023-01-07 18:17:08,415 - INFO -
| Epoch:    327 | Train loss: 0.0000 | Valid loss: 0.0000 | Train acc: 1.0000 | Valid acc: 1.0000 | patience: 315 | Epoch time: 0.5 |

2023-01-07 18:17:08,892 - INFO -
| Epoch:    328 | Train loss: 0.0000 | Valid loss: 0.0000 | Train acc: 1.0000 | Valid acc: 1.0000 | patience: 316 | Epoch time: 0.5 |

2023-01-07 18:17:09,368 - INFO -
| Epoch:    329 | Train loss: 0.0000 | Valid loss: 0.0000 | Train acc: 1.0000 | Valid acc: 1.0000 | patience: 317 | Epoch time: 0.5 |

2023-01-07 18:17:09,845 - INFO -
| Epoch:    330 | Train loss: 0.0000 | Valid loss: 0.0000 | Train acc: 1.0000 | Valid acc: 1.0000 | patience: 318 | Epoch time: 0.5 |

2023-01-07 18:17:10,321 - INFO -
| Epoch:    331 | Train loss: 0.0000 | Valid loss: 0.0000 | Train acc: 1.0000 | Valid acc: 1.0000 | patience: 319 | Epoch time: 0.5 |

2023-01-07 18:17:10,797 - INFO -
| Epoch:    332 | Train loss: 0.0000 | Valid loss: 0.0000 | Train acc: 1.0000 | Valid acc: 1.0000 | patience: 320 | Epoch time: 0.5 |

2023-01-07 18:17:11,275 - INFO -
| Epoch:    333 | Train loss: 0.0000 | Valid loss: 0.0000 | Train acc: 1.0000 | Valid acc: 1.0000 | patience: 321 | Epoch time: 0.5 |

2023-01-07 18:17:11,752 - INFO -
| Epoch:    334 | Train loss: 0.0000 | Valid loss: 0.0000 | Train acc: 1.0000 | Valid acc: 1.0000 | patience: 322 | Epoch time: 0.5 |

2023-01-07 18:17:12,228 - INFO -
| Epoch:    335 | Train loss: 0.0000 | Valid loss: 0.0000 | Train acc: 1.0000 | Valid acc: 1.0000 | patience: 323 | Epoch time: 0.5 |

2023-01-07 18:17:12,705 - INFO -
| Epoch:    336 | Train loss: 0.0000 | Valid loss: 0.0000 | Train acc: 1.0000 | Valid acc: 1.0000 | patience: 324 | Epoch time: 0.5 |

2023-01-07 18:17:13,182 - INFO -
| Epoch:    337 | Train loss: 0.0000 | Valid loss: 0.0000 | Train acc: 1.0000 | Valid acc: 1.0000 | patience: 325 | Epoch time: 0.5 |

2023-01-07 18:17:13,658 - INFO -
| Epoch:    338 | Train loss: 0.0000 | Valid loss: 0.0000 | Train acc: 1.0000 | Valid acc: 1.0000 | patience: 326 | Epoch time: 0.5 |

2023-01-07 18:17:14,135 - INFO -
| Epoch:    339 | Train loss: 0.0000 | Valid loss: 0.0000 | Train acc: 1.0000 | Valid acc: 1.0000 | patience: 327 | Epoch time: 0.5 |

2023-01-07 18:17:14,611 - INFO -
| Epoch:    340 | Train loss: 0.0000 | Valid loss: 0.0000 | Train acc: 1.0000 | Valid acc: 1.0000 | patience: 328 | Epoch time: 0.5 |

2023-01-07 18:17:15,088 - INFO -
| Epoch:    341 | Train loss: 0.0000 | Valid loss: 0.0000 | Train acc: 1.0000 | Valid acc: 1.0000 | patience: 329 | Epoch time: 0.5 |

2023-01-07 18:17:15,565 - INFO -
| Epoch:    342 | Train loss: 0.0000 | Valid loss: 0.0000 | Train acc: 1.0000 | Valid acc: 1.0000 | patience: 330 | Epoch time: 0.5 |

2023-01-07 18:17:16,041 - INFO -
| Epoch:    343 | Train loss: 0.0000 | Valid loss: 0.0000 | Train acc: 1.0000 | Valid acc: 1.0000 | patience: 331 | Epoch time: 0.5 |

2023-01-07 18:17:16,518 - INFO -
| Epoch:    344 | Train loss: 0.0000 | Valid loss: 0.0000 | Train acc: 1.0000 | Valid acc: 1.0000 | patience: 332 | Epoch time: 0.5 |

2023-01-07 18:17:16,995 - INFO -
| Epoch:    345 | Train loss: 0.0000 | Valid loss: 0.0000 | Train acc: 1.0000 | Valid acc: 1.0000 | patience: 333 | Epoch time: 0.5 |

2023-01-07 18:17:17,472 - INFO -
| Epoch:    346 | Train loss: 0.0000 | Valid loss: 0.0000 | Train acc: 1.0000 | Valid acc: 1.0000 | patience: 334 | Epoch time: 0.5 |

2023-01-07 18:17:17,948 - INFO -
| Epoch:    347 | Train loss: 0.0000 | Valid loss: 0.0000 | Train acc: 1.0000 | Valid acc: 1.0000 | patience: 335 | Epoch time: 0.5 |

2023-01-07 18:17:18,427 - INFO -
| Epoch:    348 | Train loss: 0.0000 | Valid loss: 0.0000 | Train acc: 1.0000 | Valid acc: 1.0000 | patience: 336 | Epoch time: 0.5 |

2023-01-07 18:17:18,904 - INFO -
| Epoch:    349 | Train loss: 0.0000 | Valid loss: 0.0000 | Train acc: 1.0000 | Valid acc: 1.0000 | patience: 337 | Epoch time: 0.5 |

2023-01-07 18:17:19,380 - INFO -
| Epoch:    350 | Train loss: 0.0000 | Valid loss: 0.0000 | Train acc: 1.0000 | Valid acc: 1.0000 | patience: 338 | Epoch time: 0.5 |

2023-01-07 18:17:19,857 - INFO -
| Epoch:    351 | Train loss: 0.0000 | Valid loss: 0.0000 | Train acc: 1.0000 | Valid acc: 1.0000 | patience: 339 | Epoch time: 0.5 |

2023-01-07 18:17:20,333 - INFO -
| Epoch:    352 | Train loss: 0.0000 | Valid loss: 0.0000 | Train acc: 1.0000 | Valid acc: 1.0000 | patience: 340 | Epoch time: 0.5 |

2023-01-07 18:17:20,811 - INFO -
| Epoch:    353 | Train loss: 0.0000 | Valid loss: 0.0000 | Train acc: 1.0000 | Valid acc: 1.0000 | patience: 341 | Epoch time: 0.5 |

2023-01-07 18:17:21,287 - INFO -
| Epoch:    354 | Train loss: 0.0000 | Valid loss: 0.0000 | Train acc: 1.0000 | Valid acc: 1.0000 | patience: 342 | Epoch time: 0.5 |

2023-01-07 18:17:21,765 - INFO -
| Epoch:    355 | Train loss: 0.0000 | Valid loss: 0.0000 | Train acc: 1.0000 | Valid acc: 1.0000 | patience: 343 | Epoch time: 0.5 |

2023-01-07 18:17:22,241 - INFO -
| Epoch:    356 | Train loss: 0.0000 | Valid loss: 0.0000 | Train acc: 1.0000 | Valid acc: 1.0000 | patience: 344 | Epoch time: 0.5 |

2023-01-07 18:17:22,718 - INFO -
| Epoch:    357 | Train loss: 0.0000 | Valid loss: 0.0000 | Train acc: 1.0000 | Valid acc: 1.0000 | patience: 345 | Epoch time: 0.5 |

2023-01-07 18:17:23,194 - INFO -
| Epoch:    358 | Train loss: 0.0000 | Valid loss: 0.0000 | Train acc: 1.0000 | Valid acc: 1.0000 | patience: 346 | Epoch time: 0.5 |

2023-01-07 18:17:23,671 - INFO -
| Epoch:    359 | Train loss: 0.0000 | Valid loss: 0.0000 | Train acc: 1.0000 | Valid acc: 1.0000 | patience: 347 | Epoch time: 0.5 |

2023-01-07 18:17:24,147 - INFO -
| Epoch:    360 | Train loss: 0.0000 | Valid loss: 0.0000 | Train acc: 1.0000 | Valid acc: 1.0000 | patience: 348 | Epoch time: 0.5 |

2023-01-07 18:17:24,624 - INFO -
| Epoch:    361 | Train loss: 0.0000 | Valid loss: 0.0000 | Train acc: 1.0000 | Valid acc: 1.0000 | patience: 349 | Epoch time: 0.5 |

2023-01-07 18:17:25,100 - INFO -
| Epoch:    362 | Train loss: 0.0000 | Valid loss: 0.0000 | Train acc: 1.0000 | Valid acc: 1.0000 | patience: 350 | Epoch time: 0.5 |

2023-01-07 18:17:25,577 - INFO -
| Epoch:    363 | Train loss: 0.0000 | Valid loss: 0.0000 | Train acc: 1.0000 | Valid acc: 1.0000 | patience: 351 | Epoch time: 0.5 |

2023-01-07 18:17:26,054 - INFO -
| Epoch:    364 | Train loss: 0.0000 | Valid loss: 0.0000 | Train acc: 1.0000 | Valid acc: 1.0000 | patience: 352 | Epoch time: 0.5 |

2023-01-07 18:17:26,530 - INFO -
| Epoch:    365 | Train loss: 0.0000 | Valid loss: 0.0000 | Train acc: 1.0000 | Valid acc: 1.0000 | patience: 353 | Epoch time: 0.5 |

2023-01-07 18:17:27,007 - INFO -
| Epoch:    366 | Train loss: 0.0000 | Valid loss: 0.0000 | Train acc: 1.0000 | Valid acc: 1.0000 | patience: 354 | Epoch time: 0.5 |

2023-01-07 18:17:27,483 - INFO -
| Epoch:    367 | Train loss: 0.0000 | Valid loss: 0.0000 | Train acc: 1.0000 | Valid acc: 1.0000 | patience: 355 | Epoch time: 0.5 |

2023-01-07 18:17:27,960 - INFO -
| Epoch:    368 | Train loss: 0.0000 | Valid loss: 0.0000 | Train acc: 1.0000 | Valid acc: 1.0000 | patience: 356 | Epoch time: 0.5 |

2023-01-07 18:17:28,437 - INFO -
| Epoch:    369 | Train loss: 0.0000 | Valid loss: 0.0000 | Train acc: 1.0000 | Valid acc: 1.0000 | patience: 357 | Epoch time: 0.5 |

2023-01-07 18:17:28,913 - INFO -
| Epoch:    370 | Train loss: 0.0000 | Valid loss: 0.0000 | Train acc: 1.0000 | Valid acc: 1.0000 | patience: 358 | Epoch time: 0.5 |

2023-01-07 18:17:29,389 - INFO -
| Epoch:    371 | Train loss: 0.0000 | Valid loss: 0.0000 | Train acc: 1.0000 | Valid acc: 1.0000 | patience: 359 | Epoch time: 0.5 |

2023-01-07 18:17:29,866 - INFO -
| Epoch:    372 | Train loss: 0.0000 | Valid loss: 0.0000 | Train acc: 1.0000 | Valid acc: 1.0000 | patience: 360 | Epoch time: 0.5 |

2023-01-07 18:17:30,343 - INFO -
| Epoch:    373 | Train loss: 0.0000 | Valid loss: 0.0000 | Train acc: 1.0000 | Valid acc: 1.0000 | patience: 361 | Epoch time: 0.5 |

2023-01-07 18:17:30,820 - INFO -
| Epoch:    374 | Train loss: 0.0000 | Valid loss: 0.0000 | Train acc: 1.0000 | Valid acc: 1.0000 | patience: 362 | Epoch time: 0.5 |

2023-01-07 18:17:31,297 - INFO -
| Epoch:    375 | Train loss: 0.0000 | Valid loss: 0.0000 | Train acc: 1.0000 | Valid acc: 1.0000 | patience: 363 | Epoch time: 0.5 |

2023-01-07 18:17:31,774 - INFO -
| Epoch:    376 | Train loss: 0.0000 | Valid loss: 0.0000 | Train acc: 1.0000 | Valid acc: 1.0000 | patience: 364 | Epoch time: 0.5 |

2023-01-07 18:17:32,250 - INFO -
| Epoch:    377 | Train loss: 0.0000 | Valid loss: 0.0000 | Train acc: 1.0000 | Valid acc: 1.0000 | patience: 365 | Epoch time: 0.5 |

2023-01-07 18:17:32,727 - INFO -
| Epoch:    378 | Train loss: 0.0000 | Valid loss: 0.0000 | Train acc: 1.0000 | Valid acc: 1.0000 | patience: 366 | Epoch time: 0.5 |

2023-01-07 18:17:33,204 - INFO -
| Epoch:    379 | Train loss: 0.0000 | Valid loss: 0.0000 | Train acc: 1.0000 | Valid acc: 1.0000 | patience: 367 | Epoch time: 0.5 |

2023-01-07 18:17:33,680 - INFO -
| Epoch:    380 | Train loss: 0.0000 | Valid loss: 0.0000 | Train acc: 1.0000 | Valid acc: 1.0000 | patience: 368 | Epoch time: 0.5 |

2023-01-07 18:17:34,158 - INFO -
| Epoch:    381 | Train loss: 0.0000 | Valid loss: 0.0000 | Train acc: 1.0000 | Valid acc: 1.0000 | patience: 369 | Epoch time: 0.5 |

2023-01-07 18:17:34,635 - INFO -
| Epoch:    382 | Train loss: 0.0000 | Valid loss: 0.0000 | Train acc: 1.0000 | Valid acc: 1.0000 | patience: 370 | Epoch time: 0.5 |

2023-01-07 18:17:35,111 - INFO -
| Epoch:    383 | Train loss: 0.0000 | Valid loss: 0.0000 | Train acc: 1.0000 | Valid acc: 1.0000 | patience: 371 | Epoch time: 0.5 |

2023-01-07 18:17:35,588 - INFO -
| Epoch:    384 | Train loss: 0.0000 | Valid loss: 0.0000 | Train acc: 1.0000 | Valid acc: 1.0000 | patience: 372 | Epoch time: 0.5 |

2023-01-07 18:17:36,065 - INFO -
| Epoch:    385 | Train loss: 0.0000 | Valid loss: 0.0000 | Train acc: 1.0000 | Valid acc: 1.0000 | patience: 373 | Epoch time: 0.5 |

2023-01-07 18:17:36,542 - INFO -
| Epoch:    386 | Train loss: 0.0000 | Valid loss: 0.0000 | Train acc: 1.0000 | Valid acc: 1.0000 | patience: 374 | Epoch time: 0.5 |

2023-01-07 18:17:37,019 - INFO -
| Epoch:    387 | Train loss: 0.0000 | Valid loss: 0.0000 | Train acc: 1.0000 | Valid acc: 1.0000 | patience: 375 | Epoch time: 0.5 |

2023-01-07 18:17:37,495 - INFO -
| Epoch:    388 | Train loss: 0.0000 | Valid loss: 0.0000 | Train acc: 1.0000 | Valid acc: 1.0000 | patience: 376 | Epoch time: 0.5 |

2023-01-07 18:17:37,972 - INFO -
| Epoch:    389 | Train loss: 0.0000 | Valid loss: 0.0000 | Train acc: 1.0000 | Valid acc: 1.0000 | patience: 377 | Epoch time: 0.5 |

2023-01-07 18:17:38,449 - INFO -
| Epoch:    390 | Train loss: 0.0000 | Valid loss: 0.0000 | Train acc: 1.0000 | Valid acc: 1.0000 | patience: 378 | Epoch time: 0.5 |

2023-01-07 18:17:38,925 - INFO -
| Epoch:    391 | Train loss: 0.0000 | Valid loss: 0.0000 | Train acc: 1.0000 | Valid acc: 1.0000 | patience: 379 | Epoch time: 0.5 |

2023-01-07 18:17:39,402 - INFO -
| Epoch:    392 | Train loss: 0.0000 | Valid loss: 0.0000 | Train acc: 1.0000 | Valid acc: 1.0000 | patience: 380 | Epoch time: 0.5 |

2023-01-07 18:17:39,878 - INFO -
| Epoch:    393 | Train loss: 0.0000 | Valid loss: 0.0000 | Train acc: 1.0000 | Valid acc: 1.0000 | patience: 381 | Epoch time: 0.5 |

2023-01-07 18:17:40,355 - INFO -
| Epoch:    394 | Train loss: 0.0000 | Valid loss: 0.0000 | Train acc: 1.0000 | Valid acc: 1.0000 | patience: 382 | Epoch time: 0.5 |

2023-01-07 18:17:40,832 - INFO -
| Epoch:    395 | Train loss: 0.0000 | Valid loss: 0.0000 | Train acc: 1.0000 | Valid acc: 1.0000 | patience: 383 | Epoch time: 0.5 |

2023-01-07 18:17:41,309 - INFO -
| Epoch:    396 | Train loss: 0.0000 | Valid loss: 0.0000 | Train acc: 1.0000 | Valid acc: 1.0000 | patience: 384 | Epoch time: 0.5 |

2023-01-07 18:17:41,785 - INFO -
| Epoch:    397 | Train loss: 0.0000 | Valid loss: 0.0000 | Train acc: 1.0000 | Valid acc: 1.0000 | patience: 385 | Epoch time: 0.5 |

2023-01-07 18:17:42,261 - INFO -
| Epoch:    398 | Train loss: 0.0000 | Valid loss: 0.0000 | Train acc: 1.0000 | Valid acc: 1.0000 | patience: 386 | Epoch time: 0.5 |

2023-01-07 18:17:42,737 - INFO -
| Epoch:    399 | Train loss: 0.0000 | Valid loss: 0.0000 | Train acc: 1.0000 | Valid acc: 1.0000 | patience: 387 | Epoch time: 0.5 |

2023-01-07 18:17:43,213 - INFO -
| Epoch:    400 | Train loss: 0.0000 | Valid loss: 0.0000 | Train acc: 1.0000 | Valid acc: 1.0000 | patience: 388 | Epoch time: 0.5 |

2023-01-07 18:17:43,690 - INFO -
| Epoch:    401 | Train loss: 0.0000 | Valid loss: 0.0000 | Train acc: 1.0000 | Valid acc: 1.0000 | patience: 389 | Epoch time: 0.5 |

2023-01-07 18:17:44,168 - INFO -
| Epoch:    402 | Train loss: 0.0000 | Valid loss: 0.0000 | Train acc: 1.0000 | Valid acc: 1.0000 | patience: 390 | Epoch time: 0.5 |

2023-01-07 18:17:44,644 - INFO -
| Epoch:    403 | Train loss: 0.0000 | Valid loss: 0.0000 | Train acc: 1.0000 | Valid acc: 1.0000 | patience: 391 | Epoch time: 0.5 |

2023-01-07 18:17:45,120 - INFO -
| Epoch:    404 | Train loss: 0.0000 | Valid loss: 0.0000 | Train acc: 1.0000 | Valid acc: 1.0000 | patience: 392 | Epoch time: 0.5 |

2023-01-07 18:17:45,597 - INFO -
| Epoch:    405 | Train loss: 0.0000 | Valid loss: 0.0000 | Train acc: 1.0000 | Valid acc: 1.0000 | patience: 393 | Epoch time: 0.5 |

2023-01-07 18:17:46,074 - INFO -
| Epoch:    406 | Train loss: 0.0000 | Valid loss: 0.0000 | Train acc: 1.0000 | Valid acc: 1.0000 | patience: 394 | Epoch time: 0.5 |

2023-01-07 18:17:46,550 - INFO -
| Epoch:    407 | Train loss: 0.0000 | Valid loss: 0.0000 | Train acc: 1.0000 | Valid acc: 1.0000 | patience: 395 | Epoch time: 0.5 |

2023-01-07 18:17:47,027 - INFO -
| Epoch:    408 | Train loss: 0.0000 | Valid loss: 0.0000 | Train acc: 1.0000 | Valid acc: 1.0000 | patience: 396 | Epoch time: 0.5 |

2023-01-07 18:17:47,504 - INFO -
| Epoch:    409 | Train loss: 0.0000 | Valid loss: 0.0000 | Train acc: 1.0000 | Valid acc: 1.0000 | patience: 397 | Epoch time: 0.5 |

2023-01-07 18:17:47,981 - INFO -
| Epoch:    410 | Train loss: 0.0000 | Valid loss: 0.0000 | Train acc: 1.0000 | Valid acc: 1.0000 | patience: 398 | Epoch time: 0.5 |

2023-01-07 18:17:48,458 - INFO -
| Epoch:    411 | Train loss: 0.0000 | Valid loss: 0.0000 | Train acc: 1.0000 | Valid acc: 1.0000 | patience: 399 | Epoch time: 0.5 |

2023-01-07 18:17:48,935 - INFO -
| Epoch:    412 | Train loss: 0.0000 | Valid loss: 0.0000 | Train acc: 1.0000 | Valid acc: 1.0000 | patience: 400 | Epoch time: 0.5 |

2023-01-07 18:17:49,412 - INFO -
| Epoch:    413 | Train loss: 0.0000 | Valid loss: 0.0000 | Train acc: 1.0000 | Valid acc: 1.0000 | patience: 401 | Epoch time: 0.5 |

2023-01-07 18:17:49,888 - INFO -
| Epoch:    414 | Train loss: 0.0000 | Valid loss: 0.0000 | Train acc: 1.0000 | Valid acc: 1.0000 | patience: 402 | Epoch time: 0.5 |

2023-01-07 18:17:50,366 - INFO -
| Epoch:    415 | Train loss: 0.0000 | Valid loss: 0.0000 | Train acc: 1.0000 | Valid acc: 1.0000 | patience: 403 | Epoch time: 0.5 |

2023-01-07 18:17:50,842 - INFO -
| Epoch:    416 | Train loss: 0.0000 | Valid loss: 0.0000 | Train acc: 1.0000 | Valid acc: 1.0000 | patience: 404 | Epoch time: 0.5 |

2023-01-07 18:17:51,319 - INFO -
| Epoch:    417 | Train loss: 0.0000 | Valid loss: 0.0000 | Train acc: 1.0000 | Valid acc: 1.0000 | patience: 405 | Epoch time: 0.5 |

2023-01-07 18:17:51,797 - INFO -
| Epoch:    418 | Train loss: 0.0000 | Valid loss: 0.0000 | Train acc: 1.0000 | Valid acc: 1.0000 | patience: 406 | Epoch time: 0.5 |

2023-01-07 18:17:52,273 - INFO -
| Epoch:    419 | Train loss: 0.0000 | Valid loss: 0.0000 | Train acc: 1.0000 | Valid acc: 1.0000 | patience: 407 | Epoch time: 0.5 |

2023-01-07 18:17:52,749 - INFO -
| Epoch:    420 | Train loss: 0.0000 | Valid loss: 0.0000 | Train acc: 1.0000 | Valid acc: 1.0000 | patience: 408 | Epoch time: 0.5 |

2023-01-07 18:17:53,226 - INFO -
| Epoch:    421 | Train loss: 0.0000 | Valid loss: 0.0000 | Train acc: 1.0000 | Valid acc: 1.0000 | patience: 409 | Epoch time: 0.5 |

2023-01-07 18:17:53,703 - INFO -
| Epoch:    422 | Train loss: 0.0000 | Valid loss: 0.0000 | Train acc: 1.0000 | Valid acc: 1.0000 | patience: 410 | Epoch time: 0.5 |

2023-01-07 18:17:54,179 - INFO -
| Epoch:    423 | Train loss: 0.0000 | Valid loss: 0.0000 | Train acc: 1.0000 | Valid acc: 1.0000 | patience: 411 | Epoch time: 0.5 |

2023-01-07 18:17:54,656 - INFO -
| Epoch:    424 | Train loss: 0.0000 | Valid loss: 0.0000 | Train acc: 1.0000 | Valid acc: 1.0000 | patience: 412 | Epoch time: 0.5 |

2023-01-07 18:17:55,132 - INFO -
| Epoch:    425 | Train loss: 0.0000 | Valid loss: 0.0000 | Train acc: 1.0000 | Valid acc: 1.0000 | patience: 413 | Epoch time: 0.5 |

2023-01-07 18:17:55,609 - INFO -
| Epoch:    426 | Train loss: 0.0000 | Valid loss: 0.0000 | Train acc: 1.0000 | Valid acc: 1.0000 | patience: 414 | Epoch time: 0.5 |

2023-01-07 18:17:56,085 - INFO -
| Epoch:    427 | Train loss: 0.0000 | Valid loss: 0.0000 | Train acc: 1.0000 | Valid acc: 1.0000 | patience: 415 | Epoch time: 0.5 |

2023-01-07 18:17:56,562 - INFO -
| Epoch:    428 | Train loss: 0.0000 | Valid loss: 0.0000 | Train acc: 1.0000 | Valid acc: 1.0000 | patience: 416 | Epoch time: 0.5 |

2023-01-07 18:17:57,039 - INFO -
| Epoch:    429 | Train loss: 0.0000 | Valid loss: 0.0000 | Train acc: 1.0000 | Valid acc: 1.0000 | patience: 417 | Epoch time: 0.5 |

2023-01-07 18:17:57,516 - INFO -
| Epoch:    430 | Train loss: 0.0000 | Valid loss: 0.0000 | Train acc: 1.0000 | Valid acc: 1.0000 | patience: 418 | Epoch time: 0.5 |

2023-01-07 18:17:57,992 - INFO -
| Epoch:    431 | Train loss: 0.0000 | Valid loss: 0.0000 | Train acc: 1.0000 | Valid acc: 1.0000 | patience: 419 | Epoch time: 0.5 |

2023-01-07 18:17:58,468 - INFO -
| Epoch:    432 | Train loss: 0.0000 | Valid loss: 0.0000 | Train acc: 1.0000 | Valid acc: 1.0000 | patience: 420 | Epoch time: 0.5 |

2023-01-07 18:17:58,944 - INFO -
| Epoch:    433 | Train loss: 0.0000 | Valid loss: 0.0000 | Train acc: 1.0000 | Valid acc: 1.0000 | patience: 421 | Epoch time: 0.5 |

2023-01-07 18:17:59,421 - INFO -
| Epoch:    434 | Train loss: 0.0000 | Valid loss: 0.0000 | Train acc: 1.0000 | Valid acc: 1.0000 | patience: 422 | Epoch time: 0.5 |

2023-01-07 18:17:59,900 - INFO -
| Epoch:    435 | Train loss: 0.0000 | Valid loss: 0.0000 | Train acc: 1.0000 | Valid acc: 1.0000 | patience: 423 | Epoch time: 0.5 |

2023-01-07 18:18:00,376 - INFO -
| Epoch:    436 | Train loss: 0.0000 | Valid loss: 0.0000 | Train acc: 1.0000 | Valid acc: 1.0000 | patience: 424 | Epoch time: 0.5 |

2023-01-07 18:18:00,853 - INFO -
| Epoch:    437 | Train loss: 0.0000 | Valid loss: 0.0000 | Train acc: 1.0000 | Valid acc: 1.0000 | patience: 425 | Epoch time: 0.5 |

2023-01-07 18:18:01,330 - INFO -
| Epoch:    438 | Train loss: 0.0000 | Valid loss: 0.0000 | Train acc: 1.0000 | Valid acc: 1.0000 | patience: 426 | Epoch time: 0.5 |

2023-01-07 18:18:01,806 - INFO -
| Epoch:    439 | Train loss: 0.0000 | Valid loss: 0.0000 | Train acc: 1.0000 | Valid acc: 1.0000 | patience: 427 | Epoch time: 0.5 |

2023-01-07 18:18:02,283 - INFO -
| Epoch:    440 | Train loss: 0.0000 | Valid loss: 0.0000 | Train acc: 1.0000 | Valid acc: 1.0000 | patience: 428 | Epoch time: 0.5 |

2023-01-07 18:18:02,759 - INFO -
| Epoch:    441 | Train loss: 0.0000 | Valid loss: 0.0000 | Train acc: 1.0000 | Valid acc: 1.0000 | patience: 429 | Epoch time: 0.5 |

2023-01-07 18:18:03,237 - INFO -
| Epoch:    442 | Train loss: 0.0000 | Valid loss: 0.0000 | Train acc: 1.0000 | Valid acc: 1.0000 | patience: 430 | Epoch time: 0.5 |

2023-01-07 18:18:03,714 - INFO -
| Epoch:    443 | Train loss: 0.0000 | Valid loss: 0.0000 | Train acc: 1.0000 | Valid acc: 1.0000 | patience: 431 | Epoch time: 0.5 |

2023-01-07 18:18:04,191 - INFO -
| Epoch:    444 | Train loss: 0.0000 | Valid loss: 0.0000 | Train acc: 1.0000 | Valid acc: 1.0000 | patience: 432 | Epoch time: 0.5 |

2023-01-07 18:18:04,668 - INFO -
| Epoch:    445 | Train loss: 0.0000 | Valid loss: 0.0000 | Train acc: 1.0000 | Valid acc: 1.0000 | patience: 433 | Epoch time: 0.5 |

2023-01-07 18:18:05,144 - INFO -
| Epoch:    446 | Train loss: 0.0000 | Valid loss: 0.0000 | Train acc: 1.0000 | Valid acc: 1.0000 | patience: 434 | Epoch time: 0.5 |

2023-01-07 18:18:05,620 - INFO -
| Epoch:    447 | Train loss: 0.0000 | Valid loss: 0.0000 | Train acc: 1.0000 | Valid acc: 1.0000 | patience: 435 | Epoch time: 0.5 |

2023-01-07 18:18:06,097 - INFO -
| Epoch:    448 | Train loss: 0.0000 | Valid loss: 0.0000 | Train acc: 1.0000 | Valid acc: 1.0000 | patience: 436 | Epoch time: 0.5 |

2023-01-07 18:18:06,573 - INFO -
| Epoch:    449 | Train loss: 0.0000 | Valid loss: 0.0000 | Train acc: 1.0000 | Valid acc: 1.0000 | patience: 437 | Epoch time: 0.5 |

2023-01-07 18:18:07,050 - INFO -
| Epoch:    450 | Train loss: 0.0000 | Valid loss: 0.0000 | Train acc: 1.0000 | Valid acc: 1.0000 | patience: 438 | Epoch time: 0.5 |

2023-01-07 18:18:07,526 - INFO -
| Epoch:    451 | Train loss: 0.0000 | Valid loss: 0.0000 | Train acc: 1.0000 | Valid acc: 1.0000 | patience: 439 | Epoch time: 0.5 |

2023-01-07 18:18:08,002 - INFO -
| Epoch:    452 | Train loss: 0.0000 | Valid loss: 0.0000 | Train acc: 1.0000 | Valid acc: 1.0000 | patience: 440 | Epoch time: 0.5 |

2023-01-07 18:18:08,479 - INFO -
| Epoch:    453 | Train loss: 0.0000 | Valid loss: 0.0000 | Train acc: 1.0000 | Valid acc: 1.0000 | patience: 441 | Epoch time: 0.5 |

2023-01-07 18:18:08,956 - INFO -
| Epoch:    454 | Train loss: 0.0000 | Valid loss: 0.0000 | Train acc: 1.0000 | Valid acc: 1.0000 | patience: 442 | Epoch time: 0.5 |

2023-01-07 18:18:09,434 - INFO -
| Epoch:    455 | Train loss: 0.0000 | Valid loss: 0.0000 | Train acc: 1.0000 | Valid acc: 1.0000 | patience: 443 | Epoch time: 0.5 |

2023-01-07 18:18:09,911 - INFO -
| Epoch:    456 | Train loss: 0.0000 | Valid loss: 0.0000 | Train acc: 1.0000 | Valid acc: 1.0000 | patience: 444 | Epoch time: 0.5 |

2023-01-07 18:18:10,388 - INFO -
| Epoch:    457 | Train loss: 0.0000 | Valid loss: 0.0000 | Train acc: 1.0000 | Valid acc: 1.0000 | patience: 445 | Epoch time: 0.5 |

2023-01-07 18:18:10,865 - INFO -
| Epoch:    458 | Train loss: 0.0000 | Valid loss: 0.0000 | Train acc: 1.0000 | Valid acc: 1.0000 | patience: 446 | Epoch time: 0.5 |

2023-01-07 18:18:11,341 - INFO -
| Epoch:    459 | Train loss: 0.0000 | Valid loss: 0.0000 | Train acc: 1.0000 | Valid acc: 1.0000 | patience: 447 | Epoch time: 0.5 |

2023-01-07 18:18:11,817 - INFO -
| Epoch:    460 | Train loss: 0.0000 | Valid loss: 0.0000 | Train acc: 1.0000 | Valid acc: 1.0000 | patience: 448 | Epoch time: 0.5 |

2023-01-07 18:18:12,294 - INFO -
| Epoch:    461 | Train loss: 0.0000 | Valid loss: 0.0000 | Train acc: 1.0000 | Valid acc: 1.0000 | patience: 449 | Epoch time: 0.5 |

2023-01-07 18:18:12,771 - INFO -
| Epoch:    462 | Train loss: 0.0000 | Valid loss: 0.0000 | Train acc: 1.0000 | Valid acc: 1.0000 | patience: 450 | Epoch time: 0.5 |

2023-01-07 18:18:13,247 - INFO -
| Epoch:    463 | Train loss: 0.0000 | Valid loss: 0.0000 | Train acc: 1.0000 | Valid acc: 1.0000 | patience: 451 | Epoch time: 0.5 |

2023-01-07 18:18:13,724 - INFO -
| Epoch:    464 | Train loss: 0.0000 | Valid loss: 0.0000 | Train acc: 1.0000 | Valid acc: 1.0000 | patience: 452 | Epoch time: 0.5 |

2023-01-07 18:18:14,200 - INFO -
| Epoch:    465 | Train loss: 0.0000 | Valid loss: 0.0000 | Train acc: 1.0000 | Valid acc: 1.0000 | patience: 453 | Epoch time: 0.5 |

2023-01-07 18:18:14,676 - INFO -
| Epoch:    466 | Train loss: 0.0000 | Valid loss: 0.0000 | Train acc: 1.0000 | Valid acc: 1.0000 | patience: 454 | Epoch time: 0.5 |

2023-01-07 18:18:15,153 - INFO -
| Epoch:    467 | Train loss: 0.0000 | Valid loss: 0.0000 | Train acc: 1.0000 | Valid acc: 1.0000 | patience: 455 | Epoch time: 0.5 |

2023-01-07 18:18:15,629 - INFO -
| Epoch:    468 | Train loss: 0.0000 | Valid loss: 0.0000 | Train acc: 1.0000 | Valid acc: 1.0000 | patience: 456 | Epoch time: 0.5 |

2023-01-07 18:18:16,106 - INFO -
| Epoch:    469 | Train loss: 0.0000 | Valid loss: 0.0000 | Train acc: 1.0000 | Valid acc: 1.0000 | patience: 457 | Epoch time: 0.5 |

2023-01-07 18:18:16,582 - INFO -
| Epoch:    470 | Train loss: 0.0000 | Valid loss: 0.0000 | Train acc: 1.0000 | Valid acc: 1.0000 | patience: 458 | Epoch time: 0.5 |

2023-01-07 18:18:17,059 - INFO -
| Epoch:    471 | Train loss: 0.0000 | Valid loss: 0.0000 | Train acc: 1.0000 | Valid acc: 1.0000 | patience: 459 | Epoch time: 0.5 |

2023-01-07 18:18:17,535 - INFO -
| Epoch:    472 | Train loss: 0.0000 | Valid loss: 0.0000 | Train acc: 1.0000 | Valid acc: 1.0000 | patience: 460 | Epoch time: 0.5 |

2023-01-07 18:18:18,012 - INFO -
| Epoch:    473 | Train loss: 0.0000 | Valid loss: 0.0000 | Train acc: 1.0000 | Valid acc: 1.0000 | patience: 461 | Epoch time: 0.5 |

2023-01-07 18:18:18,489 - INFO -
| Epoch:    474 | Train loss: 0.0000 | Valid loss: 0.0000 | Train acc: 1.0000 | Valid acc: 1.0000 | patience: 462 | Epoch time: 0.5 |

2023-01-07 18:18:18,966 - INFO -
| Epoch:    475 | Train loss: 0.0000 | Valid loss: 0.0000 | Train acc: 1.0000 | Valid acc: 1.0000 | patience: 463 | Epoch time: 0.5 |

2023-01-07 18:18:19,443 - INFO -
| Epoch:    476 | Train loss: 0.0000 | Valid loss: 0.0000 | Train acc: 1.0000 | Valid acc: 1.0000 | patience: 464 | Epoch time: 0.5 |

2023-01-07 18:18:19,920 - INFO -
| Epoch:    477 | Train loss: 0.0000 | Valid loss: 0.0000 | Train acc: 1.0000 | Valid acc: 1.0000 | patience: 465 | Epoch time: 0.5 |

2023-01-07 18:18:20,396 - INFO -
| Epoch:    478 | Train loss: 0.0000 | Valid loss: 0.0000 | Train acc: 1.0000 | Valid acc: 1.0000 | patience: 466 | Epoch time: 0.5 |

2023-01-07 18:18:20,873 - INFO -
| Epoch:    479 | Train loss: 0.0000 | Valid loss: 0.0000 | Train acc: 1.0000 | Valid acc: 1.0000 | patience: 467 | Epoch time: 0.5 |

2023-01-07 18:18:21,350 - INFO -
| Epoch:    480 | Train loss: 0.0000 | Valid loss: 0.0000 | Train acc: 1.0000 | Valid acc: 1.0000 | patience: 468 | Epoch time: 0.5 |

2023-01-07 18:18:21,826 - INFO -
| Epoch:    481 | Train loss: 0.0000 | Valid loss: 0.0000 | Train acc: 1.0000 | Valid acc: 1.0000 | patience: 469 | Epoch time: 0.5 |

2023-01-07 18:18:22,302 - INFO -
| Epoch:    482 | Train loss: 0.0000 | Valid loss: 0.0000 | Train acc: 1.0000 | Valid acc: 1.0000 | patience: 470 | Epoch time: 0.5 |

2023-01-07 18:18:22,778 - INFO -
| Epoch:    483 | Train loss: 0.0000 | Valid loss: 0.0000 | Train acc: 1.0000 | Valid acc: 1.0000 | patience: 471 | Epoch time: 0.5 |

2023-01-07 18:18:23,255 - INFO -
| Epoch:    484 | Train loss: 0.0000 | Valid loss: 0.0000 | Train acc: 1.0000 | Valid acc: 1.0000 | patience: 472 | Epoch time: 0.5 |

2023-01-07 18:18:23,732 - INFO -
| Epoch:    485 | Train loss: 0.0000 | Valid loss: 0.0000 | Train acc: 1.0000 | Valid acc: 1.0000 | patience: 473 | Epoch time: 0.5 |

2023-01-07 18:18:24,208 - INFO -
| Epoch:    486 | Train loss: 0.0000 | Valid loss: 0.0000 | Train acc: 1.0000 | Valid acc: 1.0000 | patience: 474 | Epoch time: 0.5 |

2023-01-07 18:18:24,684 - INFO -
| Epoch:    487 | Train loss: 0.0000 | Valid loss: 0.0000 | Train acc: 1.0000 | Valid acc: 1.0000 | patience: 475 | Epoch time: 0.5 |

2023-01-07 18:18:25,160 - INFO -
| Epoch:    488 | Train loss: 0.0000 | Valid loss: 0.0000 | Train acc: 1.0000 | Valid acc: 1.0000 | patience: 476 | Epoch time: 0.5 |

2023-01-07 18:18:25,637 - INFO -
| Epoch:    489 | Train loss: 0.0000 | Valid loss: 0.0000 | Train acc: 1.0000 | Valid acc: 1.0000 | patience: 477 | Epoch time: 0.5 |

2023-01-07 18:18:26,113 - INFO -
| Epoch:    490 | Train loss: 0.0000 | Valid loss: 0.0000 | Train acc: 1.0000 | Valid acc: 1.0000 | patience: 478 | Epoch time: 0.5 |

2023-01-07 18:18:26,590 - INFO -
| Epoch:    491 | Train loss: 0.0000 | Valid loss: 0.0000 | Train acc: 1.0000 | Valid acc: 1.0000 | patience: 479 | Epoch time: 0.5 |

2023-01-07 18:18:27,066 - INFO -
| Epoch:    492 | Train loss: 0.0000 | Valid loss: 0.0000 | Train acc: 1.0000 | Valid acc: 1.0000 | patience: 480 | Epoch time: 0.5 |

2023-01-07 18:18:27,543 - INFO -
| Epoch:    493 | Train loss: 0.0000 | Valid loss: 0.0000 | Train acc: 1.0000 | Valid acc: 1.0000 | patience: 481 | Epoch time: 0.5 |

2023-01-07 18:18:28,019 - INFO -
| Epoch:    494 | Train loss: 0.0000 | Valid loss: 0.0000 | Train acc: 1.0000 | Valid acc: 1.0000 | patience: 482 | Epoch time: 0.5 |

2023-01-07 18:18:28,496 - INFO -
| Epoch:    495 | Train loss: 0.0000 | Valid loss: 0.0000 | Train acc: 1.0000 | Valid acc: 1.0000 | patience: 483 | Epoch time: 0.5 |

2023-01-07 18:18:28,972 - INFO -
| Epoch:    496 | Train loss: 0.0000 | Valid loss: 0.0000 | Train acc: 1.0000 | Valid acc: 1.0000 | patience: 484 | Epoch time: 0.5 |

2023-01-07 18:18:29,448 - INFO -
| Epoch:    497 | Train loss: 0.0000 | Valid loss: 0.0000 | Train acc: 1.0000 | Valid acc: 1.0000 | patience: 485 | Epoch time: 0.5 |

2023-01-07 18:18:29,925 - INFO -
| Epoch:    498 | Train loss: 0.0000 | Valid loss: 0.0000 | Train acc: 1.0000 | Valid acc: 1.0000 | patience: 486 | Epoch time: 0.5 |

2023-01-07 18:18:30,401 - INFO -
| Epoch:    499 | Train loss: 0.0000 | Valid loss: 0.0000 | Train acc: 1.0000 | Valid acc: 1.0000 | patience: 487 | Epoch time: 0.5 |

2023-01-07 18:18:30,878 - INFO -
| Epoch:    500 | Train loss: 0.0000 | Valid loss: 0.0000 | Train acc: 1.0000 | Valid acc: 1.0000 | patience: 488 | Epoch time: 0.5 |

2023-01-07 18:18:31,354 - INFO -
| Epoch:    501 | Train loss: 0.0000 | Valid loss: 0.0000 | Train acc: 1.0000 | Valid acc: 1.0000 | patience: 489 | Epoch time: 0.5 |

2023-01-07 18:18:31,831 - INFO -
| Epoch:    502 | Train loss: 0.0000 | Valid loss: 0.0000 | Train acc: 1.0000 | Valid acc: 1.0000 | patience: 490 | Epoch time: 0.5 |

2023-01-07 18:18:32,307 - INFO -
| Epoch:    503 | Train loss: 0.0000 | Valid loss: 0.0000 | Train acc: 1.0000 | Valid acc: 1.0000 | patience: 491 | Epoch time: 0.5 |

2023-01-07 18:18:32,783 - INFO -
| Epoch:    504 | Train loss: 0.0000 | Valid loss: 0.0000 | Train acc: 1.0000 | Valid acc: 1.0000 | patience: 492 | Epoch time: 0.5 |

2023-01-07 18:18:33,259 - INFO -
| Epoch:    505 | Train loss: 0.0000 | Valid loss: 0.0000 | Train acc: 1.0000 | Valid acc: 1.0000 | patience: 493 | Epoch time: 0.5 |

2023-01-07 18:18:33,736 - INFO -
| Epoch:    506 | Train loss: 0.0000 | Valid loss: 0.0000 | Train acc: 1.0000 | Valid acc: 1.0000 | patience: 494 | Epoch time: 0.5 |

2023-01-07 18:18:34,212 - INFO -
| Epoch:    507 | Train loss: 0.0000 | Valid loss: 0.0000 | Train acc: 1.0000 | Valid acc: 1.0000 | patience: 495 | Epoch time: 0.5 |

2023-01-07 18:18:34,689 - INFO -
| Epoch:    508 | Train loss: 0.0000 | Valid loss: 0.0000 | Train acc: 1.0000 | Valid acc: 1.0000 | patience: 496 | Epoch time: 0.5 |

2023-01-07 18:18:35,166 - INFO -
| Epoch:    509 | Train loss: 0.0000 | Valid loss: 0.0000 | Train acc: 1.0000 | Valid acc: 1.0000 | patience: 497 | Epoch time: 0.5 |

2023-01-07 18:18:35,643 - INFO -
| Epoch:    510 | Train loss: 0.0000 | Valid loss: 0.0000 | Train acc: 1.0000 | Valid acc: 1.0000 | patience: 498 | Epoch time: 0.5 |

2023-01-07 18:18:36,119 - INFO -
| Epoch:    511 | Train loss: 0.0000 | Valid loss: 0.0000 | Train acc: 1.0000 | Valid acc: 1.0000 | patience: 499 | Epoch time: 0.5 |

2023-01-07 18:18:36,595 - INFO -
| Epoch:    512 | Train loss: 0.0000 | Valid loss: 0.0000 | Train acc: 1.0000 | Valid acc: 1.0000 | patience: 500 | Epoch time: 0.5 |

2023-01-07 18:18:37,071 - INFO -
Early stop.

2023-01-07 18:18:37,076 - INFO -
Training if finished.

