2023-01-07 18:14:31,813 - INFO -
gmin                0.01
gmax                10.0
T                   0.1
m                   0.3
ACT_eta1            0.134
ACT_eta2            0.962
ACT_eta3            0.183
ACT_eta4            24.1
NEG_eta1            -0.104
NEG_eta2            0.899
NEG_eta3            -0.056
NEG_eta4            3.858
hidden              [3]
SEED                0
DEVICE              cuda
TIMELIMITATION      45
PATIENCE            500
EPOCH               10000000000
DATASET             1
LR                  0.1
PROGRESSIVE         False
LR_PATIENCE         100
LR_DECAY            0.5
LR_MIN              0.0001
MODE                nominal
M_train             1
K_train             1
M_test              500
K_test              500
t_test_max          10
integration         MC
VARIATION           False
N_train             1
e_train             0.0
N_test              100
e_test              0.1
projectname         ICCAD_2022
temppath            ./ICCAD_2022/temp/
logfilepath         ./ICCAD_2022/log/
recording           False
recordpath          ./ICCAD_2022/record/
savepath            ./ICCAD_2022/models/
loglevel            info


2023-01-07 18:14:31,813 - INFO -
Training network on device: cuda.

2023-01-07 18:14:31,813 - INFO -
Training setup: balancescale_0_nominal_0.0_1_MC.

2023-01-07 18:14:31,813 - INFO -
Dataset "balancescale" has 4 input features and 3 classes. There are 373 training examples, 124 valid examples, and 126 test examples in the dataset.

2023-01-07 18:14:31,813 - INFO -
Topology of the network: [4, 3, 3].

2023-01-07 18:14:32,435 - INFO -
| Epoch:      0 | Train loss: 0.7009 | Valid loss: 0.8077 | Train acc: 0.4450 | Valid acc: 0.4516 | patience:   0 | Epoch time: 0.6 |

2023-01-07 18:14:32,889 - INFO -
| Epoch:      1 | Train loss: 0.7872 | Valid loss: 0.8109 | Train acc: 0.4799 | Valid acc: 0.4516 | patience:   1 | Epoch time: 0.5 |

2023-01-07 18:14:33,346 - INFO -
| Epoch:      2 | Train loss: 0.7903 | Valid loss: 0.6795 | Train acc: 0.4799 | Valid acc: 0.7581 | patience:   0 | Epoch time: 0.5 |

2023-01-07 18:14:33,801 - INFO -
| Epoch:      3 | Train loss: 0.6950 | Valid loss: 0.6174 | Train acc: 0.7105 | Valid acc: 0.6694 | patience:   0 | Epoch time: 0.5 |

2023-01-07 18:14:34,255 - INFO -
| Epoch:      4 | Train loss: 0.6449 | Valid loss: 0.5521 | Train acc: 0.6381 | Valid acc: 0.5806 | patience:   0 | Epoch time: 0.5 |

2023-01-07 18:14:34,709 - INFO -
| Epoch:      5 | Train loss: 0.5344 | Valid loss: 0.4502 | Train acc: 0.6354 | Valid acc: 0.7419 | patience:   0 | Epoch time: 0.5 |

2023-01-07 18:14:35,163 - INFO -
| Epoch:      6 | Train loss: 0.4378 | Valid loss: 0.3698 | Train acc: 0.7534 | Valid acc: 0.7742 | patience:   0 | Epoch time: 0.5 |

2023-01-07 18:14:35,617 - INFO -
| Epoch:      7 | Train loss: 0.4046 | Valid loss: 0.3122 | Train acc: 0.7614 | Valid acc: 0.8387 | patience:   0 | Epoch time: 0.5 |

2023-01-07 18:14:36,070 - INFO -
| Epoch:      8 | Train loss: 0.3433 | Valid loss: 0.3417 | Train acc: 0.8177 | Valid acc: 0.7823 | patience:   1 | Epoch time: 0.5 |

2023-01-07 18:14:36,522 - INFO -
| Epoch:      9 | Train loss: 0.3473 | Valid loss: 0.3537 | Train acc: 0.8150 | Valid acc: 0.7661 | patience:   2 | Epoch time: 0.5 |

2023-01-07 18:14:36,977 - INFO -
| Epoch:     10 | Train loss: 0.3589 | Valid loss: 0.2959 | Train acc: 0.7962 | Valid acc: 0.8145 | patience:   0 | Epoch time: 0.5 |

2023-01-07 18:14:37,430 - INFO -
| Epoch:     11 | Train loss: 0.3263 | Valid loss: 0.2927 | Train acc: 0.7989 | Valid acc: 0.8387 | patience:   0 | Epoch time: 0.5 |

2023-01-07 18:14:37,885 - INFO -
| Epoch:     12 | Train loss: 0.3412 | Valid loss: 0.2888 | Train acc: 0.8231 | Valid acc: 0.8387 | patience:   0 | Epoch time: 0.5 |

2023-01-07 18:14:38,340 - INFO -
| Epoch:     13 | Train loss: 0.3394 | Valid loss: 0.2786 | Train acc: 0.8150 | Valid acc: 0.8065 | patience:   0 | Epoch time: 0.5 |

2023-01-07 18:14:38,793 - INFO -
| Epoch:     14 | Train loss: 0.3220 | Valid loss: 0.2998 | Train acc: 0.8016 | Valid acc: 0.8065 | patience:   1 | Epoch time: 0.5 |

2023-01-07 18:14:39,244 - INFO -
| Epoch:     15 | Train loss: 0.3245 | Valid loss: 0.2957 | Train acc: 0.8231 | Valid acc: 0.8065 | patience:   2 | Epoch time: 0.5 |

2023-01-07 18:14:39,698 - INFO -
| Epoch:     16 | Train loss: 0.3198 | Valid loss: 0.2590 | Train acc: 0.8257 | Valid acc: 0.8306 | patience:   0 | Epoch time: 0.5 |

2023-01-07 18:14:40,151 - INFO -
| Epoch:     17 | Train loss: 0.3055 | Valid loss: 0.2434 | Train acc: 0.8284 | Valid acc: 0.8871 | patience:   0 | Epoch time: 0.5 |

2023-01-07 18:14:40,604 - INFO -
| Epoch:     18 | Train loss: 0.3027 | Valid loss: 0.2358 | Train acc: 0.8472 | Valid acc: 0.8710 | patience:   0 | Epoch time: 0.5 |

2023-01-07 18:14:41,057 - INFO -
| Epoch:     19 | Train loss: 0.2960 | Valid loss: 0.2233 | Train acc: 0.8552 | Valid acc: 0.8710 | patience:   0 | Epoch time: 0.5 |

2023-01-07 18:14:41,511 - INFO -
| Epoch:     20 | Train loss: 0.2821 | Valid loss: 0.2225 | Train acc: 0.8418 | Valid acc: 0.8387 | patience:   0 | Epoch time: 0.5 |

2023-01-07 18:14:41,964 - INFO -
| Epoch:     21 | Train loss: 0.2747 | Valid loss: 0.2185 | Train acc: 0.8365 | Valid acc: 0.8548 | patience:   0 | Epoch time: 0.5 |

2023-01-07 18:14:42,417 - INFO -
| Epoch:     22 | Train loss: 0.2663 | Valid loss: 0.1951 | Train acc: 0.8391 | Valid acc: 0.9032 | patience:   0 | Epoch time: 0.5 |

2023-01-07 18:14:42,871 - INFO -
| Epoch:     23 | Train loss: 0.2496 | Valid loss: 0.1913 | Train acc: 0.8767 | Valid acc: 0.8952 | patience:   0 | Epoch time: 0.5 |

2023-01-07 18:14:43,324 - INFO -
| Epoch:     24 | Train loss: 0.2398 | Valid loss: 0.1883 | Train acc: 0.8686 | Valid acc: 0.8952 | patience:   0 | Epoch time: 0.5 |

2023-01-07 18:14:43,777 - INFO -
| Epoch:     25 | Train loss: 0.2272 | Valid loss: 0.1988 | Train acc: 0.8713 | Valid acc: 0.8790 | patience:   1 | Epoch time: 0.5 |

2023-01-07 18:14:44,232 - INFO -
| Epoch:     26 | Train loss: 0.2298 | Valid loss: 0.2101 | Train acc: 0.8686 | Valid acc: 0.8790 | patience:   2 | Epoch time: 0.5 |

2023-01-07 18:14:44,685 - INFO -
| Epoch:     27 | Train loss: 0.2309 | Valid loss: 0.2091 | Train acc: 0.8633 | Valid acc: 0.8548 | patience:   3 | Epoch time: 0.5 |

2023-01-07 18:14:45,136 - INFO -
| Epoch:     28 | Train loss: 0.2242 | Valid loss: 0.2194 | Train acc: 0.8579 | Valid acc: 0.8790 | patience:   4 | Epoch time: 0.5 |

2023-01-07 18:14:45,587 - INFO -
| Epoch:     29 | Train loss: 0.2285 | Valid loss: 0.2376 | Train acc: 0.8606 | Valid acc: 0.8629 | patience:   5 | Epoch time: 0.5 |

2023-01-07 18:14:46,039 - INFO -
| Epoch:     30 | Train loss: 0.2368 | Valid loss: 0.2277 | Train acc: 0.8606 | Valid acc: 0.8710 | patience:   6 | Epoch time: 0.5 |

2023-01-07 18:14:46,490 - INFO -
| Epoch:     31 | Train loss: 0.2351 | Valid loss: 0.2288 | Train acc: 0.8633 | Valid acc: 0.8710 | patience:   7 | Epoch time: 0.5 |

2023-01-07 18:14:46,940 - INFO -
| Epoch:     32 | Train loss: 0.2331 | Valid loss: 0.2199 | Train acc: 0.8633 | Valid acc: 0.8790 | patience:   8 | Epoch time: 0.4 |

2023-01-07 18:14:47,390 - INFO -
| Epoch:     33 | Train loss: 0.2314 | Valid loss: 0.2207 | Train acc: 0.8660 | Valid acc: 0.8790 | patience:   9 | Epoch time: 0.5 |

2023-01-07 18:14:47,842 - INFO -
| Epoch:     34 | Train loss: 0.2330 | Valid loss: 0.2070 | Train acc: 0.8660 | Valid acc: 0.8790 | patience:  10 | Epoch time: 0.5 |

2023-01-07 18:14:48,293 - INFO -
| Epoch:     35 | Train loss: 0.2243 | Valid loss: 0.2001 | Train acc: 0.8660 | Valid acc: 0.8710 | patience:  11 | Epoch time: 0.5 |

2023-01-07 18:14:48,744 - INFO -
| Epoch:     36 | Train loss: 0.2231 | Valid loss: 0.1908 | Train acc: 0.8633 | Valid acc: 0.8790 | patience:  12 | Epoch time: 0.5 |

2023-01-07 18:14:49,198 - INFO -
| Epoch:     37 | Train loss: 0.2194 | Valid loss: 0.1838 | Train acc: 0.8660 | Valid acc: 0.8710 | patience:   0 | Epoch time: 0.5 |

2023-01-07 18:14:49,650 - INFO -
| Epoch:     38 | Train loss: 0.2146 | Valid loss: 0.1954 | Train acc: 0.8633 | Valid acc: 0.8790 | patience:   1 | Epoch time: 0.5 |

2023-01-07 18:14:50,101 - INFO -
| Epoch:     39 | Train loss: 0.2242 | Valid loss: 0.1848 | Train acc: 0.8686 | Valid acc: 0.8790 | patience:   2 | Epoch time: 0.5 |

2023-01-07 18:14:50,553 - INFO -
| Epoch:     40 | Train loss: 0.2177 | Valid loss: 0.1866 | Train acc: 0.8660 | Valid acc: 0.8790 | patience:   3 | Epoch time: 0.5 |

2023-01-07 18:14:51,004 - INFO -
| Epoch:     41 | Train loss: 0.2193 | Valid loss: 0.1849 | Train acc: 0.8686 | Valid acc: 0.8871 | patience:   4 | Epoch time: 0.5 |

2023-01-07 18:14:51,456 - INFO -
| Epoch:     42 | Train loss: 0.2245 | Valid loss: 0.1879 | Train acc: 0.8767 | Valid acc: 0.8952 | patience:   5 | Epoch time: 0.5 |

2023-01-07 18:14:51,910 - INFO -
| Epoch:     43 | Train loss: 0.2247 | Valid loss: 0.1795 | Train acc: 0.8606 | Valid acc: 0.8871 | patience:   0 | Epoch time: 0.5 |

2023-01-07 18:14:52,362 - INFO -
| Epoch:     44 | Train loss: 0.2224 | Valid loss: 0.1877 | Train acc: 0.8767 | Valid acc: 0.8790 | patience:   1 | Epoch time: 0.5 |

2023-01-07 18:14:52,813 - INFO -
| Epoch:     45 | Train loss: 0.2271 | Valid loss: 0.1837 | Train acc: 0.8686 | Valid acc: 0.8871 | patience:   2 | Epoch time: 0.5 |

2023-01-07 18:14:53,264 - INFO -
| Epoch:     46 | Train loss: 0.2258 | Valid loss: 0.1865 | Train acc: 0.8740 | Valid acc: 0.8952 | patience:   3 | Epoch time: 0.5 |

2023-01-07 18:14:53,714 - INFO -
| Epoch:     47 | Train loss: 0.2258 | Valid loss: 0.1848 | Train acc: 0.8713 | Valid acc: 0.8952 | patience:   4 | Epoch time: 0.5 |

2023-01-07 18:14:54,165 - INFO -
| Epoch:     48 | Train loss: 0.2243 | Valid loss: 0.1831 | Train acc: 0.8767 | Valid acc: 0.8790 | patience:   5 | Epoch time: 0.5 |

2023-01-07 18:14:54,617 - INFO -
| Epoch:     49 | Train loss: 0.2228 | Valid loss: 0.1841 | Train acc: 0.8713 | Valid acc: 0.8790 | patience:   6 | Epoch time: 0.5 |

2023-01-07 18:14:55,069 - INFO -
| Epoch:     50 | Train loss: 0.2215 | Valid loss: 0.1820 | Train acc: 0.8633 | Valid acc: 0.8710 | patience:   7 | Epoch time: 0.5 |

2023-01-07 18:14:55,521 - INFO -
| Epoch:     51 | Train loss: 0.2174 | Valid loss: 0.1831 | Train acc: 0.8660 | Valid acc: 0.8710 | patience:   8 | Epoch time: 0.5 |

2023-01-07 18:14:55,972 - INFO -
| Epoch:     52 | Train loss: 0.2152 | Valid loss: 0.1858 | Train acc: 0.8660 | Valid acc: 0.8710 | patience:   9 | Epoch time: 0.5 |

2023-01-07 18:14:56,425 - INFO -
| Epoch:     53 | Train loss: 0.2155 | Valid loss: 0.1846 | Train acc: 0.8660 | Valid acc: 0.8790 | patience:  10 | Epoch time: 0.5 |

2023-01-07 18:14:56,876 - INFO -
| Epoch:     54 | Train loss: 0.2100 | Valid loss: 0.1866 | Train acc: 0.8633 | Valid acc: 0.8710 | patience:  11 | Epoch time: 0.5 |

2023-01-07 18:14:57,327 - INFO -
| Epoch:     55 | Train loss: 0.2097 | Valid loss: 0.2000 | Train acc: 0.8633 | Valid acc: 0.8629 | patience:  12 | Epoch time: 0.5 |

2023-01-07 18:14:57,777 - INFO -
| Epoch:     56 | Train loss: 0.2190 | Valid loss: 0.1954 | Train acc: 0.8606 | Valid acc: 0.8790 | patience:  13 | Epoch time: 0.5 |

2023-01-07 18:14:58,228 - INFO -
| Epoch:     57 | Train loss: 0.2155 | Valid loss: 0.1941 | Train acc: 0.8633 | Valid acc: 0.8710 | patience:  14 | Epoch time: 0.5 |

2023-01-07 18:14:58,680 - INFO -
| Epoch:     58 | Train loss: 0.2171 | Valid loss: 0.1941 | Train acc: 0.8633 | Valid acc: 0.8548 | patience:  15 | Epoch time: 0.5 |

2023-01-07 18:14:59,130 - INFO -
| Epoch:     59 | Train loss: 0.2189 | Valid loss: 0.1922 | Train acc: 0.8579 | Valid acc: 0.8710 | patience:  16 | Epoch time: 0.5 |

2023-01-07 18:14:59,584 - INFO -
| Epoch:     60 | Train loss: 0.2181 | Valid loss: 0.1906 | Train acc: 0.8633 | Valid acc: 0.8790 | patience:  17 | Epoch time: 0.5 |

2023-01-07 18:15:00,036 - INFO -
| Epoch:     61 | Train loss: 0.2172 | Valid loss: 0.1863 | Train acc: 0.8633 | Valid acc: 0.8710 | patience:  18 | Epoch time: 0.5 |

2023-01-07 18:15:00,489 - INFO -
| Epoch:     62 | Train loss: 0.2134 | Valid loss: 0.1892 | Train acc: 0.8633 | Valid acc: 0.8710 | patience:  19 | Epoch time: 0.5 |

2023-01-07 18:15:00,941 - INFO -
| Epoch:     63 | Train loss: 0.2172 | Valid loss: 0.1829 | Train acc: 0.8633 | Valid acc: 0.8710 | patience:  20 | Epoch time: 0.5 |

2023-01-07 18:15:01,393 - INFO -
| Epoch:     64 | Train loss: 0.2114 | Valid loss: 0.1841 | Train acc: 0.8686 | Valid acc: 0.8790 | patience:  21 | Epoch time: 0.5 |

2023-01-07 18:15:01,845 - INFO -
| Epoch:     65 | Train loss: 0.2126 | Valid loss: 0.1838 | Train acc: 0.8633 | Valid acc: 0.8710 | patience:  22 | Epoch time: 0.5 |

2023-01-07 18:15:02,296 - INFO -
| Epoch:     66 | Train loss: 0.2124 | Valid loss: 0.1843 | Train acc: 0.8686 | Valid acc: 0.8790 | patience:  23 | Epoch time: 0.5 |

2023-01-07 18:15:02,748 - INFO -
| Epoch:     67 | Train loss: 0.2120 | Valid loss: 0.1913 | Train acc: 0.8686 | Valid acc: 0.8790 | patience:  24 | Epoch time: 0.5 |

2023-01-07 18:15:03,200 - INFO -
| Epoch:     68 | Train loss: 0.2161 | Valid loss: 0.1864 | Train acc: 0.8660 | Valid acc: 0.8790 | patience:  25 | Epoch time: 0.5 |

2023-01-07 18:15:03,652 - INFO -
| Epoch:     69 | Train loss: 0.2135 | Valid loss: 0.1855 | Train acc: 0.8633 | Valid acc: 0.8710 | patience:  26 | Epoch time: 0.5 |

2023-01-07 18:15:04,103 - INFO -
| Epoch:     70 | Train loss: 0.2140 | Valid loss: 0.1879 | Train acc: 0.8660 | Valid acc: 0.8710 | patience:  27 | Epoch time: 0.5 |

2023-01-07 18:15:04,555 - INFO -
| Epoch:     71 | Train loss: 0.2155 | Valid loss: 0.1889 | Train acc: 0.8633 | Valid acc: 0.8790 | patience:  28 | Epoch time: 0.5 |

2023-01-07 18:15:05,007 - INFO -
| Epoch:     72 | Train loss: 0.2138 | Valid loss: 0.1880 | Train acc: 0.8633 | Valid acc: 0.8790 | patience:  29 | Epoch time: 0.5 |

2023-01-07 18:15:05,458 - INFO -
| Epoch:     73 | Train loss: 0.2107 | Valid loss: 0.2071 | Train acc: 0.8633 | Valid acc: 0.8548 | patience:  30 | Epoch time: 0.5 |

2023-01-07 18:15:05,908 - INFO -
| Epoch:     74 | Train loss: 0.2311 | Valid loss: 0.1871 | Train acc: 0.8633 | Valid acc: 0.8710 | patience:  31 | Epoch time: 0.5 |

2023-01-07 18:15:06,361 - INFO -
| Epoch:     75 | Train loss: 0.2145 | Valid loss: 0.1955 | Train acc: 0.8579 | Valid acc: 0.8790 | patience:  32 | Epoch time: 0.5 |

2023-01-07 18:15:06,813 - INFO -
| Epoch:     76 | Train loss: 0.2226 | Valid loss: 0.1954 | Train acc: 0.8633 | Valid acc: 0.8710 | patience:  33 | Epoch time: 0.5 |

2023-01-07 18:15:07,263 - INFO -
| Epoch:     77 | Train loss: 0.2249 | Valid loss: 0.1996 | Train acc: 0.8633 | Valid acc: 0.8468 | patience:  34 | Epoch time: 0.5 |

2023-01-07 18:15:07,714 - INFO -
| Epoch:     78 | Train loss: 0.2320 | Valid loss: 0.1999 | Train acc: 0.8525 | Valid acc: 0.8790 | patience:  35 | Epoch time: 0.5 |

2023-01-07 18:15:08,166 - INFO -
| Epoch:     79 | Train loss: 0.2303 | Valid loss: 0.2014 | Train acc: 0.8633 | Valid acc: 0.8790 | patience:  36 | Epoch time: 0.5 |

2023-01-07 18:15:08,617 - INFO -
| Epoch:     80 | Train loss: 0.2320 | Valid loss: 0.1961 | Train acc: 0.8633 | Valid acc: 0.8710 | patience:  37 | Epoch time: 0.5 |

2023-01-07 18:15:09,068 - INFO -
| Epoch:     81 | Train loss: 0.2304 | Valid loss: 0.1944 | Train acc: 0.8686 | Valid acc: 0.8710 | patience:  38 | Epoch time: 0.5 |

2023-01-07 18:15:09,520 - INFO -
| Epoch:     82 | Train loss: 0.2296 | Valid loss: 0.1955 | Train acc: 0.8713 | Valid acc: 0.8790 | patience:  39 | Epoch time: 0.5 |

2023-01-07 18:15:09,971 - INFO -
| Epoch:     83 | Train loss: 0.2297 | Valid loss: 0.1942 | Train acc: 0.8633 | Valid acc: 0.8790 | patience:  40 | Epoch time: 0.5 |

2023-01-07 18:15:10,424 - INFO -
| Epoch:     84 | Train loss: 0.2281 | Valid loss: 0.1945 | Train acc: 0.8633 | Valid acc: 0.8790 | patience:  41 | Epoch time: 0.5 |

2023-01-07 18:15:10,878 - INFO -
| Epoch:     85 | Train loss: 0.2282 | Valid loss: 0.1953 | Train acc: 0.8660 | Valid acc: 0.8790 | patience:  42 | Epoch time: 0.5 |

2023-01-07 18:15:11,331 - INFO -
| Epoch:     86 | Train loss: 0.2257 | Valid loss: 0.1920 | Train acc: 0.8633 | Valid acc: 0.8790 | patience:  43 | Epoch time: 0.5 |

2023-01-07 18:15:11,783 - INFO -
| Epoch:     87 | Train loss: 0.2220 | Valid loss: 0.1899 | Train acc: 0.8633 | Valid acc: 0.8710 | patience:  44 | Epoch time: 0.5 |

2023-01-07 18:15:12,237 - INFO -
| Epoch:     88 | Train loss: 0.2196 | Valid loss: 0.1875 | Train acc: 0.8633 | Valid acc: 0.8790 | patience:  45 | Epoch time: 0.5 |

2023-01-07 18:15:12,689 - INFO -
| Epoch:     89 | Train loss: 0.2131 | Valid loss: 0.1905 | Train acc: 0.8633 | Valid acc: 0.8790 | patience:  46 | Epoch time: 0.5 |

2023-01-07 18:15:13,140 - INFO -
| Epoch:     90 | Train loss: 0.2138 | Valid loss: 0.1844 | Train acc: 0.8633 | Valid acc: 0.8710 | patience:  47 | Epoch time: 0.5 |

2023-01-07 18:15:13,592 - INFO -
| Epoch:     91 | Train loss: 0.2110 | Valid loss: 0.1855 | Train acc: 0.8633 | Valid acc: 0.8710 | patience:  48 | Epoch time: 0.5 |

2023-01-07 18:15:14,043 - INFO -
| Epoch:     92 | Train loss: 0.2134 | Valid loss: 0.1878 | Train acc: 0.8633 | Valid acc: 0.8710 | patience:  49 | Epoch time: 0.5 |

2023-01-07 18:15:14,494 - INFO -
| Epoch:     93 | Train loss: 0.2146 | Valid loss: 0.1893 | Train acc: 0.8633 | Valid acc: 0.8710 | patience:  50 | Epoch time: 0.5 |

2023-01-07 18:15:14,946 - INFO -
| Epoch:     94 | Train loss: 0.2150 | Valid loss: 0.1922 | Train acc: 0.8606 | Valid acc: 0.8790 | patience:  51 | Epoch time: 0.5 |

2023-01-07 18:15:15,397 - INFO -
| Epoch:     95 | Train loss: 0.2163 | Valid loss: 0.1906 | Train acc: 0.8633 | Valid acc: 0.8710 | patience:  52 | Epoch time: 0.5 |

2023-01-07 18:15:15,849 - INFO -
| Epoch:     96 | Train loss: 0.2157 | Valid loss: 0.1916 | Train acc: 0.8633 | Valid acc: 0.8629 | patience:  53 | Epoch time: 0.5 |

2023-01-07 18:15:16,301 - INFO -
| Epoch:     97 | Train loss: 0.2184 | Valid loss: 0.1977 | Train acc: 0.8552 | Valid acc: 0.8790 | patience:  54 | Epoch time: 0.5 |

2023-01-07 18:15:16,751 - INFO -
| Epoch:     98 | Train loss: 0.2211 | Valid loss: 0.1901 | Train acc: 0.8633 | Valid acc: 0.8710 | patience:  55 | Epoch time: 0.5 |

2023-01-07 18:15:17,204 - INFO -
| Epoch:     99 | Train loss: 0.2173 | Valid loss: 0.1971 | Train acc: 0.8633 | Valid acc: 0.8548 | patience:  56 | Epoch time: 0.5 |

2023-01-07 18:15:17,656 - INFO -
| Epoch:    100 | Train loss: 0.2235 | Valid loss: 0.1989 | Train acc: 0.8499 | Valid acc: 0.8790 | patience:  57 | Epoch time: 0.5 |

2023-01-07 18:15:18,108 - INFO -
| Epoch:    101 | Train loss: 0.2177 | Valid loss: 0.2050 | Train acc: 0.8633 | Valid acc: 0.8790 | patience:  58 | Epoch time: 0.5 |

2023-01-07 18:15:18,560 - INFO -
| Epoch:    102 | Train loss: 0.2215 | Valid loss: 0.1903 | Train acc: 0.8633 | Valid acc: 0.8548 | patience:  59 | Epoch time: 0.5 |

2023-01-07 18:15:19,011 - INFO -
| Epoch:    103 | Train loss: 0.2124 | Valid loss: 0.1893 | Train acc: 0.8606 | Valid acc: 0.8790 | patience:  60 | Epoch time: 0.5 |

2023-01-07 18:15:19,462 - INFO -
| Epoch:    104 | Train loss: 0.2111 | Valid loss: 0.1955 | Train acc: 0.8660 | Valid acc: 0.8790 | patience:  61 | Epoch time: 0.5 |

2023-01-07 18:15:19,914 - INFO -
| Epoch:    105 | Train loss: 0.2145 | Valid loss: 0.1955 | Train acc: 0.8633 | Valid acc: 0.8790 | patience:  62 | Epoch time: 0.5 |

2023-01-07 18:15:20,365 - INFO -
| Epoch:    106 | Train loss: 0.2160 | Valid loss: 0.1882 | Train acc: 0.8633 | Valid acc: 0.8790 | patience:  63 | Epoch time: 0.5 |

2023-01-07 18:15:20,818 - INFO -
| Epoch:    107 | Train loss: 0.2140 | Valid loss: 0.1905 | Train acc: 0.8713 | Valid acc: 0.8629 | patience:  64 | Epoch time: 0.5 |

2023-01-07 18:15:21,271 - INFO -
| Epoch:    108 | Train loss: 0.2174 | Valid loss: 0.1891 | Train acc: 0.8633 | Valid acc: 0.8790 | patience:  65 | Epoch time: 0.5 |

2023-01-07 18:15:21,722 - INFO -
| Epoch:    109 | Train loss: 0.2162 | Valid loss: 0.1911 | Train acc: 0.8633 | Valid acc: 0.8790 | patience:  66 | Epoch time: 0.5 |

2023-01-07 18:15:22,176 - INFO -
| Epoch:    110 | Train loss: 0.2164 | Valid loss: 0.1835 | Train acc: 0.8633 | Valid acc: 0.8710 | patience:  67 | Epoch time: 0.5 |

2023-01-07 18:15:22,629 - INFO -
| Epoch:    111 | Train loss: 0.2111 | Valid loss: 0.1901 | Train acc: 0.8740 | Valid acc: 0.8710 | patience:  68 | Epoch time: 0.5 |

2023-01-07 18:15:23,081 - INFO -
| Epoch:    112 | Train loss: 0.2162 | Valid loss: 0.1862 | Train acc: 0.8525 | Valid acc: 0.8790 | patience:  69 | Epoch time: 0.5 |

2023-01-07 18:15:23,535 - INFO -
| Epoch:    113 | Train loss: 0.2113 | Valid loss: 0.1950 | Train acc: 0.8633 | Valid acc: 0.8790 | patience:  70 | Epoch time: 0.5 |

2023-01-07 18:15:23,987 - INFO -
| Epoch:    114 | Train loss: 0.2158 | Valid loss: 0.1875 | Train acc: 0.8633 | Valid acc: 0.8710 | patience:  71 | Epoch time: 0.5 |

2023-01-07 18:15:24,439 - INFO -
| Epoch:    115 | Train loss: 0.2117 | Valid loss: 0.1943 | Train acc: 0.8740 | Valid acc: 0.8548 | patience:  72 | Epoch time: 0.5 |

2023-01-07 18:15:24,892 - INFO -
| Epoch:    116 | Train loss: 0.2160 | Valid loss: 0.1990 | Train acc: 0.8525 | Valid acc: 0.8710 | patience:  73 | Epoch time: 0.5 |

2023-01-07 18:15:25,344 - INFO -
| Epoch:    117 | Train loss: 0.2177 | Valid loss: 0.2002 | Train acc: 0.8713 | Valid acc: 0.8790 | patience:  74 | Epoch time: 0.5 |

2023-01-07 18:15:25,796 - INFO -
| Epoch:    118 | Train loss: 0.2160 | Valid loss: 0.1936 | Train acc: 0.8633 | Valid acc: 0.8790 | patience:  75 | Epoch time: 0.5 |

2023-01-07 18:15:26,248 - INFO -
| Epoch:    119 | Train loss: 0.2148 | Valid loss: 0.1971 | Train acc: 0.8633 | Valid acc: 0.8548 | patience:  76 | Epoch time: 0.5 |

2023-01-07 18:15:26,700 - INFO -
| Epoch:    120 | Train loss: 0.2201 | Valid loss: 0.1908 | Train acc: 0.8472 | Valid acc: 0.8710 | patience:  77 | Epoch time: 0.5 |

2023-01-07 18:15:27,152 - INFO -
| Epoch:    121 | Train loss: 0.2138 | Valid loss: 0.1957 | Train acc: 0.8713 | Valid acc: 0.8790 | patience:  78 | Epoch time: 0.5 |

2023-01-07 18:15:27,605 - INFO -
| Epoch:    122 | Train loss: 0.2162 | Valid loss: 0.1927 | Train acc: 0.8633 | Valid acc: 0.8790 | patience:  79 | Epoch time: 0.5 |

2023-01-07 18:15:28,057 - INFO -
| Epoch:    123 | Train loss: 0.2155 | Valid loss: 0.1898 | Train acc: 0.8633 | Valid acc: 0.8629 | patience:  80 | Epoch time: 0.5 |

2023-01-07 18:15:28,509 - INFO -
| Epoch:    124 | Train loss: 0.2142 | Valid loss: 0.1861 | Train acc: 0.8606 | Valid acc: 0.8710 | patience:  81 | Epoch time: 0.5 |

2023-01-07 18:15:28,960 - INFO -
| Epoch:    125 | Train loss: 0.2110 | Valid loss: 0.1847 | Train acc: 0.8686 | Valid acc: 0.8790 | patience:  82 | Epoch time: 0.5 |

2023-01-07 18:15:29,413 - INFO -
| Epoch:    126 | Train loss: 0.2095 | Valid loss: 0.1898 | Train acc: 0.8633 | Valid acc: 0.8710 | patience:  83 | Epoch time: 0.5 |

2023-01-07 18:15:29,865 - INFO -
| Epoch:    127 | Train loss: 0.2125 | Valid loss: 0.1856 | Train acc: 0.8660 | Valid acc: 0.8710 | patience:  84 | Epoch time: 0.5 |

2023-01-07 18:15:30,317 - INFO -
| Epoch:    128 | Train loss: 0.2127 | Valid loss: 0.1883 | Train acc: 0.8660 | Valid acc: 0.8710 | patience:  85 | Epoch time: 0.5 |

2023-01-07 18:15:30,769 - INFO -
| Epoch:    129 | Train loss: 0.2157 | Valid loss: 0.1914 | Train acc: 0.8660 | Valid acc: 0.8710 | patience:  86 | Epoch time: 0.5 |

2023-01-07 18:15:31,220 - INFO -
| Epoch:    130 | Train loss: 0.2194 | Valid loss: 0.1935 | Train acc: 0.8633 | Valid acc: 0.8710 | patience:  87 | Epoch time: 0.5 |

2023-01-07 18:15:31,671 - INFO -
| Epoch:    131 | Train loss: 0.2207 | Valid loss: 0.1939 | Train acc: 0.8633 | Valid acc: 0.8710 | patience:  88 | Epoch time: 0.5 |

2023-01-07 18:15:32,124 - INFO -
| Epoch:    132 | Train loss: 0.2208 | Valid loss: 0.1938 | Train acc: 0.8633 | Valid acc: 0.8710 | patience:  89 | Epoch time: 0.5 |

2023-01-07 18:15:32,574 - INFO -
| Epoch:    133 | Train loss: 0.2199 | Valid loss: 0.1923 | Train acc: 0.8633 | Valid acc: 0.8710 | patience:  90 | Epoch time: 0.5 |

2023-01-07 18:15:33,026 - INFO -
| Epoch:    134 | Train loss: 0.2178 | Valid loss: 0.1896 | Train acc: 0.8633 | Valid acc: 0.8710 | patience:  91 | Epoch time: 0.5 |

2023-01-07 18:15:33,479 - INFO -
| Epoch:    135 | Train loss: 0.2143 | Valid loss: 0.1894 | Train acc: 0.8633 | Valid acc: 0.8710 | patience:  92 | Epoch time: 0.5 |

2023-01-07 18:15:33,931 - INFO -
| Epoch:    136 | Train loss: 0.2131 | Valid loss: 0.1922 | Train acc: 0.8633 | Valid acc: 0.8710 | patience:  93 | Epoch time: 0.5 |

2023-01-07 18:15:34,383 - INFO -
| Epoch:    137 | Train loss: 0.2161 | Valid loss: 0.1863 | Train acc: 0.8633 | Valid acc: 0.8710 | patience:  94 | Epoch time: 0.5 |

2023-01-07 18:15:34,836 - INFO -
| Epoch:    138 | Train loss: 0.2110 | Valid loss: 0.1885 | Train acc: 0.8606 | Valid acc: 0.8710 | patience:  95 | Epoch time: 0.5 |

2023-01-07 18:15:35,288 - INFO -
| Epoch:    139 | Train loss: 0.2148 | Valid loss: 0.1891 | Train acc: 0.8633 | Valid acc: 0.8710 | patience:  96 | Epoch time: 0.5 |

2023-01-07 18:15:35,739 - INFO -
| Epoch:    140 | Train loss: 0.2163 | Valid loss: 0.1891 | Train acc: 0.8633 | Valid acc: 0.8710 | patience:  97 | Epoch time: 0.5 |

2023-01-07 18:15:36,192 - INFO -
| Epoch:    141 | Train loss: 0.2164 | Valid loss: 0.1876 | Train acc: 0.8633 | Valid acc: 0.8790 | patience:  98 | Epoch time: 0.5 |

2023-01-07 18:15:36,643 - INFO -
| Epoch:    142 | Train loss: 0.2152 | Valid loss: 0.1971 | Train acc: 0.8633 | Valid acc: 0.8710 | patience:  99 | Epoch time: 0.5 |

2023-01-07 18:15:37,094 - INFO -
| Epoch:    143 | Train loss: 0.2255 | Valid loss: 0.1900 | Train acc: 0.8606 | Valid acc: 0.8790 | patience: 100 | Epoch time: 0.5 |

2023-01-07 18:15:37,546 - INFO -
| Epoch:    144 | Train loss: 0.2177 | Valid loss: 0.1861 | Train acc: 0.8660 | Valid acc: 0.8710 | patience: 101 | Epoch time: 0.5 |

2023-01-07 18:15:37,998 - INFO -
| Epoch:    145 | Train loss: 0.2154 | Valid loss: 0.1911 | Train acc: 0.8606 | Valid acc: 0.8548 | patience: 102 | Epoch time: 0.5 |

2023-01-07 18:15:38,450 - INFO -
| Epoch:    146 | Train loss: 0.2183 | Valid loss: 0.2010 | Train acc: 0.8525 | Valid acc: 0.8790 | patience: 103 | Epoch time: 0.5 |

2023-01-07 18:15:38,902 - INFO -
| Epoch:    147 | Train loss: 0.2209 | Valid loss: 0.1950 | Train acc: 0.8660 | Valid acc: 0.8790 | patience: 104 | Epoch time: 0.5 |

2023-01-07 18:15:39,354 - INFO -
| Epoch:    148 | Train loss: 0.2172 | Valid loss: 0.1958 | Train acc: 0.8633 | Valid acc: 0.8548 | patience: 105 | Epoch time: 0.5 |

2023-01-07 18:15:39,806 - INFO -
| Epoch:    149 | Train loss: 0.2192 | Valid loss: 0.1933 | Train acc: 0.8472 | Valid acc: 0.8790 | patience: 106 | Epoch time: 0.5 |

2023-01-07 18:15:40,259 - INFO -
| Epoch:    150 | Train loss: 0.2147 | Valid loss: 0.1990 | Train acc: 0.8633 | Valid acc: 0.8790 | patience: 107 | Epoch time: 0.5 |

2023-01-07 18:15:40,712 - INFO -
| Epoch:    151 | Train loss: 0.2166 | Valid loss: 0.1925 | Train acc: 0.8633 | Valid acc: 0.8710 | patience: 108 | Epoch time: 0.5 |

2023-01-07 18:15:41,164 - INFO -
| Epoch:    152 | Train loss: 0.2118 | Valid loss: 0.1968 | Train acc: 0.8686 | Valid acc: 0.8548 | patience: 109 | Epoch time: 0.5 |

2023-01-07 18:15:41,617 - INFO -
| Epoch:    153 | Train loss: 0.2169 | Valid loss: 0.1967 | Train acc: 0.8606 | Valid acc: 0.8790 | patience: 110 | Epoch time: 0.5 |

2023-01-07 18:15:42,069 - INFO -
| Epoch:    154 | Train loss: 0.2148 | Valid loss: 0.1954 | Train acc: 0.8633 | Valid acc: 0.8790 | patience: 111 | Epoch time: 0.5 |

2023-01-07 18:15:42,521 - INFO -
| Epoch:    155 | Train loss: 0.2156 | Valid loss: 0.1873 | Train acc: 0.8633 | Valid acc: 0.8790 | patience: 112 | Epoch time: 0.5 |

2023-01-07 18:15:42,973 - INFO -
| Epoch:    156 | Train loss: 0.2134 | Valid loss: 0.1864 | Train acc: 0.8686 | Valid acc: 0.8710 | patience: 113 | Epoch time: 0.5 |

2023-01-07 18:15:43,426 - INFO -
| Epoch:    157 | Train loss: 0.2137 | Valid loss: 0.1866 | Train acc: 0.8633 | Valid acc: 0.8790 | patience: 114 | Epoch time: 0.5 |

2023-01-07 18:15:43,877 - INFO -
| Epoch:    158 | Train loss: 0.2116 | Valid loss: 0.1892 | Train acc: 0.8633 | Valid acc: 0.8790 | patience: 115 | Epoch time: 0.5 |

2023-01-07 18:15:44,329 - INFO -
| Epoch:    159 | Train loss: 0.2122 | Valid loss: 0.1820 | Train acc: 0.8633 | Valid acc: 0.8710 | patience: 116 | Epoch time: 0.5 |

2023-01-07 18:15:44,782 - INFO -
| Epoch:    160 | Train loss: 0.2075 | Valid loss: 0.1888 | Train acc: 0.8713 | Valid acc: 0.8710 | patience: 117 | Epoch time: 0.5 |

2023-01-07 18:15:45,235 - INFO -
| Epoch:    161 | Train loss: 0.2142 | Valid loss: 0.1885 | Train acc: 0.8525 | Valid acc: 0.8790 | patience: 118 | Epoch time: 0.5 |

2023-01-07 18:15:45,686 - INFO -
| Epoch:    162 | Train loss: 0.2110 | Valid loss: 0.1965 | Train acc: 0.8633 | Valid acc: 0.8790 | patience: 119 | Epoch time: 0.5 |

2023-01-07 18:15:46,138 - INFO -
| Epoch:    163 | Train loss: 0.2147 | Valid loss: 0.1871 | Train acc: 0.8660 | Valid acc: 0.8710 | patience: 120 | Epoch time: 0.5 |

2023-01-07 18:15:46,591 - INFO -
| Epoch:    164 | Train loss: 0.2095 | Valid loss: 0.1923 | Train acc: 0.8740 | Valid acc: 0.8548 | patience: 121 | Epoch time: 0.5 |

2023-01-07 18:15:47,043 - INFO -
| Epoch:    165 | Train loss: 0.2127 | Valid loss: 0.1940 | Train acc: 0.8579 | Valid acc: 0.8710 | patience: 122 | Epoch time: 0.5 |

2023-01-07 18:15:47,496 - INFO -
| Epoch:    166 | Train loss: 0.2145 | Valid loss: 0.1959 | Train acc: 0.8686 | Valid acc: 0.8790 | patience: 123 | Epoch time: 0.5 |

2023-01-07 18:15:47,948 - INFO -
| Epoch:    167 | Train loss: 0.2157 | Valid loss: 0.1911 | Train acc: 0.8633 | Valid acc: 0.8710 | patience: 124 | Epoch time: 0.5 |

2023-01-07 18:15:48,401 - INFO -
| Epoch:    168 | Train loss: 0.2165 | Valid loss: 0.1969 | Train acc: 0.8686 | Valid acc: 0.8548 | patience: 125 | Epoch time: 0.5 |

2023-01-07 18:15:48,852 - INFO -
| Epoch:    169 | Train loss: 0.2229 | Valid loss: 0.1927 | Train acc: 0.8499 | Valid acc: 0.8710 | patience: 126 | Epoch time: 0.5 |

2023-01-07 18:15:49,304 - INFO -
| Epoch:    170 | Train loss: 0.2197 | Valid loss: 0.1948 | Train acc: 0.8660 | Valid acc: 0.8790 | patience: 127 | Epoch time: 0.5 |

2023-01-07 18:15:49,756 - INFO -
| Epoch:    171 | Train loss: 0.2210 | Valid loss: 0.1907 | Train acc: 0.8633 | Valid acc: 0.8710 | patience: 128 | Epoch time: 0.5 |

2023-01-07 18:15:50,208 - INFO -
| Epoch:    172 | Train loss: 0.2176 | Valid loss: 0.1907 | Train acc: 0.8686 | Valid acc: 0.8548 | patience: 129 | Epoch time: 0.5 |

2023-01-07 18:15:50,659 - INFO -
| Epoch:    173 | Train loss: 0.2173 | Valid loss: 0.1868 | Train acc: 0.8606 | Valid acc: 0.8790 | patience: 130 | Epoch time: 0.5 |

2023-01-07 18:15:51,110 - INFO -
| Epoch:    174 | Train loss: 0.2124 | Valid loss: 0.2002 | Train acc: 0.8633 | Valid acc: 0.8790 | patience: 131 | Epoch time: 0.5 |

2023-01-07 18:15:51,562 - INFO -
| Epoch:    175 | Train loss: 0.2221 | Valid loss: 0.1830 | Train acc: 0.8633 | Valid acc: 0.8710 | patience: 132 | Epoch time: 0.5 |

2023-01-07 18:15:52,014 - INFO -
| Epoch:    176 | Train loss: 0.2087 | Valid loss: 0.1855 | Train acc: 0.8606 | Valid acc: 0.8629 | patience: 133 | Epoch time: 0.5 |

2023-01-07 18:15:52,468 - INFO -
| Epoch:    177 | Train loss: 0.2108 | Valid loss: 0.1860 | Train acc: 0.8633 | Valid acc: 0.8790 | patience: 134 | Epoch time: 0.5 |

2023-01-07 18:15:52,921 - INFO -
| Epoch:    178 | Train loss: 0.2100 | Valid loss: 0.1919 | Train acc: 0.8633 | Valid acc: 0.8790 | patience: 135 | Epoch time: 0.5 |

2023-01-07 18:15:53,371 - INFO -
| Epoch:    179 | Train loss: 0.2159 | Valid loss: 0.1874 | Train acc: 0.8633 | Valid acc: 0.8710 | patience: 136 | Epoch time: 0.5 |

2023-01-07 18:15:53,823 - INFO -
| Epoch:    180 | Train loss: 0.2118 | Valid loss: 0.1888 | Train acc: 0.8633 | Valid acc: 0.8710 | patience: 137 | Epoch time: 0.5 |

2023-01-07 18:15:54,275 - INFO -
| Epoch:    181 | Train loss: 0.2137 | Valid loss: 0.1894 | Train acc: 0.8633 | Valid acc: 0.8790 | patience: 138 | Epoch time: 0.5 |

2023-01-07 18:15:54,727 - INFO -
| Epoch:    182 | Train loss: 0.2142 | Valid loss: 0.1879 | Train acc: 0.8633 | Valid acc: 0.8790 | patience: 139 | Epoch time: 0.5 |

2023-01-07 18:15:55,179 - INFO -
| Epoch:    183 | Train loss: 0.2127 | Valid loss: 0.1884 | Train acc: 0.8633 | Valid acc: 0.8710 | patience: 140 | Epoch time: 0.5 |

2023-01-07 18:15:55,632 - INFO -
| Epoch:    184 | Train loss: 0.2115 | Valid loss: 0.1862 | Train acc: 0.8633 | Valid acc: 0.8790 | patience: 141 | Epoch time: 0.5 |

2023-01-07 18:15:56,082 - INFO -
| Epoch:    185 | Train loss: 0.2074 | Valid loss: 0.1945 | Train acc: 0.8633 | Valid acc: 0.8790 | patience: 142 | Epoch time: 0.5 |

2023-01-07 18:15:56,536 - INFO -
| Epoch:    186 | Train loss: 0.2165 | Valid loss: 0.1894 | Train acc: 0.8633 | Valid acc: 0.8710 | patience: 143 | Epoch time: 0.5 |

2023-01-07 18:15:56,988 - INFO -
| Epoch:    187 | Train loss: 0.2152 | Valid loss: 0.1920 | Train acc: 0.8579 | Valid acc: 0.8710 | patience: 144 | Epoch time: 0.5 |

2023-01-07 18:15:57,441 - INFO -
| Epoch:    188 | Train loss: 0.2212 | Valid loss: 0.1945 | Train acc: 0.8633 | Valid acc: 0.8710 | patience: 145 | Epoch time: 0.5 |

2023-01-07 18:15:57,893 - INFO -
| Epoch:    189 | Train loss: 0.2252 | Valid loss: 0.1966 | Train acc: 0.8633 | Valid acc: 0.8710 | patience: 146 | Epoch time: 0.5 |

2023-01-07 18:15:58,345 - INFO -
| Epoch:    190 | Train loss: 0.2281 | Valid loss: 0.1973 | Train acc: 0.8633 | Valid acc: 0.8790 | patience: 147 | Epoch time: 0.5 |

2023-01-07 18:15:58,797 - INFO -
| Epoch:    191 | Train loss: 0.2297 | Valid loss: 0.1974 | Train acc: 0.8633 | Valid acc: 0.8710 | patience: 148 | Epoch time: 0.5 |

2023-01-07 18:15:59,248 - INFO -
| Epoch:    192 | Train loss: 0.2304 | Valid loss: 0.1972 | Train acc: 0.8633 | Valid acc: 0.8710 | patience: 149 | Epoch time: 0.5 |

2023-01-07 18:15:59,701 - INFO -
| Epoch:    193 | Train loss: 0.2309 | Valid loss: 0.1965 | Train acc: 0.8633 | Valid acc: 0.8790 | patience: 150 | Epoch time: 0.5 |

2023-01-07 18:16:00,154 - INFO -
| Epoch:    194 | Train loss: 0.2312 | Valid loss: 0.1973 | Train acc: 0.8633 | Valid acc: 0.8710 | patience: 151 | Epoch time: 0.5 |

2023-01-07 18:16:00,607 - INFO -
| Epoch:    195 | Train loss: 0.2322 | Valid loss: 0.2021 | Train acc: 0.8579 | Valid acc: 0.8790 | patience: 152 | Epoch time: 0.5 |

2023-01-07 18:16:01,059 - INFO -
| Epoch:    196 | Train loss: 0.2340 | Valid loss: 0.1952 | Train acc: 0.8660 | Valid acc: 0.8790 | patience: 153 | Epoch time: 0.5 |

2023-01-07 18:16:01,511 - INFO -
| Epoch:    197 | Train loss: 0.2297 | Valid loss: 0.2025 | Train acc: 0.8633 | Valid acc: 0.8548 | patience: 154 | Epoch time: 0.5 |

2023-01-07 18:16:01,964 - INFO -
| Epoch:    198 | Train loss: 0.2341 | Valid loss: 0.2011 | Train acc: 0.8525 | Valid acc: 0.8790 | patience: 155 | Epoch time: 0.5 |

2023-01-07 18:16:02,416 - INFO -
| Epoch:    199 | Train loss: 0.2298 | Valid loss: 0.1966 | Train acc: 0.8660 | Valid acc: 0.8790 | patience: 156 | Epoch time: 0.5 |

2023-01-07 18:16:02,869 - INFO -
| Epoch:    200 | Train loss: 0.2255 | Valid loss: 0.1961 | Train acc: 0.8633 | Valid acc: 0.8629 | patience: 157 | Epoch time: 0.5 |

2023-01-07 18:16:03,320 - INFO -
| Epoch:    201 | Train loss: 0.2245 | Valid loss: 0.1881 | Train acc: 0.8606 | Valid acc: 0.8710 | patience: 158 | Epoch time: 0.5 |

2023-01-07 18:16:03,773 - INFO -
| Epoch:    202 | Train loss: 0.2157 | Valid loss: 0.1882 | Train acc: 0.8686 | Valid acc: 0.8790 | patience: 159 | Epoch time: 0.5 |

2023-01-07 18:16:04,224 - INFO -
| Epoch:    203 | Train loss: 0.2112 | Valid loss: 0.2182 | Train acc: 0.8633 | Valid acc: 0.8790 | patience: 160 | Epoch time: 0.5 |

2023-01-07 18:16:04,676 - INFO -
| Epoch:    204 | Train loss: 0.2380 | Valid loss: 0.1862 | Train acc: 0.8633 | Valid acc: 0.8710 | patience: 161 | Epoch time: 0.5 |

2023-01-07 18:16:05,128 - INFO -
| Epoch:    205 | Train loss: 0.2118 | Valid loss: 0.1917 | Train acc: 0.8633 | Valid acc: 0.8710 | patience: 162 | Epoch time: 0.5 |

2023-01-07 18:16:05,580 - INFO -
| Epoch:    206 | Train loss: 0.2189 | Valid loss: 0.1951 | Train acc: 0.8660 | Valid acc: 0.8790 | patience: 163 | Epoch time: 0.5 |

2023-01-07 18:16:06,032 - INFO -
| Epoch:    207 | Train loss: 0.2228 | Valid loss: 0.1964 | Train acc: 0.8633 | Valid acc: 0.8710 | patience: 164 | Epoch time: 0.5 |

2023-01-07 18:16:06,483 - INFO -
| Epoch:    208 | Train loss: 0.2247 | Valid loss: 0.1983 | Train acc: 0.8633 | Valid acc: 0.8548 | patience: 165 | Epoch time: 0.5 |

2023-01-07 18:16:06,935 - INFO -
| Epoch:    209 | Train loss: 0.2276 | Valid loss: 0.2005 | Train acc: 0.8606 | Valid acc: 0.8790 | patience: 166 | Epoch time: 0.5 |

2023-01-07 18:16:07,386 - INFO -
| Epoch:    210 | Train loss: 0.2278 | Valid loss: 0.1991 | Train acc: 0.8633 | Valid acc: 0.8790 | patience: 167 | Epoch time: 0.5 |

2023-01-07 18:16:07,839 - INFO -
| Epoch:    211 | Train loss: 0.2270 | Valid loss: 0.1984 | Train acc: 0.8633 | Valid acc: 0.8548 | patience: 168 | Epoch time: 0.5 |

2023-01-07 18:16:08,293 - INFO -
| Epoch:    212 | Train loss: 0.2287 | Valid loss: 0.1960 | Train acc: 0.8472 | Valid acc: 0.8710 | patience: 169 | Epoch time: 0.5 |

2023-01-07 18:16:08,745 - INFO -
| Epoch:    213 | Train loss: 0.2247 | Valid loss: 0.1957 | Train acc: 0.8633 | Valid acc: 0.8790 | patience: 170 | Epoch time: 0.5 |

2023-01-07 18:16:09,198 - INFO -
| Epoch:    214 | Train loss: 0.2234 | Valid loss: 0.1928 | Train acc: 0.8633 | Valid acc: 0.8629 | patience: 171 | Epoch time: 0.5 |

2023-01-07 18:16:09,649 - INFO -
| Epoch:    215 | Train loss: 0.2203 | Valid loss: 0.1926 | Train acc: 0.8660 | Valid acc: 0.8710 | patience: 172 | Epoch time: 0.5 |

2023-01-07 18:16:10,101 - INFO -
| Epoch:    216 | Train loss: 0.2188 | Valid loss: 0.1916 | Train acc: 0.8686 | Valid acc: 0.8790 | patience: 173 | Epoch time: 0.5 |

2023-01-07 18:16:10,553 - INFO -
| Epoch:    217 | Train loss: 0.2181 | Valid loss: 0.1896 | Train acc: 0.8633 | Valid acc: 0.8710 | patience: 174 | Epoch time: 0.5 |

2023-01-07 18:16:11,005 - INFO -
| Epoch:    218 | Train loss: 0.2164 | Valid loss: 0.1913 | Train acc: 0.8633 | Valid acc: 0.8548 | patience: 175 | Epoch time: 0.5 |

2023-01-07 18:16:11,457 - INFO -
| Epoch:    219 | Train loss: 0.2178 | Valid loss: 0.1896 | Train acc: 0.8579 | Valid acc: 0.8710 | patience: 176 | Epoch time: 0.5 |

2023-01-07 18:16:11,909 - INFO -
| Epoch:    220 | Train loss: 0.2153 | Valid loss: 0.1902 | Train acc: 0.8633 | Valid acc: 0.8790 | patience: 177 | Epoch time: 0.5 |

2023-01-07 18:16:12,361 - INFO -
| Epoch:    221 | Train loss: 0.2154 | Valid loss: 0.1888 | Train acc: 0.8633 | Valid acc: 0.8629 | patience: 178 | Epoch time: 0.5 |

2023-01-07 18:16:12,813 - INFO -
| Epoch:    222 | Train loss: 0.2140 | Valid loss: 0.1880 | Train acc: 0.8660 | Valid acc: 0.8710 | patience: 179 | Epoch time: 0.5 |

2023-01-07 18:16:13,264 - INFO -
| Epoch:    223 | Train loss: 0.2116 | Valid loss: 0.1886 | Train acc: 0.8660 | Valid acc: 0.8710 | patience: 180 | Epoch time: 0.5 |

2023-01-07 18:16:13,717 - INFO -
| Epoch:    224 | Train loss: 0.2093 | Valid loss: 0.1901 | Train acc: 0.8633 | Valid acc: 0.8710 | patience: 181 | Epoch time: 0.5 |

2023-01-07 18:16:14,168 - INFO -
| Epoch:    225 | Train loss: 0.2082 | Valid loss: 0.1913 | Train acc: 0.8633 | Valid acc: 0.8710 | patience: 182 | Epoch time: 0.5 |

2023-01-07 18:16:14,619 - INFO -
| Epoch:    226 | Train loss: 0.2100 | Valid loss: 0.1900 | Train acc: 0.8606 | Valid acc: 0.8710 | patience: 183 | Epoch time: 0.5 |

2023-01-07 18:16:15,071 - INFO -
| Epoch:    227 | Train loss: 0.2106 | Valid loss: 0.1910 | Train acc: 0.8633 | Valid acc: 0.8710 | patience: 184 | Epoch time: 0.5 |

2023-01-07 18:16:15,523 - INFO -
| Epoch:    228 | Train loss: 0.2125 | Valid loss: 0.1899 | Train acc: 0.8633 | Valid acc: 0.8710 | patience: 185 | Epoch time: 0.5 |

2023-01-07 18:16:15,976 - INFO -
| Epoch:    229 | Train loss: 0.2122 | Valid loss: 0.1880 | Train acc: 0.8633 | Valid acc: 0.8710 | patience: 186 | Epoch time: 0.5 |

2023-01-07 18:16:16,428 - INFO -
| Epoch:    230 | Train loss: 0.2102 | Valid loss: 0.1861 | Train acc: 0.8633 | Valid acc: 0.8710 | patience: 187 | Epoch time: 0.5 |

2023-01-07 18:16:16,879 - INFO -
| Epoch:    231 | Train loss: 0.2072 | Valid loss: 0.2081 | Train acc: 0.8606 | Valid acc: 0.8790 | patience: 188 | Epoch time: 0.5 |

2023-01-07 18:16:17,331 - INFO -
| Epoch:    232 | Train loss: 0.2249 | Valid loss: 0.1921 | Train acc: 0.8633 | Valid acc: 0.8790 | patience: 189 | Epoch time: 0.5 |

2023-01-07 18:16:17,783 - INFO -
| Epoch:    233 | Train loss: 0.2158 | Valid loss: 0.1906 | Train acc: 0.8660 | Valid acc: 0.8710 | patience: 190 | Epoch time: 0.5 |

2023-01-07 18:16:18,235 - INFO -
| Epoch:    234 | Train loss: 0.2198 | Valid loss: 0.1919 | Train acc: 0.8633 | Valid acc: 0.8710 | patience: 191 | Epoch time: 0.5 |

2023-01-07 18:16:18,686 - INFO -
| Epoch:    235 | Train loss: 0.2231 | Valid loss: 0.1940 | Train acc: 0.8606 | Valid acc: 0.8790 | patience: 192 | Epoch time: 0.5 |

2023-01-07 18:16:19,138 - INFO -
| Epoch:    236 | Train loss: 0.2259 | Valid loss: 0.1954 | Train acc: 0.8633 | Valid acc: 0.8790 | patience: 193 | Epoch time: 0.5 |

2023-01-07 18:16:19,590 - INFO -
| Epoch:    237 | Train loss: 0.2268 | Valid loss: 0.1959 | Train acc: 0.8633 | Valid acc: 0.8710 | patience: 194 | Epoch time: 0.5 |

2023-01-07 18:16:20,042 - INFO -
| Epoch:    238 | Train loss: 0.2272 | Valid loss: 0.1980 | Train acc: 0.8606 | Valid acc: 0.8790 | patience: 195 | Epoch time: 0.5 |

2023-01-07 18:16:20,494 - INFO -
| Epoch:    239 | Train loss: 0.2272 | Valid loss: 0.1967 | Train acc: 0.8633 | Valid acc: 0.8710 | patience: 196 | Epoch time: 0.5 |

2023-01-07 18:16:20,947 - INFO -
| Epoch:    240 | Train loss: 0.2262 | Valid loss: 0.1952 | Train acc: 0.8633 | Valid acc: 0.8710 | patience: 197 | Epoch time: 0.5 |

2023-01-07 18:16:21,399 - INFO -
| Epoch:    241 | Train loss: 0.2254 | Valid loss: 0.1949 | Train acc: 0.8606 | Valid acc: 0.8790 | patience: 198 | Epoch time: 0.5 |

2023-01-07 18:16:21,850 - INFO -
| Epoch:    242 | Train loss: 0.2250 | Valid loss: 0.1910 | Train acc: 0.8633 | Valid acc: 0.8710 | patience: 199 | Epoch time: 0.5 |

2023-01-07 18:16:22,303 - INFO -
| Epoch:    243 | Train loss: 0.2223 | Valid loss: 0.1898 | Train acc: 0.8579 | Valid acc: 0.8629 | patience: 200 | Epoch time: 0.5 |

2023-01-07 18:16:22,756 - INFO -
| Epoch:    244 | Train loss: 0.2194 | Valid loss: 0.1966 | Train acc: 0.8552 | Valid acc: 0.8710 | patience: 201 | Epoch time: 0.5 |

2023-01-07 18:16:23,207 - INFO -
| Epoch:    245 | Train loss: 0.2244 | Valid loss: 0.1896 | Train acc: 0.8633 | Valid acc: 0.8710 | patience: 202 | Epoch time: 0.5 |

2023-01-07 18:16:23,659 - INFO -
| Epoch:    246 | Train loss: 0.2171 | Valid loss: 0.1936 | Train acc: 0.8633 | Valid acc: 0.8548 | patience: 203 | Epoch time: 0.5 |

2023-01-07 18:16:24,110 - INFO -
| Epoch:    247 | Train loss: 0.2197 | Valid loss: 0.1958 | Train acc: 0.8606 | Valid acc: 0.8790 | patience: 204 | Epoch time: 0.5 |

2023-01-07 18:16:24,561 - INFO -
| Epoch:    248 | Train loss: 0.2190 | Valid loss: 0.1948 | Train acc: 0.8633 | Valid acc: 0.8790 | patience: 205 | Epoch time: 0.5 |

2023-01-07 18:16:25,014 - INFO -
| Epoch:    249 | Train loss: 0.2171 | Valid loss: 0.1937 | Train acc: 0.8633 | Valid acc: 0.8468 | patience: 206 | Epoch time: 0.5 |

2023-01-07 18:16:25,465 - INFO -
| Epoch:    250 | Train loss: 0.2151 | Valid loss: 0.2018 | Train acc: 0.8606 | Valid acc: 0.8710 | patience: 207 | Epoch time: 0.5 |

2023-01-07 18:16:25,916 - INFO -
| Epoch:    251 | Train loss: 0.2217 | Valid loss: 0.1940 | Train acc: 0.8660 | Valid acc: 0.8790 | patience: 208 | Epoch time: 0.5 |

2023-01-07 18:16:26,368 - INFO -
| Epoch:    252 | Train loss: 0.2146 | Valid loss: 0.1913 | Train acc: 0.8633 | Valid acc: 0.8710 | patience: 209 | Epoch time: 0.5 |

2023-01-07 18:16:26,821 - INFO -
| Epoch:    253 | Train loss: 0.2141 | Valid loss: 0.1933 | Train acc: 0.8660 | Valid acc: 0.8548 | patience: 210 | Epoch time: 0.5 |

2023-01-07 18:16:27,273 - INFO -
| Epoch:    254 | Train loss: 0.2161 | Valid loss: 0.1914 | Train acc: 0.8606 | Valid acc: 0.8790 | patience: 211 | Epoch time: 0.5 |

2023-01-07 18:16:27,725 - INFO -
| Epoch:    255 | Train loss: 0.2141 | Valid loss: 0.1984 | Train acc: 0.8633 | Valid acc: 0.8790 | patience: 212 | Epoch time: 0.5 |

2023-01-07 18:16:28,177 - INFO -
| Epoch:    256 | Train loss: 0.2205 | Valid loss: 0.1918 | Train acc: 0.8633 | Valid acc: 0.8710 | patience: 213 | Epoch time: 0.5 |

2023-01-07 18:16:28,629 - INFO -
| Epoch:    257 | Train loss: 0.2162 | Valid loss: 0.1906 | Train acc: 0.8686 | Valid acc: 0.8710 | patience: 214 | Epoch time: 0.5 |

2023-01-07 18:16:29,079 - INFO -
| Epoch:    258 | Train loss: 0.2159 | Valid loss: 0.1899 | Train acc: 0.8633 | Valid acc: 0.8790 | patience: 215 | Epoch time: 0.5 |

2023-01-07 18:16:29,529 - INFO -
| Epoch:    259 | Train loss: 0.2162 | Valid loss: 0.1894 | Train acc: 0.8633 | Valid acc: 0.8790 | patience: 216 | Epoch time: 0.5 |

2023-01-07 18:16:29,980 - INFO -
| Epoch:    260 | Train loss: 0.2159 | Valid loss: 0.1858 | Train acc: 0.8633 | Valid acc: 0.8710 | patience: 217 | Epoch time: 0.5 |

2023-01-07 18:16:30,431 - INFO -
| Epoch:    261 | Train loss: 0.2132 | Valid loss: 0.1866 | Train acc: 0.8660 | Valid acc: 0.8548 | patience: 218 | Epoch time: 0.5 |

2023-01-07 18:16:30,882 - INFO -
| Epoch:    262 | Train loss: 0.2115 | Valid loss: 0.1961 | Train acc: 0.8606 | Valid acc: 0.8790 | patience: 219 | Epoch time: 0.5 |

2023-01-07 18:16:31,332 - INFO -
| Epoch:    263 | Train loss: 0.2179 | Valid loss: 0.1908 | Train acc: 0.8633 | Valid acc: 0.8790 | patience: 220 | Epoch time: 0.5 |

2023-01-07 18:16:31,783 - INFO -
| Epoch:    264 | Train loss: 0.2117 | Valid loss: 0.1880 | Train acc: 0.8633 | Valid acc: 0.8710 | patience: 221 | Epoch time: 0.5 |

2023-01-07 18:16:32,234 - INFO -
| Epoch:    265 | Train loss: 0.2105 | Valid loss: 0.1908 | Train acc: 0.8686 | Valid acc: 0.8548 | patience: 222 | Epoch time: 0.5 |

2023-01-07 18:16:32,685 - INFO -
| Epoch:    266 | Train loss: 0.2120 | Valid loss: 0.1971 | Train acc: 0.8579 | Valid acc: 0.8790 | patience: 223 | Epoch time: 0.5 |

2023-01-07 18:16:33,137 - INFO -
| Epoch:    267 | Train loss: 0.2147 | Valid loss: 0.1910 | Train acc: 0.8633 | Valid acc: 0.8790 | patience: 224 | Epoch time: 0.5 |

2023-01-07 18:16:33,587 - INFO -
| Epoch:    268 | Train loss: 0.2102 | Valid loss: 0.1920 | Train acc: 0.8633 | Valid acc: 0.8548 | patience: 225 | Epoch time: 0.5 |

2023-01-07 18:16:34,039 - INFO -
| Epoch:    269 | Train loss: 0.2122 | Valid loss: 0.1904 | Train acc: 0.8525 | Valid acc: 0.8710 | patience: 226 | Epoch time: 0.5 |

2023-01-07 18:16:34,489 - INFO -
| Epoch:    270 | Train loss: 0.2118 | Valid loss: 0.1932 | Train acc: 0.8633 | Valid acc: 0.8790 | patience: 227 | Epoch time: 0.5 |

2023-01-07 18:16:34,940 - INFO -
| Epoch:    271 | Train loss: 0.2139 | Valid loss: 0.1899 | Train acc: 0.8633 | Valid acc: 0.8710 | patience: 228 | Epoch time: 0.5 |

2023-01-07 18:16:35,392 - INFO -
| Epoch:    272 | Train loss: 0.2145 | Valid loss: 0.1920 | Train acc: 0.8713 | Valid acc: 0.8710 | patience: 229 | Epoch time: 0.5 |

2023-01-07 18:16:35,843 - INFO -
| Epoch:    273 | Train loss: 0.2176 | Valid loss: 0.1926 | Train acc: 0.8660 | Valid acc: 0.8790 | patience: 230 | Epoch time: 0.5 |

2023-01-07 18:16:36,294 - INFO -
| Epoch:    274 | Train loss: 0.2180 | Valid loss: 0.1889 | Train acc: 0.8633 | Valid acc: 0.8790 | patience: 231 | Epoch time: 0.5 |

2023-01-07 18:16:36,744 - INFO -
| Epoch:    275 | Train loss: 0.2162 | Valid loss: 0.1863 | Train acc: 0.8633 | Valid acc: 0.8710 | patience: 232 | Epoch time: 0.4 |

2023-01-07 18:16:37,195 - INFO -
| Epoch:    276 | Train loss: 0.2133 | Valid loss: 0.1837 | Train acc: 0.8660 | Valid acc: 0.8710 | patience: 233 | Epoch time: 0.5 |

2023-01-07 18:16:37,646 - INFO -
| Epoch:    277 | Train loss: 0.2094 | Valid loss: 0.2033 | Train acc: 0.8686 | Valid acc: 0.8790 | patience: 234 | Epoch time: 0.5 |

2023-01-07 18:16:38,098 - INFO -
| Epoch:    278 | Train loss: 0.2237 | Valid loss: 0.1895 | Train acc: 0.8633 | Valid acc: 0.8790 | patience: 235 | Epoch time: 0.5 |

2023-01-07 18:16:38,549 - INFO -
| Epoch:    279 | Train loss: 0.2109 | Valid loss: 0.1859 | Train acc: 0.8633 | Valid acc: 0.8710 | patience: 236 | Epoch time: 0.5 |

2023-01-07 18:16:38,999 - INFO -
| Epoch:    280 | Train loss: 0.2102 | Valid loss: 0.1941 | Train acc: 0.8633 | Valid acc: 0.8548 | patience: 237 | Epoch time: 0.5 |

2023-01-07 18:16:39,451 - INFO -
| Epoch:    281 | Train loss: 0.2171 | Valid loss: 0.1964 | Train acc: 0.8472 | Valid acc: 0.8790 | patience: 238 | Epoch time: 0.5 |

2023-01-07 18:16:39,902 - INFO -
| Epoch:    282 | Train loss: 0.2161 | Valid loss: 0.1972 | Train acc: 0.8633 | Valid acc: 0.8790 | patience: 239 | Epoch time: 0.5 |

2023-01-07 18:16:40,352 - INFO -
| Epoch:    283 | Train loss: 0.2159 | Valid loss: 0.1922 | Train acc: 0.8633 | Valid acc: 0.8629 | patience: 240 | Epoch time: 0.5 |

2023-01-07 18:16:40,803 - INFO -
| Epoch:    284 | Train loss: 0.2138 | Valid loss: 0.1931 | Train acc: 0.8660 | Valid acc: 0.8548 | patience: 241 | Epoch time: 0.5 |

2023-01-07 18:16:41,254 - INFO -
| Epoch:    285 | Train loss: 0.2150 | Valid loss: 0.1959 | Train acc: 0.8606 | Valid acc: 0.8790 | patience: 242 | Epoch time: 0.5 |

2023-01-07 18:16:41,706 - INFO -
| Epoch:    286 | Train loss: 0.2137 | Valid loss: 0.2006 | Train acc: 0.8633 | Valid acc: 0.8790 | patience: 243 | Epoch time: 0.5 |

2023-01-07 18:16:42,156 - INFO -
| Epoch:    287 | Train loss: 0.2181 | Valid loss: 0.1889 | Train acc: 0.8633 | Valid acc: 0.8629 | patience: 244 | Epoch time: 0.5 |

2023-01-07 18:16:42,608 - INFO -
| Epoch:    288 | Train loss: 0.2137 | Valid loss: 0.1942 | Train acc: 0.8633 | Valid acc: 0.8548 | patience: 245 | Epoch time: 0.5 |

2023-01-07 18:16:43,058 - INFO -
| Epoch:    289 | Train loss: 0.2210 | Valid loss: 0.2009 | Train acc: 0.8499 | Valid acc: 0.8790 | patience: 246 | Epoch time: 0.5 |

2023-01-07 18:16:43,508 - INFO -
| Epoch:    290 | Train loss: 0.2250 | Valid loss: 0.1994 | Train acc: 0.8660 | Valid acc: 0.8790 | patience: 247 | Epoch time: 0.5 |

2023-01-07 18:16:43,959 - INFO -
| Epoch:    291 | Train loss: 0.2251 | Valid loss: 0.1930 | Train acc: 0.8660 | Valid acc: 0.8629 | patience: 248 | Epoch time: 0.5 |

2023-01-07 18:16:44,410 - INFO -
| Epoch:    292 | Train loss: 0.2220 | Valid loss: 0.1932 | Train acc: 0.8606 | Valid acc: 0.8548 | patience: 249 | Epoch time: 0.5 |

2023-01-07 18:16:44,861 - INFO -
| Epoch:    293 | Train loss: 0.2214 | Valid loss: 0.1976 | Train acc: 0.8606 | Valid acc: 0.8790 | patience: 250 | Epoch time: 0.5 |

2023-01-07 18:16:45,314 - INFO -
| Epoch:    294 | Train loss: 0.2208 | Valid loss: 0.2003 | Train acc: 0.8633 | Valid acc: 0.8790 | patience: 251 | Epoch time: 0.5 |

2023-01-07 18:16:45,766 - INFO -
| Epoch:    295 | Train loss: 0.2207 | Valid loss: 0.1890 | Train acc: 0.8633 | Valid acc: 0.8710 | patience: 252 | Epoch time: 0.5 |

2023-01-07 18:16:46,219 - INFO -
| Epoch:    296 | Train loss: 0.2151 | Valid loss: 0.1976 | Train acc: 0.8713 | Valid acc: 0.8710 | patience: 253 | Epoch time: 0.5 |

2023-01-07 18:16:46,670 - INFO -
| Epoch:    297 | Train loss: 0.2215 | Valid loss: 0.1936 | Train acc: 0.8525 | Valid acc: 0.8548 | patience: 254 | Epoch time: 0.5 |

2023-01-07 18:16:47,120 - INFO -
| Epoch:    298 | Train loss: 0.2168 | Valid loss: 0.2025 | Train acc: 0.8606 | Valid acc: 0.8790 | patience: 255 | Epoch time: 0.5 |

2023-01-07 18:16:47,573 - INFO -
| Epoch:    299 | Train loss: 0.2196 | Valid loss: 0.2086 | Train acc: 0.8633 | Valid acc: 0.8790 | patience: 256 | Epoch time: 0.5 |

2023-01-07 18:16:48,025 - INFO -
| Epoch:    300 | Train loss: 0.2223 | Valid loss: 0.1908 | Train acc: 0.8660 | Valid acc: 0.8710 | patience: 257 | Epoch time: 0.5 |

2023-01-07 18:16:48,475 - INFO -
| Epoch:    301 | Train loss: 0.2128 | Valid loss: 0.1948 | Train acc: 0.8713 | Valid acc: 0.8710 | patience: 258 | Epoch time: 0.5 |

2023-01-07 18:16:48,925 - INFO -
| Epoch:    302 | Train loss: 0.2175 | Valid loss: 0.1853 | Train acc: 0.8499 | Valid acc: 0.8710 | patience: 259 | Epoch time: 0.5 |

2023-01-07 18:16:49,375 - INFO -
| Epoch:    303 | Train loss: 0.2096 | Valid loss: 0.1968 | Train acc: 0.8633 | Valid acc: 0.8790 | patience: 260 | Epoch time: 0.5 |

2023-01-07 18:16:49,826 - INFO -
| Epoch:    304 | Train loss: 0.2174 | Valid loss: 0.1977 | Train acc: 0.8660 | Valid acc: 0.8790 | patience: 261 | Epoch time: 0.5 |

2023-01-07 18:16:50,277 - INFO -
| Epoch:    305 | Train loss: 0.2198 | Valid loss: 0.1864 | Train acc: 0.8633 | Valid acc: 0.8790 | patience: 262 | Epoch time: 0.5 |

2023-01-07 18:16:50,728 - INFO -
| Epoch:    306 | Train loss: 0.2188 | Valid loss: 0.1967 | Train acc: 0.8740 | Valid acc: 0.8710 | patience: 263 | Epoch time: 0.5 |

2023-01-07 18:16:51,178 - INFO -
| Epoch:    307 | Train loss: 0.2272 | Valid loss: 0.1918 | Train acc: 0.8445 | Valid acc: 0.8871 | patience: 264 | Epoch time: 0.4 |

2023-01-07 18:16:51,629 - INFO -
| Epoch:    308 | Train loss: 0.2235 | Valid loss: 0.1967 | Train acc: 0.8713 | Valid acc: 0.8790 | patience: 265 | Epoch time: 0.5 |

2023-01-07 18:16:52,080 - INFO -
| Epoch:    309 | Train loss: 0.2254 | Valid loss: 0.2015 | Train acc: 0.8686 | Valid acc: 0.8790 | patience: 266 | Epoch time: 0.5 |

2023-01-07 18:16:52,531 - INFO -
| Epoch:    310 | Train loss: 0.2268 | Valid loss: 0.1916 | Train acc: 0.8633 | Valid acc: 0.8710 | patience: 267 | Epoch time: 0.5 |

2023-01-07 18:16:52,983 - INFO -
| Epoch:    311 | Train loss: 0.2206 | Valid loss: 0.1978 | Train acc: 0.8740 | Valid acc: 0.8629 | patience: 268 | Epoch time: 0.5 |

2023-01-07 18:16:53,433 - INFO -
| Epoch:    312 | Train loss: 0.2246 | Valid loss: 0.1912 | Train acc: 0.8525 | Valid acc: 0.8710 | patience: 269 | Epoch time: 0.5 |

2023-01-07 18:16:53,884 - INFO -
| Epoch:    313 | Train loss: 0.2177 | Valid loss: 0.1921 | Train acc: 0.8686 | Valid acc: 0.8790 | patience: 270 | Epoch time: 0.5 |

2023-01-07 18:16:54,335 - INFO -
| Epoch:    314 | Train loss: 0.2146 | Valid loss: 0.1952 | Train acc: 0.8686 | Valid acc: 0.8790 | patience: 271 | Epoch time: 0.5 |

2023-01-07 18:16:54,786 - INFO -
| Epoch:    315 | Train loss: 0.2163 | Valid loss: 0.1844 | Train acc: 0.8660 | Valid acc: 0.8710 | patience: 272 | Epoch time: 0.5 |

2023-01-07 18:16:55,236 - INFO -
| Epoch:    316 | Train loss: 0.2071 | Valid loss: 0.1887 | Train acc: 0.8686 | Valid acc: 0.8548 | patience: 273 | Epoch time: 0.5 |

2023-01-07 18:16:55,687 - INFO -
| Epoch:    317 | Train loss: 0.2117 | Valid loss: 0.1886 | Train acc: 0.8579 | Valid acc: 0.8710 | patience: 274 | Epoch time: 0.5 |

2023-01-07 18:16:56,137 - INFO -
| Epoch:    318 | Train loss: 0.2130 | Valid loss: 0.1914 | Train acc: 0.8686 | Valid acc: 0.8790 | patience: 275 | Epoch time: 0.5 |

2023-01-07 18:16:56,588 - INFO -
| Epoch:    319 | Train loss: 0.2158 | Valid loss: 0.1915 | Train acc: 0.8633 | Valid acc: 0.8710 | patience: 276 | Epoch time: 0.5 |

2023-01-07 18:16:57,039 - INFO -
| Epoch:    320 | Train loss: 0.2184 | Valid loss: 0.1943 | Train acc: 0.8633 | Valid acc: 0.8548 | patience: 277 | Epoch time: 0.5 |

2023-01-07 18:16:57,490 - INFO -
| Epoch:    321 | Train loss: 0.2213 | Valid loss: 0.1924 | Train acc: 0.8606 | Valid acc: 0.8710 | patience: 278 | Epoch time: 0.5 |

2023-01-07 18:16:57,940 - INFO -
| Epoch:    322 | Train loss: 0.2196 | Valid loss: 0.1938 | Train acc: 0.8633 | Valid acc: 0.8790 | patience: 279 | Epoch time: 0.5 |

2023-01-07 18:16:58,390 - INFO -
| Epoch:    323 | Train loss: 0.2211 | Valid loss: 0.1915 | Train acc: 0.8633 | Valid acc: 0.8790 | patience: 280 | Epoch time: 0.4 |

2023-01-07 18:16:58,841 - INFO -
| Epoch:    324 | Train loss: 0.2195 | Valid loss: 0.1915 | Train acc: 0.8633 | Valid acc: 0.8710 | patience: 281 | Epoch time: 0.5 |

2023-01-07 18:16:59,292 - INFO -
| Epoch:    325 | Train loss: 0.2183 | Valid loss: 0.1888 | Train acc: 0.8686 | Valid acc: 0.8710 | patience: 282 | Epoch time: 0.5 |

2023-01-07 18:16:59,743 - INFO -
| Epoch:    326 | Train loss: 0.2151 | Valid loss: 0.1875 | Train acc: 0.8633 | Valid acc: 0.8790 | patience: 283 | Epoch time: 0.5 |

2023-01-07 18:17:00,194 - INFO -
| Epoch:    327 | Train loss: 0.2126 | Valid loss: 0.1857 | Train acc: 0.8633 | Valid acc: 0.8790 | patience: 284 | Epoch time: 0.5 |

2023-01-07 18:17:00,645 - INFO -
| Epoch:    328 | Train loss: 0.2085 | Valid loss: 0.2025 | Train acc: 0.8633 | Valid acc: 0.8710 | patience: 285 | Epoch time: 0.5 |

2023-01-07 18:17:01,097 - INFO -
| Epoch:    329 | Train loss: 0.2221 | Valid loss: 0.1880 | Train acc: 0.8606 | Valid acc: 0.8710 | patience: 286 | Epoch time: 0.5 |

2023-01-07 18:17:01,548 - INFO -
| Epoch:    330 | Train loss: 0.2148 | Valid loss: 0.1931 | Train acc: 0.8633 | Valid acc: 0.8790 | patience: 287 | Epoch time: 0.5 |

2023-01-07 18:17:01,999 - INFO -
| Epoch:    331 | Train loss: 0.2223 | Valid loss: 0.1947 | Train acc: 0.8633 | Valid acc: 0.8710 | patience: 288 | Epoch time: 0.5 |

2023-01-07 18:17:02,449 - INFO -
| Epoch:    332 | Train loss: 0.2259 | Valid loss: 0.1963 | Train acc: 0.8633 | Valid acc: 0.8710 | patience: 289 | Epoch time: 0.4 |

2023-01-07 18:17:02,900 - INFO -
| Epoch:    333 | Train loss: 0.2289 | Valid loss: 0.1971 | Train acc: 0.8606 | Valid acc: 0.8790 | patience: 290 | Epoch time: 0.5 |

2023-01-07 18:17:03,351 - INFO -
| Epoch:    334 | Train loss: 0.2308 | Valid loss: 0.1952 | Train acc: 0.8633 | Valid acc: 0.8790 | patience: 291 | Epoch time: 0.5 |

2023-01-07 18:17:03,802 - INFO -
| Epoch:    335 | Train loss: 0.2296 | Valid loss: 0.1976 | Train acc: 0.8633 | Valid acc: 0.8710 | patience: 292 | Epoch time: 0.5 |

2023-01-07 18:17:04,254 - INFO -
| Epoch:    336 | Train loss: 0.2310 | Valid loss: 0.1970 | Train acc: 0.8525 | Valid acc: 0.8790 | patience: 293 | Epoch time: 0.5 |

2023-01-07 18:17:04,705 - INFO -
| Epoch:    337 | Train loss: 0.2287 | Valid loss: 0.1965 | Train acc: 0.8633 | Valid acc: 0.8790 | patience: 294 | Epoch time: 0.5 |

2023-01-07 18:17:05,156 - INFO -
| Epoch:    338 | Train loss: 0.2272 | Valid loss: 0.1965 | Train acc: 0.8633 | Valid acc: 0.8710 | patience: 295 | Epoch time: 0.5 |

2023-01-07 18:17:05,607 - INFO -
| Epoch:    339 | Train loss: 0.2269 | Valid loss: 0.1953 | Train acc: 0.8579 | Valid acc: 0.8790 | patience: 296 | Epoch time: 0.5 |

2023-01-07 18:17:06,058 - INFO -
| Epoch:    340 | Train loss: 0.2236 | Valid loss: 0.1955 | Train acc: 0.8633 | Valid acc: 0.8790 | patience: 297 | Epoch time: 0.5 |

2023-01-07 18:17:06,510 - INFO -
| Epoch:    341 | Train loss: 0.2219 | Valid loss: 0.1913 | Train acc: 0.8633 | Valid acc: 0.8710 | patience: 298 | Epoch time: 0.5 |

2023-01-07 18:17:06,961 - INFO -
| Epoch:    342 | Train loss: 0.2184 | Valid loss: 0.1877 | Train acc: 0.8633 | Valid acc: 0.8710 | patience: 299 | Epoch time: 0.5 |

2023-01-07 18:17:07,412 - INFO -
| Epoch:    343 | Train loss: 0.2133 | Valid loss: 0.1977 | Train acc: 0.8633 | Valid acc: 0.8790 | patience: 300 | Epoch time: 0.5 |

2023-01-07 18:17:07,863 - INFO -
| Epoch:    344 | Train loss: 0.2206 | Valid loss: 0.1853 | Train acc: 0.8633 | Valid acc: 0.8710 | patience: 301 | Epoch time: 0.5 |

2023-01-07 18:17:08,314 - INFO -
| Epoch:    345 | Train loss: 0.2090 | Valid loss: 0.1872 | Train acc: 0.8633 | Valid acc: 0.8710 | patience: 302 | Epoch time: 0.5 |

2023-01-07 18:17:08,765 - INFO -
| Epoch:    346 | Train loss: 0.2096 | Valid loss: 0.1907 | Train acc: 0.8606 | Valid acc: 0.8790 | patience: 303 | Epoch time: 0.5 |

2023-01-07 18:17:09,215 - INFO -
| Epoch:    347 | Train loss: 0.2100 | Valid loss: 0.1975 | Train acc: 0.8633 | Valid acc: 0.8790 | patience: 304 | Epoch time: 0.5 |

2023-01-07 18:17:09,666 - INFO -
| Epoch:    348 | Train loss: 0.2195 | Valid loss: 0.1916 | Train acc: 0.8633 | Valid acc: 0.8629 | patience: 305 | Epoch time: 0.5 |

2023-01-07 18:17:10,117 - INFO -
| Epoch:    349 | Train loss: 0.2140 | Valid loss: 0.1904 | Train acc: 0.8606 | Valid acc: 0.8790 | patience: 306 | Epoch time: 0.5 |

2023-01-07 18:17:10,567 - INFO -
| Epoch:    350 | Train loss: 0.2127 | Valid loss: 0.1936 | Train acc: 0.8633 | Valid acc: 0.8790 | patience: 307 | Epoch time: 0.5 |

2023-01-07 18:17:11,018 - INFO -
| Epoch:    351 | Train loss: 0.2151 | Valid loss: 0.1868 | Train acc: 0.8633 | Valid acc: 0.8710 | patience: 308 | Epoch time: 0.5 |

2023-01-07 18:17:11,469 - INFO -
| Epoch:    352 | Train loss: 0.2116 | Valid loss: 0.1909 | Train acc: 0.8713 | Valid acc: 0.8548 | patience: 309 | Epoch time: 0.5 |

2023-01-07 18:17:11,919 - INFO -
| Epoch:    353 | Train loss: 0.2131 | Valid loss: 0.1862 | Train acc: 0.8579 | Valid acc: 0.8790 | patience: 310 | Epoch time: 0.5 |

2023-01-07 18:17:12,371 - INFO -
| Epoch:    354 | Train loss: 0.2076 | Valid loss: 0.2322 | Train acc: 0.8633 | Valid acc: 0.8790 | patience: 311 | Epoch time: 0.5 |

2023-01-07 18:17:12,822 - INFO -
| Epoch:    355 | Train loss: 0.2510 | Valid loss: 0.1850 | Train acc: 0.8633 | Valid acc: 0.8710 | patience: 312 | Epoch time: 0.5 |

2023-01-07 18:17:13,273 - INFO -
| Epoch:    356 | Train loss: 0.2131 | Valid loss: 0.1954 | Train acc: 0.8660 | Valid acc: 0.8548 | patience: 313 | Epoch time: 0.5 |

2023-01-07 18:17:13,723 - INFO -
| Epoch:    357 | Train loss: 0.2255 | Valid loss: 0.1973 | Train acc: 0.8472 | Valid acc: 0.8790 | patience: 314 | Epoch time: 0.5 |

2023-01-07 18:17:14,174 - INFO -
| Epoch:    358 | Train loss: 0.2287 | Valid loss: 0.2063 | Train acc: 0.8633 | Valid acc: 0.8790 | patience: 315 | Epoch time: 0.5 |

2023-01-07 18:17:14,625 - INFO -
| Epoch:    359 | Train loss: 0.2356 | Valid loss: 0.1961 | Train acc: 0.8660 | Valid acc: 0.8710 | patience: 316 | Epoch time: 0.5 |

2023-01-07 18:17:15,076 - INFO -
| Epoch:    360 | Train loss: 0.2311 | Valid loss: 0.2050 | Train acc: 0.8686 | Valid acc: 0.8710 | patience: 317 | Epoch time: 0.5 |

2023-01-07 18:17:15,527 - INFO -
| Epoch:    361 | Train loss: 0.2391 | Valid loss: 0.2029 | Train acc: 0.8525 | Valid acc: 0.8790 | patience: 318 | Epoch time: 0.5 |

2023-01-07 18:17:15,977 - INFO -
| Epoch:    362 | Train loss: 0.2351 | Valid loss: 0.2137 | Train acc: 0.8633 | Valid acc: 0.8790 | patience: 319 | Epoch time: 0.5 |

2023-01-07 18:17:16,428 - INFO -
| Epoch:    363 | Train loss: 0.2404 | Valid loss: 0.2023 | Train acc: 0.8633 | Valid acc: 0.8710 | patience: 320 | Epoch time: 0.5 |

2023-01-07 18:17:16,878 - INFO -
| Epoch:    364 | Train loss: 0.2345 | Valid loss: 0.2109 | Train acc: 0.8740 | Valid acc: 0.8710 | patience: 321 | Epoch time: 0.5 |

2023-01-07 18:17:17,331 - INFO -
| Epoch:    365 | Train loss: 0.2417 | Valid loss: 0.2030 | Train acc: 0.8499 | Valid acc: 0.8710 | patience: 322 | Epoch time: 0.5 |

2023-01-07 18:17:17,781 - INFO -
| Epoch:    366 | Train loss: 0.2342 | Valid loss: 0.2120 | Train acc: 0.8686 | Valid acc: 0.8790 | patience: 323 | Epoch time: 0.5 |

2023-01-07 18:17:18,232 - INFO -
| Epoch:    367 | Train loss: 0.2383 | Valid loss: 0.2090 | Train acc: 0.8660 | Valid acc: 0.8790 | patience: 324 | Epoch time: 0.5 |

2023-01-07 18:17:18,683 - INFO -
| Epoch:    368 | Train loss: 0.2366 | Valid loss: 0.1978 | Train acc: 0.8633 | Valid acc: 0.8790 | patience: 325 | Epoch time: 0.5 |

2023-01-07 18:17:19,133 - INFO -
| Epoch:    369 | Train loss: 0.2318 | Valid loss: 0.2045 | Train acc: 0.8686 | Valid acc: 0.8710 | patience: 326 | Epoch time: 0.5 |

2023-01-07 18:17:19,585 - INFO -
| Epoch:    370 | Train loss: 0.2371 | Valid loss: 0.1948 | Train acc: 0.8499 | Valid acc: 0.8790 | patience: 327 | Epoch time: 0.5 |

2023-01-07 18:17:20,036 - INFO -
| Epoch:    371 | Train loss: 0.2282 | Valid loss: 0.2013 | Train acc: 0.8686 | Valid acc: 0.8790 | patience: 328 | Epoch time: 0.5 |

2023-01-07 18:17:20,488 - INFO -
| Epoch:    372 | Train loss: 0.2291 | Valid loss: 0.2003 | Train acc: 0.8633 | Valid acc: 0.8790 | patience: 329 | Epoch time: 0.5 |

2023-01-07 18:17:20,939 - INFO -
| Epoch:    373 | Train loss: 0.2262 | Valid loss: 0.1979 | Train acc: 0.8633 | Valid acc: 0.8790 | patience: 330 | Epoch time: 0.5 |

2023-01-07 18:17:21,391 - INFO -
| Epoch:    374 | Train loss: 0.2251 | Valid loss: 0.1955 | Train acc: 0.8686 | Valid acc: 0.8710 | patience: 331 | Epoch time: 0.5 |

2023-01-07 18:17:21,842 - INFO -
| Epoch:    375 | Train loss: 0.2230 | Valid loss: 0.1897 | Train acc: 0.8472 | Valid acc: 0.8790 | patience: 332 | Epoch time: 0.5 |

2023-01-07 18:17:22,294 - INFO -
| Epoch:    376 | Train loss: 0.2202 | Valid loss: 0.1915 | Train acc: 0.8686 | Valid acc: 0.8710 | patience: 333 | Epoch time: 0.5 |

2023-01-07 18:17:22,745 - INFO -
| Epoch:    377 | Train loss: 0.2213 | Valid loss: 0.1878 | Train acc: 0.8740 | Valid acc: 0.8710 | patience: 334 | Epoch time: 0.5 |

2023-01-07 18:17:23,195 - INFO -
| Epoch:    378 | Train loss: 0.2190 | Valid loss: 0.1947 | Train acc: 0.8740 | Valid acc: 0.8629 | patience: 335 | Epoch time: 0.5 |

2023-01-07 18:17:23,646 - INFO -
| Epoch:    379 | Train loss: 0.2246 | Valid loss: 0.1907 | Train acc: 0.8633 | Valid acc: 0.8629 | patience: 336 | Epoch time: 0.5 |

2023-01-07 18:17:24,096 - INFO -
| Epoch:    380 | Train loss: 0.2191 | Valid loss: 0.1936 | Train acc: 0.8606 | Valid acc: 0.8710 | patience: 337 | Epoch time: 0.4 |

2023-01-07 18:17:24,547 - INFO -
| Epoch:    381 | Train loss: 0.2208 | Valid loss: 0.1964 | Train acc: 0.8740 | Valid acc: 0.8710 | patience: 338 | Epoch time: 0.5 |

2023-01-07 18:17:24,997 - INFO -
| Epoch:    382 | Train loss: 0.2214 | Valid loss: 0.1978 | Train acc: 0.8713 | Valid acc: 0.8710 | patience: 339 | Epoch time: 0.5 |

2023-01-07 18:17:25,448 - INFO -
| Epoch:    383 | Train loss: 0.2215 | Valid loss: 0.1942 | Train acc: 0.8686 | Valid acc: 0.8710 | patience: 340 | Epoch time: 0.5 |

2023-01-07 18:17:25,898 - INFO -
| Epoch:    384 | Train loss: 0.2189 | Valid loss: 0.1909 | Train acc: 0.8740 | Valid acc: 0.8710 | patience: 341 | Epoch time: 0.5 |

2023-01-07 18:17:26,349 - INFO -
| Epoch:    385 | Train loss: 0.2166 | Valid loss: 0.1868 | Train acc: 0.8686 | Valid acc: 0.8710 | patience: 342 | Epoch time: 0.5 |

2023-01-07 18:17:26,799 - INFO -
| Epoch:    386 | Train loss: 0.2128 | Valid loss: 0.1849 | Train acc: 0.8713 | Valid acc: 0.8710 | patience: 343 | Epoch time: 0.5 |

2023-01-07 18:17:27,250 - INFO -
| Epoch:    387 | Train loss: 0.2084 | Valid loss: 0.2195 | Train acc: 0.8686 | Valid acc: 0.8710 | patience: 344 | Epoch time: 0.5 |

2023-01-07 18:17:27,700 - INFO -
| Epoch:    388 | Train loss: 0.2412 | Valid loss: 0.1868 | Train acc: 0.8686 | Valid acc: 0.8790 | patience: 345 | Epoch time: 0.5 |

2023-01-07 18:17:28,151 - INFO -
| Epoch:    389 | Train loss: 0.2139 | Valid loss: 0.1912 | Train acc: 0.8633 | Valid acc: 0.8790 | patience: 346 | Epoch time: 0.5 |

2023-01-07 18:17:28,602 - INFO -
| Epoch:    390 | Train loss: 0.2209 | Valid loss: 0.1961 | Train acc: 0.8633 | Valid acc: 0.8710 | patience: 347 | Epoch time: 0.5 |

2023-01-07 18:17:29,052 - INFO -
| Epoch:    391 | Train loss: 0.2268 | Valid loss: 0.1974 | Train acc: 0.8606 | Valid acc: 0.8790 | patience: 348 | Epoch time: 0.4 |

2023-01-07 18:17:29,504 - INFO -
| Epoch:    392 | Train loss: 0.2293 | Valid loss: 0.1970 | Train acc: 0.8633 | Valid acc: 0.8790 | patience: 349 | Epoch time: 0.5 |

2023-01-07 18:17:29,956 - INFO -
| Epoch:    393 | Train loss: 0.2298 | Valid loss: 0.2014 | Train acc: 0.8633 | Valid acc: 0.8629 | patience: 350 | Epoch time: 0.5 |

2023-01-07 18:17:30,406 - INFO -
| Epoch:    394 | Train loss: 0.2349 | Valid loss: 0.2006 | Train acc: 0.8525 | Valid acc: 0.8790 | patience: 351 | Epoch time: 0.5 |

2023-01-07 18:17:30,859 - INFO -
| Epoch:    395 | Train loss: 0.2343 | Valid loss: 0.2009 | Train acc: 0.8633 | Valid acc: 0.8790 | patience: 352 | Epoch time: 0.5 |

2023-01-07 18:17:31,311 - INFO -
| Epoch:    396 | Train loss: 0.2346 | Valid loss: 0.2001 | Train acc: 0.8633 | Valid acc: 0.8710 | patience: 353 | Epoch time: 0.5 |

2023-01-07 18:17:31,763 - INFO -
| Epoch:    397 | Train loss: 0.2338 | Valid loss: 0.1978 | Train acc: 0.8579 | Valid acc: 0.8710 | patience: 354 | Epoch time: 0.5 |

2023-01-07 18:17:32,214 - INFO -
| Epoch:    398 | Train loss: 0.2322 | Valid loss: 0.1995 | Train acc: 0.8633 | Valid acc: 0.8790 | patience: 355 | Epoch time: 0.5 |

2023-01-07 18:17:32,664 - INFO -
| Epoch:    399 | Train loss: 0.2330 | Valid loss: 0.1984 | Train acc: 0.8633 | Valid acc: 0.8710 | patience: 356 | Epoch time: 0.5 |

2023-01-07 18:17:33,115 - INFO -
| Epoch:    400 | Train loss: 0.2316 | Valid loss: 0.1969 | Train acc: 0.8633 | Valid acc: 0.8790 | patience: 357 | Epoch time: 0.5 |

2023-01-07 18:17:33,566 - INFO -
| Epoch:    401 | Train loss: 0.2302 | Valid loss: 0.1959 | Train acc: 0.8633 | Valid acc: 0.8790 | patience: 358 | Epoch time: 0.5 |

2023-01-07 18:17:34,017 - INFO -
| Epoch:    402 | Train loss: 0.2288 | Valid loss: 0.1961 | Train acc: 0.8633 | Valid acc: 0.8710 | patience: 359 | Epoch time: 0.5 |

2023-01-07 18:17:34,469 - INFO -
| Epoch:    403 | Train loss: 0.2272 | Valid loss: 0.1946 | Train acc: 0.8633 | Valid acc: 0.8710 | patience: 360 | Epoch time: 0.5 |

2023-01-07 18:17:34,920 - INFO -
| Epoch:    404 | Train loss: 0.2248 | Valid loss: 0.1935 | Train acc: 0.8633 | Valid acc: 0.8710 | patience: 361 | Epoch time: 0.5 |

2023-01-07 18:17:35,371 - INFO -
| Epoch:    405 | Train loss: 0.2219 | Valid loss: 0.1924 | Train acc: 0.8633 | Valid acc: 0.8710 | patience: 362 | Epoch time: 0.5 |

2023-01-07 18:17:35,822 - INFO -
| Epoch:    406 | Train loss: 0.2185 | Valid loss: 0.1935 | Train acc: 0.8633 | Valid acc: 0.8790 | patience: 363 | Epoch time: 0.5 |

2023-01-07 18:17:36,274 - INFO -
| Epoch:    407 | Train loss: 0.2188 | Valid loss: 0.1948 | Train acc: 0.8633 | Valid acc: 0.8710 | patience: 364 | Epoch time: 0.5 |

2023-01-07 18:17:36,724 - INFO -
| Epoch:    408 | Train loss: 0.2196 | Valid loss: 0.1876 | Train acc: 0.8606 | Valid acc: 0.8710 | patience: 365 | Epoch time: 0.5 |

2023-01-07 18:17:37,174 - INFO -
| Epoch:    409 | Train loss: 0.2123 | Valid loss: 0.1857 | Train acc: 0.8633 | Valid acc: 0.8710 | patience: 366 | Epoch time: 0.5 |

2023-01-07 18:17:37,625 - INFO -
| Epoch:    410 | Train loss: 0.2099 | Valid loss: 0.1860 | Train acc: 0.8633 | Valid acc: 0.8710 | patience: 367 | Epoch time: 0.5 |

2023-01-07 18:17:38,076 - INFO -
| Epoch:    411 | Train loss: 0.2097 | Valid loss: 0.1941 | Train acc: 0.8633 | Valid acc: 0.8710 | patience: 368 | Epoch time: 0.5 |

2023-01-07 18:17:38,526 - INFO -
| Epoch:    412 | Train loss: 0.2174 | Valid loss: 0.1882 | Train acc: 0.8633 | Valid acc: 0.8790 | patience: 369 | Epoch time: 0.5 |

2023-01-07 18:17:38,976 - INFO -
| Epoch:    413 | Train loss: 0.2139 | Valid loss: 0.1894 | Train acc: 0.8633 | Valid acc: 0.8710 | patience: 370 | Epoch time: 0.5 |

2023-01-07 18:17:39,427 - INFO -
| Epoch:    414 | Train loss: 0.2169 | Valid loss: 0.1893 | Train acc: 0.8606 | Valid acc: 0.8790 | patience: 371 | Epoch time: 0.5 |

2023-01-07 18:17:39,878 - INFO -
| Epoch:    415 | Train loss: 0.2190 | Valid loss: 0.1884 | Train acc: 0.8633 | Valid acc: 0.8710 | patience: 372 | Epoch time: 0.5 |

2023-01-07 18:17:40,330 - INFO -
| Epoch:    416 | Train loss: 0.2190 | Valid loss: 0.1903 | Train acc: 0.8633 | Valid acc: 0.8710 | patience: 373 | Epoch time: 0.5 |

2023-01-07 18:17:40,781 - INFO -
| Epoch:    417 | Train loss: 0.2196 | Valid loss: 0.1907 | Train acc: 0.8552 | Valid acc: 0.8790 | patience: 374 | Epoch time: 0.5 |

2023-01-07 18:17:41,231 - INFO -
| Epoch:    418 | Train loss: 0.2183 | Valid loss: 0.1901 | Train acc: 0.8633 | Valid acc: 0.8790 | patience: 375 | Epoch time: 0.5 |

2023-01-07 18:17:41,682 - INFO -
| Epoch:    419 | Train loss: 0.2159 | Valid loss: 0.1892 | Train acc: 0.8633 | Valid acc: 0.8710 | patience: 376 | Epoch time: 0.5 |

2023-01-07 18:17:42,132 - INFO -
| Epoch:    420 | Train loss: 0.2134 | Valid loss: 0.1877 | Train acc: 0.8606 | Valid acc: 0.8710 | patience: 377 | Epoch time: 0.5 |

2023-01-07 18:17:42,583 - INFO -
| Epoch:    421 | Train loss: 0.2116 | Valid loss: 0.1877 | Train acc: 0.8633 | Valid acc: 0.8710 | patience: 378 | Epoch time: 0.5 |

2023-01-07 18:17:43,033 - INFO -
| Epoch:    422 | Train loss: 0.2102 | Valid loss: 0.1931 | Train acc: 0.8633 | Valid acc: 0.8629 | patience: 379 | Epoch time: 0.4 |

2023-01-07 18:17:43,483 - INFO -
| Epoch:    423 | Train loss: 0.2137 | Valid loss: 0.1908 | Train acc: 0.8579 | Valid acc: 0.8790 | patience: 380 | Epoch time: 0.5 |

2023-01-07 18:17:43,933 - INFO -
| Epoch:    424 | Train loss: 0.2121 | Valid loss: 0.1923 | Train acc: 0.8633 | Valid acc: 0.8790 | patience: 381 | Epoch time: 0.5 |

2023-01-07 18:17:44,384 - INFO -
| Epoch:    425 | Train loss: 0.2149 | Valid loss: 0.1934 | Train acc: 0.8633 | Valid acc: 0.8710 | patience: 382 | Epoch time: 0.5 |

2023-01-07 18:17:44,835 - INFO -
| Epoch:    426 | Train loss: 0.2172 | Valid loss: 0.1910 | Train acc: 0.8660 | Valid acc: 0.8710 | patience: 383 | Epoch time: 0.5 |

2023-01-07 18:17:45,285 - INFO -
| Epoch:    427 | Train loss: 0.2160 | Valid loss: 0.1937 | Train acc: 0.8633 | Valid acc: 0.8790 | patience: 384 | Epoch time: 0.5 |

2023-01-07 18:17:45,735 - INFO -
| Epoch:    428 | Train loss: 0.2193 | Valid loss: 0.1931 | Train acc: 0.8633 | Valid acc: 0.8710 | patience: 385 | Epoch time: 0.4 |

2023-01-07 18:17:46,185 - INFO -
| Epoch:    429 | Train loss: 0.2197 | Valid loss: 0.1917 | Train acc: 0.8633 | Valid acc: 0.8710 | patience: 386 | Epoch time: 0.4 |

2023-01-07 18:17:46,635 - INFO -
| Epoch:    430 | Train loss: 0.2192 | Valid loss: 0.1896 | Train acc: 0.8606 | Valid acc: 0.8790 | patience: 387 | Epoch time: 0.5 |

2023-01-07 18:17:47,086 - INFO -
| Epoch:    431 | Train loss: 0.2184 | Valid loss: 0.1891 | Train acc: 0.8633 | Valid acc: 0.8790 | patience: 388 | Epoch time: 0.5 |

2023-01-07 18:17:47,537 - INFO -
| Epoch:    432 | Train loss: 0.2189 | Valid loss: 0.1879 | Train acc: 0.8633 | Valid acc: 0.8710 | patience: 389 | Epoch time: 0.5 |

2023-01-07 18:17:47,987 - INFO -
| Epoch:    433 | Train loss: 0.2179 | Valid loss: 0.1847 | Train acc: 0.8579 | Valid acc: 0.8710 | patience: 390 | Epoch time: 0.5 |

2023-01-07 18:17:48,438 - INFO -
| Epoch:    434 | Train loss: 0.2150 | Valid loss: 0.1841 | Train acc: 0.8633 | Valid acc: 0.8790 | patience: 391 | Epoch time: 0.5 |

2023-01-07 18:17:48,889 - INFO -
| Epoch:    435 | Train loss: 0.2123 | Valid loss: 0.1850 | Train acc: 0.8633 | Valid acc: 0.8710 | patience: 392 | Epoch time: 0.5 |

2023-01-07 18:17:49,340 - INFO -
| Epoch:    436 | Train loss: 0.2093 | Valid loss: 0.1862 | Train acc: 0.8633 | Valid acc: 0.8710 | patience: 393 | Epoch time: 0.5 |

2023-01-07 18:17:49,791 - INFO -
| Epoch:    437 | Train loss: 0.2076 | Valid loss: 0.1874 | Train acc: 0.8606 | Valid acc: 0.8790 | patience: 394 | Epoch time: 0.5 |

2023-01-07 18:17:50,241 - INFO -
| Epoch:    438 | Train loss: 0.2092 | Valid loss: 0.1878 | Train acc: 0.8633 | Valid acc: 0.8790 | patience: 395 | Epoch time: 0.4 |

2023-01-07 18:17:50,692 - INFO -
| Epoch:    439 | Train loss: 0.2124 | Valid loss: 0.1938 | Train acc: 0.8633 | Valid acc: 0.8548 | patience: 396 | Epoch time: 0.5 |

2023-01-07 18:17:51,143 - INFO -
| Epoch:    440 | Train loss: 0.2192 | Valid loss: 0.1919 | Train acc: 0.8606 | Valid acc: 0.8790 | patience: 397 | Epoch time: 0.5 |

2023-01-07 18:17:51,594 - INFO -
| Epoch:    441 | Train loss: 0.2186 | Valid loss: 0.1956 | Train acc: 0.8633 | Valid acc: 0.8790 | patience: 398 | Epoch time: 0.5 |

2023-01-07 18:17:52,046 - INFO -
| Epoch:    442 | Train loss: 0.2206 | Valid loss: 0.1896 | Train acc: 0.8633 | Valid acc: 0.8710 | patience: 399 | Epoch time: 0.5 |

2023-01-07 18:17:52,496 - INFO -
| Epoch:    443 | Train loss: 0.2171 | Valid loss: 0.1916 | Train acc: 0.8633 | Valid acc: 0.8548 | patience: 400 | Epoch time: 0.5 |

2023-01-07 18:17:52,947 - INFO -
| Epoch:    444 | Train loss: 0.2183 | Valid loss: 0.1896 | Train acc: 0.8606 | Valid acc: 0.8790 | patience: 401 | Epoch time: 0.5 |

2023-01-07 18:17:53,398 - INFO -
| Epoch:    445 | Train loss: 0.2153 | Valid loss: 0.1964 | Train acc: 0.8633 | Valid acc: 0.8790 | patience: 402 | Epoch time: 0.5 |

2023-01-07 18:17:53,849 - INFO -
| Epoch:    446 | Train loss: 0.2215 | Valid loss: 0.1839 | Train acc: 0.8633 | Valid acc: 0.8710 | patience: 403 | Epoch time: 0.5 |

2023-01-07 18:17:54,299 - INFO -
| Epoch:    447 | Train loss: 0.2122 | Valid loss: 0.1877 | Train acc: 0.8660 | Valid acc: 0.8629 | patience: 404 | Epoch time: 0.4 |

2023-01-07 18:17:54,751 - INFO -
| Epoch:    448 | Train loss: 0.2160 | Valid loss: 0.1864 | Train acc: 0.8633 | Valid acc: 0.8790 | patience: 405 | Epoch time: 0.5 |

2023-01-07 18:17:55,203 - INFO -
| Epoch:    449 | Train loss: 0.2140 | Valid loss: 0.1914 | Train acc: 0.8633 | Valid acc: 0.8790 | patience: 406 | Epoch time: 0.5 |

2023-01-07 18:17:55,655 - INFO -
| Epoch:    450 | Train loss: 0.2145 | Valid loss: 0.1821 | Train acc: 0.8660 | Valid acc: 0.8710 | patience: 407 | Epoch time: 0.5 |

2023-01-07 18:17:56,106 - INFO -
| Epoch:    451 | Train loss: 0.2080 | Valid loss: 0.1980 | Train acc: 0.8686 | Valid acc: 0.8629 | patience: 408 | Epoch time: 0.5 |

2023-01-07 18:17:56,558 - INFO -
| Epoch:    452 | Train loss: 0.2208 | Valid loss: 0.1840 | Train acc: 0.8472 | Valid acc: 0.8710 | patience: 409 | Epoch time: 0.5 |

2023-01-07 18:17:57,009 - INFO -
| Epoch:    453 | Train loss: 0.2076 | Valid loss: 0.1928 | Train acc: 0.8686 | Valid acc: 0.8790 | patience: 410 | Epoch time: 0.5 |

2023-01-07 18:17:57,459 - INFO -
| Epoch:    454 | Train loss: 0.2132 | Valid loss: 0.1893 | Train acc: 0.8633 | Valid acc: 0.8790 | patience: 411 | Epoch time: 0.5 |

2023-01-07 18:17:57,911 - INFO -
| Epoch:    455 | Train loss: 0.2126 | Valid loss: 0.1897 | Train acc: 0.8633 | Valid acc: 0.8629 | patience: 412 | Epoch time: 0.5 |

2023-01-07 18:17:58,364 - INFO -
| Epoch:    456 | Train loss: 0.2134 | Valid loss: 0.1868 | Train acc: 0.8633 | Valid acc: 0.8710 | patience: 413 | Epoch time: 0.5 |

2023-01-07 18:17:58,816 - INFO -
| Epoch:    457 | Train loss: 0.2106 | Valid loss: 0.1869 | Train acc: 0.8713 | Valid acc: 0.8790 | patience: 414 | Epoch time: 0.5 |

2023-01-07 18:17:59,268 - INFO -
| Epoch:    458 | Train loss: 0.2090 | Valid loss: 0.1947 | Train acc: 0.8633 | Valid acc: 0.8790 | patience: 415 | Epoch time: 0.5 |

2023-01-07 18:17:59,718 - INFO -
| Epoch:    459 | Train loss: 0.2143 | Valid loss: 0.1855 | Train acc: 0.8633 | Valid acc: 0.8710 | patience: 416 | Epoch time: 0.4 |

2023-01-07 18:18:00,169 - INFO -
| Epoch:    460 | Train loss: 0.2096 | Valid loss: 0.1889 | Train acc: 0.8740 | Valid acc: 0.8629 | patience: 417 | Epoch time: 0.5 |

2023-01-07 18:18:00,619 - INFO -
| Epoch:    461 | Train loss: 0.2141 | Valid loss: 0.1882 | Train acc: 0.8686 | Valid acc: 0.8710 | patience: 418 | Epoch time: 0.5 |

2023-01-07 18:18:01,069 - INFO -
| Epoch:    462 | Train loss: 0.2143 | Valid loss: 0.1891 | Train acc: 0.8686 | Valid acc: 0.8790 | patience: 419 | Epoch time: 0.4 |

2023-01-07 18:18:01,520 - INFO -
| Epoch:    463 | Train loss: 0.2149 | Valid loss: 0.1879 | Train acc: 0.8633 | Valid acc: 0.8710 | patience: 420 | Epoch time: 0.5 |

2023-01-07 18:18:01,970 - INFO -
| Epoch:    464 | Train loss: 0.2133 | Valid loss: 0.1866 | Train acc: 0.8660 | Valid acc: 0.8710 | patience: 421 | Epoch time: 0.5 |

2023-01-07 18:18:02,421 - INFO -
| Epoch:    465 | Train loss: 0.2114 | Valid loss: 0.1865 | Train acc: 0.8660 | Valid acc: 0.8710 | patience: 422 | Epoch time: 0.4 |

2023-01-07 18:18:02,871 - INFO -
| Epoch:    466 | Train loss: 0.2108 | Valid loss: 0.1882 | Train acc: 0.8633 | Valid acc: 0.8710 | patience: 423 | Epoch time: 0.5 |

2023-01-07 18:18:03,322 - INFO -
| Epoch:    467 | Train loss: 0.2126 | Valid loss: 0.1841 | Train acc: 0.8633 | Valid acc: 0.8710 | patience: 424 | Epoch time: 0.5 |

2023-01-07 18:18:03,772 - INFO -
| Epoch:    468 | Train loss: 0.2084 | Valid loss: 0.1843 | Train acc: 0.8633 | Valid acc: 0.8790 | patience: 425 | Epoch time: 0.5 |

2023-01-07 18:18:04,223 - INFO -
| Epoch:    469 | Train loss: 0.2095 | Valid loss: 0.1850 | Train acc: 0.8633 | Valid acc: 0.8790 | patience: 426 | Epoch time: 0.5 |

2023-01-07 18:18:04,673 - INFO -
| Epoch:    470 | Train loss: 0.2102 | Valid loss: 0.1838 | Train acc: 0.8633 | Valid acc: 0.8710 | patience: 427 | Epoch time: 0.4 |

2023-01-07 18:18:05,123 - INFO -
| Epoch:    471 | Train loss: 0.2082 | Valid loss: 0.1922 | Train acc: 0.8606 | Valid acc: 0.8710 | patience: 428 | Epoch time: 0.5 |

2023-01-07 18:18:05,574 - INFO -
| Epoch:    472 | Train loss: 0.2121 | Valid loss: 0.1865 | Train acc: 0.8633 | Valid acc: 0.8790 | patience: 429 | Epoch time: 0.5 |

2023-01-07 18:18:06,024 - INFO -
| Epoch:    473 | Train loss: 0.2101 | Valid loss: 0.1858 | Train acc: 0.8633 | Valid acc: 0.8710 | patience: 430 | Epoch time: 0.4 |

2023-01-07 18:18:06,473 - INFO -
| Epoch:    474 | Train loss: 0.2118 | Valid loss: 0.1869 | Train acc: 0.8633 | Valid acc: 0.8710 | patience: 431 | Epoch time: 0.4 |

2023-01-07 18:18:06,924 - INFO -
| Epoch:    475 | Train loss: 0.2143 | Valid loss: 0.1902 | Train acc: 0.8606 | Valid acc: 0.8790 | patience: 432 | Epoch time: 0.5 |

2023-01-07 18:18:07,375 - INFO -
| Epoch:    476 | Train loss: 0.2152 | Valid loss: 0.1868 | Train acc: 0.8633 | Valid acc: 0.8790 | patience: 433 | Epoch time: 0.5 |

2023-01-07 18:18:07,825 - INFO -
| Epoch:    477 | Train loss: 0.2129 | Valid loss: 0.1861 | Train acc: 0.8633 | Valid acc: 0.8710 | patience: 434 | Epoch time: 0.5 |

2023-01-07 18:18:08,276 - INFO -
| Epoch:    478 | Train loss: 0.2119 | Valid loss: 0.1886 | Train acc: 0.8633 | Valid acc: 0.8790 | patience: 435 | Epoch time: 0.5 |

2023-01-07 18:18:08,726 - INFO -
| Epoch:    479 | Train loss: 0.2131 | Valid loss: 0.1878 | Train acc: 0.8633 | Valid acc: 0.8790 | patience: 436 | Epoch time: 0.4 |

2023-01-07 18:18:09,176 - INFO -
| Epoch:    480 | Train loss: 0.2125 | Valid loss: 0.1842 | Train acc: 0.8633 | Valid acc: 0.8710 | patience: 437 | Epoch time: 0.5 |

2023-01-07 18:18:09,627 - INFO -
| Epoch:    481 | Train loss: 0.2095 | Valid loss: 0.1838 | Train acc: 0.8633 | Valid acc: 0.8710 | patience: 438 | Epoch time: 0.5 |

2023-01-07 18:18:10,077 - INFO -
| Epoch:    482 | Train loss: 0.2094 | Valid loss: 0.1853 | Train acc: 0.8633 | Valid acc: 0.8790 | patience: 439 | Epoch time: 0.4 |

2023-01-07 18:18:10,527 - INFO -
| Epoch:    483 | Train loss: 0.2091 | Valid loss: 0.1828 | Train acc: 0.8633 | Valid acc: 0.8710 | patience: 440 | Epoch time: 0.4 |

2023-01-07 18:18:10,978 - INFO -
| Epoch:    484 | Train loss: 0.2058 | Valid loss: 0.1982 | Train acc: 0.8633 | Valid acc: 0.8710 | patience: 441 | Epoch time: 0.5 |

2023-01-07 18:18:11,428 - INFO -
| Epoch:    485 | Train loss: 0.2179 | Valid loss: 0.1903 | Train acc: 0.8579 | Valid acc: 0.8790 | patience: 442 | Epoch time: 0.5 |

2023-01-07 18:18:11,879 - INFO -
| Epoch:    486 | Train loss: 0.2130 | Valid loss: 0.1904 | Train acc: 0.8633 | Valid acc: 0.8790 | patience: 443 | Epoch time: 0.5 |

2023-01-07 18:18:12,330 - INFO -
| Epoch:    487 | Train loss: 0.2169 | Valid loss: 0.1912 | Train acc: 0.8633 | Valid acc: 0.8548 | patience: 444 | Epoch time: 0.5 |

2023-01-07 18:18:12,780 - INFO -
| Epoch:    488 | Train loss: 0.2210 | Valid loss: 0.1885 | Train acc: 0.8552 | Valid acc: 0.8710 | patience: 445 | Epoch time: 0.5 |

2023-01-07 18:18:13,230 - INFO -
| Epoch:    489 | Train loss: 0.2202 | Valid loss: 0.1922 | Train acc: 0.8633 | Valid acc: 0.8790 | patience: 446 | Epoch time: 0.4 |

2023-01-07 18:18:13,680 - INFO -
| Epoch:    490 | Train loss: 0.2224 | Valid loss: 0.1904 | Train acc: 0.8633 | Valid acc: 0.8790 | patience: 447 | Epoch time: 0.5 |

2023-01-07 18:18:14,130 - INFO -
| Epoch:    491 | Train loss: 0.2209 | Valid loss: 0.1925 | Train acc: 0.8633 | Valid acc: 0.8629 | patience: 448 | Epoch time: 0.4 |

2023-01-07 18:18:14,581 - INFO -
| Epoch:    492 | Train loss: 0.2218 | Valid loss: 0.1900 | Train acc: 0.8660 | Valid acc: 0.8790 | patience: 449 | Epoch time: 0.5 |

2023-01-07 18:18:15,032 - INFO -
| Epoch:    493 | Train loss: 0.2181 | Valid loss: 0.1894 | Train acc: 0.8633 | Valid acc: 0.8790 | patience: 450 | Epoch time: 0.4 |

2023-01-07 18:18:15,481 - INFO -
| Epoch:    494 | Train loss: 0.2162 | Valid loss: 0.1951 | Train acc: 0.8633 | Valid acc: 0.8710 | patience: 451 | Epoch time: 0.4 |

2023-01-07 18:18:15,931 - INFO -
| Epoch:    495 | Train loss: 0.2215 | Valid loss: 0.1871 | Train acc: 0.8633 | Valid acc: 0.8710 | patience: 452 | Epoch time: 0.5 |

2023-01-07 18:18:16,382 - INFO -
| Epoch:    496 | Train loss: 0.2136 | Valid loss: 0.1882 | Train acc: 0.8633 | Valid acc: 0.8790 | patience: 453 | Epoch time: 0.5 |

2023-01-07 18:18:16,832 - INFO -
| Epoch:    497 | Train loss: 0.2149 | Valid loss: 0.1863 | Train acc: 0.8633 | Valid acc: 0.8790 | patience: 454 | Epoch time: 0.5 |

2023-01-07 18:18:17,282 - INFO -
| Epoch:    498 | Train loss: 0.2134 | Valid loss: 0.1848 | Train acc: 0.8633 | Valid acc: 0.8710 | patience: 455 | Epoch time: 0.4 |

2023-01-07 18:18:17,732 - INFO -
| Epoch:    499 | Train loss: 0.2119 | Valid loss: 0.1821 | Train acc: 0.8660 | Valid acc: 0.8710 | patience: 456 | Epoch time: 0.5 |

2023-01-07 18:18:18,184 - INFO -
| Epoch:    500 | Train loss: 0.2072 | Valid loss: 0.1896 | Train acc: 0.8633 | Valid acc: 0.8790 | patience: 457 | Epoch time: 0.5 |

2023-01-07 18:18:18,634 - INFO -
| Epoch:    501 | Train loss: 0.2106 | Valid loss: 0.1857 | Train acc: 0.8633 | Valid acc: 0.8710 | patience: 458 | Epoch time: 0.5 |

2023-01-07 18:18:19,084 - INFO -
| Epoch:    502 | Train loss: 0.2090 | Valid loss: 0.1870 | Train acc: 0.8606 | Valid acc: 0.8710 | patience: 459 | Epoch time: 0.4 |

2023-01-07 18:18:19,536 - INFO -
| Epoch:    503 | Train loss: 0.2116 | Valid loss: 0.1880 | Train acc: 0.8633 | Valid acc: 0.8710 | patience: 460 | Epoch time: 0.5 |

2023-01-07 18:18:19,987 - INFO -
| Epoch:    504 | Train loss: 0.2132 | Valid loss: 0.1883 | Train acc: 0.8633 | Valid acc: 0.8710 | patience: 461 | Epoch time: 0.5 |

2023-01-07 18:18:20,437 - INFO -
| Epoch:    505 | Train loss: 0.2132 | Valid loss: 0.1876 | Train acc: 0.8633 | Valid acc: 0.8710 | patience: 462 | Epoch time: 0.5 |

2023-01-07 18:18:20,887 - INFO -
| Epoch:    506 | Train loss: 0.2119 | Valid loss: 0.1890 | Train acc: 0.8633 | Valid acc: 0.8790 | patience: 463 | Epoch time: 0.5 |

2023-01-07 18:18:21,337 - INFO -
| Epoch:    507 | Train loss: 0.2127 | Valid loss: 0.1887 | Train acc: 0.8633 | Valid acc: 0.8710 | patience: 464 | Epoch time: 0.5 |

2023-01-07 18:18:21,787 - INFO -
| Epoch:    508 | Train loss: 0.2120 | Valid loss: 0.1850 | Train acc: 0.8633 | Valid acc: 0.8710 | patience: 465 | Epoch time: 0.4 |

2023-01-07 18:18:22,238 - INFO -
| Epoch:    509 | Train loss: 0.2090 | Valid loss: 0.1837 | Train acc: 0.8633 | Valid acc: 0.8710 | patience: 466 | Epoch time: 0.5 |

2023-01-07 18:18:22,687 - INFO -
| Epoch:    510 | Train loss: 0.2090 | Valid loss: 0.1824 | Train acc: 0.8633 | Valid acc: 0.8710 | patience: 467 | Epoch time: 0.4 |

2023-01-07 18:18:23,137 - INFO -
| Epoch:    511 | Train loss: 0.2081 | Valid loss: 0.1826 | Train acc: 0.8633 | Valid acc: 0.8710 | patience: 468 | Epoch time: 0.5 |

2023-01-07 18:18:23,587 - INFO -
| Epoch:    512 | Train loss: 0.2060 | Valid loss: 0.2021 | Train acc: 0.8606 | Valid acc: 0.8790 | patience: 469 | Epoch time: 0.4 |

2023-01-07 18:18:24,039 - INFO -
| Epoch:    513 | Train loss: 0.2191 | Valid loss: 0.1844 | Train acc: 0.8633 | Valid acc: 0.8790 | patience: 470 | Epoch time: 0.5 |

2023-01-07 18:18:24,490 - INFO -
| Epoch:    514 | Train loss: 0.2128 | Valid loss: 0.1874 | Train acc: 0.8633 | Valid acc: 0.8710 | patience: 471 | Epoch time: 0.5 |

2023-01-07 18:18:24,940 - INFO -
| Epoch:    515 | Train loss: 0.2174 | Valid loss: 0.1874 | Train acc: 0.8579 | Valid acc: 0.8710 | patience: 472 | Epoch time: 0.5 |

2023-01-07 18:18:25,390 - INFO -
| Epoch:    516 | Train loss: 0.2163 | Valid loss: 0.1900 | Train acc: 0.8633 | Valid acc: 0.8790 | patience: 473 | Epoch time: 0.5 |

2023-01-07 18:18:25,840 - INFO -
| Epoch:    517 | Train loss: 0.2156 | Valid loss: 0.1922 | Train acc: 0.8633 | Valid acc: 0.8790 | patience: 474 | Epoch time: 0.4 |

2023-01-07 18:18:26,290 - INFO -
| Epoch:    518 | Train loss: 0.2153 | Valid loss: 0.1922 | Train acc: 0.8633 | Valid acc: 0.8790 | patience: 475 | Epoch time: 0.4 |

2023-01-07 18:18:26,740 - INFO -
| Epoch:    519 | Train loss: 0.2147 | Valid loss: 0.1904 | Train acc: 0.8633 | Valid acc: 0.8790 | patience: 476 | Epoch time: 0.5 |

2023-01-07 18:18:27,191 - INFO -
| Epoch:    520 | Train loss: 0.2144 | Valid loss: 0.1894 | Train acc: 0.8633 | Valid acc: 0.8790 | patience: 477 | Epoch time: 0.5 |

2023-01-07 18:18:27,641 - INFO -
| Epoch:    521 | Train loss: 0.2158 | Valid loss: 0.1861 | Train acc: 0.8633 | Valid acc: 0.8710 | patience: 478 | Epoch time: 0.5 |

2023-01-07 18:18:28,091 - INFO -
| Epoch:    522 | Train loss: 0.2143 | Valid loss: 0.1825 | Train acc: 0.8633 | Valid acc: 0.8710 | patience: 479 | Epoch time: 0.4 |

2023-01-07 18:18:28,541 - INFO -
| Epoch:    523 | Train loss: 0.2125 | Valid loss: 0.1829 | Train acc: 0.8633 | Valid acc: 0.8790 | patience: 480 | Epoch time: 0.5 |

2023-01-07 18:18:28,992 - INFO -
| Epoch:    524 | Train loss: 0.2120 | Valid loss: 0.1841 | Train acc: 0.8633 | Valid acc: 0.8790 | patience: 481 | Epoch time: 0.5 |

2023-01-07 18:18:29,442 - INFO -
| Epoch:    525 | Train loss: 0.2103 | Valid loss: 0.1857 | Train acc: 0.8633 | Valid acc: 0.8710 | patience: 482 | Epoch time: 0.5 |

2023-01-07 18:18:29,892 - INFO -
| Epoch:    526 | Train loss: 0.2088 | Valid loss: 0.1871 | Train acc: 0.8633 | Valid acc: 0.8790 | patience: 483 | Epoch time: 0.5 |

2023-01-07 18:18:30,343 - INFO -
| Epoch:    527 | Train loss: 0.2079 | Valid loss: 0.1912 | Train acc: 0.8660 | Valid acc: 0.8790 | patience: 484 | Epoch time: 0.5 |

2023-01-07 18:18:30,792 - INFO -
| Epoch:    528 | Train loss: 0.2120 | Valid loss: 0.1860 | Train acc: 0.8633 | Valid acc: 0.8710 | patience: 485 | Epoch time: 0.4 |

2023-01-07 18:18:31,241 - INFO -
| Epoch:    529 | Train loss: 0.2116 | Valid loss: 0.1861 | Train acc: 0.8579 | Valid acc: 0.8790 | patience: 486 | Epoch time: 0.4 |

2023-01-07 18:18:31,692 - INFO -
| Epoch:    530 | Train loss: 0.2150 | Valid loss: 0.1875 | Train acc: 0.8633 | Valid acc: 0.8790 | patience: 487 | Epoch time: 0.5 |

2023-01-07 18:18:32,142 - INFO -
| Epoch:    531 | Train loss: 0.2173 | Valid loss: 0.1887 | Train acc: 0.8633 | Valid acc: 0.8710 | patience: 488 | Epoch time: 0.4 |

2023-01-07 18:18:32,593 - INFO -
| Epoch:    532 | Train loss: 0.2182 | Valid loss: 0.1886 | Train acc: 0.8579 | Valid acc: 0.8710 | patience: 489 | Epoch time: 0.5 |

2023-01-07 18:18:33,043 - INFO -
| Epoch:    533 | Train loss: 0.2175 | Valid loss: 0.1894 | Train acc: 0.8633 | Valid acc: 0.8790 | patience: 490 | Epoch time: 0.4 |

2023-01-07 18:18:33,494 - INFO -
| Epoch:    534 | Train loss: 0.2172 | Valid loss: 0.1884 | Train acc: 0.8633 | Valid acc: 0.8710 | patience: 491 | Epoch time: 0.5 |

2023-01-07 18:18:33,944 - INFO -
| Epoch:    535 | Train loss: 0.2156 | Valid loss: 0.1849 | Train acc: 0.8633 | Valid acc: 0.8790 | patience: 492 | Epoch time: 0.5 |

2023-01-07 18:18:34,394 - INFO -
| Epoch:    536 | Train loss: 0.2119 | Valid loss: 0.1819 | Train acc: 0.8633 | Valid acc: 0.8790 | patience: 493 | Epoch time: 0.4 |

2023-01-07 18:18:34,843 - INFO -
| Epoch:    537 | Train loss: 0.2081 | Valid loss: 0.1913 | Train acc: 0.8633 | Valid acc: 0.8710 | patience: 494 | Epoch time: 0.4 |

2023-01-07 18:18:35,293 - INFO -
| Epoch:    538 | Train loss: 0.2153 | Valid loss: 0.1804 | Train acc: 0.8606 | Valid acc: 0.8710 | patience: 495 | Epoch time: 0.4 |

2023-01-07 18:18:35,743 - INFO -
| Epoch:    539 | Train loss: 0.2082 | Valid loss: 0.1833 | Train acc: 0.8633 | Valid acc: 0.8790 | patience: 496 | Epoch time: 0.4 |

2023-01-07 18:18:36,192 - INFO -
| Epoch:    540 | Train loss: 0.2117 | Valid loss: 0.1859 | Train acc: 0.8633 | Valid acc: 0.8710 | patience: 497 | Epoch time: 0.4 |

2023-01-07 18:18:36,643 - INFO -
| Epoch:    541 | Train loss: 0.2131 | Valid loss: 0.1891 | Train acc: 0.8633 | Valid acc: 0.8710 | patience: 498 | Epoch time: 0.5 |

2023-01-07 18:18:37,092 - INFO -
| Epoch:    542 | Train loss: 0.2139 | Valid loss: 0.1909 | Train acc: 0.8633 | Valid acc: 0.8790 | patience: 499 | Epoch time: 0.4 |

2023-01-07 18:18:37,542 - INFO -
| Epoch:    543 | Train loss: 0.2139 | Valid loss: 0.1882 | Train acc: 0.8633 | Valid acc: 0.8790 | patience: 500 | Epoch time: 0.4 |

2023-01-07 18:18:37,992 - INFO -
Early stop.

2023-01-07 18:18:37,997 - INFO -
Training if finished.

