2023-01-27 14:29:56,464 - INFO -
gmin                0.01
gmax                10.0
T                   0.1
m                   0.3
ACT_eta1            0.134
ACT_eta2            0.962
ACT_eta3            0.183
ACT_eta4            24.1
NEG_eta1            -0.104
NEG_eta2            0.899
NEG_eta3            -0.056
NEG_eta4            3.858
hidden              [3]
SEED                4
DEVICE              cuda
TIMELIMITATION      45
PATIENCE            500
EPOCH               10000000000
DATASET             2
LR                  0.1
PROGRESSIVE         False
LR_PATIENCE         100
LR_DECAY            0.5
LR_MIN              0.0001
MODE                aging
M_train             50
K_train             10
M_test              500
K_test              500
t_test_max          10
integration         MC
VARIATION           False
N_train             1
e_train             0.0
N_test              100
e_test              0.1
projectname         ICCAD_2022
temppath            ./ICCAD_2022/temp/
logfilepath         ./ICCAD_2022/log/
recording           False
recordpath          ./ICCAD_2022/record/
savepath            ./ICCAD_2022/models/
loglevel            info


2023-01-27 14:29:56,464 - INFO -
Training network on device: cuda.

2023-01-27 14:29:56,464 - INFO -
Training setup: breastcancerwisc_4_aging_0.0_1_MC.

2023-01-27 14:29:56,464 - INFO -
Dataset "breastcancerwisc" has 9 input features and 2 classes. There are 418 training examples, 139 valid examples, and 140 test examples in the dataset.

2023-01-27 14:29:56,465 - INFO -
Topology of the network: [9, 3, 2].

2023-01-27 14:30:35,256 - INFO -
| Epoch:      0 | Train loss: 0.7580 | Valid loss: 0.5391 | Train acc: 0.4952 | Valid acc: 0.6843 | patience:   0 | Epoch time: 38.3 |

2023-01-27 14:31:11,913 - INFO -
| Epoch:      1 | Train loss: 0.5405 | Valid loss: 0.2912 | Train acc: 0.7360 | Valid acc: 0.8524 | patience:   0 | Epoch time: 36.7 |

2023-01-27 14:31:48,601 - INFO -
| Epoch:      2 | Train loss: 0.2544 | Valid loss: 0.1845 | Train acc: 0.8524 | Valid acc: 0.9240 | patience:   0 | Epoch time: 36.7 |

2023-01-27 14:32:25,325 - INFO -
| Epoch:      3 | Train loss: 0.1427 | Valid loss: 0.1248 | Train acc: 0.9388 | Valid acc: 0.9375 | patience:   0 | Epoch time: 36.7 |

2023-01-27 14:33:02,049 - INFO -
| Epoch:      4 | Train loss: 0.0793 | Valid loss: 0.1223 | Train acc: 0.9589 | Valid acc: 0.9484 | patience:   0 | Epoch time: 36.7 |

2023-01-27 14:33:38,791 - INFO -
| Epoch:      5 | Train loss: 0.0767 | Valid loss: 0.1090 | Train acc: 0.9687 | Valid acc: 0.9550 | patience:   0 | Epoch time: 36.7 |

2023-01-27 14:34:15,538 - INFO -
| Epoch:      6 | Train loss: 0.0673 | Valid loss: 0.1091 | Train acc: 0.9684 | Valid acc: 0.9540 | patience:   1 | Epoch time: 36.7 |

2023-01-27 14:34:52,335 - INFO -
| Epoch:      7 | Train loss: 0.0642 | Valid loss: 0.1038 | Train acc: 0.9716 | Valid acc: 0.9580 | patience:   0 | Epoch time: 36.8 |

2023-01-27 14:35:29,161 - INFO -
| Epoch:      8 | Train loss: 0.0687 | Valid loss: 0.1059 | Train acc: 0.9727 | Valid acc: 0.9588 | patience:   1 | Epoch time: 36.8 |

2023-01-27 14:36:06,014 - INFO -
| Epoch:      9 | Train loss: 0.0646 | Valid loss: 0.1022 | Train acc: 0.9728 | Valid acc: 0.9594 | patience:   0 | Epoch time: 36.9 |

2023-01-27 14:36:42,774 - INFO -
| Epoch:     10 | Train loss: 0.0655 | Valid loss: 0.0994 | Train acc: 0.9729 | Valid acc: 0.9597 | patience:   0 | Epoch time: 36.8 |

2023-01-27 14:37:19,534 - INFO -
| Epoch:     11 | Train loss: 0.0637 | Valid loss: 0.1070 | Train acc: 0.9736 | Valid acc: 0.9595 | patience:   1 | Epoch time: 36.8 |

2023-01-27 14:37:56,302 - INFO -
| Epoch:     12 | Train loss: 0.0642 | Valid loss: 0.1002 | Train acc: 0.9741 | Valid acc: 0.9583 | patience:   2 | Epoch time: 36.8 |

2023-01-27 14:38:33,093 - INFO -
| Epoch:     13 | Train loss: 0.0630 | Valid loss: 0.1022 | Train acc: 0.9744 | Valid acc: 0.9605 | patience:   3 | Epoch time: 36.8 |

2023-01-27 14:39:09,895 - INFO -
| Epoch:     14 | Train loss: 0.0625 | Valid loss: 0.1006 | Train acc: 0.9746 | Valid acc: 0.9594 | patience:   4 | Epoch time: 36.8 |

2023-01-27 14:39:46,676 - INFO -
| Epoch:     15 | Train loss: 0.0611 | Valid loss: 0.1030 | Train acc: 0.9750 | Valid acc: 0.9605 | patience:   5 | Epoch time: 36.8 |

2023-01-27 14:40:23,445 - INFO -
| Epoch:     16 | Train loss: 0.0615 | Valid loss: 0.0995 | Train acc: 0.9751 | Valid acc: 0.9601 | patience:   6 | Epoch time: 36.8 |

2023-01-27 14:41:00,242 - INFO -
| Epoch:     17 | Train loss: 0.0608 | Valid loss: 0.0989 | Train acc: 0.9756 | Valid acc: 0.9616 | patience:   0 | Epoch time: 36.8 |

2023-01-27 14:41:37,045 - INFO -
| Epoch:     18 | Train loss: 0.0612 | Valid loss: 0.0978 | Train acc: 0.9756 | Valid acc: 0.9613 | patience:   0 | Epoch time: 36.8 |

2023-01-27 14:42:13,826 - INFO -
| Epoch:     19 | Train loss: 0.0597 | Valid loss: 0.1017 | Train acc: 0.9759 | Valid acc: 0.9613 | patience:   1 | Epoch time: 36.8 |

2023-01-27 14:42:50,595 - INFO -
| Epoch:     20 | Train loss: 0.0606 | Valid loss: 0.1038 | Train acc: 0.9760 | Valid acc: 0.9620 | patience:   2 | Epoch time: 36.8 |

2023-01-27 14:43:27,393 - INFO -
| Epoch:     21 | Train loss: 0.0593 | Valid loss: 0.0956 | Train acc: 0.9758 | Valid acc: 0.9611 | patience:   0 | Epoch time: 36.8 |

2023-01-27 14:44:04,181 - INFO -
| Epoch:     22 | Train loss: 0.0589 | Valid loss: 0.0971 | Train acc: 0.9767 | Valid acc: 0.9612 | patience:   1 | Epoch time: 36.8 |

2023-01-27 14:44:40,955 - INFO -
| Epoch:     23 | Train loss: 0.0589 | Valid loss: 0.0998 | Train acc: 0.9751 | Valid acc: 0.9603 | patience:   2 | Epoch time: 36.8 |

2023-01-27 14:45:17,718 - INFO -
| Epoch:     24 | Train loss: 0.0570 | Valid loss: 0.0960 | Train acc: 0.9770 | Valid acc: 0.9627 | patience:   3 | Epoch time: 36.8 |

2023-01-27 14:45:54,485 - INFO -
| Epoch:     25 | Train loss: 0.0578 | Valid loss: 0.0991 | Train acc: 0.9770 | Valid acc: 0.9612 | patience:   4 | Epoch time: 36.8 |

2023-01-27 14:46:31,244 - INFO -
| Epoch:     26 | Train loss: 0.0583 | Valid loss: 0.0968 | Train acc: 0.9766 | Valid acc: 0.9621 | patience:   5 | Epoch time: 36.8 |

2023-01-27 14:47:08,010 - INFO -
| Epoch:     27 | Train loss: 0.0572 | Valid loss: 0.0951 | Train acc: 0.9774 | Valid acc: 0.9620 | patience:   0 | Epoch time: 36.8 |

2023-01-27 14:47:44,780 - INFO -
| Epoch:     28 | Train loss: 0.0565 | Valid loss: 0.0955 | Train acc: 0.9771 | Valid acc: 0.9628 | patience:   1 | Epoch time: 36.8 |

2023-01-27 14:48:21,637 - INFO -
| Epoch:     29 | Train loss: 0.0574 | Valid loss: 0.0959 | Train acc: 0.9777 | Valid acc: 0.9617 | patience:   2 | Epoch time: 36.9 |

2023-01-27 14:48:58,501 - INFO -
| Epoch:     30 | Train loss: 0.0583 | Valid loss: 0.0952 | Train acc: 0.9774 | Valid acc: 0.9612 | patience:   3 | Epoch time: 36.9 |

2023-01-27 14:49:35,297 - INFO -
| Epoch:     31 | Train loss: 0.0550 | Valid loss: 0.0958 | Train acc: 0.9782 | Valid acc: 0.9627 | patience:   4 | Epoch time: 36.8 |

2023-01-27 14:50:12,039 - INFO -
| Epoch:     32 | Train loss: 0.0567 | Valid loss: 0.0946 | Train acc: 0.9778 | Valid acc: 0.9617 | patience:   0 | Epoch time: 36.7 |

2023-01-27 14:50:48,815 - INFO -
| Epoch:     33 | Train loss: 0.0557 | Valid loss: 0.0954 | Train acc: 0.9779 | Valid acc: 0.9613 | patience:   1 | Epoch time: 36.8 |

2023-01-27 14:51:25,642 - INFO -
| Epoch:     34 | Train loss: 0.0565 | Valid loss: 0.0957 | Train acc: 0.9779 | Valid acc: 0.9624 | patience:   2 | Epoch time: 36.8 |

2023-01-27 14:52:02,419 - INFO -
| Epoch:     35 | Train loss: 0.0554 | Valid loss: 0.0978 | Train acc: 0.9777 | Valid acc: 0.9606 | patience:   3 | Epoch time: 36.8 |

2023-01-27 14:52:39,179 - INFO -
| Epoch:     36 | Train loss: 0.0551 | Valid loss: 0.0974 | Train acc: 0.9780 | Valid acc: 0.9626 | patience:   4 | Epoch time: 36.8 |

2023-01-27 14:53:15,970 - INFO -
| Epoch:     37 | Train loss: 0.0545 | Valid loss: 0.0960 | Train acc: 0.9775 | Valid acc: 0.9615 | patience:   5 | Epoch time: 36.8 |

2023-01-27 14:53:52,719 - INFO -
| Epoch:     38 | Train loss: 0.0548 | Valid loss: 0.0974 | Train acc: 0.9781 | Valid acc: 0.9621 | patience:   6 | Epoch time: 36.7 |

2023-01-27 14:54:29,494 - INFO -
| Epoch:     39 | Train loss: 0.0543 | Valid loss: 0.0953 | Train acc: 0.9776 | Valid acc: 0.9628 | patience:   7 | Epoch time: 36.8 |

2023-01-27 14:55:06,278 - INFO -
| Epoch:     40 | Train loss: 0.0545 | Valid loss: 0.0933 | Train acc: 0.9776 | Valid acc: 0.9629 | patience:   0 | Epoch time: 36.8 |

2023-01-27 14:55:43,075 - INFO -
| Epoch:     41 | Train loss: 0.0541 | Valid loss: 0.0947 | Train acc: 0.9782 | Valid acc: 0.9627 | patience:   1 | Epoch time: 36.8 |

2023-01-27 14:56:19,870 - INFO -
| Epoch:     42 | Train loss: 0.0550 | Valid loss: 0.0945 | Train acc: 0.9778 | Valid acc: 0.9622 | patience:   2 | Epoch time: 36.8 |

2023-01-27 14:56:56,671 - INFO -
| Epoch:     43 | Train loss: 0.0539 | Valid loss: 0.0947 | Train acc: 0.9779 | Valid acc: 0.9620 | patience:   3 | Epoch time: 36.8 |

2023-01-27 14:57:33,473 - INFO -
| Epoch:     44 | Train loss: 0.0537 | Valid loss: 0.0949 | Train acc: 0.9787 | Valid acc: 0.9634 | patience:   4 | Epoch time: 36.8 |

2023-01-27 14:58:10,270 - INFO -
| Epoch:     45 | Train loss: 0.0524 | Valid loss: 0.0926 | Train acc: 0.9785 | Valid acc: 0.9635 | patience:   0 | Epoch time: 36.8 |

2023-01-27 14:58:47,050 - INFO -
| Epoch:     46 | Train loss: 0.0525 | Valid loss: 0.0953 | Train acc: 0.9780 | Valid acc: 0.9635 | patience:   1 | Epoch time: 36.8 |

2023-01-27 14:59:23,884 - INFO -
| Epoch:     47 | Train loss: 0.0521 | Valid loss: 0.0918 | Train acc: 0.9783 | Valid acc: 0.9632 | patience:   0 | Epoch time: 36.8 |

2023-01-27 15:00:00,705 - INFO -
| Epoch:     48 | Train loss: 0.0526 | Valid loss: 0.0913 | Train acc: 0.9784 | Valid acc: 0.9637 | patience:   0 | Epoch time: 36.8 |

2023-01-27 15:00:37,696 - INFO -
| Epoch:     49 | Train loss: 0.0509 | Valid loss: 0.0915 | Train acc: 0.9780 | Valid acc: 0.9638 | patience:   1 | Epoch time: 37.0 |

2023-01-27 15:01:14,530 - INFO -
| Epoch:     50 | Train loss: 0.0514 | Valid loss: 0.0915 | Train acc: 0.9789 | Valid acc: 0.9631 | patience:   2 | Epoch time: 36.8 |

2023-01-27 15:01:51,610 - INFO -
| Epoch:     51 | Train loss: 0.0501 | Valid loss: 0.0910 | Train acc: 0.9784 | Valid acc: 0.9635 | patience:   0 | Epoch time: 37.1 |

2023-01-27 15:02:28,364 - INFO -
| Epoch:     52 | Train loss: 0.0512 | Valid loss: 0.0925 | Train acc: 0.9791 | Valid acc: 0.9640 | patience:   1 | Epoch time: 36.8 |

2023-01-27 15:03:05,140 - INFO -
| Epoch:     53 | Train loss: 0.0505 | Valid loss: 0.0925 | Train acc: 0.9789 | Valid acc: 0.9631 | patience:   2 | Epoch time: 36.8 |

2023-01-27 15:03:41,911 - INFO -
| Epoch:     54 | Train loss: 0.0509 | Valid loss: 0.0928 | Train acc: 0.9784 | Valid acc: 0.9633 | patience:   3 | Epoch time: 36.8 |

2023-01-27 15:04:18,722 - INFO -
| Epoch:     55 | Train loss: 0.0505 | Valid loss: 0.0919 | Train acc: 0.9802 | Valid acc: 0.9634 | patience:   4 | Epoch time: 36.8 |

2023-01-27 15:04:55,486 - INFO -
| Epoch:     56 | Train loss: 0.0513 | Valid loss: 0.0936 | Train acc: 0.9794 | Valid acc: 0.9625 | patience:   5 | Epoch time: 36.8 |

2023-01-27 15:05:32,242 - INFO -
| Epoch:     57 | Train loss: 0.0519 | Valid loss: 0.0931 | Train acc: 0.9790 | Valid acc: 0.9637 | patience:   6 | Epoch time: 36.8 |

2023-01-27 15:06:09,008 - INFO -
| Epoch:     58 | Train loss: 0.0486 | Valid loss: 0.0941 | Train acc: 0.9801 | Valid acc: 0.9631 | patience:   7 | Epoch time: 36.8 |

2023-01-27 15:06:45,983 - INFO -
| Epoch:     59 | Train loss: 0.0479 | Valid loss: 0.0951 | Train acc: 0.9810 | Valid acc: 0.9632 | patience:   8 | Epoch time: 37.0 |

2023-01-27 15:07:22,947 - INFO -
| Epoch:     60 | Train loss: 0.0491 | Valid loss: 0.0935 | Train acc: 0.9796 | Valid acc: 0.9629 | patience:   9 | Epoch time: 37.0 |

2023-01-27 15:07:59,728 - INFO -
| Epoch:     61 | Train loss: 0.0470 | Valid loss: 0.0915 | Train acc: 0.9797 | Valid acc: 0.9628 | patience:  10 | Epoch time: 36.8 |

2023-01-27 15:08:36,523 - INFO -
| Epoch:     62 | Train loss: 0.0472 | Valid loss: 0.0913 | Train acc: 0.9803 | Valid acc: 0.9633 | patience:  11 | Epoch time: 36.8 |

2023-01-27 15:09:13,344 - INFO -
| Epoch:     63 | Train loss: 0.0492 | Valid loss: 0.0937 | Train acc: 0.9802 | Valid acc: 0.9632 | patience:  12 | Epoch time: 36.8 |

2023-01-27 15:09:50,315 - INFO -
| Epoch:     64 | Train loss: 0.0474 | Valid loss: 0.0941 | Train acc: 0.9804 | Valid acc: 0.9629 | patience:  13 | Epoch time: 37.0 |

2023-01-27 15:10:27,269 - INFO -
| Epoch:     65 | Train loss: 0.0492 | Valid loss: 0.0920 | Train acc: 0.9802 | Valid acc: 0.9625 | patience:  14 | Epoch time: 37.0 |

2023-01-27 15:11:04,341 - INFO -
| Epoch:     66 | Train loss: 0.0494 | Valid loss: 0.0953 | Train acc: 0.9797 | Valid acc: 0.9631 | patience:  15 | Epoch time: 37.1 |

2023-01-27 15:11:41,348 - INFO -
| Epoch:     67 | Train loss: 0.0466 | Valid loss: 0.0953 | Train acc: 0.9800 | Valid acc: 0.9620 | patience:  16 | Epoch time: 37.0 |

2023-01-27 15:12:18,325 - INFO -
| Epoch:     68 | Train loss: 0.0472 | Valid loss: 0.0932 | Train acc: 0.9805 | Valid acc: 0.9624 | patience:  17 | Epoch time: 37.0 |

2023-01-27 15:12:55,244 - INFO -
| Epoch:     69 | Train loss: 0.0476 | Valid loss: 0.0950 | Train acc: 0.9798 | Valid acc: 0.9614 | patience:  18 | Epoch time: 36.9 |

2023-01-27 15:13:32,180 - INFO -
| Epoch:     70 | Train loss: 0.0477 | Valid loss: 0.0930 | Train acc: 0.9803 | Valid acc: 0.9631 | patience:  19 | Epoch time: 36.9 |

2023-01-27 15:14:09,125 - INFO -
| Epoch:     71 | Train loss: 0.0471 | Valid loss: 0.0954 | Train acc: 0.9806 | Valid acc: 0.9621 | patience:  20 | Epoch time: 36.9 |

2023-01-27 15:14:46,107 - INFO -
| Epoch:     72 | Train loss: 0.0464 | Valid loss: 0.0968 | Train acc: 0.9811 | Valid acc: 0.9632 | patience:  21 | Epoch time: 37.0 |

2023-01-27 15:15:23,282 - INFO -
| Epoch:     73 | Train loss: 0.0477 | Valid loss: 0.0962 | Train acc: 0.9811 | Valid acc: 0.9630 | patience:  22 | Epoch time: 37.2 |

2023-01-27 15:16:00,233 - INFO -
| Epoch:     74 | Train loss: 0.0462 | Valid loss: 0.0922 | Train acc: 0.9807 | Valid acc: 0.9640 | patience:  23 | Epoch time: 37.0 |

2023-01-27 15:16:37,202 - INFO -
| Epoch:     75 | Train loss: 0.0480 | Valid loss: 0.0940 | Train acc: 0.9806 | Valid acc: 0.9622 | patience:  24 | Epoch time: 37.0 |

2023-01-27 15:17:14,175 - INFO -
| Epoch:     76 | Train loss: 0.0472 | Valid loss: 0.0929 | Train acc: 0.9813 | Valid acc: 0.9628 | patience:  25 | Epoch time: 37.0 |

2023-01-27 15:17:51,124 - INFO -
| Epoch:     77 | Train loss: 0.0485 | Valid loss: 0.0946 | Train acc: 0.9812 | Valid acc: 0.9631 | patience:  26 | Epoch time: 36.9 |

2023-01-27 15:18:28,192 - INFO -
| Epoch:     78 | Train loss: 0.0448 | Valid loss: 0.0932 | Train acc: 0.9813 | Valid acc: 0.9617 | patience:  27 | Epoch time: 37.1 |

2023-01-27 15:19:05,155 - INFO -
| Epoch:     79 | Train loss: 0.0479 | Valid loss: 0.0935 | Train acc: 0.9804 | Valid acc: 0.9621 | patience:  28 | Epoch time: 37.0 |

2023-01-27 15:19:42,100 - INFO -
| Epoch:     80 | Train loss: 0.0459 | Valid loss: 0.0947 | Train acc: 0.9812 | Valid acc: 0.9632 | patience:  29 | Epoch time: 36.9 |

2023-01-27 15:20:19,068 - INFO -
| Epoch:     81 | Train loss: 0.0452 | Valid loss: 0.0956 | Train acc: 0.9815 | Valid acc: 0.9620 | patience:  30 | Epoch time: 37.0 |

2023-01-27 15:20:55,982 - INFO -
| Epoch:     82 | Train loss: 0.0462 | Valid loss: 0.0949 | Train acc: 0.9808 | Valid acc: 0.9626 | patience:  31 | Epoch time: 36.9 |

2023-01-27 15:21:33,026 - INFO -
| Epoch:     83 | Train loss: 0.0467 | Valid loss: 0.0972 | Train acc: 0.9814 | Valid acc: 0.9632 | patience:  32 | Epoch time: 37.0 |

2023-01-27 15:22:09,974 - INFO -
| Epoch:     84 | Train loss: 0.0467 | Valid loss: 0.0956 | Train acc: 0.9815 | Valid acc: 0.9616 | patience:  33 | Epoch time: 36.9 |

2023-01-27 15:22:47,035 - INFO -
| Epoch:     85 | Train loss: 0.0431 | Valid loss: 0.0979 | Train acc: 0.9824 | Valid acc: 0.9617 | patience:  34 | Epoch time: 37.1 |

2023-01-27 15:23:23,982 - INFO -
| Epoch:     86 | Train loss: 0.0446 | Valid loss: 0.0967 | Train acc: 0.9813 | Valid acc: 0.9617 | patience:  35 | Epoch time: 36.9 |

2023-01-27 15:24:01,079 - INFO -
| Epoch:     87 | Train loss: 0.0466 | Valid loss: 0.0941 | Train acc: 0.9817 | Valid acc: 0.9628 | patience:  36 | Epoch time: 37.1 |

2023-01-27 15:24:38,136 - INFO -
| Epoch:     88 | Train loss: 0.0466 | Valid loss: 0.0921 | Train acc: 0.9809 | Valid acc: 0.9621 | patience:  37 | Epoch time: 37.1 |

2023-01-27 15:25:15,121 - INFO -
| Epoch:     89 | Train loss: 0.0445 | Valid loss: 0.0978 | Train acc: 0.9816 | Valid acc: 0.9613 | patience:  38 | Epoch time: 37.0 |

2023-01-27 15:25:52,093 - INFO -
| Epoch:     90 | Train loss: 0.0463 | Valid loss: 0.0938 | Train acc: 0.9815 | Valid acc: 0.9620 | patience:  39 | Epoch time: 37.0 |

2023-01-27 15:26:29,084 - INFO -
| Epoch:     91 | Train loss: 0.0462 | Valid loss: 0.0946 | Train acc: 0.9809 | Valid acc: 0.9624 | patience:  40 | Epoch time: 37.0 |

2023-01-27 15:27:06,086 - INFO -
| Epoch:     92 | Train loss: 0.0448 | Valid loss: 0.0951 | Train acc: 0.9812 | Valid acc: 0.9618 | patience:  41 | Epoch time: 37.0 |

2023-01-27 15:27:43,047 - INFO -
| Epoch:     93 | Train loss: 0.0464 | Valid loss: 0.0938 | Train acc: 0.9813 | Valid acc: 0.9612 | patience:  42 | Epoch time: 37.0 |

2023-01-27 15:28:20,012 - INFO -
| Epoch:     94 | Train loss: 0.0424 | Valid loss: 0.0939 | Train acc: 0.9827 | Valid acc: 0.9627 | patience:  43 | Epoch time: 37.0 |

2023-01-27 15:28:56,994 - INFO -
| Epoch:     95 | Train loss: 0.0454 | Valid loss: 0.0950 | Train acc: 0.9810 | Valid acc: 0.9620 | patience:  44 | Epoch time: 37.0 |

2023-01-27 15:29:33,950 - INFO -
| Epoch:     96 | Train loss: 0.0447 | Valid loss: 0.0971 | Train acc: 0.9827 | Valid acc: 0.9623 | patience:  45 | Epoch time: 37.0 |

2023-01-27 15:30:10,889 - INFO -
| Epoch:     97 | Train loss: 0.0441 | Valid loss: 0.0955 | Train acc: 0.9816 | Valid acc: 0.9612 | patience:  46 | Epoch time: 36.9 |

2023-01-27 15:30:47,855 - INFO -
| Epoch:     98 | Train loss: 0.0441 | Valid loss: 0.0968 | Train acc: 0.9825 | Valid acc: 0.9632 | patience:  47 | Epoch time: 37.0 |

2023-01-27 15:31:24,858 - INFO -
| Epoch:     99 | Train loss: 0.0462 | Valid loss: 0.0950 | Train acc: 0.9807 | Valid acc: 0.9636 | patience:  48 | Epoch time: 37.0 |

2023-01-27 15:32:01,839 - INFO -
| Epoch:    100 | Train loss: 0.0479 | Valid loss: 0.0936 | Train acc: 0.9805 | Valid acc: 0.9627 | patience:  49 | Epoch time: 37.0 |

2023-01-27 15:32:38,831 - INFO -
| Epoch:    101 | Train loss: 0.0457 | Valid loss: 0.0943 | Train acc: 0.9814 | Valid acc: 0.9622 | patience:  50 | Epoch time: 37.0 |

2023-01-27 15:33:15,799 - INFO -
| Epoch:    102 | Train loss: 0.0453 | Valid loss: 0.0964 | Train acc: 0.9822 | Valid acc: 0.9632 | patience:  51 | Epoch time: 37.0 |

2023-01-27 15:33:52,764 - INFO -
| Epoch:    103 | Train loss: 0.0458 | Valid loss: 0.0970 | Train acc: 0.9814 | Valid acc: 0.9625 | patience:  52 | Epoch time: 37.0 |

2023-01-27 15:34:29,769 - INFO -
| Epoch:    104 | Train loss: 0.0468 | Valid loss: 0.0973 | Train acc: 0.9817 | Valid acc: 0.9609 | patience:  53 | Epoch time: 37.0 |

2023-01-27 15:35:06,778 - INFO -
| Epoch:    105 | Train loss: 0.0456 | Valid loss: 0.0977 | Train acc: 0.9818 | Valid acc: 0.9622 | patience:  54 | Epoch time: 37.0 |

2023-01-27 15:35:43,740 - INFO -
| Epoch:    106 | Train loss: 0.0464 | Valid loss: 0.0963 | Train acc: 0.9819 | Valid acc: 0.9622 | patience:  55 | Epoch time: 37.0 |

2023-01-27 15:36:20,695 - INFO -
| Epoch:    107 | Train loss: 0.0467 | Valid loss: 0.0987 | Train acc: 0.9826 | Valid acc: 0.9615 | patience:  56 | Epoch time: 37.0 |

2023-01-27 15:36:57,839 - INFO -
| Epoch:    108 | Train loss: 0.0451 | Valid loss: 0.0975 | Train acc: 0.9806 | Valid acc: 0.9622 | patience:  57 | Epoch time: 37.1 |

2023-01-27 15:37:34,940 - INFO -
| Epoch:    109 | Train loss: 0.0458 | Valid loss: 0.0986 | Train acc: 0.9824 | Valid acc: 0.9622 | patience:  58 | Epoch time: 37.1 |

2023-01-27 15:38:11,908 - INFO -
| Epoch:    110 | Train loss: 0.0449 | Valid loss: 0.0972 | Train acc: 0.9811 | Valid acc: 0.9604 | patience:  59 | Epoch time: 37.0 |

2023-01-27 15:38:48,860 - INFO -
| Epoch:    111 | Train loss: 0.0455 | Valid loss: 0.0980 | Train acc: 0.9817 | Valid acc: 0.9606 | patience:  60 | Epoch time: 37.0 |

2023-01-27 15:39:25,824 - INFO -
| Epoch:    112 | Train loss: 0.0455 | Valid loss: 0.0972 | Train acc: 0.9818 | Valid acc: 0.9622 | patience:  61 | Epoch time: 37.0 |

2023-01-27 15:40:02,744 - INFO -
| Epoch:    113 | Train loss: 0.0456 | Valid loss: 0.0950 | Train acc: 0.9810 | Valid acc: 0.9617 | patience:  62 | Epoch time: 36.9 |

2023-01-27 15:40:39,668 - INFO -
| Epoch:    114 | Train loss: 0.0447 | Valid loss: 0.0954 | Train acc: 0.9818 | Valid acc: 0.9612 | patience:  63 | Epoch time: 36.9 |

2023-01-27 15:41:16,730 - INFO -
| Epoch:    115 | Train loss: 0.0441 | Valid loss: 0.0937 | Train acc: 0.9808 | Valid acc: 0.9636 | patience:  64 | Epoch time: 37.1 |

2023-01-27 15:41:54,527 - INFO -
| Epoch:    116 | Train loss: 0.0479 | Valid loss: 0.0945 | Train acc: 0.9825 | Valid acc: 0.9627 | patience:  65 | Epoch time: 37.8 |

2023-01-27 15:42:31,322 - INFO -
| Epoch:    117 | Train loss: 0.0441 | Valid loss: 0.0959 | Train acc: 0.9827 | Valid acc: 0.9632 | patience:  66 | Epoch time: 36.8 |

2023-01-27 15:43:08,209 - INFO -
| Epoch:    118 | Train loss: 0.0435 | Valid loss: 0.0945 | Train acc: 0.9820 | Valid acc: 0.9618 | patience:  67 | Epoch time: 36.9 |

2023-01-27 15:43:45,122 - INFO -
| Epoch:    119 | Train loss: 0.0447 | Valid loss: 0.0979 | Train acc: 0.9824 | Valid acc: 0.9601 | patience:  68 | Epoch time: 36.9 |

2023-01-27 15:44:21,923 - INFO -
| Epoch:    120 | Train loss: 0.0436 | Valid loss: 0.0974 | Train acc: 0.9832 | Valid acc: 0.9619 | patience:  69 | Epoch time: 36.8 |

2023-01-27 15:44:58,710 - INFO -
| Epoch:    121 | Train loss: 0.0449 | Valid loss: 0.0970 | Train acc: 0.9815 | Valid acc: 0.9615 | patience:  70 | Epoch time: 36.8 |

2023-01-27 15:45:35,507 - INFO -
| Epoch:    122 | Train loss: 0.0436 | Valid loss: 0.0978 | Train acc: 0.9822 | Valid acc: 0.9604 | patience:  71 | Epoch time: 36.8 |

2023-01-27 15:46:12,309 - INFO -
| Epoch:    123 | Train loss: 0.0431 | Valid loss: 0.0982 | Train acc: 0.9819 | Valid acc: 0.9590 | patience:  72 | Epoch time: 36.8 |

2023-01-27 15:46:49,086 - INFO -
| Epoch:    124 | Train loss: 0.0442 | Valid loss: 0.0976 | Train acc: 0.9826 | Valid acc: 0.9608 | patience:  73 | Epoch time: 36.8 |

2023-01-27 15:47:25,864 - INFO -
| Epoch:    125 | Train loss: 0.0463 | Valid loss: 0.0969 | Train acc: 0.9825 | Valid acc: 0.9608 | patience:  74 | Epoch time: 36.8 |

2023-01-27 15:48:02,628 - INFO -
| Epoch:    126 | Train loss: 0.0426 | Valid loss: 0.1019 | Train acc: 0.9823 | Valid acc: 0.9594 | patience:  75 | Epoch time: 36.8 |

2023-01-27 15:48:39,436 - INFO -
| Epoch:    127 | Train loss: 0.0437 | Valid loss: 0.0972 | Train acc: 0.9833 | Valid acc: 0.9619 | patience:  76 | Epoch time: 36.8 |

2023-01-27 15:49:16,116 - INFO -
| Epoch:    128 | Train loss: 0.0437 | Valid loss: 0.0977 | Train acc: 0.9828 | Valid acc: 0.9601 | patience:  77 | Epoch time: 36.7 |

2023-01-27 15:49:52,832 - INFO -
| Epoch:    129 | Train loss: 0.0442 | Valid loss: 0.0948 | Train acc: 0.9832 | Valid acc: 0.9611 | patience:  78 | Epoch time: 36.7 |

2023-01-27 15:50:29,558 - INFO -
| Epoch:    130 | Train loss: 0.0432 | Valid loss: 0.0948 | Train acc: 0.9827 | Valid acc: 0.9631 | patience:  79 | Epoch time: 36.7 |

2023-01-27 15:51:06,247 - INFO -
| Epoch:    131 | Train loss: 0.0458 | Valid loss: 0.0936 | Train acc: 0.9821 | Valid acc: 0.9632 | patience:  80 | Epoch time: 36.7 |

2023-01-27 15:51:42,985 - INFO -
| Epoch:    132 | Train loss: 0.0432 | Valid loss: 0.0942 | Train acc: 0.9822 | Valid acc: 0.9630 | patience:  81 | Epoch time: 36.7 |

2023-01-27 15:52:19,670 - INFO -
| Epoch:    133 | Train loss: 0.0430 | Valid loss: 0.0945 | Train acc: 0.9829 | Valid acc: 0.9632 | patience:  82 | Epoch time: 36.7 |

2023-01-27 15:52:56,355 - INFO -
| Epoch:    134 | Train loss: 0.0442 | Valid loss: 0.0949 | Train acc: 0.9816 | Valid acc: 0.9618 | patience:  83 | Epoch time: 36.7 |

2023-01-27 15:53:33,056 - INFO -
| Epoch:    135 | Train loss: 0.0426 | Valid loss: 0.0948 | Train acc: 0.9827 | Valid acc: 0.9623 | patience:  84 | Epoch time: 36.7 |

2023-01-27 15:54:09,757 - INFO -
| Epoch:    136 | Train loss: 0.0485 | Valid loss: 0.0979 | Train acc: 0.9825 | Valid acc: 0.9614 | patience:  85 | Epoch time: 36.7 |

2023-01-27 15:54:46,428 - INFO -
| Epoch:    137 | Train loss: 0.0436 | Valid loss: 0.0959 | Train acc: 0.9839 | Valid acc: 0.9616 | patience:  86 | Epoch time: 36.7 |

2023-01-27 15:55:23,143 - INFO -
| Epoch:    138 | Train loss: 0.0457 | Valid loss: 0.0994 | Train acc: 0.9823 | Valid acc: 0.9624 | patience:  87 | Epoch time: 36.7 |

2023-01-27 15:55:59,841 - INFO -
| Epoch:    139 | Train loss: 0.0433 | Valid loss: 0.0958 | Train acc: 0.9834 | Valid acc: 0.9613 | patience:  88 | Epoch time: 36.7 |

2023-01-27 15:56:36,559 - INFO -
| Epoch:    140 | Train loss: 0.0447 | Valid loss: 0.0974 | Train acc: 0.9826 | Valid acc: 0.9600 | patience:  89 | Epoch time: 36.7 |

2023-01-27 15:57:13,219 - INFO -
| Epoch:    141 | Train loss: 0.0460 | Valid loss: 0.0957 | Train acc: 0.9830 | Valid acc: 0.9621 | patience:  90 | Epoch time: 36.7 |

2023-01-27 15:57:49,889 - INFO -
| Epoch:    142 | Train loss: 0.0435 | Valid loss: 0.0966 | Train acc: 0.9826 | Valid acc: 0.9623 | patience:  91 | Epoch time: 36.7 |

2023-01-27 15:58:26,564 - INFO -
| Epoch:    143 | Train loss: 0.0438 | Valid loss: 0.0970 | Train acc: 0.9820 | Valid acc: 0.9626 | patience:  92 | Epoch time: 36.7 |

2023-01-27 15:59:03,271 - INFO -
| Epoch:    144 | Train loss: 0.0430 | Valid loss: 0.0952 | Train acc: 0.9826 | Valid acc: 0.9626 | patience:  93 | Epoch time: 36.7 |

2023-01-27 15:59:39,946 - INFO -
| Epoch:    145 | Train loss: 0.0435 | Valid loss: 0.0956 | Train acc: 0.9806 | Valid acc: 0.9625 | patience:  94 | Epoch time: 36.7 |

2023-01-27 16:00:16,641 - INFO -
| Epoch:    146 | Train loss: 0.0426 | Valid loss: 0.0950 | Train acc: 0.9832 | Valid acc: 0.9620 | patience:  95 | Epoch time: 36.7 |

2023-01-27 16:00:53,368 - INFO -
| Epoch:    147 | Train loss: 0.0430 | Valid loss: 0.0948 | Train acc: 0.9823 | Valid acc: 0.9626 | patience:  96 | Epoch time: 36.7 |

2023-01-27 16:01:30,217 - INFO -
| Epoch:    148 | Train loss: 0.0441 | Valid loss: 0.1009 | Train acc: 0.9828 | Valid acc: 0.9616 | patience:  97 | Epoch time: 36.8 |

2023-01-27 16:02:06,890 - INFO -
| Epoch:    149 | Train loss: 0.0431 | Valid loss: 0.0952 | Train acc: 0.9827 | Valid acc: 0.9629 | patience:  98 | Epoch time: 36.7 |

2023-01-27 16:02:43,605 - INFO -
| Epoch:    150 | Train loss: 0.0447 | Valid loss: 0.0980 | Train acc: 0.9822 | Valid acc: 0.9617 | patience:  99 | Epoch time: 36.7 |

2023-01-27 16:03:20,308 - INFO -
| Epoch:    151 | Train loss: 0.0433 | Valid loss: 0.0957 | Train acc: 0.9829 | Valid acc: 0.9608 | patience: 100 | Epoch time: 36.7 |

2023-01-27 16:03:57,013 - INFO -
| Epoch:    152 | Train loss: 0.0426 | Valid loss: 0.0978 | Train acc: 0.9822 | Valid acc: 0.9620 | patience: 101 | Epoch time: 36.7 |

2023-01-27 16:04:33,677 - INFO -
| Epoch:    153 | Train loss: 0.0430 | Valid loss: 0.1021 | Train acc: 0.9828 | Valid acc: 0.9607 | patience: 102 | Epoch time: 36.7 |

2023-01-27 16:05:10,341 - INFO -
| Epoch:    154 | Train loss: 0.0457 | Valid loss: 0.0957 | Train acc: 0.9832 | Valid acc: 0.9615 | patience: 103 | Epoch time: 36.7 |

2023-01-27 16:05:47,035 - INFO -
| Epoch:    155 | Train loss: 0.0428 | Valid loss: 0.0960 | Train acc: 0.9835 | Valid acc: 0.9607 | patience: 104 | Epoch time: 36.7 |

2023-01-27 16:06:23,761 - INFO -
| Epoch:    156 | Train loss: 0.0436 | Valid loss: 0.0969 | Train acc: 0.9831 | Valid acc: 0.9623 | patience: 105 | Epoch time: 36.7 |

2023-01-27 16:07:00,460 - INFO -
| Epoch:    157 | Train loss: 0.0428 | Valid loss: 0.0980 | Train acc: 0.9830 | Valid acc: 0.9602 | patience: 106 | Epoch time: 36.7 |

2023-01-27 16:07:37,152 - INFO -
| Epoch:    158 | Train loss: 0.0427 | Valid loss: 0.0963 | Train acc: 0.9827 | Valid acc: 0.9628 | patience: 107 | Epoch time: 36.7 |

2023-01-27 16:08:13,826 - INFO -
| Epoch:    159 | Train loss: 0.0415 | Valid loss: 0.0972 | Train acc: 0.9831 | Valid acc: 0.9625 | patience: 108 | Epoch time: 36.7 |

2023-01-27 16:08:50,542 - INFO -
| Epoch:    160 | Train loss: 0.0428 | Valid loss: 0.0958 | Train acc: 0.9836 | Valid acc: 0.9636 | patience: 109 | Epoch time: 36.7 |

2023-01-27 16:09:27,301 - INFO -
| Epoch:    161 | Train loss: 0.0424 | Valid loss: 0.0942 | Train acc: 0.9831 | Valid acc: 0.9632 | patience: 110 | Epoch time: 36.8 |

2023-01-27 16:10:04,007 - INFO -
| Epoch:    162 | Train loss: 0.0431 | Valid loss: 0.0956 | Train acc: 0.9834 | Valid acc: 0.9628 | patience: 111 | Epoch time: 36.7 |

2023-01-27 16:10:40,684 - INFO -
| Epoch:    163 | Train loss: 0.0431 | Valid loss: 0.0959 | Train acc: 0.9834 | Valid acc: 0.9624 | patience: 112 | Epoch time: 36.7 |

2023-01-27 16:11:17,392 - INFO -
| Epoch:    164 | Train loss: 0.0421 | Valid loss: 0.0964 | Train acc: 0.9829 | Valid acc: 0.9632 | patience: 113 | Epoch time: 36.7 |

2023-01-27 16:11:54,085 - INFO -
| Epoch:    165 | Train loss: 0.0434 | Valid loss: 0.0963 | Train acc: 0.9832 | Valid acc: 0.9629 | patience: 114 | Epoch time: 36.7 |

2023-01-27 16:12:30,754 - INFO -
| Epoch:    166 | Train loss: 0.0424 | Valid loss: 0.0983 | Train acc: 0.9833 | Valid acc: 0.9612 | patience: 115 | Epoch time: 36.7 |

2023-01-27 16:13:07,437 - INFO -
| Epoch:    167 | Train loss: 0.0423 | Valid loss: 0.0971 | Train acc: 0.9824 | Valid acc: 0.9608 | patience: 116 | Epoch time: 36.7 |

2023-01-27 16:13:44,191 - INFO -
| Epoch:    168 | Train loss: 0.0439 | Valid loss: 0.0955 | Train acc: 0.9826 | Valid acc: 0.9628 | patience: 117 | Epoch time: 36.8 |

2023-01-27 16:14:21,031 - INFO -
| Epoch:    169 | Train loss: 0.0418 | Valid loss: 0.1004 | Train acc: 0.9824 | Valid acc: 0.9622 | patience: 118 | Epoch time: 36.8 |

2023-01-27 16:14:57,769 - INFO -
| Epoch:    170 | Train loss: 0.0416 | Valid loss: 0.0993 | Train acc: 0.9839 | Valid acc: 0.9601 | patience: 119 | Epoch time: 36.7 |

2023-01-27 16:15:34,475 - INFO -
| Epoch:    171 | Train loss: 0.0421 | Valid loss: 0.0989 | Train acc: 0.9833 | Valid acc: 0.9618 | patience: 120 | Epoch time: 36.7 |

2023-01-27 16:16:11,221 - INFO -
| Epoch:    172 | Train loss: 0.0426 | Valid loss: 0.0973 | Train acc: 0.9835 | Valid acc: 0.9619 | patience: 121 | Epoch time: 36.7 |

2023-01-27 16:16:47,988 - INFO -
| Epoch:    173 | Train loss: 0.0428 | Valid loss: 0.0981 | Train acc: 0.9825 | Valid acc: 0.9615 | patience: 122 | Epoch time: 36.8 |

2023-01-27 16:17:24,700 - INFO -
| Epoch:    174 | Train loss: 0.0425 | Valid loss: 0.0965 | Train acc: 0.9836 | Valid acc: 0.9616 | patience: 123 | Epoch time: 36.7 |

2023-01-27 16:18:01,424 - INFO -
| Epoch:    175 | Train loss: 0.0427 | Valid loss: 0.0983 | Train acc: 0.9833 | Valid acc: 0.9621 | patience: 124 | Epoch time: 36.7 |

2023-01-27 16:18:38,094 - INFO -
| Epoch:    176 | Train loss: 0.0431 | Valid loss: 0.0989 | Train acc: 0.9829 | Valid acc: 0.9624 | patience: 125 | Epoch time: 36.7 |

2023-01-27 16:19:14,793 - INFO -
| Epoch:    177 | Train loss: 0.0424 | Valid loss: 0.0965 | Train acc: 0.9830 | Valid acc: 0.9627 | patience: 126 | Epoch time: 36.7 |

2023-01-27 16:19:51,440 - INFO -
| Epoch:    178 | Train loss: 0.0427 | Valid loss: 0.0968 | Train acc: 0.9836 | Valid acc: 0.9624 | patience: 127 | Epoch time: 36.6 |

2023-01-27 16:20:28,134 - INFO -
| Epoch:    179 | Train loss: 0.0435 | Valid loss: 0.1009 | Train acc: 0.9826 | Valid acc: 0.9611 | patience: 128 | Epoch time: 36.7 |

2023-01-27 16:21:04,845 - INFO -
| Epoch:    180 | Train loss: 0.0410 | Valid loss: 0.0970 | Train acc: 0.9834 | Valid acc: 0.9616 | patience: 129 | Epoch time: 36.7 |

2023-01-27 16:21:41,553 - INFO -
| Epoch:    181 | Train loss: 0.0424 | Valid loss: 0.0973 | Train acc: 0.9831 | Valid acc: 0.9602 | patience: 130 | Epoch time: 36.7 |

2023-01-27 16:22:18,310 - INFO -
| Epoch:    182 | Train loss: 0.0427 | Valid loss: 0.0990 | Train acc: 0.9830 | Valid acc: 0.9614 | patience: 131 | Epoch time: 36.8 |

2023-01-27 16:22:55,001 - INFO -
| Epoch:    183 | Train loss: 0.0427 | Valid loss: 0.0996 | Train acc: 0.9835 | Valid acc: 0.9620 | patience: 132 | Epoch time: 36.7 |

2023-01-27 16:23:31,729 - INFO -
| Epoch:    184 | Train loss: 0.0417 | Valid loss: 0.0970 | Train acc: 0.9830 | Valid acc: 0.9624 | patience: 133 | Epoch time: 36.7 |

2023-01-27 16:24:08,432 - INFO -
| Epoch:    185 | Train loss: 0.0422 | Valid loss: 0.0973 | Train acc: 0.9836 | Valid acc: 0.9606 | patience: 134 | Epoch time: 36.7 |

2023-01-27 16:24:45,159 - INFO -
| Epoch:    186 | Train loss: 0.0408 | Valid loss: 0.0986 | Train acc: 0.9845 | Valid acc: 0.9631 | patience: 135 | Epoch time: 36.7 |

2023-01-27 16:25:21,898 - INFO -
| Epoch:    187 | Train loss: 0.0424 | Valid loss: 0.0973 | Train acc: 0.9827 | Valid acc: 0.9628 | patience: 136 | Epoch time: 36.7 |

2023-01-27 16:25:58,528 - INFO -
| Epoch:    188 | Train loss: 0.0426 | Valid loss: 0.0950 | Train acc: 0.9833 | Valid acc: 0.9636 | patience: 137 | Epoch time: 36.6 |

2023-01-27 16:26:35,279 - INFO -
| Epoch:    189 | Train loss: 0.0425 | Valid loss: 0.0972 | Train acc: 0.9833 | Valid acc: 0.9631 | patience: 138 | Epoch time: 36.8 |

2023-01-27 16:27:12,003 - INFO -
| Epoch:    190 | Train loss: 0.0430 | Valid loss: 0.0971 | Train acc: 0.9828 | Valid acc: 0.9633 | patience: 139 | Epoch time: 36.7 |

2023-01-27 16:27:48,720 - INFO -
| Epoch:    191 | Train loss: 0.0439 | Valid loss: 0.0977 | Train acc: 0.9828 | Valid acc: 0.9611 | patience: 140 | Epoch time: 36.7 |

2023-01-27 16:28:25,513 - INFO -
| Epoch:    192 | Train loss: 0.0424 | Valid loss: 0.0978 | Train acc: 0.9838 | Valid acc: 0.9612 | patience: 141 | Epoch time: 36.8 |

2023-01-27 16:29:02,249 - INFO -
| Epoch:    193 | Train loss: 0.0419 | Valid loss: 0.0999 | Train acc: 0.9838 | Valid acc: 0.9621 | patience: 142 | Epoch time: 36.7 |

2023-01-27 16:29:38,999 - INFO -
| Epoch:    194 | Train loss: 0.0411 | Valid loss: 0.1004 | Train acc: 0.9834 | Valid acc: 0.9598 | patience: 143 | Epoch time: 36.7 |

2023-01-27 16:30:15,713 - INFO -
| Epoch:    195 | Train loss: 0.0428 | Valid loss: 0.1011 | Train acc: 0.9838 | Valid acc: 0.9604 | patience: 144 | Epoch time: 36.7 |

2023-01-27 16:30:52,370 - INFO -
| Epoch:    196 | Train loss: 0.0423 | Valid loss: 0.0993 | Train acc: 0.9827 | Valid acc: 0.9605 | patience: 145 | Epoch time: 36.7 |

2023-01-27 16:31:29,117 - INFO -
| Epoch:    197 | Train loss: 0.0426 | Valid loss: 0.0968 | Train acc: 0.9836 | Valid acc: 0.9620 | patience: 146 | Epoch time: 36.7 |

2023-01-27 16:32:05,885 - INFO -
| Epoch:    198 | Train loss: 0.0424 | Valid loss: 0.0967 | Train acc: 0.9830 | Valid acc: 0.9606 | patience: 147 | Epoch time: 36.8 |

2023-01-27 16:32:42,583 - INFO -
| Epoch:    199 | Train loss: 0.0427 | Valid loss: 0.0956 | Train acc: 0.9831 | Valid acc: 0.9618 | patience: 148 | Epoch time: 36.7 |

2023-01-27 16:33:19,310 - INFO -
| Epoch:    200 | Train loss: 0.0422 | Valid loss: 0.0963 | Train acc: 0.9823 | Valid acc: 0.9625 | patience: 149 | Epoch time: 36.7 |

2023-01-27 16:33:56,040 - INFO -
| Epoch:    201 | Train loss: 0.0425 | Valid loss: 0.0973 | Train acc: 0.9836 | Valid acc: 0.9631 | patience: 150 | Epoch time: 36.7 |

2023-01-27 16:34:32,738 - INFO -
| Epoch:    202 | Train loss: 0.0427 | Valid loss: 0.0953 | Train acc: 0.9836 | Valid acc: 0.9631 | patience: 151 | Epoch time: 36.7 |

2023-01-27 16:35:09,427 - INFO -
| Epoch:    203 | Train loss: 0.0420 | Valid loss: 0.0953 | Train acc: 0.9835 | Valid acc: 0.9623 | patience: 152 | Epoch time: 36.7 |

2023-01-27 16:35:46,149 - INFO -
| Epoch:    204 | Train loss: 0.0416 | Valid loss: 0.0962 | Train acc: 0.9837 | Valid acc: 0.9621 | patience: 153 | Epoch time: 36.7 |

2023-01-27 16:36:22,881 - INFO -
| Epoch:    205 | Train loss: 0.0415 | Valid loss: 0.0955 | Train acc: 0.9828 | Valid acc: 0.9621 | patience: 154 | Epoch time: 36.7 |

2023-01-27 16:36:59,634 - INFO -
| Epoch:    206 | Train loss: 0.0416 | Valid loss: 0.0959 | Train acc: 0.9841 | Valid acc: 0.9622 | patience: 155 | Epoch time: 36.8 |

2023-01-27 16:37:36,375 - INFO -
| Epoch:    207 | Train loss: 0.0400 | Valid loss: 0.0968 | Train acc: 0.9841 | Valid acc: 0.9627 | patience: 156 | Epoch time: 36.7 |

2023-01-27 16:38:13,221 - INFO -
| Epoch:    208 | Train loss: 0.0411 | Valid loss: 0.1001 | Train acc: 0.9835 | Valid acc: 0.9615 | patience: 157 | Epoch time: 36.8 |

2023-01-27 16:38:50,027 - INFO -
| Epoch:    209 | Train loss: 0.0415 | Valid loss: 0.0974 | Train acc: 0.9843 | Valid acc: 0.9615 | patience: 158 | Epoch time: 36.8 |

2023-01-27 16:39:26,787 - INFO -
| Epoch:    210 | Train loss: 0.0420 | Valid loss: 0.0963 | Train acc: 0.9831 | Valid acc: 0.9620 | patience: 159 | Epoch time: 36.8 |

2023-01-27 16:40:03,520 - INFO -
| Epoch:    211 | Train loss: 0.0418 | Valid loss: 0.0977 | Train acc: 0.9838 | Valid acc: 0.9622 | patience: 160 | Epoch time: 36.7 |

2023-01-27 16:40:40,282 - INFO -
| Epoch:    212 | Train loss: 0.0413 | Valid loss: 0.0989 | Train acc: 0.9834 | Valid acc: 0.9613 | patience: 161 | Epoch time: 36.8 |

2023-01-27 16:41:17,010 - INFO -
| Epoch:    213 | Train loss: 0.0403 | Valid loss: 0.0982 | Train acc: 0.9842 | Valid acc: 0.9622 | patience: 162 | Epoch time: 36.7 |

2023-01-27 16:41:53,778 - INFO -
| Epoch:    214 | Train loss: 0.0420 | Valid loss: 0.0964 | Train acc: 0.9839 | Valid acc: 0.9604 | patience: 163 | Epoch time: 36.8 |

2023-01-27 16:42:30,528 - INFO -
| Epoch:    215 | Train loss: 0.0416 | Valid loss: 0.0957 | Train acc: 0.9840 | Valid acc: 0.9627 | patience: 164 | Epoch time: 36.7 |

2023-01-27 16:43:07,279 - INFO -
| Epoch:    216 | Train loss: 0.0423 | Valid loss: 0.0991 | Train acc: 0.9839 | Valid acc: 0.9624 | patience: 165 | Epoch time: 36.8 |

2023-01-27 16:43:44,006 - INFO -
| Epoch:    217 | Train loss: 0.0427 | Valid loss: 0.0954 | Train acc: 0.9843 | Valid acc: 0.9626 | patience: 166 | Epoch time: 36.7 |

2023-01-27 16:44:20,749 - INFO -
| Epoch:    218 | Train loss: 0.0410 | Valid loss: 0.0971 | Train acc: 0.9828 | Valid acc: 0.9632 | patience: 167 | Epoch time: 36.7 |

2023-01-27 16:44:57,523 - INFO -
| Epoch:    219 | Train loss: 0.0415 | Valid loss: 0.0988 | Train acc: 0.9839 | Valid acc: 0.9618 | patience: 168 | Epoch time: 36.8 |

2023-01-27 16:45:34,296 - INFO -
| Epoch:    220 | Train loss: 0.0405 | Valid loss: 0.0966 | Train acc: 0.9843 | Valid acc: 0.9625 | patience: 169 | Epoch time: 36.8 |

2023-01-27 16:46:11,056 - INFO -
| Epoch:    221 | Train loss: 0.0413 | Valid loss: 0.0953 | Train acc: 0.9832 | Valid acc: 0.9632 | patience: 170 | Epoch time: 36.8 |

2023-01-27 16:46:47,727 - INFO -
| Epoch:    222 | Train loss: 0.0416 | Valid loss: 0.0959 | Train acc: 0.9842 | Valid acc: 0.9627 | patience: 171 | Epoch time: 36.7 |

2023-01-27 16:47:24,694 - INFO -
| Epoch:    223 | Train loss: 0.0405 | Valid loss: 0.0986 | Train acc: 0.9840 | Valid acc: 0.9623 | patience: 172 | Epoch time: 37.0 |

2023-01-27 16:48:01,439 - INFO -
| Epoch:    224 | Train loss: 0.0419 | Valid loss: 0.0951 | Train acc: 0.9837 | Valid acc: 0.9630 | patience: 173 | Epoch time: 36.7 |

2023-01-27 16:48:38,269 - INFO -
| Epoch:    225 | Train loss: 0.0413 | Valid loss: 0.0961 | Train acc: 0.9836 | Valid acc: 0.9630 | patience: 174 | Epoch time: 36.8 |

2023-01-27 16:49:15,007 - INFO -
| Epoch:    226 | Train loss: 0.0412 | Valid loss: 0.0953 | Train acc: 0.9841 | Valid acc: 0.9629 | patience: 175 | Epoch time: 36.7 |

2023-01-27 16:49:51,751 - INFO -
| Epoch:    227 | Train loss: 0.0413 | Valid loss: 0.0969 | Train acc: 0.9842 | Valid acc: 0.9627 | patience: 176 | Epoch time: 36.7 |

2023-01-27 16:50:28,519 - INFO -
| Epoch:    228 | Train loss: 0.0410 | Valid loss: 0.0952 | Train acc: 0.9840 | Valid acc: 0.9618 | patience: 177 | Epoch time: 36.8 |

2023-01-27 16:51:05,288 - INFO -
| Epoch:    229 | Train loss: 0.0426 | Valid loss: 0.0958 | Train acc: 0.9837 | Valid acc: 0.9624 | patience: 178 | Epoch time: 36.8 |

2023-01-27 16:51:41,971 - INFO -
| Epoch:    230 | Train loss: 0.0421 | Valid loss: 0.0985 | Train acc: 0.9838 | Valid acc: 0.9617 | patience: 179 | Epoch time: 36.7 |

2023-01-27 16:52:18,759 - INFO -
| Epoch:    231 | Train loss: 0.0420 | Valid loss: 0.0977 | Train acc: 0.9840 | Valid acc: 0.9614 | patience: 180 | Epoch time: 36.8 |

2023-01-27 16:52:55,490 - INFO -
| Epoch:    232 | Train loss: 0.0414 | Valid loss: 0.0978 | Train acc: 0.9844 | Valid acc: 0.9628 | patience: 181 | Epoch time: 36.7 |

2023-01-27 16:53:32,329 - INFO -
| Epoch:    233 | Train loss: 0.0402 | Valid loss: 0.0978 | Train acc: 0.9844 | Valid acc: 0.9624 | patience: 182 | Epoch time: 36.8 |

2023-01-27 16:54:09,108 - INFO -
| Epoch:    234 | Train loss: 0.0417 | Valid loss: 0.0992 | Train acc: 0.9845 | Valid acc: 0.9623 | patience: 183 | Epoch time: 36.8 |

2023-01-27 16:54:45,785 - INFO -
| Epoch:    235 | Train loss: 0.0412 | Valid loss: 0.0966 | Train acc: 0.9840 | Valid acc: 0.9627 | patience: 184 | Epoch time: 36.7 |

2023-01-27 16:55:22,546 - INFO -
| Epoch:    236 | Train loss: 0.0421 | Valid loss: 0.0970 | Train acc: 0.9835 | Valid acc: 0.9626 | patience: 185 | Epoch time: 36.8 |

2023-01-27 16:55:59,225 - INFO -
| Epoch:    237 | Train loss: 0.0426 | Valid loss: 0.0994 | Train acc: 0.9838 | Valid acc: 0.9621 | patience: 186 | Epoch time: 36.7 |

2023-01-27 16:56:35,881 - INFO -
| Epoch:    238 | Train loss: 0.0418 | Valid loss: 0.0976 | Train acc: 0.9843 | Valid acc: 0.9628 | patience: 187 | Epoch time: 36.7 |

2023-01-27 16:57:12,647 - INFO -
| Epoch:    239 | Train loss: 0.0394 | Valid loss: 0.0975 | Train acc: 0.9842 | Valid acc: 0.9617 | patience: 188 | Epoch time: 36.8 |

2023-01-27 16:57:49,342 - INFO -
| Epoch:    240 | Train loss: 0.0416 | Valid loss: 0.0969 | Train acc: 0.9840 | Valid acc: 0.9627 | patience: 189 | Epoch time: 36.7 |

2023-01-27 16:58:26,136 - INFO -
| Epoch:    241 | Train loss: 0.0413 | Valid loss: 0.0970 | Train acc: 0.9843 | Valid acc: 0.9624 | patience: 190 | Epoch time: 36.8 |

2023-01-27 16:59:02,824 - INFO -
| Epoch:    242 | Train loss: 0.0424 | Valid loss: 0.0960 | Train acc: 0.9835 | Valid acc: 0.9627 | patience: 191 | Epoch time: 36.7 |

2023-01-27 16:59:39,505 - INFO -
| Epoch:    243 | Train loss: 0.0409 | Valid loss: 0.0947 | Train acc: 0.9835 | Valid acc: 0.9625 | patience: 192 | Epoch time: 36.7 |

2023-01-27 17:00:16,267 - INFO -
| Epoch:    244 | Train loss: 0.0409 | Valid loss: 0.0947 | Train acc: 0.9828 | Valid acc: 0.9637 | patience: 193 | Epoch time: 36.8 |

2023-01-27 17:00:53,029 - INFO -
| Epoch:    245 | Train loss: 0.0407 | Valid loss: 0.0970 | Train acc: 0.9842 | Valid acc: 0.9629 | patience: 194 | Epoch time: 36.8 |

2023-01-27 17:01:29,790 - INFO -
| Epoch:    246 | Train loss: 0.0416 | Valid loss: 0.0956 | Train acc: 0.9826 | Valid acc: 0.9623 | patience: 195 | Epoch time: 36.8 |

2023-01-27 17:02:06,551 - INFO -
| Epoch:    247 | Train loss: 0.0407 | Valid loss: 0.0963 | Train acc: 0.9843 | Valid acc: 0.9622 | patience: 196 | Epoch time: 36.8 |

2023-01-27 17:02:43,293 - INFO -
| Epoch:    248 | Train loss: 0.0410 | Valid loss: 0.0979 | Train acc: 0.9846 | Valid acc: 0.9609 | patience: 197 | Epoch time: 36.7 |

2023-01-27 17:03:20,034 - INFO -
| Epoch:    249 | Train loss: 0.0413 | Valid loss: 0.0976 | Train acc: 0.9837 | Valid acc: 0.9617 | patience: 198 | Epoch time: 36.7 |

2023-01-27 17:03:56,715 - INFO -
| Epoch:    250 | Train loss: 0.0408 | Valid loss: 0.1011 | Train acc: 0.9835 | Valid acc: 0.9613 | patience: 199 | Epoch time: 36.7 |

2023-01-27 17:04:33,475 - INFO -
| Epoch:    251 | Train loss: 0.0416 | Valid loss: 0.0992 | Train acc: 0.9835 | Valid acc: 0.9606 | patience: 200 | Epoch time: 36.8 |

2023-01-27 17:05:10,276 - INFO -
| Epoch:    252 | Train loss: 0.0416 | Valid loss: 0.0961 | Train acc: 0.9838 | Valid acc: 0.9604 | patience: 201 | Epoch time: 36.8 |

2023-01-27 17:05:46,978 - INFO -
| Epoch:    253 | Train loss: 0.0412 | Valid loss: 0.0988 | Train acc: 0.9840 | Valid acc: 0.9621 | patience: 202 | Epoch time: 36.7 |

2023-01-27 17:06:23,747 - INFO -
| Epoch:    254 | Train loss: 0.0408 | Valid loss: 0.0951 | Train acc: 0.9844 | Valid acc: 0.9630 | patience: 203 | Epoch time: 36.8 |

2023-01-27 17:07:00,434 - INFO -
| Epoch:    255 | Train loss: 0.0420 | Valid loss: 0.0961 | Train acc: 0.9842 | Valid acc: 0.9627 | patience: 204 | Epoch time: 36.7 |

2023-01-27 17:07:37,104 - INFO -
| Epoch:    256 | Train loss: 0.0422 | Valid loss: 0.0989 | Train acc: 0.9829 | Valid acc: 0.9631 | patience: 205 | Epoch time: 36.7 |

2023-01-27 17:08:13,764 - INFO -
| Epoch:    257 | Train loss: 0.0416 | Valid loss: 0.0973 | Train acc: 0.9845 | Valid acc: 0.9625 | patience: 206 | Epoch time: 36.7 |

2023-01-27 17:08:50,425 - INFO -
| Epoch:    258 | Train loss: 0.0398 | Valid loss: 0.0991 | Train acc: 0.9839 | Valid acc: 0.9627 | patience: 207 | Epoch time: 36.7 |

2023-01-27 17:09:27,142 - INFO -
| Epoch:    259 | Train loss: 0.0403 | Valid loss: 0.0989 | Train acc: 0.9838 | Valid acc: 0.9624 | patience: 208 | Epoch time: 36.7 |

2023-01-27 17:10:03,865 - INFO -
| Epoch:    260 | Train loss: 0.0414 | Valid loss: 0.0959 | Train acc: 0.9843 | Valid acc: 0.9624 | patience: 209 | Epoch time: 36.7 |

2023-01-27 17:10:40,542 - INFO -
| Epoch:    261 | Train loss: 0.0417 | Valid loss: 0.0986 | Train acc: 0.9834 | Valid acc: 0.9621 | patience: 210 | Epoch time: 36.7 |

2023-01-27 17:11:17,214 - INFO -
| Epoch:    262 | Train loss: 0.0413 | Valid loss: 0.0981 | Train acc: 0.9839 | Valid acc: 0.9629 | patience: 211 | Epoch time: 36.7 |

2023-01-27 17:11:53,904 - INFO -
| Epoch:    263 | Train loss: 0.0401 | Valid loss: 0.0975 | Train acc: 0.9848 | Valid acc: 0.9619 | patience: 212 | Epoch time: 36.7 |

2023-01-27 17:12:30,606 - INFO -
| Epoch:    264 | Train loss: 0.0403 | Valid loss: 0.0971 | Train acc: 0.9838 | Valid acc: 0.9634 | patience: 213 | Epoch time: 36.7 |

2023-01-27 17:13:07,326 - INFO -
| Epoch:    265 | Train loss: 0.0408 | Valid loss: 0.0965 | Train acc: 0.9833 | Valid acc: 0.9631 | patience: 214 | Epoch time: 36.7 |

2023-01-27 17:13:44,020 - INFO -
| Epoch:    266 | Train loss: 0.0404 | Valid loss: 0.0961 | Train acc: 0.9842 | Valid acc: 0.9629 | patience: 215 | Epoch time: 36.7 |

2023-01-27 17:14:20,762 - INFO -
| Epoch:    267 | Train loss: 0.0407 | Valid loss: 0.0971 | Train acc: 0.9844 | Valid acc: 0.9628 | patience: 216 | Epoch time: 36.7 |

2023-01-27 17:14:57,582 - INFO -
| Epoch:    268 | Train loss: 0.0414 | Valid loss: 0.0977 | Train acc: 0.9838 | Valid acc: 0.9621 | patience: 217 | Epoch time: 36.8 |

2023-01-27 17:15:34,276 - INFO -
| Epoch:    269 | Train loss: 0.0410 | Valid loss: 0.0981 | Train acc: 0.9840 | Valid acc: 0.9624 | patience: 218 | Epoch time: 36.7 |

2023-01-27 17:16:10,974 - INFO -
| Epoch:    270 | Train loss: 0.0417 | Valid loss: 0.0991 | Train acc: 0.9830 | Valid acc: 0.9619 | patience: 219 | Epoch time: 36.7 |

2023-01-27 17:16:47,661 - INFO -
| Epoch:    271 | Train loss: 0.0415 | Valid loss: 0.0956 | Train acc: 0.9838 | Valid acc: 0.9625 | patience: 220 | Epoch time: 36.7 |

2023-01-27 17:17:24,382 - INFO -
| Epoch:    272 | Train loss: 0.0410 | Valid loss: 0.0959 | Train acc: 0.9833 | Valid acc: 0.9626 | patience: 221 | Epoch time: 36.7 |

2023-01-27 17:18:01,066 - INFO -
| Epoch:    273 | Train loss: 0.0399 | Valid loss: 0.0978 | Train acc: 0.9845 | Valid acc: 0.9626 | patience: 222 | Epoch time: 36.7 |

2023-01-27 17:18:37,766 - INFO -
| Epoch:    274 | Train loss: 0.0409 | Valid loss: 0.0961 | Train acc: 0.9841 | Valid acc: 0.9626 | patience: 223 | Epoch time: 36.7 |

2023-01-27 17:19:14,489 - INFO -
| Epoch:    275 | Train loss: 0.0415 | Valid loss: 0.0951 | Train acc: 0.9847 | Valid acc: 0.9634 | patience: 224 | Epoch time: 36.7 |

2023-01-27 17:19:51,164 - INFO -
| Epoch:    276 | Train loss: 0.0398 | Valid loss: 0.0954 | Train acc: 0.9848 | Valid acc: 0.9630 | patience: 225 | Epoch time: 36.7 |

2023-01-27 17:20:27,869 - INFO -
| Epoch:    277 | Train loss: 0.0421 | Valid loss: 0.0954 | Train acc: 0.9834 | Valid acc: 0.9629 | patience: 226 | Epoch time: 36.7 |

2023-01-27 17:21:04,537 - INFO -
| Epoch:    278 | Train loss: 0.0423 | Valid loss: 0.0962 | Train acc: 0.9845 | Valid acc: 0.9627 | patience: 227 | Epoch time: 36.7 |

2023-01-27 17:21:41,281 - INFO -
| Epoch:    279 | Train loss: 0.0403 | Valid loss: 0.0969 | Train acc: 0.9844 | Valid acc: 0.9625 | patience: 228 | Epoch time: 36.7 |

2023-01-27 17:22:18,024 - INFO -
| Epoch:    280 | Train loss: 0.0413 | Valid loss: 0.0973 | Train acc: 0.9846 | Valid acc: 0.9609 | patience: 229 | Epoch time: 36.7 |

2023-01-27 17:22:54,710 - INFO -
| Epoch:    281 | Train loss: 0.0423 | Valid loss: 0.0986 | Train acc: 0.9838 | Valid acc: 0.9612 | patience: 230 | Epoch time: 36.7 |

2023-01-27 17:23:31,398 - INFO -
| Epoch:    282 | Train loss: 0.0420 | Valid loss: 0.1012 | Train acc: 0.9836 | Valid acc: 0.9618 | patience: 231 | Epoch time: 36.7 |

2023-01-27 17:24:08,081 - INFO -
| Epoch:    283 | Train loss: 0.0414 | Valid loss: 0.0982 | Train acc: 0.9836 | Valid acc: 0.9622 | patience: 232 | Epoch time: 36.7 |

2023-01-27 17:24:44,734 - INFO -
| Epoch:    284 | Train loss: 0.0411 | Valid loss: 0.0970 | Train acc: 0.9844 | Valid acc: 0.9626 | patience: 233 | Epoch time: 36.6 |

2023-01-27 17:25:21,418 - INFO -
| Epoch:    285 | Train loss: 0.0399 | Valid loss: 0.0952 | Train acc: 0.9836 | Valid acc: 0.9632 | patience: 234 | Epoch time: 36.7 |

2023-01-27 17:25:58,103 - INFO -
| Epoch:    286 | Train loss: 0.0433 | Valid loss: 0.0955 | Train acc: 0.9849 | Valid acc: 0.9618 | patience: 235 | Epoch time: 36.7 |

2023-01-27 17:26:34,800 - INFO -
| Epoch:    287 | Train loss: 0.0408 | Valid loss: 0.0970 | Train acc: 0.9839 | Valid acc: 0.9631 | patience: 236 | Epoch time: 36.7 |

2023-01-27 17:27:11,523 - INFO -
| Epoch:    288 | Train loss: 0.0408 | Valid loss: 0.0959 | Train acc: 0.9847 | Valid acc: 0.9633 | patience: 237 | Epoch time: 36.7 |

2023-01-27 17:27:48,275 - INFO -
| Epoch:    289 | Train loss: 0.0404 | Valid loss: 0.0937 | Train acc: 0.9845 | Valid acc: 0.9628 | patience: 238 | Epoch time: 36.8 |

2023-01-27 17:28:25,004 - INFO -
| Epoch:    290 | Train loss: 0.0407 | Valid loss: 0.0963 | Train acc: 0.9845 | Valid acc: 0.9625 | patience: 239 | Epoch time: 36.7 |

2023-01-27 17:29:01,675 - INFO -
| Epoch:    291 | Train loss: 0.0405 | Valid loss: 0.0977 | Train acc: 0.9847 | Valid acc: 0.9627 | patience: 240 | Epoch time: 36.7 |

2023-01-27 17:29:38,338 - INFO -
| Epoch:    292 | Train loss: 0.0405 | Valid loss: 0.0981 | Train acc: 0.9845 | Valid acc: 0.9626 | patience: 241 | Epoch time: 36.7 |

2023-01-27 17:30:15,006 - INFO -
| Epoch:    293 | Train loss: 0.0403 | Valid loss: 0.0962 | Train acc: 0.9841 | Valid acc: 0.9609 | patience: 242 | Epoch time: 36.7 |

2023-01-27 17:30:51,703 - INFO -
| Epoch:    294 | Train loss: 0.0407 | Valid loss: 0.0970 | Train acc: 0.9840 | Valid acc: 0.9619 | patience: 243 | Epoch time: 36.7 |

2023-01-27 17:31:28,380 - INFO -
| Epoch:    295 | Train loss: 0.0423 | Valid loss: 0.0968 | Train acc: 0.9836 | Valid acc: 0.9616 | patience: 244 | Epoch time: 36.7 |

2023-01-27 17:32:05,041 - INFO -
| Epoch:    296 | Train loss: 0.0406 | Valid loss: 0.0979 | Train acc: 0.9848 | Valid acc: 0.9621 | patience: 245 | Epoch time: 36.7 |

2023-01-27 17:32:41,696 - INFO -
| Epoch:    297 | Train loss: 0.0400 | Valid loss: 0.0974 | Train acc: 0.9840 | Valid acc: 0.9632 | patience: 246 | Epoch time: 36.7 |

2023-01-27 17:33:18,369 - INFO -
| Epoch:    298 | Train loss: 0.0404 | Valid loss: 0.0969 | Train acc: 0.9842 | Valid acc: 0.9619 | patience: 247 | Epoch time: 36.7 |

2023-01-27 17:33:55,089 - INFO -
| Epoch:    299 | Train loss: 0.0395 | Valid loss: 0.0948 | Train acc: 0.9839 | Valid acc: 0.9626 | patience: 248 | Epoch time: 36.7 |

2023-01-27 17:34:31,790 - INFO -
| Epoch:    300 | Train loss: 0.0406 | Valid loss: 0.0941 | Train acc: 0.9844 | Valid acc: 0.9632 | patience: 249 | Epoch time: 36.7 |

2023-01-27 17:35:08,477 - INFO -
| Epoch:    301 | Train loss: 0.0407 | Valid loss: 0.0946 | Train acc: 0.9848 | Valid acc: 0.9637 | patience: 250 | Epoch time: 36.7 |

2023-01-27 17:35:45,154 - INFO -
| Epoch:    302 | Train loss: 0.0404 | Valid loss: 0.0962 | Train acc: 0.9840 | Valid acc: 0.9625 | patience: 251 | Epoch time: 36.7 |

2023-01-27 17:36:21,854 - INFO -
| Epoch:    303 | Train loss: 0.0407 | Valid loss: 0.0962 | Train acc: 0.9849 | Valid acc: 0.9623 | patience: 252 | Epoch time: 36.7 |

2023-01-27 17:36:58,539 - INFO -
| Epoch:    304 | Train loss: 0.0410 | Valid loss: 0.0956 | Train acc: 0.9843 | Valid acc: 0.9622 | patience: 253 | Epoch time: 36.7 |

2023-01-27 17:37:35,228 - INFO -
| Epoch:    305 | Train loss: 0.0403 | Valid loss: 0.0978 | Train acc: 0.9848 | Valid acc: 0.9620 | patience: 254 | Epoch time: 36.7 |

2023-01-27 17:38:11,889 - INFO -
| Epoch:    306 | Train loss: 0.0400 | Valid loss: 0.0976 | Train acc: 0.9832 | Valid acc: 0.9627 | patience: 255 | Epoch time: 36.7 |

2023-01-27 17:38:48,598 - INFO -
| Epoch:    307 | Train loss: 0.0413 | Valid loss: 0.0986 | Train acc: 0.9841 | Valid acc: 0.9625 | patience: 256 | Epoch time: 36.7 |

2023-01-27 17:39:25,273 - INFO -
| Epoch:    308 | Train loss: 0.0404 | Valid loss: 0.0968 | Train acc: 0.9842 | Valid acc: 0.9612 | patience: 257 | Epoch time: 36.7 |

2023-01-27 17:40:01,962 - INFO -
| Epoch:    309 | Train loss: 0.0398 | Valid loss: 0.0977 | Train acc: 0.9847 | Valid acc: 0.9618 | patience: 258 | Epoch time: 36.7 |

2023-01-27 17:40:38,654 - INFO -
| Epoch:    310 | Train loss: 0.0404 | Valid loss: 0.0980 | Train acc: 0.9844 | Valid acc: 0.9606 | patience: 259 | Epoch time: 36.7 |

2023-01-27 17:41:15,357 - INFO -
| Epoch:    311 | Train loss: 0.0404 | Valid loss: 0.0983 | Train acc: 0.9846 | Valid acc: 0.9622 | patience: 260 | Epoch time: 36.7 |

2023-01-27 17:41:52,068 - INFO -
| Epoch:    312 | Train loss: 0.0398 | Valid loss: 0.0989 | Train acc: 0.9846 | Valid acc: 0.9626 | patience: 261 | Epoch time: 36.7 |

2023-01-27 17:42:28,748 - INFO -
| Epoch:    313 | Train loss: 0.0410 | Valid loss: 0.0955 | Train acc: 0.9842 | Valid acc: 0.9628 | patience: 262 | Epoch time: 36.7 |

2023-01-27 17:43:05,447 - INFO -
| Epoch:    314 | Train loss: 0.0399 | Valid loss: 0.0966 | Train acc: 0.9847 | Valid acc: 0.9631 | patience: 263 | Epoch time: 36.7 |

2023-01-27 17:43:42,389 - INFO -
| Epoch:    315 | Train loss: 0.0404 | Valid loss: 0.0959 | Train acc: 0.9842 | Valid acc: 0.9629 | patience: 264 | Epoch time: 36.9 |

2023-01-27 17:44:19,128 - INFO -
| Epoch:    316 | Train loss: 0.0397 | Valid loss: 0.0958 | Train acc: 0.9845 | Valid acc: 0.9634 | patience: 265 | Epoch time: 36.7 |

2023-01-27 17:44:55,805 - INFO -
| Epoch:    317 | Train loss: 0.0409 | Valid loss: 0.0966 | Train acc: 0.9844 | Valid acc: 0.9625 | patience: 266 | Epoch time: 36.7 |

2023-01-27 17:45:32,466 - INFO -
| Epoch:    318 | Train loss: 0.0398 | Valid loss: 0.0964 | Train acc: 0.9841 | Valid acc: 0.9634 | patience: 267 | Epoch time: 36.7 |

2023-01-27 17:46:09,136 - INFO -
| Epoch:    319 | Train loss: 0.0397 | Valid loss: 0.0956 | Train acc: 0.9846 | Valid acc: 0.9620 | patience: 268 | Epoch time: 36.7 |

2023-01-27 17:46:45,771 - INFO -
| Epoch:    320 | Train loss: 0.0396 | Valid loss: 0.0982 | Train acc: 0.9846 | Valid acc: 0.9628 | patience: 269 | Epoch time: 36.6 |

2023-01-27 17:47:22,396 - INFO -
| Epoch:    321 | Train loss: 0.0395 | Valid loss: 0.0965 | Train acc: 0.9841 | Valid acc: 0.9617 | patience: 270 | Epoch time: 36.6 |

2023-01-27 17:47:59,037 - INFO -
| Epoch:    322 | Train loss: 0.0398 | Valid loss: 0.0981 | Train acc: 0.9843 | Valid acc: 0.9634 | patience: 271 | Epoch time: 36.6 |

2023-01-27 17:48:35,704 - INFO -
| Epoch:    323 | Train loss: 0.0405 | Valid loss: 0.0966 | Train acc: 0.9844 | Valid acc: 0.9633 | patience: 272 | Epoch time: 36.7 |

2023-01-27 17:49:12,365 - INFO -
| Epoch:    324 | Train loss: 0.0397 | Valid loss: 0.0970 | Train acc: 0.9846 | Valid acc: 0.9631 | patience: 273 | Epoch time: 36.7 |

2023-01-27 17:49:48,996 - INFO -
| Epoch:    325 | Train loss: 0.0395 | Valid loss: 0.0959 | Train acc: 0.9832 | Valid acc: 0.9631 | patience: 274 | Epoch time: 36.6 |

2023-01-27 17:50:25,641 - INFO -
| Epoch:    326 | Train loss: 0.0400 | Valid loss: 0.0976 | Train acc: 0.9846 | Valid acc: 0.9617 | patience: 275 | Epoch time: 36.6 |

2023-01-27 17:51:02,330 - INFO -
| Epoch:    327 | Train loss: 0.0396 | Valid loss: 0.0963 | Train acc: 0.9850 | Valid acc: 0.9634 | patience: 276 | Epoch time: 36.7 |

2023-01-27 17:51:39,103 - INFO -
| Epoch:    328 | Train loss: 0.0397 | Valid loss: 0.0965 | Train acc: 0.9837 | Valid acc: 0.9632 | patience: 277 | Epoch time: 36.8 |

2023-01-27 17:52:15,859 - INFO -
| Epoch:    329 | Train loss: 0.0403 | Valid loss: 0.0962 | Train acc: 0.9847 | Valid acc: 0.9627 | patience: 278 | Epoch time: 36.8 |

2023-01-27 17:52:52,551 - INFO -
| Epoch:    330 | Train loss: 0.0398 | Valid loss: 0.0970 | Train acc: 0.9848 | Valid acc: 0.9626 | patience: 279 | Epoch time: 36.7 |

2023-01-27 17:53:29,345 - INFO -
| Epoch:    331 | Train loss: 0.0411 | Valid loss: 0.0963 | Train acc: 0.9847 | Valid acc: 0.9627 | patience: 280 | Epoch time: 36.8 |

2023-01-27 17:54:06,056 - INFO -
| Epoch:    332 | Train loss: 0.0399 | Valid loss: 0.0971 | Train acc: 0.9844 | Valid acc: 0.9619 | patience: 281 | Epoch time: 36.7 |

2023-01-27 17:54:42,717 - INFO -
| Epoch:    333 | Train loss: 0.0400 | Valid loss: 0.0985 | Train acc: 0.9845 | Valid acc: 0.9626 | patience: 282 | Epoch time: 36.7 |

2023-01-27 17:55:19,397 - INFO -
| Epoch:    334 | Train loss: 0.0408 | Valid loss: 0.0998 | Train acc: 0.9843 | Valid acc: 0.9612 | patience: 283 | Epoch time: 36.7 |

2023-01-27 17:55:56,050 - INFO -
| Epoch:    335 | Train loss: 0.0400 | Valid loss: 0.0963 | Train acc: 0.9844 | Valid acc: 0.9622 | patience: 284 | Epoch time: 36.7 |

2023-01-27 17:56:32,685 - INFO -
| Epoch:    336 | Train loss: 0.0405 | Valid loss: 0.0976 | Train acc: 0.9847 | Valid acc: 0.9628 | patience: 285 | Epoch time: 36.6 |

2023-01-27 17:57:09,343 - INFO -
| Epoch:    337 | Train loss: 0.0402 | Valid loss: 0.0953 | Train acc: 0.9844 | Valid acc: 0.9634 | patience: 286 | Epoch time: 36.7 |

2023-01-27 17:57:46,002 - INFO -
| Epoch:    338 | Train loss: 0.0403 | Valid loss: 0.0955 | Train acc: 0.9835 | Valid acc: 0.9629 | patience: 287 | Epoch time: 36.7 |

2023-01-27 17:58:22,628 - INFO -
| Epoch:    339 | Train loss: 0.0402 | Valid loss: 0.0966 | Train acc: 0.9841 | Valid acc: 0.9624 | patience: 288 | Epoch time: 36.6 |

2023-01-27 17:58:59,336 - INFO -
| Epoch:    340 | Train loss: 0.0407 | Valid loss: 0.0970 | Train acc: 0.9840 | Valid acc: 0.9635 | patience: 289 | Epoch time: 36.7 |

2023-01-27 17:59:35,982 - INFO -
| Epoch:    341 | Train loss: 0.0406 | Valid loss: 0.0962 | Train acc: 0.9847 | Valid acc: 0.9621 | patience: 290 | Epoch time: 36.6 |

2023-01-27 18:00:12,625 - INFO -
| Epoch:    342 | Train loss: 0.0406 | Valid loss: 0.1000 | Train acc: 0.9846 | Valid acc: 0.9616 | patience: 291 | Epoch time: 36.6 |

2023-01-27 18:00:49,312 - INFO -
| Epoch:    343 | Train loss: 0.0407 | Valid loss: 0.0985 | Train acc: 0.9842 | Valid acc: 0.9610 | patience: 292 | Epoch time: 36.7 |

2023-01-27 18:01:25,992 - INFO -
| Epoch:    344 | Train loss: 0.0396 | Valid loss: 0.1001 | Train acc: 0.9840 | Valid acc: 0.9600 | patience: 293 | Epoch time: 36.7 |

2023-01-27 18:02:02,626 - INFO -
| Epoch:    345 | Train loss: 0.0404 | Valid loss: 0.0982 | Train acc: 0.9842 | Valid acc: 0.9613 | patience: 294 | Epoch time: 36.6 |

2023-01-27 18:02:39,338 - INFO -
| Epoch:    346 | Train loss: 0.0406 | Valid loss: 0.0983 | Train acc: 0.9842 | Valid acc: 0.9615 | patience: 295 | Epoch time: 36.7 |

2023-01-27 18:03:15,977 - INFO -
| Epoch:    347 | Train loss: 0.0399 | Valid loss: 0.0963 | Train acc: 0.9847 | Valid acc: 0.9633 | patience: 296 | Epoch time: 36.6 |

2023-01-27 18:03:52,685 - INFO -
| Epoch:    348 | Train loss: 0.0393 | Valid loss: 0.0960 | Train acc: 0.9847 | Valid acc: 0.9634 | patience: 297 | Epoch time: 36.7 |

2023-01-27 18:04:29,477 - INFO -
| Epoch:    349 | Train loss: 0.0401 | Valid loss: 0.0959 | Train acc: 0.9845 | Valid acc: 0.9638 | patience: 298 | Epoch time: 36.8 |

2023-01-27 18:05:06,156 - INFO -
| Epoch:    350 | Train loss: 0.0392 | Valid loss: 0.0943 | Train acc: 0.9844 | Valid acc: 0.9632 | patience: 299 | Epoch time: 36.7 |

2023-01-27 18:05:42,831 - INFO -
| Epoch:    351 | Train loss: 0.0400 | Valid loss: 0.0947 | Train acc: 0.9840 | Valid acc: 0.9629 | patience: 300 | Epoch time: 36.7 |

2023-01-27 18:06:19,474 - INFO -
| Epoch:    352 | Train loss: 0.0397 | Valid loss: 0.0951 | Train acc: 0.9850 | Valid acc: 0.9632 | patience: 301 | Epoch time: 36.6 |

2023-01-27 18:06:56,200 - INFO -
| Epoch:    353 | Train loss: 0.0407 | Valid loss: 0.0953 | Train acc: 0.9846 | Valid acc: 0.9631 | patience: 302 | Epoch time: 36.7 |

2023-01-27 18:07:32,866 - INFO -
| Epoch:    354 | Train loss: 0.0402 | Valid loss: 0.0981 | Train acc: 0.9847 | Valid acc: 0.9628 | patience: 303 | Epoch time: 36.7 |

2023-01-27 18:08:09,541 - INFO -
| Epoch:    355 | Train loss: 0.0395 | Valid loss: 0.0961 | Train acc: 0.9843 | Valid acc: 0.9623 | patience: 304 | Epoch time: 36.7 |

2023-01-27 18:08:46,210 - INFO -
| Epoch:    356 | Train loss: 0.0403 | Valid loss: 0.0982 | Train acc: 0.9845 | Valid acc: 0.9605 | patience: 305 | Epoch time: 36.7 |

2023-01-27 18:09:22,925 - INFO -
| Epoch:    357 | Train loss: 0.0405 | Valid loss: 0.0961 | Train acc: 0.9841 | Valid acc: 0.9615 | patience: 306 | Epoch time: 36.7 |

2023-01-27 18:09:59,603 - INFO -
| Epoch:    358 | Train loss: 0.0410 | Valid loss: 0.0970 | Train acc: 0.9847 | Valid acc: 0.9623 | patience: 307 | Epoch time: 36.7 |

2023-01-27 18:10:36,252 - INFO -
| Epoch:    359 | Train loss: 0.0402 | Valid loss: 0.0970 | Train acc: 0.9841 | Valid acc: 0.9626 | patience: 308 | Epoch time: 36.6 |

2023-01-27 18:11:12,924 - INFO -
| Epoch:    360 | Train loss: 0.0413 | Valid loss: 0.0959 | Train acc: 0.9842 | Valid acc: 0.9634 | patience: 309 | Epoch time: 36.7 |

2023-01-27 18:11:49,607 - INFO -
| Epoch:    361 | Train loss: 0.0399 | Valid loss: 0.0964 | Train acc: 0.9846 | Valid acc: 0.9626 | patience: 310 | Epoch time: 36.7 |

2023-01-27 18:12:26,314 - INFO -
| Epoch:    362 | Train loss: 0.0407 | Valid loss: 0.0944 | Train acc: 0.9842 | Valid acc: 0.9635 | patience: 311 | Epoch time: 36.7 |

2023-01-27 18:13:02,994 - INFO -
| Epoch:    363 | Train loss: 0.0398 | Valid loss: 0.0956 | Train acc: 0.9847 | Valid acc: 0.9638 | patience: 312 | Epoch time: 36.7 |

2023-01-27 18:13:39,652 - INFO -
| Epoch:    364 | Train loss: 0.0405 | Valid loss: 0.0958 | Train acc: 0.9848 | Valid acc: 0.9634 | patience: 313 | Epoch time: 36.7 |

2023-01-27 18:14:16,275 - INFO -
| Epoch:    365 | Train loss: 0.0394 | Valid loss: 0.0958 | Train acc: 0.9848 | Valid acc: 0.9630 | patience: 314 | Epoch time: 36.6 |

2023-01-27 18:14:52,933 - INFO -
| Epoch:    366 | Train loss: 0.0415 | Valid loss: 0.0982 | Train acc: 0.9846 | Valid acc: 0.9621 | patience: 315 | Epoch time: 36.7 |

2023-01-27 18:15:29,649 - INFO -
| Epoch:    367 | Train loss: 0.0403 | Valid loss: 0.0990 | Train acc: 0.9845 | Valid acc: 0.9627 | patience: 316 | Epoch time: 36.7 |

2023-01-27 18:16:06,354 - INFO -
| Epoch:    368 | Train loss: 0.0404 | Valid loss: 0.0968 | Train acc: 0.9852 | Valid acc: 0.9629 | patience: 317 | Epoch time: 36.7 |

2023-01-27 18:16:42,996 - INFO -
| Epoch:    369 | Train loss: 0.0395 | Valid loss: 0.0985 | Train acc: 0.9843 | Valid acc: 0.9617 | patience: 318 | Epoch time: 36.6 |

2023-01-27 18:17:19,774 - INFO -
| Epoch:    370 | Train loss: 0.0396 | Valid loss: 0.0971 | Train acc: 0.9842 | Valid acc: 0.9623 | patience: 319 | Epoch time: 36.8 |

2023-01-27 18:17:56,440 - INFO -
| Epoch:    371 | Train loss: 0.0409 | Valid loss: 0.0963 | Train acc: 0.9848 | Valid acc: 0.9633 | patience: 320 | Epoch time: 36.7 |

2023-01-27 18:18:33,117 - INFO -
| Epoch:    372 | Train loss: 0.0402 | Valid loss: 0.0970 | Train acc: 0.9844 | Valid acc: 0.9629 | patience: 321 | Epoch time: 36.7 |

2023-01-27 18:19:09,821 - INFO -
| Epoch:    373 | Train loss: 0.0394 | Valid loss: 0.0976 | Train acc: 0.9849 | Valid acc: 0.9616 | patience: 322 | Epoch time: 36.7 |

2023-01-27 18:19:46,465 - INFO -
| Epoch:    374 | Train loss: 0.0389 | Valid loss: 0.0958 | Train acc: 0.9848 | Valid acc: 0.9634 | patience: 323 | Epoch time: 36.6 |

2023-01-27 18:20:23,151 - INFO -
| Epoch:    375 | Train loss: 0.0403 | Valid loss: 0.0960 | Train acc: 0.9849 | Valid acc: 0.9633 | patience: 324 | Epoch time: 36.7 |

2023-01-27 18:20:59,844 - INFO -
| Epoch:    376 | Train loss: 0.0390 | Valid loss: 0.0961 | Train acc: 0.9844 | Valid acc: 0.9628 | patience: 325 | Epoch time: 36.7 |

2023-01-27 18:21:36,488 - INFO -
| Epoch:    377 | Train loss: 0.0401 | Valid loss: 0.0957 | Train acc: 0.9842 | Valid acc: 0.9634 | patience: 326 | Epoch time: 36.6 |

2023-01-27 18:22:13,160 - INFO -
| Epoch:    378 | Train loss: 0.0401 | Valid loss: 0.0956 | Train acc: 0.9847 | Valid acc: 0.9631 | patience: 327 | Epoch time: 36.7 |

2023-01-27 18:22:49,814 - INFO -
| Epoch:    379 | Train loss: 0.0404 | Valid loss: 0.0960 | Train acc: 0.9849 | Valid acc: 0.9630 | patience: 328 | Epoch time: 36.7 |

2023-01-27 18:23:26,487 - INFO -
| Epoch:    380 | Train loss: 0.0396 | Valid loss: 0.0969 | Train acc: 0.9850 | Valid acc: 0.9617 | patience: 329 | Epoch time: 36.7 |

2023-01-27 18:24:03,165 - INFO -
| Epoch:    381 | Train loss: 0.0404 | Valid loss: 0.0972 | Train acc: 0.9843 | Valid acc: 0.9624 | patience: 330 | Epoch time: 36.7 |

2023-01-27 18:24:39,811 - INFO -
| Epoch:    382 | Train loss: 0.0394 | Valid loss: 0.0960 | Train acc: 0.9842 | Valid acc: 0.9625 | patience: 331 | Epoch time: 36.6 |

2023-01-27 18:25:16,478 - INFO -
| Epoch:    383 | Train loss: 0.0399 | Valid loss: 0.0954 | Train acc: 0.9843 | Valid acc: 0.9626 | patience: 332 | Epoch time: 36.7 |

2023-01-27 18:25:53,169 - INFO -
| Epoch:    384 | Train loss: 0.0403 | Valid loss: 0.0962 | Train acc: 0.9842 | Valid acc: 0.9623 | patience: 333 | Epoch time: 36.7 |

2023-01-27 18:26:29,827 - INFO -
| Epoch:    385 | Train loss: 0.0400 | Valid loss: 0.0969 | Train acc: 0.9848 | Valid acc: 0.9633 | patience: 334 | Epoch time: 36.7 |

2023-01-27 18:27:06,486 - INFO -
| Epoch:    386 | Train loss: 0.0393 | Valid loss: 0.0969 | Train acc: 0.9849 | Valid acc: 0.9632 | patience: 335 | Epoch time: 36.7 |

2023-01-27 18:27:43,201 - INFO -
| Epoch:    387 | Train loss: 0.0398 | Valid loss: 0.0972 | Train acc: 0.9848 | Valid acc: 0.9625 | patience: 336 | Epoch time: 36.7 |

2023-01-27 18:28:19,996 - INFO -
| Epoch:    388 | Train loss: 0.0398 | Valid loss: 0.0951 | Train acc: 0.9847 | Valid acc: 0.9631 | patience: 337 | Epoch time: 36.8 |

2023-01-27 18:28:56,659 - INFO -
| Epoch:    389 | Train loss: 0.0403 | Valid loss: 0.0968 | Train acc: 0.9846 | Valid acc: 0.9622 | patience: 338 | Epoch time: 36.7 |

2023-01-27 18:29:33,302 - INFO -
| Epoch:    390 | Train loss: 0.0400 | Valid loss: 0.0960 | Train acc: 0.9845 | Valid acc: 0.9632 | patience: 339 | Epoch time: 36.6 |

2023-01-27 18:30:09,965 - INFO -
| Epoch:    391 | Train loss: 0.0400 | Valid loss: 0.0971 | Train acc: 0.9842 | Valid acc: 0.9629 | patience: 340 | Epoch time: 36.7 |

2023-01-27 18:30:46,623 - INFO -
| Epoch:    392 | Train loss: 0.0387 | Valid loss: 0.0955 | Train acc: 0.9849 | Valid acc: 0.9621 | patience: 341 | Epoch time: 36.7 |

2023-01-27 18:31:23,265 - INFO -
| Epoch:    393 | Train loss: 0.0401 | Valid loss: 0.0977 | Train acc: 0.9849 | Valid acc: 0.9624 | patience: 342 | Epoch time: 36.6 |

2023-01-27 18:31:59,933 - INFO -
| Epoch:    394 | Train loss: 0.0393 | Valid loss: 0.0981 | Train acc: 0.9843 | Valid acc: 0.9626 | patience: 343 | Epoch time: 36.7 |

2023-01-27 18:32:36,612 - INFO -
| Epoch:    395 | Train loss: 0.0402 | Valid loss: 0.0969 | Train acc: 0.9848 | Valid acc: 0.9623 | patience: 344 | Epoch time: 36.7 |

2023-01-27 18:33:13,312 - INFO -
| Epoch:    396 | Train loss: 0.0398 | Valid loss: 0.0968 | Train acc: 0.9847 | Valid acc: 0.9626 | patience: 345 | Epoch time: 36.7 |

2023-01-27 18:33:50,013 - INFO -
| Epoch:    397 | Train loss: 0.0406 | Valid loss: 0.0961 | Train acc: 0.9851 | Valid acc: 0.9629 | patience: 346 | Epoch time: 36.7 |

2023-01-27 18:34:26,751 - INFO -
| Epoch:    398 | Train loss: 0.0400 | Valid loss: 0.0951 | Train acc: 0.9849 | Valid acc: 0.9635 | patience: 347 | Epoch time: 36.7 |

2023-01-27 18:35:03,426 - INFO -
| Epoch:    399 | Train loss: 0.0395 | Valid loss: 0.0944 | Train acc: 0.9846 | Valid acc: 0.9628 | patience: 348 | Epoch time: 36.7 |

2023-01-27 18:35:40,106 - INFO -
| Epoch:    400 | Train loss: 0.0391 | Valid loss: 0.0951 | Train acc: 0.9849 | Valid acc: 0.9631 | patience: 349 | Epoch time: 36.7 |

2023-01-27 18:36:16,790 - INFO -
| Epoch:    401 | Train loss: 0.0403 | Valid loss: 0.0947 | Train acc: 0.9852 | Valid acc: 0.9634 | patience: 350 | Epoch time: 36.7 |

2023-01-27 18:36:53,481 - INFO -
| Epoch:    402 | Train loss: 0.0395 | Valid loss: 0.0962 | Train acc: 0.9851 | Valid acc: 0.9629 | patience: 351 | Epoch time: 36.7 |

2023-01-27 18:37:30,166 - INFO -
| Epoch:    403 | Train loss: 0.0400 | Valid loss: 0.0956 | Train acc: 0.9853 | Valid acc: 0.9628 | patience: 352 | Epoch time: 36.7 |

2023-01-27 18:38:06,854 - INFO -
| Epoch:    404 | Train loss: 0.0396 | Valid loss: 0.0956 | Train acc: 0.9845 | Valid acc: 0.9631 | patience: 353 | Epoch time: 36.7 |

2023-01-27 18:38:43,505 - INFO -
| Epoch:    405 | Train loss: 0.0400 | Valid loss: 0.0970 | Train acc: 0.9849 | Valid acc: 0.9622 | patience: 354 | Epoch time: 36.7 |

2023-01-27 18:39:20,174 - INFO -
| Epoch:    406 | Train loss: 0.0402 | Valid loss: 0.0963 | Train acc: 0.9847 | Valid acc: 0.9631 | patience: 355 | Epoch time: 36.7 |

2023-01-27 18:39:56,862 - INFO -
| Epoch:    407 | Train loss: 0.0390 | Valid loss: 0.0966 | Train acc: 0.9843 | Valid acc: 0.9623 | patience: 356 | Epoch time: 36.7 |

2023-01-27 18:40:33,547 - INFO -
| Epoch:    408 | Train loss: 0.0390 | Valid loss: 0.0958 | Train acc: 0.9846 | Valid acc: 0.9624 | patience: 357 | Epoch time: 36.7 |

2023-01-27 18:41:10,331 - INFO -
| Epoch:    409 | Train loss: 0.0396 | Valid loss: 0.1037 | Train acc: 0.9843 | Valid acc: 0.9629 | patience: 358 | Epoch time: 36.8 |

2023-01-27 18:41:46,976 - INFO -
| Epoch:    410 | Train loss: 0.0395 | Valid loss: 0.0962 | Train acc: 0.9850 | Valid acc: 0.9623 | patience: 359 | Epoch time: 36.6 |

2023-01-27 18:42:23,636 - INFO -
| Epoch:    411 | Train loss: 0.0397 | Valid loss: 0.0957 | Train acc: 0.9843 | Valid acc: 0.9623 | patience: 360 | Epoch time: 36.7 |

2023-01-27 18:43:00,310 - INFO -
| Epoch:    412 | Train loss: 0.0393 | Valid loss: 0.0949 | Train acc: 0.9844 | Valid acc: 0.9635 | patience: 361 | Epoch time: 36.7 |

2023-01-27 18:43:37,033 - INFO -
| Epoch:    413 | Train loss: 0.0410 | Valid loss: 0.0961 | Train acc: 0.9846 | Valid acc: 0.9633 | patience: 362 | Epoch time: 36.7 |

2023-01-27 18:44:13,760 - INFO -
| Epoch:    414 | Train loss: 0.0397 | Valid loss: 0.0947 | Train acc: 0.9848 | Valid acc: 0.9632 | patience: 363 | Epoch time: 36.7 |

2023-01-27 18:44:50,409 - INFO -
| Epoch:    415 | Train loss: 0.0392 | Valid loss: 0.0951 | Train acc: 0.9843 | Valid acc: 0.9627 | patience: 364 | Epoch time: 36.6 |

2023-01-27 18:45:27,077 - INFO -
| Epoch:    416 | Train loss: 0.0393 | Valid loss: 0.0971 | Train acc: 0.9846 | Valid acc: 0.9631 | patience: 365 | Epoch time: 36.7 |

2023-01-27 18:46:03,780 - INFO -
| Epoch:    417 | Train loss: 0.0394 | Valid loss: 0.0957 | Train acc: 0.9845 | Valid acc: 0.9617 | patience: 366 | Epoch time: 36.7 |

2023-01-27 18:46:40,500 - INFO -
| Epoch:    418 | Train loss: 0.0395 | Valid loss: 0.0952 | Train acc: 0.9851 | Valid acc: 0.9630 | patience: 367 | Epoch time: 36.7 |

2023-01-27 18:47:17,180 - INFO -
| Epoch:    419 | Train loss: 0.0397 | Valid loss: 0.0963 | Train acc: 0.9849 | Valid acc: 0.9631 | patience: 368 | Epoch time: 36.7 |

2023-01-27 18:47:53,848 - INFO -
| Epoch:    420 | Train loss: 0.0394 | Valid loss: 0.1025 | Train acc: 0.9845 | Valid acc: 0.9635 | patience: 369 | Epoch time: 36.7 |

2023-01-27 18:48:30,529 - INFO -
| Epoch:    421 | Train loss: 0.0396 | Valid loss: 0.0963 | Train acc: 0.9847 | Valid acc: 0.9622 | patience: 370 | Epoch time: 36.7 |

2023-01-27 18:49:07,561 - INFO -
| Epoch:    422 | Train loss: 0.0394 | Valid loss: 0.0964 | Train acc: 0.9845 | Valid acc: 0.9624 | patience: 371 | Epoch time: 37.0 |

2023-01-27 18:49:44,265 - INFO -
| Epoch:    423 | Train loss: 0.0400 | Valid loss: 0.0961 | Train acc: 0.9848 | Valid acc: 0.9627 | patience: 372 | Epoch time: 36.7 |

2023-01-27 18:50:20,937 - INFO -
| Epoch:    424 | Train loss: 0.0391 | Valid loss: 0.0966 | Train acc: 0.9842 | Valid acc: 0.9625 | patience: 373 | Epoch time: 36.7 |

2023-01-27 18:50:57,610 - INFO -
| Epoch:    425 | Train loss: 0.0398 | Valid loss: 0.0969 | Train acc: 0.9847 | Valid acc: 0.9633 | patience: 374 | Epoch time: 36.7 |

2023-01-27 18:51:34,270 - INFO -
| Epoch:    426 | Train loss: 0.0394 | Valid loss: 0.0965 | Train acc: 0.9846 | Valid acc: 0.9631 | patience: 375 | Epoch time: 36.7 |

2023-01-27 18:52:11,007 - INFO -
| Epoch:    427 | Train loss: 0.0389 | Valid loss: 0.0950 | Train acc: 0.9838 | Valid acc: 0.9623 | patience: 376 | Epoch time: 36.7 |

2023-01-27 18:52:47,690 - INFO -
| Epoch:    428 | Train loss: 0.0400 | Valid loss: 0.0952 | Train acc: 0.9847 | Valid acc: 0.9625 | patience: 377 | Epoch time: 36.7 |

2023-01-27 18:53:24,398 - INFO -
| Epoch:    429 | Train loss: 0.0391 | Valid loss: 0.0949 | Train acc: 0.9844 | Valid acc: 0.9636 | patience: 378 | Epoch time: 36.7 |

2023-01-27 18:54:01,085 - INFO -
| Epoch:    430 | Train loss: 0.0398 | Valid loss: 0.0943 | Train acc: 0.9851 | Valid acc: 0.9623 | patience: 379 | Epoch time: 36.7 |

2023-01-27 18:54:37,773 - INFO -
| Epoch:    431 | Train loss: 0.0392 | Valid loss: 0.0963 | Train acc: 0.9844 | Valid acc: 0.9636 | patience: 380 | Epoch time: 36.7 |

2023-01-27 18:55:14,469 - INFO -
| Epoch:    432 | Train loss: 0.0400 | Valid loss: 0.0943 | Train acc: 0.9842 | Valid acc: 0.9631 | patience: 381 | Epoch time: 36.7 |

2023-01-27 18:55:51,195 - INFO -
| Epoch:    433 | Train loss: 0.0399 | Valid loss: 0.0955 | Train acc: 0.9848 | Valid acc: 0.9630 | patience: 382 | Epoch time: 36.7 |

2023-01-27 18:56:27,859 - INFO -
| Epoch:    434 | Train loss: 0.0397 | Valid loss: 0.0948 | Train acc: 0.9844 | Valid acc: 0.9626 | patience: 383 | Epoch time: 36.7 |

2023-01-27 18:57:05,649 - INFO -
| Epoch:    435 | Train loss: 0.0398 | Valid loss: 0.0964 | Train acc: 0.9851 | Valid acc: 0.9633 | patience: 384 | Epoch time: 37.8 |

2023-01-27 18:57:42,311 - INFO -
| Epoch:    436 | Train loss: 0.0409 | Valid loss: 0.0978 | Train acc: 0.9851 | Valid acc: 0.9632 | patience: 385 | Epoch time: 36.7 |

2023-01-27 18:58:19,078 - INFO -
| Epoch:    437 | Train loss: 0.0383 | Valid loss: 0.0984 | Train acc: 0.9851 | Valid acc: 0.9626 | patience: 386 | Epoch time: 36.8 |

2023-01-27 18:58:55,752 - INFO -
| Epoch:    438 | Train loss: 0.0400 | Valid loss: 0.0978 | Train acc: 0.9852 | Valid acc: 0.9621 | patience: 387 | Epoch time: 36.7 |

2023-01-27 18:59:32,423 - INFO -
| Epoch:    439 | Train loss: 0.0402 | Valid loss: 0.0992 | Train acc: 0.9847 | Valid acc: 0.9610 | patience: 388 | Epoch time: 36.7 |

2023-01-27 19:00:09,082 - INFO -
| Epoch:    440 | Train loss: 0.0395 | Valid loss: 0.0963 | Train acc: 0.9842 | Valid acc: 0.9619 | patience: 389 | Epoch time: 36.7 |

2023-01-27 19:00:45,768 - INFO -
| Epoch:    441 | Train loss: 0.0399 | Valid loss: 0.0946 | Train acc: 0.9847 | Valid acc: 0.9628 | patience: 390 | Epoch time: 36.7 |

2023-01-27 19:01:22,413 - INFO -
| Epoch:    442 | Train loss: 0.0406 | Valid loss: 0.0943 | Train acc: 0.9848 | Valid acc: 0.9637 | patience: 391 | Epoch time: 36.6 |

2023-01-27 19:01:59,054 - INFO -
| Epoch:    443 | Train loss: 0.0400 | Valid loss: 0.0938 | Train acc: 0.9847 | Valid acc: 0.9638 | patience: 392 | Epoch time: 36.6 |

2023-01-27 19:02:35,723 - INFO -
| Epoch:    444 | Train loss: 0.0397 | Valid loss: 0.0954 | Train acc: 0.9847 | Valid acc: 0.9632 | patience: 393 | Epoch time: 36.7 |

2023-01-27 19:03:12,382 - INFO -
| Epoch:    445 | Train loss: 0.0397 | Valid loss: 0.0949 | Train acc: 0.9842 | Valid acc: 0.9631 | patience: 394 | Epoch time: 36.7 |

2023-01-27 19:03:49,015 - INFO -
| Epoch:    446 | Train loss: 0.0396 | Valid loss: 0.0943 | Train acc: 0.9847 | Valid acc: 0.9629 | patience: 395 | Epoch time: 36.6 |

2023-01-27 19:04:25,713 - INFO -
| Epoch:    447 | Train loss: 0.0390 | Valid loss: 0.0964 | Train acc: 0.9847 | Valid acc: 0.9629 | patience: 396 | Epoch time: 36.7 |

2023-01-27 19:05:02,538 - INFO -
| Epoch:    448 | Train loss: 0.0402 | Valid loss: 0.0966 | Train acc: 0.9842 | Valid acc: 0.9630 | patience: 397 | Epoch time: 36.8 |

2023-01-27 19:05:39,265 - INFO -
| Epoch:    449 | Train loss: 0.0406 | Valid loss: 0.0966 | Train acc: 0.9851 | Valid acc: 0.9621 | patience: 398 | Epoch time: 36.7 |

2023-01-27 19:06:15,917 - INFO -
| Epoch:    450 | Train loss: 0.0392 | Valid loss: 0.0956 | Train acc: 0.9849 | Valid acc: 0.9619 | patience: 399 | Epoch time: 36.7 |

2023-01-27 19:06:52,615 - INFO -
| Epoch:    451 | Train loss: 0.0394 | Valid loss: 0.0966 | Train acc: 0.9844 | Valid acc: 0.9620 | patience: 400 | Epoch time: 36.7 |

2023-01-27 19:07:29,315 - INFO -
| Epoch:    452 | Train loss: 0.0399 | Valid loss: 0.0952 | Train acc: 0.9846 | Valid acc: 0.9626 | patience: 401 | Epoch time: 36.7 |

2023-01-27 19:08:05,966 - INFO -
| Epoch:    453 | Train loss: 0.0398 | Valid loss: 0.0960 | Train acc: 0.9846 | Valid acc: 0.9624 | patience: 402 | Epoch time: 36.7 |

2023-01-27 19:08:42,626 - INFO -
| Epoch:    454 | Train loss: 0.0390 | Valid loss: 0.0964 | Train acc: 0.9848 | Valid acc: 0.9635 | patience: 403 | Epoch time: 36.7 |

2023-01-27 19:09:19,267 - INFO -
| Epoch:    455 | Train loss: 0.0400 | Valid loss: 0.0954 | Train acc: 0.9848 | Valid acc: 0.9634 | patience: 404 | Epoch time: 36.6 |

2023-01-27 19:09:55,927 - INFO -
| Epoch:    456 | Train loss: 0.0393 | Valid loss: 0.0949 | Train acc: 0.9847 | Valid acc: 0.9633 | patience: 405 | Epoch time: 36.7 |

2023-01-27 19:10:32,557 - INFO -
| Epoch:    457 | Train loss: 0.0392 | Valid loss: 0.0952 | Train acc: 0.9851 | Valid acc: 0.9636 | patience: 406 | Epoch time: 36.6 |

2023-01-27 19:11:09,212 - INFO -
| Epoch:    458 | Train loss: 0.0396 | Valid loss: 0.0958 | Train acc: 0.9847 | Valid acc: 0.9625 | patience: 407 | Epoch time: 36.7 |

2023-01-27 19:11:45,866 - INFO -
| Epoch:    459 | Train loss: 0.0392 | Valid loss: 0.0970 | Train acc: 0.9843 | Valid acc: 0.9635 | patience: 408 | Epoch time: 36.7 |

2023-01-27 19:12:22,510 - INFO -
| Epoch:    460 | Train loss: 0.0394 | Valid loss: 0.0961 | Train acc: 0.9848 | Valid acc: 0.9630 | patience: 409 | Epoch time: 36.6 |

2023-01-27 19:12:59,191 - INFO -
| Epoch:    461 | Train loss: 0.0406 | Valid loss: 0.0970 | Train acc: 0.9845 | Valid acc: 0.9620 | patience: 410 | Epoch time: 36.7 |

2023-01-27 19:13:35,852 - INFO -
| Epoch:    462 | Train loss: 0.0387 | Valid loss: 0.0969 | Train acc: 0.9850 | Valid acc: 0.9626 | patience: 411 | Epoch time: 36.7 |

2023-01-27 19:14:12,502 - INFO -
| Epoch:    463 | Train loss: 0.0400 | Valid loss: 0.0958 | Train acc: 0.9844 | Valid acc: 0.9633 | patience: 412 | Epoch time: 36.6 |

2023-01-27 19:14:49,158 - INFO -
| Epoch:    464 | Train loss: 0.0397 | Valid loss: 0.0941 | Train acc: 0.9850 | Valid acc: 0.9626 | patience: 413 | Epoch time: 36.7 |

2023-01-27 19:15:25,813 - INFO -
| Epoch:    465 | Train loss: 0.0396 | Valid loss: 0.0958 | Train acc: 0.9845 | Valid acc: 0.9626 | patience: 414 | Epoch time: 36.7 |

2023-01-27 19:16:02,508 - INFO -
| Epoch:    466 | Train loss: 0.0404 | Valid loss: 0.0966 | Train acc: 0.9848 | Valid acc: 0.9621 | patience: 415 | Epoch time: 36.7 |

2023-01-27 19:16:39,159 - INFO -
| Epoch:    467 | Train loss: 0.0387 | Valid loss: 0.0956 | Train acc: 0.9849 | Valid acc: 0.9633 | patience: 416 | Epoch time: 36.7 |

2023-01-27 19:17:15,861 - INFO -
| Epoch:    468 | Train loss: 0.0397 | Valid loss: 0.0965 | Train acc: 0.9853 | Valid acc: 0.9629 | patience: 417 | Epoch time: 36.7 |

2023-01-27 19:17:52,652 - INFO -
| Epoch:    469 | Train loss: 0.0402 | Valid loss: 0.0970 | Train acc: 0.9844 | Valid acc: 0.9622 | patience: 418 | Epoch time: 36.8 |

2023-01-27 19:18:29,321 - INFO -
| Epoch:    470 | Train loss: 0.0400 | Valid loss: 0.0962 | Train acc: 0.9849 | Valid acc: 0.9620 | patience: 419 | Epoch time: 36.7 |

2023-01-27 19:19:05,983 - INFO -
| Epoch:    471 | Train loss: 0.0394 | Valid loss: 0.0969 | Train acc: 0.9848 | Valid acc: 0.9628 | patience: 420 | Epoch time: 36.7 |

2023-01-27 19:19:42,636 - INFO -
| Epoch:    472 | Train loss: 0.0381 | Valid loss: 0.0962 | Train acc: 0.9849 | Valid acc: 0.9624 | patience: 421 | Epoch time: 36.7 |

2023-01-27 19:20:19,320 - INFO -
| Epoch:    473 | Train loss: 0.0389 | Valid loss: 0.0968 | Train acc: 0.9850 | Valid acc: 0.9628 | patience: 422 | Epoch time: 36.7 |

2023-01-27 19:20:56,004 - INFO -
| Epoch:    474 | Train loss: 0.0389 | Valid loss: 0.0951 | Train acc: 0.9847 | Valid acc: 0.9627 | patience: 423 | Epoch time: 36.7 |

2023-01-27 19:21:32,639 - INFO -
| Epoch:    475 | Train loss: 0.0406 | Valid loss: 0.0945 | Train acc: 0.9848 | Valid acc: 0.9631 | patience: 424 | Epoch time: 36.6 |

2023-01-27 19:22:09,296 - INFO -
| Epoch:    476 | Train loss: 0.0388 | Valid loss: 0.0951 | Train acc: 0.9841 | Valid acc: 0.9627 | patience: 425 | Epoch time: 36.7 |

2023-01-27 19:22:45,955 - INFO -
| Epoch:    477 | Train loss: 0.0398 | Valid loss: 0.0966 | Train acc: 0.9850 | Valid acc: 0.9629 | patience: 426 | Epoch time: 36.7 |

2023-01-27 19:23:22,630 - INFO -
| Epoch:    478 | Train loss: 0.0397 | Valid loss: 0.0961 | Train acc: 0.9843 | Valid acc: 0.9633 | patience: 427 | Epoch time: 36.7 |

2023-01-27 19:23:59,289 - INFO -
| Epoch:    479 | Train loss: 0.0390 | Valid loss: 0.0972 | Train acc: 0.9845 | Valid acc: 0.9630 | patience: 428 | Epoch time: 36.7 |

2023-01-27 19:24:35,923 - INFO -
| Epoch:    480 | Train loss: 0.0390 | Valid loss: 0.0963 | Train acc: 0.9845 | Valid acc: 0.9621 | patience: 429 | Epoch time: 36.6 |

2023-01-27 19:25:12,567 - INFO -
| Epoch:    481 | Train loss: 0.0396 | Valid loss: 0.0950 | Train acc: 0.9847 | Valid acc: 0.9623 | patience: 430 | Epoch time: 36.6 |

2023-01-27 19:25:49,254 - INFO -
| Epoch:    482 | Train loss: 0.0401 | Valid loss: 0.0985 | Train acc: 0.9851 | Valid acc: 0.9630 | patience: 431 | Epoch time: 36.7 |

2023-01-27 19:26:25,892 - INFO -
| Epoch:    483 | Train loss: 0.0386 | Valid loss: 0.0945 | Train acc: 0.9848 | Valid acc: 0.9625 | patience: 432 | Epoch time: 36.6 |

2023-01-27 19:27:02,540 - INFO -
| Epoch:    484 | Train loss: 0.0398 | Valid loss: 0.0985 | Train acc: 0.9844 | Valid acc: 0.9628 | patience: 433 | Epoch time: 36.6 |

2023-01-27 19:27:39,168 - INFO -
| Epoch:    485 | Train loss: 0.0396 | Valid loss: 0.0959 | Train acc: 0.9848 | Valid acc: 0.9619 | patience: 434 | Epoch time: 36.6 |

2023-01-27 19:28:15,793 - INFO -
| Epoch:    486 | Train loss: 0.0388 | Valid loss: 0.0965 | Train acc: 0.9844 | Valid acc: 0.9625 | patience: 435 | Epoch time: 36.6 |

2023-01-27 19:28:52,465 - INFO -
| Epoch:    487 | Train loss: 0.0393 | Valid loss: 0.0954 | Train acc: 0.9847 | Valid acc: 0.9626 | patience: 436 | Epoch time: 36.7 |

2023-01-27 19:29:29,115 - INFO -
| Epoch:    488 | Train loss: 0.0397 | Valid loss: 0.0949 | Train acc: 0.9846 | Valid acc: 0.9628 | patience: 437 | Epoch time: 36.6 |

2023-01-27 19:30:05,771 - INFO -
| Epoch:    489 | Train loss: 0.0390 | Valid loss: 0.0950 | Train acc: 0.9853 | Valid acc: 0.9630 | patience: 438 | Epoch time: 36.7 |

2023-01-27 19:30:42,426 - INFO -
| Epoch:    490 | Train loss: 0.0389 | Valid loss: 0.0965 | Train acc: 0.9850 | Valid acc: 0.9630 | patience: 439 | Epoch time: 36.7 |

2023-01-27 19:31:19,075 - INFO -
| Epoch:    491 | Train loss: 0.0392 | Valid loss: 0.0939 | Train acc: 0.9850 | Valid acc: 0.9630 | patience: 440 | Epoch time: 36.6 |

2023-01-27 19:31:55,765 - INFO -
| Epoch:    492 | Train loss: 0.0394 | Valid loss: 0.0965 | Train acc: 0.9853 | Valid acc: 0.9638 | patience: 441 | Epoch time: 36.7 |

2023-01-27 19:32:32,411 - INFO -
| Epoch:    493 | Train loss: 0.0390 | Valid loss: 0.0945 | Train acc: 0.9845 | Valid acc: 0.9628 | patience: 442 | Epoch time: 36.6 |

2023-01-27 19:33:09,056 - INFO -
| Epoch:    494 | Train loss: 0.0394 | Valid loss: 0.0961 | Train acc: 0.9846 | Valid acc: 0.9628 | patience: 443 | Epoch time: 36.6 |

2023-01-27 19:33:45,702 - INFO -
| Epoch:    495 | Train loss: 0.0388 | Valid loss: 0.0954 | Train acc: 0.9849 | Valid acc: 0.9626 | patience: 444 | Epoch time: 36.6 |

2023-01-27 19:34:22,377 - INFO -
| Epoch:    496 | Train loss: 0.0388 | Valid loss: 0.0966 | Train acc: 0.9851 | Valid acc: 0.9627 | patience: 445 | Epoch time: 36.7 |

2023-01-27 19:34:59,040 - INFO -
| Epoch:    497 | Train loss: 0.0393 | Valid loss: 0.0954 | Train acc: 0.9847 | Valid acc: 0.9630 | patience: 446 | Epoch time: 36.7 |

2023-01-27 19:35:35,673 - INFO -
| Epoch:    498 | Train loss: 0.0387 | Valid loss: 0.0970 | Train acc: 0.9852 | Valid acc: 0.9631 | patience: 447 | Epoch time: 36.6 |

2023-01-27 19:36:12,306 - INFO -
| Epoch:    499 | Train loss: 0.0384 | Valid loss: 0.0953 | Train acc: 0.9851 | Valid acc: 0.9625 | patience: 448 | Epoch time: 36.6 |

2023-01-27 19:36:48,967 - INFO -
| Epoch:    500 | Train loss: 0.0393 | Valid loss: 0.0943 | Train acc: 0.9849 | Valid acc: 0.9629 | patience: 449 | Epoch time: 36.7 |

2023-01-27 19:37:25,643 - INFO -
| Epoch:    501 | Train loss: 0.0403 | Valid loss: 0.0939 | Train acc: 0.9845 | Valid acc: 0.9637 | patience: 450 | Epoch time: 36.7 |

2023-01-27 19:38:02,318 - INFO -
| Epoch:    502 | Train loss: 0.0396 | Valid loss: 0.0935 | Train acc: 0.9851 | Valid acc: 0.9632 | patience: 451 | Epoch time: 36.7 |

2023-01-27 19:38:38,976 - INFO -
| Epoch:    503 | Train loss: 0.0394 | Valid loss: 0.0953 | Train acc: 0.9849 | Valid acc: 0.9631 | patience: 452 | Epoch time: 36.7 |

2023-01-27 19:39:15,598 - INFO -
| Epoch:    504 | Train loss: 0.0397 | Valid loss: 0.0955 | Train acc: 0.9842 | Valid acc: 0.9619 | patience: 453 | Epoch time: 36.6 |

2023-01-27 19:39:52,258 - INFO -
| Epoch:    505 | Train loss: 0.0388 | Valid loss: 0.0963 | Train acc: 0.9850 | Valid acc: 0.9631 | patience: 454 | Epoch time: 36.7 |

2023-01-27 19:40:28,920 - INFO -
| Epoch:    506 | Train loss: 0.0391 | Valid loss: 0.0954 | Train acc: 0.9850 | Valid acc: 0.9627 | patience: 455 | Epoch time: 36.7 |

2023-01-27 19:41:05,679 - INFO -
| Epoch:    507 | Train loss: 0.0389 | Valid loss: 0.0958 | Train acc: 0.9849 | Valid acc: 0.9622 | patience: 456 | Epoch time: 36.8 |

2023-01-27 19:41:42,461 - INFO -
| Epoch:    508 | Train loss: 0.0390 | Valid loss: 0.0950 | Train acc: 0.9851 | Valid acc: 0.9630 | patience: 457 | Epoch time: 36.8 |

2023-01-27 19:42:19,160 - INFO -
| Epoch:    509 | Train loss: 0.0410 | Valid loss: 0.0954 | Train acc: 0.9837 | Valid acc: 0.9634 | patience: 458 | Epoch time: 36.7 |

2023-01-27 19:42:55,845 - INFO -
| Epoch:    510 | Train loss: 0.0385 | Valid loss: 0.0943 | Train acc: 0.9853 | Valid acc: 0.9636 | patience: 459 | Epoch time: 36.7 |

2023-01-27 19:43:32,544 - INFO -
| Epoch:    511 | Train loss: 0.0391 | Valid loss: 0.0944 | Train acc: 0.9847 | Valid acc: 0.9635 | patience: 460 | Epoch time: 36.7 |

2023-01-27 19:44:09,246 - INFO -
| Epoch:    512 | Train loss: 0.0391 | Valid loss: 0.0941 | Train acc: 0.9850 | Valid acc: 0.9636 | patience: 461 | Epoch time: 36.7 |

2023-01-27 19:44:45,908 - INFO -
| Epoch:    513 | Train loss: 0.0399 | Valid loss: 0.0943 | Train acc: 0.9847 | Valid acc: 0.9629 | patience: 462 | Epoch time: 36.7 |

2023-01-27 19:45:22,571 - INFO -
| Epoch:    514 | Train loss: 0.0381 | Valid loss: 0.0945 | Train acc: 0.9848 | Valid acc: 0.9631 | patience: 463 | Epoch time: 36.7 |

2023-01-27 19:45:59,294 - INFO -
| Epoch:    515 | Train loss: 0.0395 | Valid loss: 0.0955 | Train acc: 0.9849 | Valid acc: 0.9621 | patience: 464 | Epoch time: 36.7 |

2023-01-27 19:46:35,964 - INFO -
| Epoch:    516 | Train loss: 0.0443 | Valid loss: 0.0986 | Train acc: 0.9849 | Valid acc: 0.9628 | patience: 465 | Epoch time: 36.7 |

2023-01-27 19:47:12,626 - INFO -
| Epoch:    517 | Train loss: 0.0388 | Valid loss: 0.0954 | Train acc: 0.9849 | Valid acc: 0.9633 | patience: 466 | Epoch time: 36.7 |

2023-01-27 19:47:49,301 - INFO -
| Epoch:    518 | Train loss: 0.0428 | Valid loss: 0.0957 | Train acc: 0.9850 | Valid acc: 0.9623 | patience: 467 | Epoch time: 36.7 |

2023-01-27 19:48:25,983 - INFO -
| Epoch:    519 | Train loss: 0.0399 | Valid loss: 0.0962 | Train acc: 0.9851 | Valid acc: 0.9627 | patience: 468 | Epoch time: 36.7 |

2023-01-27 19:49:02,647 - INFO -
| Epoch:    520 | Train loss: 0.0389 | Valid loss: 0.0956 | Train acc: 0.9851 | Valid acc: 0.9630 | patience: 469 | Epoch time: 36.7 |

2023-01-27 19:49:39,288 - INFO -
| Epoch:    521 | Train loss: 0.0391 | Valid loss: 0.0959 | Train acc: 0.9848 | Valid acc: 0.9637 | patience: 470 | Epoch time: 36.6 |

2023-01-27 19:50:15,950 - INFO -
| Epoch:    522 | Train loss: 0.0399 | Valid loss: 0.0971 | Train acc: 0.9847 | Valid acc: 0.9629 | patience: 471 | Epoch time: 36.7 |

2023-01-27 19:50:52,602 - INFO -
| Epoch:    523 | Train loss: 0.0395 | Valid loss: 0.0972 | Train acc: 0.9842 | Valid acc: 0.9637 | patience: 472 | Epoch time: 36.7 |

2023-01-27 19:51:29,269 - INFO -
| Epoch:    524 | Train loss: 0.0396 | Valid loss: 0.0950 | Train acc: 0.9844 | Valid acc: 0.9633 | patience: 473 | Epoch time: 36.7 |

2023-01-27 19:52:05,918 - INFO -
| Epoch:    525 | Train loss: 0.0385 | Valid loss: 0.0966 | Train acc: 0.9852 | Valid acc: 0.9625 | patience: 474 | Epoch time: 36.6 |

2023-01-27 19:52:42,595 - INFO -
| Epoch:    526 | Train loss: 0.0389 | Valid loss: 0.0954 | Train acc: 0.9849 | Valid acc: 0.9633 | patience: 475 | Epoch time: 36.7 |

2023-01-27 19:53:19,288 - INFO -
| Epoch:    527 | Train loss: 0.0391 | Valid loss: 0.0975 | Train acc: 0.9846 | Valid acc: 0.9626 | patience: 476 | Epoch time: 36.7 |

2023-01-27 19:53:56,044 - INFO -
| Epoch:    528 | Train loss: 0.0391 | Valid loss: 0.0952 | Train acc: 0.9847 | Valid acc: 0.9626 | patience: 477 | Epoch time: 36.8 |

2023-01-27 19:54:33,330 - INFO -
| Epoch:    529 | Train loss: 0.0382 | Valid loss: 0.1008 | Train acc: 0.9849 | Valid acc: 0.9626 | patience: 478 | Epoch time: 37.3 |

2023-01-27 19:55:09,967 - INFO -
| Epoch:    530 | Train loss: 0.0387 | Valid loss: 0.0983 | Train acc: 0.9849 | Valid acc: 0.9631 | patience: 479 | Epoch time: 36.6 |

2023-01-27 19:55:46,622 - INFO -
| Epoch:    531 | Train loss: 0.0389 | Valid loss: 0.0954 | Train acc: 0.9849 | Valid acc: 0.9634 | patience: 480 | Epoch time: 36.7 |

2023-01-27 19:56:23,311 - INFO -
| Epoch:    532 | Train loss: 0.0385 | Valid loss: 0.0950 | Train acc: 0.9852 | Valid acc: 0.9626 | patience: 481 | Epoch time: 36.7 |

2023-01-27 19:56:59,950 - INFO -
| Epoch:    533 | Train loss: 0.0392 | Valid loss: 0.0966 | Train acc: 0.9847 | Valid acc: 0.9630 | patience: 482 | Epoch time: 36.6 |

2023-01-27 19:57:36,588 - INFO -
| Epoch:    534 | Train loss: 0.0385 | Valid loss: 0.0960 | Train acc: 0.9848 | Valid acc: 0.9629 | patience: 483 | Epoch time: 36.6 |

2023-01-27 19:58:13,238 - INFO -
| Epoch:    535 | Train loss: 0.0399 | Valid loss: 0.0962 | Train acc: 0.9848 | Valid acc: 0.9636 | patience: 484 | Epoch time: 36.7 |

2023-01-27 19:58:49,883 - INFO -
| Epoch:    536 | Train loss: 0.0389 | Valid loss: 0.0971 | Train acc: 0.9851 | Valid acc: 0.9629 | patience: 485 | Epoch time: 36.6 |

2023-01-27 19:59:26,527 - INFO -
| Epoch:    537 | Train loss: 0.0391 | Valid loss: 0.0972 | Train acc: 0.9851 | Valid acc: 0.9630 | patience: 486 | Epoch time: 36.6 |

2023-01-27 20:00:03,167 - INFO -
| Epoch:    538 | Train loss: 0.0393 | Valid loss: 0.0959 | Train acc: 0.9850 | Valid acc: 0.9616 | patience: 487 | Epoch time: 36.6 |

2023-01-27 20:00:39,836 - INFO -
| Epoch:    539 | Train loss: 0.0391 | Valid loss: 0.0970 | Train acc: 0.9840 | Valid acc: 0.9620 | patience: 488 | Epoch time: 36.7 |

2023-01-27 20:01:16,499 - INFO -
| Epoch:    540 | Train loss: 0.0395 | Valid loss: 0.0985 | Train acc: 0.9853 | Valid acc: 0.9627 | patience: 489 | Epoch time: 36.7 |

2023-01-27 20:01:53,145 - INFO -
| Epoch:    541 | Train loss: 0.0394 | Valid loss: 0.0972 | Train acc: 0.9848 | Valid acc: 0.9628 | patience: 490 | Epoch time: 36.6 |

2023-01-27 20:02:31,119 - INFO -
| Epoch:    542 | Train loss: 0.0392 | Valid loss: 0.0971 | Train acc: 0.9845 | Valid acc: 0.9628 | patience: 491 | Epoch time: 38.0 |

2023-01-27 20:03:07,817 - INFO -
| Epoch:    543 | Train loss: 0.0393 | Valid loss: 0.0963 | Train acc: 0.9850 | Valid acc: 0.9631 | patience: 492 | Epoch time: 36.7 |

2023-01-27 20:03:44,528 - INFO -
| Epoch:    544 | Train loss: 0.0391 | Valid loss: 0.0957 | Train acc: 0.9847 | Valid acc: 0.9625 | patience: 493 | Epoch time: 36.7 |

2023-01-27 20:04:21,181 - INFO -
| Epoch:    545 | Train loss: 0.0384 | Valid loss: 0.0957 | Train acc: 0.9845 | Valid acc: 0.9628 | patience: 494 | Epoch time: 36.7 |

2023-01-27 20:04:57,900 - INFO -
| Epoch:    546 | Train loss: 0.0396 | Valid loss: 0.0960 | Train acc: 0.9850 | Valid acc: 0.9636 | patience: 495 | Epoch time: 36.7 |

2023-01-27 20:05:34,620 - INFO -
| Epoch:    547 | Train loss: 0.0389 | Valid loss: 0.0948 | Train acc: 0.9846 | Valid acc: 0.9632 | patience: 496 | Epoch time: 36.7 |

2023-01-27 20:06:11,329 - INFO -
| Epoch:    548 | Train loss: 0.0393 | Valid loss: 0.0953 | Train acc: 0.9849 | Valid acc: 0.9631 | patience: 497 | Epoch time: 36.7 |

2023-01-27 20:06:47,993 - INFO -
| Epoch:    549 | Train loss: 0.0391 | Valid loss: 0.0953 | Train acc: 0.9844 | Valid acc: 0.9631 | patience: 498 | Epoch time: 36.7 |

2023-01-27 20:07:24,702 - INFO -
| Epoch:    550 | Train loss: 0.0386 | Valid loss: 0.0988 | Train acc: 0.9845 | Valid acc: 0.9633 | patience: 499 | Epoch time: 36.7 |

2023-01-27 20:08:01,394 - INFO -
| Epoch:    551 | Train loss: 0.0387 | Valid loss: 0.0969 | Train acc: 0.9847 | Valid acc: 0.9630 | patience: 500 | Epoch time: 36.7 |

2023-01-27 20:08:38,101 - INFO -
Early stop.

2023-01-27 20:08:38,140 - INFO -
Training if finished.

