2023-01-27 14:29:56,493 - INFO -
gmin                0.01
gmax                10.0
T                   0.1
m                   0.3
ACT_eta1            0.134
ACT_eta2            0.962
ACT_eta3            0.183
ACT_eta4            24.1
NEG_eta1            -0.104
NEG_eta2            0.899
NEG_eta3            -0.056
NEG_eta4            3.858
hidden              [3]
SEED                2
DEVICE              cuda
TIMELIMITATION      45
PATIENCE            500
EPOCH               10000000000
DATASET             2
LR                  0.1
PROGRESSIVE         False
LR_PATIENCE         100
LR_DECAY            0.5
LR_MIN              0.0001
MODE                aging
M_train             50
K_train             10
M_test              500
K_test              500
t_test_max          10
integration         MC
VARIATION           False
N_train             1
e_train             0.0
N_test              100
e_test              0.1
projectname         ICCAD_2022
temppath            ./ICCAD_2022/temp/
logfilepath         ./ICCAD_2022/log/
recording           False
recordpath          ./ICCAD_2022/record/
savepath            ./ICCAD_2022/models/
loglevel            info


2023-01-27 14:29:56,494 - INFO -
Training network on device: cuda.

2023-01-27 14:29:56,494 - INFO -
Training setup: breastcancerwisc_2_aging_0.0_1_MC.

2023-01-27 14:29:56,494 - INFO -
Dataset "breastcancerwisc" has 9 input features and 2 classes. There are 418 training examples, 139 valid examples, and 140 test examples in the dataset.

2023-01-27 14:29:56,494 - INFO -
Topology of the network: [9, 3, 2].

2023-01-27 14:30:34,917 - INFO -
| Epoch:      0 | Train loss: 0.7574 | Valid loss: 0.5458 | Train acc: 0.5265 | Valid acc: 0.6618 | patience:   0 | Epoch time: 37.9 |

2023-01-27 14:31:11,341 - INFO -
| Epoch:      1 | Train loss: 0.5578 | Valid loss: 0.3793 | Train acc: 0.6672 | Valid acc: 0.8293 | patience:   0 | Epoch time: 36.4 |

2023-01-27 14:31:47,835 - INFO -
| Epoch:      2 | Train loss: 0.3880 | Valid loss: 0.1851 | Train acc: 0.7957 | Valid acc: 0.8913 | patience:   0 | Epoch time: 36.5 |

2023-01-27 14:32:24,405 - INFO -
| Epoch:      3 | Train loss: 0.2126 | Valid loss: 0.1271 | Train acc: 0.9237 | Valid acc: 0.9517 | patience:   0 | Epoch time: 36.6 |

2023-01-27 14:33:00,942 - INFO -
| Epoch:      4 | Train loss: 0.1027 | Valid loss: 0.0884 | Train acc: 0.9527 | Valid acc: 0.9595 | patience:   0 | Epoch time: 36.5 |

2023-01-27 14:33:37,505 - INFO -
| Epoch:      5 | Train loss: 0.0694 | Valid loss: 0.0892 | Train acc: 0.9716 | Valid acc: 0.9617 | patience:   1 | Epoch time: 36.6 |

2023-01-27 14:34:14,124 - INFO -
| Epoch:      6 | Train loss: 0.0688 | Valid loss: 0.0920 | Train acc: 0.9669 | Valid acc: 0.9609 | patience:   2 | Epoch time: 36.6 |

2023-01-27 14:34:50,742 - INFO -
| Epoch:      7 | Train loss: 0.0596 | Valid loss: 0.0892 | Train acc: 0.9694 | Valid acc: 0.9619 | patience:   3 | Epoch time: 36.6 |

2023-01-27 14:35:27,375 - INFO -
| Epoch:      8 | Train loss: 0.0603 | Valid loss: 0.0910 | Train acc: 0.9724 | Valid acc: 0.9631 | patience:   4 | Epoch time: 36.6 |

2023-01-27 14:36:04,070 - INFO -
| Epoch:      9 | Train loss: 0.0579 | Valid loss: 0.0896 | Train acc: 0.9748 | Valid acc: 0.9637 | patience:   5 | Epoch time: 36.7 |

2023-01-27 14:36:40,649 - INFO -
| Epoch:     10 | Train loss: 0.0586 | Valid loss: 0.0889 | Train acc: 0.9745 | Valid acc: 0.9630 | patience:   6 | Epoch time: 36.6 |

2023-01-27 14:37:17,260 - INFO -
| Epoch:     11 | Train loss: 0.0586 | Valid loss: 0.0926 | Train acc: 0.9754 | Valid acc: 0.9632 | patience:   7 | Epoch time: 36.6 |

2023-01-27 14:37:53,884 - INFO -
| Epoch:     12 | Train loss: 0.0568 | Valid loss: 0.0927 | Train acc: 0.9752 | Valid acc: 0.9634 | patience:   8 | Epoch time: 36.6 |

2023-01-27 14:38:30,501 - INFO -
| Epoch:     13 | Train loss: 0.0580 | Valid loss: 0.0917 | Train acc: 0.9759 | Valid acc: 0.9639 | patience:   9 | Epoch time: 36.6 |

2023-01-27 14:39:07,136 - INFO -
| Epoch:     14 | Train loss: 0.0565 | Valid loss: 0.0907 | Train acc: 0.9764 | Valid acc: 0.9635 | patience:  10 | Epoch time: 36.6 |

2023-01-27 14:39:43,793 - INFO -
| Epoch:     15 | Train loss: 0.0583 | Valid loss: 0.0938 | Train acc: 0.9764 | Valid acc: 0.9630 | patience:  11 | Epoch time: 36.7 |

2023-01-27 14:40:20,390 - INFO -
| Epoch:     16 | Train loss: 0.0563 | Valid loss: 0.0918 | Train acc: 0.9766 | Valid acc: 0.9634 | patience:  12 | Epoch time: 36.6 |

2023-01-27 14:40:57,011 - INFO -
| Epoch:     17 | Train loss: 0.0559 | Valid loss: 0.0913 | Train acc: 0.9762 | Valid acc: 0.9638 | patience:  13 | Epoch time: 36.6 |

2023-01-27 14:41:33,637 - INFO -
| Epoch:     18 | Train loss: 0.0558 | Valid loss: 0.0928 | Train acc: 0.9769 | Valid acc: 0.9640 | patience:  14 | Epoch time: 36.6 |

2023-01-27 14:42:10,272 - INFO -
| Epoch:     19 | Train loss: 0.0561 | Valid loss: 0.0915 | Train acc: 0.9767 | Valid acc: 0.9628 | patience:  15 | Epoch time: 36.6 |

2023-01-27 14:42:46,909 - INFO -
| Epoch:     20 | Train loss: 0.0556 | Valid loss: 0.0931 | Train acc: 0.9769 | Valid acc: 0.9637 | patience:  16 | Epoch time: 36.6 |

2023-01-27 14:43:23,504 - INFO -
| Epoch:     21 | Train loss: 0.0552 | Valid loss: 0.0912 | Train acc: 0.9771 | Valid acc: 0.9633 | patience:  17 | Epoch time: 36.6 |

2023-01-27 14:44:00,107 - INFO -
| Epoch:     22 | Train loss: 0.0557 | Valid loss: 0.0914 | Train acc: 0.9770 | Valid acc: 0.9629 | patience:  18 | Epoch time: 36.6 |

2023-01-27 14:44:36,702 - INFO -
| Epoch:     23 | Train loss: 0.0552 | Valid loss: 0.0922 | Train acc: 0.9768 | Valid acc: 0.9634 | patience:  19 | Epoch time: 36.6 |

2023-01-27 14:45:13,335 - INFO -
| Epoch:     24 | Train loss: 0.0557 | Valid loss: 0.0937 | Train acc: 0.9773 | Valid acc: 0.9640 | patience:  20 | Epoch time: 36.6 |

2023-01-27 14:45:49,954 - INFO -
| Epoch:     25 | Train loss: 0.0546 | Valid loss: 0.0941 | Train acc: 0.9775 | Valid acc: 0.9631 | patience:  21 | Epoch time: 36.6 |

2023-01-27 14:46:26,550 - INFO -
| Epoch:     26 | Train loss: 0.0554 | Valid loss: 0.0926 | Train acc: 0.9771 | Valid acc: 0.9631 | patience:  22 | Epoch time: 36.6 |

2023-01-27 14:47:03,188 - INFO -
| Epoch:     27 | Train loss: 0.0544 | Valid loss: 0.0916 | Train acc: 0.9773 | Valid acc: 0.9638 | patience:  23 | Epoch time: 36.6 |

2023-01-27 14:47:39,799 - INFO -
| Epoch:     28 | Train loss: 0.0545 | Valid loss: 0.0923 | Train acc: 0.9774 | Valid acc: 0.9632 | patience:  24 | Epoch time: 36.6 |

2023-01-27 14:48:16,438 - INFO -
| Epoch:     29 | Train loss: 0.0541 | Valid loss: 0.0913 | Train acc: 0.9775 | Valid acc: 0.9639 | patience:  25 | Epoch time: 36.6 |

2023-01-27 14:48:53,136 - INFO -
| Epoch:     30 | Train loss: 0.0535 | Valid loss: 0.0926 | Train acc: 0.9778 | Valid acc: 0.9622 | patience:  26 | Epoch time: 36.7 |

2023-01-27 14:49:29,724 - INFO -
| Epoch:     31 | Train loss: 0.0532 | Valid loss: 0.0927 | Train acc: 0.9779 | Valid acc: 0.9635 | patience:  27 | Epoch time: 36.6 |

2023-01-27 14:50:06,372 - INFO -
| Epoch:     32 | Train loss: 0.0619 | Valid loss: 0.0919 | Train acc: 0.9773 | Valid acc: 0.9638 | patience:  28 | Epoch time: 36.6 |

2023-01-27 14:50:43,057 - INFO -
| Epoch:     33 | Train loss: 0.0532 | Valid loss: 0.0930 | Train acc: 0.9780 | Valid acc: 0.9636 | patience:  29 | Epoch time: 36.7 |

2023-01-27 14:51:19,732 - INFO -
| Epoch:     34 | Train loss: 0.0535 | Valid loss: 0.0918 | Train acc: 0.9777 | Valid acc: 0.9637 | patience:  30 | Epoch time: 36.7 |

2023-01-27 14:51:56,353 - INFO -
| Epoch:     35 | Train loss: 0.0528 | Valid loss: 0.0908 | Train acc: 0.9786 | Valid acc: 0.9640 | patience:  31 | Epoch time: 36.6 |

2023-01-27 14:52:32,941 - INFO -
| Epoch:     36 | Train loss: 0.0531 | Valid loss: 0.0916 | Train acc: 0.9781 | Valid acc: 0.9634 | patience:  32 | Epoch time: 36.6 |

2023-01-27 14:53:09,542 - INFO -
| Epoch:     37 | Train loss: 0.0534 | Valid loss: 0.0909 | Train acc: 0.9781 | Valid acc: 0.9638 | patience:  33 | Epoch time: 36.6 |

2023-01-27 14:53:46,143 - INFO -
| Epoch:     38 | Train loss: 0.0531 | Valid loss: 0.0920 | Train acc: 0.9780 | Valid acc: 0.9639 | patience:  34 | Epoch time: 36.6 |

2023-01-27 14:54:22,790 - INFO -
| Epoch:     39 | Train loss: 0.0520 | Valid loss: 0.0908 | Train acc: 0.9775 | Valid acc: 0.9639 | patience:  35 | Epoch time: 36.6 |

2023-01-27 14:54:59,416 - INFO -
| Epoch:     40 | Train loss: 0.0520 | Valid loss: 0.0917 | Train acc: 0.9784 | Valid acc: 0.9635 | patience:  36 | Epoch time: 36.6 |

2023-01-27 14:55:36,016 - INFO -
| Epoch:     41 | Train loss: 0.0506 | Valid loss: 0.0911 | Train acc: 0.9790 | Valid acc: 0.9642 | patience:  37 | Epoch time: 36.6 |

2023-01-27 14:56:12,617 - INFO -
| Epoch:     42 | Train loss: 0.0511 | Valid loss: 0.0923 | Train acc: 0.9781 | Valid acc: 0.9638 | patience:  38 | Epoch time: 36.6 |

2023-01-27 14:56:49,213 - INFO -
| Epoch:     43 | Train loss: 0.0499 | Valid loss: 0.0921 | Train acc: 0.9788 | Valid acc: 0.9632 | patience:  39 | Epoch time: 36.6 |

2023-01-27 14:57:25,852 - INFO -
| Epoch:     44 | Train loss: 0.0490 | Valid loss: 0.0892 | Train acc: 0.9789 | Valid acc: 0.9645 | patience:  40 | Epoch time: 36.6 |

2023-01-27 14:58:02,472 - INFO -
| Epoch:     45 | Train loss: 0.0500 | Valid loss: 0.0913 | Train acc: 0.9790 | Valid acc: 0.9635 | patience:  41 | Epoch time: 36.6 |

2023-01-27 14:58:39,099 - INFO -
| Epoch:     46 | Train loss: 0.0484 | Valid loss: 0.0903 | Train acc: 0.9794 | Valid acc: 0.9642 | patience:  42 | Epoch time: 36.6 |

2023-01-27 14:59:15,765 - INFO -
| Epoch:     47 | Train loss: 0.0515 | Valid loss: 0.0911 | Train acc: 0.9801 | Valid acc: 0.9641 | patience:  43 | Epoch time: 36.7 |

2023-01-27 14:59:52,386 - INFO -
| Epoch:     48 | Train loss: 0.0502 | Valid loss: 0.0915 | Train acc: 0.9798 | Valid acc: 0.9641 | patience:  44 | Epoch time: 36.6 |

2023-01-27 15:00:29,026 - INFO -
| Epoch:     49 | Train loss: 0.0470 | Valid loss: 0.0899 | Train acc: 0.9793 | Valid acc: 0.9642 | patience:  45 | Epoch time: 36.6 |

2023-01-27 15:01:05,689 - INFO -
| Epoch:     50 | Train loss: 0.0478 | Valid loss: 0.0910 | Train acc: 0.9802 | Valid acc: 0.9637 | patience:  46 | Epoch time: 36.7 |

2023-01-27 15:01:42,435 - INFO -
| Epoch:     51 | Train loss: 0.0475 | Valid loss: 0.0914 | Train acc: 0.9795 | Valid acc: 0.9636 | patience:  47 | Epoch time: 36.7 |

2023-01-27 15:02:19,050 - INFO -
| Epoch:     52 | Train loss: 0.0461 | Valid loss: 0.0914 | Train acc: 0.9803 | Valid acc: 0.9639 | patience:  48 | Epoch time: 36.6 |

2023-01-27 15:02:55,637 - INFO -
| Epoch:     53 | Train loss: 0.0464 | Valid loss: 0.0908 | Train acc: 0.9801 | Valid acc: 0.9643 | patience:  49 | Epoch time: 36.6 |

2023-01-27 15:03:32,238 - INFO -
| Epoch:     54 | Train loss: 0.0479 | Valid loss: 0.0915 | Train acc: 0.9803 | Valid acc: 0.9642 | patience:  50 | Epoch time: 36.6 |

2023-01-27 15:04:08,849 - INFO -
| Epoch:     55 | Train loss: 0.0488 | Valid loss: 0.0908 | Train acc: 0.9809 | Valid acc: 0.9643 | patience:  51 | Epoch time: 36.6 |

2023-01-27 15:04:45,439 - INFO -
| Epoch:     56 | Train loss: 0.0486 | Valid loss: 0.0937 | Train acc: 0.9794 | Valid acc: 0.9634 | patience:  52 | Epoch time: 36.6 |

2023-01-27 15:05:22,060 - INFO -
| Epoch:     57 | Train loss: 0.0471 | Valid loss: 0.0929 | Train acc: 0.9809 | Valid acc: 0.9638 | patience:  53 | Epoch time: 36.6 |

2023-01-27 15:05:58,689 - INFO -
| Epoch:     58 | Train loss: 0.0476 | Valid loss: 0.0923 | Train acc: 0.9794 | Valid acc: 0.9635 | patience:  54 | Epoch time: 36.6 |

2023-01-27 15:06:35,313 - INFO -
| Epoch:     59 | Train loss: 0.0465 | Valid loss: 0.0945 | Train acc: 0.9808 | Valid acc: 0.9634 | patience:  55 | Epoch time: 36.6 |

2023-01-27 15:07:11,951 - INFO -
| Epoch:     60 | Train loss: 0.0464 | Valid loss: 0.0932 | Train acc: 0.9817 | Valid acc: 0.9636 | patience:  56 | Epoch time: 36.6 |

2023-01-27 15:07:48,616 - INFO -
| Epoch:     61 | Train loss: 0.0456 | Valid loss: 0.0934 | Train acc: 0.9817 | Valid acc: 0.9627 | patience:  57 | Epoch time: 36.7 |

2023-01-27 15:08:25,272 - INFO -
| Epoch:     62 | Train loss: 0.0478 | Valid loss: 0.0935 | Train acc: 0.9811 | Valid acc: 0.9634 | patience:  58 | Epoch time: 36.7 |

2023-01-27 15:09:01,875 - INFO -
| Epoch:     63 | Train loss: 0.0477 | Valid loss: 0.0928 | Train acc: 0.9813 | Valid acc: 0.9633 | patience:  59 | Epoch time: 36.6 |

2023-01-27 15:09:38,628 - INFO -
| Epoch:     64 | Train loss: 0.0463 | Valid loss: 0.0910 | Train acc: 0.9816 | Valid acc: 0.9630 | patience:  60 | Epoch time: 36.8 |

2023-01-27 15:10:15,387 - INFO -
| Epoch:     65 | Train loss: 0.0468 | Valid loss: 0.0915 | Train acc: 0.9822 | Valid acc: 0.9629 | patience:  61 | Epoch time: 36.8 |

2023-01-27 15:10:52,147 - INFO -
| Epoch:     66 | Train loss: 0.0462 | Valid loss: 0.0973 | Train acc: 0.9815 | Valid acc: 0.9642 | patience:  62 | Epoch time: 36.8 |

2023-01-27 15:11:28,968 - INFO -
| Epoch:     67 | Train loss: 0.0448 | Valid loss: 0.0911 | Train acc: 0.9820 | Valid acc: 0.9644 | patience:  63 | Epoch time: 36.8 |

2023-01-27 15:12:05,714 - INFO -
| Epoch:     68 | Train loss: 0.0469 | Valid loss: 0.0911 | Train acc: 0.9819 | Valid acc: 0.9640 | patience:  64 | Epoch time: 36.7 |

2023-01-27 15:12:42,442 - INFO -
| Epoch:     69 | Train loss: 0.0437 | Valid loss: 0.0921 | Train acc: 0.9829 | Valid acc: 0.9641 | patience:  65 | Epoch time: 36.7 |

2023-01-27 15:13:19,197 - INFO -
| Epoch:     70 | Train loss: 0.0469 | Valid loss: 0.0927 | Train acc: 0.9819 | Valid acc: 0.9631 | patience:  66 | Epoch time: 36.8 |

2023-01-27 15:13:55,948 - INFO -
| Epoch:     71 | Train loss: 0.0447 | Valid loss: 0.0932 | Train acc: 0.9810 | Valid acc: 0.9626 | patience:  67 | Epoch time: 36.8 |

2023-01-27 15:14:32,817 - INFO -
| Epoch:     72 | Train loss: 0.0448 | Valid loss: 0.0931 | Train acc: 0.9819 | Valid acc: 0.9626 | patience:  68 | Epoch time: 36.9 |

2023-01-27 15:15:09,583 - INFO -
| Epoch:     73 | Train loss: 0.0473 | Valid loss: 0.0936 | Train acc: 0.9820 | Valid acc: 0.9625 | patience:  69 | Epoch time: 36.8 |

2023-01-27 15:15:46,365 - INFO -
| Epoch:     74 | Train loss: 0.0447 | Valid loss: 0.0929 | Train acc: 0.9815 | Valid acc: 0.9632 | patience:  70 | Epoch time: 36.8 |

2023-01-27 15:16:23,127 - INFO -
| Epoch:     75 | Train loss: 0.0456 | Valid loss: 0.0925 | Train acc: 0.9817 | Valid acc: 0.9638 | patience:  71 | Epoch time: 36.8 |

2023-01-27 15:16:59,877 - INFO -
| Epoch:     76 | Train loss: 0.0457 | Valid loss: 0.0939 | Train acc: 0.9819 | Valid acc: 0.9628 | patience:  72 | Epoch time: 36.7 |

2023-01-27 15:17:36,732 - INFO -
| Epoch:     77 | Train loss: 0.0439 | Valid loss: 0.0922 | Train acc: 0.9829 | Valid acc: 0.9630 | patience:  73 | Epoch time: 36.9 |

2023-01-27 15:18:13,483 - INFO -
| Epoch:     78 | Train loss: 0.0455 | Valid loss: 0.0961 | Train acc: 0.9828 | Valid acc: 0.9607 | patience:  74 | Epoch time: 36.8 |

2023-01-27 15:18:50,278 - INFO -
| Epoch:     79 | Train loss: 0.0479 | Valid loss: 0.0942 | Train acc: 0.9815 | Valid acc: 0.9625 | patience:  75 | Epoch time: 36.8 |

2023-01-27 15:19:27,054 - INFO -
| Epoch:     80 | Train loss: 0.0460 | Valid loss: 0.0940 | Train acc: 0.9815 | Valid acc: 0.9635 | patience:  76 | Epoch time: 36.8 |

2023-01-27 15:20:03,844 - INFO -
| Epoch:     81 | Train loss: 0.0472 | Valid loss: 0.0924 | Train acc: 0.9816 | Valid acc: 0.9635 | patience:  77 | Epoch time: 36.8 |

2023-01-27 15:20:40,604 - INFO -
| Epoch:     82 | Train loss: 0.0458 | Valid loss: 0.0926 | Train acc: 0.9819 | Valid acc: 0.9630 | patience:  78 | Epoch time: 36.8 |

2023-01-27 15:21:17,444 - INFO -
| Epoch:     83 | Train loss: 0.0451 | Valid loss: 0.0924 | Train acc: 0.9819 | Valid acc: 0.9616 | patience:  79 | Epoch time: 36.8 |

2023-01-27 15:21:54,191 - INFO -
| Epoch:     84 | Train loss: 0.0452 | Valid loss: 0.0949 | Train acc: 0.9820 | Valid acc: 0.9625 | patience:  80 | Epoch time: 36.7 |

2023-01-27 15:22:30,919 - INFO -
| Epoch:     85 | Train loss: 0.0441 | Valid loss: 0.0958 | Train acc: 0.9826 | Valid acc: 0.9624 | patience:  81 | Epoch time: 36.7 |

2023-01-27 15:23:07,654 - INFO -
| Epoch:     86 | Train loss: 0.0443 | Valid loss: 0.0984 | Train acc: 0.9821 | Valid acc: 0.9612 | patience:  82 | Epoch time: 36.7 |

2023-01-27 15:23:44,437 - INFO -
| Epoch:     87 | Train loss: 0.0429 | Valid loss: 0.0969 | Train acc: 0.9823 | Valid acc: 0.9625 | patience:  83 | Epoch time: 36.8 |

2023-01-27 15:24:21,338 - INFO -
| Epoch:     88 | Train loss: 0.0444 | Valid loss: 0.0964 | Train acc: 0.9824 | Valid acc: 0.9619 | patience:  84 | Epoch time: 36.9 |

2023-01-27 15:24:58,147 - INFO -
| Epoch:     89 | Train loss: 0.0453 | Valid loss: 0.0982 | Train acc: 0.9812 | Valid acc: 0.9631 | patience:  85 | Epoch time: 36.8 |

2023-01-27 15:25:35,064 - INFO -
| Epoch:     90 | Train loss: 0.0438 | Valid loss: 0.0967 | Train acc: 0.9818 | Valid acc: 0.9607 | patience:  86 | Epoch time: 36.9 |

2023-01-27 15:26:11,855 - INFO -
| Epoch:     91 | Train loss: 0.0461 | Valid loss: 0.0941 | Train acc: 0.9832 | Valid acc: 0.9608 | patience:  87 | Epoch time: 36.8 |

2023-01-27 15:26:48,629 - INFO -
| Epoch:     92 | Train loss: 0.0425 | Valid loss: 0.0946 | Train acc: 0.9827 | Valid acc: 0.9625 | patience:  88 | Epoch time: 36.8 |

2023-01-27 15:27:25,443 - INFO -
| Epoch:     93 | Train loss: 0.0453 | Valid loss: 0.0949 | Train acc: 0.9825 | Valid acc: 0.9620 | patience:  89 | Epoch time: 36.8 |

2023-01-27 15:28:02,262 - INFO -
| Epoch:     94 | Train loss: 0.0437 | Valid loss: 0.0958 | Train acc: 0.9810 | Valid acc: 0.9622 | patience:  90 | Epoch time: 36.8 |

2023-01-27 15:28:39,060 - INFO -
| Epoch:     95 | Train loss: 0.0429 | Valid loss: 0.0971 | Train acc: 0.9827 | Valid acc: 0.9636 | patience:  91 | Epoch time: 36.8 |

2023-01-27 15:29:15,970 - INFO -
| Epoch:     96 | Train loss: 0.0449 | Valid loss: 0.0959 | Train acc: 0.9816 | Valid acc: 0.9623 | patience:  92 | Epoch time: 36.9 |

2023-01-27 15:29:52,880 - INFO -
| Epoch:     97 | Train loss: 0.0446 | Valid loss: 0.0945 | Train acc: 0.9813 | Valid acc: 0.9627 | patience:  93 | Epoch time: 36.9 |

2023-01-27 15:30:29,696 - INFO -
| Epoch:     98 | Train loss: 0.0458 | Valid loss: 0.0944 | Train acc: 0.9823 | Valid acc: 0.9624 | patience:  94 | Epoch time: 36.8 |

2023-01-27 15:31:06,495 - INFO -
| Epoch:     99 | Train loss: 0.0441 | Valid loss: 0.0946 | Train acc: 0.9823 | Valid acc: 0.9621 | patience:  95 | Epoch time: 36.8 |

2023-01-27 15:31:43,307 - INFO -
| Epoch:    100 | Train loss: 0.0437 | Valid loss: 0.0967 | Train acc: 0.9820 | Valid acc: 0.9620 | patience:  96 | Epoch time: 36.8 |

2023-01-27 15:32:20,098 - INFO -
| Epoch:    101 | Train loss: 0.0431 | Valid loss: 0.0963 | Train acc: 0.9811 | Valid acc: 0.9629 | patience:  97 | Epoch time: 36.8 |

2023-01-27 15:32:56,940 - INFO -
| Epoch:    102 | Train loss: 0.0437 | Valid loss: 0.0985 | Train acc: 0.9812 | Valid acc: 0.9618 | patience:  98 | Epoch time: 36.8 |

2023-01-27 15:33:33,752 - INFO -
| Epoch:    103 | Train loss: 0.0445 | Valid loss: 0.0981 | Train acc: 0.9820 | Valid acc: 0.9618 | patience:  99 | Epoch time: 36.8 |

2023-01-27 15:34:10,538 - INFO -
| Epoch:    104 | Train loss: 0.0450 | Valid loss: 0.1000 | Train acc: 0.9827 | Valid acc: 0.9617 | patience: 100 | Epoch time: 36.8 |

2023-01-27 15:34:47,346 - INFO -
| Epoch:    105 | Train loss: 0.0446 | Valid loss: 0.0994 | Train acc: 0.9819 | Valid acc: 0.9609 | patience: 101 | Epoch time: 36.8 |

2023-01-27 15:35:24,254 - INFO -
| Epoch:    106 | Train loss: 0.0438 | Valid loss: 0.0967 | Train acc: 0.9825 | Valid acc: 0.9617 | patience: 102 | Epoch time: 36.9 |

2023-01-27 15:36:00,973 - INFO -
| Epoch:    107 | Train loss: 0.0446 | Valid loss: 0.0982 | Train acc: 0.9822 | Valid acc: 0.9612 | patience: 103 | Epoch time: 36.7 |

2023-01-27 15:36:37,722 - INFO -
| Epoch:    108 | Train loss: 0.0435 | Valid loss: 0.0973 | Train acc: 0.9827 | Valid acc: 0.9614 | patience: 104 | Epoch time: 36.7 |

2023-01-27 15:37:14,507 - INFO -
| Epoch:    109 | Train loss: 0.0417 | Valid loss: 0.0995 | Train acc: 0.9832 | Valid acc: 0.9624 | patience: 105 | Epoch time: 36.8 |

2023-01-27 15:37:51,172 - INFO -
| Epoch:    110 | Train loss: 0.0438 | Valid loss: 0.0967 | Train acc: 0.9818 | Valid acc: 0.9620 | patience: 106 | Epoch time: 36.7 |

2023-01-27 15:38:29,113 - INFO -
| Epoch:    111 | Train loss: 0.0446 | Valid loss: 0.0963 | Train acc: 0.9823 | Valid acc: 0.9632 | patience: 107 | Epoch time: 37.9 |

2023-01-27 15:39:05,803 - INFO -
| Epoch:    112 | Train loss: 0.0437 | Valid loss: 0.0953 | Train acc: 0.9829 | Valid acc: 0.9626 | patience: 108 | Epoch time: 36.7 |

2023-01-27 15:39:42,581 - INFO -
| Epoch:    113 | Train loss: 0.0448 | Valid loss: 0.0964 | Train acc: 0.9820 | Valid acc: 0.9621 | patience: 109 | Epoch time: 36.8 |

2023-01-27 15:40:19,261 - INFO -
| Epoch:    114 | Train loss: 0.0434 | Valid loss: 0.0961 | Train acc: 0.9821 | Valid acc: 0.9617 | patience: 110 | Epoch time: 36.7 |

2023-01-27 15:40:55,935 - INFO -
| Epoch:    115 | Train loss: 0.0418 | Valid loss: 0.0972 | Train acc: 0.9824 | Valid acc: 0.9618 | patience: 111 | Epoch time: 36.7 |

2023-01-27 15:41:32,649 - INFO -
| Epoch:    116 | Train loss: 0.0415 | Valid loss: 0.0976 | Train acc: 0.9826 | Valid acc: 0.9623 | patience: 112 | Epoch time: 36.7 |

2023-01-27 15:42:09,370 - INFO -
| Epoch:    117 | Train loss: 0.0435 | Valid loss: 0.0982 | Train acc: 0.9825 | Valid acc: 0.9618 | patience: 113 | Epoch time: 36.7 |

2023-01-27 15:42:46,054 - INFO -
| Epoch:    118 | Train loss: 0.0432 | Valid loss: 0.0993 | Train acc: 0.9825 | Valid acc: 0.9588 | patience: 114 | Epoch time: 36.7 |

2023-01-27 15:43:22,707 - INFO -
| Epoch:    119 | Train loss: 0.0434 | Valid loss: 0.0971 | Train acc: 0.9818 | Valid acc: 0.9619 | patience: 115 | Epoch time: 36.7 |

2023-01-27 15:43:59,379 - INFO -
| Epoch:    120 | Train loss: 0.0447 | Valid loss: 0.1002 | Train acc: 0.9824 | Valid acc: 0.9598 | patience: 116 | Epoch time: 36.7 |

2023-01-27 15:44:36,042 - INFO -
| Epoch:    121 | Train loss: 0.0442 | Valid loss: 0.0993 | Train acc: 0.9823 | Valid acc: 0.9611 | patience: 117 | Epoch time: 36.7 |

2023-01-27 15:45:12,792 - INFO -
| Epoch:    122 | Train loss: 0.0453 | Valid loss: 0.0977 | Train acc: 0.9821 | Valid acc: 0.9625 | patience: 118 | Epoch time: 36.7 |

2023-01-27 15:45:49,501 - INFO -
| Epoch:    123 | Train loss: 0.0421 | Valid loss: 0.0971 | Train acc: 0.9831 | Valid acc: 0.9617 | patience: 119 | Epoch time: 36.7 |

2023-01-27 15:46:26,133 - INFO -
| Epoch:    124 | Train loss: 0.0437 | Valid loss: 0.0973 | Train acc: 0.9822 | Valid acc: 0.9631 | patience: 120 | Epoch time: 36.6 |

2023-01-27 15:47:02,776 - INFO -
| Epoch:    125 | Train loss: 0.0437 | Valid loss: 0.0977 | Train acc: 0.9830 | Valid acc: 0.9623 | patience: 121 | Epoch time: 36.6 |

2023-01-27 15:47:39,499 - INFO -
| Epoch:    126 | Train loss: 0.0430 | Valid loss: 0.0995 | Train acc: 0.9819 | Valid acc: 0.9613 | patience: 122 | Epoch time: 36.7 |

2023-01-27 15:48:16,185 - INFO -
| Epoch:    127 | Train loss: 0.0424 | Valid loss: 0.0956 | Train acc: 0.9836 | Valid acc: 0.9612 | patience: 123 | Epoch time: 36.7 |

2023-01-27 15:48:52,772 - INFO -
| Epoch:    128 | Train loss: 0.0436 | Valid loss: 0.0973 | Train acc: 0.9828 | Valid acc: 0.9621 | patience: 124 | Epoch time: 36.6 |

2023-01-27 15:49:29,325 - INFO -
| Epoch:    129 | Train loss: 0.0424 | Valid loss: 0.0983 | Train acc: 0.9840 | Valid acc: 0.9612 | patience: 125 | Epoch time: 36.6 |

2023-01-27 15:50:05,905 - INFO -
| Epoch:    130 | Train loss: 0.0427 | Valid loss: 0.0988 | Train acc: 0.9825 | Valid acc: 0.9614 | patience: 126 | Epoch time: 36.6 |

2023-01-27 15:50:42,502 - INFO -
| Epoch:    131 | Train loss: 0.0430 | Valid loss: 0.0998 | Train acc: 0.9835 | Valid acc: 0.9619 | patience: 127 | Epoch time: 36.6 |

2023-01-27 15:51:19,078 - INFO -
| Epoch:    132 | Train loss: 0.0458 | Valid loss: 0.1003 | Train acc: 0.9824 | Valid acc: 0.9618 | patience: 128 | Epoch time: 36.6 |

2023-01-27 15:51:55,654 - INFO -
| Epoch:    133 | Train loss: 0.0427 | Valid loss: 0.0968 | Train acc: 0.9827 | Valid acc: 0.9620 | patience: 129 | Epoch time: 36.6 |

2023-01-27 15:52:32,238 - INFO -
| Epoch:    134 | Train loss: 0.0434 | Valid loss: 0.0974 | Train acc: 0.9829 | Valid acc: 0.9628 | patience: 130 | Epoch time: 36.6 |

2023-01-27 15:53:08,794 - INFO -
| Epoch:    135 | Train loss: 0.0421 | Valid loss: 0.0974 | Train acc: 0.9838 | Valid acc: 0.9624 | patience: 131 | Epoch time: 36.6 |

2023-01-27 15:53:45,410 - INFO -
| Epoch:    136 | Train loss: 0.0422 | Valid loss: 0.0983 | Train acc: 0.9840 | Valid acc: 0.9627 | patience: 132 | Epoch time: 36.6 |

2023-01-27 15:54:22,009 - INFO -
| Epoch:    137 | Train loss: 0.0428 | Valid loss: 0.0966 | Train acc: 0.9825 | Valid acc: 0.9619 | patience: 133 | Epoch time: 36.6 |

2023-01-27 15:54:58,616 - INFO -
| Epoch:    138 | Train loss: 0.0434 | Valid loss: 0.0963 | Train acc: 0.9835 | Valid acc: 0.9615 | patience: 134 | Epoch time: 36.6 |

2023-01-27 15:55:35,168 - INFO -
| Epoch:    139 | Train loss: 0.0421 | Valid loss: 0.0992 | Train acc: 0.9836 | Valid acc: 0.9627 | patience: 135 | Epoch time: 36.6 |

2023-01-27 15:56:11,712 - INFO -
| Epoch:    140 | Train loss: 0.0406 | Valid loss: 0.0984 | Train acc: 0.9837 | Valid acc: 0.9619 | patience: 136 | Epoch time: 36.5 |

2023-01-27 15:56:48,281 - INFO -
| Epoch:    141 | Train loss: 0.0431 | Valid loss: 0.0971 | Train acc: 0.9834 | Valid acc: 0.9623 | patience: 137 | Epoch time: 36.6 |

2023-01-27 15:57:24,870 - INFO -
| Epoch:    142 | Train loss: 0.0422 | Valid loss: 0.0986 | Train acc: 0.9826 | Valid acc: 0.9620 | patience: 138 | Epoch time: 36.6 |

2023-01-27 15:58:01,428 - INFO -
| Epoch:    143 | Train loss: 0.0424 | Valid loss: 0.0959 | Train acc: 0.9825 | Valid acc: 0.9628 | patience: 139 | Epoch time: 36.6 |

2023-01-27 15:58:37,992 - INFO -
| Epoch:    144 | Train loss: 0.0418 | Valid loss: 0.0963 | Train acc: 0.9824 | Valid acc: 0.9624 | patience: 140 | Epoch time: 36.6 |

2023-01-27 15:59:14,575 - INFO -
| Epoch:    145 | Train loss: 0.0431 | Valid loss: 0.0962 | Train acc: 0.9834 | Valid acc: 0.9613 | patience: 141 | Epoch time: 36.6 |

2023-01-27 15:59:51,139 - INFO -
| Epoch:    146 | Train loss: 0.0420 | Valid loss: 0.0970 | Train acc: 0.9830 | Valid acc: 0.9626 | patience: 142 | Epoch time: 36.6 |

2023-01-27 16:00:27,740 - INFO -
| Epoch:    147 | Train loss: 0.0435 | Valid loss: 0.0976 | Train acc: 0.9834 | Valid acc: 0.9618 | patience: 143 | Epoch time: 36.6 |

2023-01-27 16:01:04,432 - INFO -
| Epoch:    148 | Train loss: 0.0417 | Valid loss: 0.0966 | Train acc: 0.9839 | Valid acc: 0.9625 | patience: 144 | Epoch time: 36.7 |

2023-01-27 16:01:40,989 - INFO -
| Epoch:    149 | Train loss: 0.0423 | Valid loss: 0.0980 | Train acc: 0.9834 | Valid acc: 0.9608 | patience: 145 | Epoch time: 36.6 |

2023-01-27 16:02:17,542 - INFO -
| Epoch:    150 | Train loss: 0.0420 | Valid loss: 0.0970 | Train acc: 0.9832 | Valid acc: 0.9612 | patience: 146 | Epoch time: 36.6 |

2023-01-27 16:02:54,154 - INFO -
| Epoch:    151 | Train loss: 0.0432 | Valid loss: 0.0981 | Train acc: 0.9839 | Valid acc: 0.9611 | patience: 147 | Epoch time: 36.6 |

2023-01-27 16:03:30,710 - INFO -
| Epoch:    152 | Train loss: 0.0416 | Valid loss: 0.0983 | Train acc: 0.9831 | Valid acc: 0.9623 | patience: 148 | Epoch time: 36.6 |

2023-01-27 16:04:07,313 - INFO -
| Epoch:    153 | Train loss: 0.0419 | Valid loss: 0.0972 | Train acc: 0.9837 | Valid acc: 0.9624 | patience: 149 | Epoch time: 36.6 |

2023-01-27 16:04:43,891 - INFO -
| Epoch:    154 | Train loss: 0.0414 | Valid loss: 0.0961 | Train acc: 0.9838 | Valid acc: 0.9620 | patience: 150 | Epoch time: 36.6 |

2023-01-27 16:05:20,490 - INFO -
| Epoch:    155 | Train loss: 0.0427 | Valid loss: 0.0964 | Train acc: 0.9828 | Valid acc: 0.9621 | patience: 151 | Epoch time: 36.6 |

2023-01-27 16:05:57,071 - INFO -
| Epoch:    156 | Train loss: 0.0429 | Valid loss: 0.0944 | Train acc: 0.9836 | Valid acc: 0.9633 | patience: 152 | Epoch time: 36.6 |

2023-01-27 16:06:33,642 - INFO -
| Epoch:    157 | Train loss: 0.0431 | Valid loss: 0.0981 | Train acc: 0.9842 | Valid acc: 0.9633 | patience: 153 | Epoch time: 36.6 |

2023-01-27 16:07:10,194 - INFO -
| Epoch:    158 | Train loss: 0.0426 | Valid loss: 0.0966 | Train acc: 0.9828 | Valid acc: 0.9620 | patience: 154 | Epoch time: 36.6 |

2023-01-27 16:07:46,741 - INFO -
| Epoch:    159 | Train loss: 0.0413 | Valid loss: 0.0971 | Train acc: 0.9832 | Valid acc: 0.9636 | patience: 155 | Epoch time: 36.5 |

2023-01-27 16:08:23,318 - INFO -
| Epoch:    160 | Train loss: 0.0427 | Valid loss: 0.0971 | Train acc: 0.9833 | Valid acc: 0.9630 | patience: 156 | Epoch time: 36.6 |

2023-01-27 16:08:59,887 - INFO -
| Epoch:    161 | Train loss: 0.0426 | Valid loss: 0.0970 | Train acc: 0.9838 | Valid acc: 0.9630 | patience: 157 | Epoch time: 36.6 |

2023-01-27 16:09:36,418 - INFO -
| Epoch:    162 | Train loss: 0.0415 | Valid loss: 0.1010 | Train acc: 0.9841 | Valid acc: 0.9625 | patience: 158 | Epoch time: 36.5 |

2023-01-27 16:10:12,977 - INFO -
| Epoch:    163 | Train loss: 0.0420 | Valid loss: 0.0968 | Train acc: 0.9825 | Valid acc: 0.9628 | patience: 159 | Epoch time: 36.6 |

2023-01-27 16:10:49,551 - INFO -
| Epoch:    164 | Train loss: 0.0417 | Valid loss: 0.0966 | Train acc: 0.9835 | Valid acc: 0.9620 | patience: 160 | Epoch time: 36.6 |

2023-01-27 16:11:26,127 - INFO -
| Epoch:    165 | Train loss: 0.0422 | Valid loss: 0.0981 | Train acc: 0.9840 | Valid acc: 0.9602 | patience: 161 | Epoch time: 36.6 |

2023-01-27 16:12:02,701 - INFO -
| Epoch:    166 | Train loss: 0.0430 | Valid loss: 0.0975 | Train acc: 0.9835 | Valid acc: 0.9607 | patience: 162 | Epoch time: 36.6 |

2023-01-27 16:12:39,273 - INFO -
| Epoch:    167 | Train loss: 0.0422 | Valid loss: 0.0965 | Train acc: 0.9833 | Valid acc: 0.9611 | patience: 163 | Epoch time: 36.6 |

2023-01-27 16:13:15,872 - INFO -
| Epoch:    168 | Train loss: 0.0420 | Valid loss: 0.0988 | Train acc: 0.9836 | Valid acc: 0.9614 | patience: 164 | Epoch time: 36.6 |

2023-01-27 16:13:52,529 - INFO -
| Epoch:    169 | Train loss: 0.0435 | Valid loss: 0.0973 | Train acc: 0.9834 | Valid acc: 0.9615 | patience: 165 | Epoch time: 36.7 |

2023-01-27 16:14:29,118 - INFO -
| Epoch:    170 | Train loss: 0.0410 | Valid loss: 0.0958 | Train acc: 0.9832 | Valid acc: 0.9615 | patience: 166 | Epoch time: 36.6 |

2023-01-27 16:15:05,687 - INFO -
| Epoch:    171 | Train loss: 0.0410 | Valid loss: 0.0941 | Train acc: 0.9834 | Valid acc: 0.9629 | patience: 167 | Epoch time: 36.6 |

2023-01-27 16:15:42,243 - INFO -
| Epoch:    172 | Train loss: 0.0419 | Valid loss: 0.0952 | Train acc: 0.9837 | Valid acc: 0.9625 | patience: 168 | Epoch time: 36.6 |

2023-01-27 16:16:18,804 - INFO -
| Epoch:    173 | Train loss: 0.0435 | Valid loss: 0.0972 | Train acc: 0.9826 | Valid acc: 0.9630 | patience: 169 | Epoch time: 36.6 |

2023-01-27 16:16:55,387 - INFO -
| Epoch:    174 | Train loss: 0.0421 | Valid loss: 0.0961 | Train acc: 0.9840 | Valid acc: 0.9620 | patience: 170 | Epoch time: 36.6 |

2023-01-27 16:17:31,969 - INFO -
| Epoch:    175 | Train loss: 0.0415 | Valid loss: 0.0979 | Train acc: 0.9837 | Valid acc: 0.9603 | patience: 171 | Epoch time: 36.6 |

2023-01-27 16:18:08,549 - INFO -
| Epoch:    176 | Train loss: 0.0414 | Valid loss: 0.0982 | Train acc: 0.9837 | Valid acc: 0.9618 | patience: 172 | Epoch time: 36.6 |

2023-01-27 16:18:45,097 - INFO -
| Epoch:    177 | Train loss: 0.0406 | Valid loss: 0.0985 | Train acc: 0.9840 | Valid acc: 0.9618 | patience: 173 | Epoch time: 36.5 |

2023-01-27 16:19:21,665 - INFO -
| Epoch:    178 | Train loss: 0.0432 | Valid loss: 0.0979 | Train acc: 0.9835 | Valid acc: 0.9628 | patience: 174 | Epoch time: 36.6 |

2023-01-27 16:19:58,245 - INFO -
| Epoch:    179 | Train loss: 0.0416 | Valid loss: 0.0954 | Train acc: 0.9840 | Valid acc: 0.9627 | patience: 175 | Epoch time: 36.6 |

2023-01-27 16:20:34,855 - INFO -
| Epoch:    180 | Train loss: 0.0412 | Valid loss: 0.0963 | Train acc: 0.9841 | Valid acc: 0.9616 | patience: 176 | Epoch time: 36.6 |

2023-01-27 16:21:11,462 - INFO -
| Epoch:    181 | Train loss: 0.0429 | Valid loss: 0.0956 | Train acc: 0.9840 | Valid acc: 0.9618 | patience: 177 | Epoch time: 36.6 |

2023-01-27 16:21:48,020 - INFO -
| Epoch:    182 | Train loss: 0.0427 | Valid loss: 0.0943 | Train acc: 0.9836 | Valid acc: 0.9633 | patience: 178 | Epoch time: 36.6 |

2023-01-27 16:22:24,574 - INFO -
| Epoch:    183 | Train loss: 0.0413 | Valid loss: 0.0953 | Train acc: 0.9841 | Valid acc: 0.9623 | patience: 179 | Epoch time: 36.6 |

2023-01-27 16:23:01,034 - INFO -
| Epoch:    184 | Train loss: 0.0425 | Valid loss: 0.0989 | Train acc: 0.9839 | Valid acc: 0.9633 | patience: 180 | Epoch time: 36.5 |

2023-01-27 16:23:37,594 - INFO -
| Epoch:    185 | Train loss: 0.0416 | Valid loss: 0.0965 | Train acc: 0.9839 | Valid acc: 0.9616 | patience: 181 | Epoch time: 36.6 |

2023-01-27 16:24:14,143 - INFO -
| Epoch:    186 | Train loss: 0.0416 | Valid loss: 0.0987 | Train acc: 0.9836 | Valid acc: 0.9625 | patience: 182 | Epoch time: 36.5 |

2023-01-27 16:24:50,591 - INFO -
| Epoch:    187 | Train loss: 0.0416 | Valid loss: 0.0980 | Train acc: 0.9838 | Valid acc: 0.9628 | patience: 183 | Epoch time: 36.4 |

2023-01-27 16:25:27,144 - INFO -
| Epoch:    188 | Train loss: 0.0420 | Valid loss: 0.0988 | Train acc: 0.9835 | Valid acc: 0.9616 | patience: 184 | Epoch time: 36.6 |

2023-01-27 16:26:03,739 - INFO -
| Epoch:    189 | Train loss: 0.0430 | Valid loss: 0.0940 | Train acc: 0.9840 | Valid acc: 0.9622 | patience: 185 | Epoch time: 36.6 |

2023-01-27 16:26:40,337 - INFO -
| Epoch:    190 | Train loss: 0.0416 | Valid loss: 0.0968 | Train acc: 0.9838 | Valid acc: 0.9613 | patience: 186 | Epoch time: 36.6 |

2023-01-27 16:27:16,912 - INFO -
| Epoch:    191 | Train loss: 0.0412 | Valid loss: 0.0968 | Train acc: 0.9830 | Valid acc: 0.9620 | patience: 187 | Epoch time: 36.6 |

2023-01-27 16:27:53,484 - INFO -
| Epoch:    192 | Train loss: 0.0410 | Valid loss: 0.0968 | Train acc: 0.9832 | Valid acc: 0.9631 | patience: 188 | Epoch time: 36.6 |

2023-01-27 16:28:30,049 - INFO -
| Epoch:    193 | Train loss: 0.0420 | Valid loss: 0.0948 | Train acc: 0.9834 | Valid acc: 0.9624 | patience: 189 | Epoch time: 36.6 |

2023-01-27 16:29:06,587 - INFO -
| Epoch:    194 | Train loss: 0.0423 | Valid loss: 0.0960 | Train acc: 0.9832 | Valid acc: 0.9633 | patience: 190 | Epoch time: 36.5 |

2023-01-27 16:29:43,125 - INFO -
| Epoch:    195 | Train loss: 0.0426 | Valid loss: 0.0976 | Train acc: 0.9837 | Valid acc: 0.9632 | patience: 191 | Epoch time: 36.5 |

2023-01-27 16:30:19,702 - INFO -
| Epoch:    196 | Train loss: 0.0407 | Valid loss: 0.0984 | Train acc: 0.9837 | Valid acc: 0.9624 | patience: 192 | Epoch time: 36.6 |

2023-01-27 16:30:56,306 - INFO -
| Epoch:    197 | Train loss: 0.0413 | Valid loss: 0.0959 | Train acc: 0.9847 | Valid acc: 0.9608 | patience: 193 | Epoch time: 36.6 |

2023-01-27 16:31:32,875 - INFO -
| Epoch:    198 | Train loss: 0.0419 | Valid loss: 0.1010 | Train acc: 0.9834 | Valid acc: 0.9618 | patience: 194 | Epoch time: 36.6 |

2023-01-27 16:32:09,415 - INFO -
| Epoch:    199 | Train loss: 0.0426 | Valid loss: 0.0997 | Train acc: 0.9834 | Valid acc: 0.9598 | patience: 195 | Epoch time: 36.5 |

2023-01-27 16:32:45,965 - INFO -
| Epoch:    200 | Train loss: 0.0415 | Valid loss: 0.0991 | Train acc: 0.9844 | Valid acc: 0.9609 | patience: 196 | Epoch time: 36.5 |

2023-01-27 16:33:22,559 - INFO -
| Epoch:    201 | Train loss: 0.0406 | Valid loss: 0.0979 | Train acc: 0.9840 | Valid acc: 0.9615 | patience: 197 | Epoch time: 36.6 |

2023-01-27 16:33:59,142 - INFO -
| Epoch:    202 | Train loss: 0.0412 | Valid loss: 0.0957 | Train acc: 0.9834 | Valid acc: 0.9623 | patience: 198 | Epoch time: 36.6 |

2023-01-27 16:34:35,681 - INFO -
| Epoch:    203 | Train loss: 0.0409 | Valid loss: 0.0973 | Train acc: 0.9834 | Valid acc: 0.9617 | patience: 199 | Epoch time: 36.5 |

2023-01-27 16:35:12,269 - INFO -
| Epoch:    204 | Train loss: 0.0402 | Valid loss: 0.0977 | Train acc: 0.9843 | Valid acc: 0.9618 | patience: 200 | Epoch time: 36.6 |

2023-01-27 16:35:48,828 - INFO -
| Epoch:    205 | Train loss: 0.0446 | Valid loss: 0.0996 | Train acc: 0.9840 | Valid acc: 0.9630 | patience: 201 | Epoch time: 36.6 |

2023-01-27 16:36:25,388 - INFO -
| Epoch:    206 | Train loss: 0.0412 | Valid loss: 0.0988 | Train acc: 0.9840 | Valid acc: 0.9617 | patience: 202 | Epoch time: 36.6 |

2023-01-27 16:37:01,944 - INFO -
| Epoch:    207 | Train loss: 0.0408 | Valid loss: 0.0977 | Train acc: 0.9840 | Valid acc: 0.9627 | patience: 203 | Epoch time: 36.6 |

2023-01-27 16:37:38,590 - INFO -
| Epoch:    208 | Train loss: 0.0405 | Valid loss: 0.0998 | Train acc: 0.9836 | Valid acc: 0.9614 | patience: 204 | Epoch time: 36.6 |

2023-01-27 16:38:15,194 - INFO -
| Epoch:    209 | Train loss: 0.0432 | Valid loss: 0.0965 | Train acc: 0.9838 | Valid acc: 0.9617 | patience: 205 | Epoch time: 36.6 |

2023-01-27 16:38:51,760 - INFO -
| Epoch:    210 | Train loss: 0.0408 | Valid loss: 0.0984 | Train acc: 0.9839 | Valid acc: 0.9617 | patience: 206 | Epoch time: 36.6 |

2023-01-27 16:39:28,214 - INFO -
| Epoch:    211 | Train loss: 0.0410 | Valid loss: 0.0971 | Train acc: 0.9840 | Valid acc: 0.9622 | patience: 207 | Epoch time: 36.5 |

2023-01-27 16:40:04,765 - INFO -
| Epoch:    212 | Train loss: 0.0414 | Valid loss: 0.0978 | Train acc: 0.9838 | Valid acc: 0.9625 | patience: 208 | Epoch time: 36.6 |

2023-01-27 16:40:41,300 - INFO -
| Epoch:    213 | Train loss: 0.0421 | Valid loss: 0.0985 | Train acc: 0.9835 | Valid acc: 0.9627 | patience: 209 | Epoch time: 36.5 |

2023-01-27 16:41:17,912 - INFO -
| Epoch:    214 | Train loss: 0.0416 | Valid loss: 0.0970 | Train acc: 0.9840 | Valid acc: 0.9634 | patience: 210 | Epoch time: 36.6 |

2023-01-27 16:41:54,386 - INFO -
| Epoch:    215 | Train loss: 0.0409 | Valid loss: 0.0958 | Train acc: 0.9832 | Valid acc: 0.9625 | patience: 211 | Epoch time: 36.5 |

2023-01-27 16:42:30,977 - INFO -
| Epoch:    216 | Train loss: 0.0419 | Valid loss: 0.0954 | Train acc: 0.9829 | Valid acc: 0.9621 | patience: 212 | Epoch time: 36.6 |

2023-01-27 16:43:07,546 - INFO -
| Epoch:    217 | Train loss: 0.0412 | Valid loss: 0.0980 | Train acc: 0.9844 | Valid acc: 0.9622 | patience: 213 | Epoch time: 36.6 |

2023-01-27 16:43:44,599 - INFO -
| Epoch:    218 | Train loss: 0.0422 | Valid loss: 0.0982 | Train acc: 0.9846 | Valid acc: 0.9615 | patience: 214 | Epoch time: 37.1 |

2023-01-27 16:44:21,129 - INFO -
| Epoch:    219 | Train loss: 0.0402 | Valid loss: 0.0974 | Train acc: 0.9840 | Valid acc: 0.9623 | patience: 215 | Epoch time: 36.5 |

2023-01-27 16:44:57,749 - INFO -
| Epoch:    220 | Train loss: 0.0406 | Valid loss: 0.0972 | Train acc: 0.9842 | Valid acc: 0.9625 | patience: 216 | Epoch time: 36.6 |

2023-01-27 16:45:34,376 - INFO -
| Epoch:    221 | Train loss: 0.0417 | Valid loss: 0.0994 | Train acc: 0.9842 | Valid acc: 0.9622 | patience: 217 | Epoch time: 36.6 |

2023-01-27 16:46:10,968 - INFO -
| Epoch:    222 | Train loss: 0.0414 | Valid loss: 0.0972 | Train acc: 0.9838 | Valid acc: 0.9619 | patience: 218 | Epoch time: 36.6 |

2023-01-27 16:46:47,627 - INFO -
| Epoch:    223 | Train loss: 0.0412 | Valid loss: 0.0981 | Train acc: 0.9846 | Valid acc: 0.9619 | patience: 219 | Epoch time: 36.7 |

2023-01-27 16:47:24,182 - INFO -
| Epoch:    224 | Train loss: 0.0417 | Valid loss: 0.0973 | Train acc: 0.9840 | Valid acc: 0.9611 | patience: 220 | Epoch time: 36.6 |

2023-01-27 16:48:00,830 - INFO -
| Epoch:    225 | Train loss: 0.0415 | Valid loss: 0.0971 | Train acc: 0.9840 | Valid acc: 0.9633 | patience: 221 | Epoch time: 36.6 |

2023-01-27 16:48:37,446 - INFO -
| Epoch:    226 | Train loss: 0.0412 | Valid loss: 0.0959 | Train acc: 0.9844 | Valid acc: 0.9627 | patience: 222 | Epoch time: 36.6 |

2023-01-27 16:49:14,025 - INFO -
| Epoch:    227 | Train loss: 0.0400 | Valid loss: 0.0972 | Train acc: 0.9843 | Valid acc: 0.9630 | patience: 223 | Epoch time: 36.6 |

2023-01-27 16:49:50,663 - INFO -
| Epoch:    228 | Train loss: 0.0408 | Valid loss: 0.0972 | Train acc: 0.9841 | Valid acc: 0.9631 | patience: 224 | Epoch time: 36.6 |

2023-01-27 16:50:27,425 - INFO -
| Epoch:    229 | Train loss: 0.0425 | Valid loss: 0.0959 | Train acc: 0.9836 | Valid acc: 0.9627 | patience: 225 | Epoch time: 36.8 |

2023-01-27 16:51:04,080 - INFO -
| Epoch:    230 | Train loss: 0.0406 | Valid loss: 0.0966 | Train acc: 0.9845 | Valid acc: 0.9624 | patience: 226 | Epoch time: 36.7 |

2023-01-27 16:51:40,708 - INFO -
| Epoch:    231 | Train loss: 0.0415 | Valid loss: 0.0973 | Train acc: 0.9845 | Valid acc: 0.9631 | patience: 227 | Epoch time: 36.6 |

2023-01-27 16:52:19,542 - INFO -
| Epoch:    232 | Train loss: 0.0416 | Valid loss: 0.0968 | Train acc: 0.9835 | Valid acc: 0.9626 | patience: 228 | Epoch time: 38.8 |

2023-01-27 16:52:56,562 - INFO -
| Epoch:    233 | Train loss: 0.0407 | Valid loss: 0.0976 | Train acc: 0.9839 | Valid acc: 0.9615 | patience: 229 | Epoch time: 37.0 |

2023-01-27 16:53:33,200 - INFO -
| Epoch:    234 | Train loss: 0.0401 | Valid loss: 0.0964 | Train acc: 0.9841 | Valid acc: 0.9622 | patience: 230 | Epoch time: 36.6 |

2023-01-27 16:54:09,795 - INFO -
| Epoch:    235 | Train loss: 0.0414 | Valid loss: 0.0982 | Train acc: 0.9835 | Valid acc: 0.9620 | patience: 231 | Epoch time: 36.6 |

2023-01-27 16:54:46,401 - INFO -
| Epoch:    236 | Train loss: 0.0403 | Valid loss: 0.0978 | Train acc: 0.9836 | Valid acc: 0.9620 | patience: 232 | Epoch time: 36.6 |

2023-01-27 16:55:23,041 - INFO -
| Epoch:    237 | Train loss: 0.0412 | Valid loss: 0.0964 | Train acc: 0.9828 | Valid acc: 0.9625 | patience: 233 | Epoch time: 36.6 |

2023-01-27 16:55:59,700 - INFO -
| Epoch:    238 | Train loss: 0.0408 | Valid loss: 0.0963 | Train acc: 0.9838 | Valid acc: 0.9607 | patience: 234 | Epoch time: 36.7 |

2023-01-27 16:56:36,268 - INFO -
| Epoch:    239 | Train loss: 0.0400 | Valid loss: 0.0961 | Train acc: 0.9846 | Valid acc: 0.9626 | patience: 235 | Epoch time: 36.6 |

2023-01-27 16:57:12,951 - INFO -
| Epoch:    240 | Train loss: 0.0419 | Valid loss: 0.0960 | Train acc: 0.9842 | Valid acc: 0.9628 | patience: 236 | Epoch time: 36.7 |

2023-01-27 16:57:49,655 - INFO -
| Epoch:    241 | Train loss: 0.0419 | Valid loss: 0.0960 | Train acc: 0.9839 | Valid acc: 0.9631 | patience: 237 | Epoch time: 36.7 |

2023-01-27 16:58:26,287 - INFO -
| Epoch:    242 | Train loss: 0.0412 | Valid loss: 0.0962 | Train acc: 0.9836 | Valid acc: 0.9624 | patience: 238 | Epoch time: 36.6 |

2023-01-27 16:59:02,897 - INFO -
| Epoch:    243 | Train loss: 0.0395 | Valid loss: 0.0975 | Train acc: 0.9846 | Valid acc: 0.9631 | patience: 239 | Epoch time: 36.6 |

2023-01-27 16:59:39,520 - INFO -
| Epoch:    244 | Train loss: 0.0414 | Valid loss: 0.0963 | Train acc: 0.9836 | Valid acc: 0.9627 | patience: 240 | Epoch time: 36.6 |

2023-01-27 17:00:16,069 - INFO -
| Epoch:    245 | Train loss: 0.0404 | Valid loss: 0.0968 | Train acc: 0.9838 | Valid acc: 0.9617 | patience: 241 | Epoch time: 36.5 |

2023-01-27 17:00:52,705 - INFO -
| Epoch:    246 | Train loss: 0.0403 | Valid loss: 0.0968 | Train acc: 0.9837 | Valid acc: 0.9615 | patience: 242 | Epoch time: 36.6 |

2023-01-27 17:01:29,338 - INFO -
| Epoch:    247 | Train loss: 0.0414 | Valid loss: 0.0973 | Train acc: 0.9845 | Valid acc: 0.9614 | patience: 243 | Epoch time: 36.6 |

2023-01-27 17:02:05,867 - INFO -
| Epoch:    248 | Train loss: 0.0406 | Valid loss: 0.0976 | Train acc: 0.9847 | Valid acc: 0.9613 | patience: 244 | Epoch time: 36.5 |

2023-01-27 17:02:42,532 - INFO -
| Epoch:    249 | Train loss: 0.0394 | Valid loss: 0.0970 | Train acc: 0.9839 | Valid acc: 0.9602 | patience: 245 | Epoch time: 36.7 |

2023-01-27 17:03:19,168 - INFO -
| Epoch:    250 | Train loss: 0.0401 | Valid loss: 0.0969 | Train acc: 0.9839 | Valid acc: 0.9620 | patience: 246 | Epoch time: 36.6 |

2023-01-27 17:03:55,793 - INFO -
| Epoch:    251 | Train loss: 0.0397 | Valid loss: 0.1004 | Train acc: 0.9839 | Valid acc: 0.9628 | patience: 247 | Epoch time: 36.6 |

2023-01-27 17:04:32,425 - INFO -
| Epoch:    252 | Train loss: 0.0423 | Valid loss: 0.0968 | Train acc: 0.9843 | Valid acc: 0.9612 | patience: 248 | Epoch time: 36.6 |

2023-01-27 17:05:09,032 - INFO -
| Epoch:    253 | Train loss: 0.0411 | Valid loss: 0.0986 | Train acc: 0.9848 | Valid acc: 0.9620 | patience: 249 | Epoch time: 36.6 |

2023-01-27 17:05:45,617 - INFO -
| Epoch:    254 | Train loss: 0.0403 | Valid loss: 0.0979 | Train acc: 0.9839 | Valid acc: 0.9621 | patience: 250 | Epoch time: 36.6 |

2023-01-27 17:06:22,260 - INFO -
| Epoch:    255 | Train loss: 0.0416 | Valid loss: 0.1009 | Train acc: 0.9844 | Valid acc: 0.9623 | patience: 251 | Epoch time: 36.6 |

2023-01-27 17:06:58,805 - INFO -
| Epoch:    256 | Train loss: 0.0407 | Valid loss: 0.0976 | Train acc: 0.9837 | Valid acc: 0.9620 | patience: 252 | Epoch time: 36.5 |

2023-01-27 17:07:35,332 - INFO -
| Epoch:    257 | Train loss: 0.0402 | Valid loss: 0.0982 | Train acc: 0.9845 | Valid acc: 0.9611 | patience: 253 | Epoch time: 36.5 |

2023-01-27 17:08:11,902 - INFO -
| Epoch:    258 | Train loss: 0.0405 | Valid loss: 0.0961 | Train acc: 0.9835 | Valid acc: 0.9629 | patience: 254 | Epoch time: 36.6 |

2023-01-27 17:08:48,457 - INFO -
| Epoch:    259 | Train loss: 0.0402 | Valid loss: 0.0985 | Train acc: 0.9847 | Valid acc: 0.9627 | patience: 255 | Epoch time: 36.6 |

2023-01-27 17:09:24,973 - INFO -
| Epoch:    260 | Train loss: 0.0415 | Valid loss: 0.0985 | Train acc: 0.9836 | Valid acc: 0.9621 | patience: 256 | Epoch time: 36.5 |

2023-01-27 17:10:01,465 - INFO -
| Epoch:    261 | Train loss: 0.0406 | Valid loss: 0.0979 | Train acc: 0.9841 | Valid acc: 0.9624 | patience: 257 | Epoch time: 36.5 |

2023-01-27 17:10:37,971 - INFO -
| Epoch:    262 | Train loss: 0.0418 | Valid loss: 0.0997 | Train acc: 0.9846 | Valid acc: 0.9624 | patience: 258 | Epoch time: 36.5 |

2023-01-27 17:11:14,449 - INFO -
| Epoch:    263 | Train loss: 0.0415 | Valid loss: 0.0980 | Train acc: 0.9842 | Valid acc: 0.9619 | patience: 259 | Epoch time: 36.5 |

2023-01-27 17:11:50,953 - INFO -
| Epoch:    264 | Train loss: 0.0407 | Valid loss: 0.0980 | Train acc: 0.9833 | Valid acc: 0.9621 | patience: 260 | Epoch time: 36.5 |

2023-01-27 17:12:27,515 - INFO -
| Epoch:    265 | Train loss: 0.0413 | Valid loss: 0.0953 | Train acc: 0.9842 | Valid acc: 0.9615 | patience: 261 | Epoch time: 36.6 |

2023-01-27 17:13:04,063 - INFO -
| Epoch:    266 | Train loss: 0.0407 | Valid loss: 0.0965 | Train acc: 0.9844 | Valid acc: 0.9629 | patience: 262 | Epoch time: 36.5 |

2023-01-27 17:13:40,621 - INFO -
| Epoch:    267 | Train loss: 0.0415 | Valid loss: 0.0983 | Train acc: 0.9846 | Valid acc: 0.9627 | patience: 263 | Epoch time: 36.6 |

2023-01-27 17:14:17,205 - INFO -
| Epoch:    268 | Train loss: 0.0414 | Valid loss: 0.0962 | Train acc: 0.9843 | Valid acc: 0.9629 | patience: 264 | Epoch time: 36.6 |

2023-01-27 17:14:53,709 - INFO -
| Epoch:    269 | Train loss: 0.0407 | Valid loss: 0.0967 | Train acc: 0.9841 | Valid acc: 0.9625 | patience: 265 | Epoch time: 36.5 |

2023-01-27 17:15:30,237 - INFO -
| Epoch:    270 | Train loss: 0.0408 | Valid loss: 0.0978 | Train acc: 0.9848 | Valid acc: 0.9620 | patience: 266 | Epoch time: 36.5 |

2023-01-27 17:16:06,731 - INFO -
| Epoch:    271 | Train loss: 0.0404 | Valid loss: 0.0973 | Train acc: 0.9839 | Valid acc: 0.9625 | patience: 267 | Epoch time: 36.5 |

2023-01-27 17:16:43,251 - INFO -
| Epoch:    272 | Train loss: 0.0404 | Valid loss: 0.0981 | Train acc: 0.9846 | Valid acc: 0.9626 | patience: 268 | Epoch time: 36.5 |

2023-01-27 17:17:19,773 - INFO -
| Epoch:    273 | Train loss: 0.0400 | Valid loss: 0.0993 | Train acc: 0.9848 | Valid acc: 0.9628 | patience: 269 | Epoch time: 36.5 |

2023-01-27 17:17:56,289 - INFO -
| Epoch:    274 | Train loss: 0.0398 | Valid loss: 0.0966 | Train acc: 0.9841 | Valid acc: 0.9631 | patience: 270 | Epoch time: 36.5 |

2023-01-27 17:18:32,825 - INFO -
| Epoch:    275 | Train loss: 0.0405 | Valid loss: 0.0972 | Train acc: 0.9848 | Valid acc: 0.9628 | patience: 271 | Epoch time: 36.5 |

2023-01-27 17:19:09,345 - INFO -
| Epoch:    276 | Train loss: 0.0411 | Valid loss: 0.0956 | Train acc: 0.9837 | Valid acc: 0.9631 | patience: 272 | Epoch time: 36.5 |

2023-01-27 17:19:45,878 - INFO -
| Epoch:    277 | Train loss: 0.0398 | Valid loss: 0.0973 | Train acc: 0.9839 | Valid acc: 0.9625 | patience: 273 | Epoch time: 36.5 |

2023-01-27 17:20:22,425 - INFO -
| Epoch:    278 | Train loss: 0.0417 | Valid loss: 0.0965 | Train acc: 0.9832 | Valid acc: 0.9615 | patience: 274 | Epoch time: 36.5 |

2023-01-27 17:20:58,981 - INFO -
| Epoch:    279 | Train loss: 0.0407 | Valid loss: 0.0979 | Train acc: 0.9839 | Valid acc: 0.9621 | patience: 275 | Epoch time: 36.5 |

2023-01-27 17:21:35,515 - INFO -
| Epoch:    280 | Train loss: 0.0402 | Valid loss: 0.0963 | Train acc: 0.9848 | Valid acc: 0.9628 | patience: 276 | Epoch time: 36.5 |

2023-01-27 17:22:12,043 - INFO -
| Epoch:    281 | Train loss: 0.0409 | Valid loss: 0.0964 | Train acc: 0.9836 | Valid acc: 0.9629 | patience: 277 | Epoch time: 36.5 |

2023-01-27 17:22:48,584 - INFO -
| Epoch:    282 | Train loss: 0.0403 | Valid loss: 0.0986 | Train acc: 0.9843 | Valid acc: 0.9613 | patience: 278 | Epoch time: 36.5 |

2023-01-27 17:23:25,098 - INFO -
| Epoch:    283 | Train loss: 0.0407 | Valid loss: 0.0962 | Train acc: 0.9848 | Valid acc: 0.9620 | patience: 279 | Epoch time: 36.5 |

2023-01-27 17:24:01,600 - INFO -
| Epoch:    284 | Train loss: 0.0402 | Valid loss: 0.0965 | Train acc: 0.9841 | Valid acc: 0.9627 | patience: 280 | Epoch time: 36.5 |

2023-01-27 17:24:38,153 - INFO -
| Epoch:    285 | Train loss: 0.0400 | Valid loss: 0.0966 | Train acc: 0.9840 | Valid acc: 0.9628 | patience: 281 | Epoch time: 36.5 |

2023-01-27 17:25:14,668 - INFO -
| Epoch:    286 | Train loss: 0.0404 | Valid loss: 0.0960 | Train acc: 0.9845 | Valid acc: 0.9636 | patience: 282 | Epoch time: 36.5 |

2023-01-27 17:25:51,199 - INFO -
| Epoch:    287 | Train loss: 0.0401 | Valid loss: 0.0968 | Train acc: 0.9845 | Valid acc: 0.9637 | patience: 283 | Epoch time: 36.5 |

2023-01-27 17:26:27,708 - INFO -
| Epoch:    288 | Train loss: 0.0408 | Valid loss: 0.0959 | Train acc: 0.9842 | Valid acc: 0.9630 | patience: 284 | Epoch time: 36.5 |

2023-01-27 17:27:04,278 - INFO -
| Epoch:    289 | Train loss: 0.0401 | Valid loss: 0.0962 | Train acc: 0.9848 | Valid acc: 0.9634 | patience: 285 | Epoch time: 36.6 |

2023-01-27 17:27:40,809 - INFO -
| Epoch:    290 | Train loss: 0.0408 | Valid loss: 0.0966 | Train acc: 0.9847 | Valid acc: 0.9634 | patience: 286 | Epoch time: 36.5 |

2023-01-27 17:28:17,334 - INFO -
| Epoch:    291 | Train loss: 0.0404 | Valid loss: 0.0956 | Train acc: 0.9838 | Valid acc: 0.9617 | patience: 287 | Epoch time: 36.5 |

2023-01-27 17:28:53,822 - INFO -
| Epoch:    292 | Train loss: 0.0390 | Valid loss: 0.0978 | Train acc: 0.9842 | Valid acc: 0.9633 | patience: 288 | Epoch time: 36.5 |

2023-01-27 17:29:30,356 - INFO -
| Epoch:    293 | Train loss: 0.0401 | Valid loss: 0.0998 | Train acc: 0.9846 | Valid acc: 0.9624 | patience: 289 | Epoch time: 36.5 |

2023-01-27 17:30:06,894 - INFO -
| Epoch:    294 | Train loss: 0.0403 | Valid loss: 0.0979 | Train acc: 0.9844 | Valid acc: 0.9622 | patience: 290 | Epoch time: 36.5 |

2023-01-27 17:30:43,380 - INFO -
| Epoch:    295 | Train loss: 0.0391 | Valid loss: 0.0963 | Train acc: 0.9848 | Valid acc: 0.9613 | patience: 291 | Epoch time: 36.5 |

2023-01-27 17:31:19,871 - INFO -
| Epoch:    296 | Train loss: 0.0403 | Valid loss: 0.0991 | Train acc: 0.9846 | Valid acc: 0.9627 | patience: 292 | Epoch time: 36.5 |

2023-01-27 17:31:56,373 - INFO -
| Epoch:    297 | Train loss: 0.0400 | Valid loss: 0.0973 | Train acc: 0.9845 | Valid acc: 0.9626 | patience: 293 | Epoch time: 36.5 |

2023-01-27 17:32:32,854 - INFO -
| Epoch:    298 | Train loss: 0.0401 | Valid loss: 0.0968 | Train acc: 0.9843 | Valid acc: 0.9609 | patience: 294 | Epoch time: 36.5 |

2023-01-27 17:33:09,340 - INFO -
| Epoch:    299 | Train loss: 0.0400 | Valid loss: 0.0980 | Train acc: 0.9844 | Valid acc: 0.9621 | patience: 295 | Epoch time: 36.5 |

2023-01-27 17:33:45,847 - INFO -
| Epoch:    300 | Train loss: 0.0400 | Valid loss: 0.0976 | Train acc: 0.9845 | Valid acc: 0.9626 | patience: 296 | Epoch time: 36.5 |

2023-01-27 17:34:22,363 - INFO -
| Epoch:    301 | Train loss: 0.0408 | Valid loss: 0.0958 | Train acc: 0.9843 | Valid acc: 0.9627 | patience: 297 | Epoch time: 36.5 |

2023-01-27 17:34:59,752 - INFO -
| Epoch:    302 | Train loss: 0.0398 | Valid loss: 0.0967 | Train acc: 0.9848 | Valid acc: 0.9617 | patience: 298 | Epoch time: 37.4 |

2023-01-27 17:35:36,311 - INFO -
| Epoch:    303 | Train loss: 0.0414 | Valid loss: 0.0969 | Train acc: 0.9845 | Valid acc: 0.9622 | patience: 299 | Epoch time: 36.5 |

2023-01-27 17:36:12,859 - INFO -
| Epoch:    304 | Train loss: 0.0402 | Valid loss: 0.0980 | Train acc: 0.9848 | Valid acc: 0.9617 | patience: 300 | Epoch time: 36.5 |

2023-01-27 17:36:49,356 - INFO -
| Epoch:    305 | Train loss: 0.0407 | Valid loss: 0.0969 | Train acc: 0.9842 | Valid acc: 0.9620 | patience: 301 | Epoch time: 36.5 |

2023-01-27 17:37:25,848 - INFO -
| Epoch:    306 | Train loss: 0.0393 | Valid loss: 0.0987 | Train acc: 0.9852 | Valid acc: 0.9623 | patience: 302 | Epoch time: 36.5 |

2023-01-27 17:38:02,383 - INFO -
| Epoch:    307 | Train loss: 0.0402 | Valid loss: 0.0997 | Train acc: 0.9841 | Valid acc: 0.9616 | patience: 303 | Epoch time: 36.5 |

2023-01-27 17:38:38,846 - INFO -
| Epoch:    308 | Train loss: 0.0410 | Valid loss: 0.0965 | Train acc: 0.9832 | Valid acc: 0.9622 | patience: 304 | Epoch time: 36.5 |

2023-01-27 17:39:15,358 - INFO -
| Epoch:    309 | Train loss: 0.0399 | Valid loss: 0.0978 | Train acc: 0.9846 | Valid acc: 0.9618 | patience: 305 | Epoch time: 36.5 |

2023-01-27 17:39:51,847 - INFO -
| Epoch:    310 | Train loss: 0.0402 | Valid loss: 0.0988 | Train acc: 0.9840 | Valid acc: 0.9619 | patience: 306 | Epoch time: 36.5 |

2023-01-27 17:40:28,356 - INFO -
| Epoch:    311 | Train loss: 0.0397 | Valid loss: 0.0963 | Train acc: 0.9844 | Valid acc: 0.9625 | patience: 307 | Epoch time: 36.5 |

2023-01-27 17:41:04,907 - INFO -
| Epoch:    312 | Train loss: 0.0408 | Valid loss: 0.0974 | Train acc: 0.9849 | Valid acc: 0.9623 | patience: 308 | Epoch time: 36.6 |

2023-01-27 17:41:41,473 - INFO -
| Epoch:    313 | Train loss: 0.0399 | Valid loss: 0.0980 | Train acc: 0.9850 | Valid acc: 0.9621 | patience: 309 | Epoch time: 36.6 |

2023-01-27 17:42:18,029 - INFO -
| Epoch:    314 | Train loss: 0.0412 | Valid loss: 0.0959 | Train acc: 0.9847 | Valid acc: 0.9628 | patience: 310 | Epoch time: 36.6 |

2023-01-27 17:42:54,569 - INFO -
| Epoch:    315 | Train loss: 0.0393 | Valid loss: 0.0951 | Train acc: 0.9841 | Valid acc: 0.9629 | patience: 311 | Epoch time: 36.5 |

2023-01-27 17:43:31,067 - INFO -
| Epoch:    316 | Train loss: 0.0399 | Valid loss: 0.0956 | Train acc: 0.9851 | Valid acc: 0.9629 | patience: 312 | Epoch time: 36.5 |

2023-01-27 17:44:07,561 - INFO -
| Epoch:    317 | Train loss: 0.0414 | Valid loss: 0.0962 | Train acc: 0.9842 | Valid acc: 0.9626 | patience: 313 | Epoch time: 36.5 |

2023-01-27 17:44:44,058 - INFO -
| Epoch:    318 | Train loss: 0.0402 | Valid loss: 0.0984 | Train acc: 0.9848 | Valid acc: 0.9619 | patience: 314 | Epoch time: 36.5 |

2023-01-27 17:45:20,546 - INFO -
| Epoch:    319 | Train loss: 0.0400 | Valid loss: 0.0973 | Train acc: 0.9845 | Valid acc: 0.9626 | patience: 315 | Epoch time: 36.5 |

2023-01-27 17:45:57,048 - INFO -
| Epoch:    320 | Train loss: 0.0395 | Valid loss: 0.0969 | Train acc: 0.9845 | Valid acc: 0.9617 | patience: 316 | Epoch time: 36.5 |

2023-01-27 17:46:33,557 - INFO -
| Epoch:    321 | Train loss: 0.0409 | Valid loss: 0.0993 | Train acc: 0.9840 | Valid acc: 0.9623 | patience: 317 | Epoch time: 36.5 |

2023-01-27 17:47:10,067 - INFO -
| Epoch:    322 | Train loss: 0.0396 | Valid loss: 0.0957 | Train acc: 0.9845 | Valid acc: 0.9615 | patience: 318 | Epoch time: 36.5 |

2023-01-27 17:47:46,571 - INFO -
| Epoch:    323 | Train loss: 0.0404 | Valid loss: 0.0989 | Train acc: 0.9840 | Valid acc: 0.9630 | patience: 319 | Epoch time: 36.5 |

2023-01-27 17:48:23,029 - INFO -
| Epoch:    324 | Train loss: 0.0399 | Valid loss: 0.0956 | Train acc: 0.9850 | Valid acc: 0.9622 | patience: 320 | Epoch time: 36.5 |

2023-01-27 17:48:59,531 - INFO -
| Epoch:    325 | Train loss: 0.0401 | Valid loss: 0.0957 | Train acc: 0.9840 | Valid acc: 0.9628 | patience: 321 | Epoch time: 36.5 |

2023-01-27 17:49:36,000 - INFO -
| Epoch:    326 | Train loss: 0.0403 | Valid loss: 0.0956 | Train acc: 0.9850 | Valid acc: 0.9631 | patience: 322 | Epoch time: 36.5 |

2023-01-27 17:50:12,492 - INFO -
| Epoch:    327 | Train loss: 0.0423 | Valid loss: 0.0962 | Train acc: 0.9845 | Valid acc: 0.9632 | patience: 323 | Epoch time: 36.5 |

2023-01-27 17:50:49,039 - INFO -
| Epoch:    328 | Train loss: 0.0398 | Valid loss: 0.0960 | Train acc: 0.9849 | Valid acc: 0.9630 | patience: 324 | Epoch time: 36.5 |

2023-01-27 17:51:25,542 - INFO -
| Epoch:    329 | Train loss: 0.0397 | Valid loss: 0.0953 | Train acc: 0.9847 | Valid acc: 0.9633 | patience: 325 | Epoch time: 36.5 |

2023-01-27 17:52:02,023 - INFO -
| Epoch:    330 | Train loss: 0.0395 | Valid loss: 0.0962 | Train acc: 0.9851 | Valid acc: 0.9633 | patience: 326 | Epoch time: 36.5 |

2023-01-27 17:52:38,522 - INFO -
| Epoch:    331 | Train loss: 0.0414 | Valid loss: 0.0974 | Train acc: 0.9845 | Valid acc: 0.9623 | patience: 327 | Epoch time: 36.5 |

2023-01-27 17:53:15,112 - INFO -
| Epoch:    332 | Train loss: 0.0405 | Valid loss: 0.0966 | Train acc: 0.9837 | Valid acc: 0.9627 | patience: 328 | Epoch time: 36.6 |

2023-01-27 17:53:51,679 - INFO -
| Epoch:    333 | Train loss: 0.0414 | Valid loss: 0.0978 | Train acc: 0.9845 | Valid acc: 0.9607 | patience: 329 | Epoch time: 36.6 |

2023-01-27 17:54:28,159 - INFO -
| Epoch:    334 | Train loss: 0.0401 | Valid loss: 0.0983 | Train acc: 0.9838 | Valid acc: 0.9620 | patience: 330 | Epoch time: 36.5 |

2023-01-27 17:55:04,635 - INFO -
| Epoch:    335 | Train loss: 0.0397 | Valid loss: 0.0967 | Train acc: 0.9840 | Valid acc: 0.9626 | patience: 331 | Epoch time: 36.5 |

2023-01-27 17:55:41,099 - INFO -
| Epoch:    336 | Train loss: 0.0391 | Valid loss: 0.0982 | Train acc: 0.9845 | Valid acc: 0.9618 | patience: 332 | Epoch time: 36.5 |

2023-01-27 17:56:17,598 - INFO -
| Epoch:    337 | Train loss: 0.0408 | Valid loss: 0.0982 | Train acc: 0.9845 | Valid acc: 0.9629 | patience: 333 | Epoch time: 36.5 |

2023-01-27 17:56:54,104 - INFO -
| Epoch:    338 | Train loss: 0.0406 | Valid loss: 0.0964 | Train acc: 0.9846 | Valid acc: 0.9627 | patience: 334 | Epoch time: 36.5 |

2023-01-27 17:57:30,614 - INFO -
| Epoch:    339 | Train loss: 0.0407 | Valid loss: 0.0966 | Train acc: 0.9837 | Valid acc: 0.9623 | patience: 335 | Epoch time: 36.5 |

2023-01-27 17:58:07,093 - INFO -
| Epoch:    340 | Train loss: 0.0397 | Valid loss: 0.0966 | Train acc: 0.9847 | Valid acc: 0.9633 | patience: 336 | Epoch time: 36.5 |

2023-01-27 17:58:43,571 - INFO -
| Epoch:    341 | Train loss: 0.0403 | Valid loss: 0.0967 | Train acc: 0.9848 | Valid acc: 0.9626 | patience: 337 | Epoch time: 36.5 |

2023-01-27 17:59:20,055 - INFO -
| Epoch:    342 | Train loss: 0.0412 | Valid loss: 0.0960 | Train acc: 0.9845 | Valid acc: 0.9632 | patience: 338 | Epoch time: 36.5 |

2023-01-27 17:59:56,527 - INFO -
| Epoch:    343 | Train loss: 0.0385 | Valid loss: 0.0984 | Train acc: 0.9847 | Valid acc: 0.9617 | patience: 339 | Epoch time: 36.5 |

2023-01-27 18:00:33,016 - INFO -
| Epoch:    344 | Train loss: 0.0403 | Valid loss: 0.0977 | Train acc: 0.9842 | Valid acc: 0.9620 | patience: 340 | Epoch time: 36.5 |

2023-01-27 18:01:09,523 - INFO -
| Epoch:    345 | Train loss: 0.0409 | Valid loss: 0.0990 | Train acc: 0.9842 | Valid acc: 0.9616 | patience: 341 | Epoch time: 36.5 |

2023-01-27 18:01:46,001 - INFO -
| Epoch:    346 | Train loss: 0.0406 | Valid loss: 0.0964 | Train acc: 0.9849 | Valid acc: 0.9628 | patience: 342 | Epoch time: 36.5 |

2023-01-27 18:02:22,473 - INFO -
| Epoch:    347 | Train loss: 0.0402 | Valid loss: 0.0969 | Train acc: 0.9847 | Valid acc: 0.9625 | patience: 343 | Epoch time: 36.5 |

2023-01-27 18:02:59,010 - INFO -
| Epoch:    348 | Train loss: 0.0395 | Valid loss: 0.0953 | Train acc: 0.9847 | Valid acc: 0.9624 | patience: 344 | Epoch time: 36.5 |

2023-01-27 18:03:35,606 - INFO -
| Epoch:    349 | Train loss: 0.0410 | Valid loss: 0.0963 | Train acc: 0.9843 | Valid acc: 0.9631 | patience: 345 | Epoch time: 36.6 |

2023-01-27 18:04:12,106 - INFO -
| Epoch:    350 | Train loss: 0.0399 | Valid loss: 0.0964 | Train acc: 0.9842 | Valid acc: 0.9634 | patience: 346 | Epoch time: 36.5 |

2023-01-27 18:04:48,581 - INFO -
| Epoch:    351 | Train loss: 0.0419 | Valid loss: 0.0954 | Train acc: 0.9841 | Valid acc: 0.9629 | patience: 347 | Epoch time: 36.5 |

2023-01-27 18:05:25,095 - INFO -
| Epoch:    352 | Train loss: 0.0406 | Valid loss: 0.0967 | Train acc: 0.9845 | Valid acc: 0.9629 | patience: 348 | Epoch time: 36.5 |

2023-01-27 18:06:01,616 - INFO -
| Epoch:    353 | Train loss: 0.0413 | Valid loss: 0.0964 | Train acc: 0.9845 | Valid acc: 0.9631 | patience: 349 | Epoch time: 36.5 |

2023-01-27 18:06:38,138 - INFO -
| Epoch:    354 | Train loss: 0.0406 | Valid loss: 0.0958 | Train acc: 0.9836 | Valid acc: 0.9625 | patience: 350 | Epoch time: 36.5 |

2023-01-27 18:07:14,653 - INFO -
| Epoch:    355 | Train loss: 0.0397 | Valid loss: 0.0961 | Train acc: 0.9845 | Valid acc: 0.9628 | patience: 351 | Epoch time: 36.5 |

2023-01-27 18:07:51,134 - INFO -
| Epoch:    356 | Train loss: 0.0396 | Valid loss: 0.0959 | Train acc: 0.9849 | Valid acc: 0.9627 | patience: 352 | Epoch time: 36.5 |

2023-01-27 18:08:27,636 - INFO -
| Epoch:    357 | Train loss: 0.0403 | Valid loss: 0.0972 | Train acc: 0.9842 | Valid acc: 0.9632 | patience: 353 | Epoch time: 36.5 |

2023-01-27 18:09:04,109 - INFO -
| Epoch:    358 | Train loss: 0.0394 | Valid loss: 0.0957 | Train acc: 0.9841 | Valid acc: 0.9626 | patience: 354 | Epoch time: 36.5 |

2023-01-27 18:09:40,634 - INFO -
| Epoch:    359 | Train loss: 0.0397 | Valid loss: 0.0957 | Train acc: 0.9848 | Valid acc: 0.9628 | patience: 355 | Epoch time: 36.5 |

2023-01-27 18:10:17,132 - INFO -
| Epoch:    360 | Train loss: 0.0396 | Valid loss: 0.0964 | Train acc: 0.9840 | Valid acc: 0.9628 | patience: 356 | Epoch time: 36.5 |

2023-01-27 18:10:53,615 - INFO -
| Epoch:    361 | Train loss: 0.0401 | Valid loss: 0.0986 | Train acc: 0.9842 | Valid acc: 0.9636 | patience: 357 | Epoch time: 36.5 |

2023-01-27 18:11:30,136 - INFO -
| Epoch:    362 | Train loss: 0.0400 | Valid loss: 0.0956 | Train acc: 0.9848 | Valid acc: 0.9628 | patience: 358 | Epoch time: 36.5 |

2023-01-27 18:12:06,657 - INFO -
| Epoch:    363 | Train loss: 0.0397 | Valid loss: 0.0963 | Train acc: 0.9844 | Valid acc: 0.9631 | patience: 359 | Epoch time: 36.5 |

2023-01-27 18:12:43,122 - INFO -
| Epoch:    364 | Train loss: 0.0396 | Valid loss: 0.0976 | Train acc: 0.9851 | Valid acc: 0.9623 | patience: 360 | Epoch time: 36.5 |

2023-01-27 18:13:19,658 - INFO -
| Epoch:    365 | Train loss: 0.0406 | Valid loss: 0.0961 | Train acc: 0.9845 | Valid acc: 0.9626 | patience: 361 | Epoch time: 36.5 |

2023-01-27 18:13:56,111 - INFO -
| Epoch:    366 | Train loss: 0.0401 | Valid loss: 0.0975 | Train acc: 0.9849 | Valid acc: 0.9619 | patience: 362 | Epoch time: 36.5 |

2023-01-27 18:14:32,577 - INFO -
| Epoch:    367 | Train loss: 0.0389 | Valid loss: 0.0963 | Train acc: 0.9843 | Valid acc: 0.9623 | patience: 363 | Epoch time: 36.5 |

2023-01-27 18:15:09,072 - INFO -
| Epoch:    368 | Train loss: 0.0394 | Valid loss: 0.0958 | Train acc: 0.9840 | Valid acc: 0.9631 | patience: 364 | Epoch time: 36.5 |

2023-01-27 18:15:45,579 - INFO -
| Epoch:    369 | Train loss: 0.0400 | Valid loss: 0.0959 | Train acc: 0.9847 | Valid acc: 0.9632 | patience: 365 | Epoch time: 36.5 |

2023-01-27 18:16:22,071 - INFO -
| Epoch:    370 | Train loss: 0.0405 | Valid loss: 0.0996 | Train acc: 0.9848 | Valid acc: 0.9627 | patience: 366 | Epoch time: 36.5 |

2023-01-27 18:16:58,550 - INFO -
| Epoch:    371 | Train loss: 0.0397 | Valid loss: 0.0960 | Train acc: 0.9849 | Valid acc: 0.9626 | patience: 367 | Epoch time: 36.5 |

2023-01-27 18:17:35,033 - INFO -
| Epoch:    372 | Train loss: 0.0395 | Valid loss: 0.0953 | Train acc: 0.9848 | Valid acc: 0.9616 | patience: 368 | Epoch time: 36.5 |

2023-01-27 18:18:11,539 - INFO -
| Epoch:    373 | Train loss: 0.0400 | Valid loss: 0.0970 | Train acc: 0.9849 | Valid acc: 0.9617 | patience: 369 | Epoch time: 36.5 |

2023-01-27 18:18:48,068 - INFO -
| Epoch:    374 | Train loss: 0.0395 | Valid loss: 0.0967 | Train acc: 0.9846 | Valid acc: 0.9615 | patience: 370 | Epoch time: 36.5 |

2023-01-27 18:19:24,590 - INFO -
| Epoch:    375 | Train loss: 0.0393 | Valid loss: 0.0957 | Train acc: 0.9840 | Valid acc: 0.9629 | patience: 371 | Epoch time: 36.5 |

2023-01-27 18:20:01,087 - INFO -
| Epoch:    376 | Train loss: 0.0411 | Valid loss: 0.0976 | Train acc: 0.9844 | Valid acc: 0.9610 | patience: 372 | Epoch time: 36.5 |

2023-01-27 18:20:37,567 - INFO -
| Epoch:    377 | Train loss: 0.0399 | Valid loss: 0.0964 | Train acc: 0.9844 | Valid acc: 0.9628 | patience: 373 | Epoch time: 36.5 |

2023-01-27 18:21:14,018 - INFO -
| Epoch:    378 | Train loss: 0.0400 | Valid loss: 0.0954 | Train acc: 0.9846 | Valid acc: 0.9630 | patience: 374 | Epoch time: 36.5 |

2023-01-27 18:21:50,488 - INFO -
| Epoch:    379 | Train loss: 0.0418 | Valid loss: 0.0965 | Train acc: 0.9848 | Valid acc: 0.9633 | patience: 375 | Epoch time: 36.5 |

2023-01-27 18:22:26,958 - INFO -
| Epoch:    380 | Train loss: 0.0393 | Valid loss: 0.0956 | Train acc: 0.9850 | Valid acc: 0.9635 | patience: 376 | Epoch time: 36.5 |

2023-01-27 18:23:03,417 - INFO -
| Epoch:    381 | Train loss: 0.0395 | Valid loss: 0.0957 | Train acc: 0.9846 | Valid acc: 0.9632 | patience: 377 | Epoch time: 36.5 |

2023-01-27 18:23:39,913 - INFO -
| Epoch:    382 | Train loss: 0.0394 | Valid loss: 0.0953 | Train acc: 0.9849 | Valid acc: 0.9628 | patience: 378 | Epoch time: 36.5 |

2023-01-27 18:24:16,391 - INFO -
| Epoch:    383 | Train loss: 0.0400 | Valid loss: 0.0963 | Train acc: 0.9845 | Valid acc: 0.9625 | patience: 379 | Epoch time: 36.5 |

2023-01-27 18:24:52,846 - INFO -
| Epoch:    384 | Train loss: 0.0401 | Valid loss: 0.0952 | Train acc: 0.9848 | Valid acc: 0.9633 | patience: 380 | Epoch time: 36.5 |

2023-01-27 18:25:29,294 - INFO -
| Epoch:    385 | Train loss: 0.0399 | Valid loss: 0.0953 | Train acc: 0.9843 | Valid acc: 0.9627 | patience: 381 | Epoch time: 36.4 |

2023-01-27 18:26:05,759 - INFO -
| Epoch:    386 | Train loss: 0.0407 | Valid loss: 0.0962 | Train acc: 0.9849 | Valid acc: 0.9619 | patience: 382 | Epoch time: 36.5 |

2023-01-27 18:26:42,239 - INFO -
| Epoch:    387 | Train loss: 0.0396 | Valid loss: 0.0959 | Train acc: 0.9849 | Valid acc: 0.9625 | patience: 383 | Epoch time: 36.5 |

2023-01-27 18:27:18,822 - INFO -
| Epoch:    388 | Train loss: 0.0399 | Valid loss: 0.0957 | Train acc: 0.9843 | Valid acc: 0.9636 | patience: 384 | Epoch time: 36.6 |

2023-01-27 18:27:55,293 - INFO -
| Epoch:    389 | Train loss: 0.0411 | Valid loss: 0.0969 | Train acc: 0.9846 | Valid acc: 0.9629 | patience: 385 | Epoch time: 36.5 |

2023-01-27 18:28:31,828 - INFO -
| Epoch:    390 | Train loss: 0.0411 | Valid loss: 0.0962 | Train acc: 0.9842 | Valid acc: 0.9629 | patience: 386 | Epoch time: 36.5 |

2023-01-27 18:29:08,323 - INFO -
| Epoch:    391 | Train loss: 0.0397 | Valid loss: 0.0970 | Train acc: 0.9846 | Valid acc: 0.9626 | patience: 387 | Epoch time: 36.5 |

2023-01-27 18:29:44,789 - INFO -
| Epoch:    392 | Train loss: 0.0404 | Valid loss: 0.0953 | Train acc: 0.9852 | Valid acc: 0.9629 | patience: 388 | Epoch time: 36.5 |

2023-01-27 18:30:21,257 - INFO -
| Epoch:    393 | Train loss: 0.0396 | Valid loss: 0.0952 | Train acc: 0.9844 | Valid acc: 0.9634 | patience: 389 | Epoch time: 36.5 |

2023-01-27 18:30:57,715 - INFO -
| Epoch:    394 | Train loss: 0.0395 | Valid loss: 0.0958 | Train acc: 0.9850 | Valid acc: 0.9631 | patience: 390 | Epoch time: 36.5 |

2023-01-27 18:31:34,184 - INFO -
| Epoch:    395 | Train loss: 0.0405 | Valid loss: 0.0969 | Train acc: 0.9845 | Valid acc: 0.9628 | patience: 391 | Epoch time: 36.5 |

2023-01-27 18:32:10,646 - INFO -
| Epoch:    396 | Train loss: 0.0387 | Valid loss: 0.0958 | Train acc: 0.9847 | Valid acc: 0.9633 | patience: 392 | Epoch time: 36.5 |

2023-01-27 18:32:47,094 - INFO -
| Epoch:    397 | Train loss: 0.0411 | Valid loss: 0.0962 | Train acc: 0.9838 | Valid acc: 0.9627 | patience: 393 | Epoch time: 36.4 |

2023-01-27 18:33:23,557 - INFO -
| Epoch:    398 | Train loss: 0.0404 | Valid loss: 0.0954 | Train acc: 0.9844 | Valid acc: 0.9627 | patience: 394 | Epoch time: 36.5 |

2023-01-27 18:34:00,031 - INFO -
| Epoch:    399 | Train loss: 0.0395 | Valid loss: 0.0958 | Train acc: 0.9845 | Valid acc: 0.9627 | patience: 395 | Epoch time: 36.5 |

2023-01-27 18:34:36,498 - INFO -
| Epoch:    400 | Train loss: 0.0394 | Valid loss: 0.0978 | Train acc: 0.9846 | Valid acc: 0.9623 | patience: 396 | Epoch time: 36.5 |

2023-01-27 18:35:12,961 - INFO -
| Epoch:    401 | Train loss: 0.0391 | Valid loss: 0.1005 | Train acc: 0.9847 | Valid acc: 0.9620 | patience: 397 | Epoch time: 36.5 |

2023-01-27 18:35:49,408 - INFO -
| Epoch:    402 | Train loss: 0.0418 | Valid loss: 0.0984 | Train acc: 0.9845 | Valid acc: 0.9619 | patience: 398 | Epoch time: 36.4 |

2023-01-27 18:36:25,865 - INFO -
| Epoch:    403 | Train loss: 0.0401 | Valid loss: 0.0966 | Train acc: 0.9846 | Valid acc: 0.9621 | patience: 399 | Epoch time: 36.5 |

2023-01-27 18:37:02,324 - INFO -
| Epoch:    404 | Train loss: 0.0395 | Valid loss: 0.0973 | Train acc: 0.9846 | Valid acc: 0.9622 | patience: 400 | Epoch time: 36.5 |

2023-01-27 18:37:38,860 - INFO -
| Epoch:    405 | Train loss: 0.0399 | Valid loss: 0.0969 | Train acc: 0.9843 | Valid acc: 0.9630 | patience: 401 | Epoch time: 36.5 |

2023-01-27 18:38:15,371 - INFO -
| Epoch:    406 | Train loss: 0.0392 | Valid loss: 0.0961 | Train acc: 0.9844 | Valid acc: 0.9626 | patience: 402 | Epoch time: 36.5 |

2023-01-27 18:38:51,855 - INFO -
| Epoch:    407 | Train loss: 0.0397 | Valid loss: 0.0961 | Train acc: 0.9849 | Valid acc: 0.9635 | patience: 403 | Epoch time: 36.5 |

2023-01-27 18:39:28,344 - INFO -
| Epoch:    408 | Train loss: 0.0398 | Valid loss: 0.0965 | Train acc: 0.9845 | Valid acc: 0.9635 | patience: 404 | Epoch time: 36.5 |

2023-01-27 18:40:05,001 - INFO -
| Epoch:    409 | Train loss: 0.0405 | Valid loss: 0.0960 | Train acc: 0.9847 | Valid acc: 0.9628 | patience: 405 | Epoch time: 36.7 |

2023-01-27 18:40:41,519 - INFO -
| Epoch:    410 | Train loss: 0.0400 | Valid loss: 0.0991 | Train acc: 0.9847 | Valid acc: 0.9626 | patience: 406 | Epoch time: 36.5 |

2023-01-27 18:41:17,994 - INFO -
| Epoch:    411 | Train loss: 0.0393 | Valid loss: 0.0983 | Train acc: 0.9846 | Valid acc: 0.9623 | patience: 407 | Epoch time: 36.5 |

2023-01-27 18:41:54,463 - INFO -
| Epoch:    412 | Train loss: 0.0412 | Valid loss: 0.0986 | Train acc: 0.9843 | Valid acc: 0.9620 | patience: 408 | Epoch time: 36.5 |

2023-01-27 18:42:30,943 - INFO -
| Epoch:    413 | Train loss: 0.0406 | Valid loss: 0.0978 | Train acc: 0.9845 | Valid acc: 0.9617 | patience: 409 | Epoch time: 36.5 |

2023-01-27 18:43:07,434 - INFO -
| Epoch:    414 | Train loss: 0.0409 | Valid loss: 0.0972 | Train acc: 0.9841 | Valid acc: 0.9618 | patience: 410 | Epoch time: 36.5 |

2023-01-27 18:43:43,959 - INFO -
| Epoch:    415 | Train loss: 0.0390 | Valid loss: 0.0971 | Train acc: 0.9851 | Valid acc: 0.9623 | patience: 411 | Epoch time: 36.5 |

2023-01-27 18:44:20,455 - INFO -
| Epoch:    416 | Train loss: 0.0394 | Valid loss: 0.0967 | Train acc: 0.9841 | Valid acc: 0.9619 | patience: 412 | Epoch time: 36.5 |

2023-01-27 18:44:56,919 - INFO -
| Epoch:    417 | Train loss: 0.0387 | Valid loss: 0.0964 | Train acc: 0.9849 | Valid acc: 0.9630 | patience: 413 | Epoch time: 36.5 |

2023-01-27 18:45:33,400 - INFO -
| Epoch:    418 | Train loss: 0.0397 | Valid loss: 0.0965 | Train acc: 0.9838 | Valid acc: 0.9637 | patience: 414 | Epoch time: 36.5 |

2023-01-27 18:46:09,851 - INFO -
| Epoch:    419 | Train loss: 0.0399 | Valid loss: 0.0960 | Train acc: 0.9844 | Valid acc: 0.9636 | patience: 415 | Epoch time: 36.5 |

2023-01-27 18:46:46,321 - INFO -
| Epoch:    420 | Train loss: 0.0393 | Valid loss: 0.0943 | Train acc: 0.9843 | Valid acc: 0.9635 | patience: 416 | Epoch time: 36.5 |

2023-01-27 18:47:22,835 - INFO -
| Epoch:    421 | Train loss: 0.0397 | Valid loss: 0.0957 | Train acc: 0.9847 | Valid acc: 0.9636 | patience: 417 | Epoch time: 36.5 |

2023-01-27 18:47:59,385 - INFO -
| Epoch:    422 | Train loss: 0.0392 | Valid loss: 0.0954 | Train acc: 0.9845 | Valid acc: 0.9626 | patience: 418 | Epoch time: 36.6 |

2023-01-27 18:48:35,958 - INFO -
| Epoch:    423 | Train loss: 0.0400 | Valid loss: 0.0971 | Train acc: 0.9852 | Valid acc: 0.9622 | patience: 419 | Epoch time: 36.6 |

2023-01-27 18:49:12,417 - INFO -
| Epoch:    424 | Train loss: 0.0396 | Valid loss: 0.0966 | Train acc: 0.9846 | Valid acc: 0.9620 | patience: 420 | Epoch time: 36.5 |

2023-01-27 18:49:48,865 - INFO -
| Epoch:    425 | Train loss: 0.0409 | Valid loss: 0.0969 | Train acc: 0.9844 | Valid acc: 0.9629 | patience: 421 | Epoch time: 36.4 |

2023-01-27 18:50:25,338 - INFO -
| Epoch:    426 | Train loss: 0.0394 | Valid loss: 0.0969 | Train acc: 0.9848 | Valid acc: 0.9626 | patience: 422 | Epoch time: 36.5 |

2023-01-27 18:51:01,820 - INFO -
| Epoch:    427 | Train loss: 0.0397 | Valid loss: 0.0977 | Train acc: 0.9844 | Valid acc: 0.9627 | patience: 423 | Epoch time: 36.5 |

2023-01-27 18:51:38,295 - INFO -
| Epoch:    428 | Train loss: 0.0402 | Valid loss: 0.0990 | Train acc: 0.9847 | Valid acc: 0.9629 | patience: 424 | Epoch time: 36.5 |

2023-01-27 18:52:15,853 - INFO -
| Epoch:    429 | Train loss: 0.0406 | Valid loss: 0.0976 | Train acc: 0.9846 | Valid acc: 0.9626 | patience: 425 | Epoch time: 37.6 |

2023-01-27 18:52:52,280 - INFO -
| Epoch:    430 | Train loss: 0.0391 | Valid loss: 0.0976 | Train acc: 0.9843 | Valid acc: 0.9624 | patience: 426 | Epoch time: 36.4 |

2023-01-27 18:53:28,701 - INFO -
| Epoch:    431 | Train loss: 0.0395 | Valid loss: 0.0955 | Train acc: 0.9846 | Valid acc: 0.9623 | patience: 427 | Epoch time: 36.4 |

2023-01-27 18:54:05,127 - INFO -
| Epoch:    432 | Train loss: 0.0387 | Valid loss: 0.0949 | Train acc: 0.9845 | Valid acc: 0.9629 | patience: 428 | Epoch time: 36.4 |

2023-01-27 18:54:41,561 - INFO -
| Epoch:    433 | Train loss: 0.0393 | Valid loss: 0.0963 | Train acc: 0.9844 | Valid acc: 0.9627 | patience: 429 | Epoch time: 36.4 |

2023-01-27 18:55:17,991 - INFO -
| Epoch:    434 | Train loss: 0.0399 | Valid loss: 0.0959 | Train acc: 0.9847 | Valid acc: 0.9634 | patience: 430 | Epoch time: 36.4 |

2023-01-27 18:55:54,401 - INFO -
| Epoch:    435 | Train loss: 0.0405 | Valid loss: 0.0951 | Train acc: 0.9847 | Valid acc: 0.9623 | patience: 431 | Epoch time: 36.4 |

2023-01-27 18:56:30,825 - INFO -
| Epoch:    436 | Train loss: 0.0405 | Valid loss: 0.0972 | Train acc: 0.9849 | Valid acc: 0.9629 | patience: 432 | Epoch time: 36.4 |

2023-01-27 18:57:07,252 - INFO -
| Epoch:    437 | Train loss: 0.0404 | Valid loss: 0.0974 | Train acc: 0.9849 | Valid acc: 0.9622 | patience: 433 | Epoch time: 36.4 |

2023-01-27 18:57:43,750 - INFO -
| Epoch:    438 | Train loss: 0.0398 | Valid loss: 0.1002 | Train acc: 0.9852 | Valid acc: 0.9607 | patience: 434 | Epoch time: 36.5 |

2023-01-27 18:58:20,229 - INFO -
| Epoch:    439 | Train loss: 0.0402 | Valid loss: 0.0987 | Train acc: 0.9849 | Valid acc: 0.9610 | patience: 435 | Epoch time: 36.5 |

2023-01-27 18:58:56,697 - INFO -
| Epoch:    440 | Train loss: 0.0409 | Valid loss: 0.0986 | Train acc: 0.9844 | Valid acc: 0.9617 | patience: 436 | Epoch time: 36.5 |

2023-01-27 18:59:33,136 - INFO -
| Epoch:    441 | Train loss: 0.0394 | Valid loss: 0.0981 | Train acc: 0.9848 | Valid acc: 0.9617 | patience: 437 | Epoch time: 36.4 |

2023-01-27 19:00:09,607 - INFO -
| Epoch:    442 | Train loss: 0.0396 | Valid loss: 0.0969 | Train acc: 0.9851 | Valid acc: 0.9612 | patience: 438 | Epoch time: 36.5 |

2023-01-27 19:00:46,046 - INFO -
| Epoch:    443 | Train loss: 0.0392 | Valid loss: 0.0955 | Train acc: 0.9848 | Valid acc: 0.9618 | patience: 439 | Epoch time: 36.4 |

2023-01-27 19:01:22,477 - INFO -
| Epoch:    444 | Train loss: 0.0404 | Valid loss: 0.0962 | Train acc: 0.9847 | Valid acc: 0.9625 | patience: 440 | Epoch time: 36.4 |

2023-01-27 19:01:58,891 - INFO -
| Epoch:    445 | Train loss: 0.0397 | Valid loss: 0.0956 | Train acc: 0.9850 | Valid acc: 0.9619 | patience: 441 | Epoch time: 36.4 |

2023-01-27 19:02:35,348 - INFO -
| Epoch:    446 | Train loss: 0.0408 | Valid loss: 0.0956 | Train acc: 0.9850 | Valid acc: 0.9630 | patience: 442 | Epoch time: 36.5 |

2023-01-27 19:03:11,803 - INFO -
| Epoch:    447 | Train loss: 0.0406 | Valid loss: 0.0954 | Train acc: 0.9851 | Valid acc: 0.9630 | patience: 443 | Epoch time: 36.5 |

2023-01-27 19:03:48,300 - INFO -
| Epoch:    448 | Train loss: 0.0396 | Valid loss: 0.0954 | Train acc: 0.9844 | Valid acc: 0.9622 | patience: 444 | Epoch time: 36.5 |

2023-01-27 19:04:24,719 - INFO -
| Epoch:    449 | Train loss: 0.0388 | Valid loss: 0.0980 | Train acc: 0.9847 | Valid acc: 0.9628 | patience: 445 | Epoch time: 36.4 |

2023-01-27 19:05:01,133 - INFO -
| Epoch:    450 | Train loss: 0.0392 | Valid loss: 0.0973 | Train acc: 0.9849 | Valid acc: 0.9633 | patience: 446 | Epoch time: 36.4 |

2023-01-27 19:05:37,563 - INFO -
| Epoch:    451 | Train loss: 0.0392 | Valid loss: 0.0967 | Train acc: 0.9849 | Valid acc: 0.9624 | patience: 447 | Epoch time: 36.4 |

2023-01-27 19:06:14,014 - INFO -
| Epoch:    452 | Train loss: 0.0392 | Valid loss: 0.0982 | Train acc: 0.9842 | Valid acc: 0.9628 | patience: 448 | Epoch time: 36.5 |

2023-01-27 19:06:50,458 - INFO -
| Epoch:    453 | Train loss: 0.0400 | Valid loss: 0.0964 | Train acc: 0.9849 | Valid acc: 0.9627 | patience: 449 | Epoch time: 36.4 |

2023-01-27 19:07:26,879 - INFO -
| Epoch:    454 | Train loss: 0.0388 | Valid loss: 0.0966 | Train acc: 0.9844 | Valid acc: 0.9624 | patience: 450 | Epoch time: 36.4 |

2023-01-27 19:08:03,293 - INFO -
| Epoch:    455 | Train loss: 0.0404 | Valid loss: 0.0982 | Train acc: 0.9846 | Valid acc: 0.9625 | patience: 451 | Epoch time: 36.4 |

2023-01-27 19:08:39,714 - INFO -
| Epoch:    456 | Train loss: 0.0390 | Valid loss: 0.0961 | Train acc: 0.9846 | Valid acc: 0.9637 | patience: 452 | Epoch time: 36.4 |

2023-01-27 19:09:16,134 - INFO -
| Epoch:    457 | Train loss: 0.0403 | Valid loss: 0.0966 | Train acc: 0.9851 | Valid acc: 0.9631 | patience: 453 | Epoch time: 36.4 |

2023-01-27 19:09:52,579 - INFO -
| Epoch:    458 | Train loss: 0.0393 | Valid loss: 0.0968 | Train acc: 0.9849 | Valid acc: 0.9623 | patience: 454 | Epoch time: 36.4 |

2023-01-27 19:10:29,009 - INFO -
| Epoch:    459 | Train loss: 0.0391 | Valid loss: 0.0953 | Train acc: 0.9846 | Valid acc: 0.9627 | patience: 455 | Epoch time: 36.4 |

2023-01-27 19:11:05,471 - INFO -
| Epoch:    460 | Train loss: 0.0390 | Valid loss: 0.0966 | Train acc: 0.9849 | Valid acc: 0.9628 | patience: 456 | Epoch time: 36.5 |

2023-01-27 19:11:41,918 - INFO -
| Epoch:    461 | Train loss: 0.0389 | Valid loss: 0.0961 | Train acc: 0.9848 | Valid acc: 0.9625 | patience: 457 | Epoch time: 36.4 |

2023-01-27 19:12:18,321 - INFO -
| Epoch:    462 | Train loss: 0.0396 | Valid loss: 0.0959 | Train acc: 0.9847 | Valid acc: 0.9629 | patience: 458 | Epoch time: 36.4 |

2023-01-27 19:12:54,746 - INFO -
| Epoch:    463 | Train loss: 0.0391 | Valid loss: 0.0969 | Train acc: 0.9846 | Valid acc: 0.9625 | patience: 459 | Epoch time: 36.4 |

2023-01-27 19:13:31,209 - INFO -
| Epoch:    464 | Train loss: 0.0406 | Valid loss: 0.0968 | Train acc: 0.9844 | Valid acc: 0.9621 | patience: 460 | Epoch time: 36.5 |

2023-01-27 19:14:07,627 - INFO -
| Epoch:    465 | Train loss: 0.0398 | Valid loss: 0.0962 | Train acc: 0.9851 | Valid acc: 0.9630 | patience: 461 | Epoch time: 36.4 |

2023-01-27 19:14:44,045 - INFO -
| Epoch:    466 | Train loss: 0.0395 | Valid loss: 0.0979 | Train acc: 0.9850 | Valid acc: 0.9621 | patience: 462 | Epoch time: 36.4 |

2023-01-27 19:15:20,468 - INFO -
| Epoch:    467 | Train loss: 0.0405 | Valid loss: 0.0973 | Train acc: 0.9849 | Valid acc: 0.9624 | patience: 463 | Epoch time: 36.4 |

2023-01-27 19:15:56,927 - INFO -
| Epoch:    468 | Train loss: 0.0391 | Valid loss: 0.0969 | Train acc: 0.9848 | Valid acc: 0.9626 | patience: 464 | Epoch time: 36.5 |

2023-01-27 19:16:33,466 - INFO -
| Epoch:    469 | Train loss: 0.0394 | Valid loss: 0.0952 | Train acc: 0.9842 | Valid acc: 0.9633 | patience: 465 | Epoch time: 36.5 |

2023-01-27 19:17:09,901 - INFO -
| Epoch:    470 | Train loss: 0.0398 | Valid loss: 0.0951 | Train acc: 0.9850 | Valid acc: 0.9639 | patience: 466 | Epoch time: 36.4 |

2023-01-27 19:17:46,364 - INFO -
| Epoch:    471 | Train loss: 0.0405 | Valid loss: 0.0954 | Train acc: 0.9851 | Valid acc: 0.9634 | patience: 467 | Epoch time: 36.5 |

2023-01-27 19:18:22,819 - INFO -
| Epoch:    472 | Train loss: 0.0397 | Valid loss: 0.0951 | Train acc: 0.9850 | Valid acc: 0.9625 | patience: 468 | Epoch time: 36.5 |

2023-01-27 19:18:59,268 - INFO -
| Epoch:    473 | Train loss: 0.0400 | Valid loss: 0.0967 | Train acc: 0.9846 | Valid acc: 0.9634 | patience: 469 | Epoch time: 36.4 |

2023-01-27 19:19:35,711 - INFO -
| Epoch:    474 | Train loss: 0.0394 | Valid loss: 0.0951 | Train acc: 0.9850 | Valid acc: 0.9629 | patience: 470 | Epoch time: 36.4 |

2023-01-27 19:20:12,148 - INFO -
| Epoch:    475 | Train loss: 0.0391 | Valid loss: 0.0978 | Train acc: 0.9842 | Valid acc: 0.9614 | patience: 471 | Epoch time: 36.4 |

2023-01-27 19:20:48,588 - INFO -
| Epoch:    476 | Train loss: 0.0397 | Valid loss: 0.0971 | Train acc: 0.9844 | Valid acc: 0.9622 | patience: 472 | Epoch time: 36.4 |

2023-01-27 19:21:25,026 - INFO -
| Epoch:    477 | Train loss: 0.0403 | Valid loss: 0.0971 | Train acc: 0.9844 | Valid acc: 0.9622 | patience: 473 | Epoch time: 36.4 |

2023-01-27 19:22:01,462 - INFO -
| Epoch:    478 | Train loss: 0.0394 | Valid loss: 0.0978 | Train acc: 0.9846 | Valid acc: 0.9628 | patience: 474 | Epoch time: 36.4 |

2023-01-27 19:22:37,892 - INFO -
| Epoch:    479 | Train loss: 0.0402 | Valid loss: 0.0964 | Train acc: 0.9847 | Valid acc: 0.9619 | patience: 475 | Epoch time: 36.4 |

2023-01-27 19:23:14,314 - INFO -
| Epoch:    480 | Train loss: 0.0394 | Valid loss: 0.0958 | Train acc: 0.9853 | Valid acc: 0.9621 | patience: 476 | Epoch time: 36.4 |

2023-01-27 19:23:50,761 - INFO -
| Epoch:    481 | Train loss: 0.0393 | Valid loss: 0.0957 | Train acc: 0.9849 | Valid acc: 0.9631 | patience: 477 | Epoch time: 36.4 |

2023-01-27 19:24:27,226 - INFO -
| Epoch:    482 | Train loss: 0.0390 | Valid loss: 0.0951 | Train acc: 0.9850 | Valid acc: 0.9631 | patience: 478 | Epoch time: 36.5 |

2023-01-27 19:25:03,691 - INFO -
| Epoch:    483 | Train loss: 0.0406 | Valid loss: 0.0952 | Train acc: 0.9843 | Valid acc: 0.9630 | patience: 479 | Epoch time: 36.5 |

2023-01-27 19:25:40,093 - INFO -
| Epoch:    484 | Train loss: 0.0394 | Valid loss: 0.0953 | Train acc: 0.9847 | Valid acc: 0.9631 | patience: 480 | Epoch time: 36.4 |

2023-01-27 19:26:16,481 - INFO -
| Epoch:    485 | Train loss: 0.0392 | Valid loss: 0.0959 | Train acc: 0.9848 | Valid acc: 0.9614 | patience: 481 | Epoch time: 36.4 |

2023-01-27 19:26:52,888 - INFO -
| Epoch:    486 | Train loss: 0.0393 | Valid loss: 0.0951 | Train acc: 0.9846 | Valid acc: 0.9633 | patience: 482 | Epoch time: 36.4 |

2023-01-27 19:27:29,310 - INFO -
| Epoch:    487 | Train loss: 0.0400 | Valid loss: 0.0970 | Train acc: 0.9848 | Valid acc: 0.9630 | patience: 483 | Epoch time: 36.4 |

2023-01-27 19:28:05,750 - INFO -
| Epoch:    488 | Train loss: 0.0399 | Valid loss: 0.0988 | Train acc: 0.9848 | Valid acc: 0.9627 | patience: 484 | Epoch time: 36.4 |

2023-01-27 19:28:42,202 - INFO -
| Epoch:    489 | Train loss: 0.0400 | Valid loss: 0.0961 | Train acc: 0.9852 | Valid acc: 0.9616 | patience: 485 | Epoch time: 36.5 |

2023-01-27 19:29:18,636 - INFO -
| Epoch:    490 | Train loss: 0.0394 | Valid loss: 0.0969 | Train acc: 0.9843 | Valid acc: 0.9618 | patience: 486 | Epoch time: 36.4 |

2023-01-27 19:29:55,082 - INFO -
| Epoch:    491 | Train loss: 0.0391 | Valid loss: 0.1006 | Train acc: 0.9843 | Valid acc: 0.9611 | patience: 487 | Epoch time: 36.4 |

2023-01-27 19:30:31,536 - INFO -
| Epoch:    492 | Train loss: 0.0393 | Valid loss: 0.0975 | Train acc: 0.9846 | Valid acc: 0.9627 | patience: 488 | Epoch time: 36.5 |

2023-01-27 19:31:07,978 - INFO -
| Epoch:    493 | Train loss: 0.0384 | Valid loss: 0.0991 | Train acc: 0.9846 | Valid acc: 0.9620 | patience: 489 | Epoch time: 36.4 |

2023-01-27 19:31:44,424 - INFO -
| Epoch:    494 | Train loss: 0.0414 | Valid loss: 0.0975 | Train acc: 0.9844 | Valid acc: 0.9608 | patience: 490 | Epoch time: 36.4 |

2023-01-27 19:32:20,862 - INFO -
| Epoch:    495 | Train loss: 0.0390 | Valid loss: 0.0972 | Train acc: 0.9847 | Valid acc: 0.9617 | patience: 491 | Epoch time: 36.4 |

2023-01-27 19:32:57,325 - INFO -
| Epoch:    496 | Train loss: 0.0390 | Valid loss: 0.0956 | Train acc: 0.9840 | Valid acc: 0.9629 | patience: 492 | Epoch time: 36.5 |

2023-01-27 19:33:33,731 - INFO -
| Epoch:    497 | Train loss: 0.0400 | Valid loss: 0.0954 | Train acc: 0.9846 | Valid acc: 0.9638 | patience: 493 | Epoch time: 36.4 |

2023-01-27 19:34:10,139 - INFO -
| Epoch:    498 | Train loss: 0.0390 | Valid loss: 0.0958 | Train acc: 0.9849 | Valid acc: 0.9637 | patience: 494 | Epoch time: 36.4 |

2023-01-27 19:34:46,579 - INFO -
| Epoch:    499 | Train loss: 0.0388 | Valid loss: 0.0955 | Train acc: 0.9847 | Valid acc: 0.9633 | patience: 495 | Epoch time: 36.4 |

2023-01-27 19:35:23,013 - INFO -
| Epoch:    500 | Train loss: 0.0402 | Valid loss: 0.0954 | Train acc: 0.9846 | Valid acc: 0.9637 | patience: 496 | Epoch time: 36.4 |

2023-01-27 19:35:59,432 - INFO -
| Epoch:    501 | Train loss: 0.0392 | Valid loss: 0.0953 | Train acc: 0.9846 | Valid acc: 0.9627 | patience: 497 | Epoch time: 36.4 |

2023-01-27 19:36:35,876 - INFO -
| Epoch:    502 | Train loss: 0.0401 | Valid loss: 0.0951 | Train acc: 0.9850 | Valid acc: 0.9627 | patience: 498 | Epoch time: 36.4 |

2023-01-27 19:37:12,295 - INFO -
| Epoch:    503 | Train loss: 0.0395 | Valid loss: 0.0956 | Train acc: 0.9848 | Valid acc: 0.9622 | patience: 499 | Epoch time: 36.4 |

2023-01-27 19:37:48,741 - INFO -
| Epoch:    504 | Train loss: 0.0390 | Valid loss: 0.0967 | Train acc: 0.9846 | Valid acc: 0.9620 | patience: 500 | Epoch time: 36.4 |

2023-01-27 19:38:25,186 - INFO -
Early stop.

2023-01-27 19:38:25,511 - INFO -
Training if finished.

