2023-01-27 14:29:56,417 - INFO -
gmin                0.01
gmax                10.0
T                   0.1
m                   0.3
ACT_eta1            0.134
ACT_eta2            0.962
ACT_eta3            0.183
ACT_eta4            24.1
NEG_eta1            -0.104
NEG_eta2            0.899
NEG_eta3            -0.056
NEG_eta4            3.858
hidden              [3]
SEED                9
DEVICE              cuda
TIMELIMITATION      45
PATIENCE            500
EPOCH               10000000000
DATASET             2
LR                  0.1
PROGRESSIVE         False
LR_PATIENCE         100
LR_DECAY            0.5
LR_MIN              0.0001
MODE                aging
M_train             50
K_train             10
M_test              500
K_test              500
t_test_max          10
integration         MC
VARIATION           False
N_train             1
e_train             0.0
N_test              100
e_test              0.1
projectname         ICCAD_2022
temppath            ./ICCAD_2022/temp/
logfilepath         ./ICCAD_2022/log/
recording           False
recordpath          ./ICCAD_2022/record/
savepath            ./ICCAD_2022/models/
loglevel            info


2023-01-27 14:29:56,418 - INFO -
Training network on device: cuda.

2023-01-27 14:29:56,418 - INFO -
Training setup: breastcancerwisc_9_aging_0.0_1_MC.

2023-01-27 14:29:56,418 - INFO -
Dataset "breastcancerwisc" has 9 input features and 2 classes. There are 418 training examples, 139 valid examples, and 140 test examples in the dataset.

2023-01-27 14:29:56,418 - INFO -
Topology of the network: [9, 3, 2].

2023-01-27 14:30:35,579 - INFO -
| Epoch:      0 | Train loss: 0.7760 | Valid loss: 0.6404 | Train acc: 0.5231 | Valid acc: 0.6353 | patience:   0 | Epoch time: 38.6 |

2023-01-27 14:31:12,738 - INFO -
| Epoch:      1 | Train loss: 0.6661 | Valid loss: 0.4975 | Train acc: 0.6164 | Valid acc: 0.6966 | patience:   0 | Epoch time: 37.2 |

2023-01-27 14:31:49,933 - INFO -
| Epoch:      2 | Train loss: 0.5093 | Valid loss: 0.3569 | Train acc: 0.6881 | Valid acc: 0.8203 | patience:   0 | Epoch time: 37.2 |

2023-01-27 14:32:27,184 - INFO -
| Epoch:      3 | Train loss: 0.3260 | Valid loss: 0.2529 | Train acc: 0.8323 | Valid acc: 0.9033 | patience:   0 | Epoch time: 37.3 |

2023-01-27 14:33:04,420 - INFO -
| Epoch:      4 | Train loss: 0.2929 | Valid loss: 0.1760 | Train acc: 0.9334 | Valid acc: 0.9342 | patience:   0 | Epoch time: 37.2 |

2023-01-27 14:33:41,661 - INFO -
| Epoch:      5 | Train loss: 0.1399 | Valid loss: 0.1377 | Train acc: 0.9630 | Valid acc: 0.9516 | patience:   0 | Epoch time: 37.2 |

2023-01-27 14:34:18,934 - INFO -
| Epoch:      6 | Train loss: 0.0885 | Valid loss: 0.1008 | Train acc: 0.9542 | Valid acc: 0.9577 | patience:   0 | Epoch time: 37.3 |

2023-01-27 14:34:56,181 - INFO -
| Epoch:      7 | Train loss: 0.1054 | Valid loss: 0.0917 | Train acc: 0.9694 | Valid acc: 0.9588 | patience:   0 | Epoch time: 37.2 |

2023-01-27 14:35:33,454 - INFO -
| Epoch:      8 | Train loss: 0.0925 | Valid loss: 0.0898 | Train acc: 0.9676 | Valid acc: 0.9607 | patience:   0 | Epoch time: 37.3 |

2023-01-27 14:36:10,775 - INFO -
| Epoch:      9 | Train loss: 0.0707 | Valid loss: 0.0869 | Train acc: 0.9705 | Valid acc: 0.9622 | patience:   0 | Epoch time: 37.3 |

2023-01-27 14:36:48,033 - INFO -
| Epoch:     10 | Train loss: 0.0670 | Valid loss: 0.0876 | Train acc: 0.9700 | Valid acc: 0.9615 | patience:   1 | Epoch time: 37.3 |

2023-01-27 14:37:25,280 - INFO -
| Epoch:     11 | Train loss: 0.0619 | Valid loss: 0.0862 | Train acc: 0.9714 | Valid acc: 0.9621 | patience:   0 | Epoch time: 37.2 |

2023-01-27 14:38:02,544 - INFO -
| Epoch:     12 | Train loss: 0.0630 | Valid loss: 0.0874 | Train acc: 0.9722 | Valid acc: 0.9618 | patience:   1 | Epoch time: 37.3 |

2023-01-27 14:38:39,793 - INFO -
| Epoch:     13 | Train loss: 0.0626 | Valid loss: 0.0853 | Train acc: 0.9723 | Valid acc: 0.9636 | patience:   0 | Epoch time: 37.2 |

2023-01-27 14:39:17,028 - INFO -
| Epoch:     14 | Train loss: 0.0589 | Valid loss: 0.0856 | Train acc: 0.9726 | Valid acc: 0.9632 | patience:   1 | Epoch time: 37.2 |

2023-01-27 14:39:54,260 - INFO -
| Epoch:     15 | Train loss: 0.0595 | Valid loss: 0.0868 | Train acc: 0.9731 | Valid acc: 0.9640 | patience:   2 | Epoch time: 37.2 |

2023-01-27 14:40:31,512 - INFO -
| Epoch:     16 | Train loss: 0.0585 | Valid loss: 0.0860 | Train acc: 0.9743 | Valid acc: 0.9630 | patience:   3 | Epoch time: 37.3 |

2023-01-27 14:41:08,769 - INFO -
| Epoch:     17 | Train loss: 0.0593 | Valid loss: 0.0856 | Train acc: 0.9751 | Valid acc: 0.9639 | patience:   4 | Epoch time: 37.3 |

2023-01-27 14:41:46,071 - INFO -
| Epoch:     18 | Train loss: 0.0570 | Valid loss: 0.0896 | Train acc: 0.9759 | Valid acc: 0.9632 | patience:   5 | Epoch time: 37.3 |

2023-01-27 14:42:23,344 - INFO -
| Epoch:     19 | Train loss: 0.0553 | Valid loss: 0.0880 | Train acc: 0.9762 | Valid acc: 0.9626 | patience:   6 | Epoch time: 37.3 |

2023-01-27 14:43:00,578 - INFO -
| Epoch:     20 | Train loss: 0.0546 | Valid loss: 0.0878 | Train acc: 0.9764 | Valid acc: 0.9620 | patience:   7 | Epoch time: 37.2 |

2023-01-27 14:43:37,800 - INFO -
| Epoch:     21 | Train loss: 0.0563 | Valid loss: 0.0897 | Train acc: 0.9760 | Valid acc: 0.9606 | patience:   8 | Epoch time: 37.2 |

2023-01-27 14:44:15,044 - INFO -
| Epoch:     22 | Train loss: 0.0552 | Valid loss: 0.0930 | Train acc: 0.9750 | Valid acc: 0.9627 | patience:   9 | Epoch time: 37.2 |

2023-01-27 14:44:52,311 - INFO -
| Epoch:     23 | Train loss: 0.0553 | Valid loss: 0.0925 | Train acc: 0.9764 | Valid acc: 0.9614 | patience:  10 | Epoch time: 37.3 |

2023-01-27 14:45:29,561 - INFO -
| Epoch:     24 | Train loss: 0.0547 | Valid loss: 0.0935 | Train acc: 0.9768 | Valid acc: 0.9619 | patience:  11 | Epoch time: 37.2 |

2023-01-27 14:46:06,792 - INFO -
| Epoch:     25 | Train loss: 0.0543 | Valid loss: 0.0933 | Train acc: 0.9771 | Valid acc: 0.9618 | patience:  12 | Epoch time: 37.2 |

2023-01-27 14:46:44,074 - INFO -
| Epoch:     26 | Train loss: 0.0560 | Valid loss: 0.0971 | Train acc: 0.9755 | Valid acc: 0.9595 | patience:  13 | Epoch time: 37.3 |

2023-01-27 14:47:21,347 - INFO -
| Epoch:     27 | Train loss: 0.0553 | Valid loss: 0.0936 | Train acc: 0.9762 | Valid acc: 0.9618 | patience:  14 | Epoch time: 37.3 |

2023-01-27 14:47:58,574 - INFO -
| Epoch:     28 | Train loss: 0.0556 | Valid loss: 0.0966 | Train acc: 0.9764 | Valid acc: 0.9606 | patience:  15 | Epoch time: 37.2 |

2023-01-27 14:48:35,855 - INFO -
| Epoch:     29 | Train loss: 0.0544 | Valid loss: 0.0929 | Train acc: 0.9761 | Valid acc: 0.9595 | patience:  16 | Epoch time: 37.3 |

2023-01-27 14:49:13,174 - INFO -
| Epoch:     30 | Train loss: 0.0542 | Valid loss: 0.0964 | Train acc: 0.9764 | Valid acc: 0.9609 | patience:  17 | Epoch time: 37.3 |

2023-01-27 14:49:50,401 - INFO -
| Epoch:     31 | Train loss: 0.0598 | Valid loss: 0.0930 | Train acc: 0.9772 | Valid acc: 0.9627 | patience:  18 | Epoch time: 37.2 |

2023-01-27 14:50:27,629 - INFO -
| Epoch:     32 | Train loss: 0.0548 | Valid loss: 0.0916 | Train acc: 0.9768 | Valid acc: 0.9611 | patience:  19 | Epoch time: 37.2 |

2023-01-27 14:51:04,910 - INFO -
| Epoch:     33 | Train loss: 0.0537 | Valid loss: 0.0917 | Train acc: 0.9774 | Valid acc: 0.9624 | patience:  20 | Epoch time: 37.3 |

2023-01-27 14:51:42,172 - INFO -
| Epoch:     34 | Train loss: 0.0543 | Valid loss: 0.0918 | Train acc: 0.9772 | Valid acc: 0.9621 | patience:  21 | Epoch time: 37.3 |

2023-01-27 14:52:19,477 - INFO -
| Epoch:     35 | Train loss: 0.0531 | Valid loss: 0.0926 | Train acc: 0.9774 | Valid acc: 0.9628 | patience:  22 | Epoch time: 37.3 |

2023-01-27 14:52:56,718 - INFO -
| Epoch:     36 | Train loss: 0.0533 | Valid loss: 0.0914 | Train acc: 0.9778 | Valid acc: 0.9638 | patience:  23 | Epoch time: 37.2 |

2023-01-27 14:53:33,972 - INFO -
| Epoch:     37 | Train loss: 0.0531 | Valid loss: 0.0899 | Train acc: 0.9772 | Valid acc: 0.9625 | patience:  24 | Epoch time: 37.3 |

2023-01-27 14:54:11,225 - INFO -
| Epoch:     38 | Train loss: 0.0527 | Valid loss: 0.0903 | Train acc: 0.9776 | Valid acc: 0.9632 | patience:  25 | Epoch time: 37.3 |

2023-01-27 14:54:48,560 - INFO -
| Epoch:     39 | Train loss: 0.0537 | Valid loss: 0.0882 | Train acc: 0.9775 | Valid acc: 0.9636 | patience:  26 | Epoch time: 37.3 |

2023-01-27 14:55:25,861 - INFO -
| Epoch:     40 | Train loss: 0.0509 | Valid loss: 0.0882 | Train acc: 0.9785 | Valid acc: 0.9634 | patience:  27 | Epoch time: 37.3 |

2023-01-27 14:56:03,163 - INFO -
| Epoch:     41 | Train loss: 0.0514 | Valid loss: 0.0879 | Train acc: 0.9785 | Valid acc: 0.9634 | patience:  28 | Epoch time: 37.3 |

2023-01-27 14:56:40,472 - INFO -
| Epoch:     42 | Train loss: 0.0516 | Valid loss: 0.0891 | Train acc: 0.9784 | Valid acc: 0.9635 | patience:  29 | Epoch time: 37.3 |

2023-01-27 14:57:17,792 - INFO -
| Epoch:     43 | Train loss: 0.0521 | Valid loss: 0.0871 | Train acc: 0.9789 | Valid acc: 0.9638 | patience:  30 | Epoch time: 37.3 |

2023-01-27 14:57:55,107 - INFO -
| Epoch:     44 | Train loss: 0.0519 | Valid loss: 0.0883 | Train acc: 0.9785 | Valid acc: 0.9639 | patience:  31 | Epoch time: 37.3 |

2023-01-27 14:58:32,417 - INFO -
| Epoch:     45 | Train loss: 0.0504 | Valid loss: 0.0875 | Train acc: 0.9791 | Valid acc: 0.9635 | patience:  32 | Epoch time: 37.3 |

2023-01-27 14:59:09,884 - INFO -
| Epoch:     46 | Train loss: 0.0528 | Valid loss: 0.0874 | Train acc: 0.9792 | Valid acc: 0.9634 | patience:  33 | Epoch time: 37.5 |

2023-01-27 14:59:47,185 - INFO -
| Epoch:     47 | Train loss: 0.0508 | Valid loss: 0.0900 | Train acc: 0.9790 | Valid acc: 0.9639 | patience:  34 | Epoch time: 37.3 |

2023-01-27 15:00:24,485 - INFO -
| Epoch:     48 | Train loss: 0.0484 | Valid loss: 0.0889 | Train acc: 0.9799 | Valid acc: 0.9637 | patience:  35 | Epoch time: 37.3 |

2023-01-27 15:01:01,820 - INFO -
| Epoch:     49 | Train loss: 0.0498 | Valid loss: 0.0924 | Train acc: 0.9790 | Valid acc: 0.9633 | patience:  36 | Epoch time: 37.3 |

2023-01-27 15:01:39,340 - INFO -
| Epoch:     50 | Train loss: 0.0483 | Valid loss: 0.0900 | Train acc: 0.9791 | Valid acc: 0.9645 | patience:  37 | Epoch time: 37.5 |

2023-01-27 15:02:16,708 - INFO -
| Epoch:     51 | Train loss: 0.0485 | Valid loss: 0.0886 | Train acc: 0.9798 | Valid acc: 0.9630 | patience:  38 | Epoch time: 37.4 |

2023-01-27 15:02:54,167 - INFO -
| Epoch:     52 | Train loss: 0.0488 | Valid loss: 0.0900 | Train acc: 0.9795 | Valid acc: 0.9640 | patience:  39 | Epoch time: 37.5 |

2023-01-27 15:03:31,479 - INFO -
| Epoch:     53 | Train loss: 0.0495 | Valid loss: 0.0907 | Train acc: 0.9797 | Valid acc: 0.9640 | patience:  40 | Epoch time: 37.3 |

2023-01-27 15:04:08,966 - INFO -
| Epoch:     54 | Train loss: 0.0485 | Valid loss: 0.0893 | Train acc: 0.9779 | Valid acc: 0.9637 | patience:  41 | Epoch time: 37.5 |

2023-01-27 15:04:46,305 - INFO -
| Epoch:     55 | Train loss: 0.0484 | Valid loss: 0.0899 | Train acc: 0.9804 | Valid acc: 0.9636 | patience:  42 | Epoch time: 37.3 |

2023-01-27 15:05:23,633 - INFO -
| Epoch:     56 | Train loss: 0.0482 | Valid loss: 0.0901 | Train acc: 0.9802 | Valid acc: 0.9638 | patience:  43 | Epoch time: 37.3 |

2023-01-27 15:06:00,945 - INFO -
| Epoch:     57 | Train loss: 0.0478 | Valid loss: 0.0919 | Train acc: 0.9796 | Valid acc: 0.9622 | patience:  44 | Epoch time: 37.3 |

2023-01-27 15:06:38,290 - INFO -
| Epoch:     58 | Train loss: 0.0478 | Valid loss: 0.0920 | Train acc: 0.9802 | Valid acc: 0.9628 | patience:  45 | Epoch time: 37.3 |

2023-01-27 15:07:15,624 - INFO -
| Epoch:     59 | Train loss: 0.0471 | Valid loss: 0.0939 | Train acc: 0.9798 | Valid acc: 0.9614 | patience:  46 | Epoch time: 37.3 |

2023-01-27 15:07:53,142 - INFO -
| Epoch:     60 | Train loss: 0.0487 | Valid loss: 0.0918 | Train acc: 0.9793 | Valid acc: 0.9617 | patience:  47 | Epoch time: 37.5 |

2023-01-27 15:08:30,496 - INFO -
| Epoch:     61 | Train loss: 0.0474 | Valid loss: 0.0942 | Train acc: 0.9805 | Valid acc: 0.9630 | patience:  48 | Epoch time: 37.4 |

2023-01-27 15:09:08,009 - INFO -
| Epoch:     62 | Train loss: 0.0484 | Valid loss: 0.0928 | Train acc: 0.9803 | Valid acc: 0.9623 | patience:  49 | Epoch time: 37.5 |

2023-01-27 15:09:45,316 - INFO -
| Epoch:     63 | Train loss: 0.0468 | Valid loss: 0.0931 | Train acc: 0.9808 | Valid acc: 0.9638 | patience:  50 | Epoch time: 37.3 |

2023-01-27 15:10:22,833 - INFO -
| Epoch:     64 | Train loss: 0.0472 | Valid loss: 0.0935 | Train acc: 0.9799 | Valid acc: 0.9631 | patience:  51 | Epoch time: 37.5 |

2023-01-27 15:11:00,369 - INFO -
| Epoch:     65 | Train loss: 0.0471 | Valid loss: 0.0930 | Train acc: 0.9811 | Valid acc: 0.9632 | patience:  52 | Epoch time: 37.5 |

2023-01-27 15:11:37,898 - INFO -
| Epoch:     66 | Train loss: 0.0514 | Valid loss: 0.0917 | Train acc: 0.9801 | Valid acc: 0.9633 | patience:  53 | Epoch time: 37.5 |

2023-01-27 15:12:15,404 - INFO -
| Epoch:     67 | Train loss: 0.0474 | Valid loss: 0.0951 | Train acc: 0.9801 | Valid acc: 0.9614 | patience:  54 | Epoch time: 37.5 |

2023-01-27 15:12:52,954 - INFO -
| Epoch:     68 | Train loss: 0.0475 | Valid loss: 0.0918 | Train acc: 0.9795 | Valid acc: 0.9629 | patience:  55 | Epoch time: 37.5 |

2023-01-27 15:13:30,597 - INFO -
| Epoch:     69 | Train loss: 0.0485 | Valid loss: 0.0941 | Train acc: 0.9804 | Valid acc: 0.9618 | patience:  56 | Epoch time: 37.6 |

2023-01-27 15:14:08,093 - INFO -
| Epoch:     70 | Train loss: 0.0478 | Valid loss: 0.0931 | Train acc: 0.9799 | Valid acc: 0.9637 | patience:  57 | Epoch time: 37.5 |

2023-01-27 15:14:45,573 - INFO -
| Epoch:     71 | Train loss: 0.0468 | Valid loss: 0.0914 | Train acc: 0.9801 | Valid acc: 0.9638 | patience:  58 | Epoch time: 37.5 |

2023-01-27 15:15:23,193 - INFO -
| Epoch:     72 | Train loss: 0.0460 | Valid loss: 0.0953 | Train acc: 0.9809 | Valid acc: 0.9638 | patience:  59 | Epoch time: 37.6 |

2023-01-27 15:16:00,704 - INFO -
| Epoch:     73 | Train loss: 0.0501 | Valid loss: 0.0928 | Train acc: 0.9787 | Valid acc: 0.9625 | patience:  60 | Epoch time: 37.5 |

2023-01-27 15:16:38,192 - INFO -
| Epoch:     74 | Train loss: 0.0479 | Valid loss: 0.0964 | Train acc: 0.9795 | Valid acc: 0.9611 | patience:  61 | Epoch time: 37.5 |

2023-01-27 15:17:15,688 - INFO -
| Epoch:     75 | Train loss: 0.0494 | Valid loss: 0.0908 | Train acc: 0.9799 | Valid acc: 0.9623 | patience:  62 | Epoch time: 37.5 |

2023-01-27 15:17:53,190 - INFO -
| Epoch:     76 | Train loss: 0.0454 | Valid loss: 0.0954 | Train acc: 0.9802 | Valid acc: 0.9633 | patience:  63 | Epoch time: 37.5 |

2023-01-27 15:18:30,674 - INFO -
| Epoch:     77 | Train loss: 0.0458 | Valid loss: 0.0913 | Train acc: 0.9812 | Valid acc: 0.9625 | patience:  64 | Epoch time: 37.5 |

2023-01-27 15:19:08,338 - INFO -
| Epoch:     78 | Train loss: 0.0465 | Valid loss: 0.0941 | Train acc: 0.9817 | Valid acc: 0.9638 | patience:  65 | Epoch time: 37.7 |

2023-01-27 15:19:45,859 - INFO -
| Epoch:     79 | Train loss: 0.0469 | Valid loss: 0.0939 | Train acc: 0.9804 | Valid acc: 0.9634 | patience:  66 | Epoch time: 37.5 |

2023-01-27 15:20:23,383 - INFO -
| Epoch:     80 | Train loss: 0.0465 | Valid loss: 0.0904 | Train acc: 0.9804 | Valid acc: 0.9616 | patience:  67 | Epoch time: 37.5 |

2023-01-27 15:21:01,004 - INFO -
| Epoch:     81 | Train loss: 0.0460 | Valid loss: 0.0925 | Train acc: 0.9805 | Valid acc: 0.9636 | patience:  68 | Epoch time: 37.6 |

2023-01-27 15:21:38,494 - INFO -
| Epoch:     82 | Train loss: 0.0471 | Valid loss: 0.0940 | Train acc: 0.9823 | Valid acc: 0.9632 | patience:  69 | Epoch time: 37.5 |

2023-01-27 15:22:16,001 - INFO -
| Epoch:     83 | Train loss: 0.0482 | Valid loss: 0.0919 | Train acc: 0.9803 | Valid acc: 0.9607 | patience:  70 | Epoch time: 37.5 |

2023-01-27 15:22:53,500 - INFO -
| Epoch:     84 | Train loss: 0.0469 | Valid loss: 0.0919 | Train acc: 0.9813 | Valid acc: 0.9629 | patience:  71 | Epoch time: 37.5 |

2023-01-27 15:23:30,979 - INFO -
| Epoch:     85 | Train loss: 0.0496 | Valid loss: 0.0933 | Train acc: 0.9791 | Valid acc: 0.9630 | patience:  72 | Epoch time: 37.5 |

2023-01-27 15:24:08,440 - INFO -
| Epoch:     86 | Train loss: 0.0480 | Valid loss: 0.0913 | Train acc: 0.9802 | Valid acc: 0.9616 | patience:  73 | Epoch time: 37.5 |

2023-01-27 15:24:45,934 - INFO -
| Epoch:     87 | Train loss: 0.0464 | Valid loss: 0.0919 | Train acc: 0.9806 | Valid acc: 0.9609 | patience:  74 | Epoch time: 37.5 |

2023-01-27 15:25:23,534 - INFO -
| Epoch:     88 | Train loss: 0.0435 | Valid loss: 0.0941 | Train acc: 0.9818 | Valid acc: 0.9609 | patience:  75 | Epoch time: 37.6 |

2023-01-27 15:26:01,014 - INFO -
| Epoch:     89 | Train loss: 0.0456 | Valid loss: 0.0962 | Train acc: 0.9810 | Valid acc: 0.9625 | patience:  76 | Epoch time: 37.5 |

2023-01-27 15:26:38,507 - INFO -
| Epoch:     90 | Train loss: 0.0462 | Valid loss: 0.0973 | Train acc: 0.9813 | Valid acc: 0.9613 | patience:  77 | Epoch time: 37.5 |

2023-01-27 15:27:16,010 - INFO -
| Epoch:     91 | Train loss: 0.0459 | Valid loss: 0.0978 | Train acc: 0.9814 | Valid acc: 0.9617 | patience:  78 | Epoch time: 37.5 |

2023-01-27 15:27:53,509 - INFO -
| Epoch:     92 | Train loss: 0.0459 | Valid loss: 0.0946 | Train acc: 0.9808 | Valid acc: 0.9611 | patience:  79 | Epoch time: 37.5 |

2023-01-27 15:28:30,969 - INFO -
| Epoch:     93 | Train loss: 0.0460 | Valid loss: 0.0936 | Train acc: 0.9809 | Valid acc: 0.9624 | patience:  80 | Epoch time: 37.5 |

2023-01-27 15:29:08,600 - INFO -
| Epoch:     94 | Train loss: 0.0454 | Valid loss: 0.0946 | Train acc: 0.9807 | Valid acc: 0.9616 | patience:  81 | Epoch time: 37.6 |

2023-01-27 15:29:46,082 - INFO -
| Epoch:     95 | Train loss: 0.0480 | Valid loss: 0.0950 | Train acc: 0.9814 | Valid acc: 0.9616 | patience:  82 | Epoch time: 37.5 |

2023-01-27 15:30:23,539 - INFO -
| Epoch:     96 | Train loss: 0.0485 | Valid loss: 0.0930 | Train acc: 0.9806 | Valid acc: 0.9622 | patience:  83 | Epoch time: 37.5 |

2023-01-27 15:31:00,997 - INFO -
| Epoch:     97 | Train loss: 0.0472 | Valid loss: 0.0935 | Train acc: 0.9810 | Valid acc: 0.9610 | patience:  84 | Epoch time: 37.5 |

2023-01-27 15:31:38,502 - INFO -
| Epoch:     98 | Train loss: 0.0469 | Valid loss: 0.0919 | Train acc: 0.9809 | Valid acc: 0.9614 | patience:  85 | Epoch time: 37.5 |

2023-01-27 15:32:16,143 - INFO -
| Epoch:     99 | Train loss: 0.0479 | Valid loss: 0.0930 | Train acc: 0.9805 | Valid acc: 0.9619 | patience:  86 | Epoch time: 37.6 |

2023-01-27 15:32:53,666 - INFO -
| Epoch:    100 | Train loss: 0.0435 | Valid loss: 0.0946 | Train acc: 0.9812 | Valid acc: 0.9630 | patience:  87 | Epoch time: 37.5 |

2023-01-27 15:33:31,145 - INFO -
| Epoch:    101 | Train loss: 0.0451 | Valid loss: 0.0929 | Train acc: 0.9810 | Valid acc: 0.9608 | patience:  88 | Epoch time: 37.5 |

2023-01-27 15:34:08,736 - INFO -
| Epoch:    102 | Train loss: 0.0436 | Valid loss: 0.0913 | Train acc: 0.9821 | Valid acc: 0.9622 | patience:  89 | Epoch time: 37.6 |

2023-01-27 15:34:46,324 - INFO -
| Epoch:    103 | Train loss: 0.0461 | Valid loss: 0.0942 | Train acc: 0.9815 | Valid acc: 0.9620 | patience:  90 | Epoch time: 37.6 |

2023-01-27 15:35:23,750 - INFO -
| Epoch:    104 | Train loss: 0.0463 | Valid loss: 0.1011 | Train acc: 0.9813 | Valid acc: 0.9605 | patience:  91 | Epoch time: 37.4 |

2023-01-27 15:36:01,331 - INFO -
| Epoch:    105 | Train loss: 0.0445 | Valid loss: 0.0940 | Train acc: 0.9822 | Valid acc: 0.9602 | patience:  92 | Epoch time: 37.6 |

2023-01-27 15:36:38,815 - INFO -
| Epoch:    106 | Train loss: 0.0448 | Valid loss: 0.0960 | Train acc: 0.9824 | Valid acc: 0.9607 | patience:  93 | Epoch time: 37.5 |

2023-01-27 15:37:16,269 - INFO -
| Epoch:    107 | Train loss: 0.0426 | Valid loss: 0.0963 | Train acc: 0.9823 | Valid acc: 0.9609 | patience:  94 | Epoch time: 37.5 |

2023-01-27 15:37:53,730 - INFO -
| Epoch:    108 | Train loss: 0.0471 | Valid loss: 0.0960 | Train acc: 0.9800 | Valid acc: 0.9613 | patience:  95 | Epoch time: 37.5 |

2023-01-27 15:38:31,244 - INFO -
| Epoch:    109 | Train loss: 0.0463 | Valid loss: 0.0953 | Train acc: 0.9819 | Valid acc: 0.9607 | patience:  96 | Epoch time: 37.5 |

2023-01-27 15:39:08,644 - INFO -
| Epoch:    110 | Train loss: 0.0442 | Valid loss: 0.0933 | Train acc: 0.9815 | Valid acc: 0.9597 | patience:  97 | Epoch time: 37.4 |

2023-01-27 15:39:46,073 - INFO -
| Epoch:    111 | Train loss: 0.0462 | Valid loss: 0.0941 | Train acc: 0.9809 | Valid acc: 0.9601 | patience:  98 | Epoch time: 37.4 |

2023-01-27 15:40:23,495 - INFO -
| Epoch:    112 | Train loss: 0.0461 | Valid loss: 0.1013 | Train acc: 0.9804 | Valid acc: 0.9601 | patience:  99 | Epoch time: 37.4 |

2023-01-27 15:41:00,923 - INFO -
| Epoch:    113 | Train loss: 0.0478 | Valid loss: 0.0971 | Train acc: 0.9814 | Valid acc: 0.9613 | patience: 100 | Epoch time: 37.4 |

2023-01-27 15:41:38,351 - INFO -
| Epoch:    114 | Train loss: 0.0463 | Valid loss: 0.0975 | Train acc: 0.9808 | Valid acc: 0.9611 | patience: 101 | Epoch time: 37.4 |

2023-01-27 15:42:15,744 - INFO -
| Epoch:    115 | Train loss: 0.0473 | Valid loss: 0.0985 | Train acc: 0.9825 | Valid acc: 0.9591 | patience: 102 | Epoch time: 37.4 |

2023-01-27 15:42:53,250 - INFO -
| Epoch:    116 | Train loss: 0.0471 | Valid loss: 0.0941 | Train acc: 0.9808 | Valid acc: 0.9632 | patience: 103 | Epoch time: 37.5 |

2023-01-27 15:43:30,674 - INFO -
| Epoch:    117 | Train loss: 0.0445 | Valid loss: 0.0941 | Train acc: 0.9821 | Valid acc: 0.9614 | patience: 104 | Epoch time: 37.4 |

2023-01-27 15:44:08,626 - INFO -
| Epoch:    118 | Train loss: 0.0450 | Valid loss: 0.0921 | Train acc: 0.9821 | Valid acc: 0.9619 | patience: 105 | Epoch time: 38.0 |

2023-01-27 15:44:45,983 - INFO -
| Epoch:    119 | Train loss: 0.0455 | Valid loss: 0.0920 | Train acc: 0.9817 | Valid acc: 0.9621 | patience: 106 | Epoch time: 37.4 |

2023-01-27 15:45:23,335 - INFO -
| Epoch:    120 | Train loss: 0.0443 | Valid loss: 0.0915 | Train acc: 0.9833 | Valid acc: 0.9628 | patience: 107 | Epoch time: 37.4 |

2023-01-27 15:46:00,705 - INFO -
| Epoch:    121 | Train loss: 0.0459 | Valid loss: 0.0931 | Train acc: 0.9815 | Valid acc: 0.9618 | patience: 108 | Epoch time: 37.4 |

2023-01-27 15:46:38,069 - INFO -
| Epoch:    122 | Train loss: 0.0447 | Valid loss: 0.0918 | Train acc: 0.9798 | Valid acc: 0.9618 | patience: 109 | Epoch time: 37.4 |

2023-01-27 15:47:15,434 - INFO -
| Epoch:    123 | Train loss: 0.0442 | Valid loss: 0.0969 | Train acc: 0.9821 | Valid acc: 0.9610 | patience: 110 | Epoch time: 37.4 |

2023-01-27 15:47:52,780 - INFO -
| Epoch:    124 | Train loss: 0.0450 | Valid loss: 0.0950 | Train acc: 0.9815 | Valid acc: 0.9615 | patience: 111 | Epoch time: 37.3 |

2023-01-27 15:48:30,138 - INFO -
| Epoch:    125 | Train loss: 0.0483 | Valid loss: 0.0938 | Train acc: 0.9822 | Valid acc: 0.9614 | patience: 112 | Epoch time: 37.4 |

2023-01-27 15:49:07,493 - INFO -
| Epoch:    126 | Train loss: 0.0446 | Valid loss: 0.0973 | Train acc: 0.9817 | Valid acc: 0.9604 | patience: 113 | Epoch time: 37.4 |

2023-01-27 15:49:44,851 - INFO -
| Epoch:    127 | Train loss: 0.0432 | Valid loss: 0.0972 | Train acc: 0.9826 | Valid acc: 0.9602 | patience: 114 | Epoch time: 37.4 |

2023-01-27 15:50:22,076 - INFO -
| Epoch:    128 | Train loss: 0.0426 | Valid loss: 0.0951 | Train acc: 0.9819 | Valid acc: 0.9623 | patience: 115 | Epoch time: 37.2 |

2023-01-27 15:50:59,350 - INFO -
| Epoch:    129 | Train loss: 0.0444 | Valid loss: 0.0998 | Train acc: 0.9808 | Valid acc: 0.9594 | patience: 116 | Epoch time: 37.3 |

2023-01-27 15:51:36,593 - INFO -
| Epoch:    130 | Train loss: 0.0465 | Valid loss: 0.0929 | Train acc: 0.9807 | Valid acc: 0.9609 | patience: 117 | Epoch time: 37.2 |

2023-01-27 15:52:13,813 - INFO -
| Epoch:    131 | Train loss: 0.0429 | Valid loss: 0.0953 | Train acc: 0.9810 | Valid acc: 0.9598 | patience: 118 | Epoch time: 37.2 |

2023-01-27 15:52:51,023 - INFO -
| Epoch:    132 | Train loss: 0.0455 | Valid loss: 0.0968 | Train acc: 0.9812 | Valid acc: 0.9618 | patience: 119 | Epoch time: 37.2 |

2023-01-27 15:53:28,266 - INFO -
| Epoch:    133 | Train loss: 0.0421 | Valid loss: 0.0958 | Train acc: 0.9830 | Valid acc: 0.9607 | patience: 120 | Epoch time: 37.2 |

2023-01-27 15:54:05,524 - INFO -
| Epoch:    134 | Train loss: 0.0439 | Valid loss: 0.0954 | Train acc: 0.9816 | Valid acc: 0.9625 | patience: 121 | Epoch time: 37.3 |

2023-01-27 15:54:42,780 - INFO -
| Epoch:    135 | Train loss: 0.0436 | Valid loss: 0.0928 | Train acc: 0.9817 | Valid acc: 0.9622 | patience: 122 | Epoch time: 37.3 |

2023-01-27 15:55:20,020 - INFO -
| Epoch:    136 | Train loss: 0.0461 | Valid loss: 0.0896 | Train acc: 0.9826 | Valid acc: 0.9629 | patience: 123 | Epoch time: 37.2 |

2023-01-27 15:55:57,255 - INFO -
| Epoch:    137 | Train loss: 0.0424 | Valid loss: 0.0909 | Train acc: 0.9823 | Valid acc: 0.9621 | patience: 124 | Epoch time: 37.2 |

2023-01-27 15:56:34,492 - INFO -
| Epoch:    138 | Train loss: 0.0477 | Valid loss: 0.0905 | Train acc: 0.9820 | Valid acc: 0.9622 | patience: 125 | Epoch time: 37.2 |

2023-01-27 15:57:11,701 - INFO -
| Epoch:    139 | Train loss: 0.0476 | Valid loss: 0.0935 | Train acc: 0.9812 | Valid acc: 0.9631 | patience: 126 | Epoch time: 37.2 |

2023-01-27 15:57:48,943 - INFO -
| Epoch:    140 | Train loss: 0.0438 | Valid loss: 0.0917 | Train acc: 0.9820 | Valid acc: 0.9615 | patience: 127 | Epoch time: 37.2 |

2023-01-27 15:58:26,173 - INFO -
| Epoch:    141 | Train loss: 0.0428 | Valid loss: 0.0977 | Train acc: 0.9825 | Valid acc: 0.9618 | patience: 128 | Epoch time: 37.2 |

2023-01-27 15:59:03,426 - INFO -
| Epoch:    142 | Train loss: 0.0443 | Valid loss: 0.0941 | Train acc: 0.9814 | Valid acc: 0.9597 | patience: 129 | Epoch time: 37.3 |

2023-01-27 15:59:40,666 - INFO -
| Epoch:    143 | Train loss: 0.0460 | Valid loss: 0.0935 | Train acc: 0.9818 | Valid acc: 0.9619 | patience: 130 | Epoch time: 37.2 |

2023-01-27 16:00:17,867 - INFO -
| Epoch:    144 | Train loss: 0.0430 | Valid loss: 0.0941 | Train acc: 0.9825 | Valid acc: 0.9607 | patience: 131 | Epoch time: 37.2 |

2023-01-27 16:00:55,079 - INFO -
| Epoch:    145 | Train loss: 0.0411 | Valid loss: 0.0942 | Train acc: 0.9830 | Valid acc: 0.9607 | patience: 132 | Epoch time: 37.2 |

2023-01-27 16:01:32,279 - INFO -
| Epoch:    146 | Train loss: 0.0438 | Valid loss: 0.0946 | Train acc: 0.9821 | Valid acc: 0.9602 | patience: 133 | Epoch time: 37.2 |

2023-01-27 16:02:09,483 - INFO -
| Epoch:    147 | Train loss: 0.0441 | Valid loss: 0.0950 | Train acc: 0.9823 | Valid acc: 0.9612 | patience: 134 | Epoch time: 37.2 |

2023-01-27 16:02:46,778 - INFO -
| Epoch:    148 | Train loss: 0.0433 | Valid loss: 0.1015 | Train acc: 0.9816 | Valid acc: 0.9619 | patience: 135 | Epoch time: 37.3 |

2023-01-27 16:03:23,968 - INFO -
| Epoch:    149 | Train loss: 0.0433 | Valid loss: 0.0952 | Train acc: 0.9831 | Valid acc: 0.9611 | patience: 136 | Epoch time: 37.2 |

2023-01-27 16:04:01,198 - INFO -
| Epoch:    150 | Train loss: 0.0515 | Valid loss: 0.0931 | Train acc: 0.9829 | Valid acc: 0.9617 | patience: 137 | Epoch time: 37.2 |

2023-01-27 16:04:38,392 - INFO -
| Epoch:    151 | Train loss: 0.0461 | Valid loss: 0.0966 | Train acc: 0.9824 | Valid acc: 0.9606 | patience: 138 | Epoch time: 37.2 |

2023-01-27 16:05:15,600 - INFO -
| Epoch:    152 | Train loss: 0.0441 | Valid loss: 0.0961 | Train acc: 0.9817 | Valid acc: 0.9610 | patience: 139 | Epoch time: 37.2 |

2023-01-27 16:05:52,802 - INFO -
| Epoch:    153 | Train loss: 0.0436 | Valid loss: 0.0940 | Train acc: 0.9824 | Valid acc: 0.9614 | patience: 140 | Epoch time: 37.2 |

2023-01-27 16:06:30,031 - INFO -
| Epoch:    154 | Train loss: 0.0454 | Valid loss: 0.0951 | Train acc: 0.9802 | Valid acc: 0.9607 | patience: 141 | Epoch time: 37.2 |

2023-01-27 16:07:07,224 - INFO -
| Epoch:    155 | Train loss: 0.0444 | Valid loss: 0.0958 | Train acc: 0.9813 | Valid acc: 0.9601 | patience: 142 | Epoch time: 37.2 |

2023-01-27 16:07:44,451 - INFO -
| Epoch:    156 | Train loss: 0.0421 | Valid loss: 0.0997 | Train acc: 0.9827 | Valid acc: 0.9607 | patience: 143 | Epoch time: 37.2 |

2023-01-27 16:08:21,669 - INFO -
| Epoch:    157 | Train loss: 0.0459 | Valid loss: 0.0948 | Train acc: 0.9824 | Valid acc: 0.9599 | patience: 144 | Epoch time: 37.2 |

2023-01-27 16:08:58,904 - INFO -
| Epoch:    158 | Train loss: 0.0452 | Valid loss: 0.0941 | Train acc: 0.9812 | Valid acc: 0.9596 | patience: 145 | Epoch time: 37.2 |

2023-01-27 16:09:36,114 - INFO -
| Epoch:    159 | Train loss: 0.0431 | Valid loss: 0.0975 | Train acc: 0.9819 | Valid acc: 0.9597 | patience: 146 | Epoch time: 37.2 |

2023-01-27 16:10:13,360 - INFO -
| Epoch:    160 | Train loss: 0.0477 | Valid loss: 0.0981 | Train acc: 0.9821 | Valid acc: 0.9604 | patience: 147 | Epoch time: 37.2 |

2023-01-27 16:10:50,577 - INFO -
| Epoch:    161 | Train loss: 0.0428 | Valid loss: 0.0969 | Train acc: 0.9818 | Valid acc: 0.9596 | patience: 148 | Epoch time: 37.2 |

2023-01-27 16:11:27,770 - INFO -
| Epoch:    162 | Train loss: 0.0426 | Valid loss: 0.0960 | Train acc: 0.9828 | Valid acc: 0.9607 | patience: 149 | Epoch time: 37.2 |

2023-01-27 16:12:04,964 - INFO -
| Epoch:    163 | Train loss: 0.0427 | Valid loss: 0.0974 | Train acc: 0.9814 | Valid acc: 0.9619 | patience: 150 | Epoch time: 37.2 |

2023-01-27 16:12:42,193 - INFO -
| Epoch:    164 | Train loss: 0.0408 | Valid loss: 0.0962 | Train acc: 0.9830 | Valid acc: 0.9610 | patience: 151 | Epoch time: 37.2 |

2023-01-27 16:13:19,454 - INFO -
| Epoch:    165 | Train loss: 0.0424 | Valid loss: 0.0973 | Train acc: 0.9823 | Valid acc: 0.9609 | patience: 152 | Epoch time: 37.3 |

2023-01-27 16:13:56,661 - INFO -
| Epoch:    166 | Train loss: 0.0431 | Valid loss: 0.0934 | Train acc: 0.9809 | Valid acc: 0.9628 | patience: 153 | Epoch time: 37.2 |

2023-01-27 16:14:33,876 - INFO -
| Epoch:    167 | Train loss: 0.0436 | Valid loss: 0.0944 | Train acc: 0.9821 | Valid acc: 0.9618 | patience: 154 | Epoch time: 37.2 |

2023-01-27 16:15:11,086 - INFO -
| Epoch:    168 | Train loss: 0.0425 | Valid loss: 0.0943 | Train acc: 0.9821 | Valid acc: 0.9611 | patience: 155 | Epoch time: 37.2 |

2023-01-27 16:15:48,372 - INFO -
| Epoch:    169 | Train loss: 0.0433 | Valid loss: 0.0904 | Train acc: 0.9826 | Valid acc: 0.9615 | patience: 156 | Epoch time: 37.3 |

2023-01-27 16:16:25,588 - INFO -
| Epoch:    170 | Train loss: 0.0496 | Valid loss: 0.0928 | Train acc: 0.9821 | Valid acc: 0.9617 | patience: 157 | Epoch time: 37.2 |

2023-01-27 16:17:02,821 - INFO -
| Epoch:    171 | Train loss: 0.0434 | Valid loss: 0.0941 | Train acc: 0.9816 | Valid acc: 0.9616 | patience: 158 | Epoch time: 37.2 |

2023-01-27 16:17:40,059 - INFO -
| Epoch:    172 | Train loss: 0.0427 | Valid loss: 0.0974 | Train acc: 0.9816 | Valid acc: 0.9621 | patience: 159 | Epoch time: 37.2 |

2023-01-27 16:18:17,304 - INFO -
| Epoch:    173 | Train loss: 0.0429 | Valid loss: 0.1000 | Train acc: 0.9827 | Valid acc: 0.9604 | patience: 160 | Epoch time: 37.2 |

2023-01-27 16:18:54,525 - INFO -
| Epoch:    174 | Train loss: 0.0417 | Valid loss: 0.1010 | Train acc: 0.9832 | Valid acc: 0.9595 | patience: 161 | Epoch time: 37.2 |

2023-01-27 16:19:31,765 - INFO -
| Epoch:    175 | Train loss: 0.0440 | Valid loss: 0.0981 | Train acc: 0.9831 | Valid acc: 0.9587 | patience: 162 | Epoch time: 37.2 |

2023-01-27 16:20:09,023 - INFO -
| Epoch:    176 | Train loss: 0.0440 | Valid loss: 0.0957 | Train acc: 0.9820 | Valid acc: 0.9600 | patience: 163 | Epoch time: 37.3 |

2023-01-27 16:20:47,145 - INFO -
| Epoch:    177 | Train loss: 0.0436 | Valid loss: 0.0960 | Train acc: 0.9828 | Valid acc: 0.9603 | patience: 164 | Epoch time: 38.1 |

2023-01-27 16:21:24,390 - INFO -
| Epoch:    178 | Train loss: 0.0421 | Valid loss: 0.0953 | Train acc: 0.9818 | Valid acc: 0.9606 | patience: 165 | Epoch time: 37.2 |

2023-01-27 16:22:01,623 - INFO -
| Epoch:    179 | Train loss: 0.0424 | Valid loss: 0.0911 | Train acc: 0.9827 | Valid acc: 0.9611 | patience: 166 | Epoch time: 37.2 |

2023-01-27 16:22:38,879 - INFO -
| Epoch:    180 | Train loss: 0.0453 | Valid loss: 0.0920 | Train acc: 0.9827 | Valid acc: 0.9613 | patience: 167 | Epoch time: 37.3 |

2023-01-27 16:23:16,093 - INFO -
| Epoch:    181 | Train loss: 0.0433 | Valid loss: 0.0982 | Train acc: 0.9824 | Valid acc: 0.9615 | patience: 168 | Epoch time: 37.2 |

2023-01-27 16:23:53,320 - INFO -
| Epoch:    182 | Train loss: 0.0441 | Valid loss: 0.0948 | Train acc: 0.9820 | Valid acc: 0.9618 | patience: 169 | Epoch time: 37.2 |

2023-01-27 16:24:30,584 - INFO -
| Epoch:    183 | Train loss: 0.0444 | Valid loss: 0.0949 | Train acc: 0.9827 | Valid acc: 0.9593 | patience: 170 | Epoch time: 37.3 |

2023-01-27 16:25:07,819 - INFO -
| Epoch:    184 | Train loss: 0.0424 | Valid loss: 0.0975 | Train acc: 0.9817 | Valid acc: 0.9613 | patience: 171 | Epoch time: 37.2 |

2023-01-27 16:25:45,031 - INFO -
| Epoch:    185 | Train loss: 0.0427 | Valid loss: 0.0976 | Train acc: 0.9827 | Valid acc: 0.9618 | patience: 172 | Epoch time: 37.2 |

2023-01-27 16:26:22,199 - INFO -
| Epoch:    186 | Train loss: 0.0431 | Valid loss: 0.0937 | Train acc: 0.9822 | Valid acc: 0.9611 | patience: 173 | Epoch time: 37.2 |

2023-01-27 16:26:59,452 - INFO -
| Epoch:    187 | Train loss: 0.0423 | Valid loss: 0.0966 | Train acc: 0.9831 | Valid acc: 0.9619 | patience: 174 | Epoch time: 37.3 |

2023-01-27 16:27:36,696 - INFO -
| Epoch:    188 | Train loss: 0.0415 | Valid loss: 0.0956 | Train acc: 0.9827 | Valid acc: 0.9601 | patience: 175 | Epoch time: 37.2 |

2023-01-27 16:28:13,926 - INFO -
| Epoch:    189 | Train loss: 0.0444 | Valid loss: 0.0984 | Train acc: 0.9823 | Valid acc: 0.9600 | patience: 176 | Epoch time: 37.2 |

2023-01-27 16:28:51,162 - INFO -
| Epoch:    190 | Train loss: 0.0423 | Valid loss: 0.0951 | Train acc: 0.9815 | Valid acc: 0.9605 | patience: 177 | Epoch time: 37.2 |

2023-01-27 16:29:28,384 - INFO -
| Epoch:    191 | Train loss: 0.0428 | Valid loss: 0.0938 | Train acc: 0.9825 | Valid acc: 0.9622 | patience: 178 | Epoch time: 37.2 |

2023-01-27 16:30:05,517 - INFO -
| Epoch:    192 | Train loss: 0.0432 | Valid loss: 0.0926 | Train acc: 0.9827 | Valid acc: 0.9620 | patience: 179 | Epoch time: 37.1 |

2023-01-27 16:30:42,741 - INFO -
| Epoch:    193 | Train loss: 0.0452 | Valid loss: 0.0921 | Train acc: 0.9820 | Valid acc: 0.9620 | patience: 180 | Epoch time: 37.2 |

2023-01-27 16:31:19,968 - INFO -
| Epoch:    194 | Train loss: 0.0415 | Valid loss: 0.0938 | Train acc: 0.9827 | Valid acc: 0.9626 | patience: 181 | Epoch time: 37.2 |

2023-01-27 16:31:57,197 - INFO -
| Epoch:    195 | Train loss: 0.0457 | Valid loss: 0.0917 | Train acc: 0.9822 | Valid acc: 0.9629 | patience: 182 | Epoch time: 37.2 |

2023-01-27 16:32:34,426 - INFO -
| Epoch:    196 | Train loss: 0.0417 | Valid loss: 0.0912 | Train acc: 0.9832 | Valid acc: 0.9620 | patience: 183 | Epoch time: 37.2 |

2023-01-27 16:33:11,660 - INFO -
| Epoch:    197 | Train loss: 0.0434 | Valid loss: 0.0951 | Train acc: 0.9820 | Valid acc: 0.9618 | patience: 184 | Epoch time: 37.2 |

2023-01-27 16:33:48,918 - INFO -
| Epoch:    198 | Train loss: 0.0431 | Valid loss: 0.0941 | Train acc: 0.9834 | Valid acc: 0.9621 | patience: 185 | Epoch time: 37.3 |

2023-01-27 16:34:26,175 - INFO -
| Epoch:    199 | Train loss: 0.0442 | Valid loss: 0.0964 | Train acc: 0.9823 | Valid acc: 0.9614 | patience: 186 | Epoch time: 37.3 |

2023-01-27 16:35:03,398 - INFO -
| Epoch:    200 | Train loss: 0.0435 | Valid loss: 0.0962 | Train acc: 0.9829 | Valid acc: 0.9612 | patience: 187 | Epoch time: 37.2 |

2023-01-27 16:35:40,622 - INFO -
| Epoch:    201 | Train loss: 0.0437 | Valid loss: 0.0978 | Train acc: 0.9822 | Valid acc: 0.9615 | patience: 188 | Epoch time: 37.2 |

2023-01-27 16:36:17,863 - INFO -
| Epoch:    202 | Train loss: 0.0421 | Valid loss: 0.0968 | Train acc: 0.9828 | Valid acc: 0.9603 | patience: 189 | Epoch time: 37.2 |

2023-01-27 16:36:55,093 - INFO -
| Epoch:    203 | Train loss: 0.0399 | Valid loss: 0.0947 | Train acc: 0.9836 | Valid acc: 0.9615 | patience: 190 | Epoch time: 37.2 |

2023-01-27 16:37:32,332 - INFO -
| Epoch:    204 | Train loss: 0.0409 | Valid loss: 0.0964 | Train acc: 0.9827 | Valid acc: 0.9613 | patience: 191 | Epoch time: 37.2 |

2023-01-27 16:38:09,474 - INFO -
| Epoch:    205 | Train loss: 0.0424 | Valid loss: 0.0979 | Train acc: 0.9827 | Valid acc: 0.9618 | patience: 192 | Epoch time: 37.1 |

2023-01-27 16:38:46,727 - INFO -
| Epoch:    206 | Train loss: 0.0418 | Valid loss: 0.0925 | Train acc: 0.9827 | Valid acc: 0.9616 | patience: 193 | Epoch time: 37.3 |

2023-01-27 16:39:23,977 - INFO -
| Epoch:    207 | Train loss: 0.0423 | Valid loss: 0.0968 | Train acc: 0.9824 | Valid acc: 0.9626 | patience: 194 | Epoch time: 37.2 |

2023-01-27 16:40:01,303 - INFO -
| Epoch:    208 | Train loss: 0.0428 | Valid loss: 0.0944 | Train acc: 0.9819 | Valid acc: 0.9617 | patience: 195 | Epoch time: 37.3 |

2023-01-27 16:40:38,518 - INFO -
| Epoch:    209 | Train loss: 0.0435 | Valid loss: 0.0948 | Train acc: 0.9823 | Valid acc: 0.9627 | patience: 196 | Epoch time: 37.2 |

2023-01-27 16:41:15,741 - INFO -
| Epoch:    210 | Train loss: 0.0421 | Valid loss: 0.0959 | Train acc: 0.9820 | Valid acc: 0.9608 | patience: 197 | Epoch time: 37.2 |

2023-01-27 16:41:52,875 - INFO -
| Epoch:    211 | Train loss: 0.0486 | Valid loss: 0.0957 | Train acc: 0.9825 | Valid acc: 0.9622 | patience: 198 | Epoch time: 37.1 |

2023-01-27 16:42:30,116 - INFO -
| Epoch:    212 | Train loss: 0.0422 | Valid loss: 0.0935 | Train acc: 0.9829 | Valid acc: 0.9623 | patience: 199 | Epoch time: 37.2 |

2023-01-27 16:43:07,342 - INFO -
| Epoch:    213 | Train loss: 0.0420 | Valid loss: 0.0966 | Train acc: 0.9818 | Valid acc: 0.9600 | patience: 200 | Epoch time: 37.2 |

2023-01-27 16:43:44,572 - INFO -
| Epoch:    214 | Train loss: 0.0417 | Valid loss: 0.0993 | Train acc: 0.9822 | Valid acc: 0.9597 | patience: 201 | Epoch time: 37.2 |

2023-01-27 16:44:21,699 - INFO -
| Epoch:    215 | Train loss: 0.0428 | Valid loss: 0.0989 | Train acc: 0.9833 | Valid acc: 0.9601 | patience: 202 | Epoch time: 37.1 |

2023-01-27 16:44:58,909 - INFO -
| Epoch:    216 | Train loss: 0.0416 | Valid loss: 0.1004 | Train acc: 0.9832 | Valid acc: 0.9620 | patience: 203 | Epoch time: 37.2 |

2023-01-27 16:45:36,160 - INFO -
| Epoch:    217 | Train loss: 0.0421 | Valid loss: 0.0976 | Train acc: 0.9820 | Valid acc: 0.9607 | patience: 204 | Epoch time: 37.3 |

2023-01-27 16:46:13,392 - INFO -
| Epoch:    218 | Train loss: 0.0423 | Valid loss: 0.0960 | Train acc: 0.9821 | Valid acc: 0.9611 | patience: 205 | Epoch time: 37.2 |

2023-01-27 16:46:50,614 - INFO -
| Epoch:    219 | Train loss: 0.0409 | Valid loss: 0.1017 | Train acc: 0.9831 | Valid acc: 0.9606 | patience: 206 | Epoch time: 37.2 |

2023-01-27 16:47:27,856 - INFO -
| Epoch:    220 | Train loss: 0.0427 | Valid loss: 0.0975 | Train acc: 0.9827 | Valid acc: 0.9620 | patience: 207 | Epoch time: 37.2 |

2023-01-27 16:48:05,084 - INFO -
| Epoch:    221 | Train loss: 0.0464 | Valid loss: 0.1014 | Train acc: 0.9821 | Valid acc: 0.9617 | patience: 208 | Epoch time: 37.2 |

2023-01-27 16:48:42,327 - INFO -
| Epoch:    222 | Train loss: 0.0433 | Valid loss: 0.0960 | Train acc: 0.9822 | Valid acc: 0.9605 | patience: 209 | Epoch time: 37.2 |

2023-01-27 16:49:22,472 - INFO -
| Epoch:    223 | Train loss: 0.0412 | Valid loss: 0.0962 | Train acc: 0.9829 | Valid acc: 0.9607 | patience: 210 | Epoch time: 40.1 |

2023-01-27 16:49:59,716 - INFO -
| Epoch:    224 | Train loss: 0.0428 | Valid loss: 0.0943 | Train acc: 0.9824 | Valid acc: 0.9596 | patience: 211 | Epoch time: 37.2 |

2023-01-27 16:50:36,941 - INFO -
| Epoch:    225 | Train loss: 0.0415 | Valid loss: 0.0947 | Train acc: 0.9837 | Valid acc: 0.9613 | patience: 212 | Epoch time: 37.2 |

2023-01-27 16:51:14,179 - INFO -
| Epoch:    226 | Train loss: 0.0417 | Valid loss: 0.0925 | Train acc: 0.9832 | Valid acc: 0.9613 | patience: 213 | Epoch time: 37.2 |

2023-01-27 16:51:51,377 - INFO -
| Epoch:    227 | Train loss: 0.0423 | Valid loss: 0.0940 | Train acc: 0.9818 | Valid acc: 0.9609 | patience: 214 | Epoch time: 37.2 |

2023-01-27 16:52:28,618 - INFO -
| Epoch:    228 | Train loss: 0.0422 | Valid loss: 0.0964 | Train acc: 0.9827 | Valid acc: 0.9621 | patience: 215 | Epoch time: 37.2 |

2023-01-27 16:53:05,944 - INFO -
| Epoch:    229 | Train loss: 0.0439 | Valid loss: 0.0970 | Train acc: 0.9822 | Valid acc: 0.9616 | patience: 216 | Epoch time: 37.3 |

2023-01-27 16:53:43,201 - INFO -
| Epoch:    230 | Train loss: 0.0424 | Valid loss: 0.0955 | Train acc: 0.9834 | Valid acc: 0.9600 | patience: 217 | Epoch time: 37.3 |

2023-01-27 16:54:20,392 - INFO -
| Epoch:    231 | Train loss: 0.0410 | Valid loss: 0.1000 | Train acc: 0.9823 | Valid acc: 0.9606 | patience: 218 | Epoch time: 37.2 |

2023-01-27 16:54:57,625 - INFO -
| Epoch:    232 | Train loss: 0.0409 | Valid loss: 0.0955 | Train acc: 0.9831 | Valid acc: 0.9596 | patience: 219 | Epoch time: 37.2 |

2023-01-27 16:55:34,860 - INFO -
| Epoch:    233 | Train loss: 0.0436 | Valid loss: 0.0965 | Train acc: 0.9816 | Valid acc: 0.9613 | patience: 220 | Epoch time: 37.2 |

2023-01-27 16:56:12,115 - INFO -
| Epoch:    234 | Train loss: 0.0436 | Valid loss: 0.0953 | Train acc: 0.9833 | Valid acc: 0.9617 | patience: 221 | Epoch time: 37.3 |

2023-01-27 16:56:49,341 - INFO -
| Epoch:    235 | Train loss: 0.0407 | Valid loss: 0.0946 | Train acc: 0.9832 | Valid acc: 0.9617 | patience: 222 | Epoch time: 37.2 |

2023-01-27 16:57:26,592 - INFO -
| Epoch:    236 | Train loss: 0.0411 | Valid loss: 0.0945 | Train acc: 0.9831 | Valid acc: 0.9617 | patience: 223 | Epoch time: 37.3 |

2023-01-27 16:58:03,768 - INFO -
| Epoch:    237 | Train loss: 0.0425 | Valid loss: 0.0929 | Train acc: 0.9823 | Valid acc: 0.9631 | patience: 224 | Epoch time: 37.2 |

2023-01-27 16:58:41,004 - INFO -
| Epoch:    238 | Train loss: 0.0419 | Valid loss: 0.0970 | Train acc: 0.9832 | Valid acc: 0.9588 | patience: 225 | Epoch time: 37.2 |

2023-01-27 16:59:18,222 - INFO -
| Epoch:    239 | Train loss: 0.0418 | Valid loss: 0.0974 | Train acc: 0.9830 | Valid acc: 0.9612 | patience: 226 | Epoch time: 37.2 |

2023-01-27 16:59:55,476 - INFO -
| Epoch:    240 | Train loss: 0.0424 | Valid loss: 0.0976 | Train acc: 0.9829 | Valid acc: 0.9596 | patience: 227 | Epoch time: 37.3 |

2023-01-27 17:00:32,686 - INFO -
| Epoch:    241 | Train loss: 0.0415 | Valid loss: 0.0987 | Train acc: 0.9827 | Valid acc: 0.9617 | patience: 228 | Epoch time: 37.2 |

2023-01-27 17:01:09,911 - INFO -
| Epoch:    242 | Train loss: 0.0427 | Valid loss: 0.1002 | Train acc: 0.9826 | Valid acc: 0.9600 | patience: 229 | Epoch time: 37.2 |

2023-01-27 17:01:47,018 - INFO -
| Epoch:    243 | Train loss: 0.0412 | Valid loss: 0.0969 | Train acc: 0.9834 | Valid acc: 0.9601 | patience: 230 | Epoch time: 37.1 |

2023-01-27 17:02:24,250 - INFO -
| Epoch:    244 | Train loss: 0.0412 | Valid loss: 0.0981 | Train acc: 0.9841 | Valid acc: 0.9604 | patience: 231 | Epoch time: 37.2 |

2023-01-27 17:03:01,478 - INFO -
| Epoch:    245 | Train loss: 0.0434 | Valid loss: 0.0962 | Train acc: 0.9824 | Valid acc: 0.9609 | patience: 232 | Epoch time: 37.2 |

2023-01-27 17:03:38,705 - INFO -
| Epoch:    246 | Train loss: 0.0412 | Valid loss: 0.0969 | Train acc: 0.9827 | Valid acc: 0.9604 | patience: 233 | Epoch time: 37.2 |

2023-01-27 17:04:15,933 - INFO -
| Epoch:    247 | Train loss: 0.0404 | Valid loss: 0.0984 | Train acc: 0.9836 | Valid acc: 0.9602 | patience: 234 | Epoch time: 37.2 |

2023-01-27 17:04:53,172 - INFO -
| Epoch:    248 | Train loss: 0.0418 | Valid loss: 0.0969 | Train acc: 0.9823 | Valid acc: 0.9606 | patience: 235 | Epoch time: 37.2 |

2023-01-27 17:05:30,425 - INFO -
| Epoch:    249 | Train loss: 0.0458 | Valid loss: 0.0954 | Train acc: 0.9826 | Valid acc: 0.9611 | patience: 236 | Epoch time: 37.3 |

2023-01-27 17:06:07,638 - INFO -
| Epoch:    250 | Train loss: 0.0457 | Valid loss: 0.0993 | Train acc: 0.9834 | Valid acc: 0.9618 | patience: 237 | Epoch time: 37.2 |

2023-01-27 17:06:44,863 - INFO -
| Epoch:    251 | Train loss: 0.0417 | Valid loss: 0.0956 | Train acc: 0.9836 | Valid acc: 0.9608 | patience: 238 | Epoch time: 37.2 |

2023-01-27 17:07:22,092 - INFO -
| Epoch:    252 | Train loss: 0.0408 | Valid loss: 0.0974 | Train acc: 0.9830 | Valid acc: 0.9609 | patience: 239 | Epoch time: 37.2 |

2023-01-27 17:07:59,310 - INFO -
| Epoch:    253 | Train loss: 0.0438 | Valid loss: 0.0998 | Train acc: 0.9821 | Valid acc: 0.9619 | patience: 240 | Epoch time: 37.2 |

2023-01-27 17:08:36,538 - INFO -
| Epoch:    254 | Train loss: 0.0417 | Valid loss: 0.1017 | Train acc: 0.9829 | Valid acc: 0.9593 | patience: 241 | Epoch time: 37.2 |

2023-01-27 17:09:13,749 - INFO -
| Epoch:    255 | Train loss: 0.0410 | Valid loss: 0.0979 | Train acc: 0.9830 | Valid acc: 0.9599 | patience: 242 | Epoch time: 37.2 |

2023-01-27 17:09:50,857 - INFO -
| Epoch:    256 | Train loss: 0.0472 | Valid loss: 0.0972 | Train acc: 0.9839 | Valid acc: 0.9608 | patience: 243 | Epoch time: 37.1 |

2023-01-27 17:10:27,947 - INFO -
| Epoch:    257 | Train loss: 0.0425 | Valid loss: 0.0933 | Train acc: 0.9835 | Valid acc: 0.9615 | patience: 244 | Epoch time: 37.1 |

2023-01-27 17:11:05,065 - INFO -
| Epoch:    258 | Train loss: 0.0427 | Valid loss: 0.0962 | Train acc: 0.9838 | Valid acc: 0.9614 | patience: 245 | Epoch time: 37.1 |

2023-01-27 17:11:42,198 - INFO -
| Epoch:    259 | Train loss: 0.0431 | Valid loss: 0.0936 | Train acc: 0.9824 | Valid acc: 0.9615 | patience: 246 | Epoch time: 37.1 |

2023-01-27 17:12:19,330 - INFO -
| Epoch:    260 | Train loss: 0.0427 | Valid loss: 0.0953 | Train acc: 0.9832 | Valid acc: 0.9607 | patience: 247 | Epoch time: 37.1 |

2023-01-27 17:12:56,476 - INFO -
| Epoch:    261 | Train loss: 0.0404 | Valid loss: 0.0938 | Train acc: 0.9836 | Valid acc: 0.9622 | patience: 248 | Epoch time: 37.1 |

2023-01-27 17:13:33,617 - INFO -
| Epoch:    262 | Train loss: 0.0410 | Valid loss: 0.0958 | Train acc: 0.9831 | Valid acc: 0.9599 | patience: 249 | Epoch time: 37.1 |

2023-01-27 17:14:10,748 - INFO -
| Epoch:    263 | Train loss: 0.0416 | Valid loss: 0.0968 | Train acc: 0.9831 | Valid acc: 0.9614 | patience: 250 | Epoch time: 37.1 |

2023-01-27 17:14:47,890 - INFO -
| Epoch:    264 | Train loss: 0.0461 | Valid loss: 0.0961 | Train acc: 0.9827 | Valid acc: 0.9607 | patience: 251 | Epoch time: 37.1 |

2023-01-27 17:15:25,050 - INFO -
| Epoch:    265 | Train loss: 0.0412 | Valid loss: 0.0975 | Train acc: 0.9841 | Valid acc: 0.9594 | patience: 252 | Epoch time: 37.1 |

2023-01-27 17:16:02,185 - INFO -
| Epoch:    266 | Train loss: 0.0414 | Valid loss: 0.0971 | Train acc: 0.9834 | Valid acc: 0.9619 | patience: 253 | Epoch time: 37.1 |

2023-01-27 17:16:39,319 - INFO -
| Epoch:    267 | Train loss: 0.0416 | Valid loss: 0.0964 | Train acc: 0.9836 | Valid acc: 0.9598 | patience: 254 | Epoch time: 37.1 |

2023-01-27 17:17:16,521 - INFO -
| Epoch:    268 | Train loss: 0.0428 | Valid loss: 0.0966 | Train acc: 0.9834 | Valid acc: 0.9607 | patience: 255 | Epoch time: 37.2 |

2023-01-27 17:17:53,661 - INFO -
| Epoch:    269 | Train loss: 0.0421 | Valid loss: 0.0948 | Train acc: 0.9834 | Valid acc: 0.9610 | patience: 256 | Epoch time: 37.1 |

2023-01-27 17:18:30,805 - INFO -
| Epoch:    270 | Train loss: 0.0413 | Valid loss: 0.0965 | Train acc: 0.9837 | Valid acc: 0.9603 | patience: 257 | Epoch time: 37.1 |

2023-01-27 17:19:07,923 - INFO -
| Epoch:    271 | Train loss: 0.0415 | Valid loss: 0.0984 | Train acc: 0.9829 | Valid acc: 0.9615 | patience: 258 | Epoch time: 37.1 |

2023-01-27 17:19:45,056 - INFO -
| Epoch:    272 | Train loss: 0.0426 | Valid loss: 0.0957 | Train acc: 0.9831 | Valid acc: 0.9616 | patience: 259 | Epoch time: 37.1 |

2023-01-27 17:20:22,196 - INFO -
| Epoch:    273 | Train loss: 0.0408 | Valid loss: 0.0969 | Train acc: 0.9831 | Valid acc: 0.9606 | patience: 260 | Epoch time: 37.1 |

2023-01-27 17:20:59,375 - INFO -
| Epoch:    274 | Train loss: 0.0425 | Valid loss: 0.0996 | Train acc: 0.9834 | Valid acc: 0.9611 | patience: 261 | Epoch time: 37.2 |

2023-01-27 17:21:36,544 - INFO -
| Epoch:    275 | Train loss: 0.0416 | Valid loss: 0.0949 | Train acc: 0.9844 | Valid acc: 0.9604 | patience: 262 | Epoch time: 37.2 |

2023-01-27 17:22:13,676 - INFO -
| Epoch:    276 | Train loss: 0.0426 | Valid loss: 0.0985 | Train acc: 0.9828 | Valid acc: 0.9621 | patience: 263 | Epoch time: 37.1 |

2023-01-27 17:22:50,794 - INFO -
| Epoch:    277 | Train loss: 0.0416 | Valid loss: 0.0932 | Train acc: 0.9832 | Valid acc: 0.9615 | patience: 264 | Epoch time: 37.1 |

2023-01-27 17:23:27,965 - INFO -
| Epoch:    278 | Train loss: 0.0415 | Valid loss: 0.0965 | Train acc: 0.9831 | Valid acc: 0.9608 | patience: 265 | Epoch time: 37.1 |

2023-01-27 17:24:05,190 - INFO -
| Epoch:    279 | Train loss: 0.0410 | Valid loss: 0.0951 | Train acc: 0.9833 | Valid acc: 0.9617 | patience: 266 | Epoch time: 37.1 |

2023-01-27 17:24:42,316 - INFO -
| Epoch:    280 | Train loss: 0.0412 | Valid loss: 0.0954 | Train acc: 0.9833 | Valid acc: 0.9613 | patience: 267 | Epoch time: 37.1 |

2023-01-27 17:25:19,431 - INFO -
| Epoch:    281 | Train loss: 0.0422 | Valid loss: 0.0936 | Train acc: 0.9836 | Valid acc: 0.9615 | patience: 268 | Epoch time: 37.1 |

2023-01-27 17:25:57,346 - INFO -
| Epoch:    282 | Train loss: 0.0407 | Valid loss: 0.0934 | Train acc: 0.9834 | Valid acc: 0.9619 | patience: 269 | Epoch time: 37.9 |

2023-01-27 17:26:34,469 - INFO -
| Epoch:    283 | Train loss: 0.0395 | Valid loss: 0.0998 | Train acc: 0.9830 | Valid acc: 0.9622 | patience: 270 | Epoch time: 37.1 |

2023-01-27 17:27:11,596 - INFO -
| Epoch:    284 | Train loss: 0.0409 | Valid loss: 0.0953 | Train acc: 0.9826 | Valid acc: 0.9617 | patience: 271 | Epoch time: 37.1 |

2023-01-27 17:27:48,695 - INFO -
| Epoch:    285 | Train loss: 0.0419 | Valid loss: 0.0975 | Train acc: 0.9832 | Valid acc: 0.9611 | patience: 272 | Epoch time: 37.1 |

2023-01-27 17:28:25,825 - INFO -
| Epoch:    286 | Train loss: 0.0418 | Valid loss: 0.0957 | Train acc: 0.9835 | Valid acc: 0.9617 | patience: 273 | Epoch time: 37.1 |

2023-01-27 17:29:02,920 - INFO -
| Epoch:    287 | Train loss: 0.0417 | Valid loss: 0.0971 | Train acc: 0.9835 | Valid acc: 0.9610 | patience: 274 | Epoch time: 37.1 |

2023-01-27 17:29:40,045 - INFO -
| Epoch:    288 | Train loss: 0.0419 | Valid loss: 0.0943 | Train acc: 0.9830 | Valid acc: 0.9611 | patience: 275 | Epoch time: 37.1 |

2023-01-27 17:30:17,201 - INFO -
| Epoch:    289 | Train loss: 0.0413 | Valid loss: 0.1014 | Train acc: 0.9832 | Valid acc: 0.9596 | patience: 276 | Epoch time: 37.2 |

2023-01-27 17:30:54,309 - INFO -
| Epoch:    290 | Train loss: 0.0410 | Valid loss: 0.0946 | Train acc: 0.9837 | Valid acc: 0.9599 | patience: 277 | Epoch time: 37.1 |

2023-01-27 17:31:31,415 - INFO -
| Epoch:    291 | Train loss: 0.0411 | Valid loss: 0.0958 | Train acc: 0.9828 | Valid acc: 0.9605 | patience: 278 | Epoch time: 37.1 |

2023-01-27 17:32:08,526 - INFO -
| Epoch:    292 | Train loss: 0.0402 | Valid loss: 0.0974 | Train acc: 0.9829 | Valid acc: 0.9603 | patience: 279 | Epoch time: 37.1 |

2023-01-27 17:32:45,619 - INFO -
| Epoch:    293 | Train loss: 0.0412 | Valid loss: 0.0950 | Train acc: 0.9836 | Valid acc: 0.9606 | patience: 280 | Epoch time: 37.1 |

2023-01-27 17:33:22,723 - INFO -
| Epoch:    294 | Train loss: 0.0424 | Valid loss: 0.0972 | Train acc: 0.9832 | Valid acc: 0.9616 | patience: 281 | Epoch time: 37.1 |

2023-01-27 17:33:59,833 - INFO -
| Epoch:    295 | Train loss: 0.0420 | Valid loss: 0.0948 | Train acc: 0.9833 | Valid acc: 0.9618 | patience: 282 | Epoch time: 37.1 |

2023-01-27 17:34:36,954 - INFO -
| Epoch:    296 | Train loss: 0.0424 | Valid loss: 0.0951 | Train acc: 0.9838 | Valid acc: 0.9607 | patience: 283 | Epoch time: 37.1 |

2023-01-27 17:35:14,043 - INFO -
| Epoch:    297 | Train loss: 0.0411 | Valid loss: 0.0959 | Train acc: 0.9837 | Valid acc: 0.9621 | patience: 284 | Epoch time: 37.1 |

2023-01-27 17:35:51,179 - INFO -
| Epoch:    298 | Train loss: 0.0397 | Valid loss: 0.0962 | Train acc: 0.9836 | Valid acc: 0.9615 | patience: 285 | Epoch time: 37.1 |

2023-01-27 17:36:28,270 - INFO -
| Epoch:    299 | Train loss: 0.0426 | Valid loss: 0.0951 | Train acc: 0.9833 | Valid acc: 0.9607 | patience: 286 | Epoch time: 37.1 |

2023-01-27 17:37:05,390 - INFO -
| Epoch:    300 | Train loss: 0.0420 | Valid loss: 0.0946 | Train acc: 0.9826 | Valid acc: 0.9602 | patience: 287 | Epoch time: 37.1 |

2023-01-27 17:37:42,494 - INFO -
| Epoch:    301 | Train loss: 0.0408 | Valid loss: 0.0997 | Train acc: 0.9827 | Valid acc: 0.9607 | patience: 288 | Epoch time: 37.1 |

2023-01-27 17:38:19,626 - INFO -
| Epoch:    302 | Train loss: 0.0412 | Valid loss: 0.0986 | Train acc: 0.9823 | Valid acc: 0.9622 | patience: 289 | Epoch time: 37.1 |

2023-01-27 17:38:56,774 - INFO -
| Epoch:    303 | Train loss: 0.0423 | Valid loss: 0.1003 | Train acc: 0.9845 | Valid acc: 0.9616 | patience: 290 | Epoch time: 37.1 |

2023-01-27 17:39:33,913 - INFO -
| Epoch:    304 | Train loss: 0.0468 | Valid loss: 0.0985 | Train acc: 0.9830 | Valid acc: 0.9610 | patience: 291 | Epoch time: 37.1 |

2023-01-27 17:40:11,011 - INFO -
| Epoch:    305 | Train loss: 0.0401 | Valid loss: 0.0993 | Train acc: 0.9824 | Valid acc: 0.9599 | patience: 292 | Epoch time: 37.1 |

2023-01-27 17:40:48,091 - INFO -
| Epoch:    306 | Train loss: 0.0419 | Valid loss: 0.0965 | Train acc: 0.9840 | Valid acc: 0.9587 | patience: 293 | Epoch time: 37.1 |

2023-01-27 17:41:25,224 - INFO -
| Epoch:    307 | Train loss: 0.0428 | Valid loss: 0.1017 | Train acc: 0.9819 | Valid acc: 0.9606 | patience: 294 | Epoch time: 37.1 |

2023-01-27 17:42:02,346 - INFO -
| Epoch:    308 | Train loss: 0.0413 | Valid loss: 0.1009 | Train acc: 0.9834 | Valid acc: 0.9597 | patience: 295 | Epoch time: 37.1 |

2023-01-27 17:42:39,460 - INFO -
| Epoch:    309 | Train loss: 0.0429 | Valid loss: 0.0998 | Train acc: 0.9826 | Valid acc: 0.9615 | patience: 296 | Epoch time: 37.1 |

2023-01-27 17:43:16,565 - INFO -
| Epoch:    310 | Train loss: 0.0403 | Valid loss: 0.0976 | Train acc: 0.9830 | Valid acc: 0.9606 | patience: 297 | Epoch time: 37.1 |

2023-01-27 17:43:53,685 - INFO -
| Epoch:    311 | Train loss: 0.0403 | Valid loss: 0.0980 | Train acc: 0.9834 | Valid acc: 0.9609 | patience: 298 | Epoch time: 37.1 |

2023-01-27 17:44:30,813 - INFO -
| Epoch:    312 | Train loss: 0.0399 | Valid loss: 0.0945 | Train acc: 0.9836 | Valid acc: 0.9604 | patience: 299 | Epoch time: 37.1 |

2023-01-27 17:45:07,903 - INFO -
| Epoch:    313 | Train loss: 0.0400 | Valid loss: 0.0954 | Train acc: 0.9840 | Valid acc: 0.9604 | patience: 300 | Epoch time: 37.1 |

2023-01-27 17:45:45,003 - INFO -
| Epoch:    314 | Train loss: 0.0409 | Valid loss: 0.0944 | Train acc: 0.9831 | Valid acc: 0.9617 | patience: 301 | Epoch time: 37.1 |

2023-01-27 17:46:22,100 - INFO -
| Epoch:    315 | Train loss: 0.0415 | Valid loss: 0.0939 | Train acc: 0.9837 | Valid acc: 0.9604 | patience: 302 | Epoch time: 37.1 |

2023-01-27 17:46:59,207 - INFO -
| Epoch:    316 | Train loss: 0.0410 | Valid loss: 0.0925 | Train acc: 0.9832 | Valid acc: 0.9611 | patience: 303 | Epoch time: 37.1 |

2023-01-27 17:47:36,347 - INFO -
| Epoch:    317 | Train loss: 0.0484 | Valid loss: 0.0920 | Train acc: 0.9826 | Valid acc: 0.9611 | patience: 304 | Epoch time: 37.1 |

2023-01-27 17:48:13,530 - INFO -
| Epoch:    318 | Train loss: 0.0417 | Valid loss: 0.0940 | Train acc: 0.9835 | Valid acc: 0.9618 | patience: 305 | Epoch time: 37.2 |

2023-01-27 17:48:50,661 - INFO -
| Epoch:    319 | Train loss: 0.0411 | Valid loss: 0.0921 | Train acc: 0.9830 | Valid acc: 0.9627 | patience: 306 | Epoch time: 37.1 |

2023-01-27 17:49:27,748 - INFO -
| Epoch:    320 | Train loss: 0.0413 | Valid loss: 0.0942 | Train acc: 0.9836 | Valid acc: 0.9617 | patience: 307 | Epoch time: 37.1 |

2023-01-27 17:50:04,879 - INFO -
| Epoch:    321 | Train loss: 0.0390 | Valid loss: 0.0955 | Train acc: 0.9838 | Valid acc: 0.9611 | patience: 308 | Epoch time: 37.1 |

2023-01-27 17:50:42,001 - INFO -
| Epoch:    322 | Train loss: 0.0418 | Valid loss: 0.0941 | Train acc: 0.9827 | Valid acc: 0.9617 | patience: 309 | Epoch time: 37.1 |

2023-01-27 17:51:19,127 - INFO -
| Epoch:    323 | Train loss: 0.0398 | Valid loss: 0.0966 | Train acc: 0.9837 | Valid acc: 0.9614 | patience: 310 | Epoch time: 37.1 |

2023-01-27 17:51:56,300 - INFO -
| Epoch:    324 | Train loss: 0.0405 | Valid loss: 0.1005 | Train acc: 0.9839 | Valid acc: 0.9597 | patience: 311 | Epoch time: 37.2 |

2023-01-27 17:52:33,447 - INFO -
| Epoch:    325 | Train loss: 0.0399 | Valid loss: 0.0941 | Train acc: 0.9832 | Valid acc: 0.9592 | patience: 312 | Epoch time: 37.1 |

2023-01-27 17:53:10,566 - INFO -
| Epoch:    326 | Train loss: 0.0394 | Valid loss: 0.0997 | Train acc: 0.9840 | Valid acc: 0.9608 | patience: 313 | Epoch time: 37.1 |

2023-01-27 17:53:47,675 - INFO -
| Epoch:    327 | Train loss: 0.0397 | Valid loss: 0.0931 | Train acc: 0.9835 | Valid acc: 0.9622 | patience: 314 | Epoch time: 37.1 |

2023-01-27 17:54:26,108 - INFO -
| Epoch:    328 | Train loss: 0.0422 | Valid loss: 0.0931 | Train acc: 0.9820 | Valid acc: 0.9629 | patience: 315 | Epoch time: 38.4 |

2023-01-27 17:55:03,322 - INFO -
| Epoch:    329 | Train loss: 0.0450 | Valid loss: 0.0936 | Train acc: 0.9826 | Valid acc: 0.9621 | patience: 316 | Epoch time: 37.2 |

2023-01-27 17:55:40,518 - INFO -
| Epoch:    330 | Train loss: 0.0402 | Valid loss: 0.0929 | Train acc: 0.9838 | Valid acc: 0.9618 | patience: 317 | Epoch time: 37.2 |

2023-01-27 17:56:17,704 - INFO -
| Epoch:    331 | Train loss: 0.0432 | Valid loss: 0.0947 | Train acc: 0.9834 | Valid acc: 0.9611 | patience: 318 | Epoch time: 37.2 |

2023-01-27 17:56:54,908 - INFO -
| Epoch:    332 | Train loss: 0.0419 | Valid loss: 0.0942 | Train acc: 0.9830 | Valid acc: 0.9619 | patience: 319 | Epoch time: 37.2 |

2023-01-27 17:57:32,095 - INFO -
| Epoch:    333 | Train loss: 0.0416 | Valid loss: 0.0971 | Train acc: 0.9836 | Valid acc: 0.9595 | patience: 320 | Epoch time: 37.2 |

2023-01-27 17:58:09,260 - INFO -
| Epoch:    334 | Train loss: 0.0418 | Valid loss: 0.0990 | Train acc: 0.9839 | Valid acc: 0.9596 | patience: 321 | Epoch time: 37.2 |

2023-01-27 17:58:46,420 - INFO -
| Epoch:    335 | Train loss: 0.0431 | Valid loss: 0.0986 | Train acc: 0.9832 | Valid acc: 0.9594 | patience: 322 | Epoch time: 37.2 |

2023-01-27 17:59:23,583 - INFO -
| Epoch:    336 | Train loss: 0.0434 | Valid loss: 0.0957 | Train acc: 0.9830 | Valid acc: 0.9615 | patience: 323 | Epoch time: 37.2 |

2023-01-27 18:00:00,755 - INFO -
| Epoch:    337 | Train loss: 0.0429 | Valid loss: 0.0967 | Train acc: 0.9840 | Valid acc: 0.9605 | patience: 324 | Epoch time: 37.2 |

2023-01-27 18:00:37,916 - INFO -
| Epoch:    338 | Train loss: 0.0410 | Valid loss: 0.0959 | Train acc: 0.9836 | Valid acc: 0.9610 | patience: 325 | Epoch time: 37.2 |

2023-01-27 18:01:15,101 - INFO -
| Epoch:    339 | Train loss: 0.0405 | Valid loss: 0.1011 | Train acc: 0.9837 | Valid acc: 0.9599 | patience: 326 | Epoch time: 37.2 |

2023-01-27 18:01:52,287 - INFO -
| Epoch:    340 | Train loss: 0.0412 | Valid loss: 0.0972 | Train acc: 0.9830 | Valid acc: 0.9616 | patience: 327 | Epoch time: 37.2 |

2023-01-27 18:02:29,426 - INFO -
| Epoch:    341 | Train loss: 0.0431 | Valid loss: 0.0964 | Train acc: 0.9837 | Valid acc: 0.9587 | patience: 328 | Epoch time: 37.1 |

2023-01-27 18:03:06,582 - INFO -
| Epoch:    342 | Train loss: 0.0412 | Valid loss: 0.0939 | Train acc: 0.9840 | Valid acc: 0.9612 | patience: 329 | Epoch time: 37.2 |

2023-01-27 18:03:43,725 - INFO -
| Epoch:    343 | Train loss: 0.0399 | Valid loss: 0.0988 | Train acc: 0.9841 | Valid acc: 0.9600 | patience: 330 | Epoch time: 37.1 |

2023-01-27 18:04:20,900 - INFO -
| Epoch:    344 | Train loss: 0.0415 | Valid loss: 0.0981 | Train acc: 0.9839 | Valid acc: 0.9601 | patience: 331 | Epoch time: 37.2 |

2023-01-27 18:04:58,103 - INFO -
| Epoch:    345 | Train loss: 0.0420 | Valid loss: 0.1016 | Train acc: 0.9828 | Valid acc: 0.9585 | patience: 332 | Epoch time: 37.2 |

2023-01-27 18:05:35,306 - INFO -
| Epoch:    346 | Train loss: 0.0424 | Valid loss: 0.0967 | Train acc: 0.9827 | Valid acc: 0.9593 | patience: 333 | Epoch time: 37.2 |

2023-01-27 18:06:12,488 - INFO -
| Epoch:    347 | Train loss: 0.0432 | Valid loss: 0.0985 | Train acc: 0.9833 | Valid acc: 0.9604 | patience: 334 | Epoch time: 37.2 |

2023-01-27 18:06:49,711 - INFO -
| Epoch:    348 | Train loss: 0.0402 | Valid loss: 0.0956 | Train acc: 0.9823 | Valid acc: 0.9617 | patience: 335 | Epoch time: 37.2 |

2023-01-27 18:07:26,933 - INFO -
| Epoch:    349 | Train loss: 0.0412 | Valid loss: 0.0951 | Train acc: 0.9837 | Valid acc: 0.9610 | patience: 336 | Epoch time: 37.2 |

2023-01-27 18:08:04,122 - INFO -
| Epoch:    350 | Train loss: 0.0414 | Valid loss: 0.0963 | Train acc: 0.9843 | Valid acc: 0.9615 | patience: 337 | Epoch time: 37.2 |

2023-01-27 18:08:41,289 - INFO -
| Epoch:    351 | Train loss: 0.0405 | Valid loss: 0.0990 | Train acc: 0.9829 | Valid acc: 0.9601 | patience: 338 | Epoch time: 37.2 |

2023-01-27 18:09:18,464 - INFO -
| Epoch:    352 | Train loss: 0.0414 | Valid loss: 0.0958 | Train acc: 0.9832 | Valid acc: 0.9622 | patience: 339 | Epoch time: 37.2 |

2023-01-27 18:09:55,648 - INFO -
| Epoch:    353 | Train loss: 0.0408 | Valid loss: 0.1003 | Train acc: 0.9838 | Valid acc: 0.9597 | patience: 340 | Epoch time: 37.2 |

2023-01-27 18:10:32,856 - INFO -
| Epoch:    354 | Train loss: 0.0408 | Valid loss: 0.0965 | Train acc: 0.9835 | Valid acc: 0.9613 | patience: 341 | Epoch time: 37.2 |

2023-01-27 18:11:10,065 - INFO -
| Epoch:    355 | Train loss: 0.0424 | Valid loss: 0.0966 | Train acc: 0.9831 | Valid acc: 0.9612 | patience: 342 | Epoch time: 37.2 |

2023-01-27 18:11:47,259 - INFO -
| Epoch:    356 | Train loss: 0.0415 | Valid loss: 0.0979 | Train acc: 0.9833 | Valid acc: 0.9609 | patience: 343 | Epoch time: 37.2 |

2023-01-27 18:12:24,430 - INFO -
| Epoch:    357 | Train loss: 0.0432 | Valid loss: 0.0956 | Train acc: 0.9836 | Valid acc: 0.9612 | patience: 344 | Epoch time: 37.2 |

2023-01-27 18:13:01,605 - INFO -
| Epoch:    358 | Train loss: 0.0414 | Valid loss: 0.0980 | Train acc: 0.9841 | Valid acc: 0.9603 | patience: 345 | Epoch time: 37.2 |

2023-01-27 18:13:38,789 - INFO -
| Epoch:    359 | Train loss: 0.0406 | Valid loss: 0.0966 | Train acc: 0.9829 | Valid acc: 0.9607 | patience: 346 | Epoch time: 37.2 |

2023-01-27 18:14:15,958 - INFO -
| Epoch:    360 | Train loss: 0.0409 | Valid loss: 0.0997 | Train acc: 0.9835 | Valid acc: 0.9613 | patience: 347 | Epoch time: 37.2 |

2023-01-27 18:14:53,140 - INFO -
| Epoch:    361 | Train loss: 0.0416 | Valid loss: 0.0984 | Train acc: 0.9830 | Valid acc: 0.9611 | patience: 348 | Epoch time: 37.2 |

2023-01-27 18:15:30,309 - INFO -
| Epoch:    362 | Train loss: 0.0400 | Valid loss: 0.0939 | Train acc: 0.9841 | Valid acc: 0.9622 | patience: 349 | Epoch time: 37.2 |

2023-01-27 18:16:07,459 - INFO -
| Epoch:    363 | Train loss: 0.0402 | Valid loss: 0.0979 | Train acc: 0.9830 | Valid acc: 0.9607 | patience: 350 | Epoch time: 37.1 |

2023-01-27 18:16:44,629 - INFO -
| Epoch:    364 | Train loss: 0.0444 | Valid loss: 0.0955 | Train acc: 0.9833 | Valid acc: 0.9591 | patience: 351 | Epoch time: 37.2 |

2023-01-27 18:17:21,836 - INFO -
| Epoch:    365 | Train loss: 0.0411 | Valid loss: 0.0970 | Train acc: 0.9840 | Valid acc: 0.9607 | patience: 352 | Epoch time: 37.2 |

2023-01-27 18:17:58,999 - INFO -
| Epoch:    366 | Train loss: 0.0411 | Valid loss: 0.0960 | Train acc: 0.9836 | Valid acc: 0.9603 | patience: 353 | Epoch time: 37.2 |

2023-01-27 18:18:36,172 - INFO -
| Epoch:    367 | Train loss: 0.0395 | Valid loss: 0.0965 | Train acc: 0.9840 | Valid acc: 0.9618 | patience: 354 | Epoch time: 37.2 |

2023-01-27 18:19:13,365 - INFO -
| Epoch:    368 | Train loss: 0.0391 | Valid loss: 0.0950 | Train acc: 0.9831 | Valid acc: 0.9608 | patience: 355 | Epoch time: 37.2 |

2023-01-27 18:19:50,543 - INFO -
| Epoch:    369 | Train loss: 0.0411 | Valid loss: 0.0966 | Train acc: 0.9834 | Valid acc: 0.9592 | patience: 356 | Epoch time: 37.2 |

2023-01-27 18:20:27,697 - INFO -
| Epoch:    370 | Train loss: 0.0407 | Valid loss: 0.0944 | Train acc: 0.9839 | Valid acc: 0.9608 | patience: 357 | Epoch time: 37.2 |

2023-01-27 18:21:04,870 - INFO -
| Epoch:    371 | Train loss: 0.0403 | Valid loss: 0.0963 | Train acc: 0.9842 | Valid acc: 0.9627 | patience: 358 | Epoch time: 37.2 |

2023-01-27 18:21:42,044 - INFO -
| Epoch:    372 | Train loss: 0.0431 | Valid loss: 0.0958 | Train acc: 0.9833 | Valid acc: 0.9614 | patience: 359 | Epoch time: 37.2 |

2023-01-27 18:22:19,214 - INFO -
| Epoch:    373 | Train loss: 0.0414 | Valid loss: 0.0933 | Train acc: 0.9837 | Valid acc: 0.9610 | patience: 360 | Epoch time: 37.2 |

2023-01-27 18:22:56,400 - INFO -
| Epoch:    374 | Train loss: 0.0388 | Valid loss: 0.0951 | Train acc: 0.9840 | Valid acc: 0.9626 | patience: 361 | Epoch time: 37.2 |

2023-01-27 18:23:33,603 - INFO -
| Epoch:    375 | Train loss: 0.0412 | Valid loss: 0.0985 | Train acc: 0.9836 | Valid acc: 0.9609 | patience: 362 | Epoch time: 37.2 |

2023-01-27 18:24:10,788 - INFO -
| Epoch:    376 | Train loss: 0.0406 | Valid loss: 0.0958 | Train acc: 0.9841 | Valid acc: 0.9623 | patience: 363 | Epoch time: 37.2 |

2023-01-27 18:24:47,966 - INFO -
| Epoch:    377 | Train loss: 0.0425 | Valid loss: 0.0973 | Train acc: 0.9821 | Valid acc: 0.9598 | patience: 364 | Epoch time: 37.2 |

2023-01-27 18:25:25,165 - INFO -
| Epoch:    378 | Train loss: 0.0406 | Valid loss: 0.0994 | Train acc: 0.9830 | Valid acc: 0.9594 | patience: 365 | Epoch time: 37.2 |

2023-01-27 18:26:02,378 - INFO -
| Epoch:    379 | Train loss: 0.0415 | Valid loss: 0.0956 | Train acc: 0.9828 | Valid acc: 0.9596 | patience: 366 | Epoch time: 37.2 |

2023-01-27 18:26:39,570 - INFO -
| Epoch:    380 | Train loss: 0.0404 | Valid loss: 0.0949 | Train acc: 0.9831 | Valid acc: 0.9602 | patience: 367 | Epoch time: 37.2 |

2023-01-27 18:27:16,772 - INFO -
| Epoch:    381 | Train loss: 0.0401 | Valid loss: 0.0956 | Train acc: 0.9839 | Valid acc: 0.9619 | patience: 368 | Epoch time: 37.2 |

2023-01-27 18:27:53,944 - INFO -
| Epoch:    382 | Train loss: 0.0404 | Valid loss: 0.0940 | Train acc: 0.9843 | Valid acc: 0.9628 | patience: 369 | Epoch time: 37.2 |

2023-01-27 18:28:31,099 - INFO -
| Epoch:    383 | Train loss: 0.0403 | Valid loss: 0.0944 | Train acc: 0.9835 | Valid acc: 0.9606 | patience: 370 | Epoch time: 37.2 |

2023-01-27 18:29:08,290 - INFO -
| Epoch:    384 | Train loss: 0.0394 | Valid loss: 0.0925 | Train acc: 0.9823 | Valid acc: 0.9626 | patience: 371 | Epoch time: 37.2 |

2023-01-27 18:29:45,473 - INFO -
| Epoch:    385 | Train loss: 0.0439 | Valid loss: 0.0940 | Train acc: 0.9838 | Valid acc: 0.9626 | patience: 372 | Epoch time: 37.2 |

2023-01-27 18:30:22,672 - INFO -
| Epoch:    386 | Train loss: 0.0399 | Valid loss: 0.0924 | Train acc: 0.9825 | Valid acc: 0.9624 | patience: 373 | Epoch time: 37.2 |

2023-01-27 18:30:59,952 - INFO -
| Epoch:    387 | Train loss: 0.0394 | Valid loss: 0.0982 | Train acc: 0.9837 | Valid acc: 0.9620 | patience: 374 | Epoch time: 37.3 |

2023-01-27 18:31:37,238 - INFO -
| Epoch:    388 | Train loss: 0.0404 | Valid loss: 0.0945 | Train acc: 0.9836 | Valid acc: 0.9618 | patience: 375 | Epoch time: 37.3 |

2023-01-27 18:32:14,462 - INFO -
| Epoch:    389 | Train loss: 0.0464 | Valid loss: 0.0908 | Train acc: 0.9842 | Valid acc: 0.9613 | patience: 376 | Epoch time: 37.2 |

2023-01-27 18:32:51,644 - INFO -
| Epoch:    390 | Train loss: 0.0421 | Valid loss: 0.0937 | Train acc: 0.9843 | Valid acc: 0.9607 | patience: 377 | Epoch time: 37.2 |

2023-01-27 18:33:28,841 - INFO -
| Epoch:    391 | Train loss: 0.0384 | Valid loss: 0.0920 | Train acc: 0.9837 | Valid acc: 0.9602 | patience: 378 | Epoch time: 37.2 |

2023-01-27 18:34:06,041 - INFO -
| Epoch:    392 | Train loss: 0.0395 | Valid loss: 0.0955 | Train acc: 0.9841 | Valid acc: 0.9621 | patience: 379 | Epoch time: 37.2 |

2023-01-27 18:34:43,218 - INFO -
| Epoch:    393 | Train loss: 0.0392 | Valid loss: 0.0934 | Train acc: 0.9837 | Valid acc: 0.9605 | patience: 380 | Epoch time: 37.2 |

2023-01-27 18:35:20,417 - INFO -
| Epoch:    394 | Train loss: 0.0424 | Valid loss: 0.0985 | Train acc: 0.9832 | Valid acc: 0.9598 | patience: 381 | Epoch time: 37.2 |

2023-01-27 18:35:57,616 - INFO -
| Epoch:    395 | Train loss: 0.0410 | Valid loss: 0.0936 | Train acc: 0.9831 | Valid acc: 0.9614 | patience: 382 | Epoch time: 37.2 |

2023-01-27 18:36:34,813 - INFO -
| Epoch:    396 | Train loss: 0.0403 | Valid loss: 0.0998 | Train acc: 0.9836 | Valid acc: 0.9613 | patience: 383 | Epoch time: 37.2 |

2023-01-27 18:37:12,037 - INFO -
| Epoch:    397 | Train loss: 0.0399 | Valid loss: 0.0933 | Train acc: 0.9843 | Valid acc: 0.9614 | patience: 384 | Epoch time: 37.2 |

2023-01-27 18:37:49,215 - INFO -
| Epoch:    398 | Train loss: 0.0404 | Valid loss: 0.0947 | Train acc: 0.9837 | Valid acc: 0.9602 | patience: 385 | Epoch time: 37.2 |

2023-01-27 18:38:26,403 - INFO -
| Epoch:    399 | Train loss: 0.0399 | Valid loss: 0.0948 | Train acc: 0.9838 | Valid acc: 0.9613 | patience: 386 | Epoch time: 37.2 |

2023-01-27 18:39:03,605 - INFO -
| Epoch:    400 | Train loss: 0.0398 | Valid loss: 0.0937 | Train acc: 0.9841 | Valid acc: 0.9615 | patience: 387 | Epoch time: 37.2 |

2023-01-27 18:39:40,780 - INFO -
| Epoch:    401 | Train loss: 0.0418 | Valid loss: 0.0950 | Train acc: 0.9826 | Valid acc: 0.9622 | patience: 388 | Epoch time: 37.2 |

2023-01-27 18:40:17,969 - INFO -
| Epoch:    402 | Train loss: 0.0385 | Valid loss: 0.0933 | Train acc: 0.9834 | Valid acc: 0.9609 | patience: 389 | Epoch time: 37.2 |

2023-01-27 18:40:55,152 - INFO -
| Epoch:    403 | Train loss: 0.0407 | Valid loss: 0.0941 | Train acc: 0.9835 | Valid acc: 0.9600 | patience: 390 | Epoch time: 37.2 |

2023-01-27 18:41:32,372 - INFO -
| Epoch:    404 | Train loss: 0.0399 | Valid loss: 0.0945 | Train acc: 0.9825 | Valid acc: 0.9611 | patience: 391 | Epoch time: 37.2 |

2023-01-27 18:42:09,559 - INFO -
| Epoch:    405 | Train loss: 0.0417 | Valid loss: 0.0945 | Train acc: 0.9841 | Valid acc: 0.9616 | patience: 392 | Epoch time: 37.2 |

2023-01-27 18:42:46,741 - INFO -
| Epoch:    406 | Train loss: 0.0396 | Valid loss: 0.0941 | Train acc: 0.9834 | Valid acc: 0.9609 | patience: 393 | Epoch time: 37.2 |

2023-01-27 18:43:23,963 - INFO -
| Epoch:    407 | Train loss: 0.0407 | Valid loss: 0.0948 | Train acc: 0.9835 | Valid acc: 0.9599 | patience: 394 | Epoch time: 37.2 |

2023-01-27 18:44:01,190 - INFO -
| Epoch:    408 | Train loss: 0.0402 | Valid loss: 0.0958 | Train acc: 0.9833 | Valid acc: 0.9599 | patience: 395 | Epoch time: 37.2 |

2023-01-27 18:44:38,481 - INFO -
| Epoch:    409 | Train loss: 0.0399 | Valid loss: 0.0941 | Train acc: 0.9838 | Valid acc: 0.9615 | patience: 396 | Epoch time: 37.3 |

2023-01-27 18:45:15,677 - INFO -
| Epoch:    410 | Train loss: 0.0412 | Valid loss: 0.0985 | Train acc: 0.9835 | Valid acc: 0.9606 | patience: 397 | Epoch time: 37.2 |

2023-01-27 18:45:52,865 - INFO -
| Epoch:    411 | Train loss: 0.0428 | Valid loss: 0.1005 | Train acc: 0.9833 | Valid acc: 0.9609 | patience: 398 | Epoch time: 37.2 |

2023-01-27 18:46:30,080 - INFO -
| Epoch:    412 | Train loss: 0.0402 | Valid loss: 0.0946 | Train acc: 0.9826 | Valid acc: 0.9601 | patience: 399 | Epoch time: 37.2 |

2023-01-27 18:47:07,282 - INFO -
| Epoch:    413 | Train loss: 0.0397 | Valid loss: 0.0929 | Train acc: 0.9837 | Valid acc: 0.9617 | patience: 400 | Epoch time: 37.2 |

2023-01-27 18:47:44,517 - INFO -
| Epoch:    414 | Train loss: 0.0434 | Valid loss: 0.0954 | Train acc: 0.9830 | Valid acc: 0.9625 | patience: 401 | Epoch time: 37.2 |

2023-01-27 18:48:21,743 - INFO -
| Epoch:    415 | Train loss: 0.0429 | Valid loss: 0.0947 | Train acc: 0.9837 | Valid acc: 0.9610 | patience: 402 | Epoch time: 37.2 |

2023-01-27 18:48:58,937 - INFO -
| Epoch:    416 | Train loss: 0.0401 | Valid loss: 0.0925 | Train acc: 0.9843 | Valid acc: 0.9610 | patience: 403 | Epoch time: 37.2 |

2023-01-27 18:49:36,133 - INFO -
| Epoch:    417 | Train loss: 0.0410 | Valid loss: 0.0954 | Train acc: 0.9840 | Valid acc: 0.9615 | patience: 404 | Epoch time: 37.2 |

2023-01-27 18:50:13,317 - INFO -
| Epoch:    418 | Train loss: 0.0419 | Valid loss: 0.0938 | Train acc: 0.9841 | Valid acc: 0.9613 | patience: 405 | Epoch time: 37.2 |

2023-01-27 18:50:50,511 - INFO -
| Epoch:    419 | Train loss: 0.0402 | Valid loss: 0.0971 | Train acc: 0.9833 | Valid acc: 0.9615 | patience: 406 | Epoch time: 37.2 |

2023-01-27 18:51:27,682 - INFO -
| Epoch:    420 | Train loss: 0.0392 | Valid loss: 0.0941 | Train acc: 0.9839 | Valid acc: 0.9613 | patience: 407 | Epoch time: 37.2 |

2023-01-27 18:52:04,854 - INFO -
| Epoch:    421 | Train loss: 0.0403 | Valid loss: 0.0965 | Train acc: 0.9833 | Valid acc: 0.9601 | patience: 408 | Epoch time: 37.2 |

2023-01-27 18:52:42,033 - INFO -
| Epoch:    422 | Train loss: 0.0430 | Valid loss: 0.0941 | Train acc: 0.9839 | Valid acc: 0.9608 | patience: 409 | Epoch time: 37.2 |

2023-01-27 18:53:19,235 - INFO -
| Epoch:    423 | Train loss: 0.0401 | Valid loss: 0.0960 | Train acc: 0.9833 | Valid acc: 0.9617 | patience: 410 | Epoch time: 37.2 |

2023-01-27 18:53:56,426 - INFO -
| Epoch:    424 | Train loss: 0.0414 | Valid loss: 0.0979 | Train acc: 0.9834 | Valid acc: 0.9611 | patience: 411 | Epoch time: 37.2 |

2023-01-27 18:54:33,638 - INFO -
| Epoch:    425 | Train loss: 0.0409 | Valid loss: 0.1000 | Train acc: 0.9843 | Valid acc: 0.9618 | patience: 412 | Epoch time: 37.2 |

2023-01-27 18:55:10,810 - INFO -
| Epoch:    426 | Train loss: 0.0403 | Valid loss: 0.0963 | Train acc: 0.9843 | Valid acc: 0.9607 | patience: 413 | Epoch time: 37.2 |

2023-01-27 18:55:48,014 - INFO -
| Epoch:    427 | Train loss: 0.0403 | Valid loss: 0.0993 | Train acc: 0.9835 | Valid acc: 0.9609 | patience: 414 | Epoch time: 37.2 |

2023-01-27 18:56:25,199 - INFO -
| Epoch:    428 | Train loss: 0.0420 | Valid loss: 0.0964 | Train acc: 0.9834 | Valid acc: 0.9611 | patience: 415 | Epoch time: 37.2 |

2023-01-27 18:57:02,386 - INFO -
| Epoch:    429 | Train loss: 0.0415 | Valid loss: 0.0966 | Train acc: 0.9836 | Valid acc: 0.9607 | patience: 416 | Epoch time: 37.2 |

2023-01-27 18:57:39,577 - INFO -
| Epoch:    430 | Train loss: 0.0399 | Valid loss: 0.0960 | Train acc: 0.9831 | Valid acc: 0.9603 | patience: 417 | Epoch time: 37.2 |

2023-01-27 18:58:16,740 - INFO -
| Epoch:    431 | Train loss: 0.0392 | Valid loss: 0.0967 | Train acc: 0.9832 | Valid acc: 0.9618 | patience: 418 | Epoch time: 37.2 |

2023-01-27 18:58:53,945 - INFO -
| Epoch:    432 | Train loss: 0.0401 | Valid loss: 0.0987 | Train acc: 0.9831 | Valid acc: 0.9608 | patience: 419 | Epoch time: 37.2 |

2023-01-27 18:59:31,304 - INFO -
| Epoch:    433 | Train loss: 0.0399 | Valid loss: 0.0943 | Train acc: 0.9839 | Valid acc: 0.9612 | patience: 420 | Epoch time: 37.4 |

2023-01-27 19:00:08,528 - INFO -
| Epoch:    434 | Train loss: 0.0431 | Valid loss: 0.0950 | Train acc: 0.9832 | Valid acc: 0.9618 | patience: 421 | Epoch time: 37.2 |

2023-01-27 19:00:45,714 - INFO -
| Epoch:    435 | Train loss: 0.0399 | Valid loss: 0.0939 | Train acc: 0.9832 | Valid acc: 0.9613 | patience: 422 | Epoch time: 37.2 |

2023-01-27 19:01:22,880 - INFO -
| Epoch:    436 | Train loss: 0.0399 | Valid loss: 0.0950 | Train acc: 0.9830 | Valid acc: 0.9607 | patience: 423 | Epoch time: 37.2 |

2023-01-27 19:02:00,054 - INFO -
| Epoch:    437 | Train loss: 0.0400 | Valid loss: 0.0962 | Train acc: 0.9837 | Valid acc: 0.9601 | patience: 424 | Epoch time: 37.2 |

2023-01-27 19:02:37,269 - INFO -
| Epoch:    438 | Train loss: 0.0412 | Valid loss: 0.0963 | Train acc: 0.9829 | Valid acc: 0.9618 | patience: 425 | Epoch time: 37.2 |

2023-01-27 19:03:14,467 - INFO -
| Epoch:    439 | Train loss: 0.0433 | Valid loss: 0.0955 | Train acc: 0.9832 | Valid acc: 0.9611 | patience: 426 | Epoch time: 37.2 |

2023-01-27 19:03:51,684 - INFO -
| Epoch:    440 | Train loss: 0.0391 | Valid loss: 0.0986 | Train acc: 0.9831 | Valid acc: 0.9619 | patience: 427 | Epoch time: 37.2 |

2023-01-27 19:04:28,887 - INFO -
| Epoch:    441 | Train loss: 0.0396 | Valid loss: 0.0958 | Train acc: 0.9836 | Valid acc: 0.9589 | patience: 428 | Epoch time: 37.2 |

2023-01-27 19:05:06,062 - INFO -
| Epoch:    442 | Train loss: 0.0395 | Valid loss: 0.1001 | Train acc: 0.9832 | Valid acc: 0.9601 | patience: 429 | Epoch time: 37.2 |

2023-01-27 19:05:43,259 - INFO -
| Epoch:    443 | Train loss: 0.0395 | Valid loss: 0.0956 | Train acc: 0.9837 | Valid acc: 0.9619 | patience: 430 | Epoch time: 37.2 |

2023-01-27 19:06:20,436 - INFO -
| Epoch:    444 | Train loss: 0.0395 | Valid loss: 0.0948 | Train acc: 0.9830 | Valid acc: 0.9609 | patience: 431 | Epoch time: 37.2 |

2023-01-27 19:06:57,592 - INFO -
| Epoch:    445 | Train loss: 0.0412 | Valid loss: 0.0933 | Train acc: 0.9838 | Valid acc: 0.9608 | patience: 432 | Epoch time: 37.2 |

2023-01-27 19:07:34,777 - INFO -
| Epoch:    446 | Train loss: 0.0387 | Valid loss: 0.0936 | Train acc: 0.9837 | Valid acc: 0.9613 | patience: 433 | Epoch time: 37.2 |

2023-01-27 19:08:11,970 - INFO -
| Epoch:    447 | Train loss: 0.0388 | Valid loss: 0.0952 | Train acc: 0.9840 | Valid acc: 0.9631 | patience: 434 | Epoch time: 37.2 |

2023-01-27 19:08:49,220 - INFO -
| Epoch:    448 | Train loss: 0.0399 | Valid loss: 0.0958 | Train acc: 0.9842 | Valid acc: 0.9607 | patience: 435 | Epoch time: 37.3 |

2023-01-27 19:09:26,403 - INFO -
| Epoch:    449 | Train loss: 0.0401 | Valid loss: 0.0944 | Train acc: 0.9845 | Valid acc: 0.9603 | patience: 436 | Epoch time: 37.2 |

2023-01-27 19:10:03,612 - INFO -
| Epoch:    450 | Train loss: 0.0393 | Valid loss: 0.0925 | Train acc: 0.9840 | Valid acc: 0.9612 | patience: 437 | Epoch time: 37.2 |

2023-01-27 19:10:40,768 - INFO -
| Epoch:    451 | Train loss: 0.0412 | Valid loss: 0.0933 | Train acc: 0.9843 | Valid acc: 0.9616 | patience: 438 | Epoch time: 37.2 |

2023-01-27 19:11:17,939 - INFO -
| Epoch:    452 | Train loss: 0.0400 | Valid loss: 0.0964 | Train acc: 0.9840 | Valid acc: 0.9614 | patience: 439 | Epoch time: 37.2 |

2023-01-27 19:11:55,100 - INFO -
| Epoch:    453 | Train loss: 0.0400 | Valid loss: 0.0950 | Train acc: 0.9838 | Valid acc: 0.9607 | patience: 440 | Epoch time: 37.2 |

2023-01-27 19:12:32,309 - INFO -
| Epoch:    454 | Train loss: 0.0392 | Valid loss: 0.0970 | Train acc: 0.9828 | Valid acc: 0.9612 | patience: 441 | Epoch time: 37.2 |

2023-01-27 19:13:09,468 - INFO -
| Epoch:    455 | Train loss: 0.0394 | Valid loss: 0.0940 | Train acc: 0.9835 | Valid acc: 0.9608 | patience: 442 | Epoch time: 37.2 |

2023-01-27 19:13:46,615 - INFO -
| Epoch:    456 | Train loss: 0.0407 | Valid loss: 0.0916 | Train acc: 0.9827 | Valid acc: 0.9614 | patience: 443 | Epoch time: 37.1 |

2023-01-27 19:14:23,775 - INFO -
| Epoch:    457 | Train loss: 0.0406 | Valid loss: 0.0985 | Train acc: 0.9824 | Valid acc: 0.9606 | patience: 444 | Epoch time: 37.2 |

2023-01-27 19:15:00,969 - INFO -
| Epoch:    458 | Train loss: 0.0416 | Valid loss: 0.0963 | Train acc: 0.9839 | Valid acc: 0.9614 | patience: 445 | Epoch time: 37.2 |

2023-01-27 19:15:38,154 - INFO -
| Epoch:    459 | Train loss: 0.0397 | Valid loss: 0.0952 | Train acc: 0.9832 | Valid acc: 0.9614 | patience: 446 | Epoch time: 37.2 |

2023-01-27 19:16:15,323 - INFO -
| Epoch:    460 | Train loss: 0.0414 | Valid loss: 0.0945 | Train acc: 0.9839 | Valid acc: 0.9591 | patience: 447 | Epoch time: 37.2 |

2023-01-27 19:16:52,499 - INFO -
| Epoch:    461 | Train loss: 0.0393 | Valid loss: 0.0965 | Train acc: 0.9840 | Valid acc: 0.9610 | patience: 448 | Epoch time: 37.2 |

2023-01-27 19:17:29,648 - INFO -
| Epoch:    462 | Train loss: 0.0389 | Valid loss: 0.0955 | Train acc: 0.9844 | Valid acc: 0.9589 | patience: 449 | Epoch time: 37.1 |

2023-01-27 19:18:06,824 - INFO -
| Epoch:    463 | Train loss: 0.0402 | Valid loss: 0.0972 | Train acc: 0.9833 | Valid acc: 0.9603 | patience: 450 | Epoch time: 37.2 |

2023-01-27 19:18:44,027 - INFO -
| Epoch:    464 | Train loss: 0.0408 | Valid loss: 0.0958 | Train acc: 0.9834 | Valid acc: 0.9591 | patience: 451 | Epoch time: 37.2 |

2023-01-27 19:19:21,208 - INFO -
| Epoch:    465 | Train loss: 0.0382 | Valid loss: 0.0938 | Train acc: 0.9838 | Valid acc: 0.9596 | patience: 452 | Epoch time: 37.2 |

2023-01-27 19:19:58,398 - INFO -
| Epoch:    466 | Train loss: 0.0398 | Valid loss: 0.0937 | Train acc: 0.9840 | Valid acc: 0.9596 | patience: 453 | Epoch time: 37.2 |

2023-01-27 19:20:35,543 - INFO -
| Epoch:    467 | Train loss: 0.0391 | Valid loss: 0.0928 | Train acc: 0.9837 | Valid acc: 0.9605 | patience: 454 | Epoch time: 37.1 |

2023-01-27 19:21:12,716 - INFO -
| Epoch:    468 | Train loss: 0.0398 | Valid loss: 0.0935 | Train acc: 0.9833 | Valid acc: 0.9609 | patience: 455 | Epoch time: 37.2 |

2023-01-27 19:21:49,936 - INFO -
| Epoch:    469 | Train loss: 0.0419 | Valid loss: 0.0917 | Train acc: 0.9825 | Valid acc: 0.9595 | patience: 456 | Epoch time: 37.2 |

2023-01-27 19:22:27,135 - INFO -
| Epoch:    470 | Train loss: 0.0398 | Valid loss: 0.0920 | Train acc: 0.9828 | Valid acc: 0.9603 | patience: 457 | Epoch time: 37.2 |

2023-01-27 19:23:04,299 - INFO -
| Epoch:    471 | Train loss: 0.0401 | Valid loss: 0.0932 | Train acc: 0.9824 | Valid acc: 0.9612 | patience: 458 | Epoch time: 37.2 |

2023-01-27 19:23:41,489 - INFO -
| Epoch:    472 | Train loss: 0.0423 | Valid loss: 0.0954 | Train acc: 0.9842 | Valid acc: 0.9605 | patience: 459 | Epoch time: 37.2 |

2023-01-27 19:24:18,651 - INFO -
| Epoch:    473 | Train loss: 0.0407 | Valid loss: 0.0953 | Train acc: 0.9826 | Valid acc: 0.9597 | patience: 460 | Epoch time: 37.2 |

2023-01-27 19:24:55,807 - INFO -
| Epoch:    474 | Train loss: 0.0387 | Valid loss: 0.0955 | Train acc: 0.9837 | Valid acc: 0.9595 | patience: 461 | Epoch time: 37.2 |

2023-01-27 19:25:32,974 - INFO -
| Epoch:    475 | Train loss: 0.0395 | Valid loss: 0.0961 | Train acc: 0.9838 | Valid acc: 0.9595 | patience: 462 | Epoch time: 37.2 |

2023-01-27 19:26:10,172 - INFO -
| Epoch:    476 | Train loss: 0.0398 | Valid loss: 0.0979 | Train acc: 0.9843 | Valid acc: 0.9602 | patience: 463 | Epoch time: 37.2 |

2023-01-27 19:26:47,357 - INFO -
| Epoch:    477 | Train loss: 0.0419 | Valid loss: 0.1007 | Train acc: 0.9828 | Valid acc: 0.9591 | patience: 464 | Epoch time: 37.2 |

2023-01-27 19:27:24,545 - INFO -
| Epoch:    478 | Train loss: 0.0422 | Valid loss: 0.0960 | Train acc: 0.9834 | Valid acc: 0.9597 | patience: 465 | Epoch time: 37.2 |

2023-01-27 19:28:01,706 - INFO -
| Epoch:    479 | Train loss: 0.0405 | Valid loss: 0.0946 | Train acc: 0.9840 | Valid acc: 0.9621 | patience: 466 | Epoch time: 37.2 |

2023-01-27 19:28:38,878 - INFO -
| Epoch:    480 | Train loss: 0.0410 | Valid loss: 0.0955 | Train acc: 0.9841 | Valid acc: 0.9589 | patience: 467 | Epoch time: 37.2 |

2023-01-27 19:29:16,050 - INFO -
| Epoch:    481 | Train loss: 0.0410 | Valid loss: 0.0977 | Train acc: 0.9842 | Valid acc: 0.9613 | patience: 468 | Epoch time: 37.2 |

2023-01-27 19:29:53,210 - INFO -
| Epoch:    482 | Train loss: 0.0467 | Valid loss: 0.0952 | Train acc: 0.9837 | Valid acc: 0.9600 | patience: 469 | Epoch time: 37.2 |

2023-01-27 19:30:30,413 - INFO -
| Epoch:    483 | Train loss: 0.0461 | Valid loss: 0.0970 | Train acc: 0.9839 | Valid acc: 0.9599 | patience: 470 | Epoch time: 37.2 |

2023-01-27 19:31:07,603 - INFO -
| Epoch:    484 | Train loss: 0.0401 | Valid loss: 0.0983 | Train acc: 0.9840 | Valid acc: 0.9595 | patience: 471 | Epoch time: 37.2 |

2023-01-27 19:31:44,795 - INFO -
| Epoch:    485 | Train loss: 0.0401 | Valid loss: 0.0967 | Train acc: 0.9825 | Valid acc: 0.9609 | patience: 472 | Epoch time: 37.2 |

2023-01-27 19:32:22,001 - INFO -
| Epoch:    486 | Train loss: 0.0396 | Valid loss: 0.1000 | Train acc: 0.9831 | Valid acc: 0.9607 | patience: 473 | Epoch time: 37.2 |

2023-01-27 19:32:59,193 - INFO -
| Epoch:    487 | Train loss: 0.0393 | Valid loss: 0.0982 | Train acc: 0.9842 | Valid acc: 0.9593 | patience: 474 | Epoch time: 37.2 |

2023-01-27 19:33:36,401 - INFO -
| Epoch:    488 | Train loss: 0.0402 | Valid loss: 0.0971 | Train acc: 0.9841 | Valid acc: 0.9604 | patience: 475 | Epoch time: 37.2 |

2023-01-27 19:34:13,610 - INFO -
| Epoch:    489 | Train loss: 0.0420 | Valid loss: 0.0960 | Train acc: 0.9843 | Valid acc: 0.9612 | patience: 476 | Epoch time: 37.2 |

2023-01-27 19:34:50,814 - INFO -
| Epoch:    490 | Train loss: 0.0387 | Valid loss: 0.0951 | Train acc: 0.9840 | Valid acc: 0.9610 | patience: 477 | Epoch time: 37.2 |

2023-01-27 19:35:27,980 - INFO -
| Epoch:    491 | Train loss: 0.0407 | Valid loss: 0.0954 | Train acc: 0.9835 | Valid acc: 0.9612 | patience: 478 | Epoch time: 37.2 |

2023-01-27 19:36:05,541 - INFO -
| Epoch:    492 | Train loss: 0.0413 | Valid loss: 0.1003 | Train acc: 0.9839 | Valid acc: 0.9588 | patience: 479 | Epoch time: 37.6 |

2023-01-27 19:36:42,699 - INFO -
| Epoch:    493 | Train loss: 0.0431 | Valid loss: 0.1010 | Train acc: 0.9833 | Valid acc: 0.9610 | patience: 480 | Epoch time: 37.2 |

2023-01-27 19:37:19,846 - INFO -
| Epoch:    494 | Train loss: 0.0394 | Valid loss: 0.0954 | Train acc: 0.9840 | Valid acc: 0.9600 | patience: 481 | Epoch time: 37.1 |

2023-01-27 19:37:56,985 - INFO -
| Epoch:    495 | Train loss: 0.0397 | Valid loss: 0.0964 | Train acc: 0.9835 | Valid acc: 0.9605 | patience: 482 | Epoch time: 37.1 |

2023-01-27 19:38:34,142 - INFO -
| Epoch:    496 | Train loss: 0.0425 | Valid loss: 0.0951 | Train acc: 0.9839 | Valid acc: 0.9592 | patience: 483 | Epoch time: 37.2 |

2023-01-27 19:39:11,291 - INFO -
| Epoch:    497 | Train loss: 0.0396 | Valid loss: 0.1018 | Train acc: 0.9837 | Valid acc: 0.9591 | patience: 484 | Epoch time: 37.1 |

2023-01-27 19:39:48,428 - INFO -
| Epoch:    498 | Train loss: 0.0396 | Valid loss: 0.0961 | Train acc: 0.9838 | Valid acc: 0.9598 | patience: 485 | Epoch time: 37.1 |

2023-01-27 19:40:25,578 - INFO -
| Epoch:    499 | Train loss: 0.0395 | Valid loss: 0.0952 | Train acc: 0.9833 | Valid acc: 0.9611 | patience: 486 | Epoch time: 37.1 |

2023-01-27 19:41:02,754 - INFO -
| Epoch:    500 | Train loss: 0.0401 | Valid loss: 0.0931 | Train acc: 0.9840 | Valid acc: 0.9609 | patience: 487 | Epoch time: 37.2 |

2023-01-27 19:41:39,911 - INFO -
| Epoch:    501 | Train loss: 0.0393 | Valid loss: 0.0977 | Train acc: 0.9832 | Valid acc: 0.9601 | patience: 488 | Epoch time: 37.2 |

2023-01-27 19:42:17,082 - INFO -
| Epoch:    502 | Train loss: 0.0402 | Valid loss: 0.0973 | Train acc: 0.9841 | Valid acc: 0.9594 | patience: 489 | Epoch time: 37.2 |

2023-01-27 19:42:54,234 - INFO -
| Epoch:    503 | Train loss: 0.0408 | Valid loss: 0.0963 | Train acc: 0.9835 | Valid acc: 0.9612 | patience: 490 | Epoch time: 37.2 |

2023-01-27 19:43:31,403 - INFO -
| Epoch:    504 | Train loss: 0.0420 | Valid loss: 0.0955 | Train acc: 0.9840 | Valid acc: 0.9612 | patience: 491 | Epoch time: 37.2 |

2023-01-27 19:44:08,547 - INFO -
| Epoch:    505 | Train loss: 0.0393 | Valid loss: 0.0979 | Train acc: 0.9838 | Valid acc: 0.9600 | patience: 492 | Epoch time: 37.1 |

2023-01-27 19:44:45,705 - INFO -
| Epoch:    506 | Train loss: 0.0407 | Valid loss: 0.0956 | Train acc: 0.9840 | Valid acc: 0.9612 | patience: 493 | Epoch time: 37.2 |

2023-01-27 19:45:22,855 - INFO -
| Epoch:    507 | Train loss: 0.0396 | Valid loss: 0.1005 | Train acc: 0.9834 | Valid acc: 0.9596 | patience: 494 | Epoch time: 37.1 |

2023-01-27 19:46:00,057 - INFO -
| Epoch:    508 | Train loss: 0.0397 | Valid loss: 0.0978 | Train acc: 0.9832 | Valid acc: 0.9602 | patience: 495 | Epoch time: 37.2 |

2023-01-27 19:46:37,202 - INFO -
| Epoch:    509 | Train loss: 0.0387 | Valid loss: 0.0950 | Train acc: 0.9837 | Valid acc: 0.9604 | patience: 496 | Epoch time: 37.1 |

2023-01-27 19:47:14,391 - INFO -
| Epoch:    510 | Train loss: 0.0401 | Valid loss: 0.0983 | Train acc: 0.9838 | Valid acc: 0.9588 | patience: 497 | Epoch time: 37.2 |

2023-01-27 19:47:51,537 - INFO -
| Epoch:    511 | Train loss: 0.0404 | Valid loss: 0.0938 | Train acc: 0.9832 | Valid acc: 0.9599 | patience: 498 | Epoch time: 37.1 |

2023-01-27 19:48:28,676 - INFO -
| Epoch:    512 | Train loss: 0.0395 | Valid loss: 0.0945 | Train acc: 0.9838 | Valid acc: 0.9605 | patience: 499 | Epoch time: 37.1 |

2023-01-27 19:49:05,789 - INFO -
| Epoch:    513 | Train loss: 0.0413 | Valid loss: 0.0949 | Train acc: 0.9837 | Valid acc: 0.9597 | patience: 500 | Epoch time: 37.1 |

2023-01-27 19:49:42,916 - INFO -
Early stop.

2023-01-27 19:49:43,182 - INFO -
Training if finished.

