2023-01-27 14:29:56,530 - INFO -
gmin                0.01
gmax                10.0
T                   0.1
m                   0.3
ACT_eta1            0.134
ACT_eta2            0.962
ACT_eta3            0.183
ACT_eta4            24.1
NEG_eta1            -0.104
NEG_eta2            0.899
NEG_eta3            -0.056
NEG_eta4            3.858
hidden              [3]
SEED                1
DEVICE              cuda
TIMELIMITATION      45
PATIENCE            500
EPOCH               10000000000
DATASET             2
LR                  0.1
PROGRESSIVE         False
LR_PATIENCE         100
LR_DECAY            0.5
LR_MIN              0.0001
MODE                aging
M_train             50
K_train             10
M_test              500
K_test              500
t_test_max          10
integration         MC
VARIATION           False
N_train             1
e_train             0.0
N_test              100
e_test              0.1
projectname         ICCAD_2022
temppath            ./ICCAD_2022/temp/
logfilepath         ./ICCAD_2022/log/
recording           False
recordpath          ./ICCAD_2022/record/
savepath            ./ICCAD_2022/models/
loglevel            info


2023-01-27 14:29:56,530 - INFO -
Training network on device: cuda.

2023-01-27 14:29:56,530 - INFO -
Training setup: breastcancerwisc_1_aging_0.0_1_MC.

2023-01-27 14:29:56,530 - INFO -
Dataset "breastcancerwisc" has 9 input features and 2 classes. There are 418 training examples, 139 valid examples, and 140 test examples in the dataset.

2023-01-27 14:29:56,530 - INFO -
Topology of the network: [9, 3, 2].

2023-01-27 14:30:35,098 - INFO -
| Epoch:      0 | Train loss: 0.8014 | Valid loss: 0.5872 | Train acc: 0.4889 | Valid acc: 0.6634 | patience:   0 | Epoch time: 38.1 |

2023-01-27 14:31:11,774 - INFO -
| Epoch:      1 | Train loss: 0.5664 | Valid loss: 0.4001 | Train acc: 0.6898 | Valid acc: 0.8129 | patience:   0 | Epoch time: 36.7 |

2023-01-27 14:31:48,533 - INFO -
| Epoch:      2 | Train loss: 0.3623 | Valid loss: 0.2114 | Train acc: 0.7819 | Valid acc: 0.9035 | patience:   0 | Epoch time: 36.8 |

2023-01-27 14:32:25,290 - INFO -
| Epoch:      3 | Train loss: 0.2155 | Valid loss: 0.1279 | Train acc: 0.9214 | Valid acc: 0.9437 | patience:   0 | Epoch time: 36.8 |

2023-01-27 14:33:02,069 - INFO -
| Epoch:      4 | Train loss: 0.1049 | Valid loss: 0.1096 | Train acc: 0.9635 | Valid acc: 0.9502 | patience:   0 | Epoch time: 36.8 |

2023-01-27 14:33:38,891 - INFO -
| Epoch:      5 | Train loss: 0.1068 | Valid loss: 0.1010 | Train acc: 0.9675 | Valid acc: 0.9552 | patience:   0 | Epoch time: 36.8 |

2023-01-27 14:34:15,689 - INFO -
| Epoch:      6 | Train loss: 0.0632 | Valid loss: 0.0993 | Train acc: 0.9703 | Valid acc: 0.9581 | patience:   0 | Epoch time: 36.8 |

2023-01-27 14:34:52,496 - INFO -
| Epoch:      7 | Train loss: 0.0685 | Valid loss: 0.0941 | Train acc: 0.9727 | Valid acc: 0.9620 | patience:   0 | Epoch time: 36.8 |

2023-01-27 14:35:29,357 - INFO -
| Epoch:      8 | Train loss: 0.0624 | Valid loss: 0.0940 | Train acc: 0.9728 | Valid acc: 0.9617 | patience:   0 | Epoch time: 36.9 |

2023-01-27 14:36:06,292 - INFO -
| Epoch:      9 | Train loss: 0.0629 | Valid loss: 0.0939 | Train acc: 0.9735 | Valid acc: 0.9626 | patience:   0 | Epoch time: 36.9 |

2023-01-27 14:36:43,086 - INFO -
| Epoch:     10 | Train loss: 0.0618 | Valid loss: 0.0904 | Train acc: 0.9741 | Valid acc: 0.9604 | patience:   0 | Epoch time: 36.8 |

2023-01-27 14:37:19,903 - INFO -
| Epoch:     11 | Train loss: 0.0650 | Valid loss: 0.0922 | Train acc: 0.9736 | Valid acc: 0.9633 | patience:   1 | Epoch time: 36.8 |

2023-01-27 14:37:56,722 - INFO -
| Epoch:     12 | Train loss: 0.0610 | Valid loss: 0.0908 | Train acc: 0.9745 | Valid acc: 0.9628 | patience:   2 | Epoch time: 36.8 |

2023-01-27 14:38:33,545 - INFO -
| Epoch:     13 | Train loss: 0.0610 | Valid loss: 0.0937 | Train acc: 0.9747 | Valid acc: 0.9626 | patience:   3 | Epoch time: 36.8 |

2023-01-27 14:39:10,366 - INFO -
| Epoch:     14 | Train loss: 0.0596 | Valid loss: 0.0915 | Train acc: 0.9743 | Valid acc: 0.9627 | patience:   4 | Epoch time: 36.8 |

2023-01-27 14:39:47,174 - INFO -
| Epoch:     15 | Train loss: 0.0595 | Valid loss: 0.0935 | Train acc: 0.9752 | Valid acc: 0.9636 | patience:   5 | Epoch time: 36.8 |

2023-01-27 14:40:23,983 - INFO -
| Epoch:     16 | Train loss: 0.0595 | Valid loss: 0.0922 | Train acc: 0.9750 | Valid acc: 0.9633 | patience:   6 | Epoch time: 36.8 |

2023-01-27 14:41:00,797 - INFO -
| Epoch:     17 | Train loss: 0.0585 | Valid loss: 0.0933 | Train acc: 0.9766 | Valid acc: 0.9634 | patience:   7 | Epoch time: 36.8 |

2023-01-27 14:41:37,633 - INFO -
| Epoch:     18 | Train loss: 0.0576 | Valid loss: 0.0914 | Train acc: 0.9763 | Valid acc: 0.9621 | patience:   8 | Epoch time: 36.8 |

2023-01-27 14:42:14,463 - INFO -
| Epoch:     19 | Train loss: 0.0576 | Valid loss: 0.0932 | Train acc: 0.9762 | Valid acc: 0.9630 | patience:   9 | Epoch time: 36.8 |

2023-01-27 14:42:51,306 - INFO -
| Epoch:     20 | Train loss: 0.0569 | Valid loss: 0.0938 | Train acc: 0.9763 | Valid acc: 0.9628 | patience:  10 | Epoch time: 36.8 |

2023-01-27 14:43:28,114 - INFO -
| Epoch:     21 | Train loss: 0.0562 | Valid loss: 0.0948 | Train acc: 0.9766 | Valid acc: 0.9630 | patience:  11 | Epoch time: 36.8 |

2023-01-27 14:44:04,931 - INFO -
| Epoch:     22 | Train loss: 0.0570 | Valid loss: 0.0951 | Train acc: 0.9769 | Valid acc: 0.9617 | patience:  12 | Epoch time: 36.8 |

2023-01-27 14:44:41,747 - INFO -
| Epoch:     23 | Train loss: 0.0575 | Valid loss: 0.0934 | Train acc: 0.9769 | Valid acc: 0.9619 | patience:  13 | Epoch time: 36.8 |

2023-01-27 14:45:18,567 - INFO -
| Epoch:     24 | Train loss: 0.0564 | Valid loss: 0.0951 | Train acc: 0.9773 | Valid acc: 0.9614 | patience:  14 | Epoch time: 36.8 |

2023-01-27 14:45:55,384 - INFO -
| Epoch:     25 | Train loss: 0.0568 | Valid loss: 0.0929 | Train acc: 0.9771 | Valid acc: 0.9614 | patience:  15 | Epoch time: 36.8 |

2023-01-27 14:46:32,231 - INFO -
| Epoch:     26 | Train loss: 0.0557 | Valid loss: 0.0965 | Train acc: 0.9769 | Valid acc: 0.9611 | patience:  16 | Epoch time: 36.8 |

2023-01-27 14:47:09,041 - INFO -
| Epoch:     27 | Train loss: 0.0548 | Valid loss: 0.0936 | Train acc: 0.9775 | Valid acc: 0.9624 | patience:  17 | Epoch time: 36.8 |

2023-01-27 14:47:45,866 - INFO -
| Epoch:     28 | Train loss: 0.0552 | Valid loss: 0.0952 | Train acc: 0.9781 | Valid acc: 0.9616 | patience:  18 | Epoch time: 36.8 |

2023-01-27 14:48:22,741 - INFO -
| Epoch:     29 | Train loss: 0.0559 | Valid loss: 0.0965 | Train acc: 0.9772 | Valid acc: 0.9614 | patience:  19 | Epoch time: 36.9 |

2023-01-27 14:48:59,638 - INFO -
| Epoch:     30 | Train loss: 0.0548 | Valid loss: 0.0952 | Train acc: 0.9774 | Valid acc: 0.9622 | patience:  20 | Epoch time: 36.9 |

2023-01-27 14:49:36,452 - INFO -
| Epoch:     31 | Train loss: 0.0539 | Valid loss: 0.0928 | Train acc: 0.9775 | Valid acc: 0.9631 | patience:  21 | Epoch time: 36.8 |

2023-01-27 14:50:13,282 - INFO -
| Epoch:     32 | Train loss: 0.0544 | Valid loss: 0.0936 | Train acc: 0.9778 | Valid acc: 0.9624 | patience:  22 | Epoch time: 36.8 |

2023-01-27 14:50:50,072 - INFO -
| Epoch:     33 | Train loss: 0.0543 | Valid loss: 0.0926 | Train acc: 0.9778 | Valid acc: 0.9631 | patience:  23 | Epoch time: 36.8 |

2023-01-27 14:51:26,882 - INFO -
| Epoch:     34 | Train loss: 0.0540 | Valid loss: 0.0947 | Train acc: 0.9776 | Valid acc: 0.9630 | patience:  24 | Epoch time: 36.8 |

2023-01-27 14:52:03,673 - INFO -
| Epoch:     35 | Train loss: 0.0534 | Valid loss: 0.0923 | Train acc: 0.9781 | Valid acc: 0.9629 | patience:  25 | Epoch time: 36.8 |

2023-01-27 14:52:40,515 - INFO -
| Epoch:     36 | Train loss: 0.0533 | Valid loss: 0.0916 | Train acc: 0.9777 | Valid acc: 0.9636 | patience:  26 | Epoch time: 36.8 |

2023-01-27 14:53:17,352 - INFO -
| Epoch:     37 | Train loss: 0.0528 | Valid loss: 0.0920 | Train acc: 0.9782 | Valid acc: 0.9636 | patience:  27 | Epoch time: 36.8 |

2023-01-27 14:53:54,161 - INFO -
| Epoch:     38 | Train loss: 0.0523 | Valid loss: 0.0910 | Train acc: 0.9783 | Valid acc: 0.9641 | patience:  28 | Epoch time: 36.8 |

2023-01-27 14:54:31,010 - INFO -
| Epoch:     39 | Train loss: 0.0537 | Valid loss: 0.0927 | Train acc: 0.9782 | Valid acc: 0.9640 | patience:  29 | Epoch time: 36.8 |

2023-01-27 14:55:07,869 - INFO -
| Epoch:     40 | Train loss: 0.0515 | Valid loss: 0.0909 | Train acc: 0.9785 | Valid acc: 0.9639 | patience:  30 | Epoch time: 36.9 |

2023-01-27 14:55:44,692 - INFO -
| Epoch:     41 | Train loss: 0.0512 | Valid loss: 0.0912 | Train acc: 0.9783 | Valid acc: 0.9638 | patience:  31 | Epoch time: 36.8 |

2023-01-27 14:56:21,526 - INFO -
| Epoch:     42 | Train loss: 0.0523 | Valid loss: 0.0910 | Train acc: 0.9783 | Valid acc: 0.9641 | patience:  32 | Epoch time: 36.8 |

2023-01-27 14:56:58,363 - INFO -
| Epoch:     43 | Train loss: 0.0508 | Valid loss: 0.0910 | Train acc: 0.9790 | Valid acc: 0.9634 | patience:  33 | Epoch time: 36.8 |

2023-01-27 14:57:35,183 - INFO -
| Epoch:     44 | Train loss: 0.0507 | Valid loss: 0.0894 | Train acc: 0.9783 | Valid acc: 0.9634 | patience:   0 | Epoch time: 36.8 |

2023-01-27 14:58:12,219 - INFO -
| Epoch:     45 | Train loss: 0.0510 | Valid loss: 0.0912 | Train acc: 0.9791 | Valid acc: 0.9644 | patience:   1 | Epoch time: 37.0 |

2023-01-27 14:58:49,058 - INFO -
| Epoch:     46 | Train loss: 0.0501 | Valid loss: 0.0919 | Train acc: 0.9794 | Valid acc: 0.9636 | patience:   2 | Epoch time: 36.8 |

2023-01-27 14:59:25,915 - INFO -
| Epoch:     47 | Train loss: 0.0493 | Valid loss: 0.0916 | Train acc: 0.9795 | Valid acc: 0.9635 | patience:   3 | Epoch time: 36.9 |

2023-01-27 15:00:02,750 - INFO -
| Epoch:     48 | Train loss: 0.0502 | Valid loss: 0.0926 | Train acc: 0.9792 | Valid acc: 0.9625 | patience:   4 | Epoch time: 36.8 |

2023-01-27 15:00:39,575 - INFO -
| Epoch:     49 | Train loss: 0.0482 | Valid loss: 0.0909 | Train acc: 0.9794 | Valid acc: 0.9640 | patience:   5 | Epoch time: 36.8 |

2023-01-27 15:01:16,453 - INFO -
| Epoch:     50 | Train loss: 0.0496 | Valid loss: 0.0924 | Train acc: 0.9796 | Valid acc: 0.9641 | patience:   6 | Epoch time: 36.9 |

2023-01-27 15:01:53,366 - INFO -
| Epoch:     51 | Train loss: 0.0483 | Valid loss: 0.0921 | Train acc: 0.9798 | Valid acc: 0.9637 | patience:   7 | Epoch time: 36.9 |

2023-01-27 15:02:30,215 - INFO -
| Epoch:     52 | Train loss: 0.0486 | Valid loss: 0.0911 | Train acc: 0.9797 | Valid acc: 0.9634 | patience:   8 | Epoch time: 36.8 |

2023-01-27 15:03:07,049 - INFO -
| Epoch:     53 | Train loss: 0.0491 | Valid loss: 0.0926 | Train acc: 0.9798 | Valid acc: 0.9640 | patience:   9 | Epoch time: 36.8 |

2023-01-27 15:03:43,899 - INFO -
| Epoch:     54 | Train loss: 0.0472 | Valid loss: 0.0911 | Train acc: 0.9799 | Valid acc: 0.9636 | patience:  10 | Epoch time: 36.8 |

2023-01-27 15:04:20,769 - INFO -
| Epoch:     55 | Train loss: 0.0482 | Valid loss: 0.0936 | Train acc: 0.9801 | Valid acc: 0.9637 | patience:  11 | Epoch time: 36.9 |

2023-01-27 15:04:57,613 - INFO -
| Epoch:     56 | Train loss: 0.0471 | Valid loss: 0.0923 | Train acc: 0.9799 | Valid acc: 0.9633 | patience:  12 | Epoch time: 36.8 |

2023-01-27 15:05:34,452 - INFO -
| Epoch:     57 | Train loss: 0.0490 | Valid loss: 0.0902 | Train acc: 0.9797 | Valid acc: 0.9633 | patience:  13 | Epoch time: 36.8 |

2023-01-27 15:06:11,276 - INFO -
| Epoch:     58 | Train loss: 0.0482 | Valid loss: 0.0902 | Train acc: 0.9808 | Valid acc: 0.9634 | patience:  14 | Epoch time: 36.8 |

2023-01-27 15:06:48,131 - INFO -
| Epoch:     59 | Train loss: 0.0483 | Valid loss: 0.0922 | Train acc: 0.9808 | Valid acc: 0.9642 | patience:  15 | Epoch time: 36.9 |

2023-01-27 15:07:24,993 - INFO -
| Epoch:     60 | Train loss: 0.0480 | Valid loss: 0.0915 | Train acc: 0.9803 | Valid acc: 0.9629 | patience:  16 | Epoch time: 36.9 |

2023-01-27 15:08:01,821 - INFO -
| Epoch:     61 | Train loss: 0.0467 | Valid loss: 0.0926 | Train acc: 0.9805 | Valid acc: 0.9633 | patience:  17 | Epoch time: 36.8 |

2023-01-27 15:08:38,673 - INFO -
| Epoch:     62 | Train loss: 0.0465 | Valid loss: 0.0927 | Train acc: 0.9812 | Valid acc: 0.9628 | patience:  18 | Epoch time: 36.9 |

2023-01-27 15:09:15,514 - INFO -
| Epoch:     63 | Train loss: 0.0464 | Valid loss: 0.0958 | Train acc: 0.9805 | Valid acc: 0.9631 | patience:  19 | Epoch time: 36.8 |

2023-01-27 15:09:52,502 - INFO -
| Epoch:     64 | Train loss: 0.0458 | Valid loss: 0.0924 | Train acc: 0.9809 | Valid acc: 0.9638 | patience:  20 | Epoch time: 37.0 |

2023-01-27 15:10:29,464 - INFO -
| Epoch:     65 | Train loss: 0.0473 | Valid loss: 0.0934 | Train acc: 0.9799 | Valid acc: 0.9637 | patience:  21 | Epoch time: 37.0 |

2023-01-27 15:11:06,410 - INFO -
| Epoch:     66 | Train loss: 0.0453 | Valid loss: 0.0933 | Train acc: 0.9814 | Valid acc: 0.9632 | patience:  22 | Epoch time: 36.9 |

2023-01-27 15:11:43,390 - INFO -
| Epoch:     67 | Train loss: 0.0486 | Valid loss: 0.0919 | Train acc: 0.9808 | Valid acc: 0.9634 | patience:  23 | Epoch time: 37.0 |

2023-01-27 15:12:20,376 - INFO -
| Epoch:     68 | Train loss: 0.0469 | Valid loss: 0.0941 | Train acc: 0.9815 | Valid acc: 0.9632 | patience:  24 | Epoch time: 37.0 |

2023-01-27 15:12:57,388 - INFO -
| Epoch:     69 | Train loss: 0.0463 | Valid loss: 0.0949 | Train acc: 0.9817 | Valid acc: 0.9634 | patience:  25 | Epoch time: 37.0 |

2023-01-27 15:13:34,383 - INFO -
| Epoch:     70 | Train loss: 0.0470 | Valid loss: 0.0945 | Train acc: 0.9817 | Valid acc: 0.9624 | patience:  26 | Epoch time: 37.0 |

2023-01-27 15:14:11,344 - INFO -
| Epoch:     71 | Train loss: 0.0443 | Valid loss: 0.0936 | Train acc: 0.9812 | Valid acc: 0.9630 | patience:  27 | Epoch time: 37.0 |

2023-01-27 15:14:48,306 - INFO -
| Epoch:     72 | Train loss: 0.0460 | Valid loss: 0.0934 | Train acc: 0.9802 | Valid acc: 0.9628 | patience:  28 | Epoch time: 37.0 |

2023-01-27 15:15:25,283 - INFO -
| Epoch:     73 | Train loss: 0.0451 | Valid loss: 0.0951 | Train acc: 0.9806 | Valid acc: 0.9637 | patience:  29 | Epoch time: 37.0 |

2023-01-27 15:16:02,370 - INFO -
| Epoch:     74 | Train loss: 0.0460 | Valid loss: 0.0921 | Train acc: 0.9804 | Valid acc: 0.9639 | patience:  30 | Epoch time: 37.1 |

2023-01-27 15:16:39,354 - INFO -
| Epoch:     75 | Train loss: 0.0453 | Valid loss: 0.0921 | Train acc: 0.9808 | Valid acc: 0.9636 | patience:  31 | Epoch time: 37.0 |

2023-01-27 15:17:16,319 - INFO -
| Epoch:     76 | Train loss: 0.0449 | Valid loss: 0.0920 | Train acc: 0.9798 | Valid acc: 0.9639 | patience:  32 | Epoch time: 37.0 |

2023-01-27 15:17:53,315 - INFO -
| Epoch:     77 | Train loss: 0.0464 | Valid loss: 0.0929 | Train acc: 0.9817 | Valid acc: 0.9641 | patience:  33 | Epoch time: 37.0 |

2023-01-27 15:18:30,313 - INFO -
| Epoch:     78 | Train loss: 0.0469 | Valid loss: 0.0921 | Train acc: 0.9812 | Valid acc: 0.9630 | patience:  34 | Epoch time: 37.0 |

2023-01-27 15:19:07,358 - INFO -
| Epoch:     79 | Train loss: 0.0457 | Valid loss: 0.0929 | Train acc: 0.9813 | Valid acc: 0.9635 | patience:  35 | Epoch time: 37.0 |

2023-01-27 15:19:44,357 - INFO -
| Epoch:     80 | Train loss: 0.0459 | Valid loss: 0.0966 | Train acc: 0.9810 | Valid acc: 0.9632 | patience:  36 | Epoch time: 37.0 |

2023-01-27 15:20:21,379 - INFO -
| Epoch:     81 | Train loss: 0.0444 | Valid loss: 0.0965 | Train acc: 0.9817 | Valid acc: 0.9612 | patience:  37 | Epoch time: 37.0 |

2023-01-27 15:20:58,376 - INFO -
| Epoch:     82 | Train loss: 0.0448 | Valid loss: 0.0946 | Train acc: 0.9823 | Valid acc: 0.9631 | patience:  38 | Epoch time: 37.0 |

2023-01-27 15:21:35,378 - INFO -
| Epoch:     83 | Train loss: 0.0462 | Valid loss: 0.0956 | Train acc: 0.9806 | Valid acc: 0.9610 | patience:  39 | Epoch time: 37.0 |

2023-01-27 15:22:12,367 - INFO -
| Epoch:     84 | Train loss: 0.0449 | Valid loss: 0.0972 | Train acc: 0.9809 | Valid acc: 0.9623 | patience:  40 | Epoch time: 37.0 |

2023-01-27 15:22:49,318 - INFO -
| Epoch:     85 | Train loss: 0.0474 | Valid loss: 0.0956 | Train acc: 0.9804 | Valid acc: 0.9598 | patience:  41 | Epoch time: 36.9 |

2023-01-27 15:23:26,283 - INFO -
| Epoch:     86 | Train loss: 0.0461 | Valid loss: 0.0984 | Train acc: 0.9825 | Valid acc: 0.9624 | patience:  42 | Epoch time: 37.0 |

2023-01-27 15:24:03,254 - INFO -
| Epoch:     87 | Train loss: 0.0462 | Valid loss: 0.0952 | Train acc: 0.9807 | Valid acc: 0.9623 | patience:  43 | Epoch time: 37.0 |

2023-01-27 15:24:40,268 - INFO -
| Epoch:     88 | Train loss: 0.0451 | Valid loss: 0.0943 | Train acc: 0.9805 | Valid acc: 0.9618 | patience:  44 | Epoch time: 37.0 |

2023-01-27 15:25:17,267 - INFO -
| Epoch:     89 | Train loss: 0.0457 | Valid loss: 0.0935 | Train acc: 0.9818 | Valid acc: 0.9616 | patience:  45 | Epoch time: 37.0 |

2023-01-27 15:25:54,281 - INFO -
| Epoch:     90 | Train loss: 0.0447 | Valid loss: 0.0943 | Train acc: 0.9818 | Valid acc: 0.9632 | patience:  46 | Epoch time: 37.0 |

2023-01-27 15:26:31,299 - INFO -
| Epoch:     91 | Train loss: 0.0460 | Valid loss: 0.0934 | Train acc: 0.9818 | Valid acc: 0.9616 | patience:  47 | Epoch time: 37.0 |

2023-01-27 15:27:08,322 - INFO -
| Epoch:     92 | Train loss: 0.0438 | Valid loss: 0.0925 | Train acc: 0.9820 | Valid acc: 0.9631 | patience:  48 | Epoch time: 37.0 |

2023-01-27 15:27:45,476 - INFO -
| Epoch:     93 | Train loss: 0.0460 | Valid loss: 0.0926 | Train acc: 0.9825 | Valid acc: 0.9637 | patience:  49 | Epoch time: 37.2 |

2023-01-27 15:28:22,508 - INFO -
| Epoch:     94 | Train loss: 0.0445 | Valid loss: 0.0944 | Train acc: 0.9821 | Valid acc: 0.9631 | patience:  50 | Epoch time: 37.0 |

2023-01-27 15:28:59,520 - INFO -
| Epoch:     95 | Train loss: 0.0467 | Valid loss: 0.0941 | Train acc: 0.9818 | Valid acc: 0.9638 | patience:  51 | Epoch time: 37.0 |

2023-01-27 15:29:36,555 - INFO -
| Epoch:     96 | Train loss: 0.0457 | Valid loss: 0.0944 | Train acc: 0.9819 | Valid acc: 0.9626 | patience:  52 | Epoch time: 37.0 |

2023-01-27 15:30:13,686 - INFO -
| Epoch:     97 | Train loss: 0.0456 | Valid loss: 0.0933 | Train acc: 0.9825 | Valid acc: 0.9630 | patience:  53 | Epoch time: 37.1 |

2023-01-27 15:30:50,747 - INFO -
| Epoch:     98 | Train loss: 0.0432 | Valid loss: 0.0943 | Train acc: 0.9827 | Valid acc: 0.9620 | patience:  54 | Epoch time: 37.1 |

2023-01-27 15:31:27,793 - INFO -
| Epoch:     99 | Train loss: 0.0442 | Valid loss: 0.0959 | Train acc: 0.9818 | Valid acc: 0.9621 | patience:  55 | Epoch time: 37.0 |

2023-01-27 15:32:04,820 - INFO -
| Epoch:    100 | Train loss: 0.0450 | Valid loss: 0.0959 | Train acc: 0.9829 | Valid acc: 0.9629 | patience:  56 | Epoch time: 37.0 |

2023-01-27 15:32:41,988 - INFO -
| Epoch:    101 | Train loss: 0.0466 | Valid loss: 0.0976 | Train acc: 0.9813 | Valid acc: 0.9618 | patience:  57 | Epoch time: 37.2 |

2023-01-27 15:33:19,028 - INFO -
| Epoch:    102 | Train loss: 0.0442 | Valid loss: 0.0983 | Train acc: 0.9826 | Valid acc: 0.9621 | patience:  58 | Epoch time: 37.0 |

2023-01-27 15:33:56,068 - INFO -
| Epoch:    103 | Train loss: 0.0439 | Valid loss: 0.0973 | Train acc: 0.9818 | Valid acc: 0.9624 | patience:  59 | Epoch time: 37.0 |

2023-01-27 15:34:33,082 - INFO -
| Epoch:    104 | Train loss: 0.0446 | Valid loss: 0.0955 | Train acc: 0.9827 | Valid acc: 0.9624 | patience:  60 | Epoch time: 37.0 |

2023-01-27 15:35:10,148 - INFO -
| Epoch:    105 | Train loss: 0.0435 | Valid loss: 0.0959 | Train acc: 0.9829 | Valid acc: 0.9626 | patience:  61 | Epoch time: 37.1 |

2023-01-27 15:35:47,086 - INFO -
| Epoch:    106 | Train loss: 0.0442 | Valid loss: 0.0969 | Train acc: 0.9828 | Valid acc: 0.9621 | patience:  62 | Epoch time: 36.9 |

2023-01-27 15:36:24,009 - INFO -
| Epoch:    107 | Train loss: 0.0429 | Valid loss: 0.0951 | Train acc: 0.9826 | Valid acc: 0.9618 | patience:  63 | Epoch time: 36.9 |

2023-01-27 15:37:00,987 - INFO -
| Epoch:    108 | Train loss: 0.0434 | Valid loss: 0.0941 | Train acc: 0.9829 | Valid acc: 0.9623 | patience:  64 | Epoch time: 37.0 |

2023-01-27 15:37:38,038 - INFO -
| Epoch:    109 | Train loss: 0.0417 | Valid loss: 0.0952 | Train acc: 0.9825 | Valid acc: 0.9619 | patience:  65 | Epoch time: 37.1 |

2023-01-27 15:38:17,147 - INFO -
| Epoch:    110 | Train loss: 0.0443 | Valid loss: 0.0957 | Train acc: 0.9821 | Valid acc: 0.9631 | patience:  66 | Epoch time: 39.1 |

2023-01-27 15:38:54,459 - INFO -
| Epoch:    111 | Train loss: 0.0452 | Valid loss: 0.0955 | Train acc: 0.9811 | Valid acc: 0.9614 | patience:  67 | Epoch time: 37.3 |

2023-01-27 15:39:31,408 - INFO -
| Epoch:    112 | Train loss: 0.0443 | Valid loss: 0.0951 | Train acc: 0.9828 | Valid acc: 0.9627 | patience:  68 | Epoch time: 36.9 |

2023-01-27 15:40:08,360 - INFO -
| Epoch:    113 | Train loss: 0.0441 | Valid loss: 0.0973 | Train acc: 0.9840 | Valid acc: 0.9620 | patience:  69 | Epoch time: 37.0 |

2023-01-27 15:40:45,287 - INFO -
| Epoch:    114 | Train loss: 0.0448 | Valid loss: 0.0965 | Train acc: 0.9822 | Valid acc: 0.9608 | patience:  70 | Epoch time: 36.9 |

2023-01-27 15:41:22,346 - INFO -
| Epoch:    115 | Train loss: 0.0431 | Valid loss: 0.0971 | Train acc: 0.9828 | Valid acc: 0.9614 | patience:  71 | Epoch time: 37.1 |

2023-01-27 15:41:59,275 - INFO -
| Epoch:    116 | Train loss: 0.0440 | Valid loss: 0.0984 | Train acc: 0.9831 | Valid acc: 0.9630 | patience:  72 | Epoch time: 36.9 |

2023-01-27 15:42:36,223 - INFO -
| Epoch:    117 | Train loss: 0.0442 | Valid loss: 0.0976 | Train acc: 0.9819 | Valid acc: 0.9617 | patience:  73 | Epoch time: 36.9 |

2023-01-27 15:43:13,150 - INFO -
| Epoch:    118 | Train loss: 0.0440 | Valid loss: 0.0989 | Train acc: 0.9829 | Valid acc: 0.9626 | patience:  74 | Epoch time: 36.9 |

2023-01-27 15:43:50,038 - INFO -
| Epoch:    119 | Train loss: 0.0449 | Valid loss: 0.0966 | Train acc: 0.9823 | Valid acc: 0.9629 | patience:  75 | Epoch time: 36.9 |

2023-01-27 15:44:26,941 - INFO -
| Epoch:    120 | Train loss: 0.0449 | Valid loss: 0.0958 | Train acc: 0.9820 | Valid acc: 0.9612 | patience:  76 | Epoch time: 36.9 |

2023-01-27 15:45:03,835 - INFO -
| Epoch:    121 | Train loss: 0.0435 | Valid loss: 0.0984 | Train acc: 0.9833 | Valid acc: 0.9622 | patience:  77 | Epoch time: 36.9 |

2023-01-27 15:45:40,708 - INFO -
| Epoch:    122 | Train loss: 0.0433 | Valid loss: 0.0988 | Train acc: 0.9831 | Valid acc: 0.9617 | patience:  78 | Epoch time: 36.9 |

2023-01-27 15:46:17,695 - INFO -
| Epoch:    123 | Train loss: 0.0436 | Valid loss: 0.0960 | Train acc: 0.9829 | Valid acc: 0.9613 | patience:  79 | Epoch time: 37.0 |

2023-01-27 15:46:54,706 - INFO -
| Epoch:    124 | Train loss: 0.0431 | Valid loss: 0.0966 | Train acc: 0.9828 | Valid acc: 0.9622 | patience:  80 | Epoch time: 37.0 |

2023-01-27 15:47:31,635 - INFO -
| Epoch:    125 | Train loss: 0.0427 | Valid loss: 0.0962 | Train acc: 0.9833 | Valid acc: 0.9627 | patience:  81 | Epoch time: 36.9 |

2023-01-27 15:48:08,539 - INFO -
| Epoch:    126 | Train loss: 0.0440 | Valid loss: 0.0963 | Train acc: 0.9818 | Valid acc: 0.9627 | patience:  82 | Epoch time: 36.9 |

2023-01-27 15:48:45,536 - INFO -
| Epoch:    127 | Train loss: 0.0444 | Valid loss: 0.0976 | Train acc: 0.9825 | Valid acc: 0.9616 | patience:  83 | Epoch time: 37.0 |

2023-01-27 15:49:22,392 - INFO -
| Epoch:    128 | Train loss: 0.0429 | Valid loss: 0.0952 | Train acc: 0.9825 | Valid acc: 0.9633 | patience:  84 | Epoch time: 36.9 |

2023-01-27 15:49:59,220 - INFO -
| Epoch:    129 | Train loss: 0.0417 | Valid loss: 0.0937 | Train acc: 0.9830 | Valid acc: 0.9632 | patience:  85 | Epoch time: 36.8 |

2023-01-27 15:50:36,068 - INFO -
| Epoch:    130 | Train loss: 0.0424 | Valid loss: 0.0958 | Train acc: 0.9829 | Valid acc: 0.9623 | patience:  86 | Epoch time: 36.8 |

2023-01-27 15:51:12,895 - INFO -
| Epoch:    131 | Train loss: 0.0430 | Valid loss: 0.0968 | Train acc: 0.9824 | Valid acc: 0.9617 | patience:  87 | Epoch time: 36.8 |

2023-01-27 15:51:49,725 - INFO -
| Epoch:    132 | Train loss: 0.0433 | Valid loss: 0.0969 | Train acc: 0.9827 | Valid acc: 0.9612 | patience:  88 | Epoch time: 36.8 |

2023-01-27 15:52:26,554 - INFO -
| Epoch:    133 | Train loss: 0.0449 | Valid loss: 0.0960 | Train acc: 0.9830 | Valid acc: 0.9604 | patience:  89 | Epoch time: 36.8 |

2023-01-27 15:53:03,419 - INFO -
| Epoch:    134 | Train loss: 0.0434 | Valid loss: 0.0990 | Train acc: 0.9818 | Valid acc: 0.9602 | patience:  90 | Epoch time: 36.9 |

2023-01-27 15:53:40,263 - INFO -
| Epoch:    135 | Train loss: 0.0451 | Valid loss: 0.1059 | Train acc: 0.9828 | Valid acc: 0.9602 | patience:  91 | Epoch time: 36.8 |

2023-01-27 15:54:17,119 - INFO -
| Epoch:    136 | Train loss: 0.0444 | Valid loss: 0.0979 | Train acc: 0.9831 | Valid acc: 0.9616 | patience:  92 | Epoch time: 36.9 |

2023-01-27 15:54:53,945 - INFO -
| Epoch:    137 | Train loss: 0.0416 | Valid loss: 0.0979 | Train acc: 0.9834 | Valid acc: 0.9612 | patience:  93 | Epoch time: 36.8 |

2023-01-27 15:55:30,772 - INFO -
| Epoch:    138 | Train loss: 0.0443 | Valid loss: 0.0974 | Train acc: 0.9835 | Valid acc: 0.9615 | patience:  94 | Epoch time: 36.8 |

2023-01-27 15:56:07,605 - INFO -
| Epoch:    139 | Train loss: 0.0438 | Valid loss: 0.0949 | Train acc: 0.9819 | Valid acc: 0.9631 | patience:  95 | Epoch time: 36.8 |

2023-01-27 15:56:44,430 - INFO -
| Epoch:    140 | Train loss: 0.0428 | Valid loss: 0.0977 | Train acc: 0.9825 | Valid acc: 0.9623 | patience:  96 | Epoch time: 36.8 |

2023-01-27 15:57:21,258 - INFO -
| Epoch:    141 | Train loss: 0.0436 | Valid loss: 0.0971 | Train acc: 0.9824 | Valid acc: 0.9623 | patience:  97 | Epoch time: 36.8 |

2023-01-27 15:57:58,087 - INFO -
| Epoch:    142 | Train loss: 0.0429 | Valid loss: 0.0948 | Train acc: 0.9823 | Valid acc: 0.9628 | patience:  98 | Epoch time: 36.8 |

2023-01-27 15:58:34,951 - INFO -
| Epoch:    143 | Train loss: 0.0427 | Valid loss: 0.0990 | Train acc: 0.9832 | Valid acc: 0.9611 | patience:  99 | Epoch time: 36.9 |

2023-01-27 15:59:11,784 - INFO -
| Epoch:    144 | Train loss: 0.0434 | Valid loss: 0.0989 | Train acc: 0.9824 | Valid acc: 0.9618 | patience: 100 | Epoch time: 36.8 |

2023-01-27 15:59:48,643 - INFO -
| Epoch:    145 | Train loss: 0.0433 | Valid loss: 0.0976 | Train acc: 0.9826 | Valid acc: 0.9602 | patience: 101 | Epoch time: 36.9 |

2023-01-27 16:00:25,473 - INFO -
| Epoch:    146 | Train loss: 0.0445 | Valid loss: 0.0967 | Train acc: 0.9837 | Valid acc: 0.9622 | patience: 102 | Epoch time: 36.8 |

2023-01-27 16:01:02,314 - INFO -
| Epoch:    147 | Train loss: 0.0426 | Valid loss: 0.0986 | Train acc: 0.9828 | Valid acc: 0.9627 | patience: 103 | Epoch time: 36.8 |

2023-01-27 16:01:39,240 - INFO -
| Epoch:    148 | Train loss: 0.0428 | Valid loss: 0.0999 | Train acc: 0.9835 | Valid acc: 0.9629 | patience: 104 | Epoch time: 36.9 |

2023-01-27 16:02:16,091 - INFO -
| Epoch:    149 | Train loss: 0.0435 | Valid loss: 0.0975 | Train acc: 0.9828 | Valid acc: 0.9624 | patience: 105 | Epoch time: 36.9 |

2023-01-27 16:02:52,925 - INFO -
| Epoch:    150 | Train loss: 0.0430 | Valid loss: 0.1006 | Train acc: 0.9838 | Valid acc: 0.9622 | patience: 106 | Epoch time: 36.8 |

2023-01-27 16:03:29,784 - INFO -
| Epoch:    151 | Train loss: 0.0425 | Valid loss: 0.0972 | Train acc: 0.9833 | Valid acc: 0.9621 | patience: 107 | Epoch time: 36.9 |

2023-01-27 16:04:06,615 - INFO -
| Epoch:    152 | Train loss: 0.0436 | Valid loss: 0.0979 | Train acc: 0.9833 | Valid acc: 0.9612 | patience: 108 | Epoch time: 36.8 |

2023-01-27 16:04:43,444 - INFO -
| Epoch:    153 | Train loss: 0.0418 | Valid loss: 0.0955 | Train acc: 0.9831 | Valid acc: 0.9616 | patience: 109 | Epoch time: 36.8 |

2023-01-27 16:05:20,265 - INFO -
| Epoch:    154 | Train loss: 0.0440 | Valid loss: 0.0983 | Train acc: 0.9825 | Valid acc: 0.9621 | patience: 110 | Epoch time: 36.8 |

2023-01-27 16:05:57,088 - INFO -
| Epoch:    155 | Train loss: 0.0429 | Valid loss: 0.0979 | Train acc: 0.9828 | Valid acc: 0.9587 | patience: 111 | Epoch time: 36.8 |

2023-01-27 16:06:33,921 - INFO -
| Epoch:    156 | Train loss: 0.0413 | Valid loss: 0.0999 | Train acc: 0.9823 | Valid acc: 0.9617 | patience: 112 | Epoch time: 36.8 |

2023-01-27 16:07:10,740 - INFO -
| Epoch:    157 | Train loss: 0.0425 | Valid loss: 0.1003 | Train acc: 0.9832 | Valid acc: 0.9611 | patience: 113 | Epoch time: 36.8 |

2023-01-27 16:07:47,564 - INFO -
| Epoch:    158 | Train loss: 0.0425 | Valid loss: 0.0983 | Train acc: 0.9830 | Valid acc: 0.9631 | patience: 114 | Epoch time: 36.8 |

2023-01-27 16:08:24,411 - INFO -
| Epoch:    159 | Train loss: 0.0436 | Valid loss: 0.0974 | Train acc: 0.9837 | Valid acc: 0.9625 | patience: 115 | Epoch time: 36.8 |

2023-01-27 16:09:01,226 - INFO -
| Epoch:    160 | Train loss: 0.0434 | Valid loss: 0.0990 | Train acc: 0.9835 | Valid acc: 0.9618 | patience: 116 | Epoch time: 36.8 |

2023-01-27 16:09:38,076 - INFO -
| Epoch:    161 | Train loss: 0.0423 | Valid loss: 0.0967 | Train acc: 0.9836 | Valid acc: 0.9627 | patience: 117 | Epoch time: 36.9 |

2023-01-27 16:10:14,923 - INFO -
| Epoch:    162 | Train loss: 0.0429 | Valid loss: 0.0997 | Train acc: 0.9829 | Valid acc: 0.9625 | patience: 118 | Epoch time: 36.8 |

2023-01-27 16:10:51,740 - INFO -
| Epoch:    163 | Train loss: 0.0424 | Valid loss: 0.0975 | Train acc: 0.9836 | Valid acc: 0.9605 | patience: 119 | Epoch time: 36.8 |

2023-01-27 16:11:28,593 - INFO -
| Epoch:    164 | Train loss: 0.0428 | Valid loss: 0.0993 | Train acc: 0.9843 | Valid acc: 0.9615 | patience: 120 | Epoch time: 36.9 |

2023-01-27 16:12:05,434 - INFO -
| Epoch:    165 | Train loss: 0.0428 | Valid loss: 0.0989 | Train acc: 0.9830 | Valid acc: 0.9606 | patience: 121 | Epoch time: 36.8 |

2023-01-27 16:12:42,258 - INFO -
| Epoch:    166 | Train loss: 0.0407 | Valid loss: 0.0969 | Train acc: 0.9834 | Valid acc: 0.9623 | patience: 122 | Epoch time: 36.8 |

2023-01-27 16:13:19,064 - INFO -
| Epoch:    167 | Train loss: 0.0430 | Valid loss: 0.0978 | Train acc: 0.9839 | Valid acc: 0.9622 | patience: 123 | Epoch time: 36.8 |

2023-01-27 16:13:55,931 - INFO -
| Epoch:    168 | Train loss: 0.0412 | Valid loss: 0.0995 | Train acc: 0.9822 | Valid acc: 0.9626 | patience: 124 | Epoch time: 36.9 |

2023-01-27 16:14:32,856 - INFO -
| Epoch:    169 | Train loss: 0.0436 | Valid loss: 0.0969 | Train acc: 0.9835 | Valid acc: 0.9636 | patience: 125 | Epoch time: 36.9 |

2023-01-27 16:15:09,691 - INFO -
| Epoch:    170 | Train loss: 0.0427 | Valid loss: 0.0982 | Train acc: 0.9826 | Valid acc: 0.9626 | patience: 126 | Epoch time: 36.8 |

2023-01-27 16:15:46,552 - INFO -
| Epoch:    171 | Train loss: 0.0424 | Valid loss: 0.0968 | Train acc: 0.9834 | Valid acc: 0.9633 | patience: 127 | Epoch time: 36.9 |

2023-01-27 16:16:23,410 - INFO -
| Epoch:    172 | Train loss: 0.0419 | Valid loss: 0.0969 | Train acc: 0.9835 | Valid acc: 0.9616 | patience: 128 | Epoch time: 36.9 |

2023-01-27 16:17:00,268 - INFO -
| Epoch:    173 | Train loss: 0.0433 | Valid loss: 0.1005 | Train acc: 0.9833 | Valid acc: 0.9625 | patience: 129 | Epoch time: 36.9 |

2023-01-27 16:17:37,153 - INFO -
| Epoch:    174 | Train loss: 0.0416 | Valid loss: 0.0986 | Train acc: 0.9836 | Valid acc: 0.9626 | patience: 130 | Epoch time: 36.9 |

2023-01-27 16:18:14,006 - INFO -
| Epoch:    175 | Train loss: 0.0414 | Valid loss: 0.0979 | Train acc: 0.9841 | Valid acc: 0.9616 | patience: 131 | Epoch time: 36.9 |

2023-01-27 16:18:50,867 - INFO -
| Epoch:    176 | Train loss: 0.0415 | Valid loss: 0.0992 | Train acc: 0.9830 | Valid acc: 0.9617 | patience: 132 | Epoch time: 36.9 |

2023-01-27 16:19:27,742 - INFO -
| Epoch:    177 | Train loss: 0.0424 | Valid loss: 0.0966 | Train acc: 0.9824 | Valid acc: 0.9628 | patience: 133 | Epoch time: 36.9 |

2023-01-27 16:20:04,589 - INFO -
| Epoch:    178 | Train loss: 0.0428 | Valid loss: 0.0985 | Train acc: 0.9837 | Valid acc: 0.9601 | patience: 134 | Epoch time: 36.8 |

2023-01-27 16:20:41,349 - INFO -
| Epoch:    179 | Train loss: 0.0425 | Valid loss: 0.1006 | Train acc: 0.9835 | Valid acc: 0.9619 | patience: 135 | Epoch time: 36.8 |

2023-01-27 16:21:18,353 - INFO -
| Epoch:    180 | Train loss: 0.0416 | Valid loss: 0.0983 | Train acc: 0.9834 | Valid acc: 0.9618 | patience: 136 | Epoch time: 37.0 |

2023-01-27 16:21:55,227 - INFO -
| Epoch:    181 | Train loss: 0.0410 | Valid loss: 0.0977 | Train acc: 0.9838 | Valid acc: 0.9609 | patience: 137 | Epoch time: 36.9 |

2023-01-27 16:22:32,069 - INFO -
| Epoch:    182 | Train loss: 0.0408 | Valid loss: 0.0953 | Train acc: 0.9835 | Valid acc: 0.9629 | patience: 138 | Epoch time: 36.8 |

2023-01-27 16:23:08,947 - INFO -
| Epoch:    183 | Train loss: 0.0409 | Valid loss: 0.0946 | Train acc: 0.9829 | Valid acc: 0.9622 | patience: 139 | Epoch time: 36.9 |

2023-01-27 16:23:45,838 - INFO -
| Epoch:    184 | Train loss: 0.0443 | Valid loss: 0.0947 | Train acc: 0.9841 | Valid acc: 0.9627 | patience: 140 | Epoch time: 36.9 |

2023-01-27 16:24:22,581 - INFO -
| Epoch:    185 | Train loss: 0.0425 | Valid loss: 0.0953 | Train acc: 0.9837 | Valid acc: 0.9623 | patience: 141 | Epoch time: 36.7 |

2023-01-27 16:24:59,417 - INFO -
| Epoch:    186 | Train loss: 0.0412 | Valid loss: 0.0976 | Train acc: 0.9838 | Valid acc: 0.9610 | patience: 142 | Epoch time: 36.8 |

2023-01-27 16:25:36,301 - INFO -
| Epoch:    187 | Train loss: 0.0425 | Valid loss: 0.0973 | Train acc: 0.9833 | Valid acc: 0.9619 | patience: 143 | Epoch time: 36.9 |

2023-01-27 16:26:13,113 - INFO -
| Epoch:    188 | Train loss: 0.0418 | Valid loss: 0.0991 | Train acc: 0.9838 | Valid acc: 0.9627 | patience: 144 | Epoch time: 36.8 |

2023-01-27 16:26:49,945 - INFO -
| Epoch:    189 | Train loss: 0.0415 | Valid loss: 0.0958 | Train acc: 0.9842 | Valid acc: 0.9632 | patience: 145 | Epoch time: 36.8 |

2023-01-27 16:27:26,787 - INFO -
| Epoch:    190 | Train loss: 0.0427 | Valid loss: 0.0979 | Train acc: 0.9826 | Valid acc: 0.9616 | patience: 146 | Epoch time: 36.8 |

2023-01-27 16:28:03,636 - INFO -
| Epoch:    191 | Train loss: 0.0415 | Valid loss: 0.0987 | Train acc: 0.9838 | Valid acc: 0.9604 | patience: 147 | Epoch time: 36.8 |

2023-01-27 16:28:40,497 - INFO -
| Epoch:    192 | Train loss: 0.0434 | Valid loss: 0.0995 | Train acc: 0.9829 | Valid acc: 0.9626 | patience: 148 | Epoch time: 36.9 |

2023-01-27 16:29:17,239 - INFO -
| Epoch:    193 | Train loss: 0.0413 | Valid loss: 0.0989 | Train acc: 0.9837 | Valid acc: 0.9621 | patience: 149 | Epoch time: 36.7 |

2023-01-27 16:29:53,996 - INFO -
| Epoch:    194 | Train loss: 0.0416 | Valid loss: 0.0989 | Train acc: 0.9831 | Valid acc: 0.9612 | patience: 150 | Epoch time: 36.8 |

2023-01-27 16:30:30,832 - INFO -
| Epoch:    195 | Train loss: 0.0407 | Valid loss: 0.0977 | Train acc: 0.9827 | Valid acc: 0.9630 | patience: 151 | Epoch time: 36.8 |

2023-01-27 16:31:07,689 - INFO -
| Epoch:    196 | Train loss: 0.0408 | Valid loss: 0.0980 | Train acc: 0.9837 | Valid acc: 0.9628 | patience: 152 | Epoch time: 36.9 |

2023-01-27 16:31:44,564 - INFO -
| Epoch:    197 | Train loss: 0.0422 | Valid loss: 0.0956 | Train acc: 0.9829 | Valid acc: 0.9619 | patience: 153 | Epoch time: 36.9 |

2023-01-27 16:32:21,356 - INFO -
| Epoch:    198 | Train loss: 0.0409 | Valid loss: 0.0953 | Train acc: 0.9849 | Valid acc: 0.9626 | patience: 154 | Epoch time: 36.8 |

2023-01-27 16:32:58,130 - INFO -
| Epoch:    199 | Train loss: 0.0421 | Valid loss: 0.0963 | Train acc: 0.9837 | Valid acc: 0.9619 | patience: 155 | Epoch time: 36.8 |

2023-01-27 16:33:34,954 - INFO -
| Epoch:    200 | Train loss: 0.0443 | Valid loss: 0.0955 | Train acc: 0.9837 | Valid acc: 0.9622 | patience: 156 | Epoch time: 36.8 |

2023-01-27 16:34:11,773 - INFO -
| Epoch:    201 | Train loss: 0.0424 | Valid loss: 0.0963 | Train acc: 0.9832 | Valid acc: 0.9611 | patience: 157 | Epoch time: 36.8 |

2023-01-27 16:34:48,612 - INFO -
| Epoch:    202 | Train loss: 0.0425 | Valid loss: 0.0976 | Train acc: 0.9833 | Valid acc: 0.9624 | patience: 158 | Epoch time: 36.8 |

2023-01-27 16:35:25,469 - INFO -
| Epoch:    203 | Train loss: 0.0430 | Valid loss: 0.0990 | Train acc: 0.9835 | Valid acc: 0.9612 | patience: 159 | Epoch time: 36.9 |

2023-01-27 16:36:02,328 - INFO -
| Epoch:    204 | Train loss: 0.0417 | Valid loss: 0.1004 | Train acc: 0.9841 | Valid acc: 0.9617 | patience: 160 | Epoch time: 36.9 |

2023-01-27 16:36:39,095 - INFO -
| Epoch:    205 | Train loss: 0.0417 | Valid loss: 0.0993 | Train acc: 0.9836 | Valid acc: 0.9629 | patience: 161 | Epoch time: 36.8 |

2023-01-27 16:37:15,928 - INFO -
| Epoch:    206 | Train loss: 0.0424 | Valid loss: 0.0970 | Train acc: 0.9836 | Valid acc: 0.9622 | patience: 162 | Epoch time: 36.8 |

2023-01-27 16:37:52,801 - INFO -
| Epoch:    207 | Train loss: 0.0419 | Valid loss: 0.0969 | Train acc: 0.9838 | Valid acc: 0.9611 | patience: 163 | Epoch time: 36.9 |

2023-01-27 16:38:29,740 - INFO -
| Epoch:    208 | Train loss: 0.0410 | Valid loss: 0.0988 | Train acc: 0.9831 | Valid acc: 0.9622 | patience: 164 | Epoch time: 36.9 |

2023-01-27 16:39:06,573 - INFO -
| Epoch:    209 | Train loss: 0.0410 | Valid loss: 0.0980 | Train acc: 0.9834 | Valid acc: 0.9618 | patience: 165 | Epoch time: 36.8 |

2023-01-27 16:39:43,432 - INFO -
| Epoch:    210 | Train loss: 0.0428 | Valid loss: 0.0991 | Train acc: 0.9836 | Valid acc: 0.9622 | patience: 166 | Epoch time: 36.9 |

2023-01-27 16:40:20,251 - INFO -
| Epoch:    211 | Train loss: 0.0419 | Valid loss: 0.0974 | Train acc: 0.9835 | Valid acc: 0.9628 | patience: 167 | Epoch time: 36.8 |

2023-01-27 16:40:56,985 - INFO -
| Epoch:    212 | Train loss: 0.0402 | Valid loss: 0.0964 | Train acc: 0.9841 | Valid acc: 0.9633 | patience: 168 | Epoch time: 36.7 |

2023-01-27 16:41:33,819 - INFO -
| Epoch:    213 | Train loss: 0.0405 | Valid loss: 0.0966 | Train acc: 0.9839 | Valid acc: 0.9627 | patience: 169 | Epoch time: 36.8 |

2023-01-27 16:42:10,648 - INFO -
| Epoch:    214 | Train loss: 0.0435 | Valid loss: 0.0963 | Train acc: 0.9839 | Valid acc: 0.9613 | patience: 170 | Epoch time: 36.8 |

2023-01-27 16:42:47,497 - INFO -
| Epoch:    215 | Train loss: 0.0415 | Valid loss: 0.0961 | Train acc: 0.9838 | Valid acc: 0.9628 | patience: 171 | Epoch time: 36.8 |

2023-01-27 16:43:24,865 - INFO -
| Epoch:    216 | Train loss: 0.0414 | Valid loss: 0.0968 | Train acc: 0.9833 | Valid acc: 0.9614 | patience: 172 | Epoch time: 37.4 |

2023-01-27 16:44:01,800 - INFO -
| Epoch:    217 | Train loss: 0.0416 | Valid loss: 0.0984 | Train acc: 0.9838 | Valid acc: 0.9620 | patience: 173 | Epoch time: 36.9 |

2023-01-27 16:44:38,656 - INFO -
| Epoch:    218 | Train loss: 0.0405 | Valid loss: 0.0961 | Train acc: 0.9829 | Valid acc: 0.9625 | patience: 174 | Epoch time: 36.9 |

2023-01-27 16:45:15,543 - INFO -
| Epoch:    219 | Train loss: 0.0420 | Valid loss: 0.0964 | Train acc: 0.9845 | Valid acc: 0.9629 | patience: 175 | Epoch time: 36.9 |

2023-01-27 16:45:52,414 - INFO -
| Epoch:    220 | Train loss: 0.0420 | Valid loss: 0.0986 | Train acc: 0.9834 | Valid acc: 0.9625 | patience: 176 | Epoch time: 36.9 |

2023-01-27 16:46:29,307 - INFO -
| Epoch:    221 | Train loss: 0.0415 | Valid loss: 0.0969 | Train acc: 0.9838 | Valid acc: 0.9624 | patience: 177 | Epoch time: 36.9 |

2023-01-27 16:47:06,162 - INFO -
| Epoch:    222 | Train loss: 0.0413 | Valid loss: 0.0962 | Train acc: 0.9842 | Valid acc: 0.9613 | patience: 178 | Epoch time: 36.9 |

2023-01-27 16:47:42,953 - INFO -
| Epoch:    223 | Train loss: 0.0408 | Valid loss: 0.0961 | Train acc: 0.9834 | Valid acc: 0.9614 | patience: 179 | Epoch time: 36.8 |

2023-01-27 16:48:19,824 - INFO -
| Epoch:    224 | Train loss: 0.0408 | Valid loss: 0.0988 | Train acc: 0.9839 | Valid acc: 0.9615 | patience: 180 | Epoch time: 36.9 |

2023-01-27 16:48:56,667 - INFO -
| Epoch:    225 | Train loss: 0.0401 | Valid loss: 0.0977 | Train acc: 0.9843 | Valid acc: 0.9613 | patience: 181 | Epoch time: 36.8 |

2023-01-27 16:49:33,518 - INFO -
| Epoch:    226 | Train loss: 0.0411 | Valid loss: 0.0997 | Train acc: 0.9835 | Valid acc: 0.9621 | patience: 182 | Epoch time: 36.9 |

2023-01-27 16:50:10,409 - INFO -
| Epoch:    227 | Train loss: 0.0412 | Valid loss: 0.0961 | Train acc: 0.9828 | Valid acc: 0.9629 | patience: 183 | Epoch time: 36.9 |

2023-01-27 16:50:47,330 - INFO -
| Epoch:    228 | Train loss: 0.0415 | Valid loss: 0.0970 | Train acc: 0.9831 | Valid acc: 0.9620 | patience: 184 | Epoch time: 36.9 |

2023-01-27 16:51:24,309 - INFO -
| Epoch:    229 | Train loss: 0.0406 | Valid loss: 0.0954 | Train acc: 0.9834 | Valid acc: 0.9613 | patience: 185 | Epoch time: 37.0 |

2023-01-27 16:52:01,173 - INFO -
| Epoch:    230 | Train loss: 0.0406 | Valid loss: 0.1002 | Train acc: 0.9843 | Valid acc: 0.9624 | patience: 186 | Epoch time: 36.9 |

2023-01-27 16:52:39,991 - INFO -
| Epoch:    231 | Train loss: 0.0417 | Valid loss: 0.0988 | Train acc: 0.9843 | Valid acc: 0.9625 | patience: 187 | Epoch time: 38.8 |

2023-01-27 16:53:16,864 - INFO -
| Epoch:    232 | Train loss: 0.0412 | Valid loss: 0.0956 | Train acc: 0.9848 | Valid acc: 0.9620 | patience: 188 | Epoch time: 36.9 |

2023-01-27 16:53:53,749 - INFO -
| Epoch:    233 | Train loss: 0.0425 | Valid loss: 0.0969 | Train acc: 0.9831 | Valid acc: 0.9613 | patience: 189 | Epoch time: 36.9 |

2023-01-27 16:54:30,611 - INFO -
| Epoch:    234 | Train loss: 0.0404 | Valid loss: 0.0984 | Train acc: 0.9835 | Valid acc: 0.9620 | patience: 190 | Epoch time: 36.9 |

2023-01-27 16:55:07,433 - INFO -
| Epoch:    235 | Train loss: 0.0403 | Valid loss: 0.0977 | Train acc: 0.9837 | Valid acc: 0.9618 | patience: 191 | Epoch time: 36.8 |

2023-01-27 16:55:44,285 - INFO -
| Epoch:    236 | Train loss: 0.0407 | Valid loss: 0.0991 | Train acc: 0.9842 | Valid acc: 0.9620 | patience: 192 | Epoch time: 36.9 |

2023-01-27 16:56:21,037 - INFO -
| Epoch:    237 | Train loss: 0.0423 | Valid loss: 0.0974 | Train acc: 0.9840 | Valid acc: 0.9628 | patience: 193 | Epoch time: 36.8 |

2023-01-27 16:56:57,859 - INFO -
| Epoch:    238 | Train loss: 0.0407 | Valid loss: 0.0964 | Train acc: 0.9837 | Valid acc: 0.9628 | patience: 194 | Epoch time: 36.8 |

2023-01-27 16:57:34,687 - INFO -
| Epoch:    239 | Train loss: 0.0408 | Valid loss: 0.0981 | Train acc: 0.9838 | Valid acc: 0.9621 | patience: 195 | Epoch time: 36.8 |

2023-01-27 16:58:11,558 - INFO -
| Epoch:    240 | Train loss: 0.0403 | Valid loss: 0.0969 | Train acc: 0.9841 | Valid acc: 0.9627 | patience: 196 | Epoch time: 36.9 |

2023-01-27 16:58:48,413 - INFO -
| Epoch:    241 | Train loss: 0.0411 | Valid loss: 0.0965 | Train acc: 0.9825 | Valid acc: 0.9629 | patience: 197 | Epoch time: 36.9 |

2023-01-27 16:59:25,275 - INFO -
| Epoch:    242 | Train loss: 0.0417 | Valid loss: 0.0963 | Train acc: 0.9829 | Valid acc: 0.9632 | patience: 198 | Epoch time: 36.9 |

2023-01-27 17:00:02,136 - INFO -
| Epoch:    243 | Train loss: 0.0418 | Valid loss: 0.0977 | Train acc: 0.9831 | Valid acc: 0.9623 | patience: 199 | Epoch time: 36.9 |

2023-01-27 17:00:38,920 - INFO -
| Epoch:    244 | Train loss: 0.0421 | Valid loss: 0.0950 | Train acc: 0.9832 | Valid acc: 0.9629 | patience: 200 | Epoch time: 36.8 |

2023-01-27 17:01:15,751 - INFO -
| Epoch:    245 | Train loss: 0.0407 | Valid loss: 0.0957 | Train acc: 0.9841 | Valid acc: 0.9624 | patience: 201 | Epoch time: 36.8 |

2023-01-27 17:01:52,491 - INFO -
| Epoch:    246 | Train loss: 0.0423 | Valid loss: 0.0964 | Train acc: 0.9838 | Valid acc: 0.9623 | patience: 202 | Epoch time: 36.7 |

2023-01-27 17:02:29,341 - INFO -
| Epoch:    247 | Train loss: 0.0412 | Valid loss: 0.0958 | Train acc: 0.9829 | Valid acc: 0.9610 | patience: 203 | Epoch time: 36.8 |

2023-01-27 17:03:06,125 - INFO -
| Epoch:    248 | Train loss: 0.0428 | Valid loss: 0.0981 | Train acc: 0.9847 | Valid acc: 0.9613 | patience: 204 | Epoch time: 36.8 |

2023-01-27 17:03:42,988 - INFO -
| Epoch:    249 | Train loss: 0.0404 | Valid loss: 0.0964 | Train acc: 0.9845 | Valid acc: 0.9616 | patience: 205 | Epoch time: 36.9 |

2023-01-27 17:04:19,853 - INFO -
| Epoch:    250 | Train loss: 0.0411 | Valid loss: 0.0979 | Train acc: 0.9837 | Valid acc: 0.9616 | patience: 206 | Epoch time: 36.9 |

2023-01-27 17:04:56,707 - INFO -
| Epoch:    251 | Train loss: 0.0421 | Valid loss: 0.0982 | Train acc: 0.9840 | Valid acc: 0.9607 | patience: 207 | Epoch time: 36.9 |

2023-01-27 17:05:33,563 - INFO -
| Epoch:    252 | Train loss: 0.0410 | Valid loss: 0.0988 | Train acc: 0.9843 | Valid acc: 0.9612 | patience: 208 | Epoch time: 36.9 |

2023-01-27 17:06:10,351 - INFO -
| Epoch:    253 | Train loss: 0.0407 | Valid loss: 0.0972 | Train acc: 0.9841 | Valid acc: 0.9615 | patience: 209 | Epoch time: 36.8 |

2023-01-27 17:06:47,197 - INFO -
| Epoch:    254 | Train loss: 0.0419 | Valid loss: 0.0993 | Train acc: 0.9838 | Valid acc: 0.9630 | patience: 210 | Epoch time: 36.8 |

2023-01-27 17:07:24,025 - INFO -
| Epoch:    255 | Train loss: 0.0425 | Valid loss: 0.0958 | Train acc: 0.9837 | Valid acc: 0.9624 | patience: 211 | Epoch time: 36.8 |

2023-01-27 17:08:00,823 - INFO -
| Epoch:    256 | Train loss: 0.0420 | Valid loss: 0.0966 | Train acc: 0.9839 | Valid acc: 0.9622 | patience: 212 | Epoch time: 36.8 |

2023-01-27 17:08:37,525 - INFO -
| Epoch:    257 | Train loss: 0.0407 | Valid loss: 0.0999 | Train acc: 0.9836 | Valid acc: 0.9614 | patience: 213 | Epoch time: 36.7 |

2023-01-27 17:09:14,236 - INFO -
| Epoch:    258 | Train loss: 0.0420 | Valid loss: 0.0991 | Train acc: 0.9846 | Valid acc: 0.9622 | patience: 214 | Epoch time: 36.7 |

2023-01-27 17:09:50,990 - INFO -
| Epoch:    259 | Train loss: 0.0409 | Valid loss: 0.0990 | Train acc: 0.9839 | Valid acc: 0.9615 | patience: 215 | Epoch time: 36.8 |

2023-01-27 17:10:27,730 - INFO -
| Epoch:    260 | Train loss: 0.0408 | Valid loss: 0.0992 | Train acc: 0.9829 | Valid acc: 0.9616 | patience: 216 | Epoch time: 36.7 |

2023-01-27 17:11:04,460 - INFO -
| Epoch:    261 | Train loss: 0.0418 | Valid loss: 0.0988 | Train acc: 0.9830 | Valid acc: 0.9623 | patience: 217 | Epoch time: 36.7 |

2023-01-27 17:11:41,168 - INFO -
| Epoch:    262 | Train loss: 0.0417 | Valid loss: 0.0995 | Train acc: 0.9838 | Valid acc: 0.9618 | patience: 218 | Epoch time: 36.7 |

2023-01-27 17:12:17,890 - INFO -
| Epoch:    263 | Train loss: 0.0407 | Valid loss: 0.0991 | Train acc: 0.9837 | Valid acc: 0.9626 | patience: 219 | Epoch time: 36.7 |

2023-01-27 17:12:54,613 - INFO -
| Epoch:    264 | Train loss: 0.0418 | Valid loss: 0.0985 | Train acc: 0.9834 | Valid acc: 0.9605 | patience: 220 | Epoch time: 36.7 |

2023-01-27 17:13:31,324 - INFO -
| Epoch:    265 | Train loss: 0.0413 | Valid loss: 0.0969 | Train acc: 0.9840 | Valid acc: 0.9617 | patience: 221 | Epoch time: 36.7 |

2023-01-27 17:14:08,059 - INFO -
| Epoch:    266 | Train loss: 0.0406 | Valid loss: 0.0978 | Train acc: 0.9846 | Valid acc: 0.9612 | patience: 222 | Epoch time: 36.7 |

2023-01-27 17:14:44,840 - INFO -
| Epoch:    267 | Train loss: 0.0403 | Valid loss: 0.0966 | Train acc: 0.9845 | Valid acc: 0.9626 | patience: 223 | Epoch time: 36.8 |

2023-01-27 17:15:21,730 - INFO -
| Epoch:    268 | Train loss: 0.0407 | Valid loss: 0.0954 | Train acc: 0.9843 | Valid acc: 0.9625 | patience: 224 | Epoch time: 36.8 |

2023-01-27 17:15:58,474 - INFO -
| Epoch:    269 | Train loss: 0.0424 | Valid loss: 0.0969 | Train acc: 0.9839 | Valid acc: 0.9625 | patience: 225 | Epoch time: 36.7 |

2023-01-27 17:16:35,198 - INFO -
| Epoch:    270 | Train loss: 0.0423 | Valid loss: 0.0967 | Train acc: 0.9842 | Valid acc: 0.9629 | patience: 226 | Epoch time: 36.7 |

2023-01-27 17:17:11,938 - INFO -
| Epoch:    271 | Train loss: 0.0411 | Valid loss: 0.0956 | Train acc: 0.9842 | Valid acc: 0.9627 | patience: 227 | Epoch time: 36.7 |

2023-01-27 17:17:48,720 - INFO -
| Epoch:    272 | Train loss: 0.0411 | Valid loss: 0.0961 | Train acc: 0.9840 | Valid acc: 0.9626 | patience: 228 | Epoch time: 36.7 |

2023-01-27 17:18:25,464 - INFO -
| Epoch:    273 | Train loss: 0.0411 | Valid loss: 0.0995 | Train acc: 0.9843 | Valid acc: 0.9618 | patience: 229 | Epoch time: 36.7 |

2023-01-27 17:19:02,214 - INFO -
| Epoch:    274 | Train loss: 0.0415 | Valid loss: 0.0970 | Train acc: 0.9838 | Valid acc: 0.9623 | patience: 230 | Epoch time: 36.7 |

2023-01-27 17:19:38,942 - INFO -
| Epoch:    275 | Train loss: 0.0411 | Valid loss: 0.1015 | Train acc: 0.9846 | Valid acc: 0.9612 | patience: 231 | Epoch time: 36.7 |

2023-01-27 17:20:15,677 - INFO -
| Epoch:    276 | Train loss: 0.0401 | Valid loss: 0.0983 | Train acc: 0.9843 | Valid acc: 0.9609 | patience: 232 | Epoch time: 36.7 |

2023-01-27 17:20:52,416 - INFO -
| Epoch:    277 | Train loss: 0.0404 | Valid loss: 0.0973 | Train acc: 0.9842 | Valid acc: 0.9614 | patience: 233 | Epoch time: 36.7 |

2023-01-27 17:21:29,161 - INFO -
| Epoch:    278 | Train loss: 0.0412 | Valid loss: 0.0980 | Train acc: 0.9838 | Valid acc: 0.9633 | patience: 234 | Epoch time: 36.7 |

2023-01-27 17:22:05,896 - INFO -
| Epoch:    279 | Train loss: 0.0407 | Valid loss: 0.0950 | Train acc: 0.9844 | Valid acc: 0.9635 | patience: 235 | Epoch time: 36.7 |

2023-01-27 17:22:42,616 - INFO -
| Epoch:    280 | Train loss: 0.0411 | Valid loss: 0.0955 | Train acc: 0.9840 | Valid acc: 0.9636 | patience: 236 | Epoch time: 36.7 |

2023-01-27 17:23:19,369 - INFO -
| Epoch:    281 | Train loss: 0.0418 | Valid loss: 0.0968 | Train acc: 0.9844 | Valid acc: 0.9624 | patience: 237 | Epoch time: 36.7 |

2023-01-27 17:23:56,126 - INFO -
| Epoch:    282 | Train loss: 0.0405 | Valid loss: 0.0964 | Train acc: 0.9840 | Valid acc: 0.9622 | patience: 238 | Epoch time: 36.7 |

2023-01-27 17:24:32,881 - INFO -
| Epoch:    283 | Train loss: 0.0407 | Valid loss: 0.0975 | Train acc: 0.9845 | Valid acc: 0.9617 | patience: 239 | Epoch time: 36.7 |

2023-01-27 17:25:09,647 - INFO -
| Epoch:    284 | Train loss: 0.0405 | Valid loss: 0.0983 | Train acc: 0.9843 | Valid acc: 0.9615 | patience: 240 | Epoch time: 36.7 |

2023-01-27 17:25:46,380 - INFO -
| Epoch:    285 | Train loss: 0.0417 | Valid loss: 0.0986 | Train acc: 0.9846 | Valid acc: 0.9622 | patience: 241 | Epoch time: 36.7 |

2023-01-27 17:26:23,153 - INFO -
| Epoch:    286 | Train loss: 0.0414 | Valid loss: 0.0990 | Train acc: 0.9837 | Valid acc: 0.9616 | patience: 242 | Epoch time: 36.8 |

2023-01-27 17:26:59,919 - INFO -
| Epoch:    287 | Train loss: 0.0406 | Valid loss: 0.0983 | Train acc: 0.9845 | Valid acc: 0.9625 | patience: 243 | Epoch time: 36.8 |

2023-01-27 17:27:36,657 - INFO -
| Epoch:    288 | Train loss: 0.0403 | Valid loss: 0.0983 | Train acc: 0.9834 | Valid acc: 0.9608 | patience: 244 | Epoch time: 36.7 |

2023-01-27 17:28:13,484 - INFO -
| Epoch:    289 | Train loss: 0.0403 | Valid loss: 0.0989 | Train acc: 0.9834 | Valid acc: 0.9617 | patience: 245 | Epoch time: 36.8 |

2023-01-27 17:28:50,211 - INFO -
| Epoch:    290 | Train loss: 0.0409 | Valid loss: 0.0984 | Train acc: 0.9843 | Valid acc: 0.9620 | patience: 246 | Epoch time: 36.7 |

2023-01-27 17:29:26,957 - INFO -
| Epoch:    291 | Train loss: 0.0413 | Valid loss: 0.0970 | Train acc: 0.9838 | Valid acc: 0.9629 | patience: 247 | Epoch time: 36.7 |

2023-01-27 17:30:03,711 - INFO -
| Epoch:    292 | Train loss: 0.0408 | Valid loss: 0.0972 | Train acc: 0.9834 | Valid acc: 0.9622 | patience: 248 | Epoch time: 36.8 |

2023-01-27 17:30:40,454 - INFO -
| Epoch:    293 | Train loss: 0.0411 | Valid loss: 0.0962 | Train acc: 0.9843 | Valid acc: 0.9630 | patience: 249 | Epoch time: 36.7 |

2023-01-27 17:31:17,194 - INFO -
| Epoch:    294 | Train loss: 0.0414 | Valid loss: 0.0974 | Train acc: 0.9844 | Valid acc: 0.9629 | patience: 250 | Epoch time: 36.7 |

2023-01-27 17:31:53,887 - INFO -
| Epoch:    295 | Train loss: 0.0396 | Valid loss: 0.0998 | Train acc: 0.9847 | Valid acc: 0.9632 | patience: 251 | Epoch time: 36.7 |

2023-01-27 17:32:30,627 - INFO -
| Epoch:    296 | Train loss: 0.0401 | Valid loss: 0.0977 | Train acc: 0.9834 | Valid acc: 0.9609 | patience: 252 | Epoch time: 36.7 |

2023-01-27 17:33:07,403 - INFO -
| Epoch:    297 | Train loss: 0.0397 | Valid loss: 0.0978 | Train acc: 0.9842 | Valid acc: 0.9600 | patience: 253 | Epoch time: 36.8 |

2023-01-27 17:33:44,146 - INFO -
| Epoch:    298 | Train loss: 0.0404 | Valid loss: 0.0974 | Train acc: 0.9838 | Valid acc: 0.9621 | patience: 254 | Epoch time: 36.7 |

2023-01-27 17:34:20,888 - INFO -
| Epoch:    299 | Train loss: 0.0416 | Valid loss: 0.0996 | Train acc: 0.9845 | Valid acc: 0.9628 | patience: 255 | Epoch time: 36.7 |

2023-01-27 17:34:57,664 - INFO -
| Epoch:    300 | Train loss: 0.0409 | Valid loss: 0.0975 | Train acc: 0.9837 | Valid acc: 0.9627 | patience: 256 | Epoch time: 36.8 |

2023-01-27 17:35:35,769 - INFO -
| Epoch:    301 | Train loss: 0.0417 | Valid loss: 0.0963 | Train acc: 0.9840 | Valid acc: 0.9631 | patience: 257 | Epoch time: 38.1 |

2023-01-27 17:36:12,495 - INFO -
| Epoch:    302 | Train loss: 0.0407 | Valid loss: 0.0974 | Train acc: 0.9840 | Valid acc: 0.9633 | patience: 258 | Epoch time: 36.7 |

2023-01-27 17:36:49,214 - INFO -
| Epoch:    303 | Train loss: 0.0398 | Valid loss: 0.0961 | Train acc: 0.9844 | Valid acc: 0.9631 | patience: 259 | Epoch time: 36.7 |

2023-01-27 17:37:25,969 - INFO -
| Epoch:    304 | Train loss: 0.0405 | Valid loss: 0.0968 | Train acc: 0.9845 | Valid acc: 0.9629 | patience: 260 | Epoch time: 36.8 |

2023-01-27 17:38:02,683 - INFO -
| Epoch:    305 | Train loss: 0.0402 | Valid loss: 0.0975 | Train acc: 0.9845 | Valid acc: 0.9634 | patience: 261 | Epoch time: 36.7 |

2023-01-27 17:38:39,391 - INFO -
| Epoch:    306 | Train loss: 0.0405 | Valid loss: 0.0987 | Train acc: 0.9846 | Valid acc: 0.9624 | patience: 262 | Epoch time: 36.7 |

2023-01-27 17:39:16,127 - INFO -
| Epoch:    307 | Train loss: 0.0406 | Valid loss: 0.0969 | Train acc: 0.9848 | Valid acc: 0.9625 | patience: 263 | Epoch time: 36.7 |

2023-01-27 17:39:52,872 - INFO -
| Epoch:    308 | Train loss: 0.0408 | Valid loss: 0.0992 | Train acc: 0.9836 | Valid acc: 0.9629 | patience: 264 | Epoch time: 36.7 |

2023-01-27 17:40:29,632 - INFO -
| Epoch:    309 | Train loss: 0.0413 | Valid loss: 0.0997 | Train acc: 0.9848 | Valid acc: 0.9623 | patience: 265 | Epoch time: 36.8 |

2023-01-27 17:41:06,374 - INFO -
| Epoch:    310 | Train loss: 0.0408 | Valid loss: 0.1021 | Train acc: 0.9844 | Valid acc: 0.9609 | patience: 266 | Epoch time: 36.7 |

2023-01-27 17:41:43,069 - INFO -
| Epoch:    311 | Train loss: 0.0412 | Valid loss: 0.0994 | Train acc: 0.9837 | Valid acc: 0.9603 | patience: 267 | Epoch time: 36.7 |

2023-01-27 17:42:19,796 - INFO -
| Epoch:    312 | Train loss: 0.0403 | Valid loss: 0.1006 | Train acc: 0.9827 | Valid acc: 0.9622 | patience: 268 | Epoch time: 36.7 |

2023-01-27 17:42:56,506 - INFO -
| Epoch:    313 | Train loss: 0.0409 | Valid loss: 0.0975 | Train acc: 0.9840 | Valid acc: 0.9621 | patience: 269 | Epoch time: 36.7 |

2023-01-27 17:43:33,236 - INFO -
| Epoch:    314 | Train loss: 0.0405 | Valid loss: 0.0960 | Train acc: 0.9847 | Valid acc: 0.9628 | patience: 270 | Epoch time: 36.7 |

2023-01-27 17:44:09,963 - INFO -
| Epoch:    315 | Train loss: 0.0405 | Valid loss: 0.0948 | Train acc: 0.9848 | Valid acc: 0.9628 | patience: 271 | Epoch time: 36.7 |

2023-01-27 17:44:46,668 - INFO -
| Epoch:    316 | Train loss: 0.0407 | Valid loss: 0.0954 | Train acc: 0.9843 | Valid acc: 0.9628 | patience: 272 | Epoch time: 36.7 |

2023-01-27 17:45:23,391 - INFO -
| Epoch:    317 | Train loss: 0.0417 | Valid loss: 0.0944 | Train acc: 0.9843 | Valid acc: 0.9631 | patience: 273 | Epoch time: 36.7 |

2023-01-27 17:46:00,103 - INFO -
| Epoch:    318 | Train loss: 0.0404 | Valid loss: 0.0954 | Train acc: 0.9844 | Valid acc: 0.9628 | patience: 274 | Epoch time: 36.7 |

2023-01-27 17:46:36,800 - INFO -
| Epoch:    319 | Train loss: 0.0403 | Valid loss: 0.0960 | Train acc: 0.9833 | Valid acc: 0.9629 | patience: 275 | Epoch time: 36.7 |

2023-01-27 17:47:13,541 - INFO -
| Epoch:    320 | Train loss: 0.0402 | Valid loss: 0.0974 | Train acc: 0.9844 | Valid acc: 0.9631 | patience: 276 | Epoch time: 36.7 |

2023-01-27 17:47:50,263 - INFO -
| Epoch:    321 | Train loss: 0.0403 | Valid loss: 0.0973 | Train acc: 0.9836 | Valid acc: 0.9621 | patience: 277 | Epoch time: 36.7 |

2023-01-27 17:48:27,013 - INFO -
| Epoch:    322 | Train loss: 0.0398 | Valid loss: 0.0975 | Train acc: 0.9842 | Valid acc: 0.9623 | patience: 278 | Epoch time: 36.7 |

2023-01-27 17:49:03,741 - INFO -
| Epoch:    323 | Train loss: 0.0406 | Valid loss: 0.0979 | Train acc: 0.9844 | Valid acc: 0.9621 | patience: 279 | Epoch time: 36.7 |

2023-01-27 17:49:40,490 - INFO -
| Epoch:    324 | Train loss: 0.0394 | Valid loss: 0.0990 | Train acc: 0.9842 | Valid acc: 0.9615 | patience: 280 | Epoch time: 36.7 |

2023-01-27 17:50:17,232 - INFO -
| Epoch:    325 | Train loss: 0.0404 | Valid loss: 0.0965 | Train acc: 0.9840 | Valid acc: 0.9629 | patience: 281 | Epoch time: 36.7 |

2023-01-27 17:50:53,929 - INFO -
| Epoch:    326 | Train loss: 0.0408 | Valid loss: 0.0983 | Train acc: 0.9848 | Valid acc: 0.9620 | patience: 282 | Epoch time: 36.7 |

2023-01-27 17:51:30,665 - INFO -
| Epoch:    327 | Train loss: 0.0391 | Valid loss: 0.0982 | Train acc: 0.9845 | Valid acc: 0.9622 | patience: 283 | Epoch time: 36.7 |

2023-01-27 17:52:07,453 - INFO -
| Epoch:    328 | Train loss: 0.0401 | Valid loss: 0.0967 | Train acc: 0.9838 | Valid acc: 0.9628 | patience: 284 | Epoch time: 36.8 |

2023-01-27 17:52:44,157 - INFO -
| Epoch:    329 | Train loss: 0.0410 | Valid loss: 0.0977 | Train acc: 0.9838 | Valid acc: 0.9616 | patience: 285 | Epoch time: 36.7 |

2023-01-27 17:53:21,512 - INFO -
| Epoch:    330 | Train loss: 0.0402 | Valid loss: 0.0960 | Train acc: 0.9837 | Valid acc: 0.9627 | patience: 286 | Epoch time: 37.4 |

2023-01-27 17:53:58,251 - INFO -
| Epoch:    331 | Train loss: 0.0396 | Valid loss: 0.0967 | Train acc: 0.9844 | Valid acc: 0.9627 | patience: 287 | Epoch time: 36.7 |

2023-01-27 17:54:34,984 - INFO -
| Epoch:    332 | Train loss: 0.0402 | Valid loss: 0.0990 | Train acc: 0.9840 | Valid acc: 0.9625 | patience: 288 | Epoch time: 36.7 |

2023-01-27 17:55:11,733 - INFO -
| Epoch:    333 | Train loss: 0.0407 | Valid loss: 0.0962 | Train acc: 0.9846 | Valid acc: 0.9626 | patience: 289 | Epoch time: 36.7 |

2023-01-27 17:55:48,472 - INFO -
| Epoch:    334 | Train loss: 0.0401 | Valid loss: 0.0964 | Train acc: 0.9839 | Valid acc: 0.9621 | patience: 290 | Epoch time: 36.7 |

2023-01-27 17:56:25,200 - INFO -
| Epoch:    335 | Train loss: 0.0397 | Valid loss: 0.0973 | Train acc: 0.9840 | Valid acc: 0.9619 | patience: 291 | Epoch time: 36.7 |

2023-01-27 17:57:01,935 - INFO -
| Epoch:    336 | Train loss: 0.0406 | Valid loss: 0.0991 | Train acc: 0.9842 | Valid acc: 0.9619 | patience: 292 | Epoch time: 36.7 |

2023-01-27 17:57:38,654 - INFO -
| Epoch:    337 | Train loss: 0.0403 | Valid loss: 0.0980 | Train acc: 0.9838 | Valid acc: 0.9623 | patience: 293 | Epoch time: 36.7 |

2023-01-27 17:58:15,348 - INFO -
| Epoch:    338 | Train loss: 0.0396 | Valid loss: 0.0976 | Train acc: 0.9841 | Valid acc: 0.9624 | patience: 294 | Epoch time: 36.7 |

2023-01-27 17:58:52,040 - INFO -
| Epoch:    339 | Train loss: 0.0400 | Valid loss: 0.0972 | Train acc: 0.9841 | Valid acc: 0.9621 | patience: 295 | Epoch time: 36.7 |

2023-01-27 17:59:28,750 - INFO -
| Epoch:    340 | Train loss: 0.0400 | Valid loss: 0.0973 | Train acc: 0.9846 | Valid acc: 0.9625 | patience: 296 | Epoch time: 36.7 |

2023-01-27 18:00:05,451 - INFO -
| Epoch:    341 | Train loss: 0.0396 | Valid loss: 0.0972 | Train acc: 0.9840 | Valid acc: 0.9619 | patience: 297 | Epoch time: 36.7 |

2023-01-27 18:00:42,209 - INFO -
| Epoch:    342 | Train loss: 0.0397 | Valid loss: 0.0982 | Train acc: 0.9849 | Valid acc: 0.9626 | patience: 298 | Epoch time: 36.8 |

2023-01-27 18:01:18,929 - INFO -
| Epoch:    343 | Train loss: 0.0423 | Valid loss: 0.0969 | Train acc: 0.9838 | Valid acc: 0.9626 | patience: 299 | Epoch time: 36.7 |

2023-01-27 18:01:55,645 - INFO -
| Epoch:    344 | Train loss: 0.0407 | Valid loss: 0.0981 | Train acc: 0.9835 | Valid acc: 0.9615 | patience: 300 | Epoch time: 36.7 |

2023-01-27 18:02:32,350 - INFO -
| Epoch:    345 | Train loss: 0.0394 | Valid loss: 0.0983 | Train acc: 0.9842 | Valid acc: 0.9623 | patience: 301 | Epoch time: 36.7 |

2023-01-27 18:03:09,080 - INFO -
| Epoch:    346 | Train loss: 0.0410 | Valid loss: 0.0985 | Train acc: 0.9843 | Valid acc: 0.9617 | patience: 302 | Epoch time: 36.7 |

2023-01-27 18:03:45,812 - INFO -
| Epoch:    347 | Train loss: 0.0405 | Valid loss: 0.0977 | Train acc: 0.9844 | Valid acc: 0.9624 | patience: 303 | Epoch time: 36.7 |

2023-01-27 18:04:22,553 - INFO -
| Epoch:    348 | Train loss: 0.0403 | Valid loss: 0.0979 | Train acc: 0.9845 | Valid acc: 0.9618 | patience: 304 | Epoch time: 36.7 |

2023-01-27 18:04:59,329 - INFO -
| Epoch:    349 | Train loss: 0.0410 | Valid loss: 0.0974 | Train acc: 0.9846 | Valid acc: 0.9624 | patience: 305 | Epoch time: 36.8 |

2023-01-27 18:05:36,055 - INFO -
| Epoch:    350 | Train loss: 0.0403 | Valid loss: 0.0962 | Train acc: 0.9847 | Valid acc: 0.9624 | patience: 306 | Epoch time: 36.7 |

2023-01-27 18:06:12,751 - INFO -
| Epoch:    351 | Train loss: 0.0397 | Valid loss: 0.0975 | Train acc: 0.9836 | Valid acc: 0.9631 | patience: 307 | Epoch time: 36.7 |

2023-01-27 18:06:49,436 - INFO -
| Epoch:    352 | Train loss: 0.0396 | Valid loss: 0.0960 | Train acc: 0.9846 | Valid acc: 0.9636 | patience: 308 | Epoch time: 36.7 |

2023-01-27 18:07:26,157 - INFO -
| Epoch:    353 | Train loss: 0.0401 | Valid loss: 0.0962 | Train acc: 0.9841 | Valid acc: 0.9628 | patience: 309 | Epoch time: 36.7 |

2023-01-27 18:08:02,862 - INFO -
| Epoch:    354 | Train loss: 0.0411 | Valid loss: 0.0955 | Train acc: 0.9844 | Valid acc: 0.9619 | patience: 310 | Epoch time: 36.7 |

2023-01-27 18:08:39,569 - INFO -
| Epoch:    355 | Train loss: 0.0403 | Valid loss: 0.0963 | Train acc: 0.9840 | Valid acc: 0.9622 | patience: 311 | Epoch time: 36.7 |

2023-01-27 18:09:16,275 - INFO -
| Epoch:    356 | Train loss: 0.0400 | Valid loss: 0.0956 | Train acc: 0.9841 | Valid acc: 0.9623 | patience: 312 | Epoch time: 36.7 |

2023-01-27 18:09:52,970 - INFO -
| Epoch:    357 | Train loss: 0.0397 | Valid loss: 0.0983 | Train acc: 0.9847 | Valid acc: 0.9621 | patience: 313 | Epoch time: 36.7 |

2023-01-27 18:10:29,668 - INFO -
| Epoch:    358 | Train loss: 0.0399 | Valid loss: 0.1017 | Train acc: 0.9845 | Valid acc: 0.9612 | patience: 314 | Epoch time: 36.7 |

2023-01-27 18:11:06,397 - INFO -
| Epoch:    359 | Train loss: 0.0423 | Valid loss: 0.0995 | Train acc: 0.9846 | Valid acc: 0.9614 | patience: 315 | Epoch time: 36.7 |

2023-01-27 18:11:43,103 - INFO -
| Epoch:    360 | Train loss: 0.0398 | Valid loss: 0.1013 | Train acc: 0.9843 | Valid acc: 0.9616 | patience: 316 | Epoch time: 36.7 |

2023-01-27 18:12:19,808 - INFO -
| Epoch:    361 | Train loss: 0.0401 | Valid loss: 0.1020 | Train acc: 0.9839 | Valid acc: 0.9603 | patience: 317 | Epoch time: 36.7 |

2023-01-27 18:12:56,525 - INFO -
| Epoch:    362 | Train loss: 0.0402 | Valid loss: 0.1006 | Train acc: 0.9843 | Valid acc: 0.9620 | patience: 318 | Epoch time: 36.7 |

2023-01-27 18:13:33,349 - INFO -
| Epoch:    363 | Train loss: 0.0408 | Valid loss: 0.0974 | Train acc: 0.9845 | Valid acc: 0.9614 | patience: 319 | Epoch time: 36.8 |

2023-01-27 18:14:10,087 - INFO -
| Epoch:    364 | Train loss: 0.0400 | Valid loss: 0.0990 | Train acc: 0.9843 | Valid acc: 0.9625 | patience: 320 | Epoch time: 36.7 |

2023-01-27 18:14:46,810 - INFO -
| Epoch:    365 | Train loss: 0.0401 | Valid loss: 0.0956 | Train acc: 0.9842 | Valid acc: 0.9628 | patience: 321 | Epoch time: 36.7 |

2023-01-27 18:15:23,506 - INFO -
| Epoch:    366 | Train loss: 0.0392 | Valid loss: 0.0950 | Train acc: 0.9847 | Valid acc: 0.9626 | patience: 322 | Epoch time: 36.7 |

2023-01-27 18:16:00,246 - INFO -
| Epoch:    367 | Train loss: 0.0414 | Valid loss: 0.0951 | Train acc: 0.9842 | Valid acc: 0.9633 | patience: 323 | Epoch time: 36.7 |

2023-01-27 18:16:36,938 - INFO -
| Epoch:    368 | Train loss: 0.0403 | Valid loss: 0.0959 | Train acc: 0.9835 | Valid acc: 0.9628 | patience: 324 | Epoch time: 36.7 |

2023-01-27 18:17:13,642 - INFO -
| Epoch:    369 | Train loss: 0.0407 | Valid loss: 0.0957 | Train acc: 0.9842 | Valid acc: 0.9634 | patience: 325 | Epoch time: 36.7 |

2023-01-27 18:17:50,339 - INFO -
| Epoch:    370 | Train loss: 0.0414 | Valid loss: 0.0968 | Train acc: 0.9848 | Valid acc: 0.9627 | patience: 326 | Epoch time: 36.7 |

2023-01-27 18:18:27,047 - INFO -
| Epoch:    371 | Train loss: 0.0400 | Valid loss: 0.0970 | Train acc: 0.9847 | Valid acc: 0.9630 | patience: 327 | Epoch time: 36.7 |

2023-01-27 18:19:03,774 - INFO -
| Epoch:    372 | Train loss: 0.0397 | Valid loss: 0.0986 | Train acc: 0.9843 | Valid acc: 0.9626 | patience: 328 | Epoch time: 36.7 |

2023-01-27 18:19:40,477 - INFO -
| Epoch:    373 | Train loss: 0.0395 | Valid loss: 0.1001 | Train acc: 0.9846 | Valid acc: 0.9618 | patience: 329 | Epoch time: 36.7 |

2023-01-27 18:20:17,171 - INFO -
| Epoch:    374 | Train loss: 0.0403 | Valid loss: 0.0993 | Train acc: 0.9841 | Valid acc: 0.9622 | patience: 330 | Epoch time: 36.7 |

2023-01-27 18:20:53,862 - INFO -
| Epoch:    375 | Train loss: 0.0399 | Valid loss: 0.0992 | Train acc: 0.9846 | Valid acc: 0.9623 | patience: 331 | Epoch time: 36.7 |

2023-01-27 18:21:30,580 - INFO -
| Epoch:    376 | Train loss: 0.0415 | Valid loss: 0.0975 | Train acc: 0.9845 | Valid acc: 0.9620 | patience: 332 | Epoch time: 36.7 |

2023-01-27 18:22:07,291 - INFO -
| Epoch:    377 | Train loss: 0.0398 | Valid loss: 0.0967 | Train acc: 0.9847 | Valid acc: 0.9632 | patience: 333 | Epoch time: 36.7 |

2023-01-27 18:22:43,994 - INFO -
| Epoch:    378 | Train loss: 0.0392 | Valid loss: 0.0963 | Train acc: 0.9845 | Valid acc: 0.9618 | patience: 334 | Epoch time: 36.7 |

2023-01-27 18:23:20,688 - INFO -
| Epoch:    379 | Train loss: 0.0398 | Valid loss: 0.0964 | Train acc: 0.9843 | Valid acc: 0.9630 | patience: 335 | Epoch time: 36.7 |

2023-01-27 18:23:57,396 - INFO -
| Epoch:    380 | Train loss: 0.0401 | Valid loss: 0.0963 | Train acc: 0.9843 | Valid acc: 0.9625 | patience: 336 | Epoch time: 36.7 |

2023-01-27 18:24:34,105 - INFO -
| Epoch:    381 | Train loss: 0.0397 | Valid loss: 0.0973 | Train acc: 0.9848 | Valid acc: 0.9617 | patience: 337 | Epoch time: 36.7 |

2023-01-27 18:25:10,827 - INFO -
| Epoch:    382 | Train loss: 0.0395 | Valid loss: 0.0967 | Train acc: 0.9845 | Valid acc: 0.9625 | patience: 338 | Epoch time: 36.7 |

2023-01-27 18:25:47,541 - INFO -
| Epoch:    383 | Train loss: 0.0392 | Valid loss: 0.0978 | Train acc: 0.9845 | Valid acc: 0.9624 | patience: 339 | Epoch time: 36.7 |

2023-01-27 18:26:24,286 - INFO -
| Epoch:    384 | Train loss: 0.0398 | Valid loss: 0.0983 | Train acc: 0.9848 | Valid acc: 0.9627 | patience: 340 | Epoch time: 36.7 |

2023-01-27 18:27:00,974 - INFO -
| Epoch:    385 | Train loss: 0.0407 | Valid loss: 0.0997 | Train acc: 0.9843 | Valid acc: 0.9614 | patience: 341 | Epoch time: 36.7 |

2023-01-27 18:27:37,694 - INFO -
| Epoch:    386 | Train loss: 0.0400 | Valid loss: 0.0964 | Train acc: 0.9841 | Valid acc: 0.9623 | patience: 342 | Epoch time: 36.7 |

2023-01-27 18:28:14,422 - INFO -
| Epoch:    387 | Train loss: 0.0408 | Valid loss: 0.0961 | Train acc: 0.9840 | Valid acc: 0.9624 | patience: 343 | Epoch time: 36.7 |

2023-01-27 18:28:51,198 - INFO -
| Epoch:    388 | Train loss: 0.0401 | Valid loss: 0.0992 | Train acc: 0.9841 | Valid acc: 0.9621 | patience: 344 | Epoch time: 36.8 |

2023-01-27 18:29:27,924 - INFO -
| Epoch:    389 | Train loss: 0.0407 | Valid loss: 0.0982 | Train acc: 0.9844 | Valid acc: 0.9615 | patience: 345 | Epoch time: 36.7 |

2023-01-27 18:30:04,647 - INFO -
| Epoch:    390 | Train loss: 0.0391 | Valid loss: 0.0966 | Train acc: 0.9844 | Valid acc: 0.9626 | patience: 346 | Epoch time: 36.7 |

2023-01-27 18:30:41,345 - INFO -
| Epoch:    391 | Train loss: 0.0394 | Valid loss: 0.0963 | Train acc: 0.9845 | Valid acc: 0.9631 | patience: 347 | Epoch time: 36.7 |

2023-01-27 18:31:18,051 - INFO -
| Epoch:    392 | Train loss: 0.0398 | Valid loss: 0.0955 | Train acc: 0.9842 | Valid acc: 0.9629 | patience: 348 | Epoch time: 36.7 |

2023-01-27 18:31:54,773 - INFO -
| Epoch:    393 | Train loss: 0.0399 | Valid loss: 0.0963 | Train acc: 0.9842 | Valid acc: 0.9630 | patience: 349 | Epoch time: 36.7 |

2023-01-27 18:32:31,516 - INFO -
| Epoch:    394 | Train loss: 0.0391 | Valid loss: 0.0956 | Train acc: 0.9848 | Valid acc: 0.9628 | patience: 350 | Epoch time: 36.7 |

2023-01-27 18:33:08,257 - INFO -
| Epoch:    395 | Train loss: 0.0405 | Valid loss: 0.0957 | Train acc: 0.9840 | Valid acc: 0.9629 | patience: 351 | Epoch time: 36.7 |

2023-01-27 18:33:44,999 - INFO -
| Epoch:    396 | Train loss: 0.0403 | Valid loss: 0.0952 | Train acc: 0.9848 | Valid acc: 0.9627 | patience: 352 | Epoch time: 36.7 |

2023-01-27 18:34:21,705 - INFO -
| Epoch:    397 | Train loss: 0.0394 | Valid loss: 0.0953 | Train acc: 0.9848 | Valid acc: 0.9634 | patience: 353 | Epoch time: 36.7 |

2023-01-27 18:34:58,408 - INFO -
| Epoch:    398 | Train loss: 0.0400 | Valid loss: 0.0965 | Train acc: 0.9846 | Valid acc: 0.9631 | patience: 354 | Epoch time: 36.7 |

2023-01-27 18:35:35,113 - INFO -
| Epoch:    399 | Train loss: 0.0403 | Valid loss: 0.0968 | Train acc: 0.9844 | Valid acc: 0.9618 | patience: 355 | Epoch time: 36.7 |

2023-01-27 18:36:11,815 - INFO -
| Epoch:    400 | Train loss: 0.0412 | Valid loss: 0.0967 | Train acc: 0.9842 | Valid acc: 0.9624 | patience: 356 | Epoch time: 36.7 |

2023-01-27 18:36:48,542 - INFO -
| Epoch:    401 | Train loss: 0.0408 | Valid loss: 0.0977 | Train acc: 0.9847 | Valid acc: 0.9626 | patience: 357 | Epoch time: 36.7 |

2023-01-27 18:37:25,273 - INFO -
| Epoch:    402 | Train loss: 0.0399 | Valid loss: 0.0967 | Train acc: 0.9845 | Valid acc: 0.9629 | patience: 358 | Epoch time: 36.7 |

2023-01-27 18:38:01,954 - INFO -
| Epoch:    403 | Train loss: 0.0399 | Valid loss: 0.0966 | Train acc: 0.9847 | Valid acc: 0.9606 | patience: 359 | Epoch time: 36.7 |

2023-01-27 18:38:38,669 - INFO -
| Epoch:    404 | Train loss: 0.0397 | Valid loss: 0.0971 | Train acc: 0.9848 | Valid acc: 0.9627 | patience: 360 | Epoch time: 36.7 |

2023-01-27 18:39:15,400 - INFO -
| Epoch:    405 | Train loss: 0.0397 | Valid loss: 0.1016 | Train acc: 0.9843 | Valid acc: 0.9624 | patience: 361 | Epoch time: 36.7 |

2023-01-27 18:39:52,120 - INFO -
| Epoch:    406 | Train loss: 0.0399 | Valid loss: 0.0985 | Train acc: 0.9843 | Valid acc: 0.9618 | patience: 362 | Epoch time: 36.7 |

2023-01-27 18:40:28,943 - INFO -
| Epoch:    407 | Train loss: 0.0401 | Valid loss: 0.0975 | Train acc: 0.9847 | Valid acc: 0.9616 | patience: 363 | Epoch time: 36.8 |

2023-01-27 18:41:05,719 - INFO -
| Epoch:    408 | Train loss: 0.0404 | Valid loss: 0.0967 | Train acc: 0.9842 | Valid acc: 0.9624 | patience: 364 | Epoch time: 36.8 |

2023-01-27 18:41:42,533 - INFO -
| Epoch:    409 | Train loss: 0.0398 | Valid loss: 0.0961 | Train acc: 0.9848 | Valid acc: 0.9617 | patience: 365 | Epoch time: 36.8 |

2023-01-27 18:42:19,271 - INFO -
| Epoch:    410 | Train loss: 0.0399 | Valid loss: 0.0960 | Train acc: 0.9852 | Valid acc: 0.9631 | patience: 366 | Epoch time: 36.7 |

2023-01-27 18:42:55,993 - INFO -
| Epoch:    411 | Train loss: 0.0405 | Valid loss: 0.0966 | Train acc: 0.9846 | Valid acc: 0.9620 | patience: 367 | Epoch time: 36.7 |

2023-01-27 18:43:32,744 - INFO -
| Epoch:    412 | Train loss: 0.0403 | Valid loss: 0.0969 | Train acc: 0.9846 | Valid acc: 0.9622 | patience: 368 | Epoch time: 36.8 |

2023-01-27 18:44:09,482 - INFO -
| Epoch:    413 | Train loss: 0.0396 | Valid loss: 0.0948 | Train acc: 0.9847 | Valid acc: 0.9625 | patience: 369 | Epoch time: 36.7 |

2023-01-27 18:44:46,213 - INFO -
| Epoch:    414 | Train loss: 0.0411 | Valid loss: 0.0971 | Train acc: 0.9848 | Valid acc: 0.9625 | patience: 370 | Epoch time: 36.7 |

2023-01-27 18:45:22,933 - INFO -
| Epoch:    415 | Train loss: 0.0411 | Valid loss: 0.0980 | Train acc: 0.9841 | Valid acc: 0.9626 | patience: 371 | Epoch time: 36.7 |

2023-01-27 18:45:59,654 - INFO -
| Epoch:    416 | Train loss: 0.0398 | Valid loss: 0.0988 | Train acc: 0.9851 | Valid acc: 0.9620 | patience: 372 | Epoch time: 36.7 |

2023-01-27 18:46:36,429 - INFO -
| Epoch:    417 | Train loss: 0.0400 | Valid loss: 0.0977 | Train acc: 0.9837 | Valid acc: 0.9629 | patience: 373 | Epoch time: 36.8 |

2023-01-27 18:47:13,170 - INFO -
| Epoch:    418 | Train loss: 0.0397 | Valid loss: 0.0977 | Train acc: 0.9846 | Valid acc: 0.9629 | patience: 374 | Epoch time: 36.7 |

2023-01-27 18:47:49,880 - INFO -
| Epoch:    419 | Train loss: 0.0409 | Valid loss: 0.0998 | Train acc: 0.9840 | Valid acc: 0.9598 | patience: 375 | Epoch time: 36.7 |

2023-01-27 18:48:26,588 - INFO -
| Epoch:    420 | Train loss: 0.0396 | Valid loss: 0.0969 | Train acc: 0.9850 | Valid acc: 0.9619 | patience: 376 | Epoch time: 36.7 |

2023-01-27 18:49:03,320 - INFO -
| Epoch:    421 | Train loss: 0.0405 | Valid loss: 0.0962 | Train acc: 0.9844 | Valid acc: 0.9626 | patience: 377 | Epoch time: 36.7 |

2023-01-27 18:49:40,085 - INFO -
| Epoch:    422 | Train loss: 0.0403 | Valid loss: 0.0954 | Train acc: 0.9837 | Valid acc: 0.9636 | patience: 378 | Epoch time: 36.8 |

2023-01-27 18:50:16,856 - INFO -
| Epoch:    423 | Train loss: 0.0408 | Valid loss: 0.0963 | Train acc: 0.9849 | Valid acc: 0.9624 | patience: 379 | Epoch time: 36.8 |

2023-01-27 18:50:53,605 - INFO -
| Epoch:    424 | Train loss: 0.0400 | Valid loss: 0.0966 | Train acc: 0.9847 | Valid acc: 0.9636 | patience: 380 | Epoch time: 36.7 |

2023-01-27 18:51:30,305 - INFO -
| Epoch:    425 | Train loss: 0.0409 | Valid loss: 0.0959 | Train acc: 0.9847 | Valid acc: 0.9636 | patience: 381 | Epoch time: 36.7 |

2023-01-27 18:52:07,699 - INFO -
| Epoch:    426 | Train loss: 0.0400 | Valid loss: 0.0967 | Train acc: 0.9848 | Valid acc: 0.9624 | patience: 382 | Epoch time: 37.4 |

2023-01-27 18:52:44,447 - INFO -
| Epoch:    427 | Train loss: 0.0395 | Valid loss: 0.0975 | Train acc: 0.9848 | Valid acc: 0.9620 | patience: 383 | Epoch time: 36.7 |

2023-01-27 18:53:21,168 - INFO -
| Epoch:    428 | Train loss: 0.0404 | Valid loss: 0.0973 | Train acc: 0.9844 | Valid acc: 0.9623 | patience: 384 | Epoch time: 36.7 |

2023-01-27 18:53:57,883 - INFO -
| Epoch:    429 | Train loss: 0.0390 | Valid loss: 0.0964 | Train acc: 0.9846 | Valid acc: 0.9622 | patience: 385 | Epoch time: 36.7 |

2023-01-27 18:54:34,626 - INFO -
| Epoch:    430 | Train loss: 0.0406 | Valid loss: 0.0969 | Train acc: 0.9840 | Valid acc: 0.9612 | patience: 386 | Epoch time: 36.7 |

2023-01-27 18:55:11,372 - INFO -
| Epoch:    431 | Train loss: 0.0404 | Valid loss: 0.0985 | Train acc: 0.9844 | Valid acc: 0.9615 | patience: 387 | Epoch time: 36.7 |

2023-01-27 18:55:48,087 - INFO -
| Epoch:    432 | Train loss: 0.0390 | Valid loss: 0.0975 | Train acc: 0.9844 | Valid acc: 0.9626 | patience: 388 | Epoch time: 36.7 |

2023-01-27 18:56:24,801 - INFO -
| Epoch:    433 | Train loss: 0.0408 | Valid loss: 0.0977 | Train acc: 0.9849 | Valid acc: 0.9624 | patience: 389 | Epoch time: 36.7 |

2023-01-27 18:57:01,548 - INFO -
| Epoch:    434 | Train loss: 0.0399 | Valid loss: 0.0974 | Train acc: 0.9846 | Valid acc: 0.9613 | patience: 390 | Epoch time: 36.7 |

2023-01-27 18:57:38,278 - INFO -
| Epoch:    435 | Train loss: 0.0400 | Valid loss: 0.0961 | Train acc: 0.9845 | Valid acc: 0.9631 | patience: 391 | Epoch time: 36.7 |

2023-01-27 18:58:14,983 - INFO -
| Epoch:    436 | Train loss: 0.0396 | Valid loss: 0.0978 | Train acc: 0.9847 | Valid acc: 0.9629 | patience: 392 | Epoch time: 36.7 |

2023-01-27 18:58:51,721 - INFO -
| Epoch:    437 | Train loss: 0.0395 | Valid loss: 0.0953 | Train acc: 0.9844 | Valid acc: 0.9628 | patience: 393 | Epoch time: 36.7 |

2023-01-27 18:59:28,482 - INFO -
| Epoch:    438 | Train loss: 0.0396 | Valid loss: 0.0971 | Train acc: 0.9849 | Valid acc: 0.9628 | patience: 394 | Epoch time: 36.8 |

2023-01-27 19:00:05,235 - INFO -
| Epoch:    439 | Train loss: 0.0389 | Valid loss: 0.0970 | Train acc: 0.9847 | Valid acc: 0.9628 | patience: 395 | Epoch time: 36.8 |

2023-01-27 19:00:41,945 - INFO -
| Epoch:    440 | Train loss: 0.0412 | Valid loss: 0.0969 | Train acc: 0.9843 | Valid acc: 0.9634 | patience: 396 | Epoch time: 36.7 |

2023-01-27 19:01:18,653 - INFO -
| Epoch:    441 | Train loss: 0.0400 | Valid loss: 0.0960 | Train acc: 0.9849 | Valid acc: 0.9631 | patience: 397 | Epoch time: 36.7 |

2023-01-27 19:01:55,393 - INFO -
| Epoch:    442 | Train loss: 0.0393 | Valid loss: 0.0985 | Train acc: 0.9850 | Valid acc: 0.9617 | patience: 398 | Epoch time: 36.7 |

2023-01-27 19:02:32,127 - INFO -
| Epoch:    443 | Train loss: 0.0389 | Valid loss: 0.0965 | Train acc: 0.9849 | Valid acc: 0.9619 | patience: 399 | Epoch time: 36.7 |

2023-01-27 19:03:08,876 - INFO -
| Epoch:    444 | Train loss: 0.0411 | Valid loss: 0.0970 | Train acc: 0.9845 | Valid acc: 0.9626 | patience: 400 | Epoch time: 36.7 |

2023-01-27 19:03:45,604 - INFO -
| Epoch:    445 | Train loss: 0.0398 | Valid loss: 0.0986 | Train acc: 0.9845 | Valid acc: 0.9627 | patience: 401 | Epoch time: 36.7 |

2023-01-27 19:04:22,315 - INFO -
| Epoch:    446 | Train loss: 0.0399 | Valid loss: 0.0965 | Train acc: 0.9851 | Valid acc: 0.9620 | patience: 402 | Epoch time: 36.7 |

2023-01-27 19:04:59,054 - INFO -
| Epoch:    447 | Train loss: 0.0394 | Valid loss: 0.0966 | Train acc: 0.9847 | Valid acc: 0.9634 | patience: 403 | Epoch time: 36.7 |

2023-01-27 19:05:35,837 - INFO -
| Epoch:    448 | Train loss: 0.0395 | Valid loss: 0.0959 | Train acc: 0.9843 | Valid acc: 0.9622 | patience: 404 | Epoch time: 36.8 |

2023-01-27 19:06:12,559 - INFO -
| Epoch:    449 | Train loss: 0.0395 | Valid loss: 0.0971 | Train acc: 0.9844 | Valid acc: 0.9620 | patience: 405 | Epoch time: 36.7 |

2023-01-27 19:06:49,318 - INFO -
| Epoch:    450 | Train loss: 0.0397 | Valid loss: 0.0979 | Train acc: 0.9852 | Valid acc: 0.9621 | patience: 406 | Epoch time: 36.8 |

2023-01-27 19:07:26,064 - INFO -
| Epoch:    451 | Train loss: 0.0396 | Valid loss: 0.0984 | Train acc: 0.9849 | Valid acc: 0.9617 | patience: 407 | Epoch time: 36.7 |

2023-01-27 19:08:02,799 - INFO -
| Epoch:    452 | Train loss: 0.0396 | Valid loss: 0.0979 | Train acc: 0.9848 | Valid acc: 0.9622 | patience: 408 | Epoch time: 36.7 |

2023-01-27 19:08:39,517 - INFO -
| Epoch:    453 | Train loss: 0.0405 | Valid loss: 0.0964 | Train acc: 0.9847 | Valid acc: 0.9618 | patience: 409 | Epoch time: 36.7 |

2023-01-27 19:09:16,226 - INFO -
| Epoch:    454 | Train loss: 0.0406 | Valid loss: 0.0971 | Train acc: 0.9843 | Valid acc: 0.9622 | patience: 410 | Epoch time: 36.7 |

2023-01-27 19:09:52,932 - INFO -
| Epoch:    455 | Train loss: 0.0395 | Valid loss: 0.0969 | Train acc: 0.9848 | Valid acc: 0.9623 | patience: 411 | Epoch time: 36.7 |

2023-01-27 19:10:29,634 - INFO -
| Epoch:    456 | Train loss: 0.0398 | Valid loss: 0.0958 | Train acc: 0.9845 | Valid acc: 0.9628 | patience: 412 | Epoch time: 36.7 |

2023-01-27 19:11:06,340 - INFO -
| Epoch:    457 | Train loss: 0.0392 | Valid loss: 0.0970 | Train acc: 0.9843 | Valid acc: 0.9627 | patience: 413 | Epoch time: 36.7 |

2023-01-27 19:11:43,094 - INFO -
| Epoch:    458 | Train loss: 0.0391 | Valid loss: 0.0962 | Train acc: 0.9851 | Valid acc: 0.9633 | patience: 414 | Epoch time: 36.8 |

2023-01-27 19:12:19,824 - INFO -
| Epoch:    459 | Train loss: 0.0391 | Valid loss: 0.0958 | Train acc: 0.9851 | Valid acc: 0.9624 | patience: 415 | Epoch time: 36.7 |

2023-01-27 19:12:56,548 - INFO -
| Epoch:    460 | Train loss: 0.0395 | Valid loss: 0.0950 | Train acc: 0.9845 | Valid acc: 0.9619 | patience: 416 | Epoch time: 36.7 |

2023-01-27 19:13:33,264 - INFO -
| Epoch:    461 | Train loss: 0.0404 | Valid loss: 0.0976 | Train acc: 0.9845 | Valid acc: 0.9631 | patience: 417 | Epoch time: 36.7 |

2023-01-27 19:14:10,019 - INFO -
| Epoch:    462 | Train loss: 0.0400 | Valid loss: 0.0967 | Train acc: 0.9851 | Valid acc: 0.9621 | patience: 418 | Epoch time: 36.8 |

2023-01-27 19:14:46,730 - INFO -
| Epoch:    463 | Train loss: 0.0391 | Valid loss: 0.0968 | Train acc: 0.9850 | Valid acc: 0.9630 | patience: 419 | Epoch time: 36.7 |

2023-01-27 19:15:23,437 - INFO -
| Epoch:    464 | Train loss: 0.0398 | Valid loss: 0.0975 | Train acc: 0.9850 | Valid acc: 0.9628 | patience: 420 | Epoch time: 36.7 |

2023-01-27 19:16:00,161 - INFO -
| Epoch:    465 | Train loss: 0.0398 | Valid loss: 0.0954 | Train acc: 0.9844 | Valid acc: 0.9625 | patience: 421 | Epoch time: 36.7 |

2023-01-27 19:16:36,900 - INFO -
| Epoch:    466 | Train loss: 0.0395 | Valid loss: 0.0984 | Train acc: 0.9846 | Valid acc: 0.9627 | patience: 422 | Epoch time: 36.7 |

2023-01-27 19:17:13,619 - INFO -
| Epoch:    467 | Train loss: 0.0391 | Valid loss: 0.0957 | Train acc: 0.9848 | Valid acc: 0.9632 | patience: 423 | Epoch time: 36.7 |

2023-01-27 19:17:50,381 - INFO -
| Epoch:    468 | Train loss: 0.0385 | Valid loss: 0.0952 | Train acc: 0.9848 | Valid acc: 0.9631 | patience: 424 | Epoch time: 36.8 |

2023-01-27 19:18:27,242 - INFO -
| Epoch:    469 | Train loss: 0.0399 | Valid loss: 0.0967 | Train acc: 0.9848 | Valid acc: 0.9632 | patience: 425 | Epoch time: 36.9 |

2023-01-27 19:19:03,961 - INFO -
| Epoch:    470 | Train loss: 0.0405 | Valid loss: 0.0956 | Train acc: 0.9842 | Valid acc: 0.9635 | patience: 426 | Epoch time: 36.7 |

2023-01-27 19:19:40,660 - INFO -
| Epoch:    471 | Train loss: 0.0402 | Valid loss: 0.0979 | Train acc: 0.9843 | Valid acc: 0.9636 | patience: 427 | Epoch time: 36.7 |

2023-01-27 19:20:17,379 - INFO -
| Epoch:    472 | Train loss: 0.0401 | Valid loss: 0.0961 | Train acc: 0.9848 | Valid acc: 0.9630 | patience: 428 | Epoch time: 36.7 |

2023-01-27 19:20:54,080 - INFO -
| Epoch:    473 | Train loss: 0.0398 | Valid loss: 0.0964 | Train acc: 0.9849 | Valid acc: 0.9625 | patience: 429 | Epoch time: 36.7 |

2023-01-27 19:21:30,767 - INFO -
| Epoch:    474 | Train loss: 0.0391 | Valid loss: 0.0976 | Train acc: 0.9846 | Valid acc: 0.9621 | patience: 430 | Epoch time: 36.7 |

2023-01-27 19:22:07,464 - INFO -
| Epoch:    475 | Train loss: 0.0392 | Valid loss: 0.0975 | Train acc: 0.9849 | Valid acc: 0.9618 | patience: 431 | Epoch time: 36.7 |

2023-01-27 19:22:44,179 - INFO -
| Epoch:    476 | Train loss: 0.0396 | Valid loss: 0.0970 | Train acc: 0.9847 | Valid acc: 0.9622 | patience: 432 | Epoch time: 36.7 |

2023-01-27 19:23:20,909 - INFO -
| Epoch:    477 | Train loss: 0.0403 | Valid loss: 0.0984 | Train acc: 0.9843 | Valid acc: 0.9614 | patience: 433 | Epoch time: 36.7 |

2023-01-27 19:23:57,664 - INFO -
| Epoch:    478 | Train loss: 0.0396 | Valid loss: 0.0963 | Train acc: 0.9842 | Valid acc: 0.9629 | patience: 434 | Epoch time: 36.8 |

2023-01-27 19:24:34,352 - INFO -
| Epoch:    479 | Train loss: 0.0405 | Valid loss: 0.0959 | Train acc: 0.9846 | Valid acc: 0.9631 | patience: 435 | Epoch time: 36.7 |

2023-01-27 19:25:11,054 - INFO -
| Epoch:    480 | Train loss: 0.0408 | Valid loss: 0.0963 | Train acc: 0.9848 | Valid acc: 0.9628 | patience: 436 | Epoch time: 36.7 |

2023-01-27 19:25:47,757 - INFO -
| Epoch:    481 | Train loss: 0.0404 | Valid loss: 0.0962 | Train acc: 0.9847 | Valid acc: 0.9635 | patience: 437 | Epoch time: 36.7 |

2023-01-27 19:26:24,468 - INFO -
| Epoch:    482 | Train loss: 0.0400 | Valid loss: 0.0967 | Train acc: 0.9848 | Valid acc: 0.9628 | patience: 438 | Epoch time: 36.7 |

2023-01-27 19:27:01,230 - INFO -
| Epoch:    483 | Train loss: 0.0392 | Valid loss: 0.0962 | Train acc: 0.9850 | Valid acc: 0.9628 | patience: 439 | Epoch time: 36.8 |

2023-01-27 19:27:37,962 - INFO -
| Epoch:    484 | Train loss: 0.0389 | Valid loss: 0.0959 | Train acc: 0.9843 | Valid acc: 0.9626 | patience: 440 | Epoch time: 36.7 |

2023-01-27 19:28:14,668 - INFO -
| Epoch:    485 | Train loss: 0.0393 | Valid loss: 0.0959 | Train acc: 0.9849 | Valid acc: 0.9628 | patience: 441 | Epoch time: 36.7 |

2023-01-27 19:28:51,379 - INFO -
| Epoch:    486 | Train loss: 0.0397 | Valid loss: 0.0968 | Train acc: 0.9848 | Valid acc: 0.9616 | patience: 442 | Epoch time: 36.7 |

2023-01-27 19:29:28,097 - INFO -
| Epoch:    487 | Train loss: 0.0393 | Valid loss: 0.0981 | Train acc: 0.9849 | Valid acc: 0.9609 | patience: 443 | Epoch time: 36.7 |

2023-01-27 19:30:04,823 - INFO -
| Epoch:    488 | Train loss: 0.0414 | Valid loss: 0.0963 | Train acc: 0.9842 | Valid acc: 0.9627 | patience: 444 | Epoch time: 36.7 |

2023-01-27 19:30:41,549 - INFO -
| Epoch:    489 | Train loss: 0.0416 | Valid loss: 0.0959 | Train acc: 0.9847 | Valid acc: 0.9632 | patience: 445 | Epoch time: 36.7 |

2023-01-27 19:31:18,260 - INFO -
| Epoch:    490 | Train loss: 0.0395 | Valid loss: 0.0980 | Train acc: 0.9850 | Valid acc: 0.9626 | patience: 446 | Epoch time: 36.7 |

2023-01-27 19:31:54,948 - INFO -
| Epoch:    491 | Train loss: 0.0400 | Valid loss: 0.0953 | Train acc: 0.9846 | Valid acc: 0.9632 | patience: 447 | Epoch time: 36.7 |

2023-01-27 19:32:31,645 - INFO -
| Epoch:    492 | Train loss: 0.0404 | Valid loss: 0.0961 | Train acc: 0.9844 | Valid acc: 0.9628 | patience: 448 | Epoch time: 36.7 |

2023-01-27 19:33:08,368 - INFO -
| Epoch:    493 | Train loss: 0.0402 | Valid loss: 0.0958 | Train acc: 0.9846 | Valid acc: 0.9627 | patience: 449 | Epoch time: 36.7 |

2023-01-27 19:33:45,097 - INFO -
| Epoch:    494 | Train loss: 0.0393 | Valid loss: 0.0960 | Train acc: 0.9848 | Valid acc: 0.9627 | patience: 450 | Epoch time: 36.7 |

2023-01-27 19:34:21,809 - INFO -
| Epoch:    495 | Train loss: 0.0394 | Valid loss: 0.0971 | Train acc: 0.9849 | Valid acc: 0.9628 | patience: 451 | Epoch time: 36.7 |

2023-01-27 19:34:58,518 - INFO -
| Epoch:    496 | Train loss: 0.0400 | Valid loss: 0.0972 | Train acc: 0.9848 | Valid acc: 0.9631 | patience: 452 | Epoch time: 36.7 |

2023-01-27 19:35:35,258 - INFO -
| Epoch:    497 | Train loss: 0.0397 | Valid loss: 0.0965 | Train acc: 0.9850 | Valid acc: 0.9626 | patience: 453 | Epoch time: 36.7 |

2023-01-27 19:36:11,992 - INFO -
| Epoch:    498 | Train loss: 0.0387 | Valid loss: 0.0960 | Train acc: 0.9845 | Valid acc: 0.9625 | patience: 454 | Epoch time: 36.7 |

2023-01-27 19:36:48,722 - INFO -
| Epoch:    499 | Train loss: 0.0397 | Valid loss: 0.0979 | Train acc: 0.9843 | Valid acc: 0.9617 | patience: 455 | Epoch time: 36.7 |

2023-01-27 19:37:25,413 - INFO -
| Epoch:    500 | Train loss: 0.0396 | Valid loss: 0.0958 | Train acc: 0.9846 | Valid acc: 0.9628 | patience: 456 | Epoch time: 36.7 |

2023-01-27 19:38:02,106 - INFO -
| Epoch:    501 | Train loss: 0.0393 | Valid loss: 0.0967 | Train acc: 0.9848 | Valid acc: 0.9631 | patience: 457 | Epoch time: 36.7 |

2023-01-27 19:38:38,843 - INFO -
| Epoch:    502 | Train loss: 0.0390 | Valid loss: 0.0961 | Train acc: 0.9846 | Valid acc: 0.9626 | patience: 458 | Epoch time: 36.7 |

2023-01-27 19:39:15,637 - INFO -
| Epoch:    503 | Train loss: 0.0404 | Valid loss: 0.0962 | Train acc: 0.9847 | Valid acc: 0.9620 | patience: 459 | Epoch time: 36.8 |

2023-01-27 19:39:52,322 - INFO -
| Epoch:    504 | Train loss: 0.0391 | Valid loss: 0.0984 | Train acc: 0.9843 | Valid acc: 0.9625 | patience: 460 | Epoch time: 36.7 |

2023-01-27 19:40:29,020 - INFO -
| Epoch:    505 | Train loss: 0.0389 | Valid loss: 0.0954 | Train acc: 0.9844 | Valid acc: 0.9628 | patience: 461 | Epoch time: 36.7 |

2023-01-27 19:41:05,703 - INFO -
| Epoch:    506 | Train loss: 0.0402 | Valid loss: 0.0974 | Train acc: 0.9845 | Valid acc: 0.9625 | patience: 462 | Epoch time: 36.7 |

2023-01-27 19:41:42,422 - INFO -
| Epoch:    507 | Train loss: 0.0393 | Valid loss: 0.0967 | Train acc: 0.9850 | Valid acc: 0.9629 | patience: 463 | Epoch time: 36.7 |

2023-01-27 19:42:19,203 - INFO -
| Epoch:    508 | Train loss: 0.0395 | Valid loss: 0.0953 | Train acc: 0.9847 | Valid acc: 0.9631 | patience: 464 | Epoch time: 36.8 |

2023-01-27 19:42:55,896 - INFO -
| Epoch:    509 | Train loss: 0.0387 | Valid loss: 0.0957 | Train acc: 0.9844 | Valid acc: 0.9620 | patience: 465 | Epoch time: 36.7 |

2023-01-27 19:43:32,611 - INFO -
| Epoch:    510 | Train loss: 0.0392 | Valid loss: 0.0967 | Train acc: 0.9849 | Valid acc: 0.9634 | patience: 466 | Epoch time: 36.7 |

2023-01-27 19:44:09,340 - INFO -
| Epoch:    511 | Train loss: 0.0396 | Valid loss: 0.0981 | Train acc: 0.9842 | Valid acc: 0.9628 | patience: 467 | Epoch time: 36.7 |

2023-01-27 19:44:46,051 - INFO -
| Epoch:    512 | Train loss: 0.0394 | Valid loss: 0.0967 | Train acc: 0.9847 | Valid acc: 0.9630 | patience: 468 | Epoch time: 36.7 |

2023-01-27 19:45:24,002 - INFO -
| Epoch:    513 | Train loss: 0.0398 | Valid loss: 0.0972 | Train acc: 0.9852 | Valid acc: 0.9626 | patience: 469 | Epoch time: 38.0 |

2023-01-27 19:46:00,702 - INFO -
| Epoch:    514 | Train loss: 0.0392 | Valid loss: 0.0963 | Train acc: 0.9847 | Valid acc: 0.9624 | patience: 470 | Epoch time: 36.7 |

2023-01-27 19:46:37,382 - INFO -
| Epoch:    515 | Train loss: 0.0394 | Valid loss: 0.0976 | Train acc: 0.9849 | Valid acc: 0.9626 | patience: 471 | Epoch time: 36.7 |

2023-01-27 19:47:14,113 - INFO -
| Epoch:    516 | Train loss: 0.0396 | Valid loss: 0.0978 | Train acc: 0.9848 | Valid acc: 0.9622 | patience: 472 | Epoch time: 36.7 |

2023-01-27 19:47:50,839 - INFO -
| Epoch:    517 | Train loss: 0.0405 | Valid loss: 0.0971 | Train acc: 0.9850 | Valid acc: 0.9628 | patience: 473 | Epoch time: 36.7 |

2023-01-27 19:48:27,513 - INFO -
| Epoch:    518 | Train loss: 0.0389 | Valid loss: 0.0964 | Train acc: 0.9848 | Valid acc: 0.9622 | patience: 474 | Epoch time: 36.7 |

2023-01-27 19:49:04,187 - INFO -
| Epoch:    519 | Train loss: 0.0390 | Valid loss: 0.0965 | Train acc: 0.9851 | Valid acc: 0.9615 | patience: 475 | Epoch time: 36.7 |

2023-01-27 19:49:40,886 - INFO -
| Epoch:    520 | Train loss: 0.0388 | Valid loss: 0.0967 | Train acc: 0.9849 | Valid acc: 0.9625 | patience: 476 | Epoch time: 36.7 |

2023-01-27 19:50:17,576 - INFO -
| Epoch:    521 | Train loss: 0.0398 | Valid loss: 0.0982 | Train acc: 0.9844 | Valid acc: 0.9631 | patience: 477 | Epoch time: 36.7 |

2023-01-27 19:50:54,351 - INFO -
| Epoch:    522 | Train loss: 0.0399 | Valid loss: 0.0961 | Train acc: 0.9849 | Valid acc: 0.9627 | patience: 478 | Epoch time: 36.8 |

2023-01-27 19:51:31,133 - INFO -
| Epoch:    523 | Train loss: 0.0400 | Valid loss: 0.0962 | Train acc: 0.9846 | Valid acc: 0.9632 | patience: 479 | Epoch time: 36.8 |

2023-01-27 19:52:07,852 - INFO -
| Epoch:    524 | Train loss: 0.0397 | Valid loss: 0.0957 | Train acc: 0.9845 | Valid acc: 0.9634 | patience: 480 | Epoch time: 36.7 |

2023-01-27 19:52:44,587 - INFO -
| Epoch:    525 | Train loss: 0.0392 | Valid loss: 0.0959 | Train acc: 0.9846 | Valid acc: 0.9628 | patience: 481 | Epoch time: 36.7 |

2023-01-27 19:53:21,434 - INFO -
| Epoch:    526 | Train loss: 0.0395 | Valid loss: 0.0976 | Train acc: 0.9844 | Valid acc: 0.9630 | patience: 482 | Epoch time: 36.8 |

2023-01-27 19:53:58,152 - INFO -
| Epoch:    527 | Train loss: 0.0405 | Valid loss: 0.0956 | Train acc: 0.9843 | Valid acc: 0.9631 | patience: 483 | Epoch time: 36.7 |

2023-01-27 19:54:34,984 - INFO -
| Epoch:    528 | Train loss: 0.0391 | Valid loss: 0.0964 | Train acc: 0.9844 | Valid acc: 0.9627 | patience: 484 | Epoch time: 36.8 |

2023-01-27 19:55:11,713 - INFO -
| Epoch:    529 | Train loss: 0.0394 | Valid loss: 0.0958 | Train acc: 0.9851 | Valid acc: 0.9629 | patience: 485 | Epoch time: 36.7 |

2023-01-27 19:55:48,415 - INFO -
| Epoch:    530 | Train loss: 0.0399 | Valid loss: 0.0965 | Train acc: 0.9849 | Valid acc: 0.9630 | patience: 486 | Epoch time: 36.7 |

2023-01-27 19:56:25,154 - INFO -
| Epoch:    531 | Train loss: 0.0394 | Valid loss: 0.0960 | Train acc: 0.9848 | Valid acc: 0.9621 | patience: 487 | Epoch time: 36.7 |

2023-01-27 19:57:04,565 - INFO -
| Epoch:    532 | Train loss: 0.0395 | Valid loss: 0.0964 | Train acc: 0.9846 | Valid acc: 0.9617 | patience: 488 | Epoch time: 39.4 |

2023-01-27 19:57:41,592 - INFO -
| Epoch:    533 | Train loss: 0.0400 | Valid loss: 0.0957 | Train acc: 0.9851 | Valid acc: 0.9627 | patience: 489 | Epoch time: 37.0 |

2023-01-27 19:58:18,442 - INFO -
| Epoch:    534 | Train loss: 0.0395 | Valid loss: 0.0959 | Train acc: 0.9851 | Valid acc: 0.9629 | patience: 490 | Epoch time: 36.8 |

2023-01-27 19:58:55,283 - INFO -
| Epoch:    535 | Train loss: 0.0403 | Valid loss: 0.0983 | Train acc: 0.9843 | Valid acc: 0.9630 | patience: 491 | Epoch time: 36.8 |

2023-01-27 19:59:32,140 - INFO -
| Epoch:    536 | Train loss: 0.0397 | Valid loss: 0.0977 | Train acc: 0.9849 | Valid acc: 0.9623 | patience: 492 | Epoch time: 36.9 |

2023-01-27 20:00:08,969 - INFO -
| Epoch:    537 | Train loss: 0.0395 | Valid loss: 0.0968 | Train acc: 0.9849 | Valid acc: 0.9631 | patience: 493 | Epoch time: 36.8 |

2023-01-27 20:00:45,785 - INFO -
| Epoch:    538 | Train loss: 0.0397 | Valid loss: 0.0963 | Train acc: 0.9850 | Valid acc: 0.9625 | patience: 494 | Epoch time: 36.8 |

2023-01-27 20:01:22,592 - INFO -
| Epoch:    539 | Train loss: 0.0397 | Valid loss: 0.0964 | Train acc: 0.9848 | Valid acc: 0.9629 | patience: 495 | Epoch time: 36.8 |

2023-01-27 20:01:59,402 - INFO -
| Epoch:    540 | Train loss: 0.0393 | Valid loss: 0.0953 | Train acc: 0.9848 | Valid acc: 0.9629 | patience: 496 | Epoch time: 36.8 |

2023-01-27 20:02:36,261 - INFO -
| Epoch:    541 | Train loss: 0.0402 | Valid loss: 0.0974 | Train acc: 0.9849 | Valid acc: 0.9632 | patience: 497 | Epoch time: 36.9 |

2023-01-27 20:03:13,106 - INFO -
| Epoch:    542 | Train loss: 0.0412 | Valid loss: 0.0981 | Train acc: 0.9850 | Valid acc: 0.9635 | patience: 498 | Epoch time: 36.8 |

2023-01-27 20:03:49,914 - INFO -
| Epoch:    543 | Train loss: 0.0389 | Valid loss: 0.0964 | Train acc: 0.9849 | Valid acc: 0.9622 | patience: 499 | Epoch time: 36.8 |

2023-01-27 20:04:26,748 - INFO -
| Epoch:    544 | Train loss: 0.0396 | Valid loss: 0.0958 | Train acc: 0.9846 | Valid acc: 0.9630 | patience: 500 | Epoch time: 36.8 |

2023-01-27 20:05:03,530 - INFO -
Early stop.

2023-01-27 20:05:03,604 - INFO -
Training if finished.

