2023-01-27 14:29:56,464 - INFO -
gmin                0.01
gmax                10.0
T                   0.1
m                   0.3
ACT_eta1            0.134
ACT_eta2            0.962
ACT_eta3            0.183
ACT_eta4            24.1
NEG_eta1            -0.104
NEG_eta2            0.899
NEG_eta3            -0.056
NEG_eta4            3.858
hidden              [3]
SEED                5
DEVICE              cuda
TIMELIMITATION      45
PATIENCE            500
EPOCH               10000000000
DATASET             2
LR                  0.1
PROGRESSIVE         False
LR_PATIENCE         100
LR_DECAY            0.5
LR_MIN              0.0001
MODE                aging
M_train             50
K_train             10
M_test              500
K_test              500
t_test_max          10
integration         MC
VARIATION           False
N_train             1
e_train             0.0
N_test              100
e_test              0.1
projectname         ICCAD_2022
temppath            ./ICCAD_2022/temp/
logfilepath         ./ICCAD_2022/log/
recording           False
recordpath          ./ICCAD_2022/record/
savepath            ./ICCAD_2022/models/
loglevel            info


2023-01-27 14:29:56,464 - INFO -
Training network on device: cuda.

2023-01-27 14:29:56,464 - INFO -
Training setup: breastcancerwisc_5_aging_0.0_1_MC.

2023-01-27 14:29:56,464 - INFO -
Dataset "breastcancerwisc" has 9 input features and 2 classes. There are 418 training examples, 139 valid examples, and 140 test examples in the dataset.

2023-01-27 14:29:56,464 - INFO -
Topology of the network: [9, 3, 2].

2023-01-27 14:30:34,919 - INFO -
| Epoch:      0 | Train loss: 0.8029 | Valid loss: 0.5155 | Train acc: 0.4949 | Valid acc: 0.7374 | patience:   0 | Epoch time: 38.0 |

2023-01-27 14:31:11,274 - INFO -
| Epoch:      1 | Train loss: 0.5351 | Valid loss: 0.3622 | Train acc: 0.7014 | Valid acc: 0.8521 | patience:   0 | Epoch time: 36.4 |

2023-01-27 14:31:47,707 - INFO -
| Epoch:      2 | Train loss: 0.3031 | Valid loss: 0.1639 | Train acc: 0.8807 | Valid acc: 0.9191 | patience:   0 | Epoch time: 36.4 |

2023-01-27 14:32:24,115 - INFO -
| Epoch:      3 | Train loss: 0.1960 | Valid loss: 0.1292 | Train acc: 0.9392 | Valid acc: 0.9476 | patience:   0 | Epoch time: 36.4 |

2023-01-27 14:33:00,576 - INFO -
| Epoch:      4 | Train loss: 0.0955 | Valid loss: 0.1097 | Train acc: 0.9649 | Valid acc: 0.9515 | patience:   0 | Epoch time: 36.5 |

2023-01-27 14:33:37,023 - INFO -
| Epoch:      5 | Train loss: 0.0706 | Valid loss: 0.1034 | Train acc: 0.9696 | Valid acc: 0.9584 | patience:   0 | Epoch time: 36.4 |

2023-01-27 14:34:13,459 - INFO -
| Epoch:      6 | Train loss: 0.0628 | Valid loss: 0.0964 | Train acc: 0.9707 | Valid acc: 0.9586 | patience:   0 | Epoch time: 36.4 |

2023-01-27 14:34:49,914 - INFO -
| Epoch:      7 | Train loss: 0.0630 | Valid loss: 0.1013 | Train acc: 0.9733 | Valid acc: 0.9607 | patience:   1 | Epoch time: 36.5 |

2023-01-27 14:35:26,408 - INFO -
| Epoch:      8 | Train loss: 0.0604 | Valid loss: 0.0967 | Train acc: 0.9741 | Valid acc: 0.9622 | patience:   2 | Epoch time: 36.5 |

2023-01-27 14:36:02,966 - INFO -
| Epoch:      9 | Train loss: 0.0615 | Valid loss: 0.1022 | Train acc: 0.9743 | Valid acc: 0.9613 | patience:   3 | Epoch time: 36.6 |

2023-01-27 14:36:39,450 - INFO -
| Epoch:     10 | Train loss: 0.0607 | Valid loss: 0.1009 | Train acc: 0.9752 | Valid acc: 0.9607 | patience:   4 | Epoch time: 36.5 |

2023-01-27 14:37:15,972 - INFO -
| Epoch:     11 | Train loss: 0.0600 | Valid loss: 0.1002 | Train acc: 0.9746 | Valid acc: 0.9599 | patience:   5 | Epoch time: 36.5 |

2023-01-27 14:37:52,461 - INFO -
| Epoch:     12 | Train loss: 0.0589 | Valid loss: 0.1005 | Train acc: 0.9761 | Valid acc: 0.9591 | patience:   6 | Epoch time: 36.5 |

2023-01-27 14:38:28,954 - INFO -
| Epoch:     13 | Train loss: 0.0601 | Valid loss: 0.0995 | Train acc: 0.9762 | Valid acc: 0.9602 | patience:   7 | Epoch time: 36.5 |

2023-01-27 14:39:05,441 - INFO -
| Epoch:     14 | Train loss: 0.0588 | Valid loss: 0.1036 | Train acc: 0.9766 | Valid acc: 0.9617 | patience:   8 | Epoch time: 36.5 |

2023-01-27 14:39:41,938 - INFO -
| Epoch:     15 | Train loss: 0.0582 | Valid loss: 0.1023 | Train acc: 0.9771 | Valid acc: 0.9600 | patience:   9 | Epoch time: 36.5 |

2023-01-27 14:40:18,440 - INFO -
| Epoch:     16 | Train loss: 0.0605 | Valid loss: 0.0997 | Train acc: 0.9773 | Valid acc: 0.9615 | patience:  10 | Epoch time: 36.5 |

2023-01-27 14:40:54,912 - INFO -
| Epoch:     17 | Train loss: 0.0586 | Valid loss: 0.0988 | Train acc: 0.9763 | Valid acc: 0.9613 | patience:  11 | Epoch time: 36.5 |

2023-01-27 14:41:31,363 - INFO -
| Epoch:     18 | Train loss: 0.0584 | Valid loss: 0.0982 | Train acc: 0.9777 | Valid acc: 0.9617 | patience:  12 | Epoch time: 36.5 |

2023-01-27 14:42:07,842 - INFO -
| Epoch:     19 | Train loss: 0.0573 | Valid loss: 0.0975 | Train acc: 0.9769 | Valid acc: 0.9616 | patience:  13 | Epoch time: 36.5 |

2023-01-27 14:42:44,321 - INFO -
| Epoch:     20 | Train loss: 0.0573 | Valid loss: 0.1002 | Train acc: 0.9768 | Valid acc: 0.9632 | patience:  14 | Epoch time: 36.5 |

2023-01-27 14:43:20,809 - INFO -
| Epoch:     21 | Train loss: 0.0570 | Valid loss: 0.0964 | Train acc: 0.9780 | Valid acc: 0.9619 | patience:  15 | Epoch time: 36.5 |

2023-01-27 14:43:57,317 - INFO -
| Epoch:     22 | Train loss: 0.0564 | Valid loss: 0.0932 | Train acc: 0.9769 | Valid acc: 0.9632 | patience:   0 | Epoch time: 36.5 |

2023-01-27 14:44:33,781 - INFO -
| Epoch:     23 | Train loss: 0.0569 | Valid loss: 0.0939 | Train acc: 0.9780 | Valid acc: 0.9630 | patience:   1 | Epoch time: 36.5 |

2023-01-27 14:45:10,273 - INFO -
| Epoch:     24 | Train loss: 0.0563 | Valid loss: 0.0945 | Train acc: 0.9780 | Valid acc: 0.9634 | patience:   2 | Epoch time: 36.5 |

2023-01-27 14:45:46,713 - INFO -
| Epoch:     25 | Train loss: 0.0563 | Valid loss: 0.0940 | Train acc: 0.9777 | Valid acc: 0.9633 | patience:   3 | Epoch time: 36.4 |

2023-01-27 14:46:23,194 - INFO -
| Epoch:     26 | Train loss: 0.0562 | Valid loss: 0.0937 | Train acc: 0.9782 | Valid acc: 0.9637 | patience:   4 | Epoch time: 36.5 |

2023-01-27 14:46:59,639 - INFO -
| Epoch:     27 | Train loss: 0.0556 | Valid loss: 0.0941 | Train acc: 0.9775 | Valid acc: 0.9634 | patience:   5 | Epoch time: 36.4 |

2023-01-27 14:47:36,065 - INFO -
| Epoch:     28 | Train loss: 0.0555 | Valid loss: 0.0928 | Train acc: 0.9789 | Valid acc: 0.9634 | patience:   0 | Epoch time: 36.4 |

2023-01-27 14:48:12,559 - INFO -
| Epoch:     29 | Train loss: 0.0550 | Valid loss: 0.0933 | Train acc: 0.9783 | Valid acc: 0.9632 | patience:   1 | Epoch time: 36.5 |

2023-01-27 14:48:49,079 - INFO -
| Epoch:     30 | Train loss: 0.0551 | Valid loss: 0.0963 | Train acc: 0.9788 | Valid acc: 0.9639 | patience:   2 | Epoch time: 36.5 |

2023-01-27 14:49:25,514 - INFO -
| Epoch:     31 | Train loss: 0.0545 | Valid loss: 0.0916 | Train acc: 0.9782 | Valid acc: 0.9635 | patience:   0 | Epoch time: 36.4 |

2023-01-27 14:50:01,925 - INFO -
| Epoch:     32 | Train loss: 0.0544 | Valid loss: 0.0923 | Train acc: 0.9781 | Valid acc: 0.9631 | patience:   1 | Epoch time: 36.4 |

2023-01-27 14:50:38,345 - INFO -
| Epoch:     33 | Train loss: 0.0538 | Valid loss: 0.0921 | Train acc: 0.9787 | Valid acc: 0.9632 | patience:   2 | Epoch time: 36.4 |

2023-01-27 14:51:14,762 - INFO -
| Epoch:     34 | Train loss: 0.0537 | Valid loss: 0.0935 | Train acc: 0.9784 | Valid acc: 0.9635 | patience:   3 | Epoch time: 36.4 |

2023-01-27 14:51:51,238 - INFO -
| Epoch:     35 | Train loss: 0.0539 | Valid loss: 0.0926 | Train acc: 0.9785 | Valid acc: 0.9626 | patience:   4 | Epoch time: 36.5 |

2023-01-27 14:52:27,672 - INFO -
| Epoch:     36 | Train loss: 0.0530 | Valid loss: 0.0934 | Train acc: 0.9781 | Valid acc: 0.9635 | patience:   5 | Epoch time: 36.4 |

2023-01-27 14:53:04,094 - INFO -
| Epoch:     37 | Train loss: 0.0531 | Valid loss: 0.0920 | Train acc: 0.9781 | Valid acc: 0.9627 | patience:   6 | Epoch time: 36.4 |

2023-01-27 14:53:40,513 - INFO -
| Epoch:     38 | Train loss: 0.0528 | Valid loss: 0.0924 | Train acc: 0.9781 | Valid acc: 0.9641 | patience:   7 | Epoch time: 36.4 |

2023-01-27 14:54:16,938 - INFO -
| Epoch:     39 | Train loss: 0.0528 | Valid loss: 0.0942 | Train acc: 0.9784 | Valid acc: 0.9636 | patience:   8 | Epoch time: 36.4 |

2023-01-27 14:54:53,379 - INFO -
| Epoch:     40 | Train loss: 0.0519 | Valid loss: 0.0914 | Train acc: 0.9788 | Valid acc: 0.9631 | patience:   0 | Epoch time: 36.4 |

2023-01-27 14:55:29,849 - INFO -
| Epoch:     41 | Train loss: 0.0537 | Valid loss: 0.0931 | Train acc: 0.9787 | Valid acc: 0.9633 | patience:   1 | Epoch time: 36.5 |

2023-01-27 14:56:06,290 - INFO -
| Epoch:     42 | Train loss: 0.0518 | Valid loss: 0.0931 | Train acc: 0.9786 | Valid acc: 0.9634 | patience:   2 | Epoch time: 36.4 |

2023-01-27 14:56:42,732 - INFO -
| Epoch:     43 | Train loss: 0.0514 | Valid loss: 0.0927 | Train acc: 0.9784 | Valid acc: 0.9629 | patience:   3 | Epoch time: 36.4 |

2023-01-27 14:57:19,215 - INFO -
| Epoch:     44 | Train loss: 0.0522 | Valid loss: 0.0919 | Train acc: 0.9789 | Valid acc: 0.9636 | patience:   4 | Epoch time: 36.5 |

2023-01-27 14:57:55,710 - INFO -
| Epoch:     45 | Train loss: 0.0516 | Valid loss: 0.0917 | Train acc: 0.9789 | Valid acc: 0.9633 | patience:   5 | Epoch time: 36.5 |

2023-01-27 14:58:32,372 - INFO -
| Epoch:     46 | Train loss: 0.0483 | Valid loss: 0.0920 | Train acc: 0.9792 | Valid acc: 0.9637 | patience:   6 | Epoch time: 36.7 |

2023-01-27 14:59:08,842 - INFO -
| Epoch:     47 | Train loss: 0.0498 | Valid loss: 0.0912 | Train acc: 0.9788 | Valid acc: 0.9634 | patience:   0 | Epoch time: 36.5 |

2023-01-27 14:59:45,291 - INFO -
| Epoch:     48 | Train loss: 0.0508 | Valid loss: 0.0939 | Train acc: 0.9794 | Valid acc: 0.9641 | patience:   1 | Epoch time: 36.4 |

2023-01-27 15:00:21,774 - INFO -
| Epoch:     49 | Train loss: 0.0490 | Valid loss: 0.0915 | Train acc: 0.9797 | Valid acc: 0.9636 | patience:   2 | Epoch time: 36.5 |

2023-01-27 15:00:58,255 - INFO -
| Epoch:     50 | Train loss: 0.0512 | Valid loss: 0.0928 | Train acc: 0.9790 | Valid acc: 0.9635 | patience:   3 | Epoch time: 36.5 |

2023-01-27 15:01:35,000 - INFO -
| Epoch:     51 | Train loss: 0.0506 | Valid loss: 0.0940 | Train acc: 0.9792 | Valid acc: 0.9641 | patience:   4 | Epoch time: 36.7 |

2023-01-27 15:02:11,623 - INFO -
| Epoch:     52 | Train loss: 0.0481 | Valid loss: 0.0922 | Train acc: 0.9802 | Valid acc: 0.9631 | patience:   5 | Epoch time: 36.6 |

2023-01-27 15:02:48,132 - INFO -
| Epoch:     53 | Train loss: 0.0483 | Valid loss: 0.0934 | Train acc: 0.9802 | Valid acc: 0.9641 | patience:   6 | Epoch time: 36.5 |

2023-01-27 15:03:24,597 - INFO -
| Epoch:     54 | Train loss: 0.0480 | Valid loss: 0.0922 | Train acc: 0.9799 | Valid acc: 0.9635 | patience:   7 | Epoch time: 36.5 |

2023-01-27 15:04:01,048 - INFO -
| Epoch:     55 | Train loss: 0.0474 | Valid loss: 0.0930 | Train acc: 0.9806 | Valid acc: 0.9633 | patience:   8 | Epoch time: 36.5 |

2023-01-27 15:04:37,652 - INFO -
| Epoch:     56 | Train loss: 0.0499 | Valid loss: 0.0914 | Train acc: 0.9795 | Valid acc: 0.9636 | patience:   9 | Epoch time: 36.6 |

2023-01-27 15:05:14,091 - INFO -
| Epoch:     57 | Train loss: 0.0477 | Valid loss: 0.0946 | Train acc: 0.9806 | Valid acc: 0.9637 | patience:  10 | Epoch time: 36.4 |

2023-01-27 15:05:50,542 - INFO -
| Epoch:     58 | Train loss: 0.0478 | Valid loss: 0.0923 | Train acc: 0.9801 | Valid acc: 0.9636 | patience:  11 | Epoch time: 36.5 |

2023-01-27 15:06:27,052 - INFO -
| Epoch:     59 | Train loss: 0.0488 | Valid loss: 0.0933 | Train acc: 0.9813 | Valid acc: 0.9634 | patience:  12 | Epoch time: 36.5 |

2023-01-27 15:07:03,535 - INFO -
| Epoch:     60 | Train loss: 0.0475 | Valid loss: 0.0924 | Train acc: 0.9808 | Valid acc: 0.9628 | patience:  13 | Epoch time: 36.5 |

2023-01-27 15:07:40,035 - INFO -
| Epoch:     61 | Train loss: 0.0462 | Valid loss: 0.0933 | Train acc: 0.9809 | Valid acc: 0.9627 | patience:  14 | Epoch time: 36.5 |

2023-01-27 15:08:16,515 - INFO -
| Epoch:     62 | Train loss: 0.0470 | Valid loss: 0.0931 | Train acc: 0.9811 | Valid acc: 0.9617 | patience:  15 | Epoch time: 36.5 |

2023-01-27 15:08:52,960 - INFO -
| Epoch:     63 | Train loss: 0.0469 | Valid loss: 0.0940 | Train acc: 0.9815 | Valid acc: 0.9607 | patience:  16 | Epoch time: 36.4 |

2023-01-27 15:09:29,693 - INFO -
| Epoch:     64 | Train loss: 0.0474 | Valid loss: 0.0930 | Train acc: 0.9821 | Valid acc: 0.9627 | patience:  17 | Epoch time: 36.7 |

2023-01-27 15:10:06,436 - INFO -
| Epoch:     65 | Train loss: 0.0464 | Valid loss: 0.0942 | Train acc: 0.9811 | Valid acc: 0.9635 | patience:  18 | Epoch time: 36.7 |

2023-01-27 15:10:43,108 - INFO -
| Epoch:     66 | Train loss: 0.0472 | Valid loss: 0.0926 | Train acc: 0.9814 | Valid acc: 0.9630 | patience:  19 | Epoch time: 36.7 |

2023-01-27 15:11:19,738 - INFO -
| Epoch:     67 | Train loss: 0.0463 | Valid loss: 0.0949 | Train acc: 0.9806 | Valid acc: 0.9632 | patience:  20 | Epoch time: 36.6 |

2023-01-27 15:11:56,358 - INFO -
| Epoch:     68 | Train loss: 0.0480 | Valid loss: 0.0922 | Train acc: 0.9814 | Valid acc: 0.9630 | patience:  21 | Epoch time: 36.6 |

2023-01-27 15:12:33,020 - INFO -
| Epoch:     69 | Train loss: 0.0456 | Valid loss: 0.0940 | Train acc: 0.9818 | Valid acc: 0.9636 | patience:  22 | Epoch time: 36.7 |

2023-01-27 15:13:09,645 - INFO -
| Epoch:     70 | Train loss: 0.0455 | Valid loss: 0.0949 | Train acc: 0.9814 | Valid acc: 0.9632 | patience:  23 | Epoch time: 36.6 |

2023-01-27 15:13:46,244 - INFO -
| Epoch:     71 | Train loss: 0.0462 | Valid loss: 0.0947 | Train acc: 0.9818 | Valid acc: 0.9623 | patience:  24 | Epoch time: 36.6 |

2023-01-27 15:14:22,870 - INFO -
| Epoch:     72 | Train loss: 0.0460 | Valid loss: 0.0926 | Train acc: 0.9809 | Valid acc: 0.9623 | patience:  25 | Epoch time: 36.6 |

2023-01-27 15:14:59,484 - INFO -
| Epoch:     73 | Train loss: 0.0469 | Valid loss: 0.0930 | Train acc: 0.9804 | Valid acc: 0.9633 | patience:  26 | Epoch time: 36.6 |

2023-01-27 15:15:36,108 - INFO -
| Epoch:     74 | Train loss: 0.0449 | Valid loss: 0.0970 | Train acc: 0.9820 | Valid acc: 0.9623 | patience:  27 | Epoch time: 36.6 |

2023-01-27 15:16:12,714 - INFO -
| Epoch:     75 | Train loss: 0.0454 | Valid loss: 0.0963 | Train acc: 0.9826 | Valid acc: 0.9623 | patience:  28 | Epoch time: 36.6 |

2023-01-27 15:16:49,341 - INFO -
| Epoch:     76 | Train loss: 0.0458 | Valid loss: 0.0966 | Train acc: 0.9804 | Valid acc: 0.9628 | patience:  29 | Epoch time: 36.6 |

2023-01-27 15:17:25,977 - INFO -
| Epoch:     77 | Train loss: 0.0445 | Valid loss: 0.0952 | Train acc: 0.9813 | Valid acc: 0.9618 | patience:  30 | Epoch time: 36.6 |

2023-01-27 15:18:02,602 - INFO -
| Epoch:     78 | Train loss: 0.0460 | Valid loss: 0.0959 | Train acc: 0.9829 | Valid acc: 0.9633 | patience:  31 | Epoch time: 36.6 |

2023-01-27 15:18:39,207 - INFO -
| Epoch:     79 | Train loss: 0.0455 | Valid loss: 0.0953 | Train acc: 0.9825 | Valid acc: 0.9623 | patience:  32 | Epoch time: 36.6 |

2023-01-27 15:19:15,929 - INFO -
| Epoch:     80 | Train loss: 0.0465 | Valid loss: 0.0970 | Train acc: 0.9823 | Valid acc: 0.9628 | patience:  33 | Epoch time: 36.7 |

2023-01-27 15:19:52,555 - INFO -
| Epoch:     81 | Train loss: 0.0444 | Valid loss: 0.0983 | Train acc: 0.9819 | Valid acc: 0.9634 | patience:  34 | Epoch time: 36.6 |

2023-01-27 15:20:29,211 - INFO -
| Epoch:     82 | Train loss: 0.0450 | Valid loss: 0.0957 | Train acc: 0.9823 | Valid acc: 0.9627 | patience:  35 | Epoch time: 36.7 |

2023-01-27 15:21:05,885 - INFO -
| Epoch:     83 | Train loss: 0.0438 | Valid loss: 0.0945 | Train acc: 0.9820 | Valid acc: 0.9629 | patience:  36 | Epoch time: 36.7 |

2023-01-27 15:21:42,526 - INFO -
| Epoch:     84 | Train loss: 0.0439 | Valid loss: 0.0955 | Train acc: 0.9824 | Valid acc: 0.9614 | patience:  37 | Epoch time: 36.6 |

2023-01-27 15:22:19,173 - INFO -
| Epoch:     85 | Train loss: 0.0460 | Valid loss: 0.0960 | Train acc: 0.9821 | Valid acc: 0.9622 | patience:  38 | Epoch time: 36.6 |

2023-01-27 15:22:55,805 - INFO -
| Epoch:     86 | Train loss: 0.0446 | Valid loss: 0.0944 | Train acc: 0.9816 | Valid acc: 0.9623 | patience:  39 | Epoch time: 36.6 |

2023-01-27 15:23:32,532 - INFO -
| Epoch:     87 | Train loss: 0.0452 | Valid loss: 0.0952 | Train acc: 0.9813 | Valid acc: 0.9617 | patience:  40 | Epoch time: 36.7 |

2023-01-27 15:24:09,265 - INFO -
| Epoch:     88 | Train loss: 0.0458 | Valid loss: 0.0975 | Train acc: 0.9815 | Valid acc: 0.9610 | patience:  41 | Epoch time: 36.7 |

2023-01-27 15:24:45,889 - INFO -
| Epoch:     89 | Train loss: 0.0433 | Valid loss: 0.1021 | Train acc: 0.9822 | Valid acc: 0.9610 | patience:  42 | Epoch time: 36.6 |

2023-01-27 15:25:22,522 - INFO -
| Epoch:     90 | Train loss: 0.0462 | Valid loss: 0.1017 | Train acc: 0.9821 | Valid acc: 0.9604 | patience:  43 | Epoch time: 36.6 |

2023-01-27 15:25:59,177 - INFO -
| Epoch:     91 | Train loss: 0.0445 | Valid loss: 0.0975 | Train acc: 0.9822 | Valid acc: 0.9620 | patience:  44 | Epoch time: 36.7 |

2023-01-27 15:26:35,859 - INFO -
| Epoch:     92 | Train loss: 0.0449 | Valid loss: 0.0992 | Train acc: 0.9824 | Valid acc: 0.9612 | patience:  45 | Epoch time: 36.7 |

2023-01-27 15:27:12,524 - INFO -
| Epoch:     93 | Train loss: 0.0450 | Valid loss: 0.0992 | Train acc: 0.9822 | Valid acc: 0.9619 | patience:  46 | Epoch time: 36.7 |

2023-01-27 15:27:49,191 - INFO -
| Epoch:     94 | Train loss: 0.0462 | Valid loss: 0.0994 | Train acc: 0.9824 | Valid acc: 0.9616 | patience:  47 | Epoch time: 36.7 |

2023-01-27 15:28:25,843 - INFO -
| Epoch:     95 | Train loss: 0.0426 | Valid loss: 0.0993 | Train acc: 0.9832 | Valid acc: 0.9615 | patience:  48 | Epoch time: 36.7 |

2023-01-27 15:29:02,501 - INFO -
| Epoch:     96 | Train loss: 0.0442 | Valid loss: 0.0965 | Train acc: 0.9825 | Valid acc: 0.9616 | patience:  49 | Epoch time: 36.7 |

2023-01-27 15:29:39,183 - INFO -
| Epoch:     97 | Train loss: 0.0433 | Valid loss: 0.0967 | Train acc: 0.9818 | Valid acc: 0.9606 | patience:  50 | Epoch time: 36.7 |

2023-01-27 15:30:15,861 - INFO -
| Epoch:     98 | Train loss: 0.0441 | Valid loss: 0.0951 | Train acc: 0.9818 | Valid acc: 0.9629 | patience:  51 | Epoch time: 36.7 |

2023-01-27 15:30:52,633 - INFO -
| Epoch:     99 | Train loss: 0.0432 | Valid loss: 0.0954 | Train acc: 0.9828 | Valid acc: 0.9620 | patience:  52 | Epoch time: 36.8 |

2023-01-27 15:31:29,398 - INFO -
| Epoch:    100 | Train loss: 0.0435 | Valid loss: 0.0950 | Train acc: 0.9828 | Valid acc: 0.9625 | patience:  53 | Epoch time: 36.8 |

2023-01-27 15:32:06,031 - INFO -
| Epoch:    101 | Train loss: 0.0449 | Valid loss: 0.0965 | Train acc: 0.9831 | Valid acc: 0.9609 | patience:  54 | Epoch time: 36.6 |

2023-01-27 15:32:42,669 - INFO -
| Epoch:    102 | Train loss: 0.0426 | Valid loss: 0.1007 | Train acc: 0.9825 | Valid acc: 0.9603 | patience:  55 | Epoch time: 36.6 |

2023-01-27 15:33:19,309 - INFO -
| Epoch:    103 | Train loss: 0.0450 | Valid loss: 0.1001 | Train acc: 0.9826 | Valid acc: 0.9606 | patience:  56 | Epoch time: 36.6 |

2023-01-27 15:33:55,944 - INFO -
| Epoch:    104 | Train loss: 0.0452 | Valid loss: 0.1003 | Train acc: 0.9819 | Valid acc: 0.9584 | patience:  57 | Epoch time: 36.6 |

2023-01-27 15:34:32,728 - INFO -
| Epoch:    105 | Train loss: 0.0441 | Valid loss: 0.1022 | Train acc: 0.9826 | Valid acc: 0.9598 | patience:  58 | Epoch time: 36.8 |

2023-01-27 15:35:09,368 - INFO -
| Epoch:    106 | Train loss: 0.0449 | Valid loss: 0.1019 | Train acc: 0.9820 | Valid acc: 0.9607 | patience:  59 | Epoch time: 36.6 |

2023-01-27 15:35:45,985 - INFO -
| Epoch:    107 | Train loss: 0.0460 | Valid loss: 0.1052 | Train acc: 0.9825 | Valid acc: 0.9600 | patience:  60 | Epoch time: 36.6 |

2023-01-27 15:36:22,607 - INFO -
| Epoch:    108 | Train loss: 0.0438 | Valid loss: 0.0991 | Train acc: 0.9829 | Valid acc: 0.9604 | patience:  61 | Epoch time: 36.6 |

2023-01-27 15:36:59,309 - INFO -
| Epoch:    109 | Train loss: 0.0447 | Valid loss: 0.1002 | Train acc: 0.9827 | Valid acc: 0.9602 | patience:  62 | Epoch time: 36.7 |

2023-01-27 15:37:35,994 - INFO -
| Epoch:    110 | Train loss: 0.0433 | Valid loss: 0.0951 | Train acc: 0.9833 | Valid acc: 0.9618 | patience:  63 | Epoch time: 36.7 |

2023-01-27 15:38:12,577 - INFO -
| Epoch:    111 | Train loss: 0.0424 | Valid loss: 0.0947 | Train acc: 0.9839 | Valid acc: 0.9620 | patience:  64 | Epoch time: 36.6 |

2023-01-27 15:38:49,164 - INFO -
| Epoch:    112 | Train loss: 0.0436 | Valid loss: 0.0986 | Train acc: 0.9836 | Valid acc: 0.9592 | patience:  65 | Epoch time: 36.6 |

2023-01-27 15:39:25,732 - INFO -
| Epoch:    113 | Train loss: 0.0440 | Valid loss: 0.0956 | Train acc: 0.9820 | Valid acc: 0.9619 | patience:  66 | Epoch time: 36.6 |

2023-01-27 15:40:02,394 - INFO -
| Epoch:    114 | Train loss: 0.0438 | Valid loss: 0.0965 | Train acc: 0.9841 | Valid acc: 0.9615 | patience:  67 | Epoch time: 36.7 |

2023-01-27 15:40:39,038 - INFO -
| Epoch:    115 | Train loss: 0.0431 | Valid loss: 0.0959 | Train acc: 0.9825 | Valid acc: 0.9611 | patience:  68 | Epoch time: 36.6 |

2023-01-27 15:41:15,683 - INFO -
| Epoch:    116 | Train loss: 0.0437 | Valid loss: 0.0960 | Train acc: 0.9821 | Valid acc: 0.9591 | patience:  69 | Epoch time: 36.6 |

2023-01-27 15:41:52,813 - INFO -
| Epoch:    117 | Train loss: 0.0438 | Valid loss: 0.0959 | Train acc: 0.9826 | Valid acc: 0.9616 | patience:  70 | Epoch time: 37.1 |

2023-01-27 15:42:29,287 - INFO -
| Epoch:    118 | Train loss: 0.0443 | Valid loss: 0.0985 | Train acc: 0.9832 | Valid acc: 0.9595 | patience:  71 | Epoch time: 36.5 |

2023-01-27 15:43:06,004 - INFO -
| Epoch:    119 | Train loss: 0.0445 | Valid loss: 0.0994 | Train acc: 0.9833 | Valid acc: 0.9598 | patience:  72 | Epoch time: 36.7 |

2023-01-27 15:43:42,523 - INFO -
| Epoch:    120 | Train loss: 0.0432 | Valid loss: 0.1020 | Train acc: 0.9833 | Valid acc: 0.9608 | patience:  73 | Epoch time: 36.5 |

2023-01-27 15:44:19,038 - INFO -
| Epoch:    121 | Train loss: 0.0422 | Valid loss: 0.1001 | Train acc: 0.9830 | Valid acc: 0.9623 | patience:  74 | Epoch time: 36.5 |

2023-01-27 15:44:55,530 - INFO -
| Epoch:    122 | Train loss: 0.0429 | Valid loss: 0.0975 | Train acc: 0.9830 | Valid acc: 0.9605 | patience:  75 | Epoch time: 36.5 |

2023-01-27 15:45:32,132 - INFO -
| Epoch:    123 | Train loss: 0.0424 | Valid loss: 0.0995 | Train acc: 0.9834 | Valid acc: 0.9616 | patience:  76 | Epoch time: 36.6 |

2023-01-27 15:46:08,632 - INFO -
| Epoch:    124 | Train loss: 0.0431 | Valid loss: 0.0985 | Train acc: 0.9835 | Valid acc: 0.9616 | patience:  77 | Epoch time: 36.5 |

2023-01-27 15:46:45,119 - INFO -
| Epoch:    125 | Train loss: 0.0426 | Valid loss: 0.0993 | Train acc: 0.9834 | Valid acc: 0.9610 | patience:  78 | Epoch time: 36.5 |

2023-01-27 15:47:21,700 - INFO -
| Epoch:    126 | Train loss: 0.0411 | Valid loss: 0.0973 | Train acc: 0.9842 | Valid acc: 0.9613 | patience:  79 | Epoch time: 36.6 |

2023-01-27 15:47:58,212 - INFO -
| Epoch:    127 | Train loss: 0.0432 | Valid loss: 0.0989 | Train acc: 0.9830 | Valid acc: 0.9615 | patience:  80 | Epoch time: 36.5 |

2023-01-27 15:48:34,607 - INFO -
| Epoch:    128 | Train loss: 0.0433 | Valid loss: 0.0992 | Train acc: 0.9835 | Valid acc: 0.9605 | patience:  81 | Epoch time: 36.4 |

2023-01-27 15:49:10,982 - INFO -
| Epoch:    129 | Train loss: 0.0438 | Valid loss: 0.0970 | Train acc: 0.9834 | Valid acc: 0.9613 | patience:  82 | Epoch time: 36.4 |

2023-01-27 15:49:47,340 - INFO -
| Epoch:    130 | Train loss: 0.0427 | Valid loss: 0.0972 | Train acc: 0.9830 | Valid acc: 0.9622 | patience:  83 | Epoch time: 36.4 |

2023-01-27 15:50:23,709 - INFO -
| Epoch:    131 | Train loss: 0.0426 | Valid loss: 0.0967 | Train acc: 0.9835 | Valid acc: 0.9618 | patience:  84 | Epoch time: 36.4 |

2023-01-27 15:51:00,084 - INFO -
| Epoch:    132 | Train loss: 0.0440 | Valid loss: 0.0972 | Train acc: 0.9838 | Valid acc: 0.9626 | patience:  85 | Epoch time: 36.4 |

2023-01-27 15:51:36,470 - INFO -
| Epoch:    133 | Train loss: 0.0425 | Valid loss: 0.0958 | Train acc: 0.9832 | Valid acc: 0.9624 | patience:  86 | Epoch time: 36.4 |

2023-01-27 15:52:12,875 - INFO -
| Epoch:    134 | Train loss: 0.0429 | Valid loss: 0.0981 | Train acc: 0.9834 | Valid acc: 0.9617 | patience:  87 | Epoch time: 36.4 |

2023-01-27 15:52:49,252 - INFO -
| Epoch:    135 | Train loss: 0.0440 | Valid loss: 0.0978 | Train acc: 0.9826 | Valid acc: 0.9615 | patience:  88 | Epoch time: 36.4 |

2023-01-27 15:53:25,625 - INFO -
| Epoch:    136 | Train loss: 0.0427 | Valid loss: 0.0967 | Train acc: 0.9839 | Valid acc: 0.9622 | patience:  89 | Epoch time: 36.4 |

2023-01-27 15:54:02,013 - INFO -
| Epoch:    137 | Train loss: 0.0424 | Valid loss: 0.0995 | Train acc: 0.9821 | Valid acc: 0.9621 | patience:  90 | Epoch time: 36.4 |

2023-01-27 15:54:38,405 - INFO -
| Epoch:    138 | Train loss: 0.0420 | Valid loss: 0.0974 | Train acc: 0.9837 | Valid acc: 0.9621 | patience:  91 | Epoch time: 36.4 |

2023-01-27 15:55:14,797 - INFO -
| Epoch:    139 | Train loss: 0.0442 | Valid loss: 0.0995 | Train acc: 0.9835 | Valid acc: 0.9610 | patience:  92 | Epoch time: 36.4 |

2023-01-27 15:55:51,204 - INFO -
| Epoch:    140 | Train loss: 0.0426 | Valid loss: 0.0969 | Train acc: 0.9833 | Valid acc: 0.9615 | patience:  93 | Epoch time: 36.4 |

2023-01-27 15:56:27,609 - INFO -
| Epoch:    141 | Train loss: 0.0413 | Valid loss: 0.0974 | Train acc: 0.9836 | Valid acc: 0.9613 | patience:  94 | Epoch time: 36.4 |

2023-01-27 15:57:03,991 - INFO -
| Epoch:    142 | Train loss: 0.0433 | Valid loss: 0.0964 | Train acc: 0.9843 | Valid acc: 0.9602 | patience:  95 | Epoch time: 36.4 |

2023-01-27 15:57:40,378 - INFO -
| Epoch:    143 | Train loss: 0.0425 | Valid loss: 0.0990 | Train acc: 0.9843 | Valid acc: 0.9621 | patience:  96 | Epoch time: 36.4 |

2023-01-27 15:58:16,780 - INFO -
| Epoch:    144 | Train loss: 0.0432 | Valid loss: 0.0989 | Train acc: 0.9830 | Valid acc: 0.9621 | patience:  97 | Epoch time: 36.4 |

2023-01-27 15:58:53,180 - INFO -
| Epoch:    145 | Train loss: 0.0420 | Valid loss: 0.0991 | Train acc: 0.9832 | Valid acc: 0.9627 | patience:  98 | Epoch time: 36.4 |

2023-01-27 15:59:29,552 - INFO -
| Epoch:    146 | Train loss: 0.0416 | Valid loss: 0.0975 | Train acc: 0.9845 | Valid acc: 0.9609 | patience:  99 | Epoch time: 36.4 |

2023-01-27 16:00:05,949 - INFO -
| Epoch:    147 | Train loss: 0.0417 | Valid loss: 0.0971 | Train acc: 0.9833 | Valid acc: 0.9619 | patience: 100 | Epoch time: 36.4 |

2023-01-27 16:00:42,443 - INFO -
| Epoch:    148 | Train loss: 0.0416 | Valid loss: 0.0947 | Train acc: 0.9844 | Valid acc: 0.9626 | patience: 101 | Epoch time: 36.5 |

2023-01-27 16:01:18,835 - INFO -
| Epoch:    149 | Train loss: 0.0424 | Valid loss: 0.0978 | Train acc: 0.9832 | Valid acc: 0.9620 | patience: 102 | Epoch time: 36.4 |

2023-01-27 16:01:55,212 - INFO -
| Epoch:    150 | Train loss: 0.0437 | Valid loss: 0.0986 | Train acc: 0.9832 | Valid acc: 0.9613 | patience: 103 | Epoch time: 36.4 |

2023-01-27 16:02:31,609 - INFO -
| Epoch:    151 | Train loss: 0.0437 | Valid loss: 0.0979 | Train acc: 0.9843 | Valid acc: 0.9620 | patience: 104 | Epoch time: 36.4 |

2023-01-27 16:03:07,994 - INFO -
| Epoch:    152 | Train loss: 0.0416 | Valid loss: 0.0956 | Train acc: 0.9837 | Valid acc: 0.9619 | patience: 105 | Epoch time: 36.4 |

2023-01-27 16:03:44,406 - INFO -
| Epoch:    153 | Train loss: 0.0421 | Valid loss: 0.0968 | Train acc: 0.9840 | Valid acc: 0.9607 | patience: 106 | Epoch time: 36.4 |

2023-01-27 16:04:20,823 - INFO -
| Epoch:    154 | Train loss: 0.0407 | Valid loss: 0.0970 | Train acc: 0.9832 | Valid acc: 0.9627 | patience: 107 | Epoch time: 36.4 |

2023-01-27 16:04:57,210 - INFO -
| Epoch:    155 | Train loss: 0.0483 | Valid loss: 0.0986 | Train acc: 0.9838 | Valid acc: 0.9616 | patience: 108 | Epoch time: 36.4 |

2023-01-27 16:05:33,589 - INFO -
| Epoch:    156 | Train loss: 0.0425 | Valid loss: 0.0979 | Train acc: 0.9841 | Valid acc: 0.9621 | patience: 109 | Epoch time: 36.4 |

2023-01-27 16:06:09,974 - INFO -
| Epoch:    157 | Train loss: 0.0412 | Valid loss: 0.0977 | Train acc: 0.9841 | Valid acc: 0.9629 | patience: 110 | Epoch time: 36.4 |

2023-01-27 16:06:46,362 - INFO -
| Epoch:    158 | Train loss: 0.0420 | Valid loss: 0.0979 | Train acc: 0.9838 | Valid acc: 0.9622 | patience: 111 | Epoch time: 36.4 |

2023-01-27 16:07:22,797 - INFO -
| Epoch:    159 | Train loss: 0.0417 | Valid loss: 0.0988 | Train acc: 0.9828 | Valid acc: 0.9621 | patience: 112 | Epoch time: 36.4 |

2023-01-27 16:07:59,180 - INFO -
| Epoch:    160 | Train loss: 0.0411 | Valid loss: 0.0959 | Train acc: 0.9842 | Valid acc: 0.9629 | patience: 113 | Epoch time: 36.4 |

2023-01-27 16:08:35,554 - INFO -
| Epoch:    161 | Train loss: 0.0418 | Valid loss: 0.0998 | Train acc: 0.9843 | Valid acc: 0.9625 | patience: 114 | Epoch time: 36.4 |

2023-01-27 16:09:11,930 - INFO -
| Epoch:    162 | Train loss: 0.0416 | Valid loss: 0.0970 | Train acc: 0.9834 | Valid acc: 0.9634 | patience: 115 | Epoch time: 36.4 |

2023-01-27 16:09:48,291 - INFO -
| Epoch:    163 | Train loss: 0.0417 | Valid loss: 0.0972 | Train acc: 0.9837 | Valid acc: 0.9600 | patience: 116 | Epoch time: 36.4 |

2023-01-27 16:10:24,647 - INFO -
| Epoch:    164 | Train loss: 0.0417 | Valid loss: 0.1008 | Train acc: 0.9834 | Valid acc: 0.9598 | patience: 117 | Epoch time: 36.4 |

2023-01-27 16:11:01,031 - INFO -
| Epoch:    165 | Train loss: 0.0419 | Valid loss: 0.0985 | Train acc: 0.9832 | Valid acc: 0.9597 | patience: 118 | Epoch time: 36.4 |

2023-01-27 16:11:37,373 - INFO -
| Epoch:    166 | Train loss: 0.0411 | Valid loss: 0.0980 | Train acc: 0.9830 | Valid acc: 0.9618 | patience: 119 | Epoch time: 36.3 |

2023-01-27 16:12:13,717 - INFO -
| Epoch:    167 | Train loss: 0.0406 | Valid loss: 0.0976 | Train acc: 0.9846 | Valid acc: 0.9618 | patience: 120 | Epoch time: 36.3 |

2023-01-27 16:12:50,095 - INFO -
| Epoch:    168 | Train loss: 0.0431 | Valid loss: 0.0987 | Train acc: 0.9835 | Valid acc: 0.9623 | patience: 121 | Epoch time: 36.4 |

2023-01-27 16:13:26,602 - INFO -
| Epoch:    169 | Train loss: 0.0405 | Valid loss: 0.0969 | Train acc: 0.9835 | Valid acc: 0.9622 | patience: 122 | Epoch time: 36.5 |

2023-01-27 16:14:02,995 - INFO -
| Epoch:    170 | Train loss: 0.0412 | Valid loss: 0.0969 | Train acc: 0.9834 | Valid acc: 0.9628 | patience: 123 | Epoch time: 36.4 |

2023-01-27 16:14:39,377 - INFO -
| Epoch:    171 | Train loss: 0.0426 | Valid loss: 0.0973 | Train acc: 0.9837 | Valid acc: 0.9619 | patience: 124 | Epoch time: 36.4 |

2023-01-27 16:15:15,753 - INFO -
| Epoch:    172 | Train loss: 0.0417 | Valid loss: 0.0959 | Train acc: 0.9841 | Valid acc: 0.9624 | patience: 125 | Epoch time: 36.4 |

2023-01-27 16:15:52,132 - INFO -
| Epoch:    173 | Train loss: 0.0423 | Valid loss: 0.0982 | Train acc: 0.9836 | Valid acc: 0.9612 | patience: 126 | Epoch time: 36.4 |

2023-01-27 16:16:28,513 - INFO -
| Epoch:    174 | Train loss: 0.0434 | Valid loss: 0.0972 | Train acc: 0.9845 | Valid acc: 0.9614 | patience: 127 | Epoch time: 36.4 |

2023-01-27 16:17:04,910 - INFO -
| Epoch:    175 | Train loss: 0.0405 | Valid loss: 0.1001 | Train acc: 0.9839 | Valid acc: 0.9613 | patience: 128 | Epoch time: 36.4 |

2023-01-27 16:17:41,330 - INFO -
| Epoch:    176 | Train loss: 0.0428 | Valid loss: 0.0976 | Train acc: 0.9837 | Valid acc: 0.9607 | patience: 129 | Epoch time: 36.4 |

2023-01-27 16:18:17,719 - INFO -
| Epoch:    177 | Train loss: 0.0415 | Valid loss: 0.0973 | Train acc: 0.9831 | Valid acc: 0.9610 | patience: 130 | Epoch time: 36.4 |

2023-01-27 16:18:54,138 - INFO -
| Epoch:    178 | Train loss: 0.0423 | Valid loss: 0.0992 | Train acc: 0.9837 | Valid acc: 0.9615 | patience: 131 | Epoch time: 36.4 |

2023-01-27 16:19:30,552 - INFO -
| Epoch:    179 | Train loss: 0.0422 | Valid loss: 0.0973 | Train acc: 0.9832 | Valid acc: 0.9618 | patience: 132 | Epoch time: 36.4 |

2023-01-27 16:20:06,953 - INFO -
| Epoch:    180 | Train loss: 0.0415 | Valid loss: 0.0980 | Train acc: 0.9843 | Valid acc: 0.9620 | patience: 133 | Epoch time: 36.4 |

2023-01-27 16:20:43,339 - INFO -
| Epoch:    181 | Train loss: 0.0411 | Valid loss: 0.0992 | Train acc: 0.9843 | Valid acc: 0.9613 | patience: 134 | Epoch time: 36.4 |

2023-01-27 16:21:19,748 - INFO -
| Epoch:    182 | Train loss: 0.0412 | Valid loss: 0.0958 | Train acc: 0.9825 | Valid acc: 0.9613 | patience: 135 | Epoch time: 36.4 |

2023-01-27 16:21:56,145 - INFO -
| Epoch:    183 | Train loss: 0.0438 | Valid loss: 0.0986 | Train acc: 0.9836 | Valid acc: 0.9617 | patience: 136 | Epoch time: 36.4 |

2023-01-27 16:22:32,540 - INFO -
| Epoch:    184 | Train loss: 0.0408 | Valid loss: 0.0989 | Train acc: 0.9843 | Valid acc: 0.9613 | patience: 137 | Epoch time: 36.4 |

2023-01-27 16:23:08,944 - INFO -
| Epoch:    185 | Train loss: 0.0412 | Valid loss: 0.0966 | Train acc: 0.9844 | Valid acc: 0.9623 | patience: 138 | Epoch time: 36.4 |

2023-01-27 16:23:45,308 - INFO -
| Epoch:    186 | Train loss: 0.0415 | Valid loss: 0.0973 | Train acc: 0.9842 | Valid acc: 0.9623 | patience: 139 | Epoch time: 36.4 |

2023-01-27 16:24:21,721 - INFO -
| Epoch:    187 | Train loss: 0.0424 | Valid loss: 0.0947 | Train acc: 0.9839 | Valid acc: 0.9629 | patience: 140 | Epoch time: 36.4 |

2023-01-27 16:24:58,154 - INFO -
| Epoch:    188 | Train loss: 0.0408 | Valid loss: 0.0966 | Train acc: 0.9837 | Valid acc: 0.9624 | patience: 141 | Epoch time: 36.4 |

2023-01-27 16:25:34,566 - INFO -
| Epoch:    189 | Train loss: 0.0420 | Valid loss: 0.0970 | Train acc: 0.9844 | Valid acc: 0.9631 | patience: 142 | Epoch time: 36.4 |

2023-01-27 16:26:10,884 - INFO -
| Epoch:    190 | Train loss: 0.0425 | Valid loss: 0.0981 | Train acc: 0.9842 | Valid acc: 0.9617 | patience: 143 | Epoch time: 36.3 |

2023-01-27 16:26:47,265 - INFO -
| Epoch:    191 | Train loss: 0.0411 | Valid loss: 0.0961 | Train acc: 0.9842 | Valid acc: 0.9623 | patience: 144 | Epoch time: 36.4 |

2023-01-27 16:27:23,717 - INFO -
| Epoch:    192 | Train loss: 0.0405 | Valid loss: 0.0990 | Train acc: 0.9842 | Valid acc: 0.9616 | patience: 145 | Epoch time: 36.5 |

2023-01-27 16:28:00,137 - INFO -
| Epoch:    193 | Train loss: 0.0402 | Valid loss: 0.0984 | Train acc: 0.9845 | Valid acc: 0.9612 | patience: 146 | Epoch time: 36.4 |

2023-01-27 16:28:36,514 - INFO -
| Epoch:    194 | Train loss: 0.0396 | Valid loss: 0.0982 | Train acc: 0.9847 | Valid acc: 0.9607 | patience: 147 | Epoch time: 36.4 |

2023-01-27 16:29:12,943 - INFO -
| Epoch:    195 | Train loss: 0.0412 | Valid loss: 0.0981 | Train acc: 0.9844 | Valid acc: 0.9612 | patience: 148 | Epoch time: 36.4 |

2023-01-27 16:29:49,256 - INFO -
| Epoch:    196 | Train loss: 0.0416 | Valid loss: 0.0973 | Train acc: 0.9842 | Valid acc: 0.9621 | patience: 149 | Epoch time: 36.3 |

2023-01-27 16:30:25,568 - INFO -
| Epoch:    197 | Train loss: 0.0405 | Valid loss: 0.1010 | Train acc: 0.9843 | Valid acc: 0.9617 | patience: 150 | Epoch time: 36.3 |

2023-01-27 16:31:01,998 - INFO -
| Epoch:    198 | Train loss: 0.0412 | Valid loss: 0.0976 | Train acc: 0.9840 | Valid acc: 0.9626 | patience: 151 | Epoch time: 36.4 |

2023-01-27 16:31:38,399 - INFO -
| Epoch:    199 | Train loss: 0.0412 | Valid loss: 0.0973 | Train acc: 0.9838 | Valid acc: 0.9617 | patience: 152 | Epoch time: 36.4 |

2023-01-27 16:32:14,809 - INFO -
| Epoch:    200 | Train loss: 0.0414 | Valid loss: 0.0961 | Train acc: 0.9846 | Valid acc: 0.9633 | patience: 153 | Epoch time: 36.4 |

2023-01-27 16:32:51,115 - INFO -
| Epoch:    201 | Train loss: 0.0416 | Valid loss: 0.0976 | Train acc: 0.9838 | Valid acc: 0.9627 | patience: 154 | Epoch time: 36.3 |

2023-01-27 16:33:27,435 - INFO -
| Epoch:    202 | Train loss: 0.0410 | Valid loss: 0.0979 | Train acc: 0.9848 | Valid acc: 0.9615 | patience: 155 | Epoch time: 36.3 |

2023-01-27 16:34:03,816 - INFO -
| Epoch:    203 | Train loss: 0.0405 | Valid loss: 0.0970 | Train acc: 0.9847 | Valid acc: 0.9630 | patience: 156 | Epoch time: 36.4 |

2023-01-27 16:34:40,215 - INFO -
| Epoch:    204 | Train loss: 0.0421 | Valid loss: 0.0952 | Train acc: 0.9842 | Valid acc: 0.9623 | patience: 157 | Epoch time: 36.4 |

2023-01-27 16:35:16,591 - INFO -
| Epoch:    205 | Train loss: 0.0415 | Valid loss: 0.0958 | Train acc: 0.9849 | Valid acc: 0.9631 | patience: 158 | Epoch time: 36.4 |

2023-01-27 16:35:52,986 - INFO -
| Epoch:    206 | Train loss: 0.0402 | Valid loss: 0.0951 | Train acc: 0.9839 | Valid acc: 0.9626 | patience: 159 | Epoch time: 36.4 |

2023-01-27 16:36:29,417 - INFO -
| Epoch:    207 | Train loss: 0.0427 | Valid loss: 0.0973 | Train acc: 0.9846 | Valid acc: 0.9621 | patience: 160 | Epoch time: 36.4 |

2023-01-27 16:37:05,944 - INFO -
| Epoch:    208 | Train loss: 0.0402 | Valid loss: 0.0987 | Train acc: 0.9847 | Valid acc: 0.9626 | patience: 161 | Epoch time: 36.5 |

2023-01-27 16:37:42,376 - INFO -
| Epoch:    209 | Train loss: 0.0414 | Valid loss: 0.0982 | Train acc: 0.9840 | Valid acc: 0.9611 | patience: 162 | Epoch time: 36.4 |

2023-01-27 16:38:18,777 - INFO -
| Epoch:    210 | Train loss: 0.0403 | Valid loss: 0.0982 | Train acc: 0.9840 | Valid acc: 0.9612 | patience: 163 | Epoch time: 36.4 |

2023-01-27 16:38:55,194 - INFO -
| Epoch:    211 | Train loss: 0.0404 | Valid loss: 0.0974 | Train acc: 0.9847 | Valid acc: 0.9623 | patience: 164 | Epoch time: 36.4 |

2023-01-27 16:39:31,590 - INFO -
| Epoch:    212 | Train loss: 0.0413 | Valid loss: 0.0963 | Train acc: 0.9841 | Valid acc: 0.9612 | patience: 165 | Epoch time: 36.4 |

2023-01-27 16:40:07,969 - INFO -
| Epoch:    213 | Train loss: 0.0414 | Valid loss: 0.0975 | Train acc: 0.9837 | Valid acc: 0.9619 | patience: 166 | Epoch time: 36.4 |

2023-01-27 16:40:44,379 - INFO -
| Epoch:    214 | Train loss: 0.0402 | Valid loss: 0.0984 | Train acc: 0.9843 | Valid acc: 0.9612 | patience: 167 | Epoch time: 36.4 |

2023-01-27 16:41:20,713 - INFO -
| Epoch:    215 | Train loss: 0.0414 | Valid loss: 0.0963 | Train acc: 0.9837 | Valid acc: 0.9624 | patience: 168 | Epoch time: 36.3 |

2023-01-27 16:41:57,133 - INFO -
| Epoch:    216 | Train loss: 0.0409 | Valid loss: 0.0968 | Train acc: 0.9843 | Valid acc: 0.9610 | patience: 169 | Epoch time: 36.4 |

2023-01-27 16:42:33,535 - INFO -
| Epoch:    217 | Train loss: 0.0405 | Valid loss: 0.0981 | Train acc: 0.9840 | Valid acc: 0.9614 | patience: 170 | Epoch time: 36.4 |

2023-01-27 16:43:09,958 - INFO -
| Epoch:    218 | Train loss: 0.0410 | Valid loss: 0.0981 | Train acc: 0.9849 | Valid acc: 0.9620 | patience: 171 | Epoch time: 36.4 |

2023-01-27 16:43:46,349 - INFO -
| Epoch:    219 | Train loss: 0.0411 | Valid loss: 0.0956 | Train acc: 0.9839 | Valid acc: 0.9633 | patience: 172 | Epoch time: 36.4 |

2023-01-27 16:44:22,753 - INFO -
| Epoch:    220 | Train loss: 0.0425 | Valid loss: 0.0966 | Train acc: 0.9831 | Valid acc: 0.9621 | patience: 173 | Epoch time: 36.4 |

2023-01-27 16:44:59,157 - INFO -
| Epoch:    221 | Train loss: 0.0408 | Valid loss: 0.0943 | Train acc: 0.9846 | Valid acc: 0.9626 | patience: 174 | Epoch time: 36.4 |

2023-01-27 16:45:35,585 - INFO -
| Epoch:    222 | Train loss: 0.0403 | Valid loss: 0.0965 | Train acc: 0.9848 | Valid acc: 0.9625 | patience: 175 | Epoch time: 36.4 |

2023-01-27 16:46:11,999 - INFO -
| Epoch:    223 | Train loss: 0.0405 | Valid loss: 0.0980 | Train acc: 0.9840 | Valid acc: 0.9627 | patience: 176 | Epoch time: 36.4 |

2023-01-27 16:46:48,407 - INFO -
| Epoch:    224 | Train loss: 0.0411 | Valid loss: 0.0966 | Train acc: 0.9845 | Valid acc: 0.9628 | patience: 177 | Epoch time: 36.4 |

2023-01-27 16:47:25,027 - INFO -
| Epoch:    225 | Train loss: 0.0414 | Valid loss: 0.0977 | Train acc: 0.9845 | Valid acc: 0.9633 | patience: 178 | Epoch time: 36.6 |

2023-01-27 16:48:01,410 - INFO -
| Epoch:    226 | Train loss: 0.0420 | Valid loss: 0.0969 | Train acc: 0.9839 | Valid acc: 0.9610 | patience: 179 | Epoch time: 36.4 |

2023-01-27 16:48:37,959 - INFO -
| Epoch:    227 | Train loss: 0.0406 | Valid loss: 0.0972 | Train acc: 0.9837 | Valid acc: 0.9627 | patience: 180 | Epoch time: 36.5 |

2023-01-27 16:49:14,418 - INFO -
| Epoch:    228 | Train loss: 0.0409 | Valid loss: 0.0965 | Train acc: 0.9836 | Valid acc: 0.9628 | patience: 181 | Epoch time: 36.5 |

2023-01-27 16:49:50,912 - INFO -
| Epoch:    229 | Train loss: 0.0404 | Valid loss: 0.0997 | Train acc: 0.9843 | Valid acc: 0.9623 | patience: 182 | Epoch time: 36.5 |

2023-01-27 16:50:27,344 - INFO -
| Epoch:    230 | Train loss: 0.0421 | Valid loss: 0.0961 | Train acc: 0.9843 | Valid acc: 0.9620 | patience: 183 | Epoch time: 36.4 |

2023-01-27 16:51:03,768 - INFO -
| Epoch:    231 | Train loss: 0.0410 | Valid loss: 0.0965 | Train acc: 0.9840 | Valid acc: 0.9629 | patience: 184 | Epoch time: 36.4 |

2023-01-27 16:51:40,196 - INFO -
| Epoch:    232 | Train loss: 0.0408 | Valid loss: 0.0973 | Train acc: 0.9841 | Valid acc: 0.9621 | patience: 185 | Epoch time: 36.4 |

2023-01-27 16:52:16,628 - INFO -
| Epoch:    233 | Train loss: 0.0413 | Valid loss: 0.0967 | Train acc: 0.9844 | Valid acc: 0.9630 | patience: 186 | Epoch time: 36.4 |

2023-01-27 16:52:53,042 - INFO -
| Epoch:    234 | Train loss: 0.0412 | Valid loss: 0.0983 | Train acc: 0.9837 | Valid acc: 0.9625 | patience: 187 | Epoch time: 36.4 |

2023-01-27 16:53:29,442 - INFO -
| Epoch:    235 | Train loss: 0.0417 | Valid loss: 0.0971 | Train acc: 0.9845 | Valid acc: 0.9617 | patience: 188 | Epoch time: 36.4 |

2023-01-27 16:54:05,883 - INFO -
| Epoch:    236 | Train loss: 0.0413 | Valid loss: 0.0982 | Train acc: 0.9838 | Valid acc: 0.9604 | patience: 189 | Epoch time: 36.4 |

2023-01-27 16:54:42,280 - INFO -
| Epoch:    237 | Train loss: 0.0416 | Valid loss: 0.0994 | Train acc: 0.9836 | Valid acc: 0.9612 | patience: 190 | Epoch time: 36.4 |

2023-01-27 16:55:18,690 - INFO -
| Epoch:    238 | Train loss: 0.0407 | Valid loss: 0.0965 | Train acc: 0.9838 | Valid acc: 0.9605 | patience: 191 | Epoch time: 36.4 |

2023-01-27 16:55:55,146 - INFO -
| Epoch:    239 | Train loss: 0.0410 | Valid loss: 0.1004 | Train acc: 0.9842 | Valid acc: 0.9627 | patience: 192 | Epoch time: 36.5 |

2023-01-27 16:56:31,585 - INFO -
| Epoch:    240 | Train loss: 0.0402 | Valid loss: 0.0959 | Train acc: 0.9845 | Valid acc: 0.9620 | patience: 193 | Epoch time: 36.4 |

2023-01-27 16:57:07,975 - INFO -
| Epoch:    241 | Train loss: 0.0405 | Valid loss: 0.0973 | Train acc: 0.9843 | Valid acc: 0.9631 | patience: 194 | Epoch time: 36.4 |

2023-01-27 16:57:44,373 - INFO -
| Epoch:    242 | Train loss: 0.0410 | Valid loss: 0.0956 | Train acc: 0.9847 | Valid acc: 0.9632 | patience: 195 | Epoch time: 36.4 |

2023-01-27 16:58:20,781 - INFO -
| Epoch:    243 | Train loss: 0.0413 | Valid loss: 0.0964 | Train acc: 0.9845 | Valid acc: 0.9635 | patience: 196 | Epoch time: 36.4 |

2023-01-27 16:58:57,192 - INFO -
| Epoch:    244 | Train loss: 0.0409 | Valid loss: 0.0955 | Train acc: 0.9848 | Valid acc: 0.9629 | patience: 197 | Epoch time: 36.4 |

2023-01-27 16:59:33,600 - INFO -
| Epoch:    245 | Train loss: 0.0416 | Valid loss: 0.0947 | Train acc: 0.9837 | Valid acc: 0.9625 | patience: 198 | Epoch time: 36.4 |

2023-01-27 17:00:09,992 - INFO -
| Epoch:    246 | Train loss: 0.0400 | Valid loss: 0.0982 | Train acc: 0.9846 | Valid acc: 0.9630 | patience: 199 | Epoch time: 36.4 |

2023-01-27 17:00:46,409 - INFO -
| Epoch:    247 | Train loss: 0.0414 | Valid loss: 0.0972 | Train acc: 0.9840 | Valid acc: 0.9624 | patience: 200 | Epoch time: 36.4 |

2023-01-27 17:01:22,881 - INFO -
| Epoch:    248 | Train loss: 0.0416 | Valid loss: 0.0974 | Train acc: 0.9843 | Valid acc: 0.9622 | patience: 201 | Epoch time: 36.5 |

2023-01-27 17:01:59,327 - INFO -
| Epoch:    249 | Train loss: 0.0403 | Valid loss: 0.0972 | Train acc: 0.9849 | Valid acc: 0.9614 | patience: 202 | Epoch time: 36.4 |

2023-01-27 17:02:35,826 - INFO -
| Epoch:    250 | Train loss: 0.0404 | Valid loss: 0.0986 | Train acc: 0.9838 | Valid acc: 0.9615 | patience: 203 | Epoch time: 36.5 |

2023-01-27 17:03:12,270 - INFO -
| Epoch:    251 | Train loss: 0.0404 | Valid loss: 0.0975 | Train acc: 0.9845 | Valid acc: 0.9614 | patience: 204 | Epoch time: 36.4 |

2023-01-27 17:03:48,693 - INFO -
| Epoch:    252 | Train loss: 0.0407 | Valid loss: 0.1002 | Train acc: 0.9842 | Valid acc: 0.9611 | patience: 205 | Epoch time: 36.4 |

2023-01-27 17:04:25,138 - INFO -
| Epoch:    253 | Train loss: 0.0413 | Valid loss: 0.0983 | Train acc: 0.9840 | Valid acc: 0.9617 | patience: 206 | Epoch time: 36.4 |

2023-01-27 17:05:01,565 - INFO -
| Epoch:    254 | Train loss: 0.0409 | Valid loss: 0.0962 | Train acc: 0.9841 | Valid acc: 0.9636 | patience: 207 | Epoch time: 36.4 |

2023-01-27 17:05:37,905 - INFO -
| Epoch:    255 | Train loss: 0.0408 | Valid loss: 0.0964 | Train acc: 0.9844 | Valid acc: 0.9626 | patience: 208 | Epoch time: 36.3 |

2023-01-27 17:06:14,212 - INFO -
| Epoch:    256 | Train loss: 0.0409 | Valid loss: 0.0964 | Train acc: 0.9837 | Valid acc: 0.9630 | patience: 209 | Epoch time: 36.3 |

2023-01-27 17:06:50,522 - INFO -
| Epoch:    257 | Train loss: 0.0400 | Valid loss: 0.0979 | Train acc: 0.9844 | Valid acc: 0.9623 | patience: 210 | Epoch time: 36.3 |

2023-01-27 17:07:26,856 - INFO -
| Epoch:    258 | Train loss: 0.0401 | Valid loss: 0.0966 | Train acc: 0.9845 | Valid acc: 0.9633 | patience: 211 | Epoch time: 36.3 |

2023-01-27 17:08:03,187 - INFO -
| Epoch:    259 | Train loss: 0.0398 | Valid loss: 0.0955 | Train acc: 0.9850 | Valid acc: 0.9630 | patience: 212 | Epoch time: 36.3 |

2023-01-27 17:08:39,511 - INFO -
| Epoch:    260 | Train loss: 0.0418 | Valid loss: 0.0969 | Train acc: 0.9841 | Valid acc: 0.9624 | patience: 213 | Epoch time: 36.3 |

2023-01-27 17:09:15,841 - INFO -
| Epoch:    261 | Train loss: 0.0412 | Valid loss: 0.0964 | Train acc: 0.9837 | Valid acc: 0.9619 | patience: 214 | Epoch time: 36.3 |

2023-01-27 17:09:52,133 - INFO -
| Epoch:    262 | Train loss: 0.0407 | Valid loss: 0.0980 | Train acc: 0.9842 | Valid acc: 0.9619 | patience: 215 | Epoch time: 36.3 |

2023-01-27 17:10:28,431 - INFO -
| Epoch:    263 | Train loss: 0.0406 | Valid loss: 0.0981 | Train acc: 0.9843 | Valid acc: 0.9611 | patience: 216 | Epoch time: 36.3 |

2023-01-27 17:11:04,777 - INFO -
| Epoch:    264 | Train loss: 0.0413 | Valid loss: 0.0982 | Train acc: 0.9842 | Valid acc: 0.9620 | patience: 217 | Epoch time: 36.3 |

2023-01-27 17:11:41,102 - INFO -
| Epoch:    265 | Train loss: 0.0399 | Valid loss: 0.0975 | Train acc: 0.9844 | Valid acc: 0.9621 | patience: 218 | Epoch time: 36.3 |

2023-01-27 17:12:17,462 - INFO -
| Epoch:    266 | Train loss: 0.0407 | Valid loss: 0.0971 | Train acc: 0.9850 | Valid acc: 0.9624 | patience: 219 | Epoch time: 36.4 |

2023-01-27 17:12:53,825 - INFO -
| Epoch:    267 | Train loss: 0.0396 | Valid loss: 0.0965 | Train acc: 0.9842 | Valid acc: 0.9626 | patience: 220 | Epoch time: 36.4 |

2023-01-27 17:13:30,245 - INFO -
| Epoch:    268 | Train loss: 0.0390 | Valid loss: 0.0962 | Train acc: 0.9847 | Valid acc: 0.9634 | patience: 221 | Epoch time: 36.4 |

2023-01-27 17:14:06,630 - INFO -
| Epoch:    269 | Train loss: 0.0409 | Valid loss: 0.0964 | Train acc: 0.9839 | Valid acc: 0.9634 | patience: 222 | Epoch time: 36.3 |

2023-01-27 17:14:42,980 - INFO -
| Epoch:    270 | Train loss: 0.0414 | Valid loss: 0.0958 | Train acc: 0.9844 | Valid acc: 0.9622 | patience: 223 | Epoch time: 36.3 |

2023-01-27 17:15:19,280 - INFO -
| Epoch:    271 | Train loss: 0.0405 | Valid loss: 0.0961 | Train acc: 0.9845 | Valid acc: 0.9628 | patience: 224 | Epoch time: 36.3 |

2023-01-27 17:15:55,614 - INFO -
| Epoch:    272 | Train loss: 0.0407 | Valid loss: 0.0980 | Train acc: 0.9840 | Valid acc: 0.9621 | patience: 225 | Epoch time: 36.3 |

2023-01-27 17:16:32,021 - INFO -
| Epoch:    273 | Train loss: 0.0403 | Valid loss: 0.1004 | Train acc: 0.9841 | Valid acc: 0.9626 | patience: 226 | Epoch time: 36.3 |

2023-01-27 17:17:08,356 - INFO -
| Epoch:    274 | Train loss: 0.0401 | Valid loss: 0.0988 | Train acc: 0.9849 | Valid acc: 0.9622 | patience: 227 | Epoch time: 36.3 |

2023-01-27 17:17:44,684 - INFO -
| Epoch:    275 | Train loss: 0.0406 | Valid loss: 0.0989 | Train acc: 0.9842 | Valid acc: 0.9620 | patience: 228 | Epoch time: 36.3 |

2023-01-27 17:18:21,010 - INFO -
| Epoch:    276 | Train loss: 0.0421 | Valid loss: 0.0979 | Train acc: 0.9836 | Valid acc: 0.9623 | patience: 229 | Epoch time: 36.3 |

2023-01-27 17:18:57,347 - INFO -
| Epoch:    277 | Train loss: 0.0400 | Valid loss: 0.0981 | Train acc: 0.9842 | Valid acc: 0.9618 | patience: 230 | Epoch time: 36.3 |

2023-01-27 17:19:33,707 - INFO -
| Epoch:    278 | Train loss: 0.0401 | Valid loss: 0.0974 | Train acc: 0.9838 | Valid acc: 0.9626 | patience: 231 | Epoch time: 36.3 |

2023-01-27 17:20:10,039 - INFO -
| Epoch:    279 | Train loss: 0.0398 | Valid loss: 0.1005 | Train acc: 0.9845 | Valid acc: 0.9625 | patience: 232 | Epoch time: 36.3 |

2023-01-27 17:20:46,374 - INFO -
| Epoch:    280 | Train loss: 0.0404 | Valid loss: 0.0964 | Train acc: 0.9846 | Valid acc: 0.9628 | patience: 233 | Epoch time: 36.3 |

2023-01-27 17:21:22,723 - INFO -
| Epoch:    281 | Train loss: 0.0404 | Valid loss: 0.0990 | Train acc: 0.9837 | Valid acc: 0.9623 | patience: 234 | Epoch time: 36.3 |

2023-01-27 17:21:59,058 - INFO -
| Epoch:    282 | Train loss: 0.0405 | Valid loss: 0.0979 | Train acc: 0.9846 | Valid acc: 0.9624 | patience: 235 | Epoch time: 36.3 |

2023-01-27 17:22:35,400 - INFO -
| Epoch:    283 | Train loss: 0.0409 | Valid loss: 0.0974 | Train acc: 0.9848 | Valid acc: 0.9626 | patience: 236 | Epoch time: 36.3 |

2023-01-27 17:23:11,730 - INFO -
| Epoch:    284 | Train loss: 0.0395 | Valid loss: 0.0981 | Train acc: 0.9845 | Valid acc: 0.9615 | patience: 237 | Epoch time: 36.3 |

2023-01-27 17:23:48,053 - INFO -
| Epoch:    285 | Train loss: 0.0395 | Valid loss: 0.0958 | Train acc: 0.9852 | Valid acc: 0.9626 | patience: 238 | Epoch time: 36.3 |

2023-01-27 17:24:24,418 - INFO -
| Epoch:    286 | Train loss: 0.0403 | Valid loss: 0.0961 | Train acc: 0.9850 | Valid acc: 0.9626 | patience: 239 | Epoch time: 36.3 |

2023-01-27 17:25:00,745 - INFO -
| Epoch:    287 | Train loss: 0.0398 | Valid loss: 0.0959 | Train acc: 0.9849 | Valid acc: 0.9632 | patience: 240 | Epoch time: 36.3 |

2023-01-27 17:25:37,152 - INFO -
| Epoch:    288 | Train loss: 0.0399 | Valid loss: 0.0969 | Train acc: 0.9844 | Valid acc: 0.9627 | patience: 241 | Epoch time: 36.3 |

2023-01-27 17:26:13,550 - INFO -
| Epoch:    289 | Train loss: 0.0408 | Valid loss: 0.0951 | Train acc: 0.9850 | Valid acc: 0.9625 | patience: 242 | Epoch time: 36.4 |

2023-01-27 17:26:49,912 - INFO -
| Epoch:    290 | Train loss: 0.0396 | Valid loss: 0.0965 | Train acc: 0.9843 | Valid acc: 0.9628 | patience: 243 | Epoch time: 36.3 |

2023-01-27 17:27:26,242 - INFO -
| Epoch:    291 | Train loss: 0.0395 | Valid loss: 0.1000 | Train acc: 0.9847 | Valid acc: 0.9610 | patience: 244 | Epoch time: 36.3 |

2023-01-27 17:28:02,590 - INFO -
| Epoch:    292 | Train loss: 0.0406 | Valid loss: 0.0979 | Train acc: 0.9848 | Valid acc: 0.9626 | patience: 245 | Epoch time: 36.3 |

2023-01-27 17:28:38,948 - INFO -
| Epoch:    293 | Train loss: 0.0395 | Valid loss: 0.0973 | Train acc: 0.9846 | Valid acc: 0.9615 | patience: 246 | Epoch time: 36.4 |

2023-01-27 17:29:15,252 - INFO -
| Epoch:    294 | Train loss: 0.0403 | Valid loss: 0.0970 | Train acc: 0.9846 | Valid acc: 0.9626 | patience: 247 | Epoch time: 36.3 |

2023-01-27 17:29:51,578 - INFO -
| Epoch:    295 | Train loss: 0.0398 | Valid loss: 0.0981 | Train acc: 0.9850 | Valid acc: 0.9622 | patience: 248 | Epoch time: 36.3 |

2023-01-27 17:30:27,904 - INFO -
| Epoch:    296 | Train loss: 0.0409 | Valid loss: 0.0983 | Train acc: 0.9848 | Valid acc: 0.9632 | patience: 249 | Epoch time: 36.3 |

2023-01-27 17:31:04,257 - INFO -
| Epoch:    297 | Train loss: 0.0409 | Valid loss: 0.0949 | Train acc: 0.9845 | Valid acc: 0.9627 | patience: 250 | Epoch time: 36.4 |

2023-01-27 17:31:40,596 - INFO -
| Epoch:    298 | Train loss: 0.0393 | Valid loss: 0.0955 | Train acc: 0.9844 | Valid acc: 0.9631 | patience: 251 | Epoch time: 36.3 |

2023-01-27 17:32:16,899 - INFO -
| Epoch:    299 | Train loss: 0.0403 | Valid loss: 0.0953 | Train acc: 0.9849 | Valid acc: 0.9620 | patience: 252 | Epoch time: 36.3 |

2023-01-27 17:32:53,204 - INFO -
| Epoch:    300 | Train loss: 0.0406 | Valid loss: 0.0959 | Train acc: 0.9848 | Valid acc: 0.9632 | patience: 253 | Epoch time: 36.3 |

2023-01-27 17:33:29,519 - INFO -
| Epoch:    301 | Train loss: 0.0399 | Valid loss: 0.0958 | Train acc: 0.9848 | Valid acc: 0.9633 | patience: 254 | Epoch time: 36.3 |

2023-01-27 17:34:05,845 - INFO -
| Epoch:    302 | Train loss: 0.0397 | Valid loss: 0.0974 | Train acc: 0.9848 | Valid acc: 0.9626 | patience: 255 | Epoch time: 36.3 |

2023-01-27 17:34:42,161 - INFO -
| Epoch:    303 | Train loss: 0.0401 | Valid loss: 0.0972 | Train acc: 0.9847 | Valid acc: 0.9618 | patience: 256 | Epoch time: 36.3 |

2023-01-27 17:35:18,481 - INFO -
| Epoch:    304 | Train loss: 0.0403 | Valid loss: 0.0970 | Train acc: 0.9848 | Valid acc: 0.9614 | patience: 257 | Epoch time: 36.3 |

2023-01-27 17:35:54,832 - INFO -
| Epoch:    305 | Train loss: 0.0397 | Valid loss: 0.0974 | Train acc: 0.9846 | Valid acc: 0.9600 | patience: 258 | Epoch time: 36.4 |

2023-01-27 17:36:31,137 - INFO -
| Epoch:    306 | Train loss: 0.0401 | Valid loss: 0.0975 | Train acc: 0.9849 | Valid acc: 0.9620 | patience: 259 | Epoch time: 36.3 |

2023-01-27 17:37:07,442 - INFO -
| Epoch:    307 | Train loss: 0.0412 | Valid loss: 0.0973 | Train acc: 0.9840 | Valid acc: 0.9623 | patience: 260 | Epoch time: 36.3 |

2023-01-27 17:37:43,748 - INFO -
| Epoch:    308 | Train loss: 0.0400 | Valid loss: 0.0968 | Train acc: 0.9842 | Valid acc: 0.9626 | patience: 261 | Epoch time: 36.3 |

2023-01-27 17:38:20,039 - INFO -
| Epoch:    309 | Train loss: 0.0419 | Valid loss: 0.0981 | Train acc: 0.9846 | Valid acc: 0.9623 | patience: 262 | Epoch time: 36.3 |

2023-01-27 17:38:56,322 - INFO -
| Epoch:    310 | Train loss: 0.0390 | Valid loss: 0.0964 | Train acc: 0.9842 | Valid acc: 0.9629 | patience: 263 | Epoch time: 36.3 |

2023-01-27 17:39:32,650 - INFO -
| Epoch:    311 | Train loss: 0.0393 | Valid loss: 0.0962 | Train acc: 0.9847 | Valid acc: 0.9633 | patience: 264 | Epoch time: 36.3 |

2023-01-27 17:40:08,924 - INFO -
| Epoch:    312 | Train loss: 0.0405 | Valid loss: 0.0960 | Train acc: 0.9847 | Valid acc: 0.9625 | patience: 265 | Epoch time: 36.3 |

2023-01-27 17:40:45,217 - INFO -
| Epoch:    313 | Train loss: 0.0410 | Valid loss: 0.0986 | Train acc: 0.9848 | Valid acc: 0.9622 | patience: 266 | Epoch time: 36.3 |

2023-01-27 17:41:21,495 - INFO -
| Epoch:    314 | Train loss: 0.0390 | Valid loss: 0.0972 | Train acc: 0.9847 | Valid acc: 0.9630 | patience: 267 | Epoch time: 36.3 |

2023-01-27 17:41:57,791 - INFO -
| Epoch:    315 | Train loss: 0.0399 | Valid loss: 0.0993 | Train acc: 0.9848 | Valid acc: 0.9618 | patience: 268 | Epoch time: 36.3 |

2023-01-27 17:42:34,097 - INFO -
| Epoch:    316 | Train loss: 0.0407 | Valid loss: 0.0980 | Train acc: 0.9848 | Valid acc: 0.9601 | patience: 269 | Epoch time: 36.3 |

2023-01-27 17:43:10,401 - INFO -
| Epoch:    317 | Train loss: 0.0396 | Valid loss: 0.0975 | Train acc: 0.9841 | Valid acc: 0.9618 | patience: 270 | Epoch time: 36.3 |

2023-01-27 17:43:46,826 - INFO -
| Epoch:    318 | Train loss: 0.0399 | Valid loss: 0.0965 | Train acc: 0.9840 | Valid acc: 0.9628 | patience: 271 | Epoch time: 36.4 |

2023-01-27 17:44:23,129 - INFO -
| Epoch:    319 | Train loss: 0.0406 | Valid loss: 0.0968 | Train acc: 0.9843 | Valid acc: 0.9629 | patience: 272 | Epoch time: 36.3 |

2023-01-27 17:44:59,406 - INFO -
| Epoch:    320 | Train loss: 0.0408 | Valid loss: 0.0962 | Train acc: 0.9848 | Valid acc: 0.9631 | patience: 273 | Epoch time: 36.3 |

2023-01-27 17:45:35,677 - INFO -
| Epoch:    321 | Train loss: 0.0414 | Valid loss: 0.0961 | Train acc: 0.9848 | Valid acc: 0.9630 | patience: 274 | Epoch time: 36.3 |

2023-01-27 17:46:11,987 - INFO -
| Epoch:    322 | Train loss: 0.0401 | Valid loss: 0.0977 | Train acc: 0.9853 | Valid acc: 0.9618 | patience: 275 | Epoch time: 36.3 |

2023-01-27 17:46:48,279 - INFO -
| Epoch:    323 | Train loss: 0.0398 | Valid loss: 0.0977 | Train acc: 0.9846 | Valid acc: 0.9631 | patience: 276 | Epoch time: 36.3 |

2023-01-27 17:47:24,557 - INFO -
| Epoch:    324 | Train loss: 0.0402 | Valid loss: 0.0967 | Train acc: 0.9844 | Valid acc: 0.9619 | patience: 277 | Epoch time: 36.3 |

2023-01-27 17:48:00,836 - INFO -
| Epoch:    325 | Train loss: 0.0412 | Valid loss: 0.0954 | Train acc: 0.9842 | Valid acc: 0.9631 | patience: 278 | Epoch time: 36.3 |

2023-01-27 17:48:37,122 - INFO -
| Epoch:    326 | Train loss: 0.0401 | Valid loss: 0.0959 | Train acc: 0.9845 | Valid acc: 0.9625 | patience: 279 | Epoch time: 36.3 |

2023-01-27 17:49:13,409 - INFO -
| Epoch:    327 | Train loss: 0.0394 | Valid loss: 0.0963 | Train acc: 0.9847 | Valid acc: 0.9626 | patience: 280 | Epoch time: 36.3 |

2023-01-27 17:49:49,745 - INFO -
| Epoch:    328 | Train loss: 0.0396 | Valid loss: 0.0974 | Train acc: 0.9844 | Valid acc: 0.9627 | patience: 281 | Epoch time: 36.3 |

2023-01-27 17:50:25,983 - INFO -
| Epoch:    329 | Train loss: 0.0412 | Valid loss: 0.0980 | Train acc: 0.9841 | Valid acc: 0.9627 | patience: 282 | Epoch time: 36.2 |

2023-01-27 17:51:02,257 - INFO -
| Epoch:    330 | Train loss: 0.0407 | Valid loss: 0.0978 | Train acc: 0.9846 | Valid acc: 0.9623 | patience: 283 | Epoch time: 36.3 |

2023-01-27 17:51:38,550 - INFO -
| Epoch:    331 | Train loss: 0.0404 | Valid loss: 0.0974 | Train acc: 0.9848 | Valid acc: 0.9628 | patience: 284 | Epoch time: 36.3 |

2023-01-27 17:52:15,119 - INFO -
| Epoch:    332 | Train loss: 0.0403 | Valid loss: 0.0979 | Train acc: 0.9844 | Valid acc: 0.9621 | patience: 285 | Epoch time: 36.6 |

2023-01-27 17:52:51,391 - INFO -
| Epoch:    333 | Train loss: 0.0393 | Valid loss: 0.0955 | Train acc: 0.9847 | Valid acc: 0.9624 | patience: 286 | Epoch time: 36.3 |

2023-01-27 17:53:27,776 - INFO -
| Epoch:    334 | Train loss: 0.0400 | Valid loss: 0.0977 | Train acc: 0.9844 | Valid acc: 0.9619 | patience: 287 | Epoch time: 36.4 |

2023-01-27 17:54:04,055 - INFO -
| Epoch:    335 | Train loss: 0.0408 | Valid loss: 0.0962 | Train acc: 0.9847 | Valid acc: 0.9631 | patience: 288 | Epoch time: 36.3 |

2023-01-27 17:54:40,354 - INFO -
| Epoch:    336 | Train loss: 0.0402 | Valid loss: 0.0958 | Train acc: 0.9847 | Valid acc: 0.9623 | patience: 289 | Epoch time: 36.3 |

2023-01-27 17:55:16,639 - INFO -
| Epoch:    337 | Train loss: 0.0413 | Valid loss: 0.0954 | Train acc: 0.9848 | Valid acc: 0.9631 | patience: 290 | Epoch time: 36.3 |

2023-01-27 17:55:52,936 - INFO -
| Epoch:    338 | Train loss: 0.0398 | Valid loss: 0.0982 | Train acc: 0.9850 | Valid acc: 0.9618 | patience: 291 | Epoch time: 36.3 |

2023-01-27 17:56:29,227 - INFO -
| Epoch:    339 | Train loss: 0.0399 | Valid loss: 0.1001 | Train acc: 0.9849 | Valid acc: 0.9629 | patience: 292 | Epoch time: 36.3 |

2023-01-27 17:57:05,577 - INFO -
| Epoch:    340 | Train loss: 0.0396 | Valid loss: 0.0983 | Train acc: 0.9844 | Valid acc: 0.9618 | patience: 293 | Epoch time: 36.3 |

2023-01-27 17:57:41,897 - INFO -
| Epoch:    341 | Train loss: 0.0406 | Valid loss: 0.0987 | Train acc: 0.9847 | Valid acc: 0.9633 | patience: 294 | Epoch time: 36.3 |

2023-01-27 17:58:18,211 - INFO -
| Epoch:    342 | Train loss: 0.0408 | Valid loss: 0.0962 | Train acc: 0.9847 | Valid acc: 0.9620 | patience: 295 | Epoch time: 36.3 |

2023-01-27 17:58:54,521 - INFO -
| Epoch:    343 | Train loss: 0.0394 | Valid loss: 0.0968 | Train acc: 0.9849 | Valid acc: 0.9624 | patience: 296 | Epoch time: 36.3 |

2023-01-27 17:59:30,830 - INFO -
| Epoch:    344 | Train loss: 0.0399 | Valid loss: 0.0964 | Train acc: 0.9845 | Valid acc: 0.9632 | patience: 297 | Epoch time: 36.3 |

2023-01-27 18:00:07,139 - INFO -
| Epoch:    345 | Train loss: 0.0407 | Valid loss: 0.0964 | Train acc: 0.9842 | Valid acc: 0.9626 | patience: 298 | Epoch time: 36.3 |

2023-01-27 18:00:43,440 - INFO -
| Epoch:    346 | Train loss: 0.0397 | Valid loss: 0.0954 | Train acc: 0.9850 | Valid acc: 0.9632 | patience: 299 | Epoch time: 36.3 |

2023-01-27 18:01:19,730 - INFO -
| Epoch:    347 | Train loss: 0.0391 | Valid loss: 0.0957 | Train acc: 0.9845 | Valid acc: 0.9634 | patience: 300 | Epoch time: 36.3 |

2023-01-27 18:01:56,020 - INFO -
| Epoch:    348 | Train loss: 0.0397 | Valid loss: 0.0968 | Train acc: 0.9850 | Valid acc: 0.9632 | patience: 301 | Epoch time: 36.3 |

2023-01-27 18:02:32,381 - INFO -
| Epoch:    349 | Train loss: 0.0396 | Valid loss: 0.0960 | Train acc: 0.9847 | Valid acc: 0.9622 | patience: 302 | Epoch time: 36.4 |

2023-01-27 18:03:08,690 - INFO -
| Epoch:    350 | Train loss: 0.0393 | Valid loss: 0.0955 | Train acc: 0.9844 | Valid acc: 0.9632 | patience: 303 | Epoch time: 36.3 |

2023-01-27 18:03:44,995 - INFO -
| Epoch:    351 | Train loss: 0.0408 | Valid loss: 0.0964 | Train acc: 0.9849 | Valid acc: 0.9623 | patience: 304 | Epoch time: 36.3 |

2023-01-27 18:04:21,334 - INFO -
| Epoch:    352 | Train loss: 0.0398 | Valid loss: 0.0972 | Train acc: 0.9845 | Valid acc: 0.9626 | patience: 305 | Epoch time: 36.3 |

2023-01-27 18:04:57,672 - INFO -
| Epoch:    353 | Train loss: 0.0397 | Valid loss: 0.0986 | Train acc: 0.9851 | Valid acc: 0.9620 | patience: 306 | Epoch time: 36.3 |

2023-01-27 18:05:34,002 - INFO -
| Epoch:    354 | Train loss: 0.0398 | Valid loss: 0.0977 | Train acc: 0.9844 | Valid acc: 0.9616 | patience: 307 | Epoch time: 36.3 |

2023-01-27 18:06:10,317 - INFO -
| Epoch:    355 | Train loss: 0.0403 | Valid loss: 0.0980 | Train acc: 0.9843 | Valid acc: 0.9621 | patience: 308 | Epoch time: 36.3 |

2023-01-27 18:06:46,627 - INFO -
| Epoch:    356 | Train loss: 0.0403 | Valid loss: 0.0972 | Train acc: 0.9845 | Valid acc: 0.9630 | patience: 309 | Epoch time: 36.3 |

2023-01-27 18:07:22,923 - INFO -
| Epoch:    357 | Train loss: 0.0404 | Valid loss: 0.0967 | Train acc: 0.9853 | Valid acc: 0.9634 | patience: 310 | Epoch time: 36.3 |

2023-01-27 18:07:59,194 - INFO -
| Epoch:    358 | Train loss: 0.0396 | Valid loss: 0.0960 | Train acc: 0.9848 | Valid acc: 0.9628 | patience: 311 | Epoch time: 36.3 |

2023-01-27 18:08:35,505 - INFO -
| Epoch:    359 | Train loss: 0.0398 | Valid loss: 0.0960 | Train acc: 0.9850 | Valid acc: 0.9634 | patience: 312 | Epoch time: 36.3 |

2023-01-27 18:09:11,819 - INFO -
| Epoch:    360 | Train loss: 0.0397 | Valid loss: 0.0956 | Train acc: 0.9849 | Valid acc: 0.9634 | patience: 313 | Epoch time: 36.3 |

2023-01-27 18:09:48,131 - INFO -
| Epoch:    361 | Train loss: 0.0403 | Valid loss: 0.0968 | Train acc: 0.9853 | Valid acc: 0.9632 | patience: 314 | Epoch time: 36.3 |

2023-01-27 18:10:24,401 - INFO -
| Epoch:    362 | Train loss: 0.0404 | Valid loss: 0.0962 | Train acc: 0.9848 | Valid acc: 0.9632 | patience: 315 | Epoch time: 36.3 |

2023-01-27 18:11:00,729 - INFO -
| Epoch:    363 | Train loss: 0.0392 | Valid loss: 0.0958 | Train acc: 0.9848 | Valid acc: 0.9632 | patience: 316 | Epoch time: 36.3 |

2023-01-27 18:11:37,004 - INFO -
| Epoch:    364 | Train loss: 0.0400 | Valid loss: 0.0962 | Train acc: 0.9846 | Valid acc: 0.9615 | patience: 317 | Epoch time: 36.3 |

2023-01-27 18:12:13,286 - INFO -
| Epoch:    365 | Train loss: 0.0395 | Valid loss: 0.0990 | Train acc: 0.9845 | Valid acc: 0.9631 | patience: 318 | Epoch time: 36.3 |

2023-01-27 18:12:49,554 - INFO -
| Epoch:    366 | Train loss: 0.0400 | Valid loss: 0.0966 | Train acc: 0.9848 | Valid acc: 0.9621 | patience: 319 | Epoch time: 36.3 |

2023-01-27 18:13:25,843 - INFO -
| Epoch:    367 | Train loss: 0.0410 | Valid loss: 0.0964 | Train acc: 0.9845 | Valid acc: 0.9622 | patience: 320 | Epoch time: 36.3 |

2023-01-27 18:14:02,150 - INFO -
| Epoch:    368 | Train loss: 0.0412 | Valid loss: 0.0971 | Train acc: 0.9847 | Valid acc: 0.9622 | patience: 321 | Epoch time: 36.3 |

2023-01-27 18:14:38,516 - INFO -
| Epoch:    369 | Train loss: 0.0396 | Valid loss: 0.0968 | Train acc: 0.9849 | Valid acc: 0.9633 | patience: 322 | Epoch time: 36.4 |

2023-01-27 18:15:14,819 - INFO -
| Epoch:    370 | Train loss: 0.0400 | Valid loss: 0.0968 | Train acc: 0.9851 | Valid acc: 0.9624 | patience: 323 | Epoch time: 36.3 |

2023-01-27 18:15:51,118 - INFO -
| Epoch:    371 | Train loss: 0.0395 | Valid loss: 0.0955 | Train acc: 0.9849 | Valid acc: 0.9630 | patience: 324 | Epoch time: 36.3 |

2023-01-27 18:16:27,443 - INFO -
| Epoch:    372 | Train loss: 0.0398 | Valid loss: 0.0966 | Train acc: 0.9846 | Valid acc: 0.9619 | patience: 325 | Epoch time: 36.3 |

2023-01-27 18:17:03,749 - INFO -
| Epoch:    373 | Train loss: 0.0395 | Valid loss: 0.0965 | Train acc: 0.9851 | Valid acc: 0.9623 | patience: 326 | Epoch time: 36.3 |

2023-01-27 18:17:40,115 - INFO -
| Epoch:    374 | Train loss: 0.0399 | Valid loss: 0.0960 | Train acc: 0.9850 | Valid acc: 0.9632 | patience: 327 | Epoch time: 36.4 |

2023-01-27 18:18:16,429 - INFO -
| Epoch:    375 | Train loss: 0.0390 | Valid loss: 0.0980 | Train acc: 0.9850 | Valid acc: 0.9630 | patience: 328 | Epoch time: 36.3 |

2023-01-27 18:18:52,736 - INFO -
| Epoch:    376 | Train loss: 0.0397 | Valid loss: 0.0968 | Train acc: 0.9848 | Valid acc: 0.9614 | patience: 329 | Epoch time: 36.3 |

2023-01-27 18:19:29,040 - INFO -
| Epoch:    377 | Train loss: 0.0398 | Valid loss: 0.0973 | Train acc: 0.9852 | Valid acc: 0.9627 | patience: 330 | Epoch time: 36.3 |

2023-01-27 18:20:05,364 - INFO -
| Epoch:    378 | Train loss: 0.0390 | Valid loss: 0.0969 | Train acc: 0.9845 | Valid acc: 0.9630 | patience: 331 | Epoch time: 36.3 |

2023-01-27 18:20:41,666 - INFO -
| Epoch:    379 | Train loss: 0.0401 | Valid loss: 0.0962 | Train acc: 0.9847 | Valid acc: 0.9634 | patience: 332 | Epoch time: 36.3 |

2023-01-27 18:21:17,961 - INFO -
| Epoch:    380 | Train loss: 0.0389 | Valid loss: 0.0963 | Train acc: 0.9843 | Valid acc: 0.9632 | patience: 333 | Epoch time: 36.3 |

2023-01-27 18:21:54,250 - INFO -
| Epoch:    381 | Train loss: 0.0393 | Valid loss: 0.0961 | Train acc: 0.9848 | Valid acc: 0.9624 | patience: 334 | Epoch time: 36.3 |

2023-01-27 18:22:30,566 - INFO -
| Epoch:    382 | Train loss: 0.0399 | Valid loss: 0.0975 | Train acc: 0.9846 | Valid acc: 0.9630 | patience: 335 | Epoch time: 36.3 |

2023-01-27 18:23:06,865 - INFO -
| Epoch:    383 | Train loss: 0.0393 | Valid loss: 0.0954 | Train acc: 0.9848 | Valid acc: 0.9637 | patience: 336 | Epoch time: 36.3 |

2023-01-27 18:23:43,139 - INFO -
| Epoch:    384 | Train loss: 0.0400 | Valid loss: 0.0955 | Train acc: 0.9847 | Valid acc: 0.9633 | patience: 337 | Epoch time: 36.3 |

2023-01-27 18:24:19,458 - INFO -
| Epoch:    385 | Train loss: 0.0396 | Valid loss: 0.0961 | Train acc: 0.9845 | Valid acc: 0.9635 | patience: 338 | Epoch time: 36.3 |

2023-01-27 18:24:55,746 - INFO -
| Epoch:    386 | Train loss: 0.0407 | Valid loss: 0.0945 | Train acc: 0.9844 | Valid acc: 0.9633 | patience: 339 | Epoch time: 36.3 |

2023-01-27 18:25:32,077 - INFO -
| Epoch:    387 | Train loss: 0.0398 | Valid loss: 0.0962 | Train acc: 0.9849 | Valid acc: 0.9636 | patience: 340 | Epoch time: 36.3 |

2023-01-27 18:26:08,426 - INFO -
| Epoch:    388 | Train loss: 0.0408 | Valid loss: 0.0966 | Train acc: 0.9848 | Valid acc: 0.9624 | patience: 341 | Epoch time: 36.3 |

2023-01-27 18:26:44,698 - INFO -
| Epoch:    389 | Train loss: 0.0398 | Valid loss: 0.0963 | Train acc: 0.9850 | Valid acc: 0.9638 | patience: 342 | Epoch time: 36.3 |

2023-01-27 18:27:20,977 - INFO -
| Epoch:    390 | Train loss: 0.0391 | Valid loss: 0.0974 | Train acc: 0.9847 | Valid acc: 0.9626 | patience: 343 | Epoch time: 36.3 |

2023-01-27 18:27:57,283 - INFO -
| Epoch:    391 | Train loss: 0.0387 | Valid loss: 0.0980 | Train acc: 0.9848 | Valid acc: 0.9624 | patience: 344 | Epoch time: 36.3 |

2023-01-27 18:28:33,560 - INFO -
| Epoch:    392 | Train loss: 0.0400 | Valid loss: 0.0971 | Train acc: 0.9847 | Valid acc: 0.9628 | patience: 345 | Epoch time: 36.3 |

2023-01-27 18:29:09,852 - INFO -
| Epoch:    393 | Train loss: 0.0413 | Valid loss: 0.0961 | Train acc: 0.9853 | Valid acc: 0.9616 | patience: 346 | Epoch time: 36.3 |

2023-01-27 18:29:46,123 - INFO -
| Epoch:    394 | Train loss: 0.0398 | Valid loss: 0.0952 | Train acc: 0.9849 | Valid acc: 0.9634 | patience: 347 | Epoch time: 36.3 |

2023-01-27 18:30:22,421 - INFO -
| Epoch:    395 | Train loss: 0.0391 | Valid loss: 0.0954 | Train acc: 0.9843 | Valid acc: 0.9626 | patience: 348 | Epoch time: 36.3 |

2023-01-27 18:30:58,730 - INFO -
| Epoch:    396 | Train loss: 0.0401 | Valid loss: 0.0963 | Train acc: 0.9851 | Valid acc: 0.9627 | patience: 349 | Epoch time: 36.3 |

2023-01-27 18:31:35,032 - INFO -
| Epoch:    397 | Train loss: 0.0397 | Valid loss: 0.0960 | Train acc: 0.9842 | Valid acc: 0.9628 | patience: 350 | Epoch time: 36.3 |

2023-01-27 18:32:11,374 - INFO -
| Epoch:    398 | Train loss: 0.0391 | Valid loss: 0.0958 | Train acc: 0.9848 | Valid acc: 0.9630 | patience: 351 | Epoch time: 36.3 |

2023-01-27 18:32:47,671 - INFO -
| Epoch:    399 | Train loss: 0.0408 | Valid loss: 0.0958 | Train acc: 0.9849 | Valid acc: 0.9627 | patience: 352 | Epoch time: 36.3 |

2023-01-27 18:33:23,974 - INFO -
| Epoch:    400 | Train loss: 0.0392 | Valid loss: 0.0959 | Train acc: 0.9849 | Valid acc: 0.9624 | patience: 353 | Epoch time: 36.3 |

2023-01-27 18:34:00,255 - INFO -
| Epoch:    401 | Train loss: 0.0392 | Valid loss: 0.0967 | Train acc: 0.9848 | Valid acc: 0.9628 | patience: 354 | Epoch time: 36.3 |

2023-01-27 18:34:36,549 - INFO -
| Epoch:    402 | Train loss: 0.0395 | Valid loss: 0.0961 | Train acc: 0.9844 | Valid acc: 0.9610 | patience: 355 | Epoch time: 36.3 |

2023-01-27 18:35:12,859 - INFO -
| Epoch:    403 | Train loss: 0.0403 | Valid loss: 0.0960 | Train acc: 0.9839 | Valid acc: 0.9631 | patience: 356 | Epoch time: 36.3 |

2023-01-27 18:35:49,137 - INFO -
| Epoch:    404 | Train loss: 0.0399 | Valid loss: 0.0966 | Train acc: 0.9846 | Valid acc: 0.9628 | patience: 357 | Epoch time: 36.3 |

2023-01-27 18:36:25,431 - INFO -
| Epoch:    405 | Train loss: 0.0392 | Valid loss: 0.0954 | Train acc: 0.9847 | Valid acc: 0.9624 | patience: 358 | Epoch time: 36.3 |

2023-01-27 18:37:01,706 - INFO -
| Epoch:    406 | Train loss: 0.0384 | Valid loss: 0.0962 | Train acc: 0.9841 | Valid acc: 0.9630 | patience: 359 | Epoch time: 36.3 |

2023-01-27 18:37:37,997 - INFO -
| Epoch:    407 | Train loss: 0.0410 | Valid loss: 0.0967 | Train acc: 0.9849 | Valid acc: 0.9627 | patience: 360 | Epoch time: 36.3 |

2023-01-27 18:38:14,304 - INFO -
| Epoch:    408 | Train loss: 0.0390 | Valid loss: 0.0966 | Train acc: 0.9845 | Valid acc: 0.9630 | patience: 361 | Epoch time: 36.3 |

2023-01-27 18:38:50,645 - INFO -
| Epoch:    409 | Train loss: 0.0397 | Valid loss: 0.0971 | Train acc: 0.9847 | Valid acc: 0.9626 | patience: 362 | Epoch time: 36.3 |

2023-01-27 18:39:26,930 - INFO -
| Epoch:    410 | Train loss: 0.0391 | Valid loss: 0.0995 | Train acc: 0.9843 | Valid acc: 0.9630 | patience: 363 | Epoch time: 36.3 |

2023-01-27 18:40:03,218 - INFO -
| Epoch:    411 | Train loss: 0.0394 | Valid loss: 0.0965 | Train acc: 0.9849 | Valid acc: 0.9615 | patience: 364 | Epoch time: 36.3 |

2023-01-27 18:40:39,516 - INFO -
| Epoch:    412 | Train loss: 0.0389 | Valid loss: 0.0957 | Train acc: 0.9848 | Valid acc: 0.9621 | patience: 365 | Epoch time: 36.3 |

2023-01-27 18:41:15,850 - INFO -
| Epoch:    413 | Train loss: 0.0391 | Valid loss: 0.0970 | Train acc: 0.9849 | Valid acc: 0.9627 | patience: 366 | Epoch time: 36.3 |

2023-01-27 18:41:52,121 - INFO -
| Epoch:    414 | Train loss: 0.0405 | Valid loss: 0.0971 | Train acc: 0.9852 | Valid acc: 0.9623 | patience: 367 | Epoch time: 36.3 |

2023-01-27 18:42:28,377 - INFO -
| Epoch:    415 | Train loss: 0.0396 | Valid loss: 0.0961 | Train acc: 0.9848 | Valid acc: 0.9624 | patience: 368 | Epoch time: 36.3 |

2023-01-27 18:43:04,657 - INFO -
| Epoch:    416 | Train loss: 0.0389 | Valid loss: 0.0969 | Train acc: 0.9851 | Valid acc: 0.9631 | patience: 369 | Epoch time: 36.3 |

2023-01-27 18:43:40,930 - INFO -
| Epoch:    417 | Train loss: 0.0392 | Valid loss: 0.0967 | Train acc: 0.9853 | Valid acc: 0.9627 | patience: 370 | Epoch time: 36.3 |

2023-01-27 18:44:17,224 - INFO -
| Epoch:    418 | Train loss: 0.0394 | Valid loss: 0.0961 | Train acc: 0.9848 | Valid acc: 0.9625 | patience: 371 | Epoch time: 36.3 |

2023-01-27 18:44:53,511 - INFO -
| Epoch:    419 | Train loss: 0.0402 | Valid loss: 0.0951 | Train acc: 0.9845 | Valid acc: 0.9626 | patience: 372 | Epoch time: 36.3 |

2023-01-27 18:45:29,808 - INFO -
| Epoch:    420 | Train loss: 0.0395 | Valid loss: 0.0963 | Train acc: 0.9853 | Valid acc: 0.9624 | patience: 373 | Epoch time: 36.3 |

2023-01-27 18:46:06,133 - INFO -
| Epoch:    421 | Train loss: 0.0390 | Valid loss: 0.0957 | Train acc: 0.9849 | Valid acc: 0.9637 | patience: 374 | Epoch time: 36.3 |

2023-01-27 18:46:42,428 - INFO -
| Epoch:    422 | Train loss: 0.0390 | Valid loss: 0.0968 | Train acc: 0.9849 | Valid acc: 0.9631 | patience: 375 | Epoch time: 36.3 |

2023-01-27 18:47:18,699 - INFO -
| Epoch:    423 | Train loss: 0.0393 | Valid loss: 0.0978 | Train acc: 0.9847 | Valid acc: 0.9625 | patience: 376 | Epoch time: 36.3 |

2023-01-27 18:47:54,969 - INFO -
| Epoch:    424 | Train loss: 0.0403 | Valid loss: 0.0967 | Train acc: 0.9851 | Valid acc: 0.9622 | patience: 377 | Epoch time: 36.3 |

2023-01-27 18:48:31,286 - INFO -
| Epoch:    425 | Train loss: 0.0400 | Valid loss: 0.0964 | Train acc: 0.9851 | Valid acc: 0.9626 | patience: 378 | Epoch time: 36.3 |

2023-01-27 18:49:07,756 - INFO -
| Epoch:    426 | Train loss: 0.0386 | Valid loss: 0.0964 | Train acc: 0.9847 | Valid acc: 0.9633 | patience: 379 | Epoch time: 36.5 |

2023-01-27 18:49:44,074 - INFO -
| Epoch:    427 | Train loss: 0.0387 | Valid loss: 0.0965 | Train acc: 0.9853 | Valid acc: 0.9627 | patience: 380 | Epoch time: 36.3 |

2023-01-27 18:50:20,386 - INFO -
| Epoch:    428 | Train loss: 0.0403 | Valid loss: 0.0962 | Train acc: 0.9844 | Valid acc: 0.9632 | patience: 381 | Epoch time: 36.3 |

2023-01-27 18:50:56,661 - INFO -
| Epoch:    429 | Train loss: 0.0392 | Valid loss: 0.0951 | Train acc: 0.9852 | Valid acc: 0.9632 | patience: 382 | Epoch time: 36.3 |

2023-01-27 18:51:32,972 - INFO -
| Epoch:    430 | Train loss: 0.0397 | Valid loss: 0.0951 | Train acc: 0.9850 | Valid acc: 0.9634 | patience: 383 | Epoch time: 36.3 |

2023-01-27 18:52:09,263 - INFO -
| Epoch:    431 | Train loss: 0.0395 | Valid loss: 0.0957 | Train acc: 0.9853 | Valid acc: 0.9636 | patience: 384 | Epoch time: 36.3 |

2023-01-27 18:52:45,567 - INFO -
| Epoch:    432 | Train loss: 0.0398 | Valid loss: 0.0957 | Train acc: 0.9846 | Valid acc: 0.9632 | patience: 385 | Epoch time: 36.3 |

2023-01-27 18:53:21,852 - INFO -
| Epoch:    433 | Train loss: 0.0393 | Valid loss: 0.0949 | Train acc: 0.9849 | Valid acc: 0.9632 | patience: 386 | Epoch time: 36.3 |

2023-01-27 18:53:58,148 - INFO -
| Epoch:    434 | Train loss: 0.0395 | Valid loss: 0.0981 | Train acc: 0.9852 | Valid acc: 0.9632 | patience: 387 | Epoch time: 36.3 |

2023-01-27 18:54:34,469 - INFO -
| Epoch:    435 | Train loss: 0.0392 | Valid loss: 0.0982 | Train acc: 0.9850 | Valid acc: 0.9629 | patience: 388 | Epoch time: 36.3 |

2023-01-27 18:55:10,788 - INFO -
| Epoch:    436 | Train loss: 0.0384 | Valid loss: 0.0954 | Train acc: 0.9849 | Valid acc: 0.9635 | patience: 389 | Epoch time: 36.3 |

2023-01-27 18:55:47,093 - INFO -
| Epoch:    437 | Train loss: 0.0400 | Valid loss: 0.0968 | Train acc: 0.9851 | Valid acc: 0.9633 | patience: 390 | Epoch time: 36.3 |

2023-01-27 18:56:23,407 - INFO -
| Epoch:    438 | Train loss: 0.0397 | Valid loss: 0.0952 | Train acc: 0.9845 | Valid acc: 0.9627 | patience: 391 | Epoch time: 36.3 |

2023-01-27 18:57:00,087 - INFO -
| Epoch:    439 | Train loss: 0.0385 | Valid loss: 0.0962 | Train acc: 0.9851 | Valid acc: 0.9629 | patience: 392 | Epoch time: 36.7 |

2023-01-27 18:57:36,443 - INFO -
| Epoch:    440 | Train loss: 0.0392 | Valid loss: 0.0951 | Train acc: 0.9843 | Valid acc: 0.9637 | patience: 393 | Epoch time: 36.3 |

2023-01-27 18:58:12,736 - INFO -
| Epoch:    441 | Train loss: 0.0399 | Valid loss: 0.0976 | Train acc: 0.9847 | Valid acc: 0.9633 | patience: 394 | Epoch time: 36.3 |

2023-01-27 18:58:49,099 - INFO -
| Epoch:    442 | Train loss: 0.0396 | Valid loss: 0.0954 | Train acc: 0.9850 | Valid acc: 0.9628 | patience: 395 | Epoch time: 36.4 |

2023-01-27 18:59:25,378 - INFO -
| Epoch:    443 | Train loss: 0.0386 | Valid loss: 0.0954 | Train acc: 0.9847 | Valid acc: 0.9627 | patience: 396 | Epoch time: 36.3 |

2023-01-27 19:00:01,682 - INFO -
| Epoch:    444 | Train loss: 0.0386 | Valid loss: 0.0953 | Train acc: 0.9853 | Valid acc: 0.9633 | patience: 397 | Epoch time: 36.3 |

2023-01-27 19:00:37,967 - INFO -
| Epoch:    445 | Train loss: 0.0404 | Valid loss: 0.0966 | Train acc: 0.9849 | Valid acc: 0.9629 | patience: 398 | Epoch time: 36.3 |

2023-01-27 19:01:14,261 - INFO -
| Epoch:    446 | Train loss: 0.0396 | Valid loss: 0.0977 | Train acc: 0.9850 | Valid acc: 0.9623 | patience: 399 | Epoch time: 36.3 |

2023-01-27 19:01:50,558 - INFO -
| Epoch:    447 | Train loss: 0.0392 | Valid loss: 0.0978 | Train acc: 0.9849 | Valid acc: 0.9620 | patience: 400 | Epoch time: 36.3 |

2023-01-27 19:02:26,999 - INFO -
| Epoch:    448 | Train loss: 0.0391 | Valid loss: 0.0991 | Train acc: 0.9846 | Valid acc: 0.9628 | patience: 401 | Epoch time: 36.4 |

2023-01-27 19:03:03,299 - INFO -
| Epoch:    449 | Train loss: 0.0400 | Valid loss: 0.0979 | Train acc: 0.9849 | Valid acc: 0.9626 | patience: 402 | Epoch time: 36.3 |

2023-01-27 19:03:39,611 - INFO -
| Epoch:    450 | Train loss: 0.0390 | Valid loss: 0.0973 | Train acc: 0.9852 | Valid acc: 0.9622 | patience: 403 | Epoch time: 36.3 |

2023-01-27 19:04:15,873 - INFO -
| Epoch:    451 | Train loss: 0.0386 | Valid loss: 0.0950 | Train acc: 0.9850 | Valid acc: 0.9634 | patience: 404 | Epoch time: 36.3 |

2023-01-27 19:04:52,127 - INFO -
| Epoch:    452 | Train loss: 0.0389 | Valid loss: 0.0952 | Train acc: 0.9848 | Valid acc: 0.9627 | patience: 405 | Epoch time: 36.3 |

2023-01-27 19:05:28,403 - INFO -
| Epoch:    453 | Train loss: 0.0393 | Valid loss: 0.0951 | Train acc: 0.9848 | Valid acc: 0.9637 | patience: 406 | Epoch time: 36.3 |

2023-01-27 19:06:04,714 - INFO -
| Epoch:    454 | Train loss: 0.0397 | Valid loss: 0.0966 | Train acc: 0.9848 | Valid acc: 0.9635 | patience: 407 | Epoch time: 36.3 |

2023-01-27 19:06:41,017 - INFO -
| Epoch:    455 | Train loss: 0.0387 | Valid loss: 0.0949 | Train acc: 0.9847 | Valid acc: 0.9637 | patience: 408 | Epoch time: 36.3 |

2023-01-27 19:07:17,306 - INFO -
| Epoch:    456 | Train loss: 0.0391 | Valid loss: 0.0957 | Train acc: 0.9847 | Valid acc: 0.9639 | patience: 409 | Epoch time: 36.3 |

2023-01-27 19:07:53,608 - INFO -
| Epoch:    457 | Train loss: 0.0394 | Valid loss: 0.0953 | Train acc: 0.9853 | Valid acc: 0.9637 | patience: 410 | Epoch time: 36.3 |

2023-01-27 19:08:29,943 - INFO -
| Epoch:    458 | Train loss: 0.0393 | Valid loss: 0.0963 | Train acc: 0.9848 | Valid acc: 0.9633 | patience: 411 | Epoch time: 36.3 |

2023-01-27 19:09:06,231 - INFO -
| Epoch:    459 | Train loss: 0.0397 | Valid loss: 0.0955 | Train acc: 0.9848 | Valid acc: 0.9627 | patience: 412 | Epoch time: 36.3 |

2023-01-27 19:09:42,545 - INFO -
| Epoch:    460 | Train loss: 0.0394 | Valid loss: 0.0961 | Train acc: 0.9854 | Valid acc: 0.9630 | patience: 413 | Epoch time: 36.3 |

2023-01-27 19:10:18,856 - INFO -
| Epoch:    461 | Train loss: 0.0392 | Valid loss: 0.0953 | Train acc: 0.9847 | Valid acc: 0.9629 | patience: 414 | Epoch time: 36.3 |

2023-01-27 19:10:55,108 - INFO -
| Epoch:    462 | Train loss: 0.0395 | Valid loss: 0.0977 | Train acc: 0.9851 | Valid acc: 0.9630 | patience: 415 | Epoch time: 36.3 |

2023-01-27 19:11:31,398 - INFO -
| Epoch:    463 | Train loss: 0.0396 | Valid loss: 0.0956 | Train acc: 0.9853 | Valid acc: 0.9628 | patience: 416 | Epoch time: 36.3 |

2023-01-27 19:12:07,728 - INFO -
| Epoch:    464 | Train loss: 0.0387 | Valid loss: 0.0970 | Train acc: 0.9850 | Valid acc: 0.9626 | patience: 417 | Epoch time: 36.3 |

2023-01-27 19:12:44,024 - INFO -
| Epoch:    465 | Train loss: 0.0435 | Valid loss: 0.0949 | Train acc: 0.9844 | Valid acc: 0.9633 | patience: 418 | Epoch time: 36.3 |

2023-01-27 19:13:20,312 - INFO -
| Epoch:    466 | Train loss: 0.0393 | Valid loss: 0.0953 | Train acc: 0.9853 | Valid acc: 0.9633 | patience: 419 | Epoch time: 36.3 |

2023-01-27 19:13:56,579 - INFO -
| Epoch:    467 | Train loss: 0.0393 | Valid loss: 0.0954 | Train acc: 0.9847 | Valid acc: 0.9623 | patience: 420 | Epoch time: 36.3 |

2023-01-27 19:14:32,901 - INFO -
| Epoch:    468 | Train loss: 0.0388 | Valid loss: 0.0960 | Train acc: 0.9845 | Valid acc: 0.9625 | patience: 421 | Epoch time: 36.3 |

2023-01-27 19:15:09,250 - INFO -
| Epoch:    469 | Train loss: 0.0391 | Valid loss: 0.0959 | Train acc: 0.9850 | Valid acc: 0.9632 | patience: 422 | Epoch time: 36.3 |

2023-01-27 19:15:45,575 - INFO -
| Epoch:    470 | Train loss: 0.0398 | Valid loss: 0.0969 | Train acc: 0.9852 | Valid acc: 0.9623 | patience: 423 | Epoch time: 36.3 |

2023-01-27 19:16:21,870 - INFO -
| Epoch:    471 | Train loss: 0.0394 | Valid loss: 0.0956 | Train acc: 0.9849 | Valid acc: 0.9623 | patience: 424 | Epoch time: 36.3 |

2023-01-27 19:16:58,173 - INFO -
| Epoch:    472 | Train loss: 0.0393 | Valid loss: 0.0971 | Train acc: 0.9847 | Valid acc: 0.9632 | patience: 425 | Epoch time: 36.3 |

2023-01-27 19:17:34,480 - INFO -
| Epoch:    473 | Train loss: 0.0391 | Valid loss: 0.0958 | Train acc: 0.9847 | Valid acc: 0.9627 | patience: 426 | Epoch time: 36.3 |

2023-01-27 19:18:10,774 - INFO -
| Epoch:    474 | Train loss: 0.0395 | Valid loss: 0.0965 | Train acc: 0.9848 | Valid acc: 0.9627 | patience: 427 | Epoch time: 36.3 |

2023-01-27 19:18:47,061 - INFO -
| Epoch:    475 | Train loss: 0.0392 | Valid loss: 0.0962 | Train acc: 0.9848 | Valid acc: 0.9628 | patience: 428 | Epoch time: 36.3 |

2023-01-27 19:19:23,348 - INFO -
| Epoch:    476 | Train loss: 0.0395 | Valid loss: 0.0958 | Train acc: 0.9847 | Valid acc: 0.9635 | patience: 429 | Epoch time: 36.3 |

2023-01-27 19:19:59,609 - INFO -
| Epoch:    477 | Train loss: 0.0392 | Valid loss: 0.0966 | Train acc: 0.9848 | Valid acc: 0.9634 | patience: 430 | Epoch time: 36.3 |

2023-01-27 19:20:35,910 - INFO -
| Epoch:    478 | Train loss: 0.0395 | Valid loss: 0.0960 | Train acc: 0.9851 | Valid acc: 0.9623 | patience: 431 | Epoch time: 36.3 |

2023-01-27 19:21:12,220 - INFO -
| Epoch:    479 | Train loss: 0.0393 | Valid loss: 0.0968 | Train acc: 0.9849 | Valid acc: 0.9631 | patience: 432 | Epoch time: 36.3 |

2023-01-27 19:21:48,480 - INFO -
| Epoch:    480 | Train loss: 0.0390 | Valid loss: 0.0959 | Train acc: 0.9849 | Valid acc: 0.9633 | patience: 433 | Epoch time: 36.3 |

2023-01-27 19:22:24,817 - INFO -
| Epoch:    481 | Train loss: 0.0402 | Valid loss: 0.0973 | Train acc: 0.9853 | Valid acc: 0.9626 | patience: 434 | Epoch time: 36.3 |

2023-01-27 19:23:01,118 - INFO -
| Epoch:    482 | Train loss: 0.0390 | Valid loss: 0.0977 | Train acc: 0.9848 | Valid acc: 0.9628 | patience: 435 | Epoch time: 36.3 |

2023-01-27 19:23:37,459 - INFO -
| Epoch:    483 | Train loss: 0.0402 | Valid loss: 0.0965 | Train acc: 0.9849 | Valid acc: 0.9627 | patience: 436 | Epoch time: 36.3 |

2023-01-27 19:24:13,785 - INFO -
| Epoch:    484 | Train loss: 0.0399 | Valid loss: 0.0977 | Train acc: 0.9849 | Valid acc: 0.9627 | patience: 437 | Epoch time: 36.3 |

2023-01-27 19:24:50,074 - INFO -
| Epoch:    485 | Train loss: 0.0393 | Valid loss: 0.0966 | Train acc: 0.9852 | Valid acc: 0.9628 | patience: 438 | Epoch time: 36.3 |

2023-01-27 19:25:26,381 - INFO -
| Epoch:    486 | Train loss: 0.0389 | Valid loss: 0.0948 | Train acc: 0.9851 | Valid acc: 0.9629 | patience: 439 | Epoch time: 36.3 |

2023-01-27 19:26:02,693 - INFO -
| Epoch:    487 | Train loss: 0.0384 | Valid loss: 0.0964 | Train acc: 0.9852 | Valid acc: 0.9629 | patience: 440 | Epoch time: 36.3 |

2023-01-27 19:26:39,014 - INFO -
| Epoch:    488 | Train loss: 0.0393 | Valid loss: 0.0963 | Train acc: 0.9848 | Valid acc: 0.9631 | patience: 441 | Epoch time: 36.3 |

2023-01-27 19:27:15,301 - INFO -
| Epoch:    489 | Train loss: 0.0388 | Valid loss: 0.0948 | Train acc: 0.9851 | Valid acc: 0.9635 | patience: 442 | Epoch time: 36.3 |

2023-01-27 19:27:51,619 - INFO -
| Epoch:    490 | Train loss: 0.0405 | Valid loss: 0.0971 | Train acc: 0.9849 | Valid acc: 0.9632 | patience: 443 | Epoch time: 36.3 |

2023-01-27 19:28:27,897 - INFO -
| Epoch:    491 | Train loss: 0.0386 | Valid loss: 0.0954 | Train acc: 0.9846 | Valid acc: 0.9627 | patience: 444 | Epoch time: 36.3 |

2023-01-27 19:29:04,211 - INFO -
| Epoch:    492 | Train loss: 0.0395 | Valid loss: 0.0959 | Train acc: 0.9845 | Valid acc: 0.9633 | patience: 445 | Epoch time: 36.3 |

2023-01-27 19:29:40,516 - INFO -
| Epoch:    493 | Train loss: 0.0394 | Valid loss: 0.0957 | Train acc: 0.9850 | Valid acc: 0.9626 | patience: 446 | Epoch time: 36.3 |

2023-01-27 19:30:16,818 - INFO -
| Epoch:    494 | Train loss: 0.0387 | Valid loss: 0.0973 | Train acc: 0.9852 | Valid acc: 0.9618 | patience: 447 | Epoch time: 36.3 |

2023-01-27 19:30:53,092 - INFO -
| Epoch:    495 | Train loss: 0.0397 | Valid loss: 0.0961 | Train acc: 0.9850 | Valid acc: 0.9627 | patience: 448 | Epoch time: 36.3 |

2023-01-27 19:31:29,364 - INFO -
| Epoch:    496 | Train loss: 0.0387 | Valid loss: 0.0971 | Train acc: 0.9851 | Valid acc: 0.9632 | patience: 449 | Epoch time: 36.3 |

2023-01-27 19:32:05,684 - INFO -
| Epoch:    497 | Train loss: 0.0391 | Valid loss: 0.0949 | Train acc: 0.9846 | Valid acc: 0.9638 | patience: 450 | Epoch time: 36.3 |

2023-01-27 19:32:41,999 - INFO -
| Epoch:    498 | Train loss: 0.0383 | Valid loss: 0.0958 | Train acc: 0.9851 | Valid acc: 0.9638 | patience: 451 | Epoch time: 36.3 |

2023-01-27 19:33:18,292 - INFO -
| Epoch:    499 | Train loss: 0.0385 | Valid loss: 0.0954 | Train acc: 0.9849 | Valid acc: 0.9638 | patience: 452 | Epoch time: 36.3 |

2023-01-27 19:33:54,580 - INFO -
| Epoch:    500 | Train loss: 0.0401 | Valid loss: 0.0949 | Train acc: 0.9846 | Valid acc: 0.9635 | patience: 453 | Epoch time: 36.3 |

2023-01-27 19:34:30,890 - INFO -
| Epoch:    501 | Train loss: 0.0386 | Valid loss: 0.0980 | Train acc: 0.9852 | Valid acc: 0.9630 | patience: 454 | Epoch time: 36.3 |

2023-01-27 19:35:07,183 - INFO -
| Epoch:    502 | Train loss: 0.0393 | Valid loss: 0.0958 | Train acc: 0.9851 | Valid acc: 0.9631 | patience: 455 | Epoch time: 36.3 |

2023-01-27 19:35:43,472 - INFO -
| Epoch:    503 | Train loss: 0.0393 | Valid loss: 0.0968 | Train acc: 0.9852 | Valid acc: 0.9634 | patience: 456 | Epoch time: 36.3 |

2023-01-27 19:36:19,770 - INFO -
| Epoch:    504 | Train loss: 0.0398 | Valid loss: 0.0968 | Train acc: 0.9848 | Valid acc: 0.9632 | patience: 457 | Epoch time: 36.3 |

2023-01-27 19:36:56,069 - INFO -
| Epoch:    505 | Train loss: 0.0387 | Valid loss: 0.0961 | Train acc: 0.9849 | Valid acc: 0.9624 | patience: 458 | Epoch time: 36.3 |

2023-01-27 19:37:32,408 - INFO -
| Epoch:    506 | Train loss: 0.0395 | Valid loss: 0.0964 | Train acc: 0.9849 | Valid acc: 0.9630 | patience: 459 | Epoch time: 36.3 |

2023-01-27 19:38:08,722 - INFO -
| Epoch:    507 | Train loss: 0.0387 | Valid loss: 0.0964 | Train acc: 0.9851 | Valid acc: 0.9627 | patience: 460 | Epoch time: 36.3 |

2023-01-27 19:38:45,096 - INFO -
| Epoch:    508 | Train loss: 0.0396 | Valid loss: 0.0968 | Train acc: 0.9848 | Valid acc: 0.9628 | patience: 461 | Epoch time: 36.4 |

2023-01-27 19:39:21,372 - INFO -
| Epoch:    509 | Train loss: 0.0397 | Valid loss: 0.0955 | Train acc: 0.9846 | Valid acc: 0.9636 | patience: 462 | Epoch time: 36.3 |

2023-01-27 19:39:57,659 - INFO -
| Epoch:    510 | Train loss: 0.0397 | Valid loss: 0.0960 | Train acc: 0.9850 | Valid acc: 0.9627 | patience: 463 | Epoch time: 36.3 |

2023-01-27 19:40:33,963 - INFO -
| Epoch:    511 | Train loss: 0.0398 | Valid loss: 0.0956 | Train acc: 0.9849 | Valid acc: 0.9630 | patience: 464 | Epoch time: 36.3 |

2023-01-27 19:41:10,283 - INFO -
| Epoch:    512 | Train loss: 0.0382 | Valid loss: 0.0947 | Train acc: 0.9853 | Valid acc: 0.9635 | patience: 465 | Epoch time: 36.3 |

2023-01-27 19:41:46,563 - INFO -
| Epoch:    513 | Train loss: 0.0389 | Valid loss: 0.0957 | Train acc: 0.9849 | Valid acc: 0.9629 | patience: 466 | Epoch time: 36.3 |

2023-01-27 19:42:22,862 - INFO -
| Epoch:    514 | Train loss: 0.0394 | Valid loss: 0.0948 | Train acc: 0.9853 | Valid acc: 0.9631 | patience: 467 | Epoch time: 36.3 |

2023-01-27 19:42:59,172 - INFO -
| Epoch:    515 | Train loss: 0.0391 | Valid loss: 0.0961 | Train acc: 0.9851 | Valid acc: 0.9634 | patience: 468 | Epoch time: 36.3 |

2023-01-27 19:43:35,469 - INFO -
| Epoch:    516 | Train loss: 0.0390 | Valid loss: 0.0960 | Train acc: 0.9850 | Valid acc: 0.9630 | patience: 469 | Epoch time: 36.3 |

2023-01-27 19:44:11,786 - INFO -
| Epoch:    517 | Train loss: 0.0388 | Valid loss: 0.0972 | Train acc: 0.9850 | Valid acc: 0.9628 | patience: 470 | Epoch time: 36.3 |

2023-01-27 19:44:48,073 - INFO -
| Epoch:    518 | Train loss: 0.0394 | Valid loss: 0.0973 | Train acc: 0.9847 | Valid acc: 0.9622 | patience: 471 | Epoch time: 36.3 |

2023-01-27 19:45:24,347 - INFO -
| Epoch:    519 | Train loss: 0.0388 | Valid loss: 0.0972 | Train acc: 0.9851 | Valid acc: 0.9623 | patience: 472 | Epoch time: 36.3 |

2023-01-27 19:46:00,618 - INFO -
| Epoch:    520 | Train loss: 0.0390 | Valid loss: 0.0969 | Train acc: 0.9850 | Valid acc: 0.9622 | patience: 473 | Epoch time: 36.3 |

2023-01-27 19:46:36,906 - INFO -
| Epoch:    521 | Train loss: 0.0418 | Valid loss: 0.0957 | Train acc: 0.9850 | Valid acc: 0.9630 | patience: 474 | Epoch time: 36.3 |

2023-01-27 19:47:13,195 - INFO -
| Epoch:    522 | Train loss: 0.0387 | Valid loss: 0.0957 | Train acc: 0.9849 | Valid acc: 0.9625 | patience: 475 | Epoch time: 36.3 |

2023-01-27 19:47:49,487 - INFO -
| Epoch:    523 | Train loss: 0.0386 | Valid loss: 0.0957 | Train acc: 0.9853 | Valid acc: 0.9634 | patience: 476 | Epoch time: 36.3 |

2023-01-27 19:48:25,784 - INFO -
| Epoch:    524 | Train loss: 0.0391 | Valid loss: 0.0947 | Train acc: 0.9849 | Valid acc: 0.9634 | patience: 477 | Epoch time: 36.3 |

2023-01-27 19:49:02,118 - INFO -
| Epoch:    525 | Train loss: 0.0400 | Valid loss: 0.0961 | Train acc: 0.9847 | Valid acc: 0.9628 | patience: 478 | Epoch time: 36.3 |

2023-01-27 19:49:38,445 - INFO -
| Epoch:    526 | Train loss: 0.0392 | Valid loss: 0.0949 | Train acc: 0.9852 | Valid acc: 0.9624 | patience: 479 | Epoch time: 36.3 |

2023-01-27 19:50:14,796 - INFO -
| Epoch:    527 | Train loss: 0.0393 | Valid loss: 0.0959 | Train acc: 0.9851 | Valid acc: 0.9637 | patience: 480 | Epoch time: 36.4 |

2023-01-27 19:50:51,208 - INFO -
| Epoch:    528 | Train loss: 0.0392 | Valid loss: 0.0956 | Train acc: 0.9852 | Valid acc: 0.9631 | patience: 481 | Epoch time: 36.4 |

2023-01-27 19:51:27,524 - INFO -
| Epoch:    529 | Train loss: 0.0391 | Valid loss: 0.0953 | Train acc: 0.9852 | Valid acc: 0.9624 | patience: 482 | Epoch time: 36.3 |

2023-01-27 19:52:03,847 - INFO -
| Epoch:    530 | Train loss: 0.0384 | Valid loss: 0.0974 | Train acc: 0.9851 | Valid acc: 0.9635 | patience: 483 | Epoch time: 36.3 |

2023-01-27 19:52:40,140 - INFO -
| Epoch:    531 | Train loss: 0.0397 | Valid loss: 0.0974 | Train acc: 0.9846 | Valid acc: 0.9621 | patience: 484 | Epoch time: 36.3 |

2023-01-27 19:53:16,433 - INFO -
| Epoch:    532 | Train loss: 0.0392 | Valid loss: 0.0974 | Train acc: 0.9846 | Valid acc: 0.9629 | patience: 485 | Epoch time: 36.3 |

2023-01-27 19:53:52,739 - INFO -
| Epoch:    533 | Train loss: 0.0387 | Valid loss: 0.0971 | Train acc: 0.9853 | Valid acc: 0.9622 | patience: 486 | Epoch time: 36.3 |

2023-01-27 19:54:30,737 - INFO -
| Epoch:    534 | Train loss: 0.0390 | Valid loss: 0.0972 | Train acc: 0.9850 | Valid acc: 0.9621 | patience: 487 | Epoch time: 38.0 |

2023-01-27 19:55:07,055 - INFO -
| Epoch:    535 | Train loss: 0.0388 | Valid loss: 0.0965 | Train acc: 0.9854 | Valid acc: 0.9625 | patience: 488 | Epoch time: 36.3 |

2023-01-27 19:55:43,361 - INFO -
| Epoch:    536 | Train loss: 0.0394 | Valid loss: 0.0959 | Train acc: 0.9851 | Valid acc: 0.9625 | patience: 489 | Epoch time: 36.3 |

2023-01-27 19:56:19,685 - INFO -
| Epoch:    537 | Train loss: 0.0395 | Valid loss: 0.0973 | Train acc: 0.9854 | Valid acc: 0.9627 | patience: 490 | Epoch time: 36.3 |

2023-01-27 19:56:56,016 - INFO -
| Epoch:    538 | Train loss: 0.0391 | Valid loss: 0.0959 | Train acc: 0.9852 | Valid acc: 0.9628 | patience: 491 | Epoch time: 36.3 |

2023-01-27 19:57:32,390 - INFO -
| Epoch:    539 | Train loss: 0.0388 | Valid loss: 0.0951 | Train acc: 0.9852 | Valid acc: 0.9631 | patience: 492 | Epoch time: 36.4 |

2023-01-27 19:58:08,701 - INFO -
| Epoch:    540 | Train loss: 0.0391 | Valid loss: 0.0949 | Train acc: 0.9846 | Valid acc: 0.9632 | patience: 493 | Epoch time: 36.3 |

2023-01-27 19:58:45,060 - INFO -
| Epoch:    541 | Train loss: 0.0385 | Valid loss: 0.0963 | Train acc: 0.9854 | Valid acc: 0.9625 | patience: 494 | Epoch time: 36.4 |

2023-01-27 19:59:21,377 - INFO -
| Epoch:    542 | Train loss: 0.0396 | Valid loss: 0.0962 | Train acc: 0.9850 | Valid acc: 0.9626 | patience: 495 | Epoch time: 36.3 |

2023-01-27 19:59:57,664 - INFO -
| Epoch:    543 | Train loss: 0.0390 | Valid loss: 0.0959 | Train acc: 0.9844 | Valid acc: 0.9631 | patience: 496 | Epoch time: 36.3 |

2023-01-27 20:00:33,985 - INFO -
| Epoch:    544 | Train loss: 0.0386 | Valid loss: 0.0968 | Train acc: 0.9852 | Valid acc: 0.9630 | patience: 497 | Epoch time: 36.3 |

2023-01-27 20:01:10,281 - INFO -
| Epoch:    545 | Train loss: 0.0394 | Valid loss: 0.0956 | Train acc: 0.9851 | Valid acc: 0.9624 | patience: 498 | Epoch time: 36.3 |

2023-01-27 20:01:46,598 - INFO -
| Epoch:    546 | Train loss: 0.0395 | Valid loss: 0.0949 | Train acc: 0.9853 | Valid acc: 0.9637 | patience: 499 | Epoch time: 36.3 |

2023-01-27 20:02:24,113 - INFO -
| Epoch:    547 | Train loss: 0.0394 | Valid loss: 0.0955 | Train acc: 0.9847 | Valid acc: 0.9636 | patience: 500 | Epoch time: 37.5 |

2023-01-27 20:03:00,506 - INFO -
Early stop.

2023-01-27 20:03:01,153 - INFO -
Training if finished.

