2023-01-07 18:14:25,444 - INFO -
gmin                0.01
gmax                10.0
T                   0.1
m                   0.3
ACT_eta1            0.134
ACT_eta2            0.962
ACT_eta3            0.183
ACT_eta4            24.1
NEG_eta1            -0.104
NEG_eta2            0.899
NEG_eta3            -0.056
NEG_eta4            3.858
hidden              [3]
SEED                7
DEVICE              cuda
TIMELIMITATION      45
PATIENCE            500
EPOCH               10000000000
DATASET             2
LR                  0.1
PROGRESSIVE         False
LR_PATIENCE         100
LR_DECAY            0.5
LR_MIN              0.0001
MODE                nominal
M_train             1
K_train             1
M_test              500
K_test              500
t_test_max          10
integration         MC
VARIATION           False
N_train             1
e_train             0.0
N_test              100
e_test              0.1
projectname         ICCAD_2022
temppath            ./ICCAD_2022/temp/
logfilepath         ./ICCAD_2022/log/
recording           False
recordpath          ./ICCAD_2022/record/
savepath            ./ICCAD_2022/models/
loglevel            info


2023-01-07 18:14:25,445 - INFO -
Training network on device: cuda.

2023-01-07 18:14:25,445 - INFO -
Training setup: breastcancerwisc_7_nominal_0.0_1_MC.

2023-01-07 18:14:25,445 - INFO -
Dataset "breastcancerwisc" has 9 input features and 2 classes. There are 418 training examples, 139 valid examples, and 140 test examples in the dataset.

2023-01-07 18:14:25,445 - INFO -
Topology of the network: [9, 3, 2].

2023-01-07 18:14:26,938 - INFO -
| Epoch:      0 | Train loss: 0.7000 | Valid loss: 0.3599 | Train acc: 0.6411 | Valid acc: 0.6691 | patience:   0 | Epoch time: 1.5 |

2023-01-07 18:14:27,511 - INFO -
| Epoch:      1 | Train loss: 0.3644 | Valid loss: 0.1694 | Train acc: 0.6555 | Valid acc: 0.9353 | patience:   0 | Epoch time: 0.6 |

2023-01-07 18:14:28,078 - INFO -
| Epoch:      2 | Train loss: 0.1624 | Valid loss: 0.0885 | Train acc: 0.9545 | Valid acc: 0.9640 | patience:   0 | Epoch time: 0.6 |

2023-01-07 18:14:28,647 - INFO -
| Epoch:      3 | Train loss: 0.0564 | Valid loss: 0.0968 | Train acc: 0.9785 | Valid acc: 0.9640 | patience:   1 | Epoch time: 0.6 |

2023-01-07 18:14:29,212 - INFO -
| Epoch:      4 | Train loss: 0.0553 | Valid loss: 0.1012 | Train acc: 0.9761 | Valid acc: 0.9568 | patience:   2 | Epoch time: 0.6 |

2023-01-07 18:14:29,780 - INFO -
| Epoch:      5 | Train loss: 0.0569 | Valid loss: 0.0981 | Train acc: 0.9761 | Valid acc: 0.9640 | patience:   3 | Epoch time: 0.6 |

2023-01-07 18:14:30,348 - INFO -
| Epoch:      6 | Train loss: 0.0559 | Valid loss: 0.0939 | Train acc: 0.9761 | Valid acc: 0.9640 | patience:   4 | Epoch time: 0.6 |

2023-01-07 18:14:30,914 - INFO -
| Epoch:      7 | Train loss: 0.0553 | Valid loss: 0.0903 | Train acc: 0.9761 | Valid acc: 0.9640 | patience:   5 | Epoch time: 0.6 |

2023-01-07 18:14:31,484 - INFO -
| Epoch:      8 | Train loss: 0.0545 | Valid loss: 0.0882 | Train acc: 0.9785 | Valid acc: 0.9640 | patience:   0 | Epoch time: 0.6 |

2023-01-07 18:14:32,052 - INFO -
| Epoch:      9 | Train loss: 0.0537 | Valid loss: 0.0879 | Train acc: 0.9809 | Valid acc: 0.9640 | patience:   0 | Epoch time: 0.6 |

2023-01-07 18:14:32,621 - INFO -
| Epoch:     10 | Train loss: 0.0533 | Valid loss: 0.0884 | Train acc: 0.9785 | Valid acc: 0.9640 | patience:   1 | Epoch time: 0.6 |

2023-01-07 18:14:33,187 - INFO -
| Epoch:     11 | Train loss: 0.0534 | Valid loss: 0.0887 | Train acc: 0.9785 | Valid acc: 0.9640 | patience:   2 | Epoch time: 0.6 |

2023-01-07 18:14:33,755 - INFO -
| Epoch:     12 | Train loss: 0.0537 | Valid loss: 0.0890 | Train acc: 0.9785 | Valid acc: 0.9640 | patience:   3 | Epoch time: 0.6 |

2023-01-07 18:14:34,320 - INFO -
| Epoch:     13 | Train loss: 0.0538 | Valid loss: 0.0893 | Train acc: 0.9785 | Valid acc: 0.9640 | patience:   4 | Epoch time: 0.6 |

2023-01-07 18:14:34,888 - INFO -
| Epoch:     14 | Train loss: 0.0535 | Valid loss: 0.0895 | Train acc: 0.9785 | Valid acc: 0.9640 | patience:   5 | Epoch time: 0.6 |

2023-01-07 18:14:35,453 - INFO -
| Epoch:     15 | Train loss: 0.0529 | Valid loss: 0.0896 | Train acc: 0.9785 | Valid acc: 0.9640 | patience:   6 | Epoch time: 0.6 |

2023-01-07 18:14:36,021 - INFO -
| Epoch:     16 | Train loss: 0.0522 | Valid loss: 0.0896 | Train acc: 0.9785 | Valid acc: 0.9640 | patience:   7 | Epoch time: 0.6 |

2023-01-07 18:14:36,586 - INFO -
| Epoch:     17 | Train loss: 0.0518 | Valid loss: 0.0902 | Train acc: 0.9809 | Valid acc: 0.9640 | patience:   8 | Epoch time: 0.6 |

2023-01-07 18:14:37,153 - INFO -
| Epoch:     18 | Train loss: 0.0516 | Valid loss: 0.0907 | Train acc: 0.9809 | Valid acc: 0.9640 | patience:   9 | Epoch time: 0.6 |

2023-01-07 18:14:37,718 - INFO -
| Epoch:     19 | Train loss: 0.0516 | Valid loss: 0.0913 | Train acc: 0.9809 | Valid acc: 0.9640 | patience:  10 | Epoch time: 0.6 |

2023-01-07 18:14:38,283 - INFO -
| Epoch:     20 | Train loss: 0.0518 | Valid loss: 0.0912 | Train acc: 0.9809 | Valid acc: 0.9640 | patience:  11 | Epoch time: 0.6 |

2023-01-07 18:14:38,848 - INFO -
| Epoch:     21 | Train loss: 0.0516 | Valid loss: 0.0911 | Train acc: 0.9809 | Valid acc: 0.9640 | patience:  12 | Epoch time: 0.6 |

2023-01-07 18:14:39,415 - INFO -
| Epoch:     22 | Train loss: 0.0512 | Valid loss: 0.0910 | Train acc: 0.9809 | Valid acc: 0.9640 | patience:  13 | Epoch time: 0.6 |

2023-01-07 18:14:39,980 - INFO -
| Epoch:     23 | Train loss: 0.0507 | Valid loss: 0.0909 | Train acc: 0.9809 | Valid acc: 0.9640 | patience:  14 | Epoch time: 0.6 |

2023-01-07 18:14:40,546 - INFO -
| Epoch:     24 | Train loss: 0.0503 | Valid loss: 0.0907 | Train acc: 0.9809 | Valid acc: 0.9640 | patience:  15 | Epoch time: 0.6 |

2023-01-07 18:14:41,111 - INFO -
| Epoch:     25 | Train loss: 0.0502 | Valid loss: 0.0906 | Train acc: 0.9809 | Valid acc: 0.9640 | patience:  16 | Epoch time: 0.6 |

2023-01-07 18:14:41,675 - INFO -
| Epoch:     26 | Train loss: 0.0502 | Valid loss: 0.0906 | Train acc: 0.9809 | Valid acc: 0.9640 | patience:  17 | Epoch time: 0.6 |

2023-01-07 18:14:42,240 - INFO -
| Epoch:     27 | Train loss: 0.0501 | Valid loss: 0.0908 | Train acc: 0.9809 | Valid acc: 0.9640 | patience:  18 | Epoch time: 0.6 |

2023-01-07 18:14:42,804 - INFO -
| Epoch:     28 | Train loss: 0.0499 | Valid loss: 0.0909 | Train acc: 0.9809 | Valid acc: 0.9640 | patience:  19 | Epoch time: 0.6 |

2023-01-07 18:14:43,369 - INFO -
| Epoch:     29 | Train loss: 0.0497 | Valid loss: 0.0912 | Train acc: 0.9809 | Valid acc: 0.9640 | patience:  20 | Epoch time: 0.6 |

2023-01-07 18:14:43,934 - INFO -
| Epoch:     30 | Train loss: 0.0494 | Valid loss: 0.0914 | Train acc: 0.9809 | Valid acc: 0.9640 | patience:  21 | Epoch time: 0.6 |

2023-01-07 18:14:44,499 - INFO -
| Epoch:     31 | Train loss: 0.0492 | Valid loss: 0.0916 | Train acc: 0.9809 | Valid acc: 0.9640 | patience:  22 | Epoch time: 0.6 |

2023-01-07 18:14:45,064 - INFO -
| Epoch:     32 | Train loss: 0.0491 | Valid loss: 0.0917 | Train acc: 0.9809 | Valid acc: 0.9640 | patience:  23 | Epoch time: 0.6 |

2023-01-07 18:14:45,629 - INFO -
| Epoch:     33 | Train loss: 0.0491 | Valid loss: 0.0916 | Train acc: 0.9809 | Valid acc: 0.9640 | patience:  24 | Epoch time: 0.6 |

2023-01-07 18:14:46,193 - INFO -
| Epoch:     34 | Train loss: 0.0489 | Valid loss: 0.0915 | Train acc: 0.9809 | Valid acc: 0.9640 | patience:  25 | Epoch time: 0.6 |

2023-01-07 18:14:46,758 - INFO -
| Epoch:     35 | Train loss: 0.0487 | Valid loss: 0.0915 | Train acc: 0.9809 | Valid acc: 0.9640 | patience:  26 | Epoch time: 0.6 |

2023-01-07 18:14:47,324 - INFO -
| Epoch:     36 | Train loss: 0.0486 | Valid loss: 0.0914 | Train acc: 0.9809 | Valid acc: 0.9640 | patience:  27 | Epoch time: 0.6 |

2023-01-07 18:14:47,888 - INFO -
| Epoch:     37 | Train loss: 0.0484 | Valid loss: 0.0914 | Train acc: 0.9809 | Valid acc: 0.9640 | patience:  28 | Epoch time: 0.6 |

2023-01-07 18:14:48,454 - INFO -
| Epoch:     38 | Train loss: 0.0482 | Valid loss: 0.0914 | Train acc: 0.9809 | Valid acc: 0.9640 | patience:  29 | Epoch time: 0.6 |

2023-01-07 18:14:49,018 - INFO -
| Epoch:     39 | Train loss: 0.0481 | Valid loss: 0.0914 | Train acc: 0.9809 | Valid acc: 0.9640 | patience:  30 | Epoch time: 0.6 |

2023-01-07 18:14:49,583 - INFO -
| Epoch:     40 | Train loss: 0.0478 | Valid loss: 0.0914 | Train acc: 0.9809 | Valid acc: 0.9640 | patience:  31 | Epoch time: 0.6 |

2023-01-07 18:14:50,148 - INFO -
| Epoch:     41 | Train loss: 0.0475 | Valid loss: 0.0914 | Train acc: 0.9809 | Valid acc: 0.9640 | patience:  32 | Epoch time: 0.6 |

2023-01-07 18:14:50,713 - INFO -
| Epoch:     42 | Train loss: 0.0470 | Valid loss: 0.0914 | Train acc: 0.9809 | Valid acc: 0.9640 | patience:  33 | Epoch time: 0.6 |

2023-01-07 18:14:51,278 - INFO -
| Epoch:     43 | Train loss: 0.0463 | Valid loss: 0.0913 | Train acc: 0.9809 | Valid acc: 0.9640 | patience:  34 | Epoch time: 0.6 |

2023-01-07 18:14:51,842 - INFO -
| Epoch:     44 | Train loss: 0.0454 | Valid loss: 0.0912 | Train acc: 0.9833 | Valid acc: 0.9640 | patience:  35 | Epoch time: 0.6 |

2023-01-07 18:14:52,407 - INFO -
| Epoch:     45 | Train loss: 0.0447 | Valid loss: 0.0911 | Train acc: 0.9833 | Valid acc: 0.9640 | patience:  36 | Epoch time: 0.6 |

2023-01-07 18:14:52,972 - INFO -
| Epoch:     46 | Train loss: 0.0445 | Valid loss: 0.0911 | Train acc: 0.9833 | Valid acc: 0.9640 | patience:  37 | Epoch time: 0.6 |

2023-01-07 18:14:53,537 - INFO -
| Epoch:     47 | Train loss: 0.0445 | Valid loss: 0.0912 | Train acc: 0.9833 | Valid acc: 0.9640 | patience:  38 | Epoch time: 0.6 |

2023-01-07 18:14:54,102 - INFO -
| Epoch:     48 | Train loss: 0.0443 | Valid loss: 0.0913 | Train acc: 0.9833 | Valid acc: 0.9640 | patience:  39 | Epoch time: 0.6 |

2023-01-07 18:14:54,667 - INFO -
| Epoch:     49 | Train loss: 0.0436 | Valid loss: 0.0915 | Train acc: 0.9833 | Valid acc: 0.9640 | patience:  40 | Epoch time: 0.6 |

2023-01-07 18:14:55,233 - INFO -
| Epoch:     50 | Train loss: 0.0431 | Valid loss: 0.0915 | Train acc: 0.9833 | Valid acc: 0.9640 | patience:  41 | Epoch time: 0.6 |

2023-01-07 18:14:55,798 - INFO -
| Epoch:     51 | Train loss: 0.0419 | Valid loss: 0.0912 | Train acc: 0.9833 | Valid acc: 0.9640 | patience:  42 | Epoch time: 0.6 |

2023-01-07 18:14:56,364 - INFO -
| Epoch:     52 | Train loss: 0.0405 | Valid loss: 0.0910 | Train acc: 0.9856 | Valid acc: 0.9640 | patience:  43 | Epoch time: 0.6 |

2023-01-07 18:14:56,929 - INFO -
| Epoch:     53 | Train loss: 0.0406 | Valid loss: 0.0911 | Train acc: 0.9856 | Valid acc: 0.9640 | patience:  44 | Epoch time: 0.6 |

2023-01-07 18:14:57,494 - INFO -
| Epoch:     54 | Train loss: 0.0404 | Valid loss: 0.0914 | Train acc: 0.9856 | Valid acc: 0.9640 | patience:  45 | Epoch time: 0.6 |

2023-01-07 18:14:58,060 - INFO -
| Epoch:     55 | Train loss: 0.0395 | Valid loss: 0.0918 | Train acc: 0.9856 | Valid acc: 0.9640 | patience:  46 | Epoch time: 0.6 |

2023-01-07 18:14:58,625 - INFO -
| Epoch:     56 | Train loss: 0.0389 | Valid loss: 0.0921 | Train acc: 0.9856 | Valid acc: 0.9640 | patience:  47 | Epoch time: 0.6 |

2023-01-07 18:14:59,190 - INFO -
| Epoch:     57 | Train loss: 0.0390 | Valid loss: 0.0926 | Train acc: 0.9856 | Valid acc: 0.9640 | patience:  48 | Epoch time: 0.6 |

2023-01-07 18:14:59,756 - INFO -
| Epoch:     58 | Train loss: 0.0391 | Valid loss: 0.0929 | Train acc: 0.9856 | Valid acc: 0.9640 | patience:  49 | Epoch time: 0.6 |

2023-01-07 18:15:00,320 - INFO -
| Epoch:     59 | Train loss: 0.0391 | Valid loss: 0.0930 | Train acc: 0.9856 | Valid acc: 0.9640 | patience:  50 | Epoch time: 0.6 |

2023-01-07 18:15:00,886 - INFO -
| Epoch:     60 | Train loss: 0.0390 | Valid loss: 0.0930 | Train acc: 0.9856 | Valid acc: 0.9640 | patience:  51 | Epoch time: 0.6 |

2023-01-07 18:15:01,452 - INFO -
| Epoch:     61 | Train loss: 0.0389 | Valid loss: 0.0929 | Train acc: 0.9856 | Valid acc: 0.9640 | patience:  52 | Epoch time: 0.6 |

2023-01-07 18:15:02,017 - INFO -
| Epoch:     62 | Train loss: 0.0390 | Valid loss: 0.0928 | Train acc: 0.9856 | Valid acc: 0.9640 | patience:  53 | Epoch time: 0.6 |

2023-01-07 18:15:02,582 - INFO -
| Epoch:     63 | Train loss: 0.0391 | Valid loss: 0.0927 | Train acc: 0.9856 | Valid acc: 0.9640 | patience:  54 | Epoch time: 0.6 |

2023-01-07 18:15:03,148 - INFO -
| Epoch:     64 | Train loss: 0.0392 | Valid loss: 0.0928 | Train acc: 0.9856 | Valid acc: 0.9640 | patience:  55 | Epoch time: 0.6 |

2023-01-07 18:15:03,713 - INFO -
| Epoch:     65 | Train loss: 0.0391 | Valid loss: 0.0929 | Train acc: 0.9856 | Valid acc: 0.9640 | patience:  56 | Epoch time: 0.6 |

2023-01-07 18:15:04,278 - INFO -
| Epoch:     66 | Train loss: 0.0391 | Valid loss: 0.0931 | Train acc: 0.9856 | Valid acc: 0.9640 | patience:  57 | Epoch time: 0.6 |

2023-01-07 18:15:04,844 - INFO -
| Epoch:     67 | Train loss: 0.0390 | Valid loss: 0.0933 | Train acc: 0.9856 | Valid acc: 0.9640 | patience:  58 | Epoch time: 0.6 |

2023-01-07 18:15:05,409 - INFO -
| Epoch:     68 | Train loss: 0.0389 | Valid loss: 0.0935 | Train acc: 0.9856 | Valid acc: 0.9640 | patience:  59 | Epoch time: 0.6 |

2023-01-07 18:15:05,975 - INFO -
| Epoch:     69 | Train loss: 0.0388 | Valid loss: 0.0937 | Train acc: 0.9856 | Valid acc: 0.9640 | patience:  60 | Epoch time: 0.6 |

2023-01-07 18:15:06,540 - INFO -
| Epoch:     70 | Train loss: 0.0387 | Valid loss: 0.0938 | Train acc: 0.9856 | Valid acc: 0.9640 | patience:  61 | Epoch time: 0.6 |

2023-01-07 18:15:07,105 - INFO -
| Epoch:     71 | Train loss: 0.0386 | Valid loss: 0.0938 | Train acc: 0.9856 | Valid acc: 0.9640 | patience:  62 | Epoch time: 0.6 |

2023-01-07 18:15:07,672 - INFO -
| Epoch:     72 | Train loss: 0.0386 | Valid loss: 0.0936 | Train acc: 0.9856 | Valid acc: 0.9640 | patience:  63 | Epoch time: 0.6 |

2023-01-07 18:15:08,237 - INFO -
| Epoch:     73 | Train loss: 0.0385 | Valid loss: 0.0933 | Train acc: 0.9856 | Valid acc: 0.9640 | patience:  64 | Epoch time: 0.6 |

2023-01-07 18:15:08,803 - INFO -
| Epoch:     74 | Train loss: 0.0384 | Valid loss: 0.0930 | Train acc: 0.9856 | Valid acc: 0.9640 | patience:  65 | Epoch time: 0.6 |

2023-01-07 18:15:09,368 - INFO -
| Epoch:     75 | Train loss: 0.0384 | Valid loss: 0.0928 | Train acc: 0.9856 | Valid acc: 0.9640 | patience:  66 | Epoch time: 0.6 |

2023-01-07 18:15:09,934 - INFO -
| Epoch:     76 | Train loss: 0.0384 | Valid loss: 0.0928 | Train acc: 0.9856 | Valid acc: 0.9640 | patience:  67 | Epoch time: 0.6 |

2023-01-07 18:15:10,499 - INFO -
| Epoch:     77 | Train loss: 0.0383 | Valid loss: 0.0930 | Train acc: 0.9856 | Valid acc: 0.9640 | patience:  68 | Epoch time: 0.6 |

2023-01-07 18:15:11,064 - INFO -
| Epoch:     78 | Train loss: 0.0381 | Valid loss: 0.0932 | Train acc: 0.9856 | Valid acc: 0.9640 | patience:  69 | Epoch time: 0.6 |

2023-01-07 18:15:11,630 - INFO -
| Epoch:     79 | Train loss: 0.0381 | Valid loss: 0.0933 | Train acc: 0.9856 | Valid acc: 0.9640 | patience:  70 | Epoch time: 0.6 |

2023-01-07 18:15:12,196 - INFO -
| Epoch:     80 | Train loss: 0.0382 | Valid loss: 0.0933 | Train acc: 0.9856 | Valid acc: 0.9640 | patience:  71 | Epoch time: 0.6 |

2023-01-07 18:15:12,761 - INFO -
| Epoch:     81 | Train loss: 0.0382 | Valid loss: 0.0931 | Train acc: 0.9856 | Valid acc: 0.9640 | patience:  72 | Epoch time: 0.6 |

2023-01-07 18:15:13,327 - INFO -
| Epoch:     82 | Train loss: 0.0380 | Valid loss: 0.0928 | Train acc: 0.9856 | Valid acc: 0.9640 | patience:  73 | Epoch time: 0.6 |

2023-01-07 18:15:13,892 - INFO -
| Epoch:     83 | Train loss: 0.0381 | Valid loss: 0.0927 | Train acc: 0.9856 | Valid acc: 0.9640 | patience:  74 | Epoch time: 0.6 |

2023-01-07 18:15:14,457 - INFO -
| Epoch:     84 | Train loss: 0.0381 | Valid loss: 0.0927 | Train acc: 0.9856 | Valid acc: 0.9640 | patience:  75 | Epoch time: 0.6 |

2023-01-07 18:15:15,023 - INFO -
| Epoch:     85 | Train loss: 0.0381 | Valid loss: 0.0927 | Train acc: 0.9856 | Valid acc: 0.9640 | patience:  76 | Epoch time: 0.6 |

2023-01-07 18:15:15,589 - INFO -
| Epoch:     86 | Train loss: 0.0381 | Valid loss: 0.0929 | Train acc: 0.9856 | Valid acc: 0.9640 | patience:  77 | Epoch time: 0.6 |

2023-01-07 18:15:16,155 - INFO -
| Epoch:     87 | Train loss: 0.0380 | Valid loss: 0.0932 | Train acc: 0.9856 | Valid acc: 0.9640 | patience:  78 | Epoch time: 0.6 |

2023-01-07 18:15:16,720 - INFO -
| Epoch:     88 | Train loss: 0.0379 | Valid loss: 0.0934 | Train acc: 0.9856 | Valid acc: 0.9640 | patience:  79 | Epoch time: 0.6 |

2023-01-07 18:15:17,287 - INFO -
| Epoch:     89 | Train loss: 0.0379 | Valid loss: 0.0935 | Train acc: 0.9856 | Valid acc: 0.9640 | patience:  80 | Epoch time: 0.6 |

2023-01-07 18:15:17,853 - INFO -
| Epoch:     90 | Train loss: 0.0379 | Valid loss: 0.0934 | Train acc: 0.9856 | Valid acc: 0.9640 | patience:  81 | Epoch time: 0.6 |

2023-01-07 18:15:18,419 - INFO -
| Epoch:     91 | Train loss: 0.0378 | Valid loss: 0.0934 | Train acc: 0.9856 | Valid acc: 0.9640 | patience:  82 | Epoch time: 0.6 |

2023-01-07 18:15:18,985 - INFO -
| Epoch:     92 | Train loss: 0.0378 | Valid loss: 0.0934 | Train acc: 0.9856 | Valid acc: 0.9640 | patience:  83 | Epoch time: 0.6 |

2023-01-07 18:15:19,550 - INFO -
| Epoch:     93 | Train loss: 0.0378 | Valid loss: 0.0936 | Train acc: 0.9856 | Valid acc: 0.9640 | patience:  84 | Epoch time: 0.6 |

2023-01-07 18:15:20,116 - INFO -
| Epoch:     94 | Train loss: 0.0377 | Valid loss: 0.0937 | Train acc: 0.9856 | Valid acc: 0.9640 | patience:  85 | Epoch time: 0.6 |

2023-01-07 18:15:20,684 - INFO -
| Epoch:     95 | Train loss: 0.0378 | Valid loss: 0.0935 | Train acc: 0.9856 | Valid acc: 0.9640 | patience:  86 | Epoch time: 0.6 |

2023-01-07 18:15:21,250 - INFO -
| Epoch:     96 | Train loss: 0.0377 | Valid loss: 0.0933 | Train acc: 0.9856 | Valid acc: 0.9640 | patience:  87 | Epoch time: 0.6 |

2023-01-07 18:15:21,815 - INFO -
| Epoch:     97 | Train loss: 0.0377 | Valid loss: 0.0931 | Train acc: 0.9856 | Valid acc: 0.9640 | patience:  88 | Epoch time: 0.6 |

2023-01-07 18:15:22,382 - INFO -
| Epoch:     98 | Train loss: 0.0377 | Valid loss: 0.0931 | Train acc: 0.9856 | Valid acc: 0.9640 | patience:  89 | Epoch time: 0.6 |

2023-01-07 18:15:22,948 - INFO -
| Epoch:     99 | Train loss: 0.0376 | Valid loss: 0.0933 | Train acc: 0.9856 | Valid acc: 0.9640 | patience:  90 | Epoch time: 0.6 |

2023-01-07 18:15:23,514 - INFO -
| Epoch:    100 | Train loss: 0.0378 | Valid loss: 0.0932 | Train acc: 0.9856 | Valid acc: 0.9640 | patience:  91 | Epoch time: 0.6 |

2023-01-07 18:15:24,079 - INFO -
| Epoch:    101 | Train loss: 0.0377 | Valid loss: 0.0929 | Train acc: 0.9856 | Valid acc: 0.9640 | patience:  92 | Epoch time: 0.6 |

2023-01-07 18:15:24,645 - INFO -
| Epoch:    102 | Train loss: 0.0377 | Valid loss: 0.0927 | Train acc: 0.9856 | Valid acc: 0.9640 | patience:  93 | Epoch time: 0.6 |

2023-01-07 18:15:25,210 - INFO -
| Epoch:    103 | Train loss: 0.0377 | Valid loss: 0.0928 | Train acc: 0.9856 | Valid acc: 0.9640 | patience:  94 | Epoch time: 0.6 |

2023-01-07 18:15:25,775 - INFO -
| Epoch:    104 | Train loss: 0.0376 | Valid loss: 0.0928 | Train acc: 0.9856 | Valid acc: 0.9640 | patience:  95 | Epoch time: 0.6 |

2023-01-07 18:15:26,340 - INFO -
| Epoch:    105 | Train loss: 0.0376 | Valid loss: 0.0930 | Train acc: 0.9856 | Valid acc: 0.9640 | patience:  96 | Epoch time: 0.6 |

2023-01-07 18:15:26,905 - INFO -
| Epoch:    106 | Train loss: 0.0376 | Valid loss: 0.0931 | Train acc: 0.9856 | Valid acc: 0.9640 | patience:  97 | Epoch time: 0.6 |

2023-01-07 18:15:27,471 - INFO -
| Epoch:    107 | Train loss: 0.0377 | Valid loss: 0.0930 | Train acc: 0.9856 | Valid acc: 0.9640 | patience:  98 | Epoch time: 0.6 |

2023-01-07 18:15:28,036 - INFO -
| Epoch:    108 | Train loss: 0.0376 | Valid loss: 0.0929 | Train acc: 0.9856 | Valid acc: 0.9640 | patience:  99 | Epoch time: 0.6 |

2023-01-07 18:15:28,602 - INFO -
| Epoch:    109 | Train loss: 0.0376 | Valid loss: 0.0930 | Train acc: 0.9856 | Valid acc: 0.9640 | patience: 100 | Epoch time: 0.6 |

2023-01-07 18:15:29,167 - INFO -
| Epoch:    110 | Train loss: 0.0376 | Valid loss: 0.0930 | Train acc: 0.9856 | Valid acc: 0.9640 | patience: 101 | Epoch time: 0.6 |

2023-01-07 18:15:29,733 - INFO -
| Epoch:    111 | Train loss: 0.0376 | Valid loss: 0.0930 | Train acc: 0.9856 | Valid acc: 0.9640 | patience: 102 | Epoch time: 0.6 |

2023-01-07 18:15:30,298 - INFO -
| Epoch:    112 | Train loss: 0.0376 | Valid loss: 0.0931 | Train acc: 0.9856 | Valid acc: 0.9640 | patience: 103 | Epoch time: 0.6 |

2023-01-07 18:15:30,864 - INFO -
| Epoch:    113 | Train loss: 0.0376 | Valid loss: 0.0931 | Train acc: 0.9856 | Valid acc: 0.9640 | patience: 104 | Epoch time: 0.6 |

2023-01-07 18:15:31,429 - INFO -
| Epoch:    114 | Train loss: 0.0376 | Valid loss: 0.0930 | Train acc: 0.9856 | Valid acc: 0.9640 | patience: 105 | Epoch time: 0.6 |

2023-01-07 18:15:31,994 - INFO -
| Epoch:    115 | Train loss: 0.0376 | Valid loss: 0.0930 | Train acc: 0.9856 | Valid acc: 0.9640 | patience: 106 | Epoch time: 0.6 |

2023-01-07 18:15:32,559 - INFO -
| Epoch:    116 | Train loss: 0.0376 | Valid loss: 0.0930 | Train acc: 0.9856 | Valid acc: 0.9640 | patience: 107 | Epoch time: 0.6 |

2023-01-07 18:15:33,125 - INFO -
| Epoch:    117 | Train loss: 0.0376 | Valid loss: 0.0929 | Train acc: 0.9856 | Valid acc: 0.9640 | patience: 108 | Epoch time: 0.6 |

2023-01-07 18:15:33,690 - INFO -
| Epoch:    118 | Train loss: 0.0376 | Valid loss: 0.0929 | Train acc: 0.9856 | Valid acc: 0.9640 | patience: 109 | Epoch time: 0.6 |

2023-01-07 18:15:34,255 - INFO -
| Epoch:    119 | Train loss: 0.0376 | Valid loss: 0.0929 | Train acc: 0.9856 | Valid acc: 0.9640 | patience: 110 | Epoch time: 0.6 |

2023-01-07 18:15:34,820 - INFO -
| Epoch:    120 | Train loss: 0.0376 | Valid loss: 0.0930 | Train acc: 0.9856 | Valid acc: 0.9640 | patience: 111 | Epoch time: 0.6 |

2023-01-07 18:15:35,386 - INFO -
| Epoch:    121 | Train loss: 0.0376 | Valid loss: 0.0929 | Train acc: 0.9856 | Valid acc: 0.9640 | patience: 112 | Epoch time: 0.6 |

2023-01-07 18:15:35,951 - INFO -
| Epoch:    122 | Train loss: 0.0376 | Valid loss: 0.0929 | Train acc: 0.9856 | Valid acc: 0.9640 | patience: 113 | Epoch time: 0.6 |

2023-01-07 18:15:36,516 - INFO -
| Epoch:    123 | Train loss: 0.0376 | Valid loss: 0.0929 | Train acc: 0.9856 | Valid acc: 0.9640 | patience: 114 | Epoch time: 0.6 |

2023-01-07 18:15:37,081 - INFO -
| Epoch:    124 | Train loss: 0.0376 | Valid loss: 0.0929 | Train acc: 0.9856 | Valid acc: 0.9640 | patience: 115 | Epoch time: 0.6 |

2023-01-07 18:15:37,646 - INFO -
| Epoch:    125 | Train loss: 0.0376 | Valid loss: 0.0929 | Train acc: 0.9856 | Valid acc: 0.9640 | patience: 116 | Epoch time: 0.6 |

2023-01-07 18:15:38,211 - INFO -
| Epoch:    126 | Train loss: 0.0376 | Valid loss: 0.0929 | Train acc: 0.9856 | Valid acc: 0.9640 | patience: 117 | Epoch time: 0.6 |

2023-01-07 18:15:38,776 - INFO -
| Epoch:    127 | Train loss: 0.0376 | Valid loss: 0.0929 | Train acc: 0.9856 | Valid acc: 0.9640 | patience: 118 | Epoch time: 0.6 |

2023-01-07 18:15:39,341 - INFO -
| Epoch:    128 | Train loss: 0.0376 | Valid loss: 0.0928 | Train acc: 0.9856 | Valid acc: 0.9640 | patience: 119 | Epoch time: 0.6 |

2023-01-07 18:15:39,906 - INFO -
| Epoch:    129 | Train loss: 0.0376 | Valid loss: 0.0927 | Train acc: 0.9856 | Valid acc: 0.9640 | patience: 120 | Epoch time: 0.6 |

2023-01-07 18:15:40,471 - INFO -
| Epoch:    130 | Train loss: 0.0376 | Valid loss: 0.0927 | Train acc: 0.9856 | Valid acc: 0.9640 | patience: 121 | Epoch time: 0.6 |

2023-01-07 18:15:41,036 - INFO -
| Epoch:    131 | Train loss: 0.0376 | Valid loss: 0.0927 | Train acc: 0.9856 | Valid acc: 0.9640 | patience: 122 | Epoch time: 0.6 |

2023-01-07 18:15:41,602 - INFO -
| Epoch:    132 | Train loss: 0.0376 | Valid loss: 0.0927 | Train acc: 0.9856 | Valid acc: 0.9640 | patience: 123 | Epoch time: 0.6 |

2023-01-07 18:15:42,167 - INFO -
| Epoch:    133 | Train loss: 0.0376 | Valid loss: 0.0927 | Train acc: 0.9856 | Valid acc: 0.9640 | patience: 124 | Epoch time: 0.6 |

2023-01-07 18:15:42,732 - INFO -
| Epoch:    134 | Train loss: 0.0376 | Valid loss: 0.0927 | Train acc: 0.9856 | Valid acc: 0.9640 | patience: 125 | Epoch time: 0.6 |

2023-01-07 18:15:43,298 - INFO -
| Epoch:    135 | Train loss: 0.0376 | Valid loss: 0.0927 | Train acc: 0.9856 | Valid acc: 0.9640 | patience: 126 | Epoch time: 0.6 |

2023-01-07 18:15:43,863 - INFO -
| Epoch:    136 | Train loss: 0.0376 | Valid loss: 0.0927 | Train acc: 0.9856 | Valid acc: 0.9640 | patience: 127 | Epoch time: 0.6 |

2023-01-07 18:15:44,428 - INFO -
| Epoch:    137 | Train loss: 0.0376 | Valid loss: 0.0927 | Train acc: 0.9856 | Valid acc: 0.9640 | patience: 128 | Epoch time: 0.6 |

2023-01-07 18:15:44,994 - INFO -
| Epoch:    138 | Train loss: 0.0376 | Valid loss: 0.0927 | Train acc: 0.9856 | Valid acc: 0.9640 | patience: 129 | Epoch time: 0.6 |

2023-01-07 18:15:45,559 - INFO -
| Epoch:    139 | Train loss: 0.0376 | Valid loss: 0.0926 | Train acc: 0.9856 | Valid acc: 0.9640 | patience: 130 | Epoch time: 0.6 |

2023-01-07 18:15:46,124 - INFO -
| Epoch:    140 | Train loss: 0.0376 | Valid loss: 0.0926 | Train acc: 0.9856 | Valid acc: 0.9640 | patience: 131 | Epoch time: 0.6 |

2023-01-07 18:15:46,689 - INFO -
| Epoch:    141 | Train loss: 0.0376 | Valid loss: 0.0926 | Train acc: 0.9856 | Valid acc: 0.9640 | patience: 132 | Epoch time: 0.6 |

2023-01-07 18:15:47,255 - INFO -
| Epoch:    142 | Train loss: 0.0376 | Valid loss: 0.0927 | Train acc: 0.9856 | Valid acc: 0.9640 | patience: 133 | Epoch time: 0.6 |

2023-01-07 18:15:47,821 - INFO -
| Epoch:    143 | Train loss: 0.0376 | Valid loss: 0.0926 | Train acc: 0.9856 | Valid acc: 0.9640 | patience: 134 | Epoch time: 0.6 |

2023-01-07 18:15:48,386 - INFO -
| Epoch:    144 | Train loss: 0.0376 | Valid loss: 0.0926 | Train acc: 0.9856 | Valid acc: 0.9640 | patience: 135 | Epoch time: 0.6 |

2023-01-07 18:15:48,951 - INFO -
| Epoch:    145 | Train loss: 0.0377 | Valid loss: 0.0926 | Train acc: 0.9856 | Valid acc: 0.9640 | patience: 136 | Epoch time: 0.6 |

2023-01-07 18:15:49,516 - INFO -
| Epoch:    146 | Train loss: 0.0377 | Valid loss: 0.0927 | Train acc: 0.9856 | Valid acc: 0.9640 | patience: 137 | Epoch time: 0.6 |

2023-01-07 18:15:50,083 - INFO -
| Epoch:    147 | Train loss: 0.0377 | Valid loss: 0.0929 | Train acc: 0.9856 | Valid acc: 0.9640 | patience: 138 | Epoch time: 0.6 |

2023-01-07 18:15:50,648 - INFO -
| Epoch:    148 | Train loss: 0.0377 | Valid loss: 0.0930 | Train acc: 0.9856 | Valid acc: 0.9640 | patience: 139 | Epoch time: 0.6 |

2023-01-07 18:15:51,213 - INFO -
| Epoch:    149 | Train loss: 0.0377 | Valid loss: 0.0930 | Train acc: 0.9856 | Valid acc: 0.9640 | patience: 140 | Epoch time: 0.6 |

2023-01-07 18:15:51,779 - INFO -
| Epoch:    150 | Train loss: 0.0376 | Valid loss: 0.0930 | Train acc: 0.9856 | Valid acc: 0.9640 | patience: 141 | Epoch time: 0.6 |

2023-01-07 18:15:52,344 - INFO -
| Epoch:    151 | Train loss: 0.0377 | Valid loss: 0.0932 | Train acc: 0.9856 | Valid acc: 0.9640 | patience: 142 | Epoch time: 0.6 |

2023-01-07 18:15:52,909 - INFO -
| Epoch:    152 | Train loss: 0.0376 | Valid loss: 0.0931 | Train acc: 0.9856 | Valid acc: 0.9640 | patience: 143 | Epoch time: 0.6 |

2023-01-07 18:15:53,474 - INFO -
| Epoch:    153 | Train loss: 0.0377 | Valid loss: 0.0931 | Train acc: 0.9856 | Valid acc: 0.9640 | patience: 144 | Epoch time: 0.6 |

2023-01-07 18:15:54,040 - INFO -
| Epoch:    154 | Train loss: 0.0377 | Valid loss: 0.0930 | Train acc: 0.9856 | Valid acc: 0.9640 | patience: 145 | Epoch time: 0.6 |

2023-01-07 18:15:54,605 - INFO -
| Epoch:    155 | Train loss: 0.0376 | Valid loss: 0.0928 | Train acc: 0.9856 | Valid acc: 0.9640 | patience: 146 | Epoch time: 0.6 |

2023-01-07 18:15:55,170 - INFO -
| Epoch:    156 | Train loss: 0.0376 | Valid loss: 0.0928 | Train acc: 0.9856 | Valid acc: 0.9640 | patience: 147 | Epoch time: 0.6 |

2023-01-07 18:15:55,735 - INFO -
| Epoch:    157 | Train loss: 0.0377 | Valid loss: 0.0927 | Train acc: 0.9856 | Valid acc: 0.9640 | patience: 148 | Epoch time: 0.6 |

2023-01-07 18:15:56,300 - INFO -
| Epoch:    158 | Train loss: 0.0376 | Valid loss: 0.0928 | Train acc: 0.9856 | Valid acc: 0.9640 | patience: 149 | Epoch time: 0.6 |

2023-01-07 18:15:56,865 - INFO -
| Epoch:    159 | Train loss: 0.0376 | Valid loss: 0.0928 | Train acc: 0.9856 | Valid acc: 0.9640 | patience: 150 | Epoch time: 0.6 |

2023-01-07 18:15:57,430 - INFO -
| Epoch:    160 | Train loss: 0.0376 | Valid loss: 0.0928 | Train acc: 0.9856 | Valid acc: 0.9640 | patience: 151 | Epoch time: 0.6 |

2023-01-07 18:15:57,995 - INFO -
| Epoch:    161 | Train loss: 0.0376 | Valid loss: 0.0927 | Train acc: 0.9856 | Valid acc: 0.9640 | patience: 152 | Epoch time: 0.6 |

2023-01-07 18:15:58,561 - INFO -
| Epoch:    162 | Train loss: 0.0376 | Valid loss: 0.0927 | Train acc: 0.9856 | Valid acc: 0.9640 | patience: 153 | Epoch time: 0.6 |

2023-01-07 18:15:59,125 - INFO -
| Epoch:    163 | Train loss: 0.0376 | Valid loss: 0.0926 | Train acc: 0.9856 | Valid acc: 0.9640 | patience: 154 | Epoch time: 0.6 |

2023-01-07 18:15:59,691 - INFO -
| Epoch:    164 | Train loss: 0.0376 | Valid loss: 0.0926 | Train acc: 0.9856 | Valid acc: 0.9640 | patience: 155 | Epoch time: 0.6 |

2023-01-07 18:16:00,257 - INFO -
| Epoch:    165 | Train loss: 0.0376 | Valid loss: 0.0926 | Train acc: 0.9856 | Valid acc: 0.9640 | patience: 156 | Epoch time: 0.6 |

2023-01-07 18:16:00,821 - INFO -
| Epoch:    166 | Train loss: 0.0376 | Valid loss: 0.0926 | Train acc: 0.9856 | Valid acc: 0.9640 | patience: 157 | Epoch time: 0.6 |

2023-01-07 18:16:01,386 - INFO -
| Epoch:    167 | Train loss: 0.0376 | Valid loss: 0.0925 | Train acc: 0.9856 | Valid acc: 0.9640 | patience: 158 | Epoch time: 0.6 |

2023-01-07 18:16:01,951 - INFO -
| Epoch:    168 | Train loss: 0.0376 | Valid loss: 0.0925 | Train acc: 0.9856 | Valid acc: 0.9640 | patience: 159 | Epoch time: 0.6 |

2023-01-07 18:16:02,516 - INFO -
| Epoch:    169 | Train loss: 0.0376 | Valid loss: 0.0925 | Train acc: 0.9856 | Valid acc: 0.9640 | patience: 160 | Epoch time: 0.6 |

2023-01-07 18:16:03,081 - INFO -
| Epoch:    170 | Train loss: 0.0376 | Valid loss: 0.0925 | Train acc: 0.9856 | Valid acc: 0.9640 | patience: 161 | Epoch time: 0.6 |

2023-01-07 18:16:03,647 - INFO -
| Epoch:    171 | Train loss: 0.0376 | Valid loss: 0.0925 | Train acc: 0.9856 | Valid acc: 0.9640 | patience: 162 | Epoch time: 0.6 |

2023-01-07 18:16:04,212 - INFO -
| Epoch:    172 | Train loss: 0.0376 | Valid loss: 0.0925 | Train acc: 0.9856 | Valid acc: 0.9640 | patience: 163 | Epoch time: 0.6 |

2023-01-07 18:16:04,777 - INFO -
| Epoch:    173 | Train loss: 0.0376 | Valid loss: 0.0924 | Train acc: 0.9856 | Valid acc: 0.9640 | patience: 164 | Epoch time: 0.6 |

2023-01-07 18:16:05,342 - INFO -
| Epoch:    174 | Train loss: 0.0376 | Valid loss: 0.0924 | Train acc: 0.9856 | Valid acc: 0.9640 | patience: 165 | Epoch time: 0.6 |

2023-01-07 18:16:05,907 - INFO -
| Epoch:    175 | Train loss: 0.0376 | Valid loss: 0.0925 | Train acc: 0.9856 | Valid acc: 0.9640 | patience: 166 | Epoch time: 0.6 |

2023-01-07 18:16:06,472 - INFO -
| Epoch:    176 | Train loss: 0.0376 | Valid loss: 0.0925 | Train acc: 0.9856 | Valid acc: 0.9640 | patience: 167 | Epoch time: 0.6 |

2023-01-07 18:16:07,038 - INFO -
| Epoch:    177 | Train loss: 0.0376 | Valid loss: 0.0925 | Train acc: 0.9856 | Valid acc: 0.9640 | patience: 168 | Epoch time: 0.6 |

2023-01-07 18:16:07,604 - INFO -
| Epoch:    178 | Train loss: 0.0376 | Valid loss: 0.0925 | Train acc: 0.9856 | Valid acc: 0.9640 | patience: 169 | Epoch time: 0.6 |

2023-01-07 18:16:08,170 - INFO -
| Epoch:    179 | Train loss: 0.0376 | Valid loss: 0.0925 | Train acc: 0.9856 | Valid acc: 0.9640 | patience: 170 | Epoch time: 0.6 |

2023-01-07 18:16:08,736 - INFO -
| Epoch:    180 | Train loss: 0.0376 | Valid loss: 0.0925 | Train acc: 0.9856 | Valid acc: 0.9640 | patience: 171 | Epoch time: 0.6 |

2023-01-07 18:16:09,301 - INFO -
| Epoch:    181 | Train loss: 0.0376 | Valid loss: 0.0924 | Train acc: 0.9856 | Valid acc: 0.9640 | patience: 172 | Epoch time: 0.6 |

2023-01-07 18:16:09,868 - INFO -
| Epoch:    182 | Train loss: 0.0376 | Valid loss: 0.0925 | Train acc: 0.9856 | Valid acc: 0.9640 | patience: 173 | Epoch time: 0.6 |

2023-01-07 18:16:10,433 - INFO -
| Epoch:    183 | Train loss: 0.0376 | Valid loss: 0.0926 | Train acc: 0.9856 | Valid acc: 0.9640 | patience: 174 | Epoch time: 0.6 |

2023-01-07 18:16:10,999 - INFO -
| Epoch:    184 | Train loss: 0.0377 | Valid loss: 0.0925 | Train acc: 0.9856 | Valid acc: 0.9640 | patience: 175 | Epoch time: 0.6 |

2023-01-07 18:16:11,564 - INFO -
| Epoch:    185 | Train loss: 0.0376 | Valid loss: 0.0924 | Train acc: 0.9856 | Valid acc: 0.9640 | patience: 176 | Epoch time: 0.6 |

2023-01-07 18:16:12,130 - INFO -
| Epoch:    186 | Train loss: 0.0379 | Valid loss: 0.0925 | Train acc: 0.9856 | Valid acc: 0.9640 | patience: 177 | Epoch time: 0.6 |

2023-01-07 18:16:12,695 - INFO -
| Epoch:    187 | Train loss: 0.0377 | Valid loss: 0.0927 | Train acc: 0.9856 | Valid acc: 0.9640 | patience: 178 | Epoch time: 0.6 |

2023-01-07 18:16:13,260 - INFO -
| Epoch:    188 | Train loss: 0.0376 | Valid loss: 0.0927 | Train acc: 0.9856 | Valid acc: 0.9640 | patience: 179 | Epoch time: 0.6 |

2023-01-07 18:16:13,825 - INFO -
| Epoch:    189 | Train loss: 0.0377 | Valid loss: 0.0927 | Train acc: 0.9856 | Valid acc: 0.9640 | patience: 180 | Epoch time: 0.6 |

2023-01-07 18:16:14,391 - INFO -
| Epoch:    190 | Train loss: 0.0376 | Valid loss: 0.0927 | Train acc: 0.9856 | Valid acc: 0.9640 | patience: 181 | Epoch time: 0.6 |

2023-01-07 18:16:14,957 - INFO -
| Epoch:    191 | Train loss: 0.0376 | Valid loss: 0.0926 | Train acc: 0.9856 | Valid acc: 0.9640 | patience: 182 | Epoch time: 0.6 |

2023-01-07 18:16:15,522 - INFO -
| Epoch:    192 | Train loss: 0.0377 | Valid loss: 0.0927 | Train acc: 0.9856 | Valid acc: 0.9640 | patience: 183 | Epoch time: 0.6 |

2023-01-07 18:16:16,087 - INFO -
| Epoch:    193 | Train loss: 0.0377 | Valid loss: 0.0928 | Train acc: 0.9856 | Valid acc: 0.9640 | patience: 184 | Epoch time: 0.6 |

2023-01-07 18:16:16,653 - INFO -
| Epoch:    194 | Train loss: 0.0376 | Valid loss: 0.0929 | Train acc: 0.9856 | Valid acc: 0.9640 | patience: 185 | Epoch time: 0.6 |

2023-01-07 18:16:17,218 - INFO -
| Epoch:    195 | Train loss: 0.0377 | Valid loss: 0.0928 | Train acc: 0.9856 | Valid acc: 0.9640 | patience: 186 | Epoch time: 0.6 |

2023-01-07 18:16:17,784 - INFO -
| Epoch:    196 | Train loss: 0.0376 | Valid loss: 0.0928 | Train acc: 0.9856 | Valid acc: 0.9640 | patience: 187 | Epoch time: 0.6 |

2023-01-07 18:16:18,349 - INFO -
| Epoch:    197 | Train loss: 0.0376 | Valid loss: 0.0927 | Train acc: 0.9856 | Valid acc: 0.9640 | patience: 188 | Epoch time: 0.6 |

2023-01-07 18:16:18,915 - INFO -
| Epoch:    198 | Train loss: 0.0376 | Valid loss: 0.0928 | Train acc: 0.9856 | Valid acc: 0.9640 | patience: 189 | Epoch time: 0.6 |

2023-01-07 18:16:19,481 - INFO -
| Epoch:    199 | Train loss: 0.0376 | Valid loss: 0.0928 | Train acc: 0.9856 | Valid acc: 0.9640 | patience: 190 | Epoch time: 0.6 |

2023-01-07 18:16:20,047 - INFO -
| Epoch:    200 | Train loss: 0.0376 | Valid loss: 0.0927 | Train acc: 0.9856 | Valid acc: 0.9640 | patience: 191 | Epoch time: 0.6 |

2023-01-07 18:16:20,612 - INFO -
| Epoch:    201 | Train loss: 0.0376 | Valid loss: 0.0927 | Train acc: 0.9856 | Valid acc: 0.9640 | patience: 192 | Epoch time: 0.6 |

2023-01-07 18:16:21,178 - INFO -
| Epoch:    202 | Train loss: 0.0376 | Valid loss: 0.0926 | Train acc: 0.9856 | Valid acc: 0.9640 | patience: 193 | Epoch time: 0.6 |

2023-01-07 18:16:21,743 - INFO -
| Epoch:    203 | Train loss: 0.0376 | Valid loss: 0.0926 | Train acc: 0.9856 | Valid acc: 0.9640 | patience: 194 | Epoch time: 0.6 |

2023-01-07 18:16:22,310 - INFO -
| Epoch:    204 | Train loss: 0.0376 | Valid loss: 0.0926 | Train acc: 0.9856 | Valid acc: 0.9640 | patience: 195 | Epoch time: 0.6 |

2023-01-07 18:16:22,876 - INFO -
| Epoch:    205 | Train loss: 0.0376 | Valid loss: 0.0926 | Train acc: 0.9856 | Valid acc: 0.9640 | patience: 196 | Epoch time: 0.6 |

2023-01-07 18:16:23,441 - INFO -
| Epoch:    206 | Train loss: 0.0376 | Valid loss: 0.0926 | Train acc: 0.9856 | Valid acc: 0.9640 | patience: 197 | Epoch time: 0.6 |

2023-01-07 18:16:24,006 - INFO -
| Epoch:    207 | Train loss: 0.0376 | Valid loss: 0.0926 | Train acc: 0.9856 | Valid acc: 0.9640 | patience: 198 | Epoch time: 0.6 |

2023-01-07 18:16:24,572 - INFO -
| Epoch:    208 | Train loss: 0.0376 | Valid loss: 0.0926 | Train acc: 0.9856 | Valid acc: 0.9640 | patience: 199 | Epoch time: 0.6 |

2023-01-07 18:16:25,139 - INFO -
| Epoch:    209 | Train loss: 0.0376 | Valid loss: 0.0925 | Train acc: 0.9856 | Valid acc: 0.9640 | patience: 200 | Epoch time: 0.6 |

2023-01-07 18:16:25,704 - INFO -
| Epoch:    210 | Train loss: 0.0376 | Valid loss: 0.0925 | Train acc: 0.9856 | Valid acc: 0.9640 | patience: 201 | Epoch time: 0.6 |

2023-01-07 18:16:26,269 - INFO -
| Epoch:    211 | Train loss: 0.0376 | Valid loss: 0.0925 | Train acc: 0.9856 | Valid acc: 0.9640 | patience: 202 | Epoch time: 0.6 |

2023-01-07 18:16:26,834 - INFO -
| Epoch:    212 | Train loss: 0.0376 | Valid loss: 0.0925 | Train acc: 0.9856 | Valid acc: 0.9640 | patience: 203 | Epoch time: 0.6 |

2023-01-07 18:16:27,399 - INFO -
| Epoch:    213 | Train loss: 0.0376 | Valid loss: 0.0924 | Train acc: 0.9856 | Valid acc: 0.9640 | patience: 204 | Epoch time: 0.6 |

2023-01-07 18:16:27,964 - INFO -
| Epoch:    214 | Train loss: 0.0376 | Valid loss: 0.0924 | Train acc: 0.9856 | Valid acc: 0.9640 | patience: 205 | Epoch time: 0.6 |

2023-01-07 18:16:28,530 - INFO -
| Epoch:    215 | Train loss: 0.0376 | Valid loss: 0.0925 | Train acc: 0.9856 | Valid acc: 0.9640 | patience: 206 | Epoch time: 0.6 |

2023-01-07 18:16:29,095 - INFO -
| Epoch:    216 | Train loss: 0.0376 | Valid loss: 0.0925 | Train acc: 0.9856 | Valid acc: 0.9640 | patience: 207 | Epoch time: 0.6 |

2023-01-07 18:16:29,661 - INFO -
| Epoch:    217 | Train loss: 0.0376 | Valid loss: 0.0925 | Train acc: 0.9856 | Valid acc: 0.9640 | patience: 208 | Epoch time: 0.6 |

2023-01-07 18:16:30,226 - INFO -
| Epoch:    218 | Train loss: 0.0376 | Valid loss: 0.0926 | Train acc: 0.9856 | Valid acc: 0.9640 | patience: 209 | Epoch time: 0.6 |

2023-01-07 18:16:30,791 - INFO -
| Epoch:    219 | Train loss: 0.0376 | Valid loss: 0.0926 | Train acc: 0.9856 | Valid acc: 0.9640 | patience: 210 | Epoch time: 0.6 |

2023-01-07 18:16:31,356 - INFO -
| Epoch:    220 | Train loss: 0.0376 | Valid loss: 0.0926 | Train acc: 0.9856 | Valid acc: 0.9640 | patience: 211 | Epoch time: 0.6 |

2023-01-07 18:16:31,921 - INFO -
| Epoch:    221 | Train loss: 0.0376 | Valid loss: 0.0926 | Train acc: 0.9856 | Valid acc: 0.9640 | patience: 212 | Epoch time: 0.6 |

2023-01-07 18:16:32,487 - INFO -
| Epoch:    222 | Train loss: 0.0376 | Valid loss: 0.0926 | Train acc: 0.9856 | Valid acc: 0.9640 | patience: 213 | Epoch time: 0.6 |

2023-01-07 18:16:33,053 - INFO -
| Epoch:    223 | Train loss: 0.0376 | Valid loss: 0.0926 | Train acc: 0.9856 | Valid acc: 0.9640 | patience: 214 | Epoch time: 0.6 |

2023-01-07 18:16:33,618 - INFO -
| Epoch:    224 | Train loss: 0.0376 | Valid loss: 0.0925 | Train acc: 0.9856 | Valid acc: 0.9640 | patience: 215 | Epoch time: 0.6 |

2023-01-07 18:16:34,183 - INFO -
| Epoch:    225 | Train loss: 0.0376 | Valid loss: 0.0925 | Train acc: 0.9856 | Valid acc: 0.9640 | patience: 216 | Epoch time: 0.6 |

2023-01-07 18:16:34,748 - INFO -
| Epoch:    226 | Train loss: 0.0376 | Valid loss: 0.0925 | Train acc: 0.9856 | Valid acc: 0.9640 | patience: 217 | Epoch time: 0.6 |

2023-01-07 18:16:35,313 - INFO -
| Epoch:    227 | Train loss: 0.0376 | Valid loss: 0.0926 | Train acc: 0.9856 | Valid acc: 0.9640 | patience: 218 | Epoch time: 0.6 |

2023-01-07 18:16:35,878 - INFO -
| Epoch:    228 | Train loss: 0.0376 | Valid loss: 0.0926 | Train acc: 0.9856 | Valid acc: 0.9640 | patience: 219 | Epoch time: 0.6 |

2023-01-07 18:16:36,443 - INFO -
| Epoch:    229 | Train loss: 0.0376 | Valid loss: 0.0927 | Train acc: 0.9856 | Valid acc: 0.9640 | patience: 220 | Epoch time: 0.6 |

2023-01-07 18:16:37,009 - INFO -
| Epoch:    230 | Train loss: 0.0376 | Valid loss: 0.0928 | Train acc: 0.9856 | Valid acc: 0.9640 | patience: 221 | Epoch time: 0.6 |

2023-01-07 18:16:37,575 - INFO -
| Epoch:    231 | Train loss: 0.0376 | Valid loss: 0.0928 | Train acc: 0.9856 | Valid acc: 0.9640 | patience: 222 | Epoch time: 0.6 |

2023-01-07 18:16:38,141 - INFO -
| Epoch:    232 | Train loss: 0.0376 | Valid loss: 0.0927 | Train acc: 0.9856 | Valid acc: 0.9640 | patience: 223 | Epoch time: 0.6 |

2023-01-07 18:16:38,706 - INFO -
| Epoch:    233 | Train loss: 0.0376 | Valid loss: 0.0926 | Train acc: 0.9856 | Valid acc: 0.9640 | patience: 224 | Epoch time: 0.6 |

2023-01-07 18:16:39,272 - INFO -
| Epoch:    234 | Train loss: 0.0376 | Valid loss: 0.0925 | Train acc: 0.9856 | Valid acc: 0.9640 | patience: 225 | Epoch time: 0.6 |

2023-01-07 18:16:39,838 - INFO -
| Epoch:    235 | Train loss: 0.0377 | Valid loss: 0.0926 | Train acc: 0.9856 | Valid acc: 0.9640 | patience: 226 | Epoch time: 0.6 |

2023-01-07 18:16:40,403 - INFO -
| Epoch:    236 | Train loss: 0.0376 | Valid loss: 0.0927 | Train acc: 0.9856 | Valid acc: 0.9640 | patience: 227 | Epoch time: 0.6 |

2023-01-07 18:16:40,969 - INFO -
| Epoch:    237 | Train loss: 0.0376 | Valid loss: 0.0927 | Train acc: 0.9856 | Valid acc: 0.9640 | patience: 228 | Epoch time: 0.6 |

2023-01-07 18:16:41,534 - INFO -
| Epoch:    238 | Train loss: 0.0376 | Valid loss: 0.0928 | Train acc: 0.9856 | Valid acc: 0.9640 | patience: 229 | Epoch time: 0.6 |

2023-01-07 18:16:42,099 - INFO -
| Epoch:    239 | Train loss: 0.0376 | Valid loss: 0.0928 | Train acc: 0.9856 | Valid acc: 0.9640 | patience: 230 | Epoch time: 0.6 |

2023-01-07 18:16:42,664 - INFO -
| Epoch:    240 | Train loss: 0.0377 | Valid loss: 0.0927 | Train acc: 0.9856 | Valid acc: 0.9640 | patience: 231 | Epoch time: 0.6 |

2023-01-07 18:16:43,230 - INFO -
| Epoch:    241 | Train loss: 0.0376 | Valid loss: 0.0925 | Train acc: 0.9856 | Valid acc: 0.9640 | patience: 232 | Epoch time: 0.6 |

2023-01-07 18:16:43,795 - INFO -
| Epoch:    242 | Train loss: 0.0378 | Valid loss: 0.0927 | Train acc: 0.9856 | Valid acc: 0.9640 | patience: 233 | Epoch time: 0.6 |

2023-01-07 18:16:44,360 - INFO -
| Epoch:    243 | Train loss: 0.0376 | Valid loss: 0.0929 | Train acc: 0.9856 | Valid acc: 0.9640 | patience: 234 | Epoch time: 0.6 |

2023-01-07 18:16:44,925 - INFO -
| Epoch:    244 | Train loss: 0.0376 | Valid loss: 0.0930 | Train acc: 0.9856 | Valid acc: 0.9640 | patience: 235 | Epoch time: 0.6 |

2023-01-07 18:16:45,490 - INFO -
| Epoch:    245 | Train loss: 0.0380 | Valid loss: 0.0928 | Train acc: 0.9856 | Valid acc: 0.9640 | patience: 236 | Epoch time: 0.6 |

2023-01-07 18:16:46,055 - INFO -
| Epoch:    246 | Train loss: 0.0376 | Valid loss: 0.0926 | Train acc: 0.9856 | Valid acc: 0.9640 | patience: 237 | Epoch time: 0.6 |

2023-01-07 18:16:46,619 - INFO -
| Epoch:    247 | Train loss: 0.0377 | Valid loss: 0.0925 | Train acc: 0.9856 | Valid acc: 0.9640 | patience: 238 | Epoch time: 0.6 |

2023-01-07 18:16:47,184 - INFO -
| Epoch:    248 | Train loss: 0.0380 | Valid loss: 0.0925 | Train acc: 0.9856 | Valid acc: 0.9640 | patience: 239 | Epoch time: 0.6 |

2023-01-07 18:16:47,750 - INFO -
| Epoch:    249 | Train loss: 0.0379 | Valid loss: 0.0927 | Train acc: 0.9856 | Valid acc: 0.9640 | patience: 240 | Epoch time: 0.6 |

2023-01-07 18:16:48,314 - INFO -
| Epoch:    250 | Train loss: 0.0377 | Valid loss: 0.0931 | Train acc: 0.9856 | Valid acc: 0.9640 | patience: 241 | Epoch time: 0.6 |

2023-01-07 18:16:48,879 - INFO -
| Epoch:    251 | Train loss: 0.0378 | Valid loss: 0.0933 | Train acc: 0.9856 | Valid acc: 0.9640 | patience: 242 | Epoch time: 0.6 |

2023-01-07 18:16:49,444 - INFO -
| Epoch:    252 | Train loss: 0.0379 | Valid loss: 0.0929 | Train acc: 0.9856 | Valid acc: 0.9640 | patience: 243 | Epoch time: 0.6 |

2023-01-07 18:16:50,009 - INFO -
| Epoch:    253 | Train loss: 0.0376 | Valid loss: 0.0926 | Train acc: 0.9856 | Valid acc: 0.9640 | patience: 244 | Epoch time: 0.6 |

2023-01-07 18:16:50,574 - INFO -
| Epoch:    254 | Train loss: 0.0379 | Valid loss: 0.0925 | Train acc: 0.9856 | Valid acc: 0.9640 | patience: 245 | Epoch time: 0.6 |

2023-01-07 18:16:51,141 - INFO -
| Epoch:    255 | Train loss: 0.0382 | Valid loss: 0.0924 | Train acc: 0.9856 | Valid acc: 0.9640 | patience: 246 | Epoch time: 0.6 |

2023-01-07 18:16:51,708 - INFO -
| Epoch:    256 | Train loss: 0.0381 | Valid loss: 0.0926 | Train acc: 0.9856 | Valid acc: 0.9640 | patience: 247 | Epoch time: 0.6 |

2023-01-07 18:16:52,275 - INFO -
| Epoch:    257 | Train loss: 0.0378 | Valid loss: 0.0928 | Train acc: 0.9856 | Valid acc: 0.9640 | patience: 248 | Epoch time: 0.6 |

2023-01-07 18:16:52,841 - INFO -
| Epoch:    258 | Train loss: 0.0376 | Valid loss: 0.0931 | Train acc: 0.9856 | Valid acc: 0.9640 | patience: 249 | Epoch time: 0.6 |

2023-01-07 18:16:53,408 - INFO -
| Epoch:    259 | Train loss: 0.0380 | Valid loss: 0.0932 | Train acc: 0.9856 | Valid acc: 0.9640 | patience: 250 | Epoch time: 0.6 |

2023-01-07 18:16:53,975 - INFO -
| Epoch:    260 | Train loss: 0.0380 | Valid loss: 0.0929 | Train acc: 0.9856 | Valid acc: 0.9640 | patience: 251 | Epoch time: 0.6 |

2023-01-07 18:16:54,543 - INFO -
| Epoch:    261 | Train loss: 0.0378 | Valid loss: 0.0927 | Train acc: 0.9856 | Valid acc: 0.9640 | patience: 252 | Epoch time: 0.6 |

2023-01-07 18:16:55,110 - INFO -
| Epoch:    262 | Train loss: 0.0376 | Valid loss: 0.0925 | Train acc: 0.9856 | Valid acc: 0.9640 | patience: 253 | Epoch time: 0.6 |

2023-01-07 18:16:55,676 - INFO -
| Epoch:    263 | Train loss: 0.0382 | Valid loss: 0.0925 | Train acc: 0.9856 | Valid acc: 0.9640 | patience: 254 | Epoch time: 0.6 |

2023-01-07 18:16:56,244 - INFO -
| Epoch:    264 | Train loss: 0.0381 | Valid loss: 0.0927 | Train acc: 0.9856 | Valid acc: 0.9640 | patience: 255 | Epoch time: 0.6 |

2023-01-07 18:16:56,810 - INFO -
| Epoch:    265 | Train loss: 0.0376 | Valid loss: 0.0929 | Train acc: 0.9856 | Valid acc: 0.9640 | patience: 256 | Epoch time: 0.6 |

2023-01-07 18:16:57,378 - INFO -
| Epoch:    266 | Train loss: 0.0377 | Valid loss: 0.0930 | Train acc: 0.9856 | Valid acc: 0.9640 | patience: 257 | Epoch time: 0.6 |

2023-01-07 18:16:57,945 - INFO -
| Epoch:    267 | Train loss: 0.0378 | Valid loss: 0.0930 | Train acc: 0.9856 | Valid acc: 0.9640 | patience: 258 | Epoch time: 0.6 |

2023-01-07 18:16:58,511 - INFO -
| Epoch:    268 | Train loss: 0.0378 | Valid loss: 0.0928 | Train acc: 0.9856 | Valid acc: 0.9640 | patience: 259 | Epoch time: 0.6 |

2023-01-07 18:16:59,078 - INFO -
| Epoch:    269 | Train loss: 0.0376 | Valid loss: 0.0927 | Train acc: 0.9856 | Valid acc: 0.9640 | patience: 260 | Epoch time: 0.6 |

2023-01-07 18:16:59,644 - INFO -
| Epoch:    270 | Train loss: 0.0376 | Valid loss: 0.0925 | Train acc: 0.9856 | Valid acc: 0.9640 | patience: 261 | Epoch time: 0.6 |

2023-01-07 18:17:00,211 - INFO -
| Epoch:    271 | Train loss: 0.0378 | Valid loss: 0.0925 | Train acc: 0.9856 | Valid acc: 0.9640 | patience: 262 | Epoch time: 0.6 |

2023-01-07 18:17:00,778 - INFO -
| Epoch:    272 | Train loss: 0.0378 | Valid loss: 0.0927 | Train acc: 0.9856 | Valid acc: 0.9640 | patience: 263 | Epoch time: 0.6 |

2023-01-07 18:17:01,346 - INFO -
| Epoch:    273 | Train loss: 0.0376 | Valid loss: 0.0928 | Train acc: 0.9856 | Valid acc: 0.9640 | patience: 264 | Epoch time: 0.6 |

2023-01-07 18:17:01,913 - INFO -
| Epoch:    274 | Train loss: 0.0376 | Valid loss: 0.0929 | Train acc: 0.9856 | Valid acc: 0.9640 | patience: 265 | Epoch time: 0.6 |

2023-01-07 18:17:02,478 - INFO -
| Epoch:    275 | Train loss: 0.0377 | Valid loss: 0.0930 | Train acc: 0.9856 | Valid acc: 0.9640 | patience: 266 | Epoch time: 0.6 |

2023-01-07 18:17:03,046 - INFO -
| Epoch:    276 | Train loss: 0.0378 | Valid loss: 0.0929 | Train acc: 0.9856 | Valid acc: 0.9640 | patience: 267 | Epoch time: 0.6 |

2023-01-07 18:17:03,612 - INFO -
| Epoch:    277 | Train loss: 0.0377 | Valid loss: 0.0928 | Train acc: 0.9856 | Valid acc: 0.9640 | patience: 268 | Epoch time: 0.6 |

2023-01-07 18:17:04,181 - INFO -
| Epoch:    278 | Train loss: 0.0376 | Valid loss: 0.0927 | Train acc: 0.9856 | Valid acc: 0.9640 | patience: 269 | Epoch time: 0.6 |

2023-01-07 18:17:04,748 - INFO -
| Epoch:    279 | Train loss: 0.0376 | Valid loss: 0.0925 | Train acc: 0.9856 | Valid acc: 0.9640 | patience: 270 | Epoch time: 0.6 |

2023-01-07 18:17:05,314 - INFO -
| Epoch:    280 | Train loss: 0.0376 | Valid loss: 0.0924 | Train acc: 0.9856 | Valid acc: 0.9640 | patience: 271 | Epoch time: 0.6 |

2023-01-07 18:17:05,881 - INFO -
| Epoch:    281 | Train loss: 0.0377 | Valid loss: 0.0924 | Train acc: 0.9856 | Valid acc: 0.9640 | patience: 272 | Epoch time: 0.6 |

2023-01-07 18:17:06,447 - INFO -
| Epoch:    282 | Train loss: 0.0377 | Valid loss: 0.0925 | Train acc: 0.9856 | Valid acc: 0.9640 | patience: 273 | Epoch time: 0.6 |

2023-01-07 18:17:07,015 - INFO -
| Epoch:    283 | Train loss: 0.0376 | Valid loss: 0.0926 | Train acc: 0.9856 | Valid acc: 0.9640 | patience: 274 | Epoch time: 0.6 |

2023-01-07 18:17:07,583 - INFO -
| Epoch:    284 | Train loss: 0.0376 | Valid loss: 0.0927 | Train acc: 0.9856 | Valid acc: 0.9640 | patience: 275 | Epoch time: 0.6 |

2023-01-07 18:17:08,149 - INFO -
| Epoch:    285 | Train loss: 0.0376 | Valid loss: 0.0928 | Train acc: 0.9856 | Valid acc: 0.9640 | patience: 276 | Epoch time: 0.6 |

2023-01-07 18:17:08,715 - INFO -
| Epoch:    286 | Train loss: 0.0376 | Valid loss: 0.0928 | Train acc: 0.9856 | Valid acc: 0.9640 | patience: 277 | Epoch time: 0.6 |

2023-01-07 18:17:09,282 - INFO -
| Epoch:    287 | Train loss: 0.0376 | Valid loss: 0.0929 | Train acc: 0.9856 | Valid acc: 0.9640 | patience: 278 | Epoch time: 0.6 |

2023-01-07 18:17:09,849 - INFO -
| Epoch:    288 | Train loss: 0.0377 | Valid loss: 0.0928 | Train acc: 0.9856 | Valid acc: 0.9640 | patience: 279 | Epoch time: 0.6 |

2023-01-07 18:17:10,416 - INFO -
| Epoch:    289 | Train loss: 0.0376 | Valid loss: 0.0927 | Train acc: 0.9856 | Valid acc: 0.9640 | patience: 280 | Epoch time: 0.6 |

2023-01-07 18:17:10,983 - INFO -
| Epoch:    290 | Train loss: 0.0376 | Valid loss: 0.0927 | Train acc: 0.9856 | Valid acc: 0.9640 | patience: 281 | Epoch time: 0.6 |

2023-01-07 18:17:11,550 - INFO -
| Epoch:    291 | Train loss: 0.0376 | Valid loss: 0.0926 | Train acc: 0.9856 | Valid acc: 0.9640 | patience: 282 | Epoch time: 0.6 |

2023-01-07 18:17:12,116 - INFO -
| Epoch:    292 | Train loss: 0.0376 | Valid loss: 0.0925 | Train acc: 0.9856 | Valid acc: 0.9640 | patience: 283 | Epoch time: 0.6 |

2023-01-07 18:17:12,684 - INFO -
| Epoch:    293 | Train loss: 0.0376 | Valid loss: 0.0925 | Train acc: 0.9856 | Valid acc: 0.9640 | patience: 284 | Epoch time: 0.6 |

2023-01-07 18:17:13,251 - INFO -
| Epoch:    294 | Train loss: 0.0376 | Valid loss: 0.0925 | Train acc: 0.9856 | Valid acc: 0.9640 | patience: 285 | Epoch time: 0.6 |

2023-01-07 18:17:13,818 - INFO -
| Epoch:    295 | Train loss: 0.0376 | Valid loss: 0.0925 | Train acc: 0.9856 | Valid acc: 0.9640 | patience: 286 | Epoch time: 0.6 |

2023-01-07 18:17:14,384 - INFO -
| Epoch:    296 | Train loss: 0.0376 | Valid loss: 0.0925 | Train acc: 0.9856 | Valid acc: 0.9640 | patience: 287 | Epoch time: 0.6 |

2023-01-07 18:17:14,951 - INFO -
| Epoch:    297 | Train loss: 0.0376 | Valid loss: 0.0925 | Train acc: 0.9856 | Valid acc: 0.9640 | patience: 288 | Epoch time: 0.6 |

2023-01-07 18:17:15,518 - INFO -
| Epoch:    298 | Train loss: 0.0376 | Valid loss: 0.0925 | Train acc: 0.9856 | Valid acc: 0.9640 | patience: 289 | Epoch time: 0.6 |

2023-01-07 18:17:16,085 - INFO -
| Epoch:    299 | Train loss: 0.0376 | Valid loss: 0.0925 | Train acc: 0.9856 | Valid acc: 0.9640 | patience: 290 | Epoch time: 0.6 |

2023-01-07 18:17:16,652 - INFO -
| Epoch:    300 | Train loss: 0.0376 | Valid loss: 0.0926 | Train acc: 0.9856 | Valid acc: 0.9640 | patience: 291 | Epoch time: 0.6 |

2023-01-07 18:17:17,218 - INFO -
| Epoch:    301 | Train loss: 0.0376 | Valid loss: 0.0926 | Train acc: 0.9856 | Valid acc: 0.9640 | patience: 292 | Epoch time: 0.6 |

2023-01-07 18:17:17,785 - INFO -
| Epoch:    302 | Train loss: 0.0376 | Valid loss: 0.0926 | Train acc: 0.9856 | Valid acc: 0.9640 | patience: 293 | Epoch time: 0.6 |

2023-01-07 18:17:18,352 - INFO -
| Epoch:    303 | Train loss: 0.0376 | Valid loss: 0.0926 | Train acc: 0.9856 | Valid acc: 0.9640 | patience: 294 | Epoch time: 0.6 |

2023-01-07 18:17:18,919 - INFO -
| Epoch:    304 | Train loss: 0.0376 | Valid loss: 0.0927 | Train acc: 0.9856 | Valid acc: 0.9640 | patience: 295 | Epoch time: 0.6 |

2023-01-07 18:17:19,486 - INFO -
| Epoch:    305 | Train loss: 0.0376 | Valid loss: 0.0927 | Train acc: 0.9856 | Valid acc: 0.9640 | patience: 296 | Epoch time: 0.6 |

2023-01-07 18:17:20,052 - INFO -
| Epoch:    306 | Train loss: 0.0376 | Valid loss: 0.0927 | Train acc: 0.9856 | Valid acc: 0.9640 | patience: 297 | Epoch time: 0.6 |

2023-01-07 18:17:20,619 - INFO -
| Epoch:    307 | Train loss: 0.0376 | Valid loss: 0.0927 | Train acc: 0.9856 | Valid acc: 0.9640 | patience: 298 | Epoch time: 0.6 |

2023-01-07 18:17:21,185 - INFO -
| Epoch:    308 | Train loss: 0.0376 | Valid loss: 0.0927 | Train acc: 0.9856 | Valid acc: 0.9640 | patience: 299 | Epoch time: 0.6 |

2023-01-07 18:17:21,751 - INFO -
| Epoch:    309 | Train loss: 0.0376 | Valid loss: 0.0927 | Train acc: 0.9856 | Valid acc: 0.9640 | patience: 300 | Epoch time: 0.6 |

2023-01-07 18:17:22,317 - INFO -
| Epoch:    310 | Train loss: 0.0376 | Valid loss: 0.0927 | Train acc: 0.9856 | Valid acc: 0.9640 | patience: 301 | Epoch time: 0.6 |

2023-01-07 18:17:22,884 - INFO -
| Epoch:    311 | Train loss: 0.0376 | Valid loss: 0.0927 | Train acc: 0.9856 | Valid acc: 0.9640 | patience: 302 | Epoch time: 0.6 |

2023-01-07 18:17:23,451 - INFO -
| Epoch:    312 | Train loss: 0.0376 | Valid loss: 0.0927 | Train acc: 0.9856 | Valid acc: 0.9640 | patience: 303 | Epoch time: 0.6 |

2023-01-07 18:17:24,018 - INFO -
| Epoch:    313 | Train loss: 0.0376 | Valid loss: 0.0927 | Train acc: 0.9856 | Valid acc: 0.9640 | patience: 304 | Epoch time: 0.6 |

2023-01-07 18:17:24,584 - INFO -
| Epoch:    314 | Train loss: 0.0376 | Valid loss: 0.0927 | Train acc: 0.9856 | Valid acc: 0.9640 | patience: 305 | Epoch time: 0.6 |

2023-01-07 18:17:25,151 - INFO -
| Epoch:    315 | Train loss: 0.0376 | Valid loss: 0.0927 | Train acc: 0.9856 | Valid acc: 0.9640 | patience: 306 | Epoch time: 0.6 |

2023-01-07 18:17:25,718 - INFO -
| Epoch:    316 | Train loss: 0.0376 | Valid loss: 0.0927 | Train acc: 0.9856 | Valid acc: 0.9640 | patience: 307 | Epoch time: 0.6 |

2023-01-07 18:17:26,286 - INFO -
| Epoch:    317 | Train loss: 0.0376 | Valid loss: 0.0927 | Train acc: 0.9856 | Valid acc: 0.9640 | patience: 308 | Epoch time: 0.6 |

2023-01-07 18:17:26,852 - INFO -
| Epoch:    318 | Train loss: 0.0376 | Valid loss: 0.0927 | Train acc: 0.9856 | Valid acc: 0.9640 | patience: 309 | Epoch time: 0.6 |

2023-01-07 18:17:27,418 - INFO -
| Epoch:    319 | Train loss: 0.0376 | Valid loss: 0.0927 | Train acc: 0.9856 | Valid acc: 0.9640 | patience: 310 | Epoch time: 0.6 |

2023-01-07 18:17:27,986 - INFO -
| Epoch:    320 | Train loss: 0.0376 | Valid loss: 0.0927 | Train acc: 0.9856 | Valid acc: 0.9640 | patience: 311 | Epoch time: 0.6 |

2023-01-07 18:17:28,552 - INFO -
| Epoch:    321 | Train loss: 0.0376 | Valid loss: 0.0927 | Train acc: 0.9856 | Valid acc: 0.9640 | patience: 312 | Epoch time: 0.6 |

2023-01-07 18:17:29,119 - INFO -
| Epoch:    322 | Train loss: 0.0376 | Valid loss: 0.0927 | Train acc: 0.9856 | Valid acc: 0.9640 | patience: 313 | Epoch time: 0.6 |

2023-01-07 18:17:29,687 - INFO -
| Epoch:    323 | Train loss: 0.0376 | Valid loss: 0.0927 | Train acc: 0.9856 | Valid acc: 0.9640 | patience: 314 | Epoch time: 0.6 |

2023-01-07 18:17:30,254 - INFO -
| Epoch:    324 | Train loss: 0.0376 | Valid loss: 0.0927 | Train acc: 0.9856 | Valid acc: 0.9640 | patience: 315 | Epoch time: 0.6 |

2023-01-07 18:17:30,821 - INFO -
| Epoch:    325 | Train loss: 0.0376 | Valid loss: 0.0927 | Train acc: 0.9856 | Valid acc: 0.9640 | patience: 316 | Epoch time: 0.6 |

2023-01-07 18:17:31,388 - INFO -
| Epoch:    326 | Train loss: 0.0376 | Valid loss: 0.0927 | Train acc: 0.9856 | Valid acc: 0.9640 | patience: 317 | Epoch time: 0.6 |

2023-01-07 18:17:31,955 - INFO -
| Epoch:    327 | Train loss: 0.0376 | Valid loss: 0.0927 | Train acc: 0.9856 | Valid acc: 0.9640 | patience: 318 | Epoch time: 0.6 |

2023-01-07 18:17:32,522 - INFO -
| Epoch:    328 | Train loss: 0.0376 | Valid loss: 0.0927 | Train acc: 0.9856 | Valid acc: 0.9640 | patience: 319 | Epoch time: 0.6 |

2023-01-07 18:17:33,089 - INFO -
| Epoch:    329 | Train loss: 0.0376 | Valid loss: 0.0927 | Train acc: 0.9856 | Valid acc: 0.9640 | patience: 320 | Epoch time: 0.6 |

2023-01-07 18:17:33,655 - INFO -
| Epoch:    330 | Train loss: 0.0376 | Valid loss: 0.0927 | Train acc: 0.9856 | Valid acc: 0.9640 | patience: 321 | Epoch time: 0.6 |

2023-01-07 18:17:34,222 - INFO -
| Epoch:    331 | Train loss: 0.0376 | Valid loss: 0.0927 | Train acc: 0.9856 | Valid acc: 0.9640 | patience: 322 | Epoch time: 0.6 |

2023-01-07 18:17:34,788 - INFO -
| Epoch:    332 | Train loss: 0.0376 | Valid loss: 0.0926 | Train acc: 0.9856 | Valid acc: 0.9640 | patience: 323 | Epoch time: 0.6 |

2023-01-07 18:17:35,356 - INFO -
| Epoch:    333 | Train loss: 0.0376 | Valid loss: 0.0926 | Train acc: 0.9856 | Valid acc: 0.9640 | patience: 324 | Epoch time: 0.6 |

2023-01-07 18:17:35,923 - INFO -
| Epoch:    334 | Train loss: 0.0376 | Valid loss: 0.0926 | Train acc: 0.9856 | Valid acc: 0.9640 | patience: 325 | Epoch time: 0.6 |

2023-01-07 18:17:36,491 - INFO -
| Epoch:    335 | Train loss: 0.0376 | Valid loss: 0.0927 | Train acc: 0.9856 | Valid acc: 0.9640 | patience: 326 | Epoch time: 0.6 |

2023-01-07 18:17:37,057 - INFO -
| Epoch:    336 | Train loss: 0.0376 | Valid loss: 0.0928 | Train acc: 0.9856 | Valid acc: 0.9640 | patience: 327 | Epoch time: 0.6 |

2023-01-07 18:17:37,624 - INFO -
| Epoch:    337 | Train loss: 0.0376 | Valid loss: 0.0928 | Train acc: 0.9856 | Valid acc: 0.9640 | patience: 328 | Epoch time: 0.6 |

2023-01-07 18:17:38,190 - INFO -
| Epoch:    338 | Train loss: 0.0376 | Valid loss: 0.0929 | Train acc: 0.9856 | Valid acc: 0.9640 | patience: 329 | Epoch time: 0.6 |

2023-01-07 18:17:38,758 - INFO -
| Epoch:    339 | Train loss: 0.0376 | Valid loss: 0.0929 | Train acc: 0.9856 | Valid acc: 0.9640 | patience: 330 | Epoch time: 0.6 |

2023-01-07 18:17:39,324 - INFO -
| Epoch:    340 | Train loss: 0.0376 | Valid loss: 0.0929 | Train acc: 0.9856 | Valid acc: 0.9640 | patience: 331 | Epoch time: 0.6 |

2023-01-07 18:17:39,891 - INFO -
| Epoch:    341 | Train loss: 0.0376 | Valid loss: 0.0930 | Train acc: 0.9856 | Valid acc: 0.9640 | patience: 332 | Epoch time: 0.6 |

2023-01-07 18:17:40,457 - INFO -
| Epoch:    342 | Train loss: 0.0376 | Valid loss: 0.0929 | Train acc: 0.9856 | Valid acc: 0.9640 | patience: 333 | Epoch time: 0.6 |

2023-01-07 18:17:41,024 - INFO -
| Epoch:    343 | Train loss: 0.0376 | Valid loss: 0.0929 | Train acc: 0.9856 | Valid acc: 0.9640 | patience: 334 | Epoch time: 0.6 |

2023-01-07 18:17:41,591 - INFO -
| Epoch:    344 | Train loss: 0.0376 | Valid loss: 0.0929 | Train acc: 0.9856 | Valid acc: 0.9640 | patience: 335 | Epoch time: 0.6 |

2023-01-07 18:17:42,158 - INFO -
| Epoch:    345 | Train loss: 0.0376 | Valid loss: 0.0929 | Train acc: 0.9856 | Valid acc: 0.9640 | patience: 336 | Epoch time: 0.6 |

2023-01-07 18:17:42,725 - INFO -
| Epoch:    346 | Train loss: 0.0376 | Valid loss: 0.0928 | Train acc: 0.9856 | Valid acc: 0.9640 | patience: 337 | Epoch time: 0.6 |

2023-01-07 18:17:43,291 - INFO -
| Epoch:    347 | Train loss: 0.0376 | Valid loss: 0.0928 | Train acc: 0.9856 | Valid acc: 0.9640 | patience: 338 | Epoch time: 0.6 |

2023-01-07 18:17:43,859 - INFO -
| Epoch:    348 | Train loss: 0.0376 | Valid loss: 0.0928 | Train acc: 0.9856 | Valid acc: 0.9640 | patience: 339 | Epoch time: 0.6 |

2023-01-07 18:17:44,425 - INFO -
| Epoch:    349 | Train loss: 0.0376 | Valid loss: 0.0928 | Train acc: 0.9856 | Valid acc: 0.9640 | patience: 340 | Epoch time: 0.6 |

2023-01-07 18:17:44,992 - INFO -
| Epoch:    350 | Train loss: 0.0376 | Valid loss: 0.0928 | Train acc: 0.9856 | Valid acc: 0.9640 | patience: 341 | Epoch time: 0.6 |

2023-01-07 18:17:45,559 - INFO -
| Epoch:    351 | Train loss: 0.0376 | Valid loss: 0.0928 | Train acc: 0.9856 | Valid acc: 0.9640 | patience: 342 | Epoch time: 0.6 |

2023-01-07 18:17:46,125 - INFO -
| Epoch:    352 | Train loss: 0.0376 | Valid loss: 0.0927 | Train acc: 0.9856 | Valid acc: 0.9640 | patience: 343 | Epoch time: 0.6 |

2023-01-07 18:17:46,692 - INFO -
| Epoch:    353 | Train loss: 0.0376 | Valid loss: 0.0927 | Train acc: 0.9856 | Valid acc: 0.9640 | patience: 344 | Epoch time: 0.6 |

2023-01-07 18:17:47,259 - INFO -
| Epoch:    354 | Train loss: 0.0376 | Valid loss: 0.0927 | Train acc: 0.9856 | Valid acc: 0.9640 | patience: 345 | Epoch time: 0.6 |

2023-01-07 18:17:47,828 - INFO -
| Epoch:    355 | Train loss: 0.0376 | Valid loss: 0.0927 | Train acc: 0.9856 | Valid acc: 0.9640 | patience: 346 | Epoch time: 0.6 |

2023-01-07 18:17:48,396 - INFO -
| Epoch:    356 | Train loss: 0.0376 | Valid loss: 0.0927 | Train acc: 0.9856 | Valid acc: 0.9640 | patience: 347 | Epoch time: 0.6 |

2023-01-07 18:17:48,964 - INFO -
| Epoch:    357 | Train loss: 0.0376 | Valid loss: 0.0927 | Train acc: 0.9856 | Valid acc: 0.9640 | patience: 348 | Epoch time: 0.6 |

2023-01-07 18:17:49,531 - INFO -
| Epoch:    358 | Train loss: 0.0376 | Valid loss: 0.0927 | Train acc: 0.9856 | Valid acc: 0.9640 | patience: 349 | Epoch time: 0.6 |

2023-01-07 18:17:50,098 - INFO -
| Epoch:    359 | Train loss: 0.0376 | Valid loss: 0.0926 | Train acc: 0.9856 | Valid acc: 0.9640 | patience: 350 | Epoch time: 0.6 |

2023-01-07 18:17:50,665 - INFO -
| Epoch:    360 | Train loss: 0.0376 | Valid loss: 0.0926 | Train acc: 0.9856 | Valid acc: 0.9640 | patience: 351 | Epoch time: 0.6 |

2023-01-07 18:17:51,233 - INFO -
| Epoch:    361 | Train loss: 0.0376 | Valid loss: 0.0926 | Train acc: 0.9856 | Valid acc: 0.9640 | patience: 352 | Epoch time: 0.6 |

2023-01-07 18:17:51,800 - INFO -
| Epoch:    362 | Train loss: 0.0376 | Valid loss: 0.0926 | Train acc: 0.9856 | Valid acc: 0.9640 | patience: 353 | Epoch time: 0.6 |

2023-01-07 18:17:52,367 - INFO -
| Epoch:    363 | Train loss: 0.0376 | Valid loss: 0.0926 | Train acc: 0.9856 | Valid acc: 0.9640 | patience: 354 | Epoch time: 0.6 |

2023-01-07 18:17:52,933 - INFO -
| Epoch:    364 | Train loss: 0.0376 | Valid loss: 0.0926 | Train acc: 0.9856 | Valid acc: 0.9640 | patience: 355 | Epoch time: 0.6 |

2023-01-07 18:17:53,500 - INFO -
| Epoch:    365 | Train loss: 0.0376 | Valid loss: 0.0926 | Train acc: 0.9856 | Valid acc: 0.9640 | patience: 356 | Epoch time: 0.6 |

2023-01-07 18:17:54,067 - INFO -
| Epoch:    366 | Train loss: 0.0376 | Valid loss: 0.0926 | Train acc: 0.9856 | Valid acc: 0.9640 | patience: 357 | Epoch time: 0.6 |

2023-01-07 18:17:54,634 - INFO -
| Epoch:    367 | Train loss: 0.0376 | Valid loss: 0.0927 | Train acc: 0.9856 | Valid acc: 0.9640 | patience: 358 | Epoch time: 0.6 |

2023-01-07 18:17:55,201 - INFO -
| Epoch:    368 | Train loss: 0.0376 | Valid loss: 0.0927 | Train acc: 0.9856 | Valid acc: 0.9640 | patience: 359 | Epoch time: 0.6 |

2023-01-07 18:17:55,767 - INFO -
| Epoch:    369 | Train loss: 0.0377 | Valid loss: 0.0927 | Train acc: 0.9856 | Valid acc: 0.9640 | patience: 360 | Epoch time: 0.6 |

2023-01-07 18:17:56,334 - INFO -
| Epoch:    370 | Train loss: 0.0376 | Valid loss: 0.0926 | Train acc: 0.9856 | Valid acc: 0.9640 | patience: 361 | Epoch time: 0.6 |

2023-01-07 18:17:56,902 - INFO -
| Epoch:    371 | Train loss: 0.0376 | Valid loss: 0.0926 | Train acc: 0.9856 | Valid acc: 0.9640 | patience: 362 | Epoch time: 0.6 |

2023-01-07 18:17:57,468 - INFO -
| Epoch:    372 | Train loss: 0.0376 | Valid loss: 0.0925 | Train acc: 0.9856 | Valid acc: 0.9640 | patience: 363 | Epoch time: 0.6 |

2023-01-07 18:17:58,035 - INFO -
| Epoch:    373 | Train loss: 0.0376 | Valid loss: 0.0925 | Train acc: 0.9856 | Valid acc: 0.9640 | patience: 364 | Epoch time: 0.6 |

2023-01-07 18:17:58,602 - INFO -
| Epoch:    374 | Train loss: 0.0376 | Valid loss: 0.0926 | Train acc: 0.9856 | Valid acc: 0.9640 | patience: 365 | Epoch time: 0.6 |

2023-01-07 18:17:59,169 - INFO -
| Epoch:    375 | Train loss: 0.0376 | Valid loss: 0.0927 | Train acc: 0.9856 | Valid acc: 0.9640 | patience: 366 | Epoch time: 0.6 |

2023-01-07 18:17:59,735 - INFO -
| Epoch:    376 | Train loss: 0.0376 | Valid loss: 0.0928 | Train acc: 0.9856 | Valid acc: 0.9640 | patience: 367 | Epoch time: 0.6 |

2023-01-07 18:18:00,302 - INFO -
| Epoch:    377 | Train loss: 0.0376 | Valid loss: 0.0928 | Train acc: 0.9856 | Valid acc: 0.9640 | patience: 368 | Epoch time: 0.6 |

2023-01-07 18:18:00,868 - INFO -
| Epoch:    378 | Train loss: 0.0376 | Valid loss: 0.0929 | Train acc: 0.9856 | Valid acc: 0.9640 | patience: 369 | Epoch time: 0.6 |

2023-01-07 18:18:01,435 - INFO -
| Epoch:    379 | Train loss: 0.0376 | Valid loss: 0.0929 | Train acc: 0.9856 | Valid acc: 0.9640 | patience: 370 | Epoch time: 0.6 |

2023-01-07 18:18:02,003 - INFO -
| Epoch:    380 | Train loss: 0.0376 | Valid loss: 0.0929 | Train acc: 0.9856 | Valid acc: 0.9640 | patience: 371 | Epoch time: 0.6 |

2023-01-07 18:18:02,570 - INFO -
| Epoch:    381 | Train loss: 0.0376 | Valid loss: 0.0929 | Train acc: 0.9856 | Valid acc: 0.9640 | patience: 372 | Epoch time: 0.6 |

2023-01-07 18:18:03,137 - INFO -
| Epoch:    382 | Train loss: 0.0376 | Valid loss: 0.0929 | Train acc: 0.9856 | Valid acc: 0.9640 | patience: 373 | Epoch time: 0.6 |

2023-01-07 18:18:03,704 - INFO -
| Epoch:    383 | Train loss: 0.0376 | Valid loss: 0.0929 | Train acc: 0.9856 | Valid acc: 0.9640 | patience: 374 | Epoch time: 0.6 |

2023-01-07 18:18:04,271 - INFO -
| Epoch:    384 | Train loss: 0.0376 | Valid loss: 0.0928 | Train acc: 0.9856 | Valid acc: 0.9640 | patience: 375 | Epoch time: 0.6 |

2023-01-07 18:18:04,839 - INFO -
| Epoch:    385 | Train loss: 0.0376 | Valid loss: 0.0928 | Train acc: 0.9856 | Valid acc: 0.9640 | patience: 376 | Epoch time: 0.6 |

2023-01-07 18:18:05,406 - INFO -
| Epoch:    386 | Train loss: 0.0376 | Valid loss: 0.0928 | Train acc: 0.9856 | Valid acc: 0.9640 | patience: 377 | Epoch time: 0.6 |

2023-01-07 18:18:05,974 - INFO -
| Epoch:    387 | Train loss: 0.0376 | Valid loss: 0.0928 | Train acc: 0.9856 | Valid acc: 0.9640 | patience: 378 | Epoch time: 0.6 |

2023-01-07 18:18:06,541 - INFO -
| Epoch:    388 | Train loss: 0.0376 | Valid loss: 0.0928 | Train acc: 0.9856 | Valid acc: 0.9640 | patience: 379 | Epoch time: 0.6 |

2023-01-07 18:18:07,108 - INFO -
| Epoch:    389 | Train loss: 0.0376 | Valid loss: 0.0928 | Train acc: 0.9856 | Valid acc: 0.9640 | patience: 380 | Epoch time: 0.6 |

2023-01-07 18:18:07,677 - INFO -
| Epoch:    390 | Train loss: 0.0376 | Valid loss: 0.0928 | Train acc: 0.9856 | Valid acc: 0.9640 | patience: 381 | Epoch time: 0.6 |

2023-01-07 18:18:08,244 - INFO -
| Epoch:    391 | Train loss: 0.0376 | Valid loss: 0.0928 | Train acc: 0.9856 | Valid acc: 0.9640 | patience: 382 | Epoch time: 0.6 |

2023-01-07 18:18:08,811 - INFO -
| Epoch:    392 | Train loss: 0.0376 | Valid loss: 0.0928 | Train acc: 0.9856 | Valid acc: 0.9640 | patience: 383 | Epoch time: 0.6 |

2023-01-07 18:18:09,379 - INFO -
| Epoch:    393 | Train loss: 0.0376 | Valid loss: 0.0929 | Train acc: 0.9856 | Valid acc: 0.9640 | patience: 384 | Epoch time: 0.6 |

2023-01-07 18:18:09,947 - INFO -
| Epoch:    394 | Train loss: 0.0376 | Valid loss: 0.0929 | Train acc: 0.9856 | Valid acc: 0.9640 | patience: 385 | Epoch time: 0.6 |

2023-01-07 18:18:10,516 - INFO -
| Epoch:    395 | Train loss: 0.0376 | Valid loss: 0.0929 | Train acc: 0.9856 | Valid acc: 0.9640 | patience: 386 | Epoch time: 0.6 |

2023-01-07 18:18:11,084 - INFO -
| Epoch:    396 | Train loss: 0.0376 | Valid loss: 0.0930 | Train acc: 0.9856 | Valid acc: 0.9640 | patience: 387 | Epoch time: 0.6 |

2023-01-07 18:18:11,651 - INFO -
| Epoch:    397 | Train loss: 0.0376 | Valid loss: 0.0930 | Train acc: 0.9856 | Valid acc: 0.9640 | patience: 388 | Epoch time: 0.6 |

2023-01-07 18:18:12,218 - INFO -
| Epoch:    398 | Train loss: 0.0376 | Valid loss: 0.0930 | Train acc: 0.9856 | Valid acc: 0.9640 | patience: 389 | Epoch time: 0.6 |

2023-01-07 18:18:12,786 - INFO -
| Epoch:    399 | Train loss: 0.0376 | Valid loss: 0.0930 | Train acc: 0.9856 | Valid acc: 0.9640 | patience: 390 | Epoch time: 0.6 |

2023-01-07 18:18:13,353 - INFO -
| Epoch:    400 | Train loss: 0.0376 | Valid loss: 0.0930 | Train acc: 0.9856 | Valid acc: 0.9640 | patience: 391 | Epoch time: 0.6 |

2023-01-07 18:18:13,920 - INFO -
| Epoch:    401 | Train loss: 0.0376 | Valid loss: 0.0930 | Train acc: 0.9856 | Valid acc: 0.9640 | patience: 392 | Epoch time: 0.6 |

2023-01-07 18:18:14,487 - INFO -
| Epoch:    402 | Train loss: 0.0376 | Valid loss: 0.0929 | Train acc: 0.9856 | Valid acc: 0.9640 | patience: 393 | Epoch time: 0.6 |

2023-01-07 18:18:15,054 - INFO -
| Epoch:    403 | Train loss: 0.0376 | Valid loss: 0.0929 | Train acc: 0.9856 | Valid acc: 0.9640 | patience: 394 | Epoch time: 0.6 |

2023-01-07 18:18:15,622 - INFO -
| Epoch:    404 | Train loss: 0.0377 | Valid loss: 0.0929 | Train acc: 0.9856 | Valid acc: 0.9640 | patience: 395 | Epoch time: 0.6 |

2023-01-07 18:18:16,189 - INFO -
| Epoch:    405 | Train loss: 0.0376 | Valid loss: 0.0930 | Train acc: 0.9856 | Valid acc: 0.9640 | patience: 396 | Epoch time: 0.6 |

2023-01-07 18:18:16,758 - INFO -
| Epoch:    406 | Train loss: 0.0376 | Valid loss: 0.0930 | Train acc: 0.9856 | Valid acc: 0.9640 | patience: 397 | Epoch time: 0.6 |

2023-01-07 18:18:17,327 - INFO -
| Epoch:    407 | Train loss: 0.0376 | Valid loss: 0.0930 | Train acc: 0.9856 | Valid acc: 0.9640 | patience: 398 | Epoch time: 0.6 |

2023-01-07 18:18:17,894 - INFO -
| Epoch:    408 | Train loss: 0.0376 | Valid loss: 0.0929 | Train acc: 0.9856 | Valid acc: 0.9640 | patience: 399 | Epoch time: 0.6 |

2023-01-07 18:18:18,461 - INFO -
| Epoch:    409 | Train loss: 0.0376 | Valid loss: 0.0929 | Train acc: 0.9856 | Valid acc: 0.9640 | patience: 400 | Epoch time: 0.6 |

2023-01-07 18:18:19,029 - INFO -
| Epoch:    410 | Train loss: 0.0376 | Valid loss: 0.0928 | Train acc: 0.9856 | Valid acc: 0.9640 | patience: 401 | Epoch time: 0.6 |

2023-01-07 18:18:19,596 - INFO -
| Epoch:    411 | Train loss: 0.0376 | Valid loss: 0.0927 | Train acc: 0.9856 | Valid acc: 0.9640 | patience: 402 | Epoch time: 0.6 |

2023-01-07 18:18:20,163 - INFO -
| Epoch:    412 | Train loss: 0.0376 | Valid loss: 0.0927 | Train acc: 0.9856 | Valid acc: 0.9640 | patience: 403 | Epoch time: 0.6 |

2023-01-07 18:18:20,731 - INFO -
| Epoch:    413 | Train loss: 0.0376 | Valid loss: 0.0926 | Train acc: 0.9856 | Valid acc: 0.9640 | patience: 404 | Epoch time: 0.6 |

2023-01-07 18:18:21,298 - INFO -
| Epoch:    414 | Train loss: 0.0376 | Valid loss: 0.0926 | Train acc: 0.9856 | Valid acc: 0.9640 | patience: 405 | Epoch time: 0.6 |

2023-01-07 18:18:21,866 - INFO -
| Epoch:    415 | Train loss: 0.0376 | Valid loss: 0.0927 | Train acc: 0.9856 | Valid acc: 0.9640 | patience: 406 | Epoch time: 0.6 |

2023-01-07 18:18:22,434 - INFO -
| Epoch:    416 | Train loss: 0.0376 | Valid loss: 0.0927 | Train acc: 0.9856 | Valid acc: 0.9640 | patience: 407 | Epoch time: 0.6 |

2023-01-07 18:18:23,002 - INFO -
| Epoch:    417 | Train loss: 0.0376 | Valid loss: 0.0927 | Train acc: 0.9856 | Valid acc: 0.9640 | patience: 408 | Epoch time: 0.6 |

2023-01-07 18:18:23,569 - INFO -
| Epoch:    418 | Train loss: 0.0376 | Valid loss: 0.0927 | Train acc: 0.9856 | Valid acc: 0.9640 | patience: 409 | Epoch time: 0.6 |

2023-01-07 18:18:24,136 - INFO -
| Epoch:    419 | Train loss: 0.0376 | Valid loss: 0.0928 | Train acc: 0.9856 | Valid acc: 0.9640 | patience: 410 | Epoch time: 0.6 |

2023-01-07 18:18:24,703 - INFO -
| Epoch:    420 | Train loss: 0.0376 | Valid loss: 0.0928 | Train acc: 0.9856 | Valid acc: 0.9640 | patience: 411 | Epoch time: 0.6 |

2023-01-07 18:18:25,270 - INFO -
| Epoch:    421 | Train loss: 0.0376 | Valid loss: 0.0928 | Train acc: 0.9856 | Valid acc: 0.9640 | patience: 412 | Epoch time: 0.6 |

2023-01-07 18:18:25,838 - INFO -
| Epoch:    422 | Train loss: 0.0376 | Valid loss: 0.0928 | Train acc: 0.9856 | Valid acc: 0.9640 | patience: 413 | Epoch time: 0.6 |

2023-01-07 18:18:26,406 - INFO -
| Epoch:    423 | Train loss: 0.0376 | Valid loss: 0.0928 | Train acc: 0.9856 | Valid acc: 0.9640 | patience: 414 | Epoch time: 0.6 |

2023-01-07 18:18:26,973 - INFO -
| Epoch:    424 | Train loss: 0.0376 | Valid loss: 0.0927 | Train acc: 0.9856 | Valid acc: 0.9640 | patience: 415 | Epoch time: 0.6 |

2023-01-07 18:18:27,540 - INFO -
| Epoch:    425 | Train loss: 0.0376 | Valid loss: 0.0926 | Train acc: 0.9856 | Valid acc: 0.9640 | patience: 416 | Epoch time: 0.6 |

2023-01-07 18:18:28,107 - INFO -
| Epoch:    426 | Train loss: 0.0376 | Valid loss: 0.0927 | Train acc: 0.9856 | Valid acc: 0.9640 | patience: 417 | Epoch time: 0.6 |

2023-01-07 18:18:28,674 - INFO -
| Epoch:    427 | Train loss: 0.0376 | Valid loss: 0.0927 | Train acc: 0.9856 | Valid acc: 0.9640 | patience: 418 | Epoch time: 0.6 |

2023-01-07 18:18:29,241 - INFO -
| Epoch:    428 | Train loss: 0.0376 | Valid loss: 0.0927 | Train acc: 0.9856 | Valid acc: 0.9640 | patience: 419 | Epoch time: 0.6 |

2023-01-07 18:18:29,808 - INFO -
| Epoch:    429 | Train loss: 0.0376 | Valid loss: 0.0928 | Train acc: 0.9856 | Valid acc: 0.9640 | patience: 420 | Epoch time: 0.6 |

2023-01-07 18:18:30,375 - INFO -
| Epoch:    430 | Train loss: 0.0376 | Valid loss: 0.0928 | Train acc: 0.9856 | Valid acc: 0.9640 | patience: 421 | Epoch time: 0.6 |

2023-01-07 18:18:30,942 - INFO -
| Epoch:    431 | Train loss: 0.0376 | Valid loss: 0.0928 | Train acc: 0.9856 | Valid acc: 0.9640 | patience: 422 | Epoch time: 0.6 |

2023-01-07 18:18:31,509 - INFO -
| Epoch:    432 | Train loss: 0.0376 | Valid loss: 0.0928 | Train acc: 0.9856 | Valid acc: 0.9640 | patience: 423 | Epoch time: 0.6 |

2023-01-07 18:18:32,076 - INFO -
| Epoch:    433 | Train loss: 0.0376 | Valid loss: 0.0928 | Train acc: 0.9856 | Valid acc: 0.9640 | patience: 424 | Epoch time: 0.6 |

2023-01-07 18:18:32,643 - INFO -
| Epoch:    434 | Train loss: 0.0376 | Valid loss: 0.0928 | Train acc: 0.9856 | Valid acc: 0.9640 | patience: 425 | Epoch time: 0.6 |

2023-01-07 18:18:33,212 - INFO -
| Epoch:    435 | Train loss: 0.0376 | Valid loss: 0.0929 | Train acc: 0.9856 | Valid acc: 0.9640 | patience: 426 | Epoch time: 0.6 |

2023-01-07 18:18:33,779 - INFO -
| Epoch:    436 | Train loss: 0.0376 | Valid loss: 0.0929 | Train acc: 0.9856 | Valid acc: 0.9640 | patience: 427 | Epoch time: 0.6 |

2023-01-07 18:18:34,347 - INFO -
| Epoch:    437 | Train loss: 0.0376 | Valid loss: 0.0930 | Train acc: 0.9856 | Valid acc: 0.9640 | patience: 428 | Epoch time: 0.6 |

2023-01-07 18:18:34,913 - INFO -
| Epoch:    438 | Train loss: 0.0376 | Valid loss: 0.0931 | Train acc: 0.9856 | Valid acc: 0.9640 | patience: 429 | Epoch time: 0.6 |

2023-01-07 18:18:35,480 - INFO -
| Epoch:    439 | Train loss: 0.0376 | Valid loss: 0.0932 | Train acc: 0.9856 | Valid acc: 0.9640 | patience: 430 | Epoch time: 0.6 |

2023-01-07 18:18:36,049 - INFO -
| Epoch:    440 | Train loss: 0.0376 | Valid loss: 0.0933 | Train acc: 0.9856 | Valid acc: 0.9640 | patience: 431 | Epoch time: 0.6 |

2023-01-07 18:18:36,617 - INFO -
| Epoch:    441 | Train loss: 0.0376 | Valid loss: 0.0934 | Train acc: 0.9856 | Valid acc: 0.9640 | patience: 432 | Epoch time: 0.6 |

2023-01-07 18:18:37,184 - INFO -
| Epoch:    442 | Train loss: 0.0376 | Valid loss: 0.0934 | Train acc: 0.9856 | Valid acc: 0.9640 | patience: 433 | Epoch time: 0.6 |

2023-01-07 18:18:37,752 - INFO -
| Epoch:    443 | Train loss: 0.0376 | Valid loss: 0.0934 | Train acc: 0.9856 | Valid acc: 0.9640 | patience: 434 | Epoch time: 0.6 |

2023-01-07 18:18:38,319 - INFO -
| Epoch:    444 | Train loss: 0.0376 | Valid loss: 0.0935 | Train acc: 0.9856 | Valid acc: 0.9640 | patience: 435 | Epoch time: 0.6 |

2023-01-07 18:18:38,887 - INFO -
| Epoch:    445 | Train loss: 0.0376 | Valid loss: 0.0936 | Train acc: 0.9856 | Valid acc: 0.9640 | patience: 436 | Epoch time: 0.6 |

2023-01-07 18:18:39,454 - INFO -
| Epoch:    446 | Train loss: 0.0376 | Valid loss: 0.0936 | Train acc: 0.9856 | Valid acc: 0.9640 | patience: 437 | Epoch time: 0.6 |

2023-01-07 18:18:40,022 - INFO -
| Epoch:    447 | Train loss: 0.0376 | Valid loss: 0.0936 | Train acc: 0.9856 | Valid acc: 0.9640 | patience: 438 | Epoch time: 0.6 |

2023-01-07 18:18:40,589 - INFO -
| Epoch:    448 | Train loss: 0.0376 | Valid loss: 0.0936 | Train acc: 0.9856 | Valid acc: 0.9640 | patience: 439 | Epoch time: 0.6 |

2023-01-07 18:18:41,156 - INFO -
| Epoch:    449 | Train loss: 0.0376 | Valid loss: 0.0936 | Train acc: 0.9856 | Valid acc: 0.9640 | patience: 440 | Epoch time: 0.6 |

2023-01-07 18:18:41,724 - INFO -
| Epoch:    450 | Train loss: 0.0376 | Valid loss: 0.0936 | Train acc: 0.9856 | Valid acc: 0.9640 | patience: 441 | Epoch time: 0.6 |

2023-01-07 18:18:42,292 - INFO -
| Epoch:    451 | Train loss: 0.0376 | Valid loss: 0.0936 | Train acc: 0.9856 | Valid acc: 0.9640 | patience: 442 | Epoch time: 0.6 |

2023-01-07 18:18:42,859 - INFO -
| Epoch:    452 | Train loss: 0.0376 | Valid loss: 0.0936 | Train acc: 0.9856 | Valid acc: 0.9640 | patience: 443 | Epoch time: 0.6 |

2023-01-07 18:18:43,426 - INFO -
| Epoch:    453 | Train loss: 0.0376 | Valid loss: 0.0936 | Train acc: 0.9856 | Valid acc: 0.9640 | patience: 444 | Epoch time: 0.6 |

2023-01-07 18:18:43,994 - INFO -
| Epoch:    454 | Train loss: 0.0376 | Valid loss: 0.0936 | Train acc: 0.9856 | Valid acc: 0.9640 | patience: 445 | Epoch time: 0.6 |

2023-01-07 18:18:44,562 - INFO -
| Epoch:    455 | Train loss: 0.0376 | Valid loss: 0.0936 | Train acc: 0.9856 | Valid acc: 0.9640 | patience: 446 | Epoch time: 0.6 |

2023-01-07 18:18:45,130 - INFO -
| Epoch:    456 | Train loss: 0.0376 | Valid loss: 0.0936 | Train acc: 0.9856 | Valid acc: 0.9640 | patience: 447 | Epoch time: 0.6 |

2023-01-07 18:18:45,698 - INFO -
| Epoch:    457 | Train loss: 0.0376 | Valid loss: 0.0936 | Train acc: 0.9856 | Valid acc: 0.9640 | patience: 448 | Epoch time: 0.6 |

2023-01-07 18:18:46,264 - INFO -
| Epoch:    458 | Train loss: 0.0376 | Valid loss: 0.0935 | Train acc: 0.9856 | Valid acc: 0.9640 | patience: 449 | Epoch time: 0.6 |

2023-01-07 18:18:46,831 - INFO -
| Epoch:    459 | Train loss: 0.0376 | Valid loss: 0.0935 | Train acc: 0.9856 | Valid acc: 0.9640 | patience: 450 | Epoch time: 0.6 |

2023-01-07 18:18:47,398 - INFO -
| Epoch:    460 | Train loss: 0.0376 | Valid loss: 0.0935 | Train acc: 0.9856 | Valid acc: 0.9640 | patience: 451 | Epoch time: 0.6 |

2023-01-07 18:18:47,965 - INFO -
| Epoch:    461 | Train loss: 0.0376 | Valid loss: 0.0935 | Train acc: 0.9856 | Valid acc: 0.9640 | patience: 452 | Epoch time: 0.6 |

2023-01-07 18:18:48,532 - INFO -
| Epoch:    462 | Train loss: 0.0376 | Valid loss: 0.0934 | Train acc: 0.9856 | Valid acc: 0.9640 | patience: 453 | Epoch time: 0.6 |

2023-01-07 18:18:49,099 - INFO -
| Epoch:    463 | Train loss: 0.0376 | Valid loss: 0.0934 | Train acc: 0.9856 | Valid acc: 0.9640 | patience: 454 | Epoch time: 0.6 |

2023-01-07 18:18:49,667 - INFO -
| Epoch:    464 | Train loss: 0.0376 | Valid loss: 0.0934 | Train acc: 0.9856 | Valid acc: 0.9640 | patience: 455 | Epoch time: 0.6 |

2023-01-07 18:18:50,234 - INFO -
| Epoch:    465 | Train loss: 0.0376 | Valid loss: 0.0933 | Train acc: 0.9856 | Valid acc: 0.9640 | patience: 456 | Epoch time: 0.6 |

2023-01-07 18:18:50,800 - INFO -
| Epoch:    466 | Train loss: 0.0376 | Valid loss: 0.0932 | Train acc: 0.9856 | Valid acc: 0.9640 | patience: 457 | Epoch time: 0.6 |

2023-01-07 18:18:51,368 - INFO -
| Epoch:    467 | Train loss: 0.0376 | Valid loss: 0.0932 | Train acc: 0.9856 | Valid acc: 0.9640 | patience: 458 | Epoch time: 0.6 |

2023-01-07 18:18:51,935 - INFO -
| Epoch:    468 | Train loss: 0.0376 | Valid loss: 0.0932 | Train acc: 0.9856 | Valid acc: 0.9640 | patience: 459 | Epoch time: 0.6 |

2023-01-07 18:18:52,502 - INFO -
| Epoch:    469 | Train loss: 0.0376 | Valid loss: 0.0932 | Train acc: 0.9856 | Valid acc: 0.9640 | patience: 460 | Epoch time: 0.6 |

2023-01-07 18:18:53,069 - INFO -
| Epoch:    470 | Train loss: 0.0376 | Valid loss: 0.0931 | Train acc: 0.9856 | Valid acc: 0.9640 | patience: 461 | Epoch time: 0.6 |

2023-01-07 18:18:53,636 - INFO -
| Epoch:    471 | Train loss: 0.0376 | Valid loss: 0.0931 | Train acc: 0.9856 | Valid acc: 0.9640 | patience: 462 | Epoch time: 0.6 |

2023-01-07 18:18:54,204 - INFO -
| Epoch:    472 | Train loss: 0.0376 | Valid loss: 0.0931 | Train acc: 0.9856 | Valid acc: 0.9640 | patience: 463 | Epoch time: 0.6 |

2023-01-07 18:18:54,770 - INFO -
| Epoch:    473 | Train loss: 0.0376 | Valid loss: 0.0931 | Train acc: 0.9856 | Valid acc: 0.9640 | patience: 464 | Epoch time: 0.6 |

2023-01-07 18:18:55,338 - INFO -
| Epoch:    474 | Train loss: 0.0376 | Valid loss: 0.0931 | Train acc: 0.9856 | Valid acc: 0.9640 | patience: 465 | Epoch time: 0.6 |

2023-01-07 18:18:55,905 - INFO -
| Epoch:    475 | Train loss: 0.0376 | Valid loss: 0.0930 | Train acc: 0.9856 | Valid acc: 0.9640 | patience: 466 | Epoch time: 0.6 |

2023-01-07 18:18:56,472 - INFO -
| Epoch:    476 | Train loss: 0.0376 | Valid loss: 0.0929 | Train acc: 0.9856 | Valid acc: 0.9640 | patience: 467 | Epoch time: 0.6 |

2023-01-07 18:18:57,039 - INFO -
| Epoch:    477 | Train loss: 0.0376 | Valid loss: 0.0929 | Train acc: 0.9856 | Valid acc: 0.9640 | patience: 468 | Epoch time: 0.6 |

2023-01-07 18:18:57,606 - INFO -
| Epoch:    478 | Train loss: 0.0376 | Valid loss: 0.0929 | Train acc: 0.9856 | Valid acc: 0.9640 | patience: 469 | Epoch time: 0.6 |

2023-01-07 18:18:58,174 - INFO -
| Epoch:    479 | Train loss: 0.0376 | Valid loss: 0.0929 | Train acc: 0.9856 | Valid acc: 0.9640 | patience: 470 | Epoch time: 0.6 |

2023-01-07 18:18:58,741 - INFO -
| Epoch:    480 | Train loss: 0.0376 | Valid loss: 0.0928 | Train acc: 0.9856 | Valid acc: 0.9640 | patience: 471 | Epoch time: 0.6 |

2023-01-07 18:18:59,308 - INFO -
| Epoch:    481 | Train loss: 0.0376 | Valid loss: 0.0928 | Train acc: 0.9856 | Valid acc: 0.9640 | patience: 472 | Epoch time: 0.6 |

2023-01-07 18:18:59,876 - INFO -
| Epoch:    482 | Train loss: 0.0376 | Valid loss: 0.0928 | Train acc: 0.9856 | Valid acc: 0.9640 | patience: 473 | Epoch time: 0.6 |

2023-01-07 18:19:00,443 - INFO -
| Epoch:    483 | Train loss: 0.0376 | Valid loss: 0.0928 | Train acc: 0.9856 | Valid acc: 0.9640 | patience: 474 | Epoch time: 0.6 |

2023-01-07 18:19:01,010 - INFO -
| Epoch:    484 | Train loss: 0.0376 | Valid loss: 0.0928 | Train acc: 0.9856 | Valid acc: 0.9640 | patience: 475 | Epoch time: 0.6 |

2023-01-07 18:19:01,577 - INFO -
| Epoch:    485 | Train loss: 0.0376 | Valid loss: 0.0927 | Train acc: 0.9856 | Valid acc: 0.9640 | patience: 476 | Epoch time: 0.6 |

2023-01-07 18:19:02,144 - INFO -
| Epoch:    486 | Train loss: 0.0376 | Valid loss: 0.0927 | Train acc: 0.9856 | Valid acc: 0.9640 | patience: 477 | Epoch time: 0.6 |

2023-01-07 18:19:02,711 - INFO -
| Epoch:    487 | Train loss: 0.0376 | Valid loss: 0.0927 | Train acc: 0.9856 | Valid acc: 0.9640 | patience: 478 | Epoch time: 0.6 |

2023-01-07 18:19:03,278 - INFO -
| Epoch:    488 | Train loss: 0.0376 | Valid loss: 0.0927 | Train acc: 0.9856 | Valid acc: 0.9640 | patience: 479 | Epoch time: 0.6 |

2023-01-07 18:19:03,846 - INFO -
| Epoch:    489 | Train loss: 0.0376 | Valid loss: 0.0927 | Train acc: 0.9856 | Valid acc: 0.9640 | patience: 480 | Epoch time: 0.6 |

2023-01-07 18:19:04,413 - INFO -
| Epoch:    490 | Train loss: 0.0376 | Valid loss: 0.0927 | Train acc: 0.9856 | Valid acc: 0.9640 | patience: 481 | Epoch time: 0.6 |

2023-01-07 18:19:04,981 - INFO -
| Epoch:    491 | Train loss: 0.0376 | Valid loss: 0.0927 | Train acc: 0.9856 | Valid acc: 0.9640 | patience: 482 | Epoch time: 0.6 |

2023-01-07 18:19:05,548 - INFO -
| Epoch:    492 | Train loss: 0.0376 | Valid loss: 0.0927 | Train acc: 0.9856 | Valid acc: 0.9640 | patience: 483 | Epoch time: 0.6 |

2023-01-07 18:19:06,115 - INFO -
| Epoch:    493 | Train loss: 0.0376 | Valid loss: 0.0927 | Train acc: 0.9856 | Valid acc: 0.9640 | patience: 484 | Epoch time: 0.6 |

2023-01-07 18:19:06,682 - INFO -
| Epoch:    494 | Train loss: 0.0376 | Valid loss: 0.0927 | Train acc: 0.9856 | Valid acc: 0.9640 | patience: 485 | Epoch time: 0.6 |

2023-01-07 18:19:07,249 - INFO -
| Epoch:    495 | Train loss: 0.0376 | Valid loss: 0.0927 | Train acc: 0.9856 | Valid acc: 0.9640 | patience: 486 | Epoch time: 0.6 |

2023-01-07 18:19:07,816 - INFO -
| Epoch:    496 | Train loss: 0.0376 | Valid loss: 0.0927 | Train acc: 0.9856 | Valid acc: 0.9640 | patience: 487 | Epoch time: 0.6 |

2023-01-07 18:19:08,384 - INFO -
| Epoch:    497 | Train loss: 0.0376 | Valid loss: 0.0926 | Train acc: 0.9856 | Valid acc: 0.9640 | patience: 488 | Epoch time: 0.6 |

2023-01-07 18:19:08,951 - INFO -
| Epoch:    498 | Train loss: 0.0376 | Valid loss: 0.0926 | Train acc: 0.9856 | Valid acc: 0.9640 | patience: 489 | Epoch time: 0.6 |

2023-01-07 18:19:09,517 - INFO -
| Epoch:    499 | Train loss: 0.0376 | Valid loss: 0.0926 | Train acc: 0.9856 | Valid acc: 0.9640 | patience: 490 | Epoch time: 0.6 |

2023-01-07 18:19:10,084 - INFO -
| Epoch:    500 | Train loss: 0.0376 | Valid loss: 0.0926 | Train acc: 0.9856 | Valid acc: 0.9640 | patience: 491 | Epoch time: 0.6 |

2023-01-07 18:19:10,652 - INFO -
| Epoch:    501 | Train loss: 0.0376 | Valid loss: 0.0926 | Train acc: 0.9856 | Valid acc: 0.9640 | patience: 492 | Epoch time: 0.6 |

2023-01-07 18:19:11,219 - INFO -
| Epoch:    502 | Train loss: 0.0376 | Valid loss: 0.0926 | Train acc: 0.9856 | Valid acc: 0.9640 | patience: 493 | Epoch time: 0.6 |

2023-01-07 18:19:11,787 - INFO -
| Epoch:    503 | Train loss: 0.0376 | Valid loss: 0.0926 | Train acc: 0.9856 | Valid acc: 0.9640 | patience: 494 | Epoch time: 0.6 |

2023-01-07 18:19:12,354 - INFO -
| Epoch:    504 | Train loss: 0.0376 | Valid loss: 0.0926 | Train acc: 0.9856 | Valid acc: 0.9640 | patience: 495 | Epoch time: 0.6 |

2023-01-07 18:19:12,921 - INFO -
| Epoch:    505 | Train loss: 0.0376 | Valid loss: 0.0926 | Train acc: 0.9856 | Valid acc: 0.9640 | patience: 496 | Epoch time: 0.6 |

2023-01-07 18:19:13,489 - INFO -
| Epoch:    506 | Train loss: 0.0376 | Valid loss: 0.0926 | Train acc: 0.9856 | Valid acc: 0.9640 | patience: 497 | Epoch time: 0.6 |

2023-01-07 18:19:14,058 - INFO -
| Epoch:    507 | Train loss: 0.0376 | Valid loss: 0.0926 | Train acc: 0.9856 | Valid acc: 0.9640 | patience: 498 | Epoch time: 0.6 |

2023-01-07 18:19:14,627 - INFO -
| Epoch:    508 | Train loss: 0.0376 | Valid loss: 0.0926 | Train acc: 0.9856 | Valid acc: 0.9640 | patience: 499 | Epoch time: 0.6 |

2023-01-07 18:19:15,194 - INFO -
| Epoch:    509 | Train loss: 0.0376 | Valid loss: 0.0926 | Train acc: 0.9856 | Valid acc: 0.9640 | patience: 500 | Epoch time: 0.6 |

2023-01-07 18:19:15,761 - INFO -
Early stop.

2023-01-07 18:19:15,767 - INFO -
Training if finished.

