2023-01-27 14:29:56,621 - INFO -
gmin                0.01
gmax                10.0
T                   0.1
m                   0.3
ACT_eta1            0.134
ACT_eta2            0.962
ACT_eta3            0.183
ACT_eta4            24.1
NEG_eta1            -0.104
NEG_eta2            0.899
NEG_eta3            -0.056
NEG_eta4            3.858
hidden              [3]
SEED                6
DEVICE              cuda
TIMELIMITATION      45
PATIENCE            500
EPOCH               10000000000
DATASET             2
LR                  0.1
PROGRESSIVE         False
LR_PATIENCE         100
LR_DECAY            0.5
LR_MIN              0.0001
MODE                aging
M_train             50
K_train             10
M_test              500
K_test              500
t_test_max          10
integration         MC
VARIATION           False
N_train             1
e_train             0.0
N_test              100
e_test              0.1
projectname         ICCAD_2022
temppath            ./ICCAD_2022/temp/
logfilepath         ./ICCAD_2022/log/
recording           False
recordpath          ./ICCAD_2022/record/
savepath            ./ICCAD_2022/models/
loglevel            info


2023-01-27 14:29:56,621 - INFO -
Training network on device: cuda.

2023-01-27 14:29:56,621 - INFO -
Training setup: breastcancerwisc_6_aging_0.0_1_MC.

2023-01-27 14:29:56,621 - INFO -
Dataset "breastcancerwisc" has 9 input features and 2 classes. There are 418 training examples, 139 valid examples, and 140 test examples in the dataset.

2023-01-27 14:29:56,622 - INFO -
Topology of the network: [9, 3, 2].

2023-01-27 14:30:34,976 - INFO -
| Epoch:      0 | Train loss: 0.8061 | Valid loss: 0.5864 | Train acc: 0.4889 | Valid acc: 0.6963 | patience:   0 | Epoch time: 38.0 |

2023-01-27 14:31:11,453 - INFO -
| Epoch:      1 | Train loss: 0.5746 | Valid loss: 0.3364 | Train acc: 0.6306 | Valid acc: 0.8101 | patience:   0 | Epoch time: 36.5 |

2023-01-27 14:31:47,951 - INFO -
| Epoch:      2 | Train loss: 0.3970 | Valid loss: 0.1924 | Train acc: 0.8186 | Valid acc: 0.9078 | patience:   0 | Epoch time: 36.5 |

2023-01-27 14:32:24,504 - INFO -
| Epoch:      3 | Train loss: 0.1710 | Valid loss: 0.1051 | Train acc: 0.9419 | Valid acc: 0.9494 | patience:   0 | Epoch time: 36.6 |

2023-01-27 14:33:01,100 - INFO -
| Epoch:      4 | Train loss: 0.0917 | Valid loss: 0.1080 | Train acc: 0.9603 | Valid acc: 0.9586 | patience:   1 | Epoch time: 36.6 |

2023-01-27 14:33:37,671 - INFO -
| Epoch:      5 | Train loss: 0.0599 | Valid loss: 0.0949 | Train acc: 0.9676 | Valid acc: 0.9572 | patience:   0 | Epoch time: 36.6 |

2023-01-27 14:34:14,282 - INFO -
| Epoch:      6 | Train loss: 0.0621 | Valid loss: 0.0937 | Train acc: 0.9729 | Valid acc: 0.9622 | patience:   0 | Epoch time: 36.6 |

2023-01-27 14:34:50,886 - INFO -
| Epoch:      7 | Train loss: 0.0671 | Valid loss: 0.0952 | Train acc: 0.9738 | Valid acc: 0.9602 | patience:   1 | Epoch time: 36.6 |

2023-01-27 14:35:27,517 - INFO -
| Epoch:      8 | Train loss: 0.0592 | Valid loss: 0.0907 | Train acc: 0.9736 | Valid acc: 0.9592 | patience:   0 | Epoch time: 36.6 |

2023-01-27 14:36:04,219 - INFO -
| Epoch:      9 | Train loss: 0.0578 | Valid loss: 0.0917 | Train acc: 0.9748 | Valid acc: 0.9629 | patience:   1 | Epoch time: 36.7 |

2023-01-27 14:36:40,811 - INFO -
| Epoch:     10 | Train loss: 0.0570 | Valid loss: 0.0887 | Train acc: 0.9739 | Valid acc: 0.9635 | patience:   0 | Epoch time: 36.6 |

2023-01-27 14:37:17,388 - INFO -
| Epoch:     11 | Train loss: 0.0569 | Valid loss: 0.0911 | Train acc: 0.9762 | Valid acc: 0.9632 | patience:   1 | Epoch time: 36.6 |

2023-01-27 14:37:53,957 - INFO -
| Epoch:     12 | Train loss: 0.0574 | Valid loss: 0.0960 | Train acc: 0.9762 | Valid acc: 0.9628 | patience:   2 | Epoch time: 36.6 |

2023-01-27 14:38:30,563 - INFO -
| Epoch:     13 | Train loss: 0.0564 | Valid loss: 0.0924 | Train acc: 0.9753 | Valid acc: 0.9630 | patience:   3 | Epoch time: 36.6 |

2023-01-27 14:39:07,147 - INFO -
| Epoch:     14 | Train loss: 0.0568 | Valid loss: 0.0923 | Train acc: 0.9761 | Valid acc: 0.9616 | patience:   4 | Epoch time: 36.6 |

2023-01-27 14:39:43,725 - INFO -
| Epoch:     15 | Train loss: 0.0580 | Valid loss: 0.0902 | Train acc: 0.9763 | Valid acc: 0.9640 | patience:   5 | Epoch time: 36.6 |

2023-01-27 14:40:20,311 - INFO -
| Epoch:     16 | Train loss: 0.0570 | Valid loss: 0.0902 | Train acc: 0.9762 | Valid acc: 0.9628 | patience:   6 | Epoch time: 36.6 |

2023-01-27 14:40:56,873 - INFO -
| Epoch:     17 | Train loss: 0.0563 | Valid loss: 0.0902 | Train acc: 0.9759 | Valid acc: 0.9630 | patience:   7 | Epoch time: 36.6 |

2023-01-27 14:41:33,499 - INFO -
| Epoch:     18 | Train loss: 0.0561 | Valid loss: 0.0913 | Train acc: 0.9763 | Valid acc: 0.9637 | patience:   8 | Epoch time: 36.6 |

2023-01-27 14:42:10,126 - INFO -
| Epoch:     19 | Train loss: 0.0555 | Valid loss: 0.0915 | Train acc: 0.9767 | Valid acc: 0.9638 | patience:   9 | Epoch time: 36.6 |

2023-01-27 14:42:46,750 - INFO -
| Epoch:     20 | Train loss: 0.0564 | Valid loss: 0.0910 | Train acc: 0.9767 | Valid acc: 0.9636 | patience:  10 | Epoch time: 36.6 |

2023-01-27 14:43:23,331 - INFO -
| Epoch:     21 | Train loss: 0.0549 | Valid loss: 0.0911 | Train acc: 0.9774 | Valid acc: 0.9628 | patience:  11 | Epoch time: 36.6 |

2023-01-27 14:43:59,942 - INFO -
| Epoch:     22 | Train loss: 0.0557 | Valid loss: 0.0918 | Train acc: 0.9769 | Valid acc: 0.9623 | patience:  12 | Epoch time: 36.6 |

2023-01-27 14:44:36,458 - INFO -
| Epoch:     23 | Train loss: 0.0547 | Valid loss: 0.0921 | Train acc: 0.9777 | Valid acc: 0.9639 | patience:  13 | Epoch time: 36.5 |

2023-01-27 14:45:12,874 - INFO -
| Epoch:     24 | Train loss: 0.0548 | Valid loss: 0.0917 | Train acc: 0.9779 | Valid acc: 0.9639 | patience:  14 | Epoch time: 36.4 |

2023-01-27 14:45:49,269 - INFO -
| Epoch:     25 | Train loss: 0.0549 | Valid loss: 0.0937 | Train acc: 0.9779 | Valid acc: 0.9639 | patience:  15 | Epoch time: 36.4 |

2023-01-27 14:46:25,656 - INFO -
| Epoch:     26 | Train loss: 0.0551 | Valid loss: 0.0938 | Train acc: 0.9777 | Valid acc: 0.9636 | patience:  16 | Epoch time: 36.4 |

2023-01-27 14:47:02,037 - INFO -
| Epoch:     27 | Train loss: 0.0550 | Valid loss: 0.0935 | Train acc: 0.9774 | Valid acc: 0.9633 | patience:  17 | Epoch time: 36.4 |

2023-01-27 14:47:38,448 - INFO -
| Epoch:     28 | Train loss: 0.0538 | Valid loss: 0.0941 | Train acc: 0.9777 | Valid acc: 0.9635 | patience:  18 | Epoch time: 36.4 |

2023-01-27 14:48:14,913 - INFO -
| Epoch:     29 | Train loss: 0.0545 | Valid loss: 0.0925 | Train acc: 0.9778 | Valid acc: 0.9635 | patience:  19 | Epoch time: 36.5 |

2023-01-27 14:48:51,457 - INFO -
| Epoch:     30 | Train loss: 0.0547 | Valid loss: 0.0939 | Train acc: 0.9779 | Valid acc: 0.9628 | patience:  20 | Epoch time: 36.5 |

2023-01-27 14:49:27,880 - INFO -
| Epoch:     31 | Train loss: 0.0535 | Valid loss: 0.0918 | Train acc: 0.9774 | Valid acc: 0.9636 | patience:  21 | Epoch time: 36.4 |

2023-01-27 14:50:04,237 - INFO -
| Epoch:     32 | Train loss: 0.0535 | Valid loss: 0.0918 | Train acc: 0.9783 | Valid acc: 0.9627 | patience:  22 | Epoch time: 36.4 |

2023-01-27 14:50:40,613 - INFO -
| Epoch:     33 | Train loss: 0.0531 | Valid loss: 0.0927 | Train acc: 0.9775 | Valid acc: 0.9634 | patience:  23 | Epoch time: 36.4 |

2023-01-27 14:51:17,028 - INFO -
| Epoch:     34 | Train loss: 0.0535 | Valid loss: 0.0928 | Train acc: 0.9786 | Valid acc: 0.9635 | patience:  24 | Epoch time: 36.4 |

2023-01-27 14:51:53,494 - INFO -
| Epoch:     35 | Train loss: 0.0537 | Valid loss: 0.0926 | Train acc: 0.9781 | Valid acc: 0.9632 | patience:  25 | Epoch time: 36.5 |

2023-01-27 14:52:29,934 - INFO -
| Epoch:     36 | Train loss: 0.0533 | Valid loss: 0.0912 | Train acc: 0.9776 | Valid acc: 0.9637 | patience:  26 | Epoch time: 36.4 |

2023-01-27 14:53:06,314 - INFO -
| Epoch:     37 | Train loss: 0.0527 | Valid loss: 0.0922 | Train acc: 0.9783 | Valid acc: 0.9636 | patience:  27 | Epoch time: 36.4 |

2023-01-27 14:53:42,691 - INFO -
| Epoch:     38 | Train loss: 0.0523 | Valid loss: 0.0909 | Train acc: 0.9783 | Valid acc: 0.9637 | patience:  28 | Epoch time: 36.4 |

2023-01-27 14:54:19,124 - INFO -
| Epoch:     39 | Train loss: 0.0523 | Valid loss: 0.0915 | Train acc: 0.9779 | Valid acc: 0.9638 | patience:  29 | Epoch time: 36.4 |

2023-01-27 14:54:55,576 - INFO -
| Epoch:     40 | Train loss: 0.0525 | Valid loss: 0.0913 | Train acc: 0.9783 | Valid acc: 0.9637 | patience:  30 | Epoch time: 36.5 |

2023-01-27 14:55:32,075 - INFO -
| Epoch:     41 | Train loss: 0.0502 | Valid loss: 0.0901 | Train acc: 0.9793 | Valid acc: 0.9636 | patience:  31 | Epoch time: 36.5 |

2023-01-27 14:56:08,482 - INFO -
| Epoch:     42 | Train loss: 0.0510 | Valid loss: 0.0907 | Train acc: 0.9786 | Valid acc: 0.9641 | patience:  32 | Epoch time: 36.4 |

2023-01-27 14:56:44,857 - INFO -
| Epoch:     43 | Train loss: 0.0496 | Valid loss: 0.0908 | Train acc: 0.9788 | Valid acc: 0.9643 | patience:  33 | Epoch time: 36.4 |

2023-01-27 14:57:21,254 - INFO -
| Epoch:     44 | Train loss: 0.0495 | Valid loss: 0.0905 | Train acc: 0.9796 | Valid acc: 0.9640 | patience:  34 | Epoch time: 36.4 |

2023-01-27 14:57:57,679 - INFO -
| Epoch:     45 | Train loss: 0.0487 | Valid loss: 0.0894 | Train acc: 0.9793 | Valid acc: 0.9640 | patience:  35 | Epoch time: 36.4 |

2023-01-27 14:58:34,089 - INFO -
| Epoch:     46 | Train loss: 0.0487 | Valid loss: 0.0899 | Train acc: 0.9791 | Valid acc: 0.9643 | patience:  36 | Epoch time: 36.4 |

2023-01-27 14:59:10,509 - INFO -
| Epoch:     47 | Train loss: 0.0495 | Valid loss: 0.0888 | Train acc: 0.9798 | Valid acc: 0.9638 | patience:  37 | Epoch time: 36.4 |

2023-01-27 14:59:46,976 - INFO -
| Epoch:     48 | Train loss: 0.0500 | Valid loss: 0.0903 | Train acc: 0.9802 | Valid acc: 0.9639 | patience:  38 | Epoch time: 36.5 |

2023-01-27 15:00:23,396 - INFO -
| Epoch:     49 | Train loss: 0.0496 | Valid loss: 0.0907 | Train acc: 0.9796 | Valid acc: 0.9648 | patience:  39 | Epoch time: 36.4 |

2023-01-27 15:00:59,847 - INFO -
| Epoch:     50 | Train loss: 0.0490 | Valid loss: 0.0903 | Train acc: 0.9803 | Valid acc: 0.9646 | patience:  40 | Epoch time: 36.5 |

2023-01-27 15:01:36,352 - INFO -
| Epoch:     51 | Train loss: 0.0469 | Valid loss: 0.0929 | Train acc: 0.9802 | Valid acc: 0.9638 | patience:  41 | Epoch time: 36.5 |

2023-01-27 15:02:12,739 - INFO -
| Epoch:     52 | Train loss: 0.0467 | Valid loss: 0.0908 | Train acc: 0.9813 | Valid acc: 0.9642 | patience:  42 | Epoch time: 36.4 |

2023-01-27 15:02:49,190 - INFO -
| Epoch:     53 | Train loss: 0.0471 | Valid loss: 0.0913 | Train acc: 0.9808 | Valid acc: 0.9637 | patience:  43 | Epoch time: 36.5 |

2023-01-27 15:03:25,588 - INFO -
| Epoch:     54 | Train loss: 0.0479 | Valid loss: 0.0920 | Train acc: 0.9812 | Valid acc: 0.9628 | patience:  44 | Epoch time: 36.4 |

2023-01-27 15:04:02,171 - INFO -
| Epoch:     55 | Train loss: 0.0472 | Valid loss: 0.0931 | Train acc: 0.9809 | Valid acc: 0.9636 | patience:  45 | Epoch time: 36.6 |

2023-01-27 15:04:38,611 - INFO -
| Epoch:     56 | Train loss: 0.0469 | Valid loss: 0.0913 | Train acc: 0.9810 | Valid acc: 0.9633 | patience:  46 | Epoch time: 36.4 |

2023-01-27 15:05:15,021 - INFO -
| Epoch:     57 | Train loss: 0.0463 | Valid loss: 0.0927 | Train acc: 0.9801 | Valid acc: 0.9637 | patience:  47 | Epoch time: 36.4 |

2023-01-27 15:05:51,605 - INFO -
| Epoch:     58 | Train loss: 0.0455 | Valid loss: 0.0923 | Train acc: 0.9820 | Valid acc: 0.9634 | patience:  48 | Epoch time: 36.6 |

2023-01-27 15:06:28,054 - INFO -
| Epoch:     59 | Train loss: 0.0476 | Valid loss: 0.0933 | Train acc: 0.9805 | Valid acc: 0.9639 | patience:  49 | Epoch time: 36.4 |

2023-01-27 15:07:04,470 - INFO -
| Epoch:     60 | Train loss: 0.0470 | Valid loss: 0.0923 | Train acc: 0.9806 | Valid acc: 0.9637 | patience:  50 | Epoch time: 36.4 |

2023-01-27 15:07:40,879 - INFO -
| Epoch:     61 | Train loss: 0.0465 | Valid loss: 0.0918 | Train acc: 0.9816 | Valid acc: 0.9634 | patience:  51 | Epoch time: 36.4 |

2023-01-27 15:08:17,307 - INFO -
| Epoch:     62 | Train loss: 0.0460 | Valid loss: 0.0929 | Train acc: 0.9814 | Valid acc: 0.9638 | patience:  52 | Epoch time: 36.4 |

2023-01-27 15:08:53,741 - INFO -
| Epoch:     63 | Train loss: 0.0445 | Valid loss: 0.0903 | Train acc: 0.9837 | Valid acc: 0.9638 | patience:  53 | Epoch time: 36.4 |

2023-01-27 15:09:30,312 - INFO -
| Epoch:     64 | Train loss: 0.0473 | Valid loss: 0.0918 | Train acc: 0.9808 | Valid acc: 0.9634 | patience:  54 | Epoch time: 36.6 |

2023-01-27 15:10:06,972 - INFO -
| Epoch:     65 | Train loss: 0.0452 | Valid loss: 0.0924 | Train acc: 0.9823 | Valid acc: 0.9631 | patience:  55 | Epoch time: 36.7 |

2023-01-27 15:10:43,567 - INFO -
| Epoch:     66 | Train loss: 0.0445 | Valid loss: 0.0924 | Train acc: 0.9818 | Valid acc: 0.9640 | patience:  56 | Epoch time: 36.6 |

2023-01-27 15:11:20,179 - INFO -
| Epoch:     67 | Train loss: 0.0452 | Valid loss: 0.0936 | Train acc: 0.9817 | Valid acc: 0.9643 | patience:  57 | Epoch time: 36.6 |

2023-01-27 15:11:56,742 - INFO -
| Epoch:     68 | Train loss: 0.0466 | Valid loss: 0.0931 | Train acc: 0.9823 | Valid acc: 0.9635 | patience:  58 | Epoch time: 36.6 |

2023-01-27 15:12:33,374 - INFO -
| Epoch:     69 | Train loss: 0.0438 | Valid loss: 0.0934 | Train acc: 0.9811 | Valid acc: 0.9629 | patience:  59 | Epoch time: 36.6 |

2023-01-27 15:13:09,954 - INFO -
| Epoch:     70 | Train loss: 0.0459 | Valid loss: 0.0922 | Train acc: 0.9816 | Valid acc: 0.9637 | patience:  60 | Epoch time: 36.6 |

2023-01-27 15:13:46,536 - INFO -
| Epoch:     71 | Train loss: 0.0449 | Valid loss: 0.0953 | Train acc: 0.9823 | Valid acc: 0.9618 | patience:  61 | Epoch time: 36.6 |

2023-01-27 15:14:23,102 - INFO -
| Epoch:     72 | Train loss: 0.0441 | Valid loss: 0.0930 | Train acc: 0.9816 | Valid acc: 0.9627 | patience:  62 | Epoch time: 36.6 |

2023-01-27 15:14:59,681 - INFO -
| Epoch:     73 | Train loss: 0.0443 | Valid loss: 0.0948 | Train acc: 0.9814 | Valid acc: 0.9639 | patience:  63 | Epoch time: 36.6 |

2023-01-27 15:15:36,371 - INFO -
| Epoch:     74 | Train loss: 0.0475 | Valid loss: 0.0960 | Train acc: 0.9824 | Valid acc: 0.9631 | patience:  64 | Epoch time: 36.7 |

2023-01-27 15:16:12,996 - INFO -
| Epoch:     75 | Train loss: 0.0445 | Valid loss: 0.0957 | Train acc: 0.9815 | Valid acc: 0.9621 | patience:  65 | Epoch time: 36.6 |

2023-01-27 15:16:49,584 - INFO -
| Epoch:     76 | Train loss: 0.0450 | Valid loss: 0.0969 | Train acc: 0.9807 | Valid acc: 0.9624 | patience:  66 | Epoch time: 36.6 |

2023-01-27 15:17:26,271 - INFO -
| Epoch:     77 | Train loss: 0.0442 | Valid loss: 0.0967 | Train acc: 0.9812 | Valid acc: 0.9620 | patience:  67 | Epoch time: 36.7 |

2023-01-27 15:18:02,900 - INFO -
| Epoch:     78 | Train loss: 0.0448 | Valid loss: 0.0941 | Train acc: 0.9811 | Valid acc: 0.9626 | patience:  68 | Epoch time: 36.6 |

2023-01-27 15:18:39,613 - INFO -
| Epoch:     79 | Train loss: 0.0438 | Valid loss: 0.0948 | Train acc: 0.9828 | Valid acc: 0.9640 | patience:  69 | Epoch time: 36.7 |

2023-01-27 15:19:16,181 - INFO -
| Epoch:     80 | Train loss: 0.0435 | Valid loss: 0.0949 | Train acc: 0.9830 | Valid acc: 0.9624 | patience:  70 | Epoch time: 36.6 |

2023-01-27 15:19:52,744 - INFO -
| Epoch:     81 | Train loss: 0.0447 | Valid loss: 0.0955 | Train acc: 0.9823 | Valid acc: 0.9628 | patience:  71 | Epoch time: 36.6 |

2023-01-27 15:20:29,328 - INFO -
| Epoch:     82 | Train loss: 0.0456 | Valid loss: 0.0951 | Train acc: 0.9815 | Valid acc: 0.9627 | patience:  72 | Epoch time: 36.6 |

2023-01-27 15:21:05,912 - INFO -
| Epoch:     83 | Train loss: 0.0437 | Valid loss: 0.0947 | Train acc: 0.9810 | Valid acc: 0.9632 | patience:  73 | Epoch time: 36.6 |

2023-01-27 15:21:42,613 - INFO -
| Epoch:     84 | Train loss: 0.0430 | Valid loss: 0.0950 | Train acc: 0.9819 | Valid acc: 0.9621 | patience:  74 | Epoch time: 36.7 |

2023-01-27 15:22:19,206 - INFO -
| Epoch:     85 | Train loss: 0.0436 | Valid loss: 0.0973 | Train acc: 0.9828 | Valid acc: 0.9627 | patience:  75 | Epoch time: 36.6 |

2023-01-27 15:22:55,742 - INFO -
| Epoch:     86 | Train loss: 0.0439 | Valid loss: 0.0939 | Train acc: 0.9820 | Valid acc: 0.9627 | patience:  76 | Epoch time: 36.5 |

2023-01-27 15:23:32,330 - INFO -
| Epoch:     87 | Train loss: 0.0438 | Valid loss: 0.0962 | Train acc: 0.9835 | Valid acc: 0.9602 | patience:  77 | Epoch time: 36.6 |

2023-01-27 15:24:08,965 - INFO -
| Epoch:     88 | Train loss: 0.0431 | Valid loss: 0.0953 | Train acc: 0.9814 | Valid acc: 0.9616 | patience:  78 | Epoch time: 36.6 |

2023-01-27 15:24:45,566 - INFO -
| Epoch:     89 | Train loss: 0.0443 | Valid loss: 0.0973 | Train acc: 0.9814 | Valid acc: 0.9629 | patience:  79 | Epoch time: 36.6 |

2023-01-27 15:25:22,169 - INFO -
| Epoch:     90 | Train loss: 0.0435 | Valid loss: 0.0957 | Train acc: 0.9822 | Valid acc: 0.9623 | patience:  80 | Epoch time: 36.6 |

2023-01-27 15:25:58,784 - INFO -
| Epoch:     91 | Train loss: 0.0442 | Valid loss: 0.0975 | Train acc: 0.9817 | Valid acc: 0.9617 | patience:  81 | Epoch time: 36.6 |

2023-01-27 15:26:35,414 - INFO -
| Epoch:     92 | Train loss: 0.0440 | Valid loss: 0.0946 | Train acc: 0.9820 | Valid acc: 0.9604 | patience:  82 | Epoch time: 36.6 |

2023-01-27 15:27:12,035 - INFO -
| Epoch:     93 | Train loss: 0.0448 | Valid loss: 0.0953 | Train acc: 0.9826 | Valid acc: 0.9630 | patience:  83 | Epoch time: 36.6 |

2023-01-27 15:27:48,688 - INFO -
| Epoch:     94 | Train loss: 0.0435 | Valid loss: 0.0947 | Train acc: 0.9831 | Valid acc: 0.9624 | patience:  84 | Epoch time: 36.7 |

2023-01-27 15:28:25,282 - INFO -
| Epoch:     95 | Train loss: 0.0458 | Valid loss: 0.0971 | Train acc: 0.9836 | Valid acc: 0.9621 | patience:  85 | Epoch time: 36.6 |

2023-01-27 15:29:01,869 - INFO -
| Epoch:     96 | Train loss: 0.0444 | Valid loss: 0.0952 | Train acc: 0.9824 | Valid acc: 0.9615 | patience:  86 | Epoch time: 36.6 |

2023-01-27 15:29:38,604 - INFO -
| Epoch:     97 | Train loss: 0.0430 | Valid loss: 0.0954 | Train acc: 0.9834 | Valid acc: 0.9630 | patience:  87 | Epoch time: 36.7 |

2023-01-27 15:30:15,394 - INFO -
| Epoch:     98 | Train loss: 0.0436 | Valid loss: 0.0974 | Train acc: 0.9825 | Valid acc: 0.9622 | patience:  88 | Epoch time: 36.8 |

2023-01-27 15:30:52,064 - INFO -
| Epoch:     99 | Train loss: 0.0440 | Valid loss: 0.0967 | Train acc: 0.9829 | Valid acc: 0.9625 | patience:  89 | Epoch time: 36.7 |

2023-01-27 15:31:28,689 - INFO -
| Epoch:    100 | Train loss: 0.0430 | Valid loss: 0.0941 | Train acc: 0.9824 | Valid acc: 0.9616 | patience:  90 | Epoch time: 36.6 |

2023-01-27 15:32:05,338 - INFO -
| Epoch:    101 | Train loss: 0.0443 | Valid loss: 0.0974 | Train acc: 0.9824 | Valid acc: 0.9629 | patience:  91 | Epoch time: 36.6 |

2023-01-27 15:32:41,953 - INFO -
| Epoch:    102 | Train loss: 0.0437 | Valid loss: 0.0982 | Train acc: 0.9829 | Valid acc: 0.9619 | patience:  92 | Epoch time: 36.6 |

2023-01-27 15:33:18,558 - INFO -
| Epoch:    103 | Train loss: 0.0459 | Valid loss: 0.0947 | Train acc: 0.9820 | Valid acc: 0.9615 | patience:  93 | Epoch time: 36.6 |

2023-01-27 15:33:55,160 - INFO -
| Epoch:    104 | Train loss: 0.0436 | Valid loss: 0.0963 | Train acc: 0.9824 | Valid acc: 0.9620 | patience:  94 | Epoch time: 36.6 |

2023-01-27 15:34:31,802 - INFO -
| Epoch:    105 | Train loss: 0.0437 | Valid loss: 0.0963 | Train acc: 0.9824 | Valid acc: 0.9618 | patience:  95 | Epoch time: 36.6 |

2023-01-27 15:35:08,456 - INFO -
| Epoch:    106 | Train loss: 0.0458 | Valid loss: 0.0956 | Train acc: 0.9822 | Valid acc: 0.9623 | patience:  96 | Epoch time: 36.7 |

2023-01-27 15:35:45,070 - INFO -
| Epoch:    107 | Train loss: 0.0441 | Valid loss: 0.0988 | Train acc: 0.9830 | Valid acc: 0.9608 | patience:  97 | Epoch time: 36.6 |

2023-01-27 15:36:21,748 - INFO -
| Epoch:    108 | Train loss: 0.0419 | Valid loss: 0.0968 | Train acc: 0.9828 | Valid acc: 0.9612 | patience:  98 | Epoch time: 36.7 |

2023-01-27 15:36:58,458 - INFO -
| Epoch:    109 | Train loss: 0.0438 | Valid loss: 0.1003 | Train acc: 0.9827 | Valid acc: 0.9608 | patience:  99 | Epoch time: 36.7 |

2023-01-27 15:37:35,048 - INFO -
| Epoch:    110 | Train loss: 0.0432 | Valid loss: 0.1004 | Train acc: 0.9820 | Valid acc: 0.9611 | patience: 100 | Epoch time: 36.6 |

2023-01-27 15:38:11,636 - INFO -
| Epoch:    111 | Train loss: 0.0439 | Valid loss: 0.0961 | Train acc: 0.9830 | Valid acc: 0.9618 | patience: 101 | Epoch time: 36.6 |

2023-01-27 15:38:48,172 - INFO -
| Epoch:    112 | Train loss: 0.0439 | Valid loss: 0.0992 | Train acc: 0.9833 | Valid acc: 0.9602 | patience: 102 | Epoch time: 36.5 |

2023-01-27 15:39:24,725 - INFO -
| Epoch:    113 | Train loss: 0.0423 | Valid loss: 0.0968 | Train acc: 0.9829 | Valid acc: 0.9608 | patience: 103 | Epoch time: 36.6 |

2023-01-27 15:40:01,318 - INFO -
| Epoch:    114 | Train loss: 0.0425 | Valid loss: 0.0976 | Train acc: 0.9834 | Valid acc: 0.9618 | patience: 104 | Epoch time: 36.6 |

2023-01-27 15:40:38,017 - INFO -
| Epoch:    115 | Train loss: 0.0430 | Valid loss: 0.0961 | Train acc: 0.9833 | Valid acc: 0.9612 | patience: 105 | Epoch time: 36.7 |

2023-01-27 15:41:14,580 - INFO -
| Epoch:    116 | Train loss: 0.0438 | Valid loss: 0.0945 | Train acc: 0.9823 | Valid acc: 0.9628 | patience: 106 | Epoch time: 36.6 |

2023-01-27 15:41:51,765 - INFO -
| Epoch:    117 | Train loss: 0.0425 | Valid loss: 0.0948 | Train acc: 0.9835 | Valid acc: 0.9633 | patience: 107 | Epoch time: 37.2 |

2023-01-27 15:42:28,533 - INFO -
| Epoch:    118 | Train loss: 0.0419 | Valid loss: 0.0977 | Train acc: 0.9834 | Valid acc: 0.9623 | patience: 108 | Epoch time: 36.8 |

2023-01-27 15:43:05,097 - INFO -
| Epoch:    119 | Train loss: 0.0442 | Valid loss: 0.0952 | Train acc: 0.9824 | Valid acc: 0.9621 | patience: 109 | Epoch time: 36.6 |

2023-01-27 15:43:41,672 - INFO -
| Epoch:    120 | Train loss: 0.0425 | Valid loss: 0.0952 | Train acc: 0.9823 | Valid acc: 0.9615 | patience: 110 | Epoch time: 36.6 |

2023-01-27 15:44:18,207 - INFO -
| Epoch:    121 | Train loss: 0.0441 | Valid loss: 0.0998 | Train acc: 0.9828 | Valid acc: 0.9623 | patience: 111 | Epoch time: 36.5 |

2023-01-27 15:44:54,752 - INFO -
| Epoch:    122 | Train loss: 0.0425 | Valid loss: 0.0971 | Train acc: 0.9827 | Valid acc: 0.9614 | patience: 112 | Epoch time: 36.5 |

2023-01-27 15:45:31,249 - INFO -
| Epoch:    123 | Train loss: 0.0445 | Valid loss: 0.0965 | Train acc: 0.9818 | Valid acc: 0.9626 | patience: 113 | Epoch time: 36.5 |

2023-01-27 15:46:07,776 - INFO -
| Epoch:    124 | Train loss: 0.0426 | Valid loss: 0.0972 | Train acc: 0.9831 | Valid acc: 0.9625 | patience: 114 | Epoch time: 36.5 |

2023-01-27 15:46:44,260 - INFO -
| Epoch:    125 | Train loss: 0.0447 | Valid loss: 0.0971 | Train acc: 0.9826 | Valid acc: 0.9609 | patience: 115 | Epoch time: 36.5 |

2023-01-27 15:47:20,770 - INFO -
| Epoch:    126 | Train loss: 0.0426 | Valid loss: 0.0973 | Train acc: 0.9826 | Valid acc: 0.9633 | patience: 116 | Epoch time: 36.5 |

2023-01-27 15:47:57,337 - INFO -
| Epoch:    127 | Train loss: 0.0427 | Valid loss: 0.0977 | Train acc: 0.9829 | Valid acc: 0.9612 | patience: 117 | Epoch time: 36.6 |

2023-01-27 15:48:33,777 - INFO -
| Epoch:    128 | Train loss: 0.0415 | Valid loss: 0.0958 | Train acc: 0.9831 | Valid acc: 0.9628 | patience: 118 | Epoch time: 36.4 |

2023-01-27 15:49:10,185 - INFO -
| Epoch:    129 | Train loss: 0.0431 | Valid loss: 0.0938 | Train acc: 0.9812 | Valid acc: 0.9619 | patience: 119 | Epoch time: 36.4 |

2023-01-27 15:49:46,595 - INFO -
| Epoch:    130 | Train loss: 0.0414 | Valid loss: 0.0962 | Train acc: 0.9840 | Valid acc: 0.9628 | patience: 120 | Epoch time: 36.4 |

2023-01-27 15:50:23,025 - INFO -
| Epoch:    131 | Train loss: 0.0421 | Valid loss: 0.0944 | Train acc: 0.9832 | Valid acc: 0.9631 | patience: 121 | Epoch time: 36.4 |

2023-01-27 15:50:59,468 - INFO -
| Epoch:    132 | Train loss: 0.0432 | Valid loss: 0.0959 | Train acc: 0.9819 | Valid acc: 0.9633 | patience: 122 | Epoch time: 36.4 |

2023-01-27 15:51:35,919 - INFO -
| Epoch:    133 | Train loss: 0.0460 | Valid loss: 0.0982 | Train acc: 0.9837 | Valid acc: 0.9630 | patience: 123 | Epoch time: 36.5 |

2023-01-27 15:52:12,379 - INFO -
| Epoch:    134 | Train loss: 0.0440 | Valid loss: 0.0974 | Train acc: 0.9819 | Valid acc: 0.9607 | patience: 124 | Epoch time: 36.5 |

2023-01-27 15:52:48,867 - INFO -
| Epoch:    135 | Train loss: 0.0444 | Valid loss: 0.1003 | Train acc: 0.9842 | Valid acc: 0.9614 | patience: 125 | Epoch time: 36.5 |

2023-01-27 15:53:25,300 - INFO -
| Epoch:    136 | Train loss: 0.0430 | Valid loss: 0.0967 | Train acc: 0.9834 | Valid acc: 0.9610 | patience: 126 | Epoch time: 36.4 |

2023-01-27 15:54:01,732 - INFO -
| Epoch:    137 | Train loss: 0.0431 | Valid loss: 0.0999 | Train acc: 0.9833 | Valid acc: 0.9613 | patience: 127 | Epoch time: 36.4 |

2023-01-27 15:54:38,193 - INFO -
| Epoch:    138 | Train loss: 0.0427 | Valid loss: 0.0991 | Train acc: 0.9830 | Valid acc: 0.9610 | patience: 128 | Epoch time: 36.5 |

2023-01-27 15:55:14,637 - INFO -
| Epoch:    139 | Train loss: 0.0429 | Valid loss: 0.0966 | Train acc: 0.9830 | Valid acc: 0.9615 | patience: 129 | Epoch time: 36.4 |

2023-01-27 15:55:51,043 - INFO -
| Epoch:    140 | Train loss: 0.0428 | Valid loss: 0.0962 | Train acc: 0.9834 | Valid acc: 0.9627 | patience: 130 | Epoch time: 36.4 |

2023-01-27 15:56:27,443 - INFO -
| Epoch:    141 | Train loss: 0.0420 | Valid loss: 0.0992 | Train acc: 0.9834 | Valid acc: 0.9612 | patience: 131 | Epoch time: 36.4 |

2023-01-27 15:57:03,848 - INFO -
| Epoch:    142 | Train loss: 0.0413 | Valid loss: 0.0959 | Train acc: 0.9828 | Valid acc: 0.9625 | patience: 132 | Epoch time: 36.4 |

2023-01-27 15:57:40,266 - INFO -
| Epoch:    143 | Train loss: 0.0436 | Valid loss: 0.0995 | Train acc: 0.9829 | Valid acc: 0.9603 | patience: 133 | Epoch time: 36.4 |

2023-01-27 15:58:16,702 - INFO -
| Epoch:    144 | Train loss: 0.0435 | Valid loss: 0.0974 | Train acc: 0.9824 | Valid acc: 0.9606 | patience: 134 | Epoch time: 36.4 |

2023-01-27 15:58:53,096 - INFO -
| Epoch:    145 | Train loss: 0.0422 | Valid loss: 0.0990 | Train acc: 0.9827 | Valid acc: 0.9606 | patience: 135 | Epoch time: 36.4 |

2023-01-27 15:59:29,534 - INFO -
| Epoch:    146 | Train loss: 0.0414 | Valid loss: 0.0952 | Train acc: 0.9836 | Valid acc: 0.9629 | patience: 136 | Epoch time: 36.4 |

2023-01-27 16:00:05,987 - INFO -
| Epoch:    147 | Train loss: 0.0426 | Valid loss: 0.0961 | Train acc: 0.9833 | Valid acc: 0.9607 | patience: 137 | Epoch time: 36.5 |

2023-01-27 16:00:42,556 - INFO -
| Epoch:    148 | Train loss: 0.0423 | Valid loss: 0.0967 | Train acc: 0.9835 | Valid acc: 0.9620 | patience: 138 | Epoch time: 36.6 |

2023-01-27 16:01:18,975 - INFO -
| Epoch:    149 | Train loss: 0.0427 | Valid loss: 0.0967 | Train acc: 0.9835 | Valid acc: 0.9632 | patience: 139 | Epoch time: 36.4 |

2023-01-27 16:01:55,419 - INFO -
| Epoch:    150 | Train loss: 0.0423 | Valid loss: 0.0966 | Train acc: 0.9831 | Valid acc: 0.9628 | patience: 140 | Epoch time: 36.4 |

2023-01-27 16:02:31,828 - INFO -
| Epoch:    151 | Train loss: 0.0421 | Valid loss: 0.0937 | Train acc: 0.9831 | Valid acc: 0.9631 | patience: 141 | Epoch time: 36.4 |

2023-01-27 16:03:08,236 - INFO -
| Epoch:    152 | Train loss: 0.0418 | Valid loss: 0.0986 | Train acc: 0.9836 | Valid acc: 0.9620 | patience: 142 | Epoch time: 36.4 |

2023-01-27 16:03:44,631 - INFO -
| Epoch:    153 | Train loss: 0.0440 | Valid loss: 0.0979 | Train acc: 0.9839 | Valid acc: 0.9617 | patience: 143 | Epoch time: 36.4 |

2023-01-27 16:04:21,089 - INFO -
| Epoch:    154 | Train loss: 0.0430 | Valid loss: 0.0968 | Train acc: 0.9829 | Valid acc: 0.9619 | patience: 144 | Epoch time: 36.5 |

2023-01-27 16:04:57,546 - INFO -
| Epoch:    155 | Train loss: 0.0437 | Valid loss: 0.0948 | Train acc: 0.9826 | Valid acc: 0.9625 | patience: 145 | Epoch time: 36.5 |

2023-01-27 16:05:33,995 - INFO -
| Epoch:    156 | Train loss: 0.0414 | Valid loss: 0.0970 | Train acc: 0.9838 | Valid acc: 0.9618 | patience: 146 | Epoch time: 36.4 |

2023-01-27 16:06:10,388 - INFO -
| Epoch:    157 | Train loss: 0.0426 | Valid loss: 0.0989 | Train acc: 0.9834 | Valid acc: 0.9632 | patience: 147 | Epoch time: 36.4 |

2023-01-27 16:06:46,824 - INFO -
| Epoch:    158 | Train loss: 0.0412 | Valid loss: 0.0995 | Train acc: 0.9835 | Valid acc: 0.9617 | patience: 148 | Epoch time: 36.4 |

2023-01-27 16:07:23,241 - INFO -
| Epoch:    159 | Train loss: 0.0421 | Valid loss: 0.0990 | Train acc: 0.9835 | Valid acc: 0.9624 | patience: 149 | Epoch time: 36.4 |

2023-01-27 16:07:59,649 - INFO -
| Epoch:    160 | Train loss: 0.0434 | Valid loss: 0.0972 | Train acc: 0.9844 | Valid acc: 0.9608 | patience: 150 | Epoch time: 36.4 |

2023-01-27 16:08:36,088 - INFO -
| Epoch:    161 | Train loss: 0.0424 | Valid loss: 0.0975 | Train acc: 0.9834 | Valid acc: 0.9627 | patience: 151 | Epoch time: 36.4 |

2023-01-27 16:09:12,498 - INFO -
| Epoch:    162 | Train loss: 0.0425 | Valid loss: 0.0976 | Train acc: 0.9835 | Valid acc: 0.9622 | patience: 152 | Epoch time: 36.4 |

2023-01-27 16:09:48,923 - INFO -
| Epoch:    163 | Train loss: 0.0419 | Valid loss: 0.0955 | Train acc: 0.9841 | Valid acc: 0.9612 | patience: 153 | Epoch time: 36.4 |

2023-01-27 16:10:25,346 - INFO -
| Epoch:    164 | Train loss: 0.0418 | Valid loss: 0.0981 | Train acc: 0.9828 | Valid acc: 0.9624 | patience: 154 | Epoch time: 36.4 |

2023-01-27 16:11:01,772 - INFO -
| Epoch:    165 | Train loss: 0.0412 | Valid loss: 0.0956 | Train acc: 0.9843 | Valid acc: 0.9624 | patience: 155 | Epoch time: 36.4 |

2023-01-27 16:11:38,216 - INFO -
| Epoch:    166 | Train loss: 0.0423 | Valid loss: 0.0950 | Train acc: 0.9830 | Valid acc: 0.9627 | patience: 156 | Epoch time: 36.4 |

2023-01-27 16:12:14,652 - INFO -
| Epoch:    167 | Train loss: 0.0427 | Valid loss: 0.0971 | Train acc: 0.9834 | Valid acc: 0.9619 | patience: 157 | Epoch time: 36.4 |

2023-01-27 16:12:51,106 - INFO -
| Epoch:    168 | Train loss: 0.0420 | Valid loss: 0.0961 | Train acc: 0.9835 | Valid acc: 0.9624 | patience: 158 | Epoch time: 36.5 |

2023-01-27 16:13:27,652 - INFO -
| Epoch:    169 | Train loss: 0.0398 | Valid loss: 0.0971 | Train acc: 0.9841 | Valid acc: 0.9609 | patience: 159 | Epoch time: 36.5 |

2023-01-27 16:14:04,067 - INFO -
| Epoch:    170 | Train loss: 0.0414 | Valid loss: 0.0983 | Train acc: 0.9834 | Valid acc: 0.9613 | patience: 160 | Epoch time: 36.4 |

2023-01-27 16:14:40,454 - INFO -
| Epoch:    171 | Train loss: 0.0416 | Valid loss: 0.0958 | Train acc: 0.9839 | Valid acc: 0.9623 | patience: 161 | Epoch time: 36.4 |

2023-01-27 16:15:16,856 - INFO -
| Epoch:    172 | Train loss: 0.0425 | Valid loss: 0.0993 | Train acc: 0.9840 | Valid acc: 0.9606 | patience: 162 | Epoch time: 36.4 |

2023-01-27 16:15:53,272 - INFO -
| Epoch:    173 | Train loss: 0.0413 | Valid loss: 0.0959 | Train acc: 0.9837 | Valid acc: 0.9619 | patience: 163 | Epoch time: 36.4 |

2023-01-27 16:16:29,674 - INFO -
| Epoch:    174 | Train loss: 0.0423 | Valid loss: 0.1022 | Train acc: 0.9832 | Valid acc: 0.9609 | patience: 164 | Epoch time: 36.4 |

2023-01-27 16:17:06,068 - INFO -
| Epoch:    175 | Train loss: 0.0425 | Valid loss: 0.0987 | Train acc: 0.9834 | Valid acc: 0.9606 | patience: 165 | Epoch time: 36.4 |

2023-01-27 16:17:42,460 - INFO -
| Epoch:    176 | Train loss: 0.0421 | Valid loss: 0.0986 | Train acc: 0.9843 | Valid acc: 0.9600 | patience: 166 | Epoch time: 36.4 |

2023-01-27 16:18:18,828 - INFO -
| Epoch:    177 | Train loss: 0.0448 | Valid loss: 0.0976 | Train acc: 0.9832 | Valid acc: 0.9611 | patience: 167 | Epoch time: 36.4 |

2023-01-27 16:18:55,231 - INFO -
| Epoch:    178 | Train loss: 0.0413 | Valid loss: 0.0963 | Train acc: 0.9836 | Valid acc: 0.9618 | patience: 168 | Epoch time: 36.4 |

2023-01-27 16:19:31,649 - INFO -
| Epoch:    179 | Train loss: 0.0413 | Valid loss: 0.0971 | Train acc: 0.9840 | Valid acc: 0.9610 | patience: 169 | Epoch time: 36.4 |

2023-01-27 16:20:07,987 - INFO -
| Epoch:    180 | Train loss: 0.0417 | Valid loss: 0.0960 | Train acc: 0.9839 | Valid acc: 0.9625 | patience: 170 | Epoch time: 36.3 |

2023-01-27 16:20:44,359 - INFO -
| Epoch:    181 | Train loss: 0.0415 | Valid loss: 0.0963 | Train acc: 0.9830 | Valid acc: 0.9627 | patience: 171 | Epoch time: 36.4 |

2023-01-27 16:21:20,744 - INFO -
| Epoch:    182 | Train loss: 0.0425 | Valid loss: 0.0971 | Train acc: 0.9837 | Valid acc: 0.9621 | patience: 172 | Epoch time: 36.4 |

2023-01-27 16:21:57,163 - INFO -
| Epoch:    183 | Train loss: 0.0420 | Valid loss: 0.0970 | Train acc: 0.9840 | Valid acc: 0.9620 | patience: 173 | Epoch time: 36.4 |

2023-01-27 16:22:33,568 - INFO -
| Epoch:    184 | Train loss: 0.0416 | Valid loss: 0.0957 | Train acc: 0.9836 | Valid acc: 0.9633 | patience: 174 | Epoch time: 36.4 |

2023-01-27 16:23:09,967 - INFO -
| Epoch:    185 | Train loss: 0.0423 | Valid loss: 0.0974 | Train acc: 0.9842 | Valid acc: 0.9616 | patience: 175 | Epoch time: 36.4 |

2023-01-27 16:23:46,341 - INFO -
| Epoch:    186 | Train loss: 0.0431 | Valid loss: 0.0983 | Train acc: 0.9840 | Valid acc: 0.9623 | patience: 176 | Epoch time: 36.4 |

2023-01-27 16:24:22,719 - INFO -
| Epoch:    187 | Train loss: 0.0409 | Valid loss: 0.0965 | Train acc: 0.9844 | Valid acc: 0.9623 | patience: 177 | Epoch time: 36.4 |

2023-01-27 16:24:59,066 - INFO -
| Epoch:    188 | Train loss: 0.0419 | Valid loss: 0.0983 | Train acc: 0.9836 | Valid acc: 0.9619 | patience: 178 | Epoch time: 36.3 |

2023-01-27 16:25:35,481 - INFO -
| Epoch:    189 | Train loss: 0.0421 | Valid loss: 0.0987 | Train acc: 0.9837 | Valid acc: 0.9616 | patience: 179 | Epoch time: 36.4 |

2023-01-27 16:26:11,882 - INFO -
| Epoch:    190 | Train loss: 0.0414 | Valid loss: 0.0976 | Train acc: 0.9830 | Valid acc: 0.9629 | patience: 180 | Epoch time: 36.4 |

2023-01-27 16:26:48,308 - INFO -
| Epoch:    191 | Train loss: 0.0433 | Valid loss: 0.0977 | Train acc: 0.9840 | Valid acc: 0.9619 | patience: 181 | Epoch time: 36.4 |

2023-01-27 16:27:24,664 - INFO -
| Epoch:    192 | Train loss: 0.0412 | Valid loss: 0.0970 | Train acc: 0.9838 | Valid acc: 0.9626 | patience: 182 | Epoch time: 36.4 |

2023-01-27 16:28:01,066 - INFO -
| Epoch:    193 | Train loss: 0.0417 | Valid loss: 0.0994 | Train acc: 0.9849 | Valid acc: 0.9623 | patience: 183 | Epoch time: 36.4 |

2023-01-27 16:28:37,376 - INFO -
| Epoch:    194 | Train loss: 0.0422 | Valid loss: 0.0954 | Train acc: 0.9832 | Valid acc: 0.9620 | patience: 184 | Epoch time: 36.3 |

2023-01-27 16:29:13,794 - INFO -
| Epoch:    195 | Train loss: 0.0413 | Valid loss: 0.0973 | Train acc: 0.9842 | Valid acc: 0.9621 | patience: 185 | Epoch time: 36.4 |

2023-01-27 16:29:50,202 - INFO -
| Epoch:    196 | Train loss: 0.0425 | Valid loss: 0.0960 | Train acc: 0.9842 | Valid acc: 0.9624 | patience: 186 | Epoch time: 36.4 |

2023-01-27 16:30:26,633 - INFO -
| Epoch:    197 | Train loss: 0.0429 | Valid loss: 0.0954 | Train acc: 0.9829 | Valid acc: 0.9624 | patience: 187 | Epoch time: 36.4 |

2023-01-27 16:31:03,076 - INFO -
| Epoch:    198 | Train loss: 0.0410 | Valid loss: 0.0961 | Train acc: 0.9846 | Valid acc: 0.9621 | patience: 188 | Epoch time: 36.4 |

2023-01-27 16:31:39,455 - INFO -
| Epoch:    199 | Train loss: 0.0420 | Valid loss: 0.0968 | Train acc: 0.9836 | Valid acc: 0.9624 | patience: 189 | Epoch time: 36.4 |

2023-01-27 16:32:15,871 - INFO -
| Epoch:    200 | Train loss: 0.0423 | Valid loss: 0.0957 | Train acc: 0.9835 | Valid acc: 0.9626 | patience: 190 | Epoch time: 36.4 |

2023-01-27 16:32:52,309 - INFO -
| Epoch:    201 | Train loss: 0.0413 | Valid loss: 0.0956 | Train acc: 0.9842 | Valid acc: 0.9610 | patience: 191 | Epoch time: 36.4 |

2023-01-27 16:33:28,676 - INFO -
| Epoch:    202 | Train loss: 0.0414 | Valid loss: 0.0986 | Train acc: 0.9845 | Valid acc: 0.9619 | patience: 192 | Epoch time: 36.4 |

2023-01-27 16:34:05,112 - INFO -
| Epoch:    203 | Train loss: 0.0403 | Valid loss: 0.0981 | Train acc: 0.9844 | Valid acc: 0.9622 | patience: 193 | Epoch time: 36.4 |

2023-01-27 16:34:41,430 - INFO -
| Epoch:    204 | Train loss: 0.0406 | Valid loss: 0.0965 | Train acc: 0.9839 | Valid acc: 0.9633 | patience: 194 | Epoch time: 36.3 |

2023-01-27 16:35:17,864 - INFO -
| Epoch:    205 | Train loss: 0.0419 | Valid loss: 0.0970 | Train acc: 0.9838 | Valid acc: 0.9618 | patience: 195 | Epoch time: 36.4 |

2023-01-27 16:35:54,206 - INFO -
| Epoch:    206 | Train loss: 0.0421 | Valid loss: 0.0995 | Train acc: 0.9837 | Valid acc: 0.9614 | patience: 196 | Epoch time: 36.3 |

2023-01-27 16:36:30,647 - INFO -
| Epoch:    207 | Train loss: 0.0412 | Valid loss: 0.0975 | Train acc: 0.9835 | Valid acc: 0.9618 | patience: 197 | Epoch time: 36.4 |

2023-01-27 16:37:07,164 - INFO -
| Epoch:    208 | Train loss: 0.0418 | Valid loss: 0.0973 | Train acc: 0.9843 | Valid acc: 0.9620 | patience: 198 | Epoch time: 36.5 |

2023-01-27 16:37:43,555 - INFO -
| Epoch:    209 | Train loss: 0.0405 | Valid loss: 0.0967 | Train acc: 0.9846 | Valid acc: 0.9619 | patience: 199 | Epoch time: 36.4 |

2023-01-27 16:38:19,952 - INFO -
| Epoch:    210 | Train loss: 0.0411 | Valid loss: 0.0973 | Train acc: 0.9839 | Valid acc: 0.9624 | patience: 200 | Epoch time: 36.4 |

2023-01-27 16:38:56,412 - INFO -
| Epoch:    211 | Train loss: 0.0425 | Valid loss: 0.0968 | Train acc: 0.9841 | Valid acc: 0.9622 | patience: 201 | Epoch time: 36.5 |

2023-01-27 16:39:32,837 - INFO -
| Epoch:    212 | Train loss: 0.0420 | Valid loss: 0.0976 | Train acc: 0.9841 | Valid acc: 0.9621 | patience: 202 | Epoch time: 36.4 |

2023-01-27 16:40:09,292 - INFO -
| Epoch:    213 | Train loss: 0.0409 | Valid loss: 0.0960 | Train acc: 0.9833 | Valid acc: 0.9629 | patience: 203 | Epoch time: 36.5 |

2023-01-27 16:40:45,705 - INFO -
| Epoch:    214 | Train loss: 0.0413 | Valid loss: 0.0971 | Train acc: 0.9831 | Valid acc: 0.9626 | patience: 204 | Epoch time: 36.4 |

2023-01-27 16:41:22,079 - INFO -
| Epoch:    215 | Train loss: 0.0425 | Valid loss: 0.0979 | Train acc: 0.9830 | Valid acc: 0.9627 | patience: 205 | Epoch time: 36.4 |

2023-01-27 16:41:58,460 - INFO -
| Epoch:    216 | Train loss: 0.0406 | Valid loss: 0.0977 | Train acc: 0.9841 | Valid acc: 0.9612 | patience: 206 | Epoch time: 36.4 |

2023-01-27 16:42:34,846 - INFO -
| Epoch:    217 | Train loss: 0.0403 | Valid loss: 0.0980 | Train acc: 0.9845 | Valid acc: 0.9621 | patience: 207 | Epoch time: 36.4 |

2023-01-27 16:43:11,225 - INFO -
| Epoch:    218 | Train loss: 0.0402 | Valid loss: 0.0970 | Train acc: 0.9837 | Valid acc: 0.9626 | patience: 208 | Epoch time: 36.4 |

2023-01-27 16:43:47,626 - INFO -
| Epoch:    219 | Train loss: 0.0422 | Valid loss: 0.0974 | Train acc: 0.9845 | Valid acc: 0.9634 | patience: 209 | Epoch time: 36.4 |

2023-01-27 16:44:24,043 - INFO -
| Epoch:    220 | Train loss: 0.0407 | Valid loss: 0.0977 | Train acc: 0.9842 | Valid acc: 0.9620 | patience: 210 | Epoch time: 36.4 |

2023-01-27 16:45:00,482 - INFO -
| Epoch:    221 | Train loss: 0.0408 | Valid loss: 0.0972 | Train acc: 0.9838 | Valid acc: 0.9611 | patience: 211 | Epoch time: 36.4 |

2023-01-27 16:45:36,950 - INFO -
| Epoch:    222 | Train loss: 0.0405 | Valid loss: 0.1007 | Train acc: 0.9836 | Valid acc: 0.9605 | patience: 212 | Epoch time: 36.5 |

2023-01-27 16:46:13,346 - INFO -
| Epoch:    223 | Train loss: 0.0418 | Valid loss: 0.1010 | Train acc: 0.9842 | Valid acc: 0.9604 | patience: 213 | Epoch time: 36.4 |

2023-01-27 16:46:49,915 - INFO -
| Epoch:    224 | Train loss: 0.0418 | Valid loss: 0.0977 | Train acc: 0.9838 | Valid acc: 0.9620 | patience: 214 | Epoch time: 36.6 |

2023-01-27 16:47:26,282 - INFO -
| Epoch:    225 | Train loss: 0.0426 | Valid loss: 0.0979 | Train acc: 0.9834 | Valid acc: 0.9613 | patience: 215 | Epoch time: 36.4 |

2023-01-27 16:48:02,677 - INFO -
| Epoch:    226 | Train loss: 0.0418 | Valid loss: 0.0977 | Train acc: 0.9844 | Valid acc: 0.9614 | patience: 216 | Epoch time: 36.4 |

2023-01-27 16:48:39,254 - INFO -
| Epoch:    227 | Train loss: 0.0409 | Valid loss: 0.0965 | Train acc: 0.9847 | Valid acc: 0.9624 | patience: 217 | Epoch time: 36.6 |

2023-01-27 16:49:15,689 - INFO -
| Epoch:    228 | Train loss: 0.0412 | Valid loss: 0.0976 | Train acc: 0.9837 | Valid acc: 0.9626 | patience: 218 | Epoch time: 36.4 |

2023-01-27 16:49:52,210 - INFO -
| Epoch:    229 | Train loss: 0.0406 | Valid loss: 0.0953 | Train acc: 0.9841 | Valid acc: 0.9625 | patience: 219 | Epoch time: 36.5 |

2023-01-27 16:50:28,629 - INFO -
| Epoch:    230 | Train loss: 0.0425 | Valid loss: 0.0978 | Train acc: 0.9836 | Valid acc: 0.9621 | patience: 220 | Epoch time: 36.4 |

2023-01-27 16:51:05,004 - INFO -
| Epoch:    231 | Train loss: 0.0416 | Valid loss: 0.1002 | Train acc: 0.9843 | Valid acc: 0.9616 | patience: 221 | Epoch time: 36.4 |

2023-01-27 16:51:41,344 - INFO -
| Epoch:    232 | Train loss: 0.0406 | Valid loss: 0.0981 | Train acc: 0.9841 | Valid acc: 0.9615 | patience: 222 | Epoch time: 36.3 |

2023-01-27 16:52:17,788 - INFO -
| Epoch:    233 | Train loss: 0.0407 | Valid loss: 0.0970 | Train acc: 0.9840 | Valid acc: 0.9622 | patience: 223 | Epoch time: 36.4 |

2023-01-27 16:52:54,229 - INFO -
| Epoch:    234 | Train loss: 0.0399 | Valid loss: 0.0990 | Train acc: 0.9843 | Valid acc: 0.9621 | patience: 224 | Epoch time: 36.4 |

2023-01-27 16:53:30,649 - INFO -
| Epoch:    235 | Train loss: 0.0411 | Valid loss: 0.0982 | Train acc: 0.9836 | Valid acc: 0.9626 | patience: 225 | Epoch time: 36.4 |

2023-01-27 16:54:07,036 - INFO -
| Epoch:    236 | Train loss: 0.0421 | Valid loss: 0.0980 | Train acc: 0.9838 | Valid acc: 0.9625 | patience: 226 | Epoch time: 36.4 |

2023-01-27 16:54:43,456 - INFO -
| Epoch:    237 | Train loss: 0.0404 | Valid loss: 0.0963 | Train acc: 0.9844 | Valid acc: 0.9633 | patience: 227 | Epoch time: 36.4 |

2023-01-27 16:55:19,799 - INFO -
| Epoch:    238 | Train loss: 0.0408 | Valid loss: 0.0956 | Train acc: 0.9836 | Valid acc: 0.9622 | patience: 228 | Epoch time: 36.3 |

2023-01-27 16:55:56,218 - INFO -
| Epoch:    239 | Train loss: 0.0399 | Valid loss: 0.0969 | Train acc: 0.9837 | Valid acc: 0.9628 | patience: 229 | Epoch time: 36.4 |

2023-01-27 16:56:32,668 - INFO -
| Epoch:    240 | Train loss: 0.0404 | Valid loss: 0.0957 | Train acc: 0.9847 | Valid acc: 0.9636 | patience: 230 | Epoch time: 36.4 |

2023-01-27 16:57:09,082 - INFO -
| Epoch:    241 | Train loss: 0.0399 | Valid loss: 0.0954 | Train acc: 0.9839 | Valid acc: 0.9627 | patience: 231 | Epoch time: 36.4 |

2023-01-27 16:57:45,544 - INFO -
| Epoch:    242 | Train loss: 0.0409 | Valid loss: 0.0946 | Train acc: 0.9847 | Valid acc: 0.9626 | patience: 232 | Epoch time: 36.5 |

2023-01-27 16:58:21,945 - INFO -
| Epoch:    243 | Train loss: 0.0413 | Valid loss: 0.0951 | Train acc: 0.9846 | Valid acc: 0.9631 | patience: 233 | Epoch time: 36.4 |

2023-01-27 16:58:58,379 - INFO -
| Epoch:    244 | Train loss: 0.0416 | Valid loss: 0.0966 | Train acc: 0.9838 | Valid acc: 0.9633 | patience: 234 | Epoch time: 36.4 |

2023-01-27 16:59:34,819 - INFO -
| Epoch:    245 | Train loss: 0.0418 | Valid loss: 0.0958 | Train acc: 0.9847 | Valid acc: 0.9623 | patience: 235 | Epoch time: 36.4 |

2023-01-27 17:00:11,260 - INFO -
| Epoch:    246 | Train loss: 0.0399 | Valid loss: 0.0975 | Train acc: 0.9845 | Valid acc: 0.9627 | patience: 236 | Epoch time: 36.4 |

2023-01-27 17:00:47,633 - INFO -
| Epoch:    247 | Train loss: 0.0397 | Valid loss: 0.0970 | Train acc: 0.9841 | Valid acc: 0.9611 | patience: 237 | Epoch time: 36.4 |

2023-01-27 17:01:23,937 - INFO -
| Epoch:    248 | Train loss: 0.0419 | Valid loss: 0.0982 | Train acc: 0.9841 | Valid acc: 0.9626 | patience: 238 | Epoch time: 36.3 |

2023-01-27 17:02:00,335 - INFO -
| Epoch:    249 | Train loss: 0.0414 | Valid loss: 0.0975 | Train acc: 0.9835 | Valid acc: 0.9621 | patience: 239 | Epoch time: 36.4 |

2023-01-27 17:02:36,720 - INFO -
| Epoch:    250 | Train loss: 0.0402 | Valid loss: 0.0990 | Train acc: 0.9842 | Valid acc: 0.9613 | patience: 240 | Epoch time: 36.4 |

2023-01-27 17:03:13,106 - INFO -
| Epoch:    251 | Train loss: 0.0405 | Valid loss: 0.0974 | Train acc: 0.9838 | Valid acc: 0.9618 | patience: 241 | Epoch time: 36.4 |

2023-01-27 17:03:49,565 - INFO -
| Epoch:    252 | Train loss: 0.0399 | Valid loss: 0.0979 | Train acc: 0.9843 | Valid acc: 0.9621 | patience: 242 | Epoch time: 36.5 |

2023-01-27 17:04:26,006 - INFO -
| Epoch:    253 | Train loss: 0.0398 | Valid loss: 0.0950 | Train acc: 0.9849 | Valid acc: 0.9624 | patience: 243 | Epoch time: 36.4 |

2023-01-27 17:05:02,400 - INFO -
| Epoch:    254 | Train loss: 0.0396 | Valid loss: 0.0960 | Train acc: 0.9842 | Valid acc: 0.9626 | patience: 244 | Epoch time: 36.4 |

2023-01-27 17:05:38,847 - INFO -
| Epoch:    255 | Train loss: 0.0417 | Valid loss: 0.0950 | Train acc: 0.9830 | Valid acc: 0.9628 | patience: 245 | Epoch time: 36.4 |

2023-01-27 17:06:15,177 - INFO -
| Epoch:    256 | Train loss: 0.0394 | Valid loss: 0.0959 | Train acc: 0.9842 | Valid acc: 0.9627 | patience: 246 | Epoch time: 36.3 |

2023-01-27 17:06:51,480 - INFO -
| Epoch:    257 | Train loss: 0.0408 | Valid loss: 0.0975 | Train acc: 0.9846 | Valid acc: 0.9629 | patience: 247 | Epoch time: 36.3 |

2023-01-27 17:07:27,784 - INFO -
| Epoch:    258 | Train loss: 0.0400 | Valid loss: 0.0970 | Train acc: 0.9847 | Valid acc: 0.9619 | patience: 248 | Epoch time: 36.3 |

2023-01-27 17:08:04,073 - INFO -
| Epoch:    259 | Train loss: 0.0419 | Valid loss: 0.0960 | Train acc: 0.9834 | Valid acc: 0.9616 | patience: 249 | Epoch time: 36.3 |

2023-01-27 17:08:40,346 - INFO -
| Epoch:    260 | Train loss: 0.0411 | Valid loss: 0.0977 | Train acc: 0.9839 | Valid acc: 0.9620 | patience: 250 | Epoch time: 36.3 |

2023-01-27 17:09:16,621 - INFO -
| Epoch:    261 | Train loss: 0.0410 | Valid loss: 0.0988 | Train acc: 0.9841 | Valid acc: 0.9613 | patience: 251 | Epoch time: 36.3 |

2023-01-27 17:09:52,930 - INFO -
| Epoch:    262 | Train loss: 0.0425 | Valid loss: 0.0972 | Train acc: 0.9843 | Valid acc: 0.9622 | patience: 252 | Epoch time: 36.3 |

2023-01-27 17:10:29,234 - INFO -
| Epoch:    263 | Train loss: 0.0401 | Valid loss: 0.0985 | Train acc: 0.9838 | Valid acc: 0.9619 | patience: 253 | Epoch time: 36.3 |

2023-01-27 17:11:05,497 - INFO -
| Epoch:    264 | Train loss: 0.0406 | Valid loss: 0.0968 | Train acc: 0.9851 | Valid acc: 0.9623 | patience: 254 | Epoch time: 36.3 |

2023-01-27 17:11:41,778 - INFO -
| Epoch:    265 | Train loss: 0.0392 | Valid loss: 0.0975 | Train acc: 0.9842 | Valid acc: 0.9632 | patience: 255 | Epoch time: 36.3 |

2023-01-27 17:12:18,114 - INFO -
| Epoch:    266 | Train loss: 0.0413 | Valid loss: 0.0953 | Train acc: 0.9846 | Valid acc: 0.9636 | patience: 256 | Epoch time: 36.3 |

2023-01-27 17:12:54,468 - INFO -
| Epoch:    267 | Train loss: 0.0405 | Valid loss: 0.0974 | Train acc: 0.9846 | Valid acc: 0.9624 | patience: 257 | Epoch time: 36.4 |

2023-01-27 17:13:30,909 - INFO -
| Epoch:    268 | Train loss: 0.0399 | Valid loss: 0.0971 | Train acc: 0.9843 | Valid acc: 0.9633 | patience: 258 | Epoch time: 36.4 |

2023-01-27 17:14:07,215 - INFO -
| Epoch:    269 | Train loss: 0.0407 | Valid loss: 0.0947 | Train acc: 0.9843 | Valid acc: 0.9635 | patience: 259 | Epoch time: 36.3 |

2023-01-27 17:14:43,531 - INFO -
| Epoch:    270 | Train loss: 0.0402 | Valid loss: 0.0952 | Train acc: 0.9840 | Valid acc: 0.9630 | patience: 260 | Epoch time: 36.3 |

2023-01-27 17:15:19,849 - INFO -
| Epoch:    271 | Train loss: 0.0412 | Valid loss: 0.0948 | Train acc: 0.9842 | Valid acc: 0.9627 | patience: 261 | Epoch time: 36.3 |

2023-01-27 17:15:56,165 - INFO -
| Epoch:    272 | Train loss: 0.0415 | Valid loss: 0.0963 | Train acc: 0.9845 | Valid acc: 0.9627 | patience: 262 | Epoch time: 36.3 |

2023-01-27 17:16:32,514 - INFO -
| Epoch:    273 | Train loss: 0.0396 | Valid loss: 0.0953 | Train acc: 0.9843 | Valid acc: 0.9630 | patience: 263 | Epoch time: 36.3 |

2023-01-27 17:17:08,799 - INFO -
| Epoch:    274 | Train loss: 0.0401 | Valid loss: 0.0973 | Train acc: 0.9847 | Valid acc: 0.9614 | patience: 264 | Epoch time: 36.3 |

2023-01-27 17:17:45,086 - INFO -
| Epoch:    275 | Train loss: 0.0410 | Valid loss: 0.1005 | Train acc: 0.9845 | Valid acc: 0.9616 | patience: 265 | Epoch time: 36.3 |

2023-01-27 17:18:21,433 - INFO -
| Epoch:    276 | Train loss: 0.0399 | Valid loss: 0.0964 | Train acc: 0.9840 | Valid acc: 0.9617 | patience: 266 | Epoch time: 36.3 |

2023-01-27 17:18:57,783 - INFO -
| Epoch:    277 | Train loss: 0.0406 | Valid loss: 0.0994 | Train acc: 0.9843 | Valid acc: 0.9615 | patience: 267 | Epoch time: 36.3 |

2023-01-27 17:19:34,056 - INFO -
| Epoch:    278 | Train loss: 0.0404 | Valid loss: 0.0971 | Train acc: 0.9846 | Valid acc: 0.9625 | patience: 268 | Epoch time: 36.3 |

2023-01-27 17:20:10,363 - INFO -
| Epoch:    279 | Train loss: 0.0417 | Valid loss: 0.0975 | Train acc: 0.9837 | Valid acc: 0.9626 | patience: 269 | Epoch time: 36.3 |

2023-01-27 17:20:46,659 - INFO -
| Epoch:    280 | Train loss: 0.0410 | Valid loss: 0.0951 | Train acc: 0.9839 | Valid acc: 0.9625 | patience: 270 | Epoch time: 36.3 |

2023-01-27 17:21:23,005 - INFO -
| Epoch:    281 | Train loss: 0.0412 | Valid loss: 0.0954 | Train acc: 0.9845 | Valid acc: 0.9628 | patience: 271 | Epoch time: 36.3 |

2023-01-27 17:21:59,290 - INFO -
| Epoch:    282 | Train loss: 0.0408 | Valid loss: 0.0950 | Train acc: 0.9844 | Valid acc: 0.9633 | patience: 272 | Epoch time: 36.3 |

2023-01-27 17:22:35,583 - INFO -
| Epoch:    283 | Train loss: 0.0412 | Valid loss: 0.0946 | Train acc: 0.9837 | Valid acc: 0.9633 | patience: 273 | Epoch time: 36.3 |

2023-01-27 17:23:11,891 - INFO -
| Epoch:    284 | Train loss: 0.0415 | Valid loss: 0.0947 | Train acc: 0.9845 | Valid acc: 0.9631 | patience: 274 | Epoch time: 36.3 |

2023-01-27 17:23:48,202 - INFO -
| Epoch:    285 | Train loss: 0.0396 | Valid loss: 0.0948 | Train acc: 0.9849 | Valid acc: 0.9625 | patience: 275 | Epoch time: 36.3 |

2023-01-27 17:24:24,530 - INFO -
| Epoch:    286 | Train loss: 0.0416 | Valid loss: 0.0969 | Train acc: 0.9836 | Valid acc: 0.9619 | patience: 276 | Epoch time: 36.3 |

2023-01-27 17:25:00,837 - INFO -
| Epoch:    287 | Train loss: 0.0398 | Valid loss: 0.0985 | Train acc: 0.9846 | Valid acc: 0.9628 | patience: 277 | Epoch time: 36.3 |

2023-01-27 17:25:37,162 - INFO -
| Epoch:    288 | Train loss: 0.0401 | Valid loss: 0.0959 | Train acc: 0.9844 | Valid acc: 0.9621 | patience: 278 | Epoch time: 36.3 |

2023-01-27 17:26:13,589 - INFO -
| Epoch:    289 | Train loss: 0.0407 | Valid loss: 0.0973 | Train acc: 0.9848 | Valid acc: 0.9609 | patience: 279 | Epoch time: 36.4 |

2023-01-27 17:26:49,896 - INFO -
| Epoch:    290 | Train loss: 0.0413 | Valid loss: 0.0985 | Train acc: 0.9839 | Valid acc: 0.9622 | patience: 280 | Epoch time: 36.3 |

2023-01-27 17:27:26,222 - INFO -
| Epoch:    291 | Train loss: 0.0407 | Valid loss: 0.0956 | Train acc: 0.9843 | Valid acc: 0.9629 | patience: 281 | Epoch time: 36.3 |

2023-01-27 17:28:02,538 - INFO -
| Epoch:    292 | Train loss: 0.0414 | Valid loss: 0.0978 | Train acc: 0.9838 | Valid acc: 0.9623 | patience: 282 | Epoch time: 36.3 |

2023-01-27 17:28:38,851 - INFO -
| Epoch:    293 | Train loss: 0.0397 | Valid loss: 0.0961 | Train acc: 0.9836 | Valid acc: 0.9626 | patience: 283 | Epoch time: 36.3 |

2023-01-27 17:29:15,148 - INFO -
| Epoch:    294 | Train loss: 0.0416 | Valid loss: 0.0968 | Train acc: 0.9846 | Valid acc: 0.9623 | patience: 284 | Epoch time: 36.3 |

2023-01-27 17:29:51,442 - INFO -
| Epoch:    295 | Train loss: 0.0412 | Valid loss: 0.0967 | Train acc: 0.9847 | Valid acc: 0.9622 | patience: 285 | Epoch time: 36.3 |

2023-01-27 17:30:27,782 - INFO -
| Epoch:    296 | Train loss: 0.0402 | Valid loss: 0.0969 | Train acc: 0.9845 | Valid acc: 0.9629 | patience: 286 | Epoch time: 36.3 |

2023-01-27 17:31:04,057 - INFO -
| Epoch:    297 | Train loss: 0.0399 | Valid loss: 0.0995 | Train acc: 0.9842 | Valid acc: 0.9625 | patience: 287 | Epoch time: 36.3 |

2023-01-27 17:31:40,351 - INFO -
| Epoch:    298 | Train loss: 0.0399 | Valid loss: 0.0968 | Train acc: 0.9844 | Valid acc: 0.9629 | patience: 288 | Epoch time: 36.3 |

2023-01-27 17:32:16,690 - INFO -
| Epoch:    299 | Train loss: 0.0396 | Valid loss: 0.0966 | Train acc: 0.9839 | Valid acc: 0.9629 | patience: 289 | Epoch time: 36.3 |

2023-01-27 17:32:53,007 - INFO -
| Epoch:    300 | Train loss: 0.0405 | Valid loss: 0.0958 | Train acc: 0.9840 | Valid acc: 0.9630 | patience: 290 | Epoch time: 36.3 |

2023-01-27 17:33:29,288 - INFO -
| Epoch:    301 | Train loss: 0.0397 | Valid loss: 0.0960 | Train acc: 0.9844 | Valid acc: 0.9624 | patience: 291 | Epoch time: 36.3 |

2023-01-27 17:34:05,601 - INFO -
| Epoch:    302 | Train loss: 0.0406 | Valid loss: 0.0970 | Train acc: 0.9843 | Valid acc: 0.9627 | patience: 292 | Epoch time: 36.3 |

2023-01-27 17:34:41,888 - INFO -
| Epoch:    303 | Train loss: 0.0419 | Valid loss: 0.0959 | Train acc: 0.9843 | Valid acc: 0.9626 | patience: 293 | Epoch time: 36.3 |

2023-01-27 17:35:18,175 - INFO -
| Epoch:    304 | Train loss: 0.0412 | Valid loss: 0.0950 | Train acc: 0.9841 | Valid acc: 0.9625 | patience: 294 | Epoch time: 36.3 |

2023-01-27 17:35:54,428 - INFO -
| Epoch:    305 | Train loss: 0.0402 | Valid loss: 0.0949 | Train acc: 0.9839 | Valid acc: 0.9627 | patience: 295 | Epoch time: 36.3 |

2023-01-27 17:36:30,685 - INFO -
| Epoch:    306 | Train loss: 0.0408 | Valid loss: 0.0960 | Train acc: 0.9843 | Valid acc: 0.9623 | patience: 296 | Epoch time: 36.3 |

2023-01-27 17:37:06,981 - INFO -
| Epoch:    307 | Train loss: 0.0415 | Valid loss: 0.0955 | Train acc: 0.9845 | Valid acc: 0.9628 | patience: 297 | Epoch time: 36.3 |

2023-01-27 17:37:43,289 - INFO -
| Epoch:    308 | Train loss: 0.0399 | Valid loss: 0.0963 | Train acc: 0.9837 | Valid acc: 0.9631 | patience: 298 | Epoch time: 36.3 |

2023-01-27 17:38:19,592 - INFO -
| Epoch:    309 | Train loss: 0.0399 | Valid loss: 0.0975 | Train acc: 0.9843 | Valid acc: 0.9618 | patience: 299 | Epoch time: 36.3 |

2023-01-27 17:38:55,900 - INFO -
| Epoch:    310 | Train loss: 0.0397 | Valid loss: 0.0972 | Train acc: 0.9842 | Valid acc: 0.9629 | patience: 300 | Epoch time: 36.3 |

2023-01-27 17:39:32,207 - INFO -
| Epoch:    311 | Train loss: 0.0412 | Valid loss: 0.0993 | Train acc: 0.9845 | Valid acc: 0.9623 | patience: 301 | Epoch time: 36.3 |

2023-01-27 17:40:08,494 - INFO -
| Epoch:    312 | Train loss: 0.0405 | Valid loss: 0.1001 | Train acc: 0.9843 | Valid acc: 0.9617 | patience: 302 | Epoch time: 36.3 |

2023-01-27 17:40:44,769 - INFO -
| Epoch:    313 | Train loss: 0.0400 | Valid loss: 0.0968 | Train acc: 0.9842 | Valid acc: 0.9629 | patience: 303 | Epoch time: 36.3 |

2023-01-27 17:41:21,081 - INFO -
| Epoch:    314 | Train loss: 0.0413 | Valid loss: 0.0972 | Train acc: 0.9837 | Valid acc: 0.9627 | patience: 304 | Epoch time: 36.3 |

2023-01-27 17:41:57,404 - INFO -
| Epoch:    315 | Train loss: 0.0398 | Valid loss: 0.0981 | Train acc: 0.9850 | Valid acc: 0.9622 | patience: 305 | Epoch time: 36.3 |

2023-01-27 17:42:33,718 - INFO -
| Epoch:    316 | Train loss: 0.0406 | Valid loss: 0.0975 | Train acc: 0.9838 | Valid acc: 0.9627 | patience: 306 | Epoch time: 36.3 |

2023-01-27 17:43:10,055 - INFO -
| Epoch:    317 | Train loss: 0.0402 | Valid loss: 0.0963 | Train acc: 0.9843 | Valid acc: 0.9627 | patience: 307 | Epoch time: 36.3 |

2023-01-27 17:43:46,616 - INFO -
| Epoch:    318 | Train loss: 0.0398 | Valid loss: 0.0961 | Train acc: 0.9845 | Valid acc: 0.9635 | patience: 308 | Epoch time: 36.6 |

2023-01-27 17:44:22,864 - INFO -
| Epoch:    319 | Train loss: 0.0393 | Valid loss: 0.0946 | Train acc: 0.9842 | Valid acc: 0.9628 | patience: 309 | Epoch time: 36.2 |

2023-01-27 17:44:59,093 - INFO -
| Epoch:    320 | Train loss: 0.0413 | Valid loss: 0.0951 | Train acc: 0.9848 | Valid acc: 0.9637 | patience: 310 | Epoch time: 36.2 |

2023-01-27 17:45:35,343 - INFO -
| Epoch:    321 | Train loss: 0.0413 | Valid loss: 0.0956 | Train acc: 0.9835 | Valid acc: 0.9628 | patience: 311 | Epoch time: 36.2 |

2023-01-27 17:46:11,582 - INFO -
| Epoch:    322 | Train loss: 0.0396 | Valid loss: 0.0959 | Train acc: 0.9850 | Valid acc: 0.9621 | patience: 312 | Epoch time: 36.2 |

2023-01-27 17:46:47,851 - INFO -
| Epoch:    323 | Train loss: 0.0406 | Valid loss: 0.0967 | Train acc: 0.9843 | Valid acc: 0.9624 | patience: 313 | Epoch time: 36.3 |

2023-01-27 17:47:24,159 - INFO -
| Epoch:    324 | Train loss: 0.0412 | Valid loss: 0.0962 | Train acc: 0.9840 | Valid acc: 0.9627 | patience: 314 | Epoch time: 36.3 |

2023-01-27 17:48:00,396 - INFO -
| Epoch:    325 | Train loss: 0.0401 | Valid loss: 0.0996 | Train acc: 0.9849 | Valid acc: 0.9622 | patience: 315 | Epoch time: 36.2 |

2023-01-27 17:48:36,671 - INFO -
| Epoch:    326 | Train loss: 0.0406 | Valid loss: 0.0971 | Train acc: 0.9844 | Valid acc: 0.9619 | patience: 316 | Epoch time: 36.3 |

2023-01-27 17:49:12,961 - INFO -
| Epoch:    327 | Train loss: 0.0405 | Valid loss: 0.0983 | Train acc: 0.9844 | Valid acc: 0.9623 | patience: 317 | Epoch time: 36.3 |

2023-01-27 17:49:49,342 - INFO -
| Epoch:    328 | Train loss: 0.0404 | Valid loss: 0.0996 | Train acc: 0.9840 | Valid acc: 0.9617 | patience: 318 | Epoch time: 36.4 |

2023-01-27 17:50:25,577 - INFO -
| Epoch:    329 | Train loss: 0.0396 | Valid loss: 0.0982 | Train acc: 0.9848 | Valid acc: 0.9627 | patience: 319 | Epoch time: 36.2 |

2023-01-27 17:51:01,850 - INFO -
| Epoch:    330 | Train loss: 0.0397 | Valid loss: 0.0966 | Train acc: 0.9842 | Valid acc: 0.9626 | patience: 320 | Epoch time: 36.3 |

2023-01-27 17:51:38,130 - INFO -
| Epoch:    331 | Train loss: 0.0413 | Valid loss: 0.0953 | Train acc: 0.9840 | Valid acc: 0.9632 | patience: 321 | Epoch time: 36.3 |

2023-01-27 17:52:14,526 - INFO -
| Epoch:    332 | Train loss: 0.0417 | Valid loss: 0.0948 | Train acc: 0.9846 | Valid acc: 0.9632 | patience: 322 | Epoch time: 36.4 |

2023-01-27 17:52:50,828 - INFO -
| Epoch:    333 | Train loss: 0.0402 | Valid loss: 0.0950 | Train acc: 0.9841 | Valid acc: 0.9629 | patience: 323 | Epoch time: 36.3 |

2023-01-27 17:53:27,180 - INFO -
| Epoch:    334 | Train loss: 0.0400 | Valid loss: 0.0950 | Train acc: 0.9848 | Valid acc: 0.9634 | patience: 324 | Epoch time: 36.4 |

2023-01-27 17:54:03,499 - INFO -
| Epoch:    335 | Train loss: 0.0398 | Valid loss: 0.0951 | Train acc: 0.9845 | Valid acc: 0.9633 | patience: 325 | Epoch time: 36.3 |

2023-01-27 17:54:39,823 - INFO -
| Epoch:    336 | Train loss: 0.0395 | Valid loss: 0.0964 | Train acc: 0.9846 | Valid acc: 0.9624 | patience: 326 | Epoch time: 36.3 |

2023-01-27 17:55:16,150 - INFO -
| Epoch:    337 | Train loss: 0.0410 | Valid loss: 0.0970 | Train acc: 0.9842 | Valid acc: 0.9623 | patience: 327 | Epoch time: 36.3 |

2023-01-27 17:55:52,479 - INFO -
| Epoch:    338 | Train loss: 0.0400 | Valid loss: 0.0987 | Train acc: 0.9847 | Valid acc: 0.9632 | patience: 328 | Epoch time: 36.3 |

2023-01-27 17:56:28,844 - INFO -
| Epoch:    339 | Train loss: 0.0392 | Valid loss: 0.0960 | Train acc: 0.9843 | Valid acc: 0.9631 | patience: 329 | Epoch time: 36.4 |

2023-01-27 17:57:05,107 - INFO -
| Epoch:    340 | Train loss: 0.0398 | Valid loss: 0.0988 | Train acc: 0.9850 | Valid acc: 0.9627 | patience: 330 | Epoch time: 36.3 |

2023-01-27 17:57:41,394 - INFO -
| Epoch:    341 | Train loss: 0.0406 | Valid loss: 0.0958 | Train acc: 0.9846 | Valid acc: 0.9628 | patience: 331 | Epoch time: 36.3 |

2023-01-27 17:58:17,657 - INFO -
| Epoch:    342 | Train loss: 0.0402 | Valid loss: 0.0970 | Train acc: 0.9849 | Valid acc: 0.9614 | patience: 332 | Epoch time: 36.3 |

2023-01-27 17:58:53,932 - INFO -
| Epoch:    343 | Train loss: 0.0399 | Valid loss: 0.0967 | Train acc: 0.9843 | Valid acc: 0.9621 | patience: 333 | Epoch time: 36.3 |

2023-01-27 17:59:30,270 - INFO -
| Epoch:    344 | Train loss: 0.0394 | Valid loss: 0.0963 | Train acc: 0.9844 | Valid acc: 0.9625 | patience: 334 | Epoch time: 36.3 |

2023-01-27 18:00:06,562 - INFO -
| Epoch:    345 | Train loss: 0.0394 | Valid loss: 0.0964 | Train acc: 0.9848 | Valid acc: 0.9626 | patience: 335 | Epoch time: 36.3 |

2023-01-27 18:00:42,850 - INFO -
| Epoch:    346 | Train loss: 0.0403 | Valid loss: 0.0967 | Train acc: 0.9842 | Valid acc: 0.9632 | patience: 336 | Epoch time: 36.3 |

2023-01-27 18:01:19,127 - INFO -
| Epoch:    347 | Train loss: 0.0392 | Valid loss: 0.0981 | Train acc: 0.9849 | Valid acc: 0.9633 | patience: 337 | Epoch time: 36.3 |

2023-01-27 18:01:55,485 - INFO -
| Epoch:    348 | Train loss: 0.0400 | Valid loss: 0.0964 | Train acc: 0.9848 | Valid acc: 0.9626 | patience: 338 | Epoch time: 36.4 |

2023-01-27 18:02:31,909 - INFO -
| Epoch:    349 | Train loss: 0.0387 | Valid loss: 0.0985 | Train acc: 0.9850 | Valid acc: 0.9621 | patience: 339 | Epoch time: 36.4 |

2023-01-27 18:03:08,205 - INFO -
| Epoch:    350 | Train loss: 0.0402 | Valid loss: 0.0963 | Train acc: 0.9844 | Valid acc: 0.9626 | patience: 340 | Epoch time: 36.3 |

2023-01-27 18:03:44,530 - INFO -
| Epoch:    351 | Train loss: 0.0405 | Valid loss: 0.0986 | Train acc: 0.9850 | Valid acc: 0.9629 | patience: 341 | Epoch time: 36.3 |

2023-01-27 18:04:20,794 - INFO -
| Epoch:    352 | Train loss: 0.0398 | Valid loss: 0.0996 | Train acc: 0.9845 | Valid acc: 0.9617 | patience: 342 | Epoch time: 36.3 |

2023-01-27 18:04:57,043 - INFO -
| Epoch:    353 | Train loss: 0.0410 | Valid loss: 0.0973 | Train acc: 0.9840 | Valid acc: 0.9623 | patience: 343 | Epoch time: 36.2 |

2023-01-27 18:05:33,297 - INFO -
| Epoch:    354 | Train loss: 0.0408 | Valid loss: 0.0976 | Train acc: 0.9844 | Valid acc: 0.9628 | patience: 344 | Epoch time: 36.3 |

2023-01-27 18:06:09,600 - INFO -
| Epoch:    355 | Train loss: 0.0399 | Valid loss: 0.0951 | Train acc: 0.9845 | Valid acc: 0.9633 | patience: 345 | Epoch time: 36.3 |

2023-01-27 18:06:45,947 - INFO -
| Epoch:    356 | Train loss: 0.0397 | Valid loss: 0.0957 | Train acc: 0.9844 | Valid acc: 0.9632 | patience: 346 | Epoch time: 36.3 |

2023-01-27 18:07:22,266 - INFO -
| Epoch:    357 | Train loss: 0.0391 | Valid loss: 0.0965 | Train acc: 0.9850 | Valid acc: 0.9621 | patience: 347 | Epoch time: 36.3 |

2023-01-27 18:07:58,597 - INFO -
| Epoch:    358 | Train loss: 0.0398 | Valid loss: 0.0965 | Train acc: 0.9847 | Valid acc: 0.9635 | patience: 348 | Epoch time: 36.3 |

2023-01-27 18:08:34,946 - INFO -
| Epoch:    359 | Train loss: 0.0406 | Valid loss: 0.0947 | Train acc: 0.9846 | Valid acc: 0.9634 | patience: 349 | Epoch time: 36.3 |

2023-01-27 18:09:11,189 - INFO -
| Epoch:    360 | Train loss: 0.0391 | Valid loss: 0.0959 | Train acc: 0.9848 | Valid acc: 0.9635 | patience: 350 | Epoch time: 36.2 |

2023-01-27 18:09:47,448 - INFO -
| Epoch:    361 | Train loss: 0.0399 | Valid loss: 0.0963 | Train acc: 0.9847 | Valid acc: 0.9625 | patience: 351 | Epoch time: 36.3 |

2023-01-27 18:10:23,758 - INFO -
| Epoch:    362 | Train loss: 0.0400 | Valid loss: 0.0956 | Train acc: 0.9842 | Valid acc: 0.9629 | patience: 352 | Epoch time: 36.3 |

2023-01-27 18:11:00,007 - INFO -
| Epoch:    363 | Train loss: 0.0401 | Valid loss: 0.0963 | Train acc: 0.9848 | Valid acc: 0.9630 | patience: 353 | Epoch time: 36.2 |

2023-01-27 18:11:36,288 - INFO -
| Epoch:    364 | Train loss: 0.0404 | Valid loss: 0.0958 | Train acc: 0.9844 | Valid acc: 0.9619 | patience: 354 | Epoch time: 36.3 |

2023-01-27 18:12:12,531 - INFO -
| Epoch:    365 | Train loss: 0.0398 | Valid loss: 0.0965 | Train acc: 0.9847 | Valid acc: 0.9623 | patience: 355 | Epoch time: 36.2 |

2023-01-27 18:12:48,816 - INFO -
| Epoch:    366 | Train loss: 0.0397 | Valid loss: 0.0993 | Train acc: 0.9845 | Valid acc: 0.9617 | patience: 356 | Epoch time: 36.3 |

2023-01-27 18:13:25,100 - INFO -
| Epoch:    367 | Train loss: 0.0405 | Valid loss: 0.0971 | Train acc: 0.9844 | Valid acc: 0.9630 | patience: 357 | Epoch time: 36.3 |

2023-01-27 18:14:01,376 - INFO -
| Epoch:    368 | Train loss: 0.0402 | Valid loss: 0.0964 | Train acc: 0.9844 | Valid acc: 0.9623 | patience: 358 | Epoch time: 36.3 |

2023-01-27 18:14:37,645 - INFO -
| Epoch:    369 | Train loss: 0.0400 | Valid loss: 0.0960 | Train acc: 0.9841 | Valid acc: 0.9622 | patience: 359 | Epoch time: 36.3 |

2023-01-27 18:15:13,959 - INFO -
| Epoch:    370 | Train loss: 0.0407 | Valid loss: 0.0959 | Train acc: 0.9851 | Valid acc: 0.9618 | patience: 360 | Epoch time: 36.3 |

2023-01-27 18:15:50,261 - INFO -
| Epoch:    371 | Train loss: 0.0411 | Valid loss: 0.0950 | Train acc: 0.9840 | Valid acc: 0.9627 | patience: 361 | Epoch time: 36.3 |

2023-01-27 18:16:26,553 - INFO -
| Epoch:    372 | Train loss: 0.0388 | Valid loss: 0.0968 | Train acc: 0.9850 | Valid acc: 0.9628 | patience: 362 | Epoch time: 36.3 |

2023-01-27 18:17:02,829 - INFO -
| Epoch:    373 | Train loss: 0.0404 | Valid loss: 0.0973 | Train acc: 0.9847 | Valid acc: 0.9627 | patience: 363 | Epoch time: 36.3 |

2023-01-27 18:17:39,178 - INFO -
| Epoch:    374 | Train loss: 0.0405 | Valid loss: 0.0973 | Train acc: 0.9846 | Valid acc: 0.9623 | patience: 364 | Epoch time: 36.3 |

2023-01-27 18:18:15,454 - INFO -
| Epoch:    375 | Train loss: 0.0399 | Valid loss: 0.0965 | Train acc: 0.9843 | Valid acc: 0.9622 | patience: 365 | Epoch time: 36.3 |

2023-01-27 18:18:51,784 - INFO -
| Epoch:    376 | Train loss: 0.0408 | Valid loss: 0.0966 | Train acc: 0.9840 | Valid acc: 0.9624 | patience: 366 | Epoch time: 36.3 |

2023-01-27 18:19:28,080 - INFO -
| Epoch:    377 | Train loss: 0.0399 | Valid loss: 0.0974 | Train acc: 0.9846 | Valid acc: 0.9624 | patience: 367 | Epoch time: 36.3 |

2023-01-27 18:20:04,457 - INFO -
| Epoch:    378 | Train loss: 0.0395 | Valid loss: 0.0959 | Train acc: 0.9851 | Valid acc: 0.9620 | patience: 368 | Epoch time: 36.4 |

2023-01-27 18:20:40,733 - INFO -
| Epoch:    379 | Train loss: 0.0391 | Valid loss: 0.0952 | Train acc: 0.9843 | Valid acc: 0.9630 | patience: 369 | Epoch time: 36.3 |

2023-01-27 18:21:17,073 - INFO -
| Epoch:    380 | Train loss: 0.0395 | Valid loss: 0.0966 | Train acc: 0.9847 | Valid acc: 0.9628 | patience: 370 | Epoch time: 36.3 |

2023-01-27 18:21:53,380 - INFO -
| Epoch:    381 | Train loss: 0.0399 | Valid loss: 0.0965 | Train acc: 0.9846 | Valid acc: 0.9623 | patience: 371 | Epoch time: 36.3 |

2023-01-27 18:22:29,665 - INFO -
| Epoch:    382 | Train loss: 0.0395 | Valid loss: 0.0960 | Train acc: 0.9844 | Valid acc: 0.9616 | patience: 372 | Epoch time: 36.3 |

2023-01-27 18:23:05,983 - INFO -
| Epoch:    383 | Train loss: 0.0394 | Valid loss: 0.0962 | Train acc: 0.9846 | Valid acc: 0.9635 | patience: 373 | Epoch time: 36.3 |

2023-01-27 18:23:42,313 - INFO -
| Epoch:    384 | Train loss: 0.0392 | Valid loss: 0.0961 | Train acc: 0.9846 | Valid acc: 0.9631 | patience: 374 | Epoch time: 36.3 |

2023-01-27 18:24:18,566 - INFO -
| Epoch:    385 | Train loss: 0.0397 | Valid loss: 0.0960 | Train acc: 0.9845 | Valid acc: 0.9626 | patience: 375 | Epoch time: 36.3 |

2023-01-27 18:24:54,865 - INFO -
| Epoch:    386 | Train loss: 0.0399 | Valid loss: 0.0985 | Train acc: 0.9843 | Valid acc: 0.9628 | patience: 376 | Epoch time: 36.3 |

2023-01-27 18:25:31,176 - INFO -
| Epoch:    387 | Train loss: 0.0397 | Valid loss: 0.0980 | Train acc: 0.9847 | Valid acc: 0.9629 | patience: 377 | Epoch time: 36.3 |

2023-01-27 18:26:07,537 - INFO -
| Epoch:    388 | Train loss: 0.0398 | Valid loss: 0.0967 | Train acc: 0.9845 | Valid acc: 0.9630 | patience: 378 | Epoch time: 36.4 |

2023-01-27 18:26:43,820 - INFO -
| Epoch:    389 | Train loss: 0.0400 | Valid loss: 0.0987 | Train acc: 0.9847 | Valid acc: 0.9630 | patience: 379 | Epoch time: 36.3 |

2023-01-27 18:27:20,113 - INFO -
| Epoch:    390 | Train loss: 0.0403 | Valid loss: 0.0988 | Train acc: 0.9846 | Valid acc: 0.9627 | patience: 380 | Epoch time: 36.3 |

2023-01-27 18:27:56,425 - INFO -
| Epoch:    391 | Train loss: 0.0398 | Valid loss: 0.0973 | Train acc: 0.9848 | Valid acc: 0.9626 | patience: 381 | Epoch time: 36.3 |

2023-01-27 18:28:32,687 - INFO -
| Epoch:    392 | Train loss: 0.0402 | Valid loss: 0.0963 | Train acc: 0.9844 | Valid acc: 0.9629 | patience: 382 | Epoch time: 36.3 |

2023-01-27 18:29:08,974 - INFO -
| Epoch:    393 | Train loss: 0.0407 | Valid loss: 0.0965 | Train acc: 0.9849 | Valid acc: 0.9631 | patience: 383 | Epoch time: 36.3 |

2023-01-27 18:29:45,266 - INFO -
| Epoch:    394 | Train loss: 0.0399 | Valid loss: 0.0957 | Train acc: 0.9850 | Valid acc: 0.9635 | patience: 384 | Epoch time: 36.3 |

2023-01-27 18:30:21,587 - INFO -
| Epoch:    395 | Train loss: 0.0402 | Valid loss: 0.0949 | Train acc: 0.9842 | Valid acc: 0.9634 | patience: 385 | Epoch time: 36.3 |

2023-01-27 18:30:57,886 - INFO -
| Epoch:    396 | Train loss: 0.0395 | Valid loss: 0.0951 | Train acc: 0.9847 | Valid acc: 0.9627 | patience: 386 | Epoch time: 36.3 |

2023-01-27 18:31:34,171 - INFO -
| Epoch:    397 | Train loss: 0.0400 | Valid loss: 0.0953 | Train acc: 0.9842 | Valid acc: 0.9637 | patience: 387 | Epoch time: 36.3 |

2023-01-27 18:32:10,468 - INFO -
| Epoch:    398 | Train loss: 0.0406 | Valid loss: 0.0951 | Train acc: 0.9843 | Valid acc: 0.9628 | patience: 388 | Epoch time: 36.3 |

2023-01-27 18:32:46,791 - INFO -
| Epoch:    399 | Train loss: 0.0386 | Valid loss: 0.0977 | Train acc: 0.9847 | Valid acc: 0.9631 | patience: 389 | Epoch time: 36.3 |

2023-01-27 18:33:23,079 - INFO -
| Epoch:    400 | Train loss: 0.0402 | Valid loss: 0.0981 | Train acc: 0.9850 | Valid acc: 0.9621 | patience: 390 | Epoch time: 36.3 |

2023-01-27 18:33:59,378 - INFO -
| Epoch:    401 | Train loss: 0.0398 | Valid loss: 0.0976 | Train acc: 0.9848 | Valid acc: 0.9628 | patience: 391 | Epoch time: 36.3 |

2023-01-27 18:34:35,649 - INFO -
| Epoch:    402 | Train loss: 0.0394 | Valid loss: 0.0977 | Train acc: 0.9848 | Valid acc: 0.9621 | patience: 392 | Epoch time: 36.3 |

2023-01-27 18:35:11,926 - INFO -
| Epoch:    403 | Train loss: 0.0400 | Valid loss: 0.0973 | Train acc: 0.9843 | Valid acc: 0.9625 | patience: 393 | Epoch time: 36.3 |

2023-01-27 18:35:48,261 - INFO -
| Epoch:    404 | Train loss: 0.0393 | Valid loss: 0.0971 | Train acc: 0.9847 | Valid acc: 0.9627 | patience: 394 | Epoch time: 36.3 |

2023-01-27 18:36:24,570 - INFO -
| Epoch:    405 | Train loss: 0.0397 | Valid loss: 0.0961 | Train acc: 0.9849 | Valid acc: 0.9634 | patience: 395 | Epoch time: 36.3 |

2023-01-27 18:37:00,825 - INFO -
| Epoch:    406 | Train loss: 0.0394 | Valid loss: 0.0975 | Train acc: 0.9839 | Valid acc: 0.9628 | patience: 396 | Epoch time: 36.3 |

2023-01-27 18:37:37,100 - INFO -
| Epoch:    407 | Train loss: 0.0411 | Valid loss: 0.0962 | Train acc: 0.9841 | Valid acc: 0.9636 | patience: 397 | Epoch time: 36.3 |

2023-01-27 18:38:13,401 - INFO -
| Epoch:    408 | Train loss: 0.0388 | Valid loss: 0.0960 | Train acc: 0.9850 | Valid acc: 0.9629 | patience: 398 | Epoch time: 36.3 |

2023-01-27 18:38:49,798 - INFO -
| Epoch:    409 | Train loss: 0.0403 | Valid loss: 0.0950 | Train acc: 0.9847 | Valid acc: 0.9627 | patience: 399 | Epoch time: 36.4 |

2023-01-27 18:39:26,092 - INFO -
| Epoch:    410 | Train loss: 0.0392 | Valid loss: 0.0954 | Train acc: 0.9851 | Valid acc: 0.9633 | patience: 400 | Epoch time: 36.3 |

2023-01-27 18:40:02,340 - INFO -
| Epoch:    411 | Train loss: 0.0397 | Valid loss: 0.0976 | Train acc: 0.9851 | Valid acc: 0.9634 | patience: 401 | Epoch time: 36.2 |

2023-01-27 18:40:38,629 - INFO -
| Epoch:    412 | Train loss: 0.0392 | Valid loss: 0.0967 | Train acc: 0.9847 | Valid acc: 0.9627 | patience: 402 | Epoch time: 36.3 |

2023-01-27 18:41:14,905 - INFO -
| Epoch:    413 | Train loss: 0.0397 | Valid loss: 0.0951 | Train acc: 0.9844 | Valid acc: 0.9637 | patience: 403 | Epoch time: 36.3 |

2023-01-27 18:41:51,187 - INFO -
| Epoch:    414 | Train loss: 0.0399 | Valid loss: 0.0960 | Train acc: 0.9848 | Valid acc: 0.9630 | patience: 404 | Epoch time: 36.3 |

2023-01-27 18:42:27,516 - INFO -
| Epoch:    415 | Train loss: 0.0403 | Valid loss: 0.0963 | Train acc: 0.9849 | Valid acc: 0.9623 | patience: 405 | Epoch time: 36.3 |

2023-01-27 18:43:03,822 - INFO -
| Epoch:    416 | Train loss: 0.0400 | Valid loss: 0.0953 | Train acc: 0.9842 | Valid acc: 0.9628 | patience: 406 | Epoch time: 36.3 |

2023-01-27 18:43:40,158 - INFO -
| Epoch:    417 | Train loss: 0.0405 | Valid loss: 0.0960 | Train acc: 0.9847 | Valid acc: 0.9623 | patience: 407 | Epoch time: 36.3 |

2023-01-27 18:44:16,441 - INFO -
| Epoch:    418 | Train loss: 0.0400 | Valid loss: 0.0958 | Train acc: 0.9848 | Valid acc: 0.9624 | patience: 408 | Epoch time: 36.3 |

2023-01-27 18:44:52,834 - INFO -
| Epoch:    419 | Train loss: 0.0409 | Valid loss: 0.0966 | Train acc: 0.9841 | Valid acc: 0.9626 | patience: 409 | Epoch time: 36.4 |

2023-01-27 18:45:29,152 - INFO -
| Epoch:    420 | Train loss: 0.0399 | Valid loss: 0.0957 | Train acc: 0.9841 | Valid acc: 0.9632 | patience: 410 | Epoch time: 36.3 |

2023-01-27 18:46:05,406 - INFO -
| Epoch:    421 | Train loss: 0.0402 | Valid loss: 0.0968 | Train acc: 0.9849 | Valid acc: 0.9627 | patience: 411 | Epoch time: 36.3 |

2023-01-27 18:46:41,675 - INFO -
| Epoch:    422 | Train loss: 0.0408 | Valid loss: 0.0964 | Train acc: 0.9847 | Valid acc: 0.9629 | patience: 412 | Epoch time: 36.3 |

2023-01-27 18:47:17,973 - INFO -
| Epoch:    423 | Train loss: 0.0392 | Valid loss: 0.0958 | Train acc: 0.9846 | Valid acc: 0.9631 | patience: 413 | Epoch time: 36.3 |

2023-01-27 18:47:54,226 - INFO -
| Epoch:    424 | Train loss: 0.0403 | Valid loss: 0.0957 | Train acc: 0.9848 | Valid acc: 0.9629 | patience: 414 | Epoch time: 36.3 |

2023-01-27 18:48:30,486 - INFO -
| Epoch:    425 | Train loss: 0.0389 | Valid loss: 0.0952 | Train acc: 0.9850 | Valid acc: 0.9623 | patience: 415 | Epoch time: 36.3 |

2023-01-27 18:49:06,802 - INFO -
| Epoch:    426 | Train loss: 0.0390 | Valid loss: 0.0964 | Train acc: 0.9850 | Valid acc: 0.9618 | patience: 416 | Epoch time: 36.3 |

2023-01-27 18:49:43,123 - INFO -
| Epoch:    427 | Train loss: 0.0397 | Valid loss: 0.0966 | Train acc: 0.9846 | Valid acc: 0.9634 | patience: 417 | Epoch time: 36.3 |

2023-01-27 18:50:19,441 - INFO -
| Epoch:    428 | Train loss: 0.0391 | Valid loss: 0.0952 | Train acc: 0.9845 | Valid acc: 0.9629 | patience: 418 | Epoch time: 36.3 |

2023-01-27 18:50:55,755 - INFO -
| Epoch:    429 | Train loss: 0.0394 | Valid loss: 0.0961 | Train acc: 0.9848 | Valid acc: 0.9635 | patience: 419 | Epoch time: 36.3 |

2023-01-27 18:51:32,125 - INFO -
| Epoch:    430 | Train loss: 0.0394 | Valid loss: 0.0961 | Train acc: 0.9846 | Valid acc: 0.9633 | patience: 420 | Epoch time: 36.4 |

2023-01-27 18:52:08,399 - INFO -
| Epoch:    431 | Train loss: 0.0391 | Valid loss: 0.0960 | Train acc: 0.9843 | Valid acc: 0.9630 | patience: 421 | Epoch time: 36.3 |

2023-01-27 18:52:44,696 - INFO -
| Epoch:    432 | Train loss: 0.0387 | Valid loss: 0.0953 | Train acc: 0.9852 | Valid acc: 0.9626 | patience: 422 | Epoch time: 36.3 |

2023-01-27 18:53:21,013 - INFO -
| Epoch:    433 | Train loss: 0.0398 | Valid loss: 0.0968 | Train acc: 0.9850 | Valid acc: 0.9629 | patience: 423 | Epoch time: 36.3 |

2023-01-27 18:53:57,353 - INFO -
| Epoch:    434 | Train loss: 0.0399 | Valid loss: 0.0953 | Train acc: 0.9844 | Valid acc: 0.9629 | patience: 424 | Epoch time: 36.3 |

2023-01-27 18:54:33,675 - INFO -
| Epoch:    435 | Train loss: 0.0406 | Valid loss: 0.0968 | Train acc: 0.9847 | Valid acc: 0.9634 | patience: 425 | Epoch time: 36.3 |

2023-01-27 18:55:09,985 - INFO -
| Epoch:    436 | Train loss: 0.0401 | Valid loss: 0.0958 | Train acc: 0.9847 | Valid acc: 0.9624 | patience: 426 | Epoch time: 36.3 |

2023-01-27 18:55:46,280 - INFO -
| Epoch:    437 | Train loss: 0.0393 | Valid loss: 0.0966 | Train acc: 0.9854 | Valid acc: 0.9625 | patience: 427 | Epoch time: 36.3 |

2023-01-27 18:56:22,658 - INFO -
| Epoch:    438 | Train loss: 0.0398 | Valid loss: 0.0953 | Train acc: 0.9843 | Valid acc: 0.9628 | patience: 428 | Epoch time: 36.4 |

2023-01-27 18:56:59,202 - INFO -
| Epoch:    439 | Train loss: 0.0386 | Valid loss: 0.0958 | Train acc: 0.9853 | Valid acc: 0.9627 | patience: 429 | Epoch time: 36.5 |

2023-01-27 18:57:35,690 - INFO -
| Epoch:    440 | Train loss: 0.0388 | Valid loss: 0.0963 | Train acc: 0.9848 | Valid acc: 0.9621 | patience: 430 | Epoch time: 36.5 |

2023-01-27 18:58:12,018 - INFO -
| Epoch:    441 | Train loss: 0.0392 | Valid loss: 0.0958 | Train acc: 0.9842 | Valid acc: 0.9626 | patience: 431 | Epoch time: 36.3 |

2023-01-27 18:58:48,359 - INFO -
| Epoch:    442 | Train loss: 0.0393 | Valid loss: 0.0960 | Train acc: 0.9849 | Valid acc: 0.9624 | patience: 432 | Epoch time: 36.3 |

2023-01-27 18:59:24,611 - INFO -
| Epoch:    443 | Train loss: 0.0395 | Valid loss: 0.0965 | Train acc: 0.9848 | Valid acc: 0.9628 | patience: 433 | Epoch time: 36.3 |

2023-01-27 19:00:00,892 - INFO -
| Epoch:    444 | Train loss: 0.0393 | Valid loss: 0.0970 | Train acc: 0.9848 | Valid acc: 0.9625 | patience: 434 | Epoch time: 36.3 |

2023-01-27 19:00:37,197 - INFO -
| Epoch:    445 | Train loss: 0.0400 | Valid loss: 0.0962 | Train acc: 0.9853 | Valid acc: 0.9625 | patience: 435 | Epoch time: 36.3 |

2023-01-27 19:01:13,498 - INFO -
| Epoch:    446 | Train loss: 0.0390 | Valid loss: 0.0963 | Train acc: 0.9847 | Valid acc: 0.9623 | patience: 436 | Epoch time: 36.3 |

2023-01-27 19:01:49,811 - INFO -
| Epoch:    447 | Train loss: 0.0399 | Valid loss: 0.0959 | Train acc: 0.9848 | Valid acc: 0.9625 | patience: 437 | Epoch time: 36.3 |

2023-01-27 19:02:26,177 - INFO -
| Epoch:    448 | Train loss: 0.0396 | Valid loss: 0.0961 | Train acc: 0.9845 | Valid acc: 0.9630 | patience: 438 | Epoch time: 36.4 |

2023-01-27 19:03:02,433 - INFO -
| Epoch:    449 | Train loss: 0.0405 | Valid loss: 0.0957 | Train acc: 0.9844 | Valid acc: 0.9634 | patience: 439 | Epoch time: 36.3 |

2023-01-27 19:03:38,717 - INFO -
| Epoch:    450 | Train loss: 0.0397 | Valid loss: 0.0964 | Train acc: 0.9842 | Valid acc: 0.9629 | patience: 440 | Epoch time: 36.3 |

2023-01-27 19:04:15,018 - INFO -
| Epoch:    451 | Train loss: 0.0397 | Valid loss: 0.0949 | Train acc: 0.9849 | Valid acc: 0.9634 | patience: 441 | Epoch time: 36.3 |

2023-01-27 19:04:51,308 - INFO -
| Epoch:    452 | Train loss: 0.0407 | Valid loss: 0.0941 | Train acc: 0.9848 | Valid acc: 0.9635 | patience: 442 | Epoch time: 36.3 |

2023-01-27 19:05:27,583 - INFO -
| Epoch:    453 | Train loss: 0.0400 | Valid loss: 0.0961 | Train acc: 0.9847 | Valid acc: 0.9634 | patience: 443 | Epoch time: 36.3 |

2023-01-27 19:06:03,857 - INFO -
| Epoch:    454 | Train loss: 0.0400 | Valid loss: 0.0950 | Train acc: 0.9847 | Valid acc: 0.9627 | patience: 444 | Epoch time: 36.3 |

2023-01-27 19:06:40,148 - INFO -
| Epoch:    455 | Train loss: 0.0395 | Valid loss: 0.0963 | Train acc: 0.9846 | Valid acc: 0.9628 | patience: 445 | Epoch time: 36.3 |

2023-01-27 19:07:16,441 - INFO -
| Epoch:    456 | Train loss: 0.0401 | Valid loss: 0.0965 | Train acc: 0.9843 | Valid acc: 0.9627 | patience: 446 | Epoch time: 36.3 |

2023-01-27 19:07:52,698 - INFO -
| Epoch:    457 | Train loss: 0.0387 | Valid loss: 0.0971 | Train acc: 0.9848 | Valid acc: 0.9615 | patience: 447 | Epoch time: 36.3 |

2023-01-27 19:08:28,997 - INFO -
| Epoch:    458 | Train loss: 0.0401 | Valid loss: 0.0970 | Train acc: 0.9849 | Valid acc: 0.9618 | patience: 448 | Epoch time: 36.3 |

2023-01-27 19:09:05,311 - INFO -
| Epoch:    459 | Train loss: 0.0398 | Valid loss: 0.0969 | Train acc: 0.9849 | Valid acc: 0.9624 | patience: 449 | Epoch time: 36.3 |

2023-01-27 19:09:41,633 - INFO -
| Epoch:    460 | Train loss: 0.0394 | Valid loss: 0.0959 | Train acc: 0.9849 | Valid acc: 0.9633 | patience: 450 | Epoch time: 36.3 |

2023-01-27 19:10:17,925 - INFO -
| Epoch:    461 | Train loss: 0.0392 | Valid loss: 0.0961 | Train acc: 0.9849 | Valid acc: 0.9631 | patience: 451 | Epoch time: 36.3 |

2023-01-27 19:10:54,186 - INFO -
| Epoch:    462 | Train loss: 0.0397 | Valid loss: 0.0953 | Train acc: 0.9844 | Valid acc: 0.9632 | patience: 452 | Epoch time: 36.3 |

2023-01-27 19:11:30,421 - INFO -
| Epoch:    463 | Train loss: 0.0407 | Valid loss: 0.0949 | Train acc: 0.9853 | Valid acc: 0.9635 | patience: 453 | Epoch time: 36.2 |

2023-01-27 19:12:06,676 - INFO -
| Epoch:    464 | Train loss: 0.0402 | Valid loss: 0.0950 | Train acc: 0.9834 | Valid acc: 0.9629 | patience: 454 | Epoch time: 36.3 |

2023-01-27 19:12:42,982 - INFO -
| Epoch:    465 | Train loss: 0.0399 | Valid loss: 0.0973 | Train acc: 0.9848 | Valid acc: 0.9619 | patience: 455 | Epoch time: 36.3 |

2023-01-27 19:13:19,269 - INFO -
| Epoch:    466 | Train loss: 0.0395 | Valid loss: 0.0963 | Train acc: 0.9849 | Valid acc: 0.9624 | patience: 456 | Epoch time: 36.3 |

2023-01-27 19:13:55,573 - INFO -
| Epoch:    467 | Train loss: 0.0395 | Valid loss: 0.0963 | Train acc: 0.9844 | Valid acc: 0.9627 | patience: 457 | Epoch time: 36.3 |

2023-01-27 19:14:31,938 - INFO -
| Epoch:    468 | Train loss: 0.0390 | Valid loss: 0.0955 | Train acc: 0.9846 | Valid acc: 0.9624 | patience: 458 | Epoch time: 36.4 |

2023-01-27 19:15:08,345 - INFO -
| Epoch:    469 | Train loss: 0.0403 | Valid loss: 0.0958 | Train acc: 0.9843 | Valid acc: 0.9629 | patience: 459 | Epoch time: 36.4 |

2023-01-27 19:15:44,660 - INFO -
| Epoch:    470 | Train loss: 0.0396 | Valid loss: 0.0962 | Train acc: 0.9845 | Valid acc: 0.9625 | patience: 460 | Epoch time: 36.3 |

2023-01-27 19:16:20,915 - INFO -
| Epoch:    471 | Train loss: 0.0398 | Valid loss: 0.0967 | Train acc: 0.9846 | Valid acc: 0.9623 | patience: 461 | Epoch time: 36.3 |

2023-01-27 19:16:57,191 - INFO -
| Epoch:    472 | Train loss: 0.0401 | Valid loss: 0.0970 | Train acc: 0.9844 | Valid acc: 0.9631 | patience: 462 | Epoch time: 36.3 |

2023-01-27 19:17:33,444 - INFO -
| Epoch:    473 | Train loss: 0.0396 | Valid loss: 0.0966 | Train acc: 0.9850 | Valid acc: 0.9626 | patience: 463 | Epoch time: 36.3 |

2023-01-27 19:18:09,695 - INFO -
| Epoch:    474 | Train loss: 0.0387 | Valid loss: 0.0953 | Train acc: 0.9843 | Valid acc: 0.9629 | patience: 464 | Epoch time: 36.3 |

2023-01-27 19:18:46,003 - INFO -
| Epoch:    475 | Train loss: 0.0388 | Valid loss: 0.0957 | Train acc: 0.9847 | Valid acc: 0.9622 | patience: 465 | Epoch time: 36.3 |

2023-01-27 19:19:22,295 - INFO -
| Epoch:    476 | Train loss: 0.0399 | Valid loss: 0.0955 | Train acc: 0.9845 | Valid acc: 0.9634 | patience: 466 | Epoch time: 36.3 |

2023-01-27 19:19:58,580 - INFO -
| Epoch:    477 | Train loss: 0.0401 | Valid loss: 0.0959 | Train acc: 0.9846 | Valid acc: 0.9628 | patience: 467 | Epoch time: 36.3 |

2023-01-27 19:20:34,874 - INFO -
| Epoch:    478 | Train loss: 0.0396 | Valid loss: 0.0966 | Train acc: 0.9847 | Valid acc: 0.9635 | patience: 468 | Epoch time: 36.3 |

2023-01-27 19:21:11,214 - INFO -
| Epoch:    479 | Train loss: 0.0394 | Valid loss: 0.0964 | Train acc: 0.9849 | Valid acc: 0.9627 | patience: 469 | Epoch time: 36.3 |

2023-01-27 19:21:47,512 - INFO -
| Epoch:    480 | Train loss: 0.0395 | Valid loss: 0.0953 | Train acc: 0.9845 | Valid acc: 0.9635 | patience: 470 | Epoch time: 36.3 |

2023-01-27 19:22:23,783 - INFO -
| Epoch:    481 | Train loss: 0.0386 | Valid loss: 0.0962 | Train acc: 0.9852 | Valid acc: 0.9627 | patience: 471 | Epoch time: 36.3 |

2023-01-27 19:23:00,052 - INFO -
| Epoch:    482 | Train loss: 0.0394 | Valid loss: 0.0967 | Train acc: 0.9851 | Valid acc: 0.9629 | patience: 472 | Epoch time: 36.3 |

2023-01-27 19:23:36,359 - INFO -
| Epoch:    483 | Train loss: 0.0393 | Valid loss: 0.0961 | Train acc: 0.9850 | Valid acc: 0.9621 | patience: 473 | Epoch time: 36.3 |

2023-01-27 19:24:12,643 - INFO -
| Epoch:    484 | Train loss: 0.0393 | Valid loss: 0.0957 | Train acc: 0.9849 | Valid acc: 0.9618 | patience: 474 | Epoch time: 36.3 |

2023-01-27 19:24:48,906 - INFO -
| Epoch:    485 | Train loss: 0.0401 | Valid loss: 0.0963 | Train acc: 0.9847 | Valid acc: 0.9627 | patience: 475 | Epoch time: 36.3 |

2023-01-27 19:25:25,129 - INFO -
| Epoch:    486 | Train loss: 0.0398 | Valid loss: 0.0963 | Train acc: 0.9843 | Valid acc: 0.9621 | patience: 476 | Epoch time: 36.2 |

2023-01-27 19:26:01,491 - INFO -
| Epoch:    487 | Train loss: 0.0390 | Valid loss: 0.0976 | Train acc: 0.9843 | Valid acc: 0.9618 | patience: 477 | Epoch time: 36.4 |

2023-01-27 19:26:37,726 - INFO -
| Epoch:    488 | Train loss: 0.0390 | Valid loss: 0.0955 | Train acc: 0.9845 | Valid acc: 0.9625 | patience: 478 | Epoch time: 36.2 |

2023-01-27 19:27:13,997 - INFO -
| Epoch:    489 | Train loss: 0.0397 | Valid loss: 0.0964 | Train acc: 0.9847 | Valid acc: 0.9618 | patience: 479 | Epoch time: 36.3 |

2023-01-27 19:27:50,264 - INFO -
| Epoch:    490 | Train loss: 0.0395 | Valid loss: 0.0958 | Train acc: 0.9848 | Valid acc: 0.9621 | patience: 480 | Epoch time: 36.3 |

2023-01-27 19:28:26,602 - INFO -
| Epoch:    491 | Train loss: 0.0394 | Valid loss: 0.0951 | Train acc: 0.9847 | Valid acc: 0.9634 | patience: 481 | Epoch time: 36.3 |

2023-01-27 19:29:02,875 - INFO -
| Epoch:    492 | Train loss: 0.0397 | Valid loss: 0.0951 | Train acc: 0.9852 | Valid acc: 0.9625 | patience: 482 | Epoch time: 36.3 |

2023-01-27 19:29:39,157 - INFO -
| Epoch:    493 | Train loss: 0.0390 | Valid loss: 0.0945 | Train acc: 0.9844 | Valid acc: 0.9631 | patience: 483 | Epoch time: 36.3 |

2023-01-27 19:30:15,447 - INFO -
| Epoch:    494 | Train loss: 0.0391 | Valid loss: 0.0957 | Train acc: 0.9844 | Valid acc: 0.9632 | patience: 484 | Epoch time: 36.3 |

2023-01-27 19:30:51,723 - INFO -
| Epoch:    495 | Train loss: 0.0396 | Valid loss: 0.0971 | Train acc: 0.9844 | Valid acc: 0.9634 | patience: 485 | Epoch time: 36.3 |

2023-01-27 19:31:28,000 - INFO -
| Epoch:    496 | Train loss: 0.0384 | Valid loss: 0.0959 | Train acc: 0.9851 | Valid acc: 0.9632 | patience: 486 | Epoch time: 36.3 |

2023-01-27 19:32:04,241 - INFO -
| Epoch:    497 | Train loss: 0.0388 | Valid loss: 0.0966 | Train acc: 0.9845 | Valid acc: 0.9622 | patience: 487 | Epoch time: 36.2 |

2023-01-27 19:32:40,521 - INFO -
| Epoch:    498 | Train loss: 0.0397 | Valid loss: 0.0981 | Train acc: 0.9841 | Valid acc: 0.9628 | patience: 488 | Epoch time: 36.3 |

2023-01-27 19:33:16,792 - INFO -
| Epoch:    499 | Train loss: 0.0386 | Valid loss: 0.0975 | Train acc: 0.9839 | Valid acc: 0.9614 | patience: 489 | Epoch time: 36.3 |

2023-01-27 19:33:53,063 - INFO -
| Epoch:    500 | Train loss: 0.0408 | Valid loss: 0.0985 | Train acc: 0.9848 | Valid acc: 0.9624 | patience: 490 | Epoch time: 36.3 |

2023-01-27 19:34:29,344 - INFO -
| Epoch:    501 | Train loss: 0.0395 | Valid loss: 0.0957 | Train acc: 0.9843 | Valid acc: 0.9633 | patience: 491 | Epoch time: 36.3 |

2023-01-27 19:35:05,601 - INFO -
| Epoch:    502 | Train loss: 0.0389 | Valid loss: 0.0958 | Train acc: 0.9846 | Valid acc: 0.9633 | patience: 492 | Epoch time: 36.3 |

2023-01-27 19:35:41,846 - INFO -
| Epoch:    503 | Train loss: 0.0386 | Valid loss: 0.0962 | Train acc: 0.9851 | Valid acc: 0.9626 | patience: 493 | Epoch time: 36.2 |

2023-01-27 19:36:18,135 - INFO -
| Epoch:    504 | Train loss: 0.0398 | Valid loss: 0.0947 | Train acc: 0.9849 | Valid acc: 0.9630 | patience: 494 | Epoch time: 36.3 |

2023-01-27 19:36:54,400 - INFO -
| Epoch:    505 | Train loss: 0.0392 | Valid loss: 0.0956 | Train acc: 0.9849 | Valid acc: 0.9631 | patience: 495 | Epoch time: 36.3 |

2023-01-27 19:37:30,648 - INFO -
| Epoch:    506 | Train loss: 0.0401 | Valid loss: 0.0951 | Train acc: 0.9847 | Valid acc: 0.9634 | patience: 496 | Epoch time: 36.2 |

2023-01-27 19:38:06,901 - INFO -
| Epoch:    507 | Train loss: 0.0388 | Valid loss: 0.0962 | Train acc: 0.9848 | Valid acc: 0.9629 | patience: 497 | Epoch time: 36.3 |

2023-01-27 19:38:43,242 - INFO -
| Epoch:    508 | Train loss: 0.0396 | Valid loss: 0.0956 | Train acc: 0.9842 | Valid acc: 0.9629 | patience: 498 | Epoch time: 36.3 |

2023-01-27 19:39:19,515 - INFO -
| Epoch:    509 | Train loss: 0.0391 | Valid loss: 0.0957 | Train acc: 0.9848 | Valid acc: 0.9624 | patience: 499 | Epoch time: 36.3 |

2023-01-27 19:39:55,761 - INFO -
| Epoch:    510 | Train loss: 0.0387 | Valid loss: 0.0949 | Train acc: 0.9851 | Valid acc: 0.9627 | patience: 500 | Epoch time: 36.2 |

2023-01-27 19:40:32,064 - INFO -
Early stop.

2023-01-27 19:40:32,508 - INFO -
Training if finished.

