2023-01-07 21:45:02,144 - INFO -
gmin                0.01
gmax                10.0
T                   0.1
m                   0.3
ACT_eta1            0.134
ACT_eta2            0.962
ACT_eta3            0.183
ACT_eta4            24.1
NEG_eta1            -0.104
NEG_eta2            0.899
NEG_eta3            -0.056
NEG_eta4            3.858
hidden              [3]
SEED                6
DEVICE              cuda
TIMELIMITATION      45
PATIENCE            500
EPOCH               10000000000
DATASET             8
LR                  0.1
PROGRESSIVE         False
LR_PATIENCE         100
LR_DECAY            0.5
LR_MIN              0.0001
MODE                nominal
M_train             1
K_train             1
M_test              500
K_test              500
t_test_max          10
integration         MC
VARIATION           False
N_train             1
e_train             0.0
N_test              100
e_test              0.1
projectname         ICCAD_2022
temppath            ./ICCAD_2022/temp/
logfilepath         ./ICCAD_2022/log/
recording           False
recordpath          ./ICCAD_2022/record/
savepath            ./ICCAD_2022/models/
loglevel            info


2023-01-07 21:45:02,145 - INFO -
Training network on device: cuda.

2023-01-07 21:45:02,145 - INFO -
Training setup: Pendigits_6_nominal_0.0_1_MC.

2023-01-07 21:45:02,145 - INFO -
Dataset "Pendigits" has 16 input features and 10 classes. There are 6595 training examples, 2198 valid examples, and 2199 test examples in the dataset.

2023-01-07 21:45:02,145 - INFO -
Topology of the network: [16, 3, 10].

2023-01-07 21:45:07,103 - INFO -
| Epoch:      0 | Train loss: 0.7064 | Valid loss: 0.7400 | Train acc: 0.1020 | Valid acc: 0.1515 | patience:   0 | Epoch time: 4.0 |

2023-01-07 21:45:08,480 - INFO -
| Epoch:      1 | Train loss: 0.7395 | Valid loss: 1.0324 | Train acc: 0.1595 | Valid acc: 0.0942 | patience:   1 | Epoch time: 1.4 |

2023-01-07 21:45:09,856 - INFO -
| Epoch:      2 | Train loss: 1.0366 | Valid loss: 1.2709 | Train acc: 0.0964 | Valid acc: 0.1133 | patience:   2 | Epoch time: 1.4 |

2023-01-07 21:45:11,233 - INFO -
| Epoch:      3 | Train loss: 1.2788 | Valid loss: 1.2890 | Train acc: 0.1017 | Valid acc: 0.1570 | patience:   3 | Epoch time: 1.4 |

2023-01-07 21:45:12,606 - INFO -
| Epoch:      4 | Train loss: 1.3012 | Valid loss: 1.2917 | Train acc: 0.1575 | Valid acc: 0.1283 | patience:   4 | Epoch time: 1.4 |

2023-01-07 21:45:13,980 - INFO -
| Epoch:      5 | Train loss: 1.3038 | Valid loss: 1.2528 | Train acc: 0.1172 | Valid acc: 0.1533 | patience:   5 | Epoch time: 1.4 |

2023-01-07 21:45:15,358 - INFO -
| Epoch:      6 | Train loss: 1.2636 | Valid loss: 1.1492 | Train acc: 0.1506 | Valid acc: 0.0933 | patience:   6 | Epoch time: 1.4 |

2023-01-07 21:45:16,730 - INFO -
| Epoch:      7 | Train loss: 1.1590 | Valid loss: 1.1285 | Train acc: 0.0978 | Valid acc: 0.1037 | patience:   7 | Epoch time: 1.4 |

2023-01-07 21:45:18,108 - INFO -
| Epoch:      8 | Train loss: 1.1367 | Valid loss: 1.0013 | Train acc: 0.1040 | Valid acc: 0.0892 | patience:   8 | Epoch time: 1.4 |

2023-01-07 21:45:19,484 - INFO -
| Epoch:      9 | Train loss: 1.0103 | Valid loss: 1.1520 | Train acc: 0.0960 | Valid acc: 0.1115 | patience:   9 | Epoch time: 1.4 |

2023-01-07 21:45:20,860 - INFO -
| Epoch:     10 | Train loss: 1.1636 | Valid loss: 1.2205 | Train acc: 0.1042 | Valid acc: 0.0924 | patience:  10 | Epoch time: 1.4 |

2023-01-07 21:45:22,237 - INFO -
| Epoch:     11 | Train loss: 1.2324 | Valid loss: 1.1739 | Train acc: 0.0945 | Valid acc: 0.1133 | patience:  11 | Epoch time: 1.4 |

2023-01-07 21:45:23,614 - INFO -
| Epoch:     12 | Train loss: 1.1872 | Valid loss: 1.1193 | Train acc: 0.1017 | Valid acc: 0.0969 | patience:  12 | Epoch time: 1.4 |

2023-01-07 21:45:24,990 - INFO -
| Epoch:     13 | Train loss: 1.1295 | Valid loss: 1.0195 | Train acc: 0.0964 | Valid acc: 0.0942 | patience:  13 | Epoch time: 1.4 |

2023-01-07 21:45:26,371 - INFO -
| Epoch:     14 | Train loss: 1.0262 | Valid loss: 1.0537 | Train acc: 0.0964 | Valid acc: 0.0919 | patience:  14 | Epoch time: 1.4 |

2023-01-07 21:45:27,743 - INFO -
| Epoch:     15 | Train loss: 1.0581 | Valid loss: 1.0513 | Train acc: 0.0978 | Valid acc: 0.1078 | patience:  15 | Epoch time: 1.4 |

2023-01-07 21:45:29,118 - INFO -
| Epoch:     16 | Train loss: 1.0582 | Valid loss: 1.0168 | Train acc: 0.1020 | Valid acc: 0.1115 | patience:  16 | Epoch time: 1.4 |

2023-01-07 21:45:30,495 - INFO -
| Epoch:     17 | Train loss: 1.0225 | Valid loss: 1.0075 | Train acc: 0.1042 | Valid acc: 0.1037 | patience:  17 | Epoch time: 1.4 |

2023-01-07 21:45:31,869 - INFO -
| Epoch:     18 | Train loss: 1.0096 | Valid loss: 1.0390 | Train acc: 0.1040 | Valid acc: 0.0924 | patience:  18 | Epoch time: 1.4 |

2023-01-07 21:45:33,245 - INFO -
| Epoch:     19 | Train loss: 1.0385 | Valid loss: 0.9381 | Train acc: 0.0945 | Valid acc: 0.1037 | patience:  19 | Epoch time: 1.4 |

2023-01-07 21:45:34,620 - INFO -
| Epoch:     20 | Train loss: 0.9360 | Valid loss: 0.9965 | Train acc: 0.1040 | Valid acc: 0.0992 | patience:  20 | Epoch time: 1.4 |

2023-01-07 21:45:35,994 - INFO -
| Epoch:     21 | Train loss: 0.9921 | Valid loss: 0.9750 | Train acc: 0.1069 | Valid acc: 0.0919 | patience:  21 | Epoch time: 1.4 |

2023-01-07 21:45:37,372 - INFO -
| Epoch:     22 | Train loss: 0.9726 | Valid loss: 1.0116 | Train acc: 0.0978 | Valid acc: 0.0942 | patience:  22 | Epoch time: 1.4 |

2023-01-07 21:45:38,750 - INFO -
| Epoch:     23 | Train loss: 1.0116 | Valid loss: 0.8993 | Train acc: 0.0964 | Valid acc: 0.1078 | patience:  23 | Epoch time: 1.4 |

2023-01-07 21:45:40,124 - INFO -
| Epoch:     24 | Train loss: 0.9023 | Valid loss: 0.9658 | Train acc: 0.1020 | Valid acc: 0.1133 | patience:  24 | Epoch time: 1.4 |

2023-01-07 21:45:41,495 - INFO -
| Epoch:     25 | Train loss: 0.9722 | Valid loss: 0.8637 | Train acc: 0.1017 | Valid acc: 0.1133 | patience:  25 | Epoch time: 1.4 |

2023-01-07 21:45:42,870 - INFO -
| Epoch:     26 | Train loss: 0.8665 | Valid loss: 0.9300 | Train acc: 0.1017 | Valid acc: 0.0892 | patience:  26 | Epoch time: 1.4 |

2023-01-07 21:45:44,240 - INFO -
| Epoch:     27 | Train loss: 0.9296 | Valid loss: 0.9551 | Train acc: 0.0960 | Valid acc: 0.1115 | patience:  27 | Epoch time: 1.4 |

2023-01-07 21:45:45,610 - INFO -
| Epoch:     28 | Train loss: 0.9540 | Valid loss: 0.9324 | Train acc: 0.1042 | Valid acc: 0.0992 | patience:  28 | Epoch time: 1.4 |

2023-01-07 21:45:46,986 - INFO -
| Epoch:     29 | Train loss: 0.9290 | Valid loss: 0.9688 | Train acc: 0.1069 | Valid acc: 0.0969 | patience:  29 | Epoch time: 1.4 |

2023-01-07 21:45:48,364 - INFO -
| Epoch:     30 | Train loss: 0.9658 | Valid loss: 0.9154 | Train acc: 0.0964 | Valid acc: 0.0892 | patience:  30 | Epoch time: 1.4 |

2023-01-07 21:45:49,740 - INFO -
| Epoch:     31 | Train loss: 0.9121 | Valid loss: 0.8633 | Train acc: 0.0960 | Valid acc: 0.1115 | patience:  31 | Epoch time: 1.4 |

2023-01-07 21:45:51,109 - INFO -
| Epoch:     32 | Train loss: 0.8614 | Valid loss: 0.9089 | Train acc: 0.1042 | Valid acc: 0.0924 | patience:  32 | Epoch time: 1.4 |

2023-01-07 21:45:52,475 - INFO -
| Epoch:     33 | Train loss: 0.9076 | Valid loss: 0.8968 | Train acc: 0.0945 | Valid acc: 0.1115 | patience:  33 | Epoch time: 1.4 |

2023-01-07 21:45:53,843 - INFO -
| Epoch:     34 | Train loss: 0.8965 | Valid loss: 0.8908 | Train acc: 0.1042 | Valid acc: 0.1078 | patience:  34 | Epoch time: 1.4 |

2023-01-07 21:45:55,212 - INFO -
| Epoch:     35 | Train loss: 0.8898 | Valid loss: 0.9265 | Train acc: 0.1020 | Valid acc: 0.1078 | patience:  35 | Epoch time: 1.4 |

2023-01-07 21:45:56,579 - INFO -
| Epoch:     36 | Train loss: 0.9252 | Valid loss: 0.9605 | Train acc: 0.1020 | Valid acc: 0.0919 | patience:  36 | Epoch time: 1.4 |

2023-01-07 21:45:57,945 - INFO -
| Epoch:     37 | Train loss: 0.9570 | Valid loss: 0.8958 | Train acc: 0.0978 | Valid acc: 0.0919 | patience:  37 | Epoch time: 1.4 |

2023-01-07 21:45:59,318 - INFO -
| Epoch:     38 | Train loss: 0.8924 | Valid loss: 0.9350 | Train acc: 0.0978 | Valid acc: 0.1037 | patience:  38 | Epoch time: 1.4 |

2023-01-07 21:46:00,687 - INFO -
| Epoch:     39 | Train loss: 0.9312 | Valid loss: 0.9490 | Train acc: 0.1040 | Valid acc: 0.0942 | patience:  39 | Epoch time: 1.4 |

2023-01-07 21:46:02,054 - INFO -
| Epoch:     40 | Train loss: 0.9445 | Valid loss: 0.9089 | Train acc: 0.0964 | Valid acc: 0.0992 | patience:  40 | Epoch time: 1.4 |

2023-01-07 21:46:03,423 - INFO -
| Epoch:     41 | Train loss: 0.9041 | Valid loss: 0.9392 | Train acc: 0.1069 | Valid acc: 0.0969 | patience:  41 | Epoch time: 1.4 |

2023-01-07 21:46:04,791 - INFO -
| Epoch:     42 | Train loss: 0.9354 | Valid loss: 0.9073 | Train acc: 0.0964 | Valid acc: 0.0969 | patience:  42 | Epoch time: 1.4 |

2023-01-07 21:46:06,159 - INFO -
| Epoch:     43 | Train loss: 0.9039 | Valid loss: 0.9069 | Train acc: 0.0964 | Valid acc: 0.0924 | patience:  43 | Epoch time: 1.4 |

2023-01-07 21:46:07,531 - INFO -
| Epoch:     44 | Train loss: 0.9039 | Valid loss: 0.9270 | Train acc: 0.0945 | Valid acc: 0.0924 | patience:  44 | Epoch time: 1.4 |

2023-01-07 21:46:08,898 - INFO -
| Epoch:     45 | Train loss: 0.9240 | Valid loss: 0.8926 | Train acc: 0.0945 | Valid acc: 0.1078 | patience:  45 | Epoch time: 1.4 |

2023-01-07 21:46:10,268 - INFO -
| Epoch:     46 | Train loss: 0.8901 | Valid loss: 0.9311 | Train acc: 0.1020 | Valid acc: 0.0919 | patience:  46 | Epoch time: 1.4 |

2023-01-07 21:46:11,638 - INFO -
| Epoch:     47 | Train loss: 0.9275 | Valid loss: 0.9157 | Train acc: 0.0978 | Valid acc: 0.1037 | patience:  47 | Epoch time: 1.4 |

2023-01-07 21:46:13,006 - INFO -
| Epoch:     48 | Train loss: 0.9127 | Valid loss: 0.8998 | Train acc: 0.1040 | Valid acc: 0.0942 | patience:  48 | Epoch time: 1.4 |

2023-01-07 21:46:14,375 - INFO -
| Epoch:     49 | Train loss: 0.8969 | Valid loss: 0.9357 | Train acc: 0.0964 | Valid acc: 0.0942 | patience:  49 | Epoch time: 1.4 |

2023-01-07 21:46:15,745 - INFO -
| Epoch:     50 | Train loss: 0.9326 | Valid loss: 0.9471 | Train acc: 0.0964 | Valid acc: 0.0992 | patience:  50 | Epoch time: 1.4 |

2023-01-07 21:46:17,114 - INFO -
| Epoch:     51 | Train loss: 0.9439 | Valid loss: 0.8962 | Train acc: 0.1069 | Valid acc: 0.0992 | patience:  51 | Epoch time: 1.4 |

2023-01-07 21:46:18,482 - INFO -
| Epoch:     52 | Train loss: 0.8951 | Valid loss: 0.8901 | Train acc: 0.1069 | Valid acc: 0.0969 | patience:  52 | Epoch time: 1.4 |

2023-01-07 21:46:19,849 - INFO -
| Epoch:     53 | Train loss: 0.8902 | Valid loss: 0.9182 | Train acc: 0.0964 | Valid acc: 0.0969 | patience:  53 | Epoch time: 1.4 |

2023-01-07 21:46:21,221 - INFO -
| Epoch:     54 | Train loss: 0.9197 | Valid loss: 0.8536 | Train acc: 0.0964 | Valid acc: 0.0969 | patience:  54 | Epoch time: 1.4 |

2023-01-07 21:46:22,589 - INFO -
| Epoch:     55 | Train loss: 0.8564 | Valid loss: 0.8480 | Train acc: 0.0964 | Valid acc: 0.1115 | patience:  55 | Epoch time: 1.4 |

2023-01-07 21:46:23,956 - INFO -
| Epoch:     56 | Train loss: 0.8526 | Valid loss: 0.8524 | Train acc: 0.1042 | Valid acc: 0.1133 | patience:  56 | Epoch time: 1.4 |

2023-01-07 21:46:25,325 - INFO -
| Epoch:     57 | Train loss: 0.8577 | Valid loss: 0.8773 | Train acc: 0.1017 | Valid acc: 0.0924 | patience:  57 | Epoch time: 1.4 |

2023-01-07 21:46:26,695 - INFO -
| Epoch:     58 | Train loss: 0.8804 | Valid loss: 0.9425 | Train acc: 0.0945 | Valid acc: 0.1078 | patience:  58 | Epoch time: 1.4 |

2023-01-07 21:46:28,063 - INFO -
| Epoch:     59 | Train loss: 0.9452 | Valid loss: 0.9028 | Train acc: 0.1020 | Valid acc: 0.0919 | patience:  59 | Epoch time: 1.4 |

2023-01-07 21:46:29,432 - INFO -
| Epoch:     60 | Train loss: 0.9025 | Valid loss: 0.9550 | Train acc: 0.0978 | Valid acc: 0.1037 | patience:  60 | Epoch time: 1.4 |

2023-01-07 21:46:30,802 - INFO -
| Epoch:     61 | Train loss: 0.9541 | Valid loss: 0.9354 | Train acc: 0.1040 | Valid acc: 0.0992 | patience:  61 | Epoch time: 1.4 |

2023-01-07 21:46:32,177 - INFO -
| Epoch:     62 | Train loss: 0.9334 | Valid loss: 0.9120 | Train acc: 0.1069 | Valid acc: 0.0942 | patience:  62 | Epoch time: 1.4 |

2023-01-07 21:46:33,548 - INFO -
| Epoch:     63 | Train loss: 0.9117 | Valid loss: 0.8309 | Train acc: 0.0964 | Valid acc: 0.0942 | patience:  63 | Epoch time: 1.4 |

2023-01-07 21:46:34,916 - INFO -
| Epoch:     64 | Train loss: 0.8323 | Valid loss: 0.8416 | Train acc: 0.0964 | Valid acc: 0.0969 | patience:  64 | Epoch time: 1.4 |

2023-01-07 21:46:36,285 - INFO -
| Epoch:     65 | Train loss: 0.8448 | Valid loss: 0.8450 | Train acc: 0.0964 | Valid acc: 0.1115 | patience:  65 | Epoch time: 1.4 |

2023-01-07 21:46:37,655 - INFO -
| Epoch:     66 | Train loss: 0.8499 | Valid loss: 0.9051 | Train acc: 0.1042 | Valid acc: 0.1133 | patience:  66 | Epoch time: 1.4 |

2023-01-07 21:46:39,023 - INFO -
| Epoch:     67 | Train loss: 0.9113 | Valid loss: 0.8580 | Train acc: 0.1017 | Valid acc: 0.1078 | patience:  67 | Epoch time: 1.4 |

2023-01-07 21:46:40,390 - INFO -
| Epoch:     68 | Train loss: 0.8611 | Valid loss: 0.8527 | Train acc: 0.1020 | Valid acc: 0.0892 | patience:  68 | Epoch time: 1.4 |

2023-01-07 21:46:41,760 - INFO -
| Epoch:     69 | Train loss: 0.8532 | Valid loss: 0.8873 | Train acc: 0.0960 | Valid acc: 0.0892 | patience:  69 | Epoch time: 1.4 |

2023-01-07 21:46:43,131 - INFO -
| Epoch:     70 | Train loss: 0.8851 | Valid loss: 0.8635 | Train acc: 0.0960 | Valid acc: 0.0919 | patience:  70 | Epoch time: 1.4 |

2023-01-07 21:46:44,503 - INFO -
| Epoch:     71 | Train loss: 0.8609 | Valid loss: 0.9123 | Train acc: 0.0978 | Valid acc: 0.0924 | patience:  71 | Epoch time: 1.4 |

2023-01-07 21:46:45,872 - INFO -
| Epoch:     72 | Train loss: 0.9100 | Valid loss: 0.9418 | Train acc: 0.0945 | Valid acc: 0.1037 | patience:  72 | Epoch time: 1.4 |

2023-01-07 21:46:47,241 - INFO -
| Epoch:     73 | Train loss: 0.9399 | Valid loss: 0.9267 | Train acc: 0.1040 | Valid acc: 0.0992 | patience:  73 | Epoch time: 1.4 |

2023-01-07 21:46:48,612 - INFO -
| Epoch:     74 | Train loss: 0.9245 | Valid loss: 0.8707 | Train acc: 0.1069 | Valid acc: 0.1115 | patience:  74 | Epoch time: 1.4 |

2023-01-07 21:46:49,983 - INFO -
| Epoch:     75 | Train loss: 0.8705 | Valid loss: 0.9100 | Train acc: 0.1042 | Valid acc: 0.1115 | patience:  75 | Epoch time: 1.4 |

2023-01-07 21:46:51,353 - INFO -
| Epoch:     76 | Train loss: 0.9115 | Valid loss: 0.8834 | Train acc: 0.1042 | Valid acc: 0.0969 | patience:  76 | Epoch time: 1.4 |

2023-01-07 21:46:52,725 - INFO -
| Epoch:     77 | Train loss: 0.8848 | Valid loss: 0.8716 | Train acc: 0.0964 | Valid acc: 0.1115 | patience:  77 | Epoch time: 1.4 |

2023-01-07 21:46:54,097 - INFO -
| Epoch:     78 | Train loss: 0.8733 | Valid loss: 0.8611 | Train acc: 0.1042 | Valid acc: 0.1078 | patience:  78 | Epoch time: 1.4 |

2023-01-07 21:46:55,469 - INFO -
| Epoch:     79 | Train loss: 0.8632 | Valid loss: 0.8358 | Train acc: 0.1020 | Valid acc: 0.1133 | patience:  79 | Epoch time: 1.4 |

2023-01-07 21:46:56,838 - INFO -
| Epoch:     80 | Train loss: 0.8383 | Valid loss: 0.8886 | Train acc: 0.1017 | Valid acc: 0.1133 | patience:  80 | Epoch time: 1.4 |

2023-01-07 21:46:58,207 - INFO -
| Epoch:     81 | Train loss: 0.8921 | Valid loss: 0.9497 | Train acc: 0.1017 | Valid acc: 0.0892 | patience:  81 | Epoch time: 1.4 |

2023-01-07 21:46:59,578 - INFO -
| Epoch:     82 | Train loss: 0.9507 | Valid loss: 0.9827 | Train acc: 0.0960 | Valid acc: 0.1078 | patience:  82 | Epoch time: 1.4 |

2023-01-07 21:47:00,948 - INFO -
| Epoch:     83 | Train loss: 0.9850 | Valid loss: 0.8687 | Train acc: 0.1020 | Valid acc: 0.0919 | patience:  83 | Epoch time: 1.4 |

2023-01-07 21:47:02,318 - INFO -
| Epoch:     84 | Train loss: 0.8685 | Valid loss: 0.9420 | Train acc: 0.0978 | Valid acc: 0.0992 | patience:  84 | Epoch time: 1.4 |

2023-01-07 21:47:03,688 - INFO -
| Epoch:     85 | Train loss: 0.9417 | Valid loss: 1.0071 | Train acc: 0.1069 | Valid acc: 0.1037 | patience:  85 | Epoch time: 1.4 |

2023-01-07 21:47:05,060 - INFO -
| Epoch:     86 | Train loss: 1.0088 | Valid loss: 1.0761 | Train acc: 0.1040 | Valid acc: 0.1115 | patience:  86 | Epoch time: 1.4 |

2023-01-07 21:47:06,431 - INFO -
| Epoch:     87 | Train loss: 1.0805 | Valid loss: 1.0301 | Train acc: 0.1042 | Valid acc: 0.0924 | patience:  87 | Epoch time: 1.4 |

2023-01-07 21:47:07,798 - INFO -
| Epoch:     88 | Train loss: 1.0325 | Valid loss: 0.9029 | Train acc: 0.0945 | Valid acc: 0.0924 | patience:  88 | Epoch time: 1.4 |

2023-01-07 21:47:09,168 - INFO -
| Epoch:     89 | Train loss: 0.9055 | Valid loss: 0.9252 | Train acc: 0.0945 | Valid acc: 0.0969 | patience:  89 | Epoch time: 1.4 |

2023-01-07 21:47:10,541 - INFO -
| Epoch:     90 | Train loss: 0.9288 | Valid loss: 0.8787 | Train acc: 0.0964 | Valid acc: 0.1133 | patience:  90 | Epoch time: 1.4 |

2023-01-07 21:47:11,909 - INFO -
| Epoch:     91 | Train loss: 0.8833 | Valid loss: 0.8437 | Train acc: 0.1017 | Valid acc: 0.1037 | patience:  91 | Epoch time: 1.4 |

2023-01-07 21:47:13,277 - INFO -
| Epoch:     92 | Train loss: 0.8461 | Valid loss: 0.9006 | Train acc: 0.1040 | Valid acc: 0.1078 | patience:  92 | Epoch time: 1.4 |

2023-01-07 21:47:14,647 - INFO -
| Epoch:     93 | Train loss: 0.9016 | Valid loss: 0.9362 | Train acc: 0.1020 | Valid acc: 0.0992 | patience:  93 | Epoch time: 1.4 |

2023-01-07 21:47:16,019 - INFO -
| Epoch:     94 | Train loss: 0.9346 | Valid loss: 0.9864 | Train acc: 0.1069 | Valid acc: 0.0919 | patience:  94 | Epoch time: 1.4 |

2023-01-07 21:47:17,391 - INFO -
| Epoch:     95 | Train loss: 0.9837 | Valid loss: 1.0040 | Train acc: 0.0978 | Valid acc: 0.0892 | patience:  95 | Epoch time: 1.4 |

2023-01-07 21:47:18,759 - INFO -
| Epoch:     96 | Train loss: 1.0015 | Valid loss: 0.9078 | Train acc: 0.0960 | Valid acc: 0.1115 | patience:  96 | Epoch time: 1.4 |

2023-01-07 21:47:20,132 - INFO -
| Epoch:     97 | Train loss: 0.9083 | Valid loss: 0.9637 | Train acc: 0.1042 | Valid acc: 0.1115 | patience:  97 | Epoch time: 1.4 |

2023-01-07 21:47:21,504 - INFO -
| Epoch:     98 | Train loss: 0.9662 | Valid loss: 0.9297 | Train acc: 0.1042 | Valid acc: 0.1115 | patience:  98 | Epoch time: 1.4 |

2023-01-07 21:47:22,873 - INFO -
| Epoch:     99 | Train loss: 0.9324 | Valid loss: 0.9299 | Train acc: 0.1042 | Valid acc: 0.0969 | patience:  99 | Epoch time: 1.4 |

2023-01-07 21:47:24,242 - INFO -
| Epoch:    100 | Train loss: 0.9331 | Valid loss: 0.9326 | Train acc: 0.0964 | Valid acc: 0.0969 | patience: 100 | Epoch time: 1.4 |

2023-01-07 21:47:25,612 - INFO -
| Epoch:    101 | Train loss: 0.9366 | Valid loss: 0.9654 | Train acc: 0.0964 | Valid acc: 0.1133 | patience: 101 | Epoch time: 1.4 |

2023-01-07 21:47:26,981 - INFO -
| Epoch:    102 | Train loss: 0.9709 | Valid loss: 0.9212 | Train acc: 0.1017 | Valid acc: 0.0992 | patience: 102 | Epoch time: 1.4 |

2023-01-07 21:47:28,354 - INFO -
| Epoch:    103 | Train loss: 0.9247 | Valid loss: 0.9394 | Train acc: 0.1069 | Valid acc: 0.0992 | patience: 103 | Epoch time: 1.4 |

2023-01-07 21:47:29,724 - INFO -
| Epoch:    104 | Train loss: 0.9417 | Valid loss: 0.9561 | Train acc: 0.1069 | Valid acc: 0.1115 | patience: 104 | Epoch time: 1.4 |

2023-01-07 21:47:31,092 - INFO -
| Epoch:    105 | Train loss: 0.9596 | Valid loss: 0.9186 | Train acc: 0.1042 | Valid acc: 0.1078 | patience: 105 | Epoch time: 1.4 |

2023-01-07 21:47:32,462 - INFO -
| Epoch:    106 | Train loss: 0.9212 | Valid loss: 0.9292 | Train acc: 0.1020 | Valid acc: 0.0892 | patience: 106 | Epoch time: 1.4 |

2023-01-07 21:47:33,834 - INFO -
| Epoch:    107 | Train loss: 0.9304 | Valid loss: 0.9278 | Train acc: 0.0960 | Valid acc: 0.0892 | patience: 107 | Epoch time: 1.4 |

2023-01-07 21:47:35,203 - INFO -
| Epoch:    108 | Train loss: 0.9277 | Valid loss: 0.9806 | Train acc: 0.0960 | Valid acc: 0.0892 | patience: 108 | Epoch time: 1.4 |

2023-01-07 21:47:36,574 - INFO -
| Epoch:    109 | Train loss: 0.9789 | Valid loss: 0.9896 | Train acc: 0.0960 | Valid acc: 0.0919 | patience: 109 | Epoch time: 1.4 |

2023-01-07 21:47:37,944 - INFO -
| Epoch:    110 | Train loss: 0.9882 | Valid loss: 0.9110 | Train acc: 0.0978 | Valid acc: 0.0919 | patience: 110 | Epoch time: 1.4 |

2023-01-07 21:47:39,321 - INFO -
| Epoch:    111 | Train loss: 0.9116 | Valid loss: 0.8988 | Train acc: 0.0978 | Valid acc: 0.1133 | patience: 111 | Epoch time: 1.4 |

2023-01-07 21:47:40,690 - INFO -
| Epoch:    112 | Train loss: 0.9005 | Valid loss: 0.9268 | Train acc: 0.1017 | Valid acc: 0.1133 | patience: 112 | Epoch time: 1.4 |

2023-01-07 21:47:42,059 - INFO -
| Epoch:    113 | Train loss: 0.9304 | Valid loss: 0.9190 | Train acc: 0.1017 | Valid acc: 0.0969 | patience: 113 | Epoch time: 1.4 |

2023-01-07 21:47:43,428 - INFO -
| Epoch:    114 | Train loss: 0.9209 | Valid loss: 0.9221 | Train acc: 0.0964 | Valid acc: 0.0992 | patience: 114 | Epoch time: 1.4 |

2023-01-07 21:47:44,796 - INFO -
| Epoch:    115 | Train loss: 0.9227 | Valid loss: 0.9428 | Train acc: 0.1069 | Valid acc: 0.1037 | patience: 115 | Epoch time: 1.4 |

2023-01-07 21:47:46,165 - INFO -
| Epoch:    116 | Train loss: 0.9448 | Valid loss: 0.9067 | Train acc: 0.1040 | Valid acc: 0.1078 | patience: 116 | Epoch time: 1.4 |

2023-01-07 21:47:47,534 - INFO -
| Epoch:    117 | Train loss: 0.9099 | Valid loss: 0.9461 | Train acc: 0.1020 | Valid acc: 0.1115 | patience: 117 | Epoch time: 1.4 |

2023-01-07 21:47:48,904 - INFO -
| Epoch:    118 | Train loss: 0.9496 | Valid loss: 0.8751 | Train acc: 0.1042 | Valid acc: 0.0919 | patience: 118 | Epoch time: 1.4 |

2023-01-07 21:47:50,278 - INFO -
| Epoch:    119 | Train loss: 0.8764 | Valid loss: 0.9323 | Train acc: 0.0978 | Valid acc: 0.0919 | patience: 119 | Epoch time: 1.4 |

2023-01-07 21:47:51,647 - INFO -
| Epoch:    120 | Train loss: 0.9319 | Valid loss: 0.9497 | Train acc: 0.0978 | Valid acc: 0.0892 | patience: 120 | Epoch time: 1.4 |

2023-01-07 21:47:53,015 - INFO -
| Epoch:    121 | Train loss: 0.9491 | Valid loss: 0.8871 | Train acc: 0.0960 | Valid acc: 0.0892 | patience: 121 | Epoch time: 1.4 |

2023-01-07 21:47:54,384 - INFO -
| Epoch:    122 | Train loss: 0.8885 | Valid loss: 0.8806 | Train acc: 0.0960 | Valid acc: 0.1133 | patience: 122 | Epoch time: 1.4 |

2023-01-07 21:47:55,752 - INFO -
| Epoch:    123 | Train loss: 0.8834 | Valid loss: 0.9269 | Train acc: 0.1017 | Valid acc: 0.1133 | patience: 123 | Epoch time: 1.4 |

2023-01-07 21:47:57,122 - INFO -
| Epoch:    124 | Train loss: 0.9319 | Valid loss: 0.9055 | Train acc: 0.1017 | Valid acc: 0.0969 | patience: 124 | Epoch time: 1.4 |

2023-01-07 21:47:58,492 - INFO -
| Epoch:    125 | Train loss: 0.9086 | Valid loss: 0.9346 | Train acc: 0.0964 | Valid acc: 0.1037 | patience: 125 | Epoch time: 1.4 |

2023-01-07 21:47:59,862 - INFO -
| Epoch:    126 | Train loss: 0.9368 | Valid loss: 0.9918 | Train acc: 0.1040 | Valid acc: 0.0992 | patience: 126 | Epoch time: 1.4 |

2023-01-07 21:48:01,237 - INFO -
| Epoch:    127 | Train loss: 0.9927 | Valid loss: 0.9519 | Train acc: 0.1069 | Valid acc: 0.1078 | patience: 127 | Epoch time: 1.4 |

2023-01-07 21:48:02,599 - INFO -
| Epoch:    128 | Train loss: 0.9556 | Valid loss: 0.9769 | Train acc: 0.1020 | Valid acc: 0.1115 | patience: 128 | Epoch time: 1.4 |

2023-01-07 21:48:03,963 - INFO -
| Epoch:    129 | Train loss: 0.9813 | Valid loss: 0.9122 | Train acc: 0.1042 | Valid acc: 0.1115 | patience: 129 | Epoch time: 1.4 |

2023-01-07 21:48:05,326 - INFO -
| Epoch:    130 | Train loss: 0.9148 | Valid loss: 0.9251 | Train acc: 0.1042 | Valid acc: 0.0919 | patience: 130 | Epoch time: 1.4 |

2023-01-07 21:48:06,690 - INFO -
| Epoch:    131 | Train loss: 0.9260 | Valid loss: 0.9898 | Train acc: 0.0978 | Valid acc: 0.0919 | patience: 131 | Epoch time: 1.4 |

2023-01-07 21:48:08,054 - INFO -
| Epoch:    132 | Train loss: 0.9890 | Valid loss: 0.9358 | Train acc: 0.0978 | Valid acc: 0.0919 | patience: 132 | Epoch time: 1.4 |

2023-01-07 21:48:09,417 - INFO -
| Epoch:    133 | Train loss: 0.9356 | Valid loss: 0.9370 | Train acc: 0.0978 | Valid acc: 0.1133 | patience: 133 | Epoch time: 1.4 |

2023-01-07 21:48:10,781 - INFO -
| Epoch:    134 | Train loss: 0.9372 | Valid loss: 0.9914 | Train acc: 0.1017 | Valid acc: 0.0892 | patience: 134 | Epoch time: 1.4 |

2023-01-07 21:48:12,149 - INFO -
| Epoch:    135 | Train loss: 0.9892 | Valid loss: 0.9366 | Train acc: 0.0960 | Valid acc: 0.0892 | patience: 135 | Epoch time: 1.4 |

2023-01-07 21:48:13,512 - INFO -
| Epoch:    136 | Train loss: 0.9346 | Valid loss: 0.9318 | Train acc: 0.0960 | Valid acc: 0.1037 | patience: 136 | Epoch time: 1.4 |

2023-01-07 21:48:14,876 - INFO -
| Epoch:    137 | Train loss: 0.9297 | Valid loss: 0.9203 | Train acc: 0.1040 | Valid acc: 0.1037 | patience: 137 | Epoch time: 1.4 |

2023-01-07 21:48:16,240 - INFO -
| Epoch:    138 | Train loss: 0.9179 | Valid loss: 0.9834 | Train acc: 0.1040 | Valid acc: 0.0992 | patience: 138 | Epoch time: 1.4 |

2023-01-07 21:48:17,606 - INFO -
| Epoch:    139 | Train loss: 0.9805 | Valid loss: 1.0334 | Train acc: 0.1069 | Valid acc: 0.0969 | patience: 139 | Epoch time: 1.4 |

2023-01-07 21:48:18,970 - INFO -
| Epoch:    140 | Train loss: 1.0318 | Valid loss: 1.0143 | Train acc: 0.0964 | Valid acc: 0.1078 | patience: 140 | Epoch time: 1.4 |

2023-01-07 21:48:20,335 - INFO -
| Epoch:    141 | Train loss: 1.0139 | Valid loss: 0.9265 | Train acc: 0.1020 | Valid acc: 0.1078 | patience: 141 | Epoch time: 1.4 |

2023-01-07 21:48:21,698 - INFO -
| Epoch:    142 | Train loss: 0.9248 | Valid loss: 0.9834 | Train acc: 0.1020 | Valid acc: 0.0919 | patience: 142 | Epoch time: 1.4 |

2023-01-07 21:48:23,065 - INFO -
| Epoch:    143 | Train loss: 0.9808 | Valid loss: 0.9384 | Train acc: 0.0978 | Valid acc: 0.0919 | patience: 143 | Epoch time: 1.4 |

2023-01-07 21:48:24,431 - INFO -
| Epoch:    144 | Train loss: 0.9366 | Valid loss: 0.9336 | Train acc: 0.0978 | Valid acc: 0.0892 | patience: 144 | Epoch time: 1.4 |

2023-01-07 21:48:25,793 - INFO -
| Epoch:    145 | Train loss: 0.9322 | Valid loss: 0.9615 | Train acc: 0.0960 | Valid acc: 0.0892 | patience: 145 | Epoch time: 1.4 |

2023-01-07 21:48:27,159 - INFO -
| Epoch:    146 | Train loss: 0.9604 | Valid loss: 1.0174 | Train acc: 0.0960 | Valid acc: 0.1133 | patience: 146 | Epoch time: 1.4 |

2023-01-07 21:48:28,523 - INFO -
| Epoch:    147 | Train loss: 1.0192 | Valid loss: 0.9609 | Train acc: 0.1017 | Valid acc: 0.0992 | patience: 147 | Epoch time: 1.4 |

2023-01-07 21:48:29,887 - INFO -
| Epoch:    148 | Train loss: 0.9596 | Valid loss: 0.9593 | Train acc: 0.1069 | Valid acc: 0.1037 | patience: 148 | Epoch time: 1.4 |

2023-01-07 21:48:31,250 - INFO -
| Epoch:    149 | Train loss: 0.9585 | Valid loss: 0.9363 | Train acc: 0.1040 | Valid acc: 0.1037 | patience: 149 | Epoch time: 1.4 |

2023-01-07 21:48:32,614 - INFO -
| Epoch:    150 | Train loss: 0.9358 | Valid loss: 0.9346 | Train acc: 0.1040 | Valid acc: 0.1078 | patience: 150 | Epoch time: 1.4 |

2023-01-07 21:48:33,983 - INFO -
| Epoch:    151 | Train loss: 0.9344 | Valid loss: 0.9755 | Train acc: 0.1020 | Valid acc: 0.1078 | patience: 151 | Epoch time: 1.4 |

2023-01-07 21:48:35,346 - INFO -
| Epoch:    152 | Train loss: 0.9759 | Valid loss: 0.9204 | Train acc: 0.1020 | Valid acc: 0.0969 | patience: 152 | Epoch time: 1.4 |

2023-01-07 21:48:36,710 - INFO -
| Epoch:    153 | Train loss: 0.9196 | Valid loss: 0.9696 | Train acc: 0.0964 | Valid acc: 0.0969 | patience: 153 | Epoch time: 1.4 |

2023-01-07 21:48:38,074 - INFO -
| Epoch:    154 | Train loss: 0.9680 | Valid loss: 0.9795 | Train acc: 0.0964 | Valid acc: 0.0919 | patience: 154 | Epoch time: 1.4 |

2023-01-07 21:48:39,436 - INFO -
| Epoch:    155 | Train loss: 0.9769 | Valid loss: 0.9717 | Train acc: 0.0978 | Valid acc: 0.1037 | patience: 155 | Epoch time: 1.4 |

2023-01-07 21:48:40,799 - INFO -
| Epoch:    156 | Train loss: 0.9698 | Valid loss: 0.9102 | Train acc: 0.1040 | Valid acc: 0.1133 | patience: 156 | Epoch time: 1.4 |

2023-01-07 21:48:42,162 - INFO -
| Epoch:    157 | Train loss: 0.9087 | Valid loss: 0.9534 | Train acc: 0.1017 | Valid acc: 0.1133 | patience: 157 | Epoch time: 1.4 |

2023-01-07 21:48:43,525 - INFO -
| Epoch:    158 | Train loss: 0.9526 | Valid loss: 1.0007 | Train acc: 0.1017 | Valid acc: 0.0992 | patience: 158 | Epoch time: 1.4 |

2023-01-07 21:48:44,892 - INFO -
| Epoch:    159 | Train loss: 0.9974 | Valid loss: 1.0612 | Train acc: 0.1069 | Valid acc: 0.0892 | patience: 159 | Epoch time: 1.4 |

2023-01-07 21:48:46,254 - INFO -
| Epoch:    160 | Train loss: 1.0567 | Valid loss: 0.9462 | Train acc: 0.0960 | Valid acc: 0.0892 | patience: 160 | Epoch time: 1.4 |

2023-01-07 21:48:47,619 - INFO -
| Epoch:    161 | Train loss: 0.9441 | Valid loss: 0.9538 | Train acc: 0.0960 | Valid acc: 0.1078 | patience: 161 | Epoch time: 1.4 |

2023-01-07 21:48:48,981 - INFO -
| Epoch:    162 | Train loss: 0.9538 | Valid loss: 1.0275 | Train acc: 0.1020 | Valid acc: 0.1078 | patience: 162 | Epoch time: 1.4 |

2023-01-07 21:48:50,344 - INFO -
| Epoch:    163 | Train loss: 1.0294 | Valid loss: 0.9683 | Train acc: 0.1020 | Valid acc: 0.0969 | patience: 163 | Epoch time: 1.4 |

2023-01-07 21:48:51,706 - INFO -
| Epoch:    164 | Train loss: 0.9696 | Valid loss: 0.9735 | Train acc: 0.0964 | Valid acc: 0.0969 | patience: 164 | Epoch time: 1.4 |

2023-01-07 21:48:53,068 - INFO -
| Epoch:    165 | Train loss: 0.9745 | Valid loss: 0.9723 | Train acc: 0.0964 | Valid acc: 0.0919 | patience: 165 | Epoch time: 1.4 |

2023-01-07 21:48:54,431 - INFO -
| Epoch:    166 | Train loss: 0.9732 | Valid loss: 0.9620 | Train acc: 0.0978 | Valid acc: 0.0919 | patience: 166 | Epoch time: 1.4 |

2023-01-07 21:48:55,798 - INFO -
| Epoch:    167 | Train loss: 0.9627 | Valid loss: 0.9549 | Train acc: 0.0978 | Valid acc: 0.1133 | patience: 167 | Epoch time: 1.4 |

2023-01-07 21:48:57,163 - INFO -
| Epoch:    168 | Train loss: 0.9565 | Valid loss: 0.9930 | Train acc: 0.1017 | Valid acc: 0.1133 | patience: 168 | Epoch time: 1.4 |

2023-01-07 21:48:58,525 - INFO -
| Epoch:    169 | Train loss: 0.9961 | Valid loss: 1.0221 | Train acc: 0.1017 | Valid acc: 0.1037 | patience: 169 | Epoch time: 1.4 |

2023-01-07 21:48:59,886 - INFO -
| Epoch:    170 | Train loss: 1.0231 | Valid loss: 1.0881 | Train acc: 0.1040 | Valid acc: 0.0992 | patience: 170 | Epoch time: 1.4 |

2023-01-07 21:49:01,254 - INFO -
| Epoch:    171 | Train loss: 1.0869 | Valid loss: 0.9979 | Train acc: 0.1069 | Valid acc: 0.0992 | patience: 171 | Epoch time: 1.4 |

2023-01-07 21:49:02,626 - INFO -
| Epoch:    172 | Train loss: 0.9984 | Valid loss: 1.0121 | Train acc: 0.1069 | Valid acc: 0.1078 | patience: 172 | Epoch time: 1.4 |

2023-01-07 21:49:03,993 - INFO -
| Epoch:    173 | Train loss: 1.0151 | Valid loss: 0.9968 | Train acc: 0.1020 | Valid acc: 0.1078 | patience: 173 | Epoch time: 1.4 |

2023-01-07 21:49:05,364 - INFO -
| Epoch:    174 | Train loss: 0.9998 | Valid loss: 1.0041 | Train acc: 0.1020 | Valid acc: 0.0969 | patience: 174 | Epoch time: 1.4 |

2023-01-07 21:49:06,737 - INFO -
| Epoch:    175 | Train loss: 1.0073 | Valid loss: 1.0009 | Train acc: 0.0964 | Valid acc: 0.0969 | patience: 175 | Epoch time: 1.4 |

2023-01-07 21:49:08,107 - INFO -
| Epoch:    176 | Train loss: 1.0043 | Valid loss: 1.0328 | Train acc: 0.0964 | Valid acc: 0.0969 | patience: 176 | Epoch time: 1.4 |

2023-01-07 21:49:09,475 - INFO -
| Epoch:    177 | Train loss: 1.0365 | Valid loss: 0.9850 | Train acc: 0.0964 | Valid acc: 0.0919 | patience: 177 | Epoch time: 1.4 |

2023-01-07 21:49:10,842 - INFO -
| Epoch:    178 | Train loss: 0.9888 | Valid loss: 1.0054 | Train acc: 0.0978 | Valid acc: 0.0919 | patience: 178 | Epoch time: 1.4 |

2023-01-07 21:49:12,210 - INFO -
| Epoch:    179 | Train loss: 1.0094 | Valid loss: 1.0431 | Train acc: 0.0978 | Valid acc: 0.1133 | patience: 179 | Epoch time: 1.4 |

2023-01-07 21:49:13,577 - INFO -
| Epoch:    180 | Train loss: 1.0496 | Valid loss: 1.0519 | Train acc: 0.1017 | Valid acc: 0.1037 | patience: 180 | Epoch time: 1.4 |

2023-01-07 21:49:14,944 - INFO -
| Epoch:    181 | Train loss: 1.0570 | Valid loss: 0.9929 | Train acc: 0.1040 | Valid acc: 0.1037 | patience: 181 | Epoch time: 1.4 |

2023-01-07 21:49:16,311 - INFO -
| Epoch:    182 | Train loss: 0.9977 | Valid loss: 0.9989 | Train acc: 0.1040 | Valid acc: 0.1078 | patience: 182 | Epoch time: 1.4 |

2023-01-07 21:49:17,684 - INFO -
| Epoch:    183 | Train loss: 1.0037 | Valid loss: 1.0096 | Train acc: 0.1020 | Valid acc: 0.1078 | patience: 183 | Epoch time: 1.4 |

2023-01-07 21:49:19,054 - INFO -
| Epoch:    184 | Train loss: 1.0147 | Valid loss: 1.0024 | Train acc: 0.1020 | Valid acc: 0.1078 | patience: 184 | Epoch time: 1.4 |

2023-01-07 21:49:20,422 - INFO -
| Epoch:    185 | Train loss: 1.0067 | Valid loss: 0.9998 | Train acc: 0.1020 | Valid acc: 0.0969 | patience: 185 | Epoch time: 1.4 |

2023-01-07 21:49:21,792 - INFO -
| Epoch:    186 | Train loss: 1.0038 | Valid loss: 0.9887 | Train acc: 0.0964 | Valid acc: 0.0969 | patience: 186 | Epoch time: 1.4 |

2023-01-07 21:49:23,161 - INFO -
| Epoch:    187 | Train loss: 0.9925 | Valid loss: 1.0194 | Train acc: 0.0964 | Valid acc: 0.0969 | patience: 187 | Epoch time: 1.4 |

2023-01-07 21:49:24,529 - INFO -
| Epoch:    188 | Train loss: 1.0233 | Valid loss: 0.9568 | Train acc: 0.0964 | Valid acc: 0.1133 | patience: 188 | Epoch time: 1.4 |

2023-01-07 21:49:25,897 - INFO -
| Epoch:    189 | Train loss: 0.9606 | Valid loss: 0.9717 | Train acc: 0.1017 | Valid acc: 0.0942 | patience: 189 | Epoch time: 1.4 |

2023-01-07 21:49:27,265 - INFO -
| Epoch:    190 | Train loss: 0.9756 | Valid loss: 1.0473 | Train acc: 0.0964 | Valid acc: 0.0919 | patience: 190 | Epoch time: 1.4 |

2023-01-07 21:49:28,637 - INFO -
| Epoch:    191 | Train loss: 1.0518 | Valid loss: 1.0821 | Train acc: 0.0978 | Valid acc: 0.1133 | patience: 191 | Epoch time: 1.4 |

2023-01-07 21:49:30,005 - INFO -
| Epoch:    192 | Train loss: 1.0900 | Valid loss: 1.0316 | Train acc: 0.1017 | Valid acc: 0.1037 | patience: 192 | Epoch time: 1.4 |

2023-01-07 21:49:31,374 - INFO -
| Epoch:    193 | Train loss: 1.0369 | Valid loss: 0.9692 | Train acc: 0.1040 | Valid acc: 0.1037 | patience: 193 | Epoch time: 1.4 |

2023-01-07 21:49:32,744 - INFO -
| Epoch:    194 | Train loss: 0.9739 | Valid loss: 1.0078 | Train acc: 0.1040 | Valid acc: 0.1078 | patience: 194 | Epoch time: 1.4 |

2023-01-07 21:49:34,115 - INFO -
| Epoch:    195 | Train loss: 1.0125 | Valid loss: 0.9972 | Train acc: 0.1020 | Valid acc: 0.1078 | patience: 195 | Epoch time: 1.4 |

2023-01-07 21:49:35,482 - INFO -
| Epoch:    196 | Train loss: 1.0007 | Valid loss: 1.0044 | Train acc: 0.1020 | Valid acc: 0.0969 | patience: 196 | Epoch time: 1.4 |

2023-01-07 21:49:36,850 - INFO -
| Epoch:    197 | Train loss: 1.0072 | Valid loss: 1.0029 | Train acc: 0.0964 | Valid acc: 0.0969 | patience: 197 | Epoch time: 1.4 |

2023-01-07 21:49:38,221 - INFO -
| Epoch:    198 | Train loss: 1.0051 | Valid loss: 1.0064 | Train acc: 0.0964 | Valid acc: 0.0969 | patience: 198 | Epoch time: 1.4 |

2023-01-07 21:49:39,589 - INFO -
| Epoch:    199 | Train loss: 1.0083 | Valid loss: 0.9922 | Train acc: 0.0964 | Valid acc: 0.0919 | patience: 199 | Epoch time: 1.4 |

2023-01-07 21:49:40,959 - INFO -
| Epoch:    200 | Train loss: 0.9937 | Valid loss: 1.0369 | Train acc: 0.0978 | Valid acc: 0.0919 | patience: 200 | Epoch time: 1.4 |

2023-01-07 21:49:42,330 - INFO -
| Epoch:    201 | Train loss: 1.0376 | Valid loss: 0.9790 | Train acc: 0.0978 | Valid acc: 0.0919 | patience: 201 | Epoch time: 1.4 |

2023-01-07 21:49:43,697 - INFO -
| Epoch:    202 | Train loss: 0.9808 | Valid loss: 1.0082 | Train acc: 0.0978 | Valid acc: 0.0942 | patience: 202 | Epoch time: 1.4 |

2023-01-07 21:49:45,066 - INFO -
| Epoch:    203 | Train loss: 1.0105 | Valid loss: 1.0254 | Train acc: 0.0964 | Valid acc: 0.1037 | patience: 203 | Epoch time: 1.4 |

2023-01-07 21:49:46,434 - INFO -
| Epoch:    204 | Train loss: 1.0290 | Valid loss: 0.9743 | Train acc: 0.1040 | Valid acc: 0.1078 | patience: 204 | Epoch time: 1.4 |

2023-01-07 21:49:47,805 - INFO -
| Epoch:    205 | Train loss: 0.9793 | Valid loss: 1.0291 | Train acc: 0.1020 | Valid acc: 0.1078 | patience: 205 | Epoch time: 1.4 |

2023-01-07 21:49:49,179 - INFO -
| Epoch:    206 | Train loss: 1.0358 | Valid loss: 1.0101 | Train acc: 0.1020 | Valid acc: 0.1133 | patience: 206 | Epoch time: 1.4 |

2023-01-07 21:49:50,552 - INFO -
| Epoch:    207 | Train loss: 1.0174 | Valid loss: 0.9920 | Train acc: 0.1017 | Valid acc: 0.1133 | patience: 207 | Epoch time: 1.4 |

2023-01-07 21:49:51,922 - INFO -
| Epoch:    208 | Train loss: 0.9975 | Valid loss: 0.9975 | Train acc: 0.1017 | Valid acc: 0.0969 | patience: 208 | Epoch time: 1.4 |

2023-01-07 21:49:53,294 - INFO -
| Epoch:    209 | Train loss: 1.0020 | Valid loss: 0.9941 | Train acc: 0.0964 | Valid acc: 0.0969 | patience: 209 | Epoch time: 1.4 |

2023-01-07 21:49:54,663 - INFO -
| Epoch:    210 | Train loss: 0.9980 | Valid loss: 0.9996 | Train acc: 0.0964 | Valid acc: 0.0969 | patience: 210 | Epoch time: 1.4 |

2023-01-07 21:49:56,032 - INFO -
| Epoch:    211 | Train loss: 1.0031 | Valid loss: 0.9796 | Train acc: 0.0964 | Valid acc: 0.0919 | patience: 211 | Epoch time: 1.4 |

2023-01-07 21:49:57,401 - INFO -
| Epoch:    212 | Train loss: 0.9827 | Valid loss: 1.0071 | Train acc: 0.0978 | Valid acc: 0.0919 | patience: 212 | Epoch time: 1.4 |

2023-01-07 21:49:58,769 - INFO -
| Epoch:    213 | Train loss: 1.0096 | Valid loss: 1.0203 | Train acc: 0.0978 | Valid acc: 0.1037 | patience: 213 | Epoch time: 1.4 |

2023-01-07 21:50:00,140 - INFO -
| Epoch:    214 | Train loss: 1.0240 | Valid loss: 0.9644 | Train acc: 0.1040 | Valid acc: 0.1037 | patience: 214 | Epoch time: 1.4 |

2023-01-07 21:50:01,508 - INFO -
| Epoch:    215 | Train loss: 0.9692 | Valid loss: 0.9739 | Train acc: 0.1040 | Valid acc: 0.1078 | patience: 215 | Epoch time: 1.4 |

2023-01-07 21:50:02,877 - INFO -
| Epoch:    216 | Train loss: 0.9799 | Valid loss: 0.9942 | Train acc: 0.1020 | Valid acc: 0.1133 | patience: 216 | Epoch time: 1.4 |

2023-01-07 21:50:04,245 - INFO -
| Epoch:    217 | Train loss: 1.0008 | Valid loss: 1.0473 | Train acc: 0.1017 | Valid acc: 0.0942 | patience: 217 | Epoch time: 1.4 |

2023-01-07 21:50:05,613 - INFO -
| Epoch:    218 | Train loss: 1.0514 | Valid loss: 0.9845 | Train acc: 0.0964 | Valid acc: 0.0942 | patience: 218 | Epoch time: 1.4 |

2023-01-07 21:50:06,983 - INFO -
| Epoch:    219 | Train loss: 0.9882 | Valid loss: 0.9939 | Train acc: 0.0964 | Valid acc: 0.0969 | patience: 219 | Epoch time: 1.4 |

2023-01-07 21:50:08,352 - INFO -
| Epoch:    220 | Train loss: 0.9972 | Valid loss: 0.9933 | Train acc: 0.0964 | Valid acc: 0.0969 | patience: 220 | Epoch time: 1.4 |

2023-01-07 21:50:09,719 - INFO -
| Epoch:    221 | Train loss: 0.9963 | Valid loss: 0.9834 | Train acc: 0.0964 | Valid acc: 0.0969 | patience: 221 | Epoch time: 1.4 |

2023-01-07 21:50:11,090 - INFO -
| Epoch:    222 | Train loss: 0.9863 | Valid loss: 1.0296 | Train acc: 0.0964 | Valid acc: 0.0969 | patience: 222 | Epoch time: 1.4 |

2023-01-07 21:50:12,458 - INFO -
| Epoch:    223 | Train loss: 1.0324 | Valid loss: 1.0010 | Train acc: 0.0964 | Valid acc: 0.1037 | patience: 223 | Epoch time: 1.4 |

2023-01-07 21:50:13,825 - INFO -
| Epoch:    224 | Train loss: 1.0037 | Valid loss: 1.0402 | Train acc: 0.1040 | Valid acc: 0.0919 | patience: 224 | Epoch time: 1.4 |

2023-01-07 21:50:15,194 - INFO -
| Epoch:    225 | Train loss: 1.0425 | Valid loss: 0.9680 | Train acc: 0.0978 | Valid acc: 0.0919 | patience: 225 | Epoch time: 1.4 |

2023-01-07 21:50:16,563 - INFO -
| Epoch:    226 | Train loss: 0.9722 | Valid loss: 0.9639 | Train acc: 0.0978 | Valid acc: 0.1078 | patience: 226 | Epoch time: 1.4 |

2023-01-07 21:50:17,933 - INFO -
| Epoch:    227 | Train loss: 0.9696 | Valid loss: 1.0284 | Train acc: 0.1020 | Valid acc: 0.1078 | patience: 227 | Epoch time: 1.4 |

2023-01-07 21:50:19,303 - INFO -
| Epoch:    228 | Train loss: 1.0360 | Valid loss: 1.0429 | Train acc: 0.1020 | Valid acc: 0.1133 | patience: 228 | Epoch time: 1.4 |

2023-01-07 21:50:20,672 - INFO -
| Epoch:    229 | Train loss: 1.0517 | Valid loss: 0.9609 | Train acc: 0.1017 | Valid acc: 0.1133 | patience: 229 | Epoch time: 1.4 |

2023-01-07 21:50:22,045 - INFO -
| Epoch:    230 | Train loss: 0.9666 | Valid loss: 1.0112 | Train acc: 0.1017 | Valid acc: 0.0942 | patience: 230 | Epoch time: 1.4 |

2023-01-07 21:50:23,415 - INFO -
| Epoch:    231 | Train loss: 1.0155 | Valid loss: 0.9712 | Train acc: 0.0964 | Valid acc: 0.0969 | patience: 231 | Epoch time: 1.4 |

2023-01-07 21:50:24,786 - INFO -
| Epoch:    232 | Train loss: 0.9753 | Valid loss: 0.9707 | Train acc: 0.0964 | Valid acc: 0.0969 | patience: 232 | Epoch time: 1.4 |

2023-01-07 21:50:26,155 - INFO -
| Epoch:    233 | Train loss: 0.9747 | Valid loss: 1.0238 | Train acc: 0.0964 | Valid acc: 0.0969 | patience: 233 | Epoch time: 1.4 |

2023-01-07 21:50:27,523 - INFO -
| Epoch:    234 | Train loss: 1.0276 | Valid loss: 1.0264 | Train acc: 0.0964 | Valid acc: 0.1037 | patience: 234 | Epoch time: 1.4 |

2023-01-07 21:50:28,889 - INFO -
| Epoch:    235 | Train loss: 1.0302 | Valid loss: 0.9671 | Train acc: 0.1040 | Valid acc: 0.1037 | patience: 235 | Epoch time: 1.4 |

2023-01-07 21:50:30,258 - INFO -
| Epoch:    236 | Train loss: 0.9711 | Valid loss: 0.9673 | Train acc: 0.1040 | Valid acc: 0.1078 | patience: 236 | Epoch time: 1.4 |

2023-01-07 21:50:31,627 - INFO -
| Epoch:    237 | Train loss: 0.9716 | Valid loss: 1.0335 | Train acc: 0.1020 | Valid acc: 0.0919 | patience: 237 | Epoch time: 1.4 |

2023-01-07 21:50:32,999 - INFO -
| Epoch:    238 | Train loss: 1.0368 | Valid loss: 0.9793 | Train acc: 0.0978 | Valid acc: 0.0919 | patience: 238 | Epoch time: 1.4 |

2023-01-07 21:50:34,370 - INFO -
| Epoch:    239 | Train loss: 0.9838 | Valid loss: 0.9850 | Train acc: 0.0978 | Valid acc: 0.1133 | patience: 239 | Epoch time: 1.4 |

2023-01-07 21:50:35,739 - INFO -
| Epoch:    240 | Train loss: 0.9906 | Valid loss: 0.9903 | Train acc: 0.1017 | Valid acc: 0.1133 | patience: 240 | Epoch time: 1.4 |

2023-01-07 21:50:37,110 - INFO -
| Epoch:    241 | Train loss: 0.9948 | Valid loss: 0.9910 | Train acc: 0.1017 | Valid acc: 0.0969 | patience: 241 | Epoch time: 1.4 |

2023-01-07 21:50:38,478 - INFO -
| Epoch:    242 | Train loss: 0.9948 | Valid loss: 0.9818 | Train acc: 0.0964 | Valid acc: 0.0969 | patience: 242 | Epoch time: 1.4 |

2023-01-07 21:50:39,846 - INFO -
| Epoch:    243 | Train loss: 0.9852 | Valid loss: 0.9640 | Train acc: 0.0964 | Valid acc: 0.0969 | patience: 243 | Epoch time: 1.4 |

2023-01-07 21:50:41,213 - INFO -
| Epoch:    244 | Train loss: 0.9672 | Valid loss: 1.0014 | Train acc: 0.0964 | Valid acc: 0.0942 | patience: 244 | Epoch time: 1.4 |

2023-01-07 21:50:42,580 - INFO -
| Epoch:    245 | Train loss: 1.0044 | Valid loss: 1.0159 | Train acc: 0.0964 | Valid acc: 0.0969 | patience: 245 | Epoch time: 1.4 |

2023-01-07 21:50:43,952 - INFO -
| Epoch:    246 | Train loss: 1.0196 | Valid loss: 1.0202 | Train acc: 0.0964 | Valid acc: 0.1037 | patience: 246 | Epoch time: 1.4 |

2023-01-07 21:50:45,321 - INFO -
| Epoch:    247 | Train loss: 1.0242 | Valid loss: 0.9399 | Train acc: 0.1040 | Valid acc: 0.0919 | patience: 247 | Epoch time: 1.4 |

2023-01-07 21:50:46,686 - INFO -
| Epoch:    248 | Train loss: 0.9446 | Valid loss: 0.9367 | Train acc: 0.0978 | Valid acc: 0.1078 | patience: 248 | Epoch time: 1.4 |

2023-01-07 21:50:48,053 - INFO -
| Epoch:    249 | Train loss: 0.9431 | Valid loss: 1.0014 | Train acc: 0.1020 | Valid acc: 0.1078 | patience: 249 | Epoch time: 1.4 |

2023-01-07 21:50:49,419 - INFO -
| Epoch:    250 | Train loss: 1.0103 | Valid loss: 0.9291 | Train acc: 0.1020 | Valid acc: 0.1133 | patience: 250 | Epoch time: 1.4 |

2023-01-07 21:50:50,786 - INFO -
| Epoch:    251 | Train loss: 0.9386 | Valid loss: 0.9917 | Train acc: 0.1017 | Valid acc: 0.1133 | patience: 251 | Epoch time: 1.4 |

2023-01-07 21:50:52,154 - INFO -
| Epoch:    252 | Train loss: 1.0033 | Valid loss: 1.0559 | Train acc: 0.1017 | Valid acc: 0.1115 | patience: 252 | Epoch time: 1.4 |

2023-01-07 21:50:53,522 - INFO -
| Epoch:    253 | Train loss: 1.0676 | Valid loss: 0.9442 | Train acc: 0.1042 | Valid acc: 0.1115 | patience: 253 | Epoch time: 1.4 |

2023-01-07 21:50:54,899 - INFO -
| Epoch:    254 | Train loss: 0.9530 | Valid loss: 0.9584 | Train acc: 0.1042 | Valid acc: 0.1037 | patience: 254 | Epoch time: 1.4 |

2023-01-07 21:50:56,267 - INFO -
| Epoch:    255 | Train loss: 0.9647 | Valid loss: 0.9591 | Train acc: 0.1040 | Valid acc: 0.1037 | patience: 255 | Epoch time: 1.4 |

2023-01-07 21:50:57,633 - INFO -
| Epoch:    256 | Train loss: 0.9640 | Valid loss: 0.9585 | Train acc: 0.1040 | Valid acc: 0.1037 | patience: 256 | Epoch time: 1.4 |

2023-01-07 21:50:58,993 - INFO -
| Epoch:    257 | Train loss: 0.9628 | Valid loss: 0.9871 | Train acc: 0.1040 | Valid acc: 0.0942 | patience: 257 | Epoch time: 1.4 |

2023-01-07 21:51:00,354 - INFO -
| Epoch:    258 | Train loss: 0.9910 | Valid loss: 0.9950 | Train acc: 0.0964 | Valid acc: 0.0969 | patience: 258 | Epoch time: 1.4 |

2023-01-07 21:51:01,713 - INFO -
| Epoch:    259 | Train loss: 0.9996 | Valid loss: 1.0068 | Train acc: 0.0964 | Valid acc: 0.1078 | patience: 259 | Epoch time: 1.4 |

2023-01-07 21:51:03,072 - INFO -
| Epoch:    260 | Train loss: 1.0124 | Valid loss: 1.0085 | Train acc: 0.1020 | Valid acc: 0.0919 | patience: 260 | Epoch time: 1.4 |

2023-01-07 21:51:04,433 - INFO -
| Epoch:    261 | Train loss: 1.0127 | Valid loss: 1.0315 | Train acc: 0.0978 | Valid acc: 0.1133 | patience: 261 | Epoch time: 1.4 |

2023-01-07 21:51:05,798 - INFO -
| Epoch:    262 | Train loss: 1.0380 | Valid loss: 0.9930 | Train acc: 0.1017 | Valid acc: 0.1133 | patience: 262 | Epoch time: 1.4 |

2023-01-07 21:51:07,158 - INFO -
| Epoch:    263 | Train loss: 0.9975 | Valid loss: 1.0071 | Train acc: 0.1017 | Valid acc: 0.1133 | patience: 263 | Epoch time: 1.4 |

2023-01-07 21:51:08,518 - INFO -
| Epoch:    264 | Train loss: 1.0108 | Valid loss: 1.0120 | Train acc: 0.1017 | Valid acc: 0.1037 | patience: 264 | Epoch time: 1.4 |

2023-01-07 21:51:09,879 - INFO -
| Epoch:    265 | Train loss: 1.0152 | Valid loss: 1.0090 | Train acc: 0.1040 | Valid acc: 0.1037 | patience: 265 | Epoch time: 1.4 |

2023-01-07 21:51:11,240 - INFO -
| Epoch:    266 | Train loss: 1.0119 | Valid loss: 0.9991 | Train acc: 0.1040 | Valid acc: 0.1037 | patience: 266 | Epoch time: 1.4 |

2023-01-07 21:51:12,601 - INFO -
| Epoch:    267 | Train loss: 1.0018 | Valid loss: 1.0142 | Train acc: 0.1040 | Valid acc: 0.1037 | patience: 267 | Epoch time: 1.4 |

2023-01-07 21:51:13,962 - INFO -
| Epoch:    268 | Train loss: 1.0169 | Valid loss: 0.9744 | Train acc: 0.1040 | Valid acc: 0.1037 | patience: 268 | Epoch time: 1.4 |

2023-01-07 21:51:15,322 - INFO -
| Epoch:    269 | Train loss: 0.9772 | Valid loss: 0.9573 | Train acc: 0.1040 | Valid acc: 0.0942 | patience: 269 | Epoch time: 1.4 |

2023-01-07 21:51:16,689 - INFO -
| Epoch:    270 | Train loss: 0.9602 | Valid loss: 0.9720 | Train acc: 0.0964 | Valid acc: 0.0942 | patience: 270 | Epoch time: 1.4 |

2023-01-07 21:51:18,050 - INFO -
| Epoch:    271 | Train loss: 0.9751 | Valid loss: 0.9909 | Train acc: 0.0964 | Valid acc: 0.0969 | patience: 271 | Epoch time: 1.4 |

2023-01-07 21:51:19,412 - INFO -
| Epoch:    272 | Train loss: 0.9951 | Valid loss: 1.0284 | Train acc: 0.0964 | Valid acc: 0.0919 | patience: 272 | Epoch time: 1.4 |

2023-01-07 21:51:20,771 - INFO -
| Epoch:    273 | Train loss: 1.0336 | Valid loss: 1.0733 | Train acc: 0.0978 | Valid acc: 0.1133 | patience: 273 | Epoch time: 1.4 |

2023-01-07 21:51:22,132 - INFO -
| Epoch:    274 | Train loss: 1.0814 | Valid loss: 1.1449 | Train acc: 0.1017 | Valid acc: 0.1078 | patience: 274 | Epoch time: 1.4 |

2023-01-07 21:51:23,493 - INFO -
| Epoch:    275 | Train loss: 1.1537 | Valid loss: 1.0391 | Train acc: 0.1020 | Valid acc: 0.1078 | patience: 275 | Epoch time: 1.4 |

2023-01-07 21:51:24,856 - INFO -
| Epoch:    276 | Train loss: 1.0458 | Valid loss: 0.9885 | Train acc: 0.1020 | Valid acc: 0.1037 | patience: 276 | Epoch time: 1.4 |

2023-01-07 21:51:26,218 - INFO -
| Epoch:    277 | Train loss: 0.9927 | Valid loss: 1.0442 | Train acc: 0.1040 | Valid acc: 0.1037 | patience: 277 | Epoch time: 1.4 |

2023-01-07 21:51:27,584 - INFO -
| Epoch:    278 | Train loss: 1.0472 | Valid loss: 1.0184 | Train acc: 0.1040 | Valid acc: 0.1037 | patience: 278 | Epoch time: 1.4 |

2023-01-07 21:51:28,945 - INFO -
| Epoch:    279 | Train loss: 1.0209 | Valid loss: 1.0237 | Train acc: 0.1040 | Valid acc: 0.0969 | patience: 279 | Epoch time: 1.4 |

2023-01-07 21:51:30,307 - INFO -
| Epoch:    280 | Train loss: 1.0259 | Valid loss: 1.0203 | Train acc: 0.0964 | Valid acc: 0.0969 | patience: 280 | Epoch time: 1.4 |

2023-01-07 21:51:31,669 - INFO -
| Epoch:    281 | Train loss: 1.0223 | Valid loss: 1.0211 | Train acc: 0.0964 | Valid acc: 0.0969 | patience: 281 | Epoch time: 1.4 |

2023-01-07 21:51:33,030 - INFO -
| Epoch:    282 | Train loss: 1.0232 | Valid loss: 1.0053 | Train acc: 0.0964 | Valid acc: 0.1133 | patience: 282 | Epoch time: 1.4 |

2023-01-07 21:51:34,392 - INFO -
| Epoch:    283 | Train loss: 1.0074 | Valid loss: 1.0148 | Train acc: 0.1017 | Valid acc: 0.0942 | patience: 283 | Epoch time: 1.4 |

2023-01-07 21:51:35,751 - INFO -
| Epoch:    284 | Train loss: 1.0170 | Valid loss: 1.0501 | Train acc: 0.0964 | Valid acc: 0.1133 | patience: 284 | Epoch time: 1.4 |

2023-01-07 21:51:37,112 - INFO -
| Epoch:    285 | Train loss: 1.0536 | Valid loss: 1.0072 | Train acc: 0.1017 | Valid acc: 0.0919 | patience: 285 | Epoch time: 1.4 |

2023-01-07 21:51:38,477 - INFO -
| Epoch:    286 | Train loss: 1.0084 | Valid loss: 1.0606 | Train acc: 0.0978 | Valid acc: 0.0919 | patience: 286 | Epoch time: 1.4 |

2023-01-07 21:51:39,837 - INFO -
| Epoch:    287 | Train loss: 1.0602 | Valid loss: 1.0403 | Train acc: 0.0978 | Valid acc: 0.1037 | patience: 287 | Epoch time: 1.4 |

2023-01-07 21:51:41,199 - INFO -
| Epoch:    288 | Train loss: 1.0402 | Valid loss: 1.0354 | Train acc: 0.1040 | Valid acc: 0.1037 | patience: 288 | Epoch time: 1.4 |

2023-01-07 21:51:42,562 - INFO -
| Epoch:    289 | Train loss: 1.0353 | Valid loss: 1.0438 | Train acc: 0.1040 | Valid acc: 0.1037 | patience: 289 | Epoch time: 1.4 |

2023-01-07 21:51:43,922 - INFO -
| Epoch:    290 | Train loss: 1.0437 | Valid loss: 1.0456 | Train acc: 0.1040 | Valid acc: 0.1037 | patience: 290 | Epoch time: 1.4 |

2023-01-07 21:51:45,282 - INFO -
| Epoch:    291 | Train loss: 1.0454 | Valid loss: 1.0407 | Train acc: 0.1040 | Valid acc: 0.0969 | patience: 291 | Epoch time: 1.4 |

2023-01-07 21:51:46,642 - INFO -
| Epoch:    292 | Train loss: 1.0405 | Valid loss: 1.0306 | Train acc: 0.0964 | Valid acc: 0.0969 | patience: 292 | Epoch time: 1.4 |

2023-01-07 21:51:48,006 - INFO -
| Epoch:    293 | Train loss: 1.0305 | Valid loss: 1.0145 | Train acc: 0.0964 | Valid acc: 0.0969 | patience: 293 | Epoch time: 1.4 |

2023-01-07 21:51:49,369 - INFO -
| Epoch:    294 | Train loss: 1.0143 | Valid loss: 1.0461 | Train acc: 0.0964 | Valid acc: 0.0969 | patience: 294 | Epoch time: 1.4 |

2023-01-07 21:51:50,728 - INFO -
| Epoch:    295 | Train loss: 1.0459 | Valid loss: 0.9783 | Train acc: 0.0964 | Valid acc: 0.0969 | patience: 295 | Epoch time: 1.4 |

2023-01-07 21:51:52,088 - INFO -
| Epoch:    296 | Train loss: 0.9779 | Valid loss: 0.9743 | Train acc: 0.0964 | Valid acc: 0.0942 | patience: 296 | Epoch time: 1.4 |

2023-01-07 21:51:53,449 - INFO -
| Epoch:    297 | Train loss: 0.9739 | Valid loss: 1.0045 | Train acc: 0.0964 | Valid acc: 0.0919 | patience: 297 | Epoch time: 1.4 |

2023-01-07 21:51:54,809 - INFO -
| Epoch:    298 | Train loss: 1.0046 | Valid loss: 1.0711 | Train acc: 0.0978 | Valid acc: 0.1133 | patience: 298 | Epoch time: 1.4 |

2023-01-07 21:51:56,170 - INFO -
| Epoch:    299 | Train loss: 1.0733 | Valid loss: 1.0802 | Train acc: 0.1017 | Valid acc: 0.1037 | patience: 299 | Epoch time: 1.4 |

2023-01-07 21:51:57,529 - INFO -
| Epoch:    300 | Train loss: 1.0801 | Valid loss: 0.9963 | Train acc: 0.1040 | Valid acc: 0.1037 | patience: 300 | Epoch time: 1.4 |

2023-01-07 21:51:58,891 - INFO -
| Epoch:    301 | Train loss: 0.9947 | Valid loss: 1.0825 | Train acc: 0.1040 | Valid acc: 0.0992 | patience: 301 | Epoch time: 1.4 |

2023-01-07 21:52:00,254 - INFO -
| Epoch:    302 | Train loss: 1.0788 | Valid loss: 1.0170 | Train acc: 0.1069 | Valid acc: 0.0992 | patience: 302 | Epoch time: 1.4 |

2023-01-07 21:52:01,615 - INFO -
| Epoch:    303 | Train loss: 1.0148 | Valid loss: 1.0309 | Train acc: 0.1069 | Valid acc: 0.0969 | patience: 303 | Epoch time: 1.4 |

2023-01-07 21:52:02,978 - INFO -
| Epoch:    304 | Train loss: 1.0291 | Valid loss: 1.0359 | Train acc: 0.0964 | Valid acc: 0.0969 | patience: 304 | Epoch time: 1.4 |

2023-01-07 21:52:04,339 - INFO -
| Epoch:    305 | Train loss: 1.0344 | Valid loss: 1.0440 | Train acc: 0.0964 | Valid acc: 0.0969 | patience: 305 | Epoch time: 1.4 |

2023-01-07 21:52:05,700 - INFO -
| Epoch:    306 | Train loss: 1.0426 | Valid loss: 1.0455 | Train acc: 0.0964 | Valid acc: 0.0969 | patience: 306 | Epoch time: 1.4 |

2023-01-07 21:52:07,059 - INFO -
| Epoch:    307 | Train loss: 1.0440 | Valid loss: 1.0393 | Train acc: 0.0964 | Valid acc: 0.0942 | patience: 307 | Epoch time: 1.4 |

2023-01-07 21:52:08,418 - INFO -
| Epoch:    308 | Train loss: 1.0377 | Valid loss: 1.0262 | Train acc: 0.0964 | Valid acc: 0.0942 | patience: 308 | Epoch time: 1.4 |

2023-01-07 21:52:09,781 - INFO -
| Epoch:    309 | Train loss: 1.0244 | Valid loss: 1.0279 | Train acc: 0.0964 | Valid acc: 0.0942 | patience: 309 | Epoch time: 1.4 |

2023-01-07 21:52:11,143 - INFO -
| Epoch:    310 | Train loss: 1.0258 | Valid loss: 0.9980 | Train acc: 0.0964 | Valid acc: 0.0919 | patience: 310 | Epoch time: 1.4 |

2023-01-07 21:52:12,503 - INFO -
| Epoch:    311 | Train loss: 0.9960 | Valid loss: 1.0591 | Train acc: 0.0978 | Valid acc: 0.1133 | patience: 311 | Epoch time: 1.4 |

2023-01-07 21:52:13,862 - INFO -
| Epoch:    312 | Train loss: 1.0583 | Valid loss: 1.1299 | Train acc: 0.1017 | Valid acc: 0.0992 | patience: 312 | Epoch time: 1.4 |

2023-01-07 21:52:15,223 - INFO -
| Epoch:    313 | Train loss: 1.1266 | Valid loss: 1.0288 | Train acc: 0.1069 | Valid acc: 0.0992 | patience: 313 | Epoch time: 1.4 |

2023-01-07 21:52:16,583 - INFO -
| Epoch:    314 | Train loss: 1.0272 | Valid loss: 1.0419 | Train acc: 0.1069 | Valid acc: 0.0992 | patience: 314 | Epoch time: 1.4 |

2023-01-07 21:52:17,942 - INFO -
| Epoch:    315 | Train loss: 1.0408 | Valid loss: 1.0459 | Train acc: 0.1069 | Valid acc: 0.0969 | patience: 315 | Epoch time: 1.4 |

2023-01-07 21:52:19,303 - INFO -
| Epoch:    316 | Train loss: 1.0451 | Valid loss: 1.0425 | Train acc: 0.0964 | Valid acc: 0.0969 | patience: 316 | Epoch time: 1.4 |

2023-01-07 21:52:20,667 - INFO -
| Epoch:    317 | Train loss: 1.0419 | Valid loss: 1.0785 | Train acc: 0.0964 | Valid acc: 0.0969 | patience: 317 | Epoch time: 1.4 |

2023-01-07 21:52:22,031 - INFO -
| Epoch:    318 | Train loss: 1.0781 | Valid loss: 1.0346 | Train acc: 0.0964 | Valid acc: 0.0969 | patience: 318 | Epoch time: 1.4 |

2023-01-07 21:52:23,391 - INFO -
| Epoch:    319 | Train loss: 1.0342 | Valid loss: 1.0285 | Train acc: 0.0964 | Valid acc: 0.1133 | patience: 319 | Epoch time: 1.4 |

2023-01-07 21:52:24,751 - INFO -
| Epoch:    320 | Train loss: 1.0282 | Valid loss: 1.0144 | Train acc: 0.1017 | Valid acc: 0.1133 | patience: 320 | Epoch time: 1.4 |

2023-01-07 21:52:26,116 - INFO -
| Epoch:    321 | Train loss: 1.0141 | Valid loss: 1.0396 | Train acc: 0.1017 | Valid acc: 0.1133 | patience: 321 | Epoch time: 1.4 |

2023-01-07 21:52:27,475 - INFO -
| Epoch:    322 | Train loss: 1.0399 | Valid loss: 1.0556 | Train acc: 0.1017 | Valid acc: 0.0919 | patience: 322 | Epoch time: 1.4 |

2023-01-07 21:52:28,836 - INFO -
| Epoch:    323 | Train loss: 1.0529 | Valid loss: 1.1001 | Train acc: 0.0978 | Valid acc: 0.0942 | patience: 323 | Epoch time: 1.4 |

2023-01-07 21:52:30,197 - INFO -
| Epoch:    324 | Train loss: 1.0964 | Valid loss: 1.0592 | Train acc: 0.0964 | Valid acc: 0.0992 | patience: 324 | Epoch time: 1.4 |

2023-01-07 21:52:31,561 - INFO -
| Epoch:    325 | Train loss: 1.0549 | Valid loss: 1.0212 | Train acc: 0.1069 | Valid acc: 0.0992 | patience: 325 | Epoch time: 1.4 |

2023-01-07 21:52:32,923 - INFO -
| Epoch:    326 | Train loss: 1.0184 | Valid loss: 1.0324 | Train acc: 0.1069 | Valid acc: 0.0969 | patience: 326 | Epoch time: 1.4 |

2023-01-07 21:52:34,283 - INFO -
| Epoch:    327 | Train loss: 1.0304 | Valid loss: 1.0345 | Train acc: 0.0964 | Valid acc: 0.0969 | patience: 327 | Epoch time: 1.4 |

2023-01-07 21:52:35,644 - INFO -
| Epoch:    328 | Train loss: 1.0330 | Valid loss: 1.0883 | Train acc: 0.0964 | Valid acc: 0.0969 | patience: 328 | Epoch time: 1.4 |

2023-01-07 21:52:37,005 - INFO -
| Epoch:    329 | Train loss: 1.0872 | Valid loss: 1.0347 | Train acc: 0.0964 | Valid acc: 0.0969 | patience: 329 | Epoch time: 1.4 |

2023-01-07 21:52:38,365 - INFO -
| Epoch:    330 | Train loss: 1.0338 | Valid loss: 1.0323 | Train acc: 0.0964 | Valid acc: 0.1133 | patience: 330 | Epoch time: 1.4 |

2023-01-07 21:52:39,727 - INFO -
| Epoch:    331 | Train loss: 1.0316 | Valid loss: 1.0227 | Train acc: 0.1017 | Valid acc: 0.1133 | patience: 331 | Epoch time: 1.4 |

2023-01-07 21:52:41,088 - INFO -
| Epoch:    332 | Train loss: 1.0221 | Valid loss: 1.0397 | Train acc: 0.1017 | Valid acc: 0.1133 | patience: 332 | Epoch time: 1.4 |

2023-01-07 21:52:42,452 - INFO -
| Epoch:    333 | Train loss: 1.0396 | Valid loss: 1.0580 | Train acc: 0.1017 | Valid acc: 0.0919 | patience: 333 | Epoch time: 1.4 |

2023-01-07 21:52:43,814 - INFO -
| Epoch:    334 | Train loss: 1.0552 | Valid loss: 1.0454 | Train acc: 0.0978 | Valid acc: 0.0992 | patience: 334 | Epoch time: 1.4 |

2023-01-07 21:52:45,175 - INFO -
| Epoch:    335 | Train loss: 1.0420 | Valid loss: 1.0244 | Train acc: 0.1069 | Valid acc: 0.0992 | patience: 335 | Epoch time: 1.4 |

2023-01-07 21:52:46,537 - INFO -
| Epoch:    336 | Train loss: 1.0220 | Valid loss: 1.0286 | Train acc: 0.1069 | Valid acc: 0.0942 | patience: 336 | Epoch time: 1.4 |

2023-01-07 21:52:47,901 - INFO -
| Epoch:    337 | Train loss: 1.0267 | Valid loss: 1.0622 | Train acc: 0.0964 | Valid acc: 0.0942 | patience: 337 | Epoch time: 1.4 |

2023-01-07 21:52:49,263 - INFO -
| Epoch:    338 | Train loss: 1.0604 | Valid loss: 1.0325 | Train acc: 0.0964 | Valid acc: 0.0969 | patience: 338 | Epoch time: 1.4 |

2023-01-07 21:52:50,626 - INFO -
| Epoch:    339 | Train loss: 1.0315 | Valid loss: 1.0623 | Train acc: 0.0964 | Valid acc: 0.0969 | patience: 339 | Epoch time: 1.4 |

2023-01-07 21:52:51,988 - INFO -
| Epoch:    340 | Train loss: 1.0618 | Valid loss: 1.0413 | Train acc: 0.0964 | Valid acc: 0.0969 | patience: 340 | Epoch time: 1.4 |

2023-01-07 21:52:53,353 - INFO -
| Epoch:    341 | Train loss: 1.0411 | Valid loss: 1.0418 | Train acc: 0.0964 | Valid acc: 0.1133 | patience: 341 | Epoch time: 1.4 |

2023-01-07 21:52:54,714 - INFO -
| Epoch:    342 | Train loss: 1.0420 | Valid loss: 1.0349 | Train acc: 0.1017 | Valid acc: 0.1133 | patience: 342 | Epoch time: 1.4 |

2023-01-07 21:52:56,075 - INFO -
| Epoch:    343 | Train loss: 1.0354 | Valid loss: 1.0730 | Train acc: 0.1017 | Valid acc: 0.1133 | patience: 343 | Epoch time: 1.4 |

2023-01-07 21:52:57,438 - INFO -
| Epoch:    344 | Train loss: 1.0746 | Valid loss: 1.0226 | Train acc: 0.1017 | Valid acc: 0.1133 | patience: 344 | Epoch time: 1.4 |

2023-01-07 21:52:58,800 - INFO -
| Epoch:    345 | Train loss: 1.0217 | Valid loss: 1.0421 | Train acc: 0.1017 | Valid acc: 0.0992 | patience: 345 | Epoch time: 1.4 |

2023-01-07 21:53:00,160 - INFO -
| Epoch:    346 | Train loss: 1.0392 | Valid loss: 1.0190 | Train acc: 0.1069 | Valid acc: 0.0919 | patience: 346 | Epoch time: 1.4 |

2023-01-07 21:53:01,520 - INFO -
| Epoch:    347 | Train loss: 1.0163 | Valid loss: 1.0737 | Train acc: 0.0978 | Valid acc: 0.0919 | patience: 347 | Epoch time: 1.4 |

2023-01-07 21:53:02,882 - INFO -
| Epoch:    348 | Train loss: 1.0703 | Valid loss: 1.0178 | Train acc: 0.0978 | Valid acc: 0.0919 | patience: 348 | Epoch time: 1.4 |

2023-01-07 21:53:04,248 - INFO -
| Epoch:    349 | Train loss: 1.0154 | Valid loss: 1.0123 | Train acc: 0.0978 | Valid acc: 0.0942 | patience: 349 | Epoch time: 1.4 |

2023-01-07 21:53:05,610 - INFO -
| Epoch:    350 | Train loss: 1.0103 | Valid loss: 1.0843 | Train acc: 0.0964 | Valid acc: 0.0942 | patience: 350 | Epoch time: 1.4 |

2023-01-07 21:53:06,971 - INFO -
| Epoch:    351 | Train loss: 1.0824 | Valid loss: 1.0531 | Train acc: 0.0964 | Valid acc: 0.0969 | patience: 351 | Epoch time: 1.4 |

2023-01-07 21:53:08,332 - INFO -
| Epoch:    352 | Train loss: 1.0522 | Valid loss: 1.0087 | Train acc: 0.0964 | Valid acc: 0.0969 | patience: 352 | Epoch time: 1.4 |

2023-01-07 21:53:09,693 - INFO -
| Epoch:    353 | Train loss: 1.0083 | Valid loss: 1.0168 | Train acc: 0.0964 | Valid acc: 0.1133 | patience: 353 | Epoch time: 1.4 |

2023-01-07 21:53:11,057 - INFO -
| Epoch:    354 | Train loss: 1.0171 | Valid loss: 1.0164 | Train acc: 0.1017 | Valid acc: 0.0992 | patience: 354 | Epoch time: 1.4 |

2023-01-07 21:53:12,418 - INFO -
| Epoch:    355 | Train loss: 1.0149 | Valid loss: 1.0151 | Train acc: 0.1069 | Valid acc: 0.0992 | patience: 355 | Epoch time: 1.4 |

2023-01-07 21:53:13,778 - INFO -
| Epoch:    356 | Train loss: 1.0122 | Valid loss: 1.0791 | Train acc: 0.1069 | Valid acc: 0.0992 | patience: 356 | Epoch time: 1.4 |

2023-01-07 21:53:15,143 - INFO -
| Epoch:    357 | Train loss: 1.0741 | Valid loss: 1.0268 | Train acc: 0.1069 | Valid acc: 0.0919 | patience: 357 | Epoch time: 1.4 |

2023-01-07 21:53:16,505 - INFO -
| Epoch:    358 | Train loss: 1.0226 | Valid loss: 1.0203 | Train acc: 0.0978 | Valid acc: 0.0919 | patience: 358 | Epoch time: 1.4 |

2023-01-07 21:53:17,868 - INFO -
| Epoch:    359 | Train loss: 1.0171 | Valid loss: 1.0210 | Train acc: 0.0978 | Valid acc: 0.0969 | patience: 359 | Epoch time: 1.4 |

2023-01-07 21:53:19,230 - INFO -
| Epoch:    360 | Train loss: 1.0184 | Valid loss: 1.0130 | Train acc: 0.0964 | Valid acc: 0.0969 | patience: 360 | Epoch time: 1.4 |

2023-01-07 21:53:20,590 - INFO -
| Epoch:    361 | Train loss: 1.0107 | Valid loss: 0.9965 | Train acc: 0.0964 | Valid acc: 0.0969 | patience: 361 | Epoch time: 1.4 |

2023-01-07 21:53:21,950 - INFO -
| Epoch:    362 | Train loss: 0.9944 | Valid loss: 1.0355 | Train acc: 0.0964 | Valid acc: 0.0942 | patience: 362 | Epoch time: 1.4 |

2023-01-07 21:53:23,309 - INFO -
| Epoch:    363 | Train loss: 1.0335 | Valid loss: 1.0686 | Train acc: 0.0964 | Valid acc: 0.0969 | patience: 363 | Epoch time: 1.4 |

2023-01-07 21:53:24,671 - INFO -
| Epoch:    364 | Train loss: 1.0671 | Valid loss: 0.9920 | Train acc: 0.0964 | Valid acc: 0.0924 | patience: 364 | Epoch time: 1.4 |

2023-01-07 21:53:26,037 - INFO -
| Epoch:    365 | Train loss: 0.9907 | Valid loss: 1.0279 | Train acc: 0.0945 | Valid acc: 0.1133 | patience: 365 | Epoch time: 1.4 |

2023-01-07 21:53:27,398 - INFO -
| Epoch:    366 | Train loss: 1.0283 | Valid loss: 1.0444 | Train acc: 0.1017 | Valid acc: 0.0992 | patience: 366 | Epoch time: 1.4 |

2023-01-07 21:53:28,759 - INFO -
| Epoch:    367 | Train loss: 1.0417 | Valid loss: 1.0102 | Train acc: 0.1069 | Valid acc: 0.0992 | patience: 367 | Epoch time: 1.4 |

2023-01-07 21:53:30,121 - INFO -
| Epoch:    368 | Train loss: 1.0081 | Valid loss: 1.0223 | Train acc: 0.1069 | Valid acc: 0.0919 | patience: 368 | Epoch time: 1.4 |

2023-01-07 21:53:31,484 - INFO -
| Epoch:    369 | Train loss: 1.0201 | Valid loss: 1.0251 | Train acc: 0.0978 | Valid acc: 0.0919 | patience: 369 | Epoch time: 1.4 |

2023-01-07 21:53:32,844 - INFO -
| Epoch:    370 | Train loss: 1.0228 | Valid loss: 1.0938 | Train acc: 0.0978 | Valid acc: 0.0919 | patience: 370 | Epoch time: 1.4 |

2023-01-07 21:53:34,204 - INFO -
| Epoch:    371 | Train loss: 1.0906 | Valid loss: 1.0252 | Train acc: 0.0978 | Valid acc: 0.0919 | patience: 371 | Epoch time: 1.4 |

2023-01-07 21:53:35,565 - INFO -
| Epoch:    372 | Train loss: 1.0232 | Valid loss: 1.0228 | Train acc: 0.0978 | Valid acc: 0.0919 | patience: 372 | Epoch time: 1.4 |

2023-01-07 21:53:36,932 - INFO -
| Epoch:    373 | Train loss: 1.0213 | Valid loss: 1.0128 | Train acc: 0.0978 | Valid acc: 0.1133 | patience: 373 | Epoch time: 1.4 |

2023-01-07 21:53:38,294 - INFO -
| Epoch:    374 | Train loss: 1.0117 | Valid loss: 0.9945 | Train acc: 0.1017 | Valid acc: 0.0942 | patience: 374 | Epoch time: 1.4 |

2023-01-07 21:53:39,655 - INFO -
| Epoch:    375 | Train loss: 0.9937 | Valid loss: 1.0549 | Train acc: 0.0964 | Valid acc: 0.0942 | patience: 375 | Epoch time: 1.4 |

2023-01-07 21:53:41,016 - INFO -
| Epoch:    376 | Train loss: 1.0544 | Valid loss: 1.0734 | Train acc: 0.0964 | Valid acc: 0.1133 | patience: 376 | Epoch time: 1.4 |

2023-01-07 21:53:42,377 - INFO -
| Epoch:    377 | Train loss: 1.0749 | Valid loss: 1.0289 | Train acc: 0.1017 | Valid acc: 0.0992 | patience: 377 | Epoch time: 1.4 |

2023-01-07 21:53:43,737 - INFO -
| Epoch:    378 | Train loss: 1.0266 | Valid loss: 1.0550 | Train acc: 0.1069 | Valid acc: 0.0969 | patience: 378 | Epoch time: 1.4 |

2023-01-07 21:53:45,097 - INFO -
| Epoch:    379 | Train loss: 1.0531 | Valid loss: 0.9976 | Train acc: 0.0964 | Valid acc: 0.0969 | patience: 379 | Epoch time: 1.4 |

2023-01-07 21:53:46,457 - INFO -
| Epoch:    380 | Train loss: 0.9954 | Valid loss: 1.0323 | Train acc: 0.0964 | Valid acc: 0.0919 | patience: 380 | Epoch time: 1.4 |

2023-01-07 21:53:47,823 - INFO -
| Epoch:    381 | Train loss: 1.0294 | Valid loss: 1.0187 | Train acc: 0.0978 | Valid acc: 0.0919 | patience: 381 | Epoch time: 1.4 |

2023-01-07 21:53:49,183 - INFO -
| Epoch:    382 | Train loss: 1.0166 | Valid loss: 1.0219 | Train acc: 0.0978 | Valid acc: 0.0919 | patience: 382 | Epoch time: 1.4 |

2023-01-07 21:53:50,545 - INFO -
| Epoch:    383 | Train loss: 1.0201 | Valid loss: 1.0162 | Train acc: 0.0978 | Valid acc: 0.0924 | patience: 383 | Epoch time: 1.4 |

2023-01-07 21:53:51,906 - INFO -
| Epoch:    384 | Train loss: 1.0146 | Valid loss: 1.0014 | Train acc: 0.0945 | Valid acc: 0.0924 | patience: 384 | Epoch time: 1.4 |

2023-01-07 21:53:53,267 - INFO -
| Epoch:    385 | Train loss: 0.9998 | Valid loss: 1.0820 | Train acc: 0.0945 | Valid acc: 0.0924 | patience: 385 | Epoch time: 1.4 |

2023-01-07 21:53:54,626 - INFO -
| Epoch:    386 | Train loss: 1.0801 | Valid loss: 0.9783 | Train acc: 0.0945 | Valid acc: 0.0942 | patience: 386 | Epoch time: 1.4 |

2023-01-07 21:53:55,989 - INFO -
| Epoch:    387 | Train loss: 0.9772 | Valid loss: 1.0300 | Train acc: 0.0964 | Valid acc: 0.0942 | patience: 387 | Epoch time: 1.4 |

2023-01-07 21:53:57,357 - INFO -
| Epoch:    388 | Train loss: 1.0293 | Valid loss: 1.0546 | Train acc: 0.0964 | Valid acc: 0.1133 | patience: 388 | Epoch time: 1.4 |

2023-01-07 21:53:58,718 - INFO -
| Epoch:    389 | Train loss: 1.0559 | Valid loss: 1.0188 | Train acc: 0.1017 | Valid acc: 0.0992 | patience: 389 | Epoch time: 1.4 |

2023-01-07 21:54:00,079 - INFO -
| Epoch:    390 | Train loss: 1.0166 | Valid loss: 1.0266 | Train acc: 0.1069 | Valid acc: 0.0969 | patience: 390 | Epoch time: 1.4 |

2023-01-07 21:54:01,440 - INFO -
| Epoch:    391 | Train loss: 1.0246 | Valid loss: 1.0058 | Train acc: 0.0964 | Valid acc: 0.0969 | patience: 391 | Epoch time: 1.4 |

2023-01-07 21:54:02,800 - INFO -
| Epoch:    392 | Train loss: 1.0035 | Valid loss: 1.0182 | Train acc: 0.0964 | Valid acc: 0.0919 | patience: 392 | Epoch time: 1.4 |

2023-01-07 21:54:04,161 - INFO -
| Epoch:    393 | Train loss: 1.0155 | Valid loss: 1.0287 | Train acc: 0.0978 | Valid acc: 0.0919 | patience: 393 | Epoch time: 1.4 |

2023-01-07 21:54:05,521 - INFO -
| Epoch:    394 | Train loss: 1.0265 | Valid loss: 1.0349 | Train acc: 0.0978 | Valid acc: 0.0919 | patience: 394 | Epoch time: 1.4 |

2023-01-07 21:54:06,883 - INFO -
| Epoch:    395 | Train loss: 1.0330 | Valid loss: 1.0340 | Train acc: 0.0978 | Valid acc: 0.0992 | patience: 395 | Epoch time: 1.4 |

2023-01-07 21:54:08,248 - INFO -
| Epoch:    396 | Train loss: 1.0323 | Valid loss: 1.0263 | Train acc: 0.1069 | Valid acc: 0.0992 | patience: 396 | Epoch time: 1.4 |

2023-01-07 21:54:09,609 - INFO -
| Epoch:    397 | Train loss: 1.0247 | Valid loss: 1.0121 | Train acc: 0.1069 | Valid acc: 0.0992 | patience: 397 | Epoch time: 1.4 |

2023-01-07 21:54:10,969 - INFO -
| Epoch:    398 | Train loss: 1.0105 | Valid loss: 0.9905 | Train acc: 0.1069 | Valid acc: 0.0992 | patience: 398 | Epoch time: 1.4 |

2023-01-07 21:54:12,331 - INFO -
| Epoch:    399 | Train loss: 0.9888 | Valid loss: 1.0182 | Train acc: 0.1069 | Valid acc: 0.0992 | patience: 399 | Epoch time: 1.4 |

2023-01-07 21:54:13,692 - INFO -
| Epoch:    400 | Train loss: 1.0160 | Valid loss: 1.0468 | Train acc: 0.1069 | Valid acc: 0.0942 | patience: 400 | Epoch time: 1.4 |

2023-01-07 21:54:15,052 - INFO -
| Epoch:    401 | Train loss: 1.0460 | Valid loss: 1.0680 | Train acc: 0.0964 | Valid acc: 0.1133 | patience: 401 | Epoch time: 1.4 |

2023-01-07 21:54:16,414 - INFO -
| Epoch:    402 | Train loss: 1.0700 | Valid loss: 1.0240 | Train acc: 0.1017 | Valid acc: 0.0969 | patience: 402 | Epoch time: 1.4 |

2023-01-07 21:54:17,776 - INFO -
| Epoch:    403 | Train loss: 1.0232 | Valid loss: 0.9645 | Train acc: 0.0964 | Valid acc: 0.0919 | patience: 403 | Epoch time: 1.4 |

2023-01-07 21:54:19,143 - INFO -
| Epoch:    404 | Train loss: 0.9620 | Valid loss: 1.0636 | Train acc: 0.0978 | Valid acc: 0.0924 | patience: 404 | Epoch time: 1.4 |

2023-01-07 21:54:20,506 - INFO -
| Epoch:    405 | Train loss: 1.0595 | Valid loss: 1.1045 | Train acc: 0.0945 | Valid acc: 0.0919 | patience: 405 | Epoch time: 1.4 |

2023-01-07 21:54:21,867 - INFO -
| Epoch:    406 | Train loss: 1.0991 | Valid loss: 1.0207 | Train acc: 0.0978 | Valid acc: 0.0919 | patience: 406 | Epoch time: 1.4 |

2023-01-07 21:54:23,229 - INFO -
| Epoch:    407 | Train loss: 1.0166 | Valid loss: 1.0309 | Train acc: 0.0978 | Valid acc: 0.0992 | patience: 407 | Epoch time: 1.4 |

2023-01-07 21:54:24,591 - INFO -
| Epoch:    408 | Train loss: 1.0277 | Valid loss: 1.0388 | Train acc: 0.1069 | Valid acc: 0.0992 | patience: 408 | Epoch time: 1.4 |

2023-01-07 21:54:25,952 - INFO -
| Epoch:    409 | Train loss: 1.0359 | Valid loss: 1.0562 | Train acc: 0.1069 | Valid acc: 0.0992 | patience: 409 | Epoch time: 1.4 |

2023-01-07 21:54:27,313 - INFO -
| Epoch:    410 | Train loss: 1.0530 | Valid loss: 1.0432 | Train acc: 0.1069 | Valid acc: 0.0942 | patience: 410 | Epoch time: 1.4 |

2023-01-07 21:54:28,675 - INFO -
| Epoch:    411 | Train loss: 1.0412 | Valid loss: 1.0490 | Train acc: 0.0964 | Valid acc: 0.0942 | patience: 411 | Epoch time: 1.4 |

2023-01-07 21:54:30,041 - INFO -
| Epoch:    412 | Train loss: 1.0477 | Valid loss: 1.0497 | Train acc: 0.0964 | Valid acc: 0.0942 | patience: 412 | Epoch time: 1.4 |

2023-01-07 21:54:31,403 - INFO -
| Epoch:    413 | Train loss: 1.0494 | Valid loss: 1.0496 | Train acc: 0.0964 | Valid acc: 0.0969 | patience: 413 | Epoch time: 1.4 |

2023-01-07 21:54:32,765 - INFO -
| Epoch:    414 | Train loss: 1.0502 | Valid loss: 1.0421 | Train acc: 0.0964 | Valid acc: 0.0969 | patience: 414 | Epoch time: 1.4 |

2023-01-07 21:54:34,128 - INFO -
| Epoch:    415 | Train loss: 1.0434 | Valid loss: 1.0947 | Train acc: 0.0964 | Valid acc: 0.0969 | patience: 415 | Epoch time: 1.4 |

2023-01-07 21:54:35,490 - INFO -
| Epoch:    416 | Train loss: 1.0968 | Valid loss: 1.0689 | Train acc: 0.0964 | Valid acc: 0.1133 | patience: 416 | Epoch time: 1.4 |

2023-01-07 21:54:36,851 - INFO -
| Epoch:    417 | Train loss: 1.0724 | Valid loss: 1.0347 | Train acc: 0.1017 | Valid acc: 0.1133 | patience: 417 | Epoch time: 1.4 |

2023-01-07 21:54:38,214 - INFO -
| Epoch:    418 | Train loss: 1.0363 | Valid loss: 1.0357 | Train acc: 0.1017 | Valid acc: 0.1133 | patience: 418 | Epoch time: 1.4 |

2023-01-07 21:54:39,576 - INFO -
| Epoch:    419 | Train loss: 1.0362 | Valid loss: 1.0275 | Train acc: 0.1017 | Valid acc: 0.0992 | patience: 419 | Epoch time: 1.4 |

2023-01-07 21:54:40,941 - INFO -
| Epoch:    420 | Train loss: 1.0269 | Valid loss: 1.0574 | Train acc: 0.1069 | Valid acc: 0.0992 | patience: 420 | Epoch time: 1.4 |

2023-01-07 21:54:42,302 - INFO -
| Epoch:    421 | Train loss: 1.0554 | Valid loss: 1.0697 | Train acc: 0.1069 | Valid acc: 0.0924 | patience: 421 | Epoch time: 1.4 |

2023-01-07 21:54:43,663 - INFO -
| Epoch:    422 | Train loss: 1.0685 | Valid loss: 1.0203 | Train acc: 0.0945 | Valid acc: 0.0924 | patience: 422 | Epoch time: 1.4 |

2023-01-07 21:54:45,023 - INFO -
| Epoch:    423 | Train loss: 1.0201 | Valid loss: 1.0225 | Train acc: 0.0945 | Valid acc: 0.0969 | patience: 423 | Epoch time: 1.4 |

2023-01-07 21:54:46,383 - INFO -
| Epoch:    424 | Train loss: 1.0230 | Valid loss: 1.0137 | Train acc: 0.0964 | Valid acc: 0.0942 | patience: 424 | Epoch time: 1.4 |

2023-01-07 21:54:47,744 - INFO -
| Epoch:    425 | Train loss: 1.0148 | Valid loss: 1.0591 | Train acc: 0.0964 | Valid acc: 0.0942 | patience: 425 | Epoch time: 1.4 |

2023-01-07 21:54:49,105 - INFO -
| Epoch:    426 | Train loss: 1.0607 | Valid loss: 1.0694 | Train acc: 0.0964 | Valid acc: 0.1133 | patience: 426 | Epoch time: 1.4 |

2023-01-07 21:54:50,467 - INFO -
| Epoch:    427 | Train loss: 1.0723 | Valid loss: 1.1137 | Train acc: 0.1017 | Valid acc: 0.0969 | patience: 427 | Epoch time: 1.4 |

2023-01-07 21:54:51,831 - INFO -
| Epoch:    428 | Train loss: 1.1154 | Valid loss: 1.0255 | Train acc: 0.0964 | Valid acc: 0.0969 | patience: 428 | Epoch time: 1.4 |

2023-01-07 21:54:53,189 - INFO -
| Epoch:    429 | Train loss: 1.0261 | Valid loss: 1.0339 | Train acc: 0.0964 | Valid acc: 0.0992 | patience: 429 | Epoch time: 1.4 |

2023-01-07 21:54:54,549 - INFO -
| Epoch:    430 | Train loss: 1.0336 | Valid loss: 1.0790 | Train acc: 0.1069 | Valid acc: 0.0992 | patience: 430 | Epoch time: 1.4 |

2023-01-07 21:54:55,911 - INFO -
| Epoch:    431 | Train loss: 1.0775 | Valid loss: 1.0457 | Train acc: 0.1069 | Valid acc: 0.0992 | patience: 431 | Epoch time: 1.4 |

2023-01-07 21:54:57,274 - INFO -
| Epoch:    432 | Train loss: 1.0452 | Valid loss: 1.0498 | Train acc: 0.1069 | Valid acc: 0.0992 | patience: 432 | Epoch time: 1.4 |

2023-01-07 21:54:58,637 - INFO -
| Epoch:    433 | Train loss: 1.0499 | Valid loss: 1.0469 | Train acc: 0.1069 | Valid acc: 0.1133 | patience: 433 | Epoch time: 1.4 |

2023-01-07 21:54:59,998 - INFO -
| Epoch:    434 | Train loss: 1.0473 | Valid loss: 1.0372 | Train acc: 0.1017 | Valid acc: 0.1133 | patience: 434 | Epoch time: 1.4 |

2023-01-07 21:55:01,364 - INFO -
| Epoch:    435 | Train loss: 1.0380 | Valid loss: 1.0209 | Train acc: 0.1017 | Valid acc: 0.1133 | patience: 435 | Epoch time: 1.4 |

2023-01-07 21:55:02,729 - INFO -
| Epoch:    436 | Train loss: 1.0220 | Valid loss: 1.0073 | Train acc: 0.1017 | Valid acc: 0.1133 | patience: 436 | Epoch time: 1.4 |

2023-01-07 21:55:04,091 - INFO -
| Epoch:    437 | Train loss: 1.0090 | Valid loss: 1.0487 | Train acc: 0.1017 | Valid acc: 0.0942 | patience: 437 | Epoch time: 1.4 |

2023-01-07 21:55:05,451 - INFO -
| Epoch:    438 | Train loss: 1.0484 | Valid loss: 1.0575 | Train acc: 0.0964 | Valid acc: 0.0924 | patience: 438 | Epoch time: 1.4 |

2023-01-07 21:55:06,813 - INFO -
| Epoch:    439 | Train loss: 1.0563 | Valid loss: 1.0009 | Train acc: 0.0945 | Valid acc: 0.0992 | patience: 439 | Epoch time: 1.4 |

2023-01-07 21:55:08,175 - INFO -
| Epoch:    440 | Train loss: 0.9996 | Valid loss: 1.0166 | Train acc: 0.1069 | Valid acc: 0.0992 | patience: 440 | Epoch time: 1.4 |

2023-01-07 21:55:09,536 - INFO -
| Epoch:    441 | Train loss: 1.0148 | Valid loss: 1.0639 | Train acc: 0.1069 | Valid acc: 0.0969 | patience: 441 | Epoch time: 1.4 |

2023-01-07 21:55:10,900 - INFO -
| Epoch:    442 | Train loss: 1.0632 | Valid loss: 1.0242 | Train acc: 0.0964 | Valid acc: 0.0969 | patience: 442 | Epoch time: 1.4 |

2023-01-07 21:55:12,266 - INFO -
| Epoch:    443 | Train loss: 1.0240 | Valid loss: 1.0285 | Train acc: 0.0964 | Valid acc: 0.0969 | patience: 443 | Epoch time: 1.4 |

2023-01-07 21:55:13,629 - INFO -
| Epoch:    444 | Train loss: 1.0288 | Valid loss: 1.0239 | Train acc: 0.0964 | Valid acc: 0.1037 | patience: 444 | Epoch time: 1.4 |

2023-01-07 21:55:14,991 - INFO -
| Epoch:    445 | Train loss: 1.0246 | Valid loss: 1.0383 | Train acc: 0.1040 | Valid acc: 0.1037 | patience: 445 | Epoch time: 1.4 |

2023-01-07 21:55:16,352 - INFO -
| Epoch:    446 | Train loss: 1.0393 | Valid loss: 1.0134 | Train acc: 0.1040 | Valid acc: 0.1037 | patience: 446 | Epoch time: 1.4 |

2023-01-07 21:55:17,713 - INFO -
| Epoch:    447 | Train loss: 1.0149 | Valid loss: 1.0068 | Train acc: 0.1040 | Valid acc: 0.1133 | patience: 447 | Epoch time: 1.4 |

2023-01-07 21:55:19,074 - INFO -
| Epoch:    448 | Train loss: 1.0089 | Valid loss: 1.0477 | Train acc: 0.1017 | Valid acc: 0.1133 | patience: 448 | Epoch time: 1.4 |

2023-01-07 21:55:20,434 - INFO -
| Epoch:    449 | Train loss: 1.0511 | Valid loss: 0.9895 | Train acc: 0.1017 | Valid acc: 0.1133 | patience: 449 | Epoch time: 1.4 |

2023-01-07 21:55:21,795 - INFO -
| Epoch:    450 | Train loss: 0.9906 | Valid loss: 0.9775 | Train acc: 0.1017 | Valid acc: 0.0992 | patience: 450 | Epoch time: 1.4 |

2023-01-07 21:55:23,160 - INFO -
| Epoch:    451 | Train loss: 0.9773 | Valid loss: 0.9987 | Train acc: 0.1069 | Valid acc: 0.0992 | patience: 451 | Epoch time: 1.4 |

2023-01-07 21:55:24,523 - INFO -
| Epoch:    452 | Train loss: 0.9970 | Valid loss: 1.0056 | Train acc: 0.1069 | Valid acc: 0.0969 | patience: 452 | Epoch time: 1.4 |

2023-01-07 21:55:25,885 - INFO -
| Epoch:    453 | Train loss: 1.0044 | Valid loss: 1.0600 | Train acc: 0.0964 | Valid acc: 0.0942 | patience: 453 | Epoch time: 1.4 |

2023-01-07 21:55:27,246 - INFO -
| Epoch:    454 | Train loss: 1.0585 | Valid loss: 0.9957 | Train acc: 0.0964 | Valid acc: 0.1037 | patience: 454 | Epoch time: 1.4 |

2023-01-07 21:55:28,607 - INFO -
| Epoch:    455 | Train loss: 0.9950 | Valid loss: 1.1018 | Train acc: 0.1040 | Valid acc: 0.0924 | patience: 455 | Epoch time: 1.4 |

2023-01-07 21:55:29,968 - INFO -
| Epoch:    456 | Train loss: 1.1011 | Valid loss: 0.9865 | Train acc: 0.0945 | Valid acc: 0.0924 | patience: 456 | Epoch time: 1.4 |

2023-01-07 21:55:31,328 - INFO -
| Epoch:    457 | Train loss: 0.9871 | Valid loss: 1.0008 | Train acc: 0.0945 | Valid acc: 0.1133 | patience: 457 | Epoch time: 1.4 |

2023-01-07 21:55:32,689 - INFO -
| Epoch:    458 | Train loss: 1.0023 | Valid loss: 1.0501 | Train acc: 0.1017 | Valid acc: 0.1133 | patience: 458 | Epoch time: 1.4 |

2023-01-07 21:55:34,053 - INFO -
| Epoch:    459 | Train loss: 1.0531 | Valid loss: 1.0148 | Train acc: 0.1017 | Valid acc: 0.1133 | patience: 459 | Epoch time: 1.4 |

2023-01-07 21:55:35,416 - INFO -
| Epoch:    460 | Train loss: 1.0158 | Valid loss: 1.0170 | Train acc: 0.1017 | Valid acc: 0.0992 | patience: 460 | Epoch time: 1.4 |

2023-01-07 21:55:36,776 - INFO -
| Epoch:    461 | Train loss: 1.0169 | Valid loss: 1.0603 | Train acc: 0.1069 | Valid acc: 0.0992 | patience: 461 | Epoch time: 1.4 |

2023-01-07 21:55:38,138 - INFO -
| Epoch:    462 | Train loss: 1.0588 | Valid loss: 1.0161 | Train acc: 0.1069 | Valid acc: 0.0992 | patience: 462 | Epoch time: 1.4 |

2023-01-07 21:55:39,498 - INFO -
| Epoch:    463 | Train loss: 1.0154 | Valid loss: 1.0124 | Train acc: 0.1069 | Valid acc: 0.0992 | patience: 463 | Epoch time: 1.4 |

2023-01-07 21:55:40,860 - INFO -
| Epoch:    464 | Train loss: 1.0121 | Valid loss: 1.0000 | Train acc: 0.1069 | Valid acc: 0.0969 | patience: 464 | Epoch time: 1.4 |

2023-01-07 21:55:42,224 - INFO -
| Epoch:    465 | Train loss: 1.0000 | Valid loss: 0.9792 | Train acc: 0.0964 | Valid acc: 0.0969 | patience: 465 | Epoch time: 1.4 |

2023-01-07 21:55:43,585 - INFO -
| Epoch:    466 | Train loss: 0.9793 | Valid loss: 1.0368 | Train acc: 0.0964 | Valid acc: 0.0942 | patience: 466 | Epoch time: 1.4 |

2023-01-07 21:55:44,951 - INFO -
| Epoch:    467 | Train loss: 1.0371 | Valid loss: 1.1183 | Train acc: 0.0964 | Valid acc: 0.0969 | patience: 467 | Epoch time: 1.4 |

2023-01-07 21:55:46,313 - INFO -
| Epoch:    468 | Train loss: 1.1193 | Valid loss: 1.1856 | Train acc: 0.0964 | Valid acc: 0.1037 | patience: 468 | Epoch time: 1.4 |

2023-01-07 21:55:47,673 - INFO -
| Epoch:    469 | Train loss: 1.1871 | Valid loss: 1.0513 | Train acc: 0.1040 | Valid acc: 0.1037 | patience: 469 | Epoch time: 1.4 |

2023-01-07 21:55:49,034 - INFO -
| Epoch:    470 | Train loss: 1.0534 | Valid loss: 1.0835 | Train acc: 0.1040 | Valid acc: 0.1133 | patience: 470 | Epoch time: 1.4 |

2023-01-07 21:55:50,397 - INFO -
| Epoch:    471 | Train loss: 1.0877 | Valid loss: 1.0194 | Train acc: 0.1017 | Valid acc: 0.0992 | patience: 471 | Epoch time: 1.4 |

2023-01-07 21:55:51,759 - INFO -
| Epoch:    472 | Train loss: 1.0199 | Valid loss: 1.0171 | Train acc: 0.1069 | Valid acc: 0.0992 | patience: 472 | Epoch time: 1.4 |

2023-01-07 21:55:53,119 - INFO -
| Epoch:    473 | Train loss: 1.0173 | Valid loss: 1.0269 | Train acc: 0.1069 | Valid acc: 0.0969 | patience: 473 | Epoch time: 1.4 |

2023-01-07 21:55:54,478 - INFO -
| Epoch:    474 | Train loss: 1.0267 | Valid loss: 1.0251 | Train acc: 0.0964 | Valid acc: 0.0924 | patience: 474 | Epoch time: 1.4 |

2023-01-07 21:55:55,842 - INFO -
| Epoch:    475 | Train loss: 1.0244 | Valid loss: 1.0898 | Train acc: 0.0945 | Valid acc: 0.0924 | patience: 475 | Epoch time: 1.4 |

2023-01-07 21:55:57,205 - INFO -
| Epoch:    476 | Train loss: 1.0886 | Valid loss: 1.0215 | Train acc: 0.0945 | Valid acc: 0.0969 | patience: 476 | Epoch time: 1.4 |

2023-01-07 21:55:58,566 - INFO -
| Epoch:    477 | Train loss: 1.0206 | Valid loss: 1.0498 | Train acc: 0.0964 | Valid acc: 0.0969 | patience: 477 | Epoch time: 1.4 |

2023-01-07 21:55:59,928 - INFO -
| Epoch:    478 | Train loss: 1.0489 | Valid loss: 1.0886 | Train acc: 0.0964 | Valid acc: 0.0942 | patience: 478 | Epoch time: 1.4 |

2023-01-07 21:56:01,289 - INFO -
| Epoch:    479 | Train loss: 1.0874 | Valid loss: 1.0413 | Train acc: 0.0964 | Valid acc: 0.0942 | patience: 479 | Epoch time: 1.4 |

2023-01-07 21:56:02,650 - INFO -
| Epoch:    480 | Train loss: 1.0406 | Valid loss: 1.0476 | Train acc: 0.0964 | Valid acc: 0.0992 | patience: 480 | Epoch time: 1.4 |

2023-01-07 21:56:04,011 - INFO -
| Epoch:    481 | Train loss: 1.0470 | Valid loss: 1.0446 | Train acc: 0.1069 | Valid acc: 0.0992 | patience: 481 | Epoch time: 1.4 |

2023-01-07 21:56:05,371 - INFO -
| Epoch:    482 | Train loss: 1.0441 | Valid loss: 1.1052 | Train acc: 0.1069 | Valid acc: 0.0992 | patience: 482 | Epoch time: 1.4 |

2023-01-07 21:56:06,736 - INFO -
| Epoch:    483 | Train loss: 1.1041 | Valid loss: 1.0382 | Train acc: 0.1069 | Valid acc: 0.1133 | patience: 483 | Epoch time: 1.4 |

2023-01-07 21:56:08,097 - INFO -
| Epoch:    484 | Train loss: 1.0393 | Valid loss: 1.1057 | Train acc: 0.1017 | Valid acc: 0.1133 | patience: 484 | Epoch time: 1.4 |

2023-01-07 21:56:09,457 - INFO -
| Epoch:    485 | Train loss: 1.1093 | Valid loss: 1.0441 | Train acc: 0.1017 | Valid acc: 0.1133 | patience: 485 | Epoch time: 1.4 |

2023-01-07 21:56:10,817 - INFO -
| Epoch:    486 | Train loss: 1.0458 | Valid loss: 1.0462 | Train acc: 0.1017 | Valid acc: 0.1133 | patience: 486 | Epoch time: 1.4 |

2023-01-07 21:56:12,179 - INFO -
| Epoch:    487 | Train loss: 1.0473 | Valid loss: 1.0410 | Train acc: 0.1017 | Valid acc: 0.1133 | patience: 487 | Epoch time: 1.4 |

2023-01-07 21:56:13,538 - INFO -
| Epoch:    488 | Train loss: 1.0416 | Valid loss: 1.0286 | Train acc: 0.1017 | Valid acc: 0.0969 | patience: 488 | Epoch time: 1.4 |

2023-01-07 21:56:14,898 - INFO -
| Epoch:    489 | Train loss: 1.0287 | Valid loss: 1.0085 | Train acc: 0.0964 | Valid acc: 0.0924 | patience: 489 | Epoch time: 1.4 |

2023-01-07 21:56:16,258 - INFO -
| Epoch:    490 | Train loss: 1.0081 | Valid loss: 1.0864 | Train acc: 0.0945 | Valid acc: 0.0924 | patience: 490 | Epoch time: 1.4 |

2023-01-07 21:56:17,622 - INFO -
| Epoch:    491 | Train loss: 1.0855 | Valid loss: 1.0881 | Train acc: 0.0945 | Valid acc: 0.0969 | patience: 491 | Epoch time: 1.4 |

2023-01-07 21:56:18,981 - INFO -
| Epoch:    492 | Train loss: 1.0874 | Valid loss: 1.0525 | Train acc: 0.0964 | Valid acc: 0.0992 | patience: 492 | Epoch time: 1.4 |

2023-01-07 21:56:20,339 - INFO -
| Epoch:    493 | Train loss: 1.0513 | Valid loss: 1.0570 | Train acc: 0.1069 | Valid acc: 0.0942 | patience: 493 | Epoch time: 1.4 |

2023-01-07 21:56:21,699 - INFO -
| Epoch:    494 | Train loss: 1.0576 | Valid loss: 1.0825 | Train acc: 0.0964 | Valid acc: 0.1133 | patience: 494 | Epoch time: 1.4 |

2023-01-07 21:56:23,060 - INFO -
| Epoch:    495 | Train loss: 1.0859 | Valid loss: 1.0370 | Train acc: 0.1017 | Valid acc: 0.1133 | patience: 495 | Epoch time: 1.4 |

2023-01-07 21:56:24,420 - INFO -
| Epoch:    496 | Train loss: 1.0385 | Valid loss: 1.0552 | Train acc: 0.1017 | Valid acc: 0.1133 | patience: 496 | Epoch time: 1.4 |

2023-01-07 21:56:25,781 - INFO -
| Epoch:    497 | Train loss: 1.0561 | Valid loss: 1.0649 | Train acc: 0.1017 | Valid acc: 0.1133 | patience: 497 | Epoch time: 1.4 |

2023-01-07 21:56:27,143 - INFO -
| Epoch:    498 | Train loss: 1.0655 | Valid loss: 1.0684 | Train acc: 0.1017 | Valid acc: 0.0942 | patience: 498 | Epoch time: 1.4 |

2023-01-07 21:56:28,509 - INFO -
| Epoch:    499 | Train loss: 1.0686 | Valid loss: 1.0664 | Train acc: 0.0964 | Valid acc: 0.0942 | patience: 499 | Epoch time: 1.4 |

2023-01-07 21:56:29,871 - INFO -
| Epoch:    500 | Train loss: 1.0663 | Valid loss: 1.0591 | Train acc: 0.0964 | Valid acc: 0.0942 | patience: 500 | Epoch time: 1.4 |

2023-01-07 21:56:31,231 - INFO -
Early stop.

2023-01-07 21:56:31,239 - INFO -
Training if finished.

