2023-01-07 21:45:02,246 - INFO -
gmin                0.01
gmax                10.0
T                   0.1
m                   0.3
ACT_eta1            0.134
ACT_eta2            0.962
ACT_eta3            0.183
ACT_eta4            24.1
NEG_eta1            -0.104
NEG_eta2            0.899
NEG_eta3            -0.056
NEG_eta4            3.858
hidden              [3]
SEED                9
DEVICE              cuda
TIMELIMITATION      45
PATIENCE            500
EPOCH               10000000000
DATASET             9
LR                  0.1
PROGRESSIVE         False
LR_PATIENCE         100
LR_DECAY            0.5
LR_MIN              0.0001
MODE                nominal
M_train             1
K_train             1
M_test              500
K_test              500
t_test_max          10
integration         MC
VARIATION           False
N_train             1
e_train             0.0
N_test              100
e_test              0.1
projectname         ICCAD_2022
temppath            ./ICCAD_2022/temp/
logfilepath         ./ICCAD_2022/log/
recording           False
recordpath          ./ICCAD_2022/record/
savepath            ./ICCAD_2022/models/
loglevel            info


2023-01-07 21:45:02,246 - INFO -
Training network on device: cuda.

2023-01-07 21:45:02,246 - INFO -
Training setup: seeds_9_nominal_0.0_1_MC.

2023-01-07 21:45:02,246 - INFO -
Dataset "seeds" has 7 input features and 3 classes. There are 124 training examples, 41 valid examples, and 43 test examples in the dataset.

2023-01-07 21:45:02,247 - INFO -
Topology of the network: [7, 3, 3].

2023-01-07 21:45:06,724 - INFO -
| Epoch:      0 | Train loss: 0.7004 | Valid loss: 0.8935 | Train acc: 0.3548 | Valid acc: 0.2195 | patience:   0 | Epoch time: 3.6 |

2023-01-07 21:45:07,296 - INFO -
| Epoch:      1 | Train loss: 0.8398 | Valid loss: 1.1608 | Train acc: 0.3387 | Valid acc: 0.2439 | patience:   1 | Epoch time: 0.6 |

2023-01-07 21:45:07,865 - INFO -
| Epoch:      2 | Train loss: 0.9779 | Valid loss: 0.9157 | Train acc: 0.3871 | Valid acc: 0.2439 | patience:   2 | Epoch time: 0.6 |

2023-01-07 21:45:08,437 - INFO -
| Epoch:      3 | Train loss: 0.8130 | Valid loss: 0.8048 | Train acc: 0.4194 | Valid acc: 0.4146 | patience:   0 | Epoch time: 0.6 |

2023-01-07 21:45:09,008 - INFO -
| Epoch:      4 | Train loss: 0.8280 | Valid loss: 0.6060 | Train acc: 0.3548 | Valid acc: 0.5854 | patience:   0 | Epoch time: 0.6 |

2023-01-07 21:45:09,581 - INFO -
| Epoch:      5 | Train loss: 0.6786 | Valid loss: 0.6667 | Train acc: 0.4677 | Valid acc: 0.4634 | patience:   1 | Epoch time: 0.6 |

2023-01-07 21:45:10,153 - INFO -
| Epoch:      6 | Train loss: 0.7441 | Valid loss: 0.5687 | Train acc: 0.3871 | Valid acc: 0.7805 | patience:   0 | Epoch time: 0.6 |

2023-01-07 21:45:10,725 - INFO -
| Epoch:      7 | Train loss: 0.5845 | Valid loss: 0.5958 | Train acc: 0.6935 | Valid acc: 0.6829 | patience:   1 | Epoch time: 0.6 |

2023-01-07 21:45:11,298 - INFO -
| Epoch:      8 | Train loss: 0.5617 | Valid loss: 0.5505 | Train acc: 0.6774 | Valid acc: 0.6098 | patience:   0 | Epoch time: 0.6 |

2023-01-07 21:45:11,872 - INFO -
| Epoch:      9 | Train loss: 0.5011 | Valid loss: 0.5473 | Train acc: 0.6613 | Valid acc: 0.6341 | patience:   0 | Epoch time: 0.6 |

2023-01-07 21:45:12,441 - INFO -
| Epoch:     10 | Train loss: 0.4519 | Valid loss: 0.5668 | Train acc: 0.7097 | Valid acc: 0.6341 | patience:   1 | Epoch time: 0.6 |

2023-01-07 21:45:13,012 - INFO -
| Epoch:     11 | Train loss: 0.4120 | Valid loss: 0.5373 | Train acc: 0.7419 | Valid acc: 0.5854 | patience:   0 | Epoch time: 0.6 |

2023-01-07 21:45:13,586 - INFO -
| Epoch:     12 | Train loss: 0.3846 | Valid loss: 0.4644 | Train acc: 0.7339 | Valid acc: 0.6341 | patience:   0 | Epoch time: 0.6 |

2023-01-07 21:45:14,157 - INFO -
| Epoch:     13 | Train loss: 0.3427 | Valid loss: 0.4235 | Train acc: 0.7419 | Valid acc: 0.6341 | patience:   0 | Epoch time: 0.6 |

2023-01-07 21:45:14,729 - INFO -
| Epoch:     14 | Train loss: 0.3439 | Valid loss: 0.4139 | Train acc: 0.7339 | Valid acc: 0.7073 | patience:   0 | Epoch time: 0.6 |

2023-01-07 21:45:15,300 - INFO -
| Epoch:     15 | Train loss: 0.3467 | Valid loss: 0.4063 | Train acc: 0.7661 | Valid acc: 0.7073 | patience:   0 | Epoch time: 0.6 |

2023-01-07 21:45:15,872 - INFO -
| Epoch:     16 | Train loss: 0.3261 | Valid loss: 0.4118 | Train acc: 0.7984 | Valid acc: 0.7317 | patience:   1 | Epoch time: 0.6 |

2023-01-07 21:45:16,443 - INFO -
| Epoch:     17 | Train loss: 0.3074 | Valid loss: 0.4312 | Train acc: 0.8387 | Valid acc: 0.7073 | patience:   2 | Epoch time: 0.6 |

2023-01-07 21:45:17,014 - INFO -
| Epoch:     18 | Train loss: 0.3094 | Valid loss: 0.4271 | Train acc: 0.8548 | Valid acc: 0.7561 | patience:   3 | Epoch time: 0.6 |

2023-01-07 21:45:17,588 - INFO -
| Epoch:     19 | Train loss: 0.3064 | Valid loss: 0.3970 | Train acc: 0.8548 | Valid acc: 0.7805 | patience:   0 | Epoch time: 0.6 |

2023-01-07 21:45:18,161 - INFO -
| Epoch:     20 | Train loss: 0.2852 | Valid loss: 0.3686 | Train acc: 0.8952 | Valid acc: 0.8049 | patience:   0 | Epoch time: 0.6 |

2023-01-07 21:45:18,735 - INFO -
| Epoch:     21 | Train loss: 0.2727 | Valid loss: 0.3446 | Train acc: 0.9032 | Valid acc: 0.8537 | patience:   0 | Epoch time: 0.6 |

2023-01-07 21:45:19,308 - INFO -
| Epoch:     22 | Train loss: 0.2658 | Valid loss: 0.3262 | Train acc: 0.9355 | Valid acc: 0.8537 | patience:   0 | Epoch time: 0.6 |

2023-01-07 21:45:19,882 - INFO -
| Epoch:     23 | Train loss: 0.2467 | Valid loss: 0.3083 | Train acc: 0.9355 | Valid acc: 0.8537 | patience:   0 | Epoch time: 0.6 |

2023-01-07 21:45:20,454 - INFO -
| Epoch:     24 | Train loss: 0.2202 | Valid loss: 0.2923 | Train acc: 0.9435 | Valid acc: 0.8293 | patience:   0 | Epoch time: 0.6 |

2023-01-07 21:45:21,025 - INFO -
| Epoch:     25 | Train loss: 0.1964 | Valid loss: 0.2689 | Train acc: 0.9435 | Valid acc: 0.8537 | patience:   0 | Epoch time: 0.6 |

2023-01-07 21:45:21,597 - INFO -
| Epoch:     26 | Train loss: 0.1799 | Valid loss: 0.2320 | Train acc: 0.9435 | Valid acc: 0.8780 | patience:   0 | Epoch time: 0.6 |

2023-01-07 21:45:22,170 - INFO -
| Epoch:     27 | Train loss: 0.1578 | Valid loss: 0.1923 | Train acc: 0.9435 | Valid acc: 0.8780 | patience:   0 | Epoch time: 0.6 |

2023-01-07 21:45:22,740 - INFO -
| Epoch:     28 | Train loss: 0.1280 | Valid loss: 0.1551 | Train acc: 0.9435 | Valid acc: 0.9268 | patience:   0 | Epoch time: 0.6 |

2023-01-07 21:45:23,312 - INFO -
| Epoch:     29 | Train loss: 0.1116 | Valid loss: 0.1404 | Train acc: 0.9435 | Valid acc: 0.9268 | patience:   0 | Epoch time: 0.6 |

2023-01-07 21:45:23,883 - INFO -
| Epoch:     30 | Train loss: 0.1103 | Valid loss: 0.1450 | Train acc: 0.9435 | Valid acc: 0.9268 | patience:   1 | Epoch time: 0.6 |

2023-01-07 21:45:24,451 - INFO -
| Epoch:     31 | Train loss: 0.1082 | Valid loss: 0.1428 | Train acc: 0.9435 | Valid acc: 0.9024 | patience:   2 | Epoch time: 0.6 |

2023-01-07 21:45:25,022 - INFO -
| Epoch:     32 | Train loss: 0.0931 | Valid loss: 0.1499 | Train acc: 0.9355 | Valid acc: 0.9024 | patience:   3 | Epoch time: 0.6 |

2023-01-07 21:45:25,593 - INFO -
| Epoch:     33 | Train loss: 0.0800 | Valid loss: 0.1604 | Train acc: 0.9516 | Valid acc: 0.9024 | patience:   4 | Epoch time: 0.6 |

2023-01-07 21:45:26,166 - INFO -
| Epoch:     34 | Train loss: 0.0747 | Valid loss: 0.1673 | Train acc: 0.9516 | Valid acc: 0.8780 | patience:   5 | Epoch time: 0.6 |

2023-01-07 21:45:26,737 - INFO -
| Epoch:     35 | Train loss: 0.0710 | Valid loss: 0.1735 | Train acc: 0.9516 | Valid acc: 0.8780 | patience:   6 | Epoch time: 0.6 |

2023-01-07 21:45:27,308 - INFO -
| Epoch:     36 | Train loss: 0.0699 | Valid loss: 0.1792 | Train acc: 0.9435 | Valid acc: 0.8780 | patience:   7 | Epoch time: 0.6 |

2023-01-07 21:45:27,878 - INFO -
| Epoch:     37 | Train loss: 0.0677 | Valid loss: 0.1863 | Train acc: 0.9516 | Valid acc: 0.8780 | patience:   8 | Epoch time: 0.6 |

2023-01-07 21:45:28,451 - INFO -
| Epoch:     38 | Train loss: 0.0643 | Valid loss: 0.1894 | Train acc: 0.9597 | Valid acc: 0.8780 | patience:   9 | Epoch time: 0.6 |

2023-01-07 21:45:29,021 - INFO -
| Epoch:     39 | Train loss: 0.0626 | Valid loss: 0.1870 | Train acc: 0.9677 | Valid acc: 0.8780 | patience:  10 | Epoch time: 0.6 |

2023-01-07 21:45:29,591 - INFO -
| Epoch:     40 | Train loss: 0.0611 | Valid loss: 0.1810 | Train acc: 0.9677 | Valid acc: 0.9024 | patience:  11 | Epoch time: 0.6 |

2023-01-07 21:45:30,160 - INFO -
| Epoch:     41 | Train loss: 0.0593 | Valid loss: 0.1750 | Train acc: 0.9677 | Valid acc: 0.9024 | patience:  12 | Epoch time: 0.6 |

2023-01-07 21:45:30,731 - INFO -
| Epoch:     42 | Train loss: 0.0591 | Valid loss: 0.1722 | Train acc: 0.9758 | Valid acc: 0.9024 | patience:  13 | Epoch time: 0.6 |

2023-01-07 21:45:31,303 - INFO -
| Epoch:     43 | Train loss: 0.0586 | Valid loss: 0.1735 | Train acc: 0.9758 | Valid acc: 0.9024 | patience:  14 | Epoch time: 0.6 |

2023-01-07 21:45:31,873 - INFO -
| Epoch:     44 | Train loss: 0.0586 | Valid loss: 0.1724 | Train acc: 0.9677 | Valid acc: 0.9024 | patience:  15 | Epoch time: 0.6 |

2023-01-07 21:45:32,442 - INFO -
| Epoch:     45 | Train loss: 0.0567 | Valid loss: 0.1724 | Train acc: 0.9758 | Valid acc: 0.9024 | patience:  16 | Epoch time: 0.6 |

2023-01-07 21:45:33,011 - INFO -
| Epoch:     46 | Train loss: 0.0567 | Valid loss: 0.1735 | Train acc: 0.9677 | Valid acc: 0.9024 | patience:  17 | Epoch time: 0.6 |

2023-01-07 21:45:33,579 - INFO -
| Epoch:     47 | Train loss: 0.0548 | Valid loss: 0.1762 | Train acc: 0.9758 | Valid acc: 0.9024 | patience:  18 | Epoch time: 0.6 |

2023-01-07 21:45:34,148 - INFO -
| Epoch:     48 | Train loss: 0.0536 | Valid loss: 0.1752 | Train acc: 0.9677 | Valid acc: 0.9024 | patience:  19 | Epoch time: 0.6 |

2023-01-07 21:45:34,716 - INFO -
| Epoch:     49 | Train loss: 0.0511 | Valid loss: 0.1749 | Train acc: 0.9758 | Valid acc: 0.9024 | patience:  20 | Epoch time: 0.6 |

2023-01-07 21:45:35,287 - INFO -
| Epoch:     50 | Train loss: 0.0513 | Valid loss: 0.1760 | Train acc: 0.9677 | Valid acc: 0.9024 | patience:  21 | Epoch time: 0.6 |

2023-01-07 21:45:35,858 - INFO -
| Epoch:     51 | Train loss: 0.0497 | Valid loss: 0.1825 | Train acc: 0.9758 | Valid acc: 0.9024 | patience:  22 | Epoch time: 0.6 |

2023-01-07 21:45:36,428 - INFO -
| Epoch:     52 | Train loss: 0.0487 | Valid loss: 0.1882 | Train acc: 0.9839 | Valid acc: 0.9024 | patience:  23 | Epoch time: 0.6 |

2023-01-07 21:45:36,999 - INFO -
| Epoch:     53 | Train loss: 0.0489 | Valid loss: 0.1869 | Train acc: 0.9758 | Valid acc: 0.9024 | patience:  24 | Epoch time: 0.6 |

2023-01-07 21:45:37,568 - INFO -
| Epoch:     54 | Train loss: 0.0470 | Valid loss: 0.1844 | Train acc: 0.9919 | Valid acc: 0.9024 | patience:  25 | Epoch time: 0.6 |

2023-01-07 21:45:38,138 - INFO -
| Epoch:     55 | Train loss: 0.0462 | Valid loss: 0.1877 | Train acc: 0.9919 | Valid acc: 0.9024 | patience:  26 | Epoch time: 0.6 |

2023-01-07 21:45:38,709 - INFO -
| Epoch:     56 | Train loss: 0.0452 | Valid loss: 0.1913 | Train acc: 0.9919 | Valid acc: 0.8780 | patience:  27 | Epoch time: 0.6 |

2023-01-07 21:45:39,279 - INFO -
| Epoch:     57 | Train loss: 0.0443 | Valid loss: 0.1951 | Train acc: 0.9919 | Valid acc: 0.8780 | patience:  28 | Epoch time: 0.6 |

2023-01-07 21:45:39,850 - INFO -
| Epoch:     58 | Train loss: 0.0436 | Valid loss: 0.1952 | Train acc: 0.9919 | Valid acc: 0.8780 | patience:  29 | Epoch time: 0.6 |

2023-01-07 21:45:40,420 - INFO -
| Epoch:     59 | Train loss: 0.0425 | Valid loss: 0.1919 | Train acc: 0.9919 | Valid acc: 0.8780 | patience:  30 | Epoch time: 0.6 |

2023-01-07 21:45:40,990 - INFO -
| Epoch:     60 | Train loss: 0.0411 | Valid loss: 0.1883 | Train acc: 0.9919 | Valid acc: 0.9024 | patience:  31 | Epoch time: 0.6 |

2023-01-07 21:45:41,562 - INFO -
| Epoch:     61 | Train loss: 0.0404 | Valid loss: 0.1868 | Train acc: 0.9919 | Valid acc: 0.9024 | patience:  32 | Epoch time: 0.6 |

2023-01-07 21:45:42,134 - INFO -
| Epoch:     62 | Train loss: 0.0393 | Valid loss: 0.1893 | Train acc: 0.9919 | Valid acc: 0.9024 | patience:  33 | Epoch time: 0.6 |

2023-01-07 21:45:42,705 - INFO -
| Epoch:     63 | Train loss: 0.0382 | Valid loss: 0.1879 | Train acc: 0.9919 | Valid acc: 0.9024 | patience:  34 | Epoch time: 0.6 |

2023-01-07 21:45:43,275 - INFO -
| Epoch:     64 | Train loss: 0.0378 | Valid loss: 0.1887 | Train acc: 0.9919 | Valid acc: 0.9024 | patience:  35 | Epoch time: 0.6 |

2023-01-07 21:45:43,845 - INFO -
| Epoch:     65 | Train loss: 0.0364 | Valid loss: 0.1932 | Train acc: 0.9919 | Valid acc: 0.8780 | patience:  36 | Epoch time: 0.6 |

2023-01-07 21:45:44,417 - INFO -
| Epoch:     66 | Train loss: 0.0362 | Valid loss: 0.1911 | Train acc: 0.9919 | Valid acc: 0.8780 | patience:  37 | Epoch time: 0.6 |

2023-01-07 21:45:44,989 - INFO -
| Epoch:     67 | Train loss: 0.0349 | Valid loss: 0.1864 | Train acc: 0.9919 | Valid acc: 0.9024 | patience:  38 | Epoch time: 0.6 |

2023-01-07 21:45:45,562 - INFO -
| Epoch:     68 | Train loss: 0.0342 | Valid loss: 0.1931 | Train acc: 0.9919 | Valid acc: 0.9024 | patience:  39 | Epoch time: 0.6 |

2023-01-07 21:45:46,134 - INFO -
| Epoch:     69 | Train loss: 0.0325 | Valid loss: 0.2043 | Train acc: 0.9919 | Valid acc: 0.8780 | patience:  40 | Epoch time: 0.6 |

2023-01-07 21:45:46,706 - INFO -
| Epoch:     70 | Train loss: 0.0361 | Valid loss: 0.1891 | Train acc: 0.9919 | Valid acc: 0.9024 | patience:  41 | Epoch time: 0.6 |

2023-01-07 21:45:47,278 - INFO -
| Epoch:     71 | Train loss: 0.0316 | Valid loss: 0.1864 | Train acc: 0.9919 | Valid acc: 0.9024 | patience:  42 | Epoch time: 0.6 |

2023-01-07 21:45:47,849 - INFO -
| Epoch:     72 | Train loss: 0.0320 | Valid loss: 0.1950 | Train acc: 0.9839 | Valid acc: 0.9024 | patience:  43 | Epoch time: 0.6 |

2023-01-07 21:45:48,420 - INFO -
| Epoch:     73 | Train loss: 0.0302 | Valid loss: 0.2015 | Train acc: 0.9839 | Valid acc: 0.9024 | patience:  44 | Epoch time: 0.6 |

2023-01-07 21:45:48,989 - INFO -
| Epoch:     74 | Train loss: 0.0296 | Valid loss: 0.1974 | Train acc: 0.9919 | Valid acc: 0.9024 | patience:  45 | Epoch time: 0.6 |

2023-01-07 21:45:49,560 - INFO -
| Epoch:     75 | Train loss: 0.0298 | Valid loss: 0.1951 | Train acc: 0.9919 | Valid acc: 0.9024 | patience:  46 | Epoch time: 0.6 |

2023-01-07 21:45:50,131 - INFO -
| Epoch:     76 | Train loss: 0.0295 | Valid loss: 0.1952 | Train acc: 0.9919 | Valid acc: 0.9024 | patience:  47 | Epoch time: 0.6 |

2023-01-07 21:45:50,700 - INFO -
| Epoch:     77 | Train loss: 0.0280 | Valid loss: 0.1945 | Train acc: 0.9919 | Valid acc: 0.9024 | patience:  48 | Epoch time: 0.6 |

2023-01-07 21:45:51,270 - INFO -
| Epoch:     78 | Train loss: 0.0282 | Valid loss: 0.1908 | Train acc: 0.9839 | Valid acc: 0.9024 | patience:  49 | Epoch time: 0.6 |

2023-01-07 21:45:51,841 - INFO -
| Epoch:     79 | Train loss: 0.0277 | Valid loss: 0.1905 | Train acc: 0.9839 | Valid acc: 0.9024 | patience:  50 | Epoch time: 0.6 |

2023-01-07 21:45:52,410 - INFO -
| Epoch:     80 | Train loss: 0.0270 | Valid loss: 0.1912 | Train acc: 0.9919 | Valid acc: 0.9024 | patience:  51 | Epoch time: 0.6 |

2023-01-07 21:45:52,981 - INFO -
| Epoch:     81 | Train loss: 0.0272 | Valid loss: 0.1907 | Train acc: 0.9919 | Valid acc: 0.9024 | patience:  52 | Epoch time: 0.6 |

2023-01-07 21:45:53,553 - INFO -
| Epoch:     82 | Train loss: 0.0265 | Valid loss: 0.1883 | Train acc: 0.9919 | Valid acc: 0.9024 | patience:  53 | Epoch time: 0.6 |

2023-01-07 21:45:54,126 - INFO -
| Epoch:     83 | Train loss: 0.0267 | Valid loss: 0.1844 | Train acc: 0.9919 | Valid acc: 0.9024 | patience:  54 | Epoch time: 0.6 |

2023-01-07 21:45:54,697 - INFO -
| Epoch:     84 | Train loss: 0.0262 | Valid loss: 0.1827 | Train acc: 0.9839 | Valid acc: 0.9024 | patience:  55 | Epoch time: 0.6 |

2023-01-07 21:45:55,268 - INFO -
| Epoch:     85 | Train loss: 0.0259 | Valid loss: 0.1864 | Train acc: 0.9839 | Valid acc: 0.9024 | patience:  56 | Epoch time: 0.6 |

2023-01-07 21:45:55,840 - INFO -
| Epoch:     86 | Train loss: 0.0261 | Valid loss: 0.1876 | Train acc: 0.9919 | Valid acc: 0.9024 | patience:  57 | Epoch time: 0.6 |

2023-01-07 21:45:56,413 - INFO -
| Epoch:     87 | Train loss: 0.0262 | Valid loss: 0.1847 | Train acc: 0.9919 | Valid acc: 0.9024 | patience:  58 | Epoch time: 0.6 |

2023-01-07 21:45:56,985 - INFO -
| Epoch:     88 | Train loss: 0.0251 | Valid loss: 0.1803 | Train acc: 0.9919 | Valid acc: 0.9024 | patience:  59 | Epoch time: 0.6 |

2023-01-07 21:45:57,558 - INFO -
| Epoch:     89 | Train loss: 0.0245 | Valid loss: 0.1789 | Train acc: 0.9839 | Valid acc: 0.9024 | patience:  60 | Epoch time: 0.6 |

2023-01-07 21:45:58,129 - INFO -
| Epoch:     90 | Train loss: 0.0246 | Valid loss: 0.1813 | Train acc: 0.9839 | Valid acc: 0.9024 | patience:  61 | Epoch time: 0.6 |

2023-01-07 21:45:58,700 - INFO -
| Epoch:     91 | Train loss: 0.0248 | Valid loss: 0.1821 | Train acc: 0.9919 | Valid acc: 0.9024 | patience:  62 | Epoch time: 0.6 |

2023-01-07 21:45:59,272 - INFO -
| Epoch:     92 | Train loss: 0.0243 | Valid loss: 0.1799 | Train acc: 0.9919 | Valid acc: 0.9024 | patience:  63 | Epoch time: 0.6 |

2023-01-07 21:45:59,844 - INFO -
| Epoch:     93 | Train loss: 0.0241 | Valid loss: 0.1760 | Train acc: 0.9919 | Valid acc: 0.9024 | patience:  64 | Epoch time: 0.6 |

2023-01-07 21:46:00,416 - INFO -
| Epoch:     94 | Train loss: 0.0249 | Valid loss: 0.1771 | Train acc: 0.9839 | Valid acc: 0.9024 | patience:  65 | Epoch time: 0.6 |

2023-01-07 21:46:00,987 - INFO -
| Epoch:     95 | Train loss: 0.0238 | Valid loss: 0.1791 | Train acc: 0.9839 | Valid acc: 0.9024 | patience:  66 | Epoch time: 0.6 |

2023-01-07 21:46:01,559 - INFO -
| Epoch:     96 | Train loss: 0.0237 | Valid loss: 0.1799 | Train acc: 0.9919 | Valid acc: 0.9024 | patience:  67 | Epoch time: 0.6 |

2023-01-07 21:46:02,130 - INFO -
| Epoch:     97 | Train loss: 0.0239 | Valid loss: 0.1789 | Train acc: 0.9919 | Valid acc: 0.9024 | patience:  68 | Epoch time: 0.6 |

2023-01-07 21:46:02,703 - INFO -
| Epoch:     98 | Train loss: 0.0235 | Valid loss: 0.1767 | Train acc: 0.9919 | Valid acc: 0.9024 | patience:  69 | Epoch time: 0.6 |

2023-01-07 21:46:03,274 - INFO -
| Epoch:     99 | Train loss: 0.0234 | Valid loss: 0.1740 | Train acc: 0.9919 | Valid acc: 0.9024 | patience:  70 | Epoch time: 0.6 |

2023-01-07 21:46:03,845 - INFO -
| Epoch:    100 | Train loss: 0.0234 | Valid loss: 0.1758 | Train acc: 0.9839 | Valid acc: 0.9024 | patience:  71 | Epoch time: 0.6 |

2023-01-07 21:46:04,416 - INFO -
| Epoch:    101 | Train loss: 0.0237 | Valid loss: 0.1795 | Train acc: 0.9919 | Valid acc: 0.9024 | patience:  72 | Epoch time: 0.6 |

2023-01-07 21:46:04,989 - INFO -
| Epoch:    102 | Train loss: 0.0234 | Valid loss: 0.1804 | Train acc: 0.9919 | Valid acc: 0.9024 | patience:  73 | Epoch time: 0.6 |

2023-01-07 21:46:05,559 - INFO -
| Epoch:    103 | Train loss: 0.0243 | Valid loss: 0.1783 | Train acc: 0.9919 | Valid acc: 0.9024 | patience:  74 | Epoch time: 0.6 |

2023-01-07 21:46:06,132 - INFO -
| Epoch:    104 | Train loss: 0.0241 | Valid loss: 0.1731 | Train acc: 0.9919 | Valid acc: 0.9024 | patience:  75 | Epoch time: 0.6 |

2023-01-07 21:46:06,704 - INFO -
| Epoch:    105 | Train loss: 0.0232 | Valid loss: 0.1700 | Train acc: 0.9839 | Valid acc: 0.9024 | patience:  76 | Epoch time: 0.6 |

2023-01-07 21:46:07,276 - INFO -
| Epoch:    106 | Train loss: 0.0250 | Valid loss: 0.1736 | Train acc: 0.9839 | Valid acc: 0.9024 | patience:  77 | Epoch time: 0.6 |

2023-01-07 21:46:07,847 - INFO -
| Epoch:    107 | Train loss: 0.0228 | Valid loss: 0.1795 | Train acc: 0.9839 | Valid acc: 0.9024 | patience:  78 | Epoch time: 0.6 |

2023-01-07 21:46:08,418 - INFO -
| Epoch:    108 | Train loss: 0.0235 | Valid loss: 0.1807 | Train acc: 0.9919 | Valid acc: 0.9024 | patience:  79 | Epoch time: 0.6 |

2023-01-07 21:46:08,991 - INFO -
| Epoch:    109 | Train loss: 0.0241 | Valid loss: 0.1777 | Train acc: 0.9919 | Valid acc: 0.9024 | patience:  80 | Epoch time: 0.6 |

2023-01-07 21:46:09,564 - INFO -
| Epoch:    110 | Train loss: 0.0224 | Valid loss: 0.1718 | Train acc: 0.9919 | Valid acc: 0.9024 | patience:  81 | Epoch time: 0.6 |

2023-01-07 21:46:10,137 - INFO -
| Epoch:    111 | Train loss: 0.0261 | Valid loss: 0.1733 | Train acc: 0.9839 | Valid acc: 0.9024 | patience:  82 | Epoch time: 0.6 |

2023-01-07 21:46:10,708 - INFO -
| Epoch:    112 | Train loss: 0.0239 | Valid loss: 0.1788 | Train acc: 0.9839 | Valid acc: 0.9024 | patience:  83 | Epoch time: 0.6 |

2023-01-07 21:46:11,280 - INFO -
| Epoch:    113 | Train loss: 0.0234 | Valid loss: 0.1892 | Train acc: 0.9919 | Valid acc: 0.8780 | patience:  84 | Epoch time: 0.6 |

2023-01-07 21:46:11,851 - INFO -
| Epoch:    114 | Train loss: 0.0284 | Valid loss: 0.1811 | Train acc: 0.9839 | Valid acc: 0.9024 | patience:  85 | Epoch time: 0.6 |

2023-01-07 21:46:12,421 - INFO -
| Epoch:    115 | Train loss: 0.0244 | Valid loss: 0.1723 | Train acc: 0.9919 | Valid acc: 0.9024 | patience:  86 | Epoch time: 0.6 |

2023-01-07 21:46:12,993 - INFO -
| Epoch:    116 | Train loss: 0.0233 | Valid loss: 0.1703 | Train acc: 0.9839 | Valid acc: 0.9024 | patience:  87 | Epoch time: 0.6 |

2023-01-07 21:46:13,563 - INFO -
| Epoch:    117 | Train loss: 0.0253 | Valid loss: 0.1742 | Train acc: 0.9839 | Valid acc: 0.9024 | patience:  88 | Epoch time: 0.6 |

2023-01-07 21:46:14,134 - INFO -
| Epoch:    118 | Train loss: 0.0220 | Valid loss: 0.1796 | Train acc: 0.9919 | Valid acc: 0.9024 | patience:  89 | Epoch time: 0.6 |

2023-01-07 21:46:14,704 - INFO -
| Epoch:    119 | Train loss: 0.0234 | Valid loss: 0.1850 | Train acc: 0.9919 | Valid acc: 0.9024 | patience:  90 | Epoch time: 0.6 |

2023-01-07 21:46:15,276 - INFO -
| Epoch:    120 | Train loss: 0.0256 | Valid loss: 0.1772 | Train acc: 0.9919 | Valid acc: 0.9024 | patience:  91 | Epoch time: 0.6 |

2023-01-07 21:46:15,847 - INFO -
| Epoch:    121 | Train loss: 0.0226 | Valid loss: 0.1724 | Train acc: 0.9919 | Valid acc: 0.9024 | patience:  92 | Epoch time: 0.6 |

2023-01-07 21:46:16,417 - INFO -
| Epoch:    122 | Train loss: 0.0223 | Valid loss: 0.1704 | Train acc: 0.9839 | Valid acc: 0.9024 | patience:  93 | Epoch time: 0.6 |

2023-01-07 21:46:16,987 - INFO -
| Epoch:    123 | Train loss: 0.0249 | Valid loss: 0.1749 | Train acc: 0.9839 | Valid acc: 0.9024 | patience:  94 | Epoch time: 0.6 |

2023-01-07 21:46:17,558 - INFO -
| Epoch:    124 | Train loss: 0.0219 | Valid loss: 0.1797 | Train acc: 0.9919 | Valid acc: 0.9024 | patience:  95 | Epoch time: 0.6 |

2023-01-07 21:46:18,130 - INFO -
| Epoch:    125 | Train loss: 0.0226 | Valid loss: 0.1804 | Train acc: 0.9919 | Valid acc: 0.9024 | patience:  96 | Epoch time: 0.6 |

2023-01-07 21:46:18,703 - INFO -
| Epoch:    126 | Train loss: 0.0231 | Valid loss: 0.1778 | Train acc: 0.9919 | Valid acc: 0.9024 | patience:  97 | Epoch time: 0.6 |

2023-01-07 21:46:19,275 - INFO -
| Epoch:    127 | Train loss: 0.0227 | Valid loss: 0.1741 | Train acc: 0.9919 | Valid acc: 0.9024 | patience:  98 | Epoch time: 0.6 |

2023-01-07 21:46:19,847 - INFO -
| Epoch:    128 | Train loss: 0.0222 | Valid loss: 0.1714 | Train acc: 0.9839 | Valid acc: 0.9024 | patience:  99 | Epoch time: 0.6 |

2023-01-07 21:46:20,418 - INFO -
| Epoch:    129 | Train loss: 0.0221 | Valid loss: 0.1725 | Train acc: 0.9839 | Valid acc: 0.9024 | patience: 100 | Epoch time: 0.6 |

2023-01-07 21:46:20,990 - INFO -
| Epoch:    130 | Train loss: 0.0220 | Valid loss: 0.1768 | Train acc: 0.9839 | Valid acc: 0.9024 | patience: 101 | Epoch time: 0.6 |

2023-01-07 21:46:21,562 - INFO -
| Epoch:    131 | Train loss: 0.0213 | Valid loss: 0.1789 | Train acc: 0.9919 | Valid acc: 0.9024 | patience: 102 | Epoch time: 0.6 |

2023-01-07 21:46:22,134 - INFO -
| Epoch:    132 | Train loss: 0.0220 | Valid loss: 0.1763 | Train acc: 0.9919 | Valid acc: 0.9024 | patience: 103 | Epoch time: 0.6 |

2023-01-07 21:46:22,705 - INFO -
| Epoch:    133 | Train loss: 0.0212 | Valid loss: 0.1730 | Train acc: 0.9919 | Valid acc: 0.9024 | patience: 104 | Epoch time: 0.6 |

2023-01-07 21:46:23,277 - INFO -
| Epoch:    134 | Train loss: 0.0212 | Valid loss: 0.1719 | Train acc: 0.9919 | Valid acc: 0.9024 | patience: 105 | Epoch time: 0.6 |

2023-01-07 21:46:23,848 - INFO -
| Epoch:    135 | Train loss: 0.0213 | Valid loss: 0.1745 | Train acc: 0.9919 | Valid acc: 0.9024 | patience: 106 | Epoch time: 0.6 |

2023-01-07 21:46:24,419 - INFO -
| Epoch:    136 | Train loss: 0.0211 | Valid loss: 0.1770 | Train acc: 0.9919 | Valid acc: 0.9024 | patience: 107 | Epoch time: 0.6 |

2023-01-07 21:46:24,991 - INFO -
| Epoch:    137 | Train loss: 0.0213 | Valid loss: 0.1756 | Train acc: 0.9919 | Valid acc: 0.9024 | patience: 108 | Epoch time: 0.6 |

2023-01-07 21:46:25,565 - INFO -
| Epoch:    138 | Train loss: 0.0213 | Valid loss: 0.1736 | Train acc: 0.9919 | Valid acc: 0.9024 | patience: 109 | Epoch time: 0.6 |

2023-01-07 21:46:26,136 - INFO -
| Epoch:    139 | Train loss: 0.0209 | Valid loss: 0.1752 | Train acc: 0.9919 | Valid acc: 0.9024 | patience: 110 | Epoch time: 0.6 |

2023-01-07 21:46:26,708 - INFO -
| Epoch:    140 | Train loss: 0.0214 | Valid loss: 0.1770 | Train acc: 0.9919 | Valid acc: 0.9024 | patience: 111 | Epoch time: 0.6 |

2023-01-07 21:46:27,280 - INFO -
| Epoch:    141 | Train loss: 0.0218 | Valid loss: 0.1770 | Train acc: 0.9919 | Valid acc: 0.9024 | patience: 112 | Epoch time: 0.6 |

2023-01-07 21:46:27,852 - INFO -
| Epoch:    142 | Train loss: 0.0215 | Valid loss: 0.1759 | Train acc: 0.9919 | Valid acc: 0.9024 | patience: 113 | Epoch time: 0.6 |

2023-01-07 21:46:28,426 - INFO -
| Epoch:    143 | Train loss: 0.0207 | Valid loss: 0.1729 | Train acc: 0.9919 | Valid acc: 0.9024 | patience: 114 | Epoch time: 0.6 |

2023-01-07 21:46:28,998 - INFO -
| Epoch:    144 | Train loss: 0.0227 | Valid loss: 0.1753 | Train acc: 0.9919 | Valid acc: 0.9024 | patience: 115 | Epoch time: 0.6 |

2023-01-07 21:46:29,570 - INFO -
| Epoch:    145 | Train loss: 0.0205 | Valid loss: 0.1785 | Train acc: 0.9919 | Valid acc: 0.9024 | patience: 116 | Epoch time: 0.6 |

2023-01-07 21:46:30,141 - INFO -
| Epoch:    146 | Train loss: 0.0216 | Valid loss: 0.1779 | Train acc: 0.9919 | Valid acc: 0.9024 | patience: 117 | Epoch time: 0.6 |

2023-01-07 21:46:30,714 - INFO -
| Epoch:    147 | Train loss: 0.0219 | Valid loss: 0.1743 | Train acc: 0.9919 | Valid acc: 0.9024 | patience: 118 | Epoch time: 0.6 |

2023-01-07 21:46:31,286 - INFO -
| Epoch:    148 | Train loss: 0.0219 | Valid loss: 0.1725 | Train acc: 0.9919 | Valid acc: 0.9024 | patience: 119 | Epoch time: 0.6 |

2023-01-07 21:46:31,858 - INFO -
| Epoch:    149 | Train loss: 0.0213 | Valid loss: 0.1724 | Train acc: 0.9839 | Valid acc: 0.9024 | patience: 120 | Epoch time: 0.6 |

2023-01-07 21:46:32,430 - INFO -
| Epoch:    150 | Train loss: 0.0212 | Valid loss: 0.1754 | Train acc: 0.9919 | Valid acc: 0.9024 | patience: 121 | Epoch time: 0.6 |

2023-01-07 21:46:33,002 - INFO -
| Epoch:    151 | Train loss: 0.0211 | Valid loss: 0.1777 | Train acc: 0.9919 | Valid acc: 0.9024 | patience: 122 | Epoch time: 0.6 |

2023-01-07 21:46:33,574 - INFO -
| Epoch:    152 | Train loss: 0.0205 | Valid loss: 0.1767 | Train acc: 0.9919 | Valid acc: 0.9024 | patience: 123 | Epoch time: 0.6 |

2023-01-07 21:46:34,145 - INFO -
| Epoch:    153 | Train loss: 0.0205 | Valid loss: 0.1756 | Train acc: 0.9919 | Valid acc: 0.9024 | patience: 124 | Epoch time: 0.6 |

2023-01-07 21:46:34,716 - INFO -
| Epoch:    154 | Train loss: 0.0206 | Valid loss: 0.1751 | Train acc: 0.9919 | Valid acc: 0.9024 | patience: 125 | Epoch time: 0.6 |

2023-01-07 21:46:35,287 - INFO -
| Epoch:    155 | Train loss: 0.0204 | Valid loss: 0.1767 | Train acc: 0.9919 | Valid acc: 0.9024 | patience: 126 | Epoch time: 0.6 |

2023-01-07 21:46:35,859 - INFO -
| Epoch:    156 | Train loss: 0.0205 | Valid loss: 0.1761 | Train acc: 0.9919 | Valid acc: 0.9024 | patience: 127 | Epoch time: 0.6 |

2023-01-07 21:46:36,430 - INFO -
| Epoch:    157 | Train loss: 0.0203 | Valid loss: 0.1764 | Train acc: 0.9919 | Valid acc: 0.9024 | patience: 128 | Epoch time: 0.6 |

2023-01-07 21:46:37,002 - INFO -
| Epoch:    158 | Train loss: 0.0203 | Valid loss: 0.1770 | Train acc: 0.9919 | Valid acc: 0.9024 | patience: 129 | Epoch time: 0.6 |

2023-01-07 21:46:37,573 - INFO -
| Epoch:    159 | Train loss: 0.0201 | Valid loss: 0.1752 | Train acc: 0.9919 | Valid acc: 0.9024 | patience: 130 | Epoch time: 0.6 |

2023-01-07 21:46:38,145 - INFO -
| Epoch:    160 | Train loss: 0.0201 | Valid loss: 0.1760 | Train acc: 0.9919 | Valid acc: 0.9024 | patience: 131 | Epoch time: 0.6 |

2023-01-07 21:46:38,716 - INFO -
| Epoch:    161 | Train loss: 0.0202 | Valid loss: 0.1769 | Train acc: 0.9919 | Valid acc: 0.9024 | patience: 132 | Epoch time: 0.6 |

2023-01-07 21:46:39,288 - INFO -
| Epoch:    162 | Train loss: 0.0200 | Valid loss: 0.1734 | Train acc: 0.9919 | Valid acc: 0.9024 | patience: 133 | Epoch time: 0.6 |

2023-01-07 21:46:39,860 - INFO -
| Epoch:    163 | Train loss: 0.0206 | Valid loss: 0.1745 | Train acc: 0.9919 | Valid acc: 0.9024 | patience: 134 | Epoch time: 0.6 |

2023-01-07 21:46:40,432 - INFO -
| Epoch:    164 | Train loss: 0.0200 | Valid loss: 0.1778 | Train acc: 0.9919 | Valid acc: 0.9024 | patience: 135 | Epoch time: 0.6 |

2023-01-07 21:46:41,003 - INFO -
| Epoch:    165 | Train loss: 0.0206 | Valid loss: 0.1759 | Train acc: 0.9919 | Valid acc: 0.9024 | patience: 136 | Epoch time: 0.6 |

2023-01-07 21:46:41,575 - INFO -
| Epoch:    166 | Train loss: 0.0208 | Valid loss: 0.1746 | Train acc: 0.9919 | Valid acc: 0.9024 | patience: 137 | Epoch time: 0.6 |

2023-01-07 21:46:42,146 - INFO -
| Epoch:    167 | Train loss: 0.0206 | Valid loss: 0.1742 | Train acc: 0.9919 | Valid acc: 0.9024 | patience: 138 | Epoch time: 0.6 |

2023-01-07 21:46:42,718 - INFO -
| Epoch:    168 | Train loss: 0.0198 | Valid loss: 0.1738 | Train acc: 0.9919 | Valid acc: 0.9024 | patience: 139 | Epoch time: 0.6 |

2023-01-07 21:46:43,289 - INFO -
| Epoch:    169 | Train loss: 0.0213 | Valid loss: 0.1762 | Train acc: 0.9919 | Valid acc: 0.9024 | patience: 140 | Epoch time: 0.6 |

2023-01-07 21:46:43,861 - INFO -
| Epoch:    170 | Train loss: 0.0203 | Valid loss: 0.1755 | Train acc: 0.9919 | Valid acc: 0.9024 | patience: 141 | Epoch time: 0.6 |

2023-01-07 21:46:44,433 - INFO -
| Epoch:    171 | Train loss: 0.0203 | Valid loss: 0.1728 | Train acc: 0.9919 | Valid acc: 0.9024 | patience: 142 | Epoch time: 0.6 |

2023-01-07 21:46:45,004 - INFO -
| Epoch:    172 | Train loss: 0.0212 | Valid loss: 0.1728 | Train acc: 0.9919 | Valid acc: 0.9024 | patience: 143 | Epoch time: 0.6 |

2023-01-07 21:46:45,577 - INFO -
| Epoch:    173 | Train loss: 0.0208 | Valid loss: 0.1743 | Train acc: 0.9919 | Valid acc: 0.9024 | patience: 144 | Epoch time: 0.6 |

2023-01-07 21:46:46,148 - INFO -
| Epoch:    174 | Train loss: 0.0199 | Valid loss: 0.1731 | Train acc: 0.9919 | Valid acc: 0.9024 | patience: 145 | Epoch time: 0.6 |

2023-01-07 21:46:46,719 - INFO -
| Epoch:    175 | Train loss: 0.0205 | Valid loss: 0.1729 | Train acc: 0.9919 | Valid acc: 0.9024 | patience: 146 | Epoch time: 0.6 |

2023-01-07 21:46:47,291 - INFO -
| Epoch:    176 | Train loss: 0.0208 | Valid loss: 0.1718 | Train acc: 0.9919 | Valid acc: 0.9024 | patience: 147 | Epoch time: 0.6 |

2023-01-07 21:46:47,862 - INFO -
| Epoch:    177 | Train loss: 0.0196 | Valid loss: 0.1735 | Train acc: 0.9919 | Valid acc: 0.9024 | patience: 148 | Epoch time: 0.6 |

2023-01-07 21:46:48,433 - INFO -
| Epoch:    178 | Train loss: 0.0204 | Valid loss: 0.1754 | Train acc: 0.9919 | Valid acc: 0.9024 | patience: 149 | Epoch time: 0.6 |

2023-01-07 21:46:49,005 - INFO -
| Epoch:    179 | Train loss: 0.0207 | Valid loss: 0.1753 | Train acc: 0.9919 | Valid acc: 0.9024 | patience: 150 | Epoch time: 0.6 |

2023-01-07 21:46:49,576 - INFO -
| Epoch:    180 | Train loss: 0.0203 | Valid loss: 0.1756 | Train acc: 0.9919 | Valid acc: 0.9024 | patience: 151 | Epoch time: 0.6 |

2023-01-07 21:46:50,148 - INFO -
| Epoch:    181 | Train loss: 0.0196 | Valid loss: 0.1723 | Train acc: 0.9919 | Valid acc: 0.9024 | patience: 152 | Epoch time: 0.6 |

2023-01-07 21:46:50,720 - INFO -
| Epoch:    182 | Train loss: 0.0207 | Valid loss: 0.1718 | Train acc: 0.9919 | Valid acc: 0.9024 | patience: 153 | Epoch time: 0.6 |

2023-01-07 21:46:51,291 - INFO -
| Epoch:    183 | Train loss: 0.0213 | Valid loss: 0.1748 | Train acc: 0.9919 | Valid acc: 0.9024 | patience: 154 | Epoch time: 0.6 |

2023-01-07 21:46:51,862 - INFO -
| Epoch:    184 | Train loss: 0.0195 | Valid loss: 0.1778 | Train acc: 0.9919 | Valid acc: 0.9024 | patience: 155 | Epoch time: 0.6 |

2023-01-07 21:46:52,433 - INFO -
| Epoch:    185 | Train loss: 0.0208 | Valid loss: 0.1750 | Train acc: 0.9919 | Valid acc: 0.9024 | patience: 156 | Epoch time: 0.6 |

2023-01-07 21:46:53,008 - INFO -
| Epoch:    186 | Train loss: 0.0203 | Valid loss: 0.1719 | Train acc: 0.9919 | Valid acc: 0.9024 | patience: 157 | Epoch time: 0.6 |

2023-01-07 21:46:53,580 - INFO -
| Epoch:    187 | Train loss: 0.0207 | Valid loss: 0.1721 | Train acc: 0.9919 | Valid acc: 0.9024 | patience: 158 | Epoch time: 0.6 |

2023-01-07 21:46:54,151 - INFO -
| Epoch:    188 | Train loss: 0.0194 | Valid loss: 0.1731 | Train acc: 0.9919 | Valid acc: 0.9024 | patience: 159 | Epoch time: 0.6 |

2023-01-07 21:46:54,722 - INFO -
| Epoch:    189 | Train loss: 0.0202 | Valid loss: 0.1732 | Train acc: 0.9919 | Valid acc: 0.9024 | patience: 160 | Epoch time: 0.6 |

2023-01-07 21:46:55,296 - INFO -
| Epoch:    190 | Train loss: 0.0205 | Valid loss: 0.1715 | Train acc: 0.9919 | Valid acc: 0.9024 | patience: 161 | Epoch time: 0.6 |

2023-01-07 21:46:55,870 - INFO -
| Epoch:    191 | Train loss: 0.0193 | Valid loss: 0.1725 | Train acc: 0.9919 | Valid acc: 0.9024 | patience: 162 | Epoch time: 0.6 |

2023-01-07 21:46:56,441 - INFO -
| Epoch:    192 | Train loss: 0.0197 | Valid loss: 0.1732 | Train acc: 0.9919 | Valid acc: 0.9024 | patience: 163 | Epoch time: 0.6 |

2023-01-07 21:46:57,013 - INFO -
| Epoch:    193 | Train loss: 0.0202 | Valid loss: 0.1738 | Train acc: 0.9919 | Valid acc: 0.9024 | patience: 164 | Epoch time: 0.6 |

2023-01-07 21:46:57,586 - INFO -
| Epoch:    194 | Train loss: 0.0199 | Valid loss: 0.1743 | Train acc: 0.9919 | Valid acc: 0.9024 | patience: 165 | Epoch time: 0.6 |

2023-01-07 21:46:58,159 - INFO -
| Epoch:    195 | Train loss: 0.0194 | Valid loss: 0.1696 | Train acc: 0.9919 | Valid acc: 0.9024 | patience: 166 | Epoch time: 0.6 |

2023-01-07 21:46:58,731 - INFO -
| Epoch:    196 | Train loss: 0.0202 | Valid loss: 0.1678 | Train acc: 0.9919 | Valid acc: 0.9024 | patience: 167 | Epoch time: 0.6 |

2023-01-07 21:46:59,303 - INFO -
| Epoch:    197 | Train loss: 0.0214 | Valid loss: 0.1714 | Train acc: 0.9839 | Valid acc: 0.9024 | patience: 168 | Epoch time: 0.6 |

2023-01-07 21:46:59,875 - INFO -
| Epoch:    198 | Train loss: 0.0190 | Valid loss: 0.1770 | Train acc: 0.9919 | Valid acc: 0.9024 | patience: 169 | Epoch time: 0.6 |

2023-01-07 21:47:00,446 - INFO -
| Epoch:    199 | Train loss: 0.0216 | Valid loss: 0.1724 | Train acc: 0.9919 | Valid acc: 0.9024 | patience: 170 | Epoch time: 0.6 |

2023-01-07 21:47:01,019 - INFO -
| Epoch:    200 | Train loss: 0.0201 | Valid loss: 0.1679 | Train acc: 0.9919 | Valid acc: 0.9024 | patience: 171 | Epoch time: 0.6 |

2023-01-07 21:47:01,591 - INFO -
| Epoch:    201 | Train loss: 0.0215 | Valid loss: 0.1688 | Train acc: 0.9839 | Valid acc: 0.9024 | patience: 172 | Epoch time: 0.6 |

2023-01-07 21:47:02,164 - INFO -
| Epoch:    202 | Train loss: 0.0198 | Valid loss: 0.1741 | Train acc: 0.9839 | Valid acc: 0.9024 | patience: 173 | Epoch time: 0.6 |

2023-01-07 21:47:02,736 - INFO -
| Epoch:    203 | Train loss: 0.0193 | Valid loss: 0.1748 | Train acc: 0.9919 | Valid acc: 0.9024 | patience: 174 | Epoch time: 0.6 |

2023-01-07 21:47:03,310 - INFO -
| Epoch:    204 | Train loss: 0.0200 | Valid loss: 0.1695 | Train acc: 0.9919 | Valid acc: 0.9024 | patience: 175 | Epoch time: 0.6 |

2023-01-07 21:47:03,883 - INFO -
| Epoch:    205 | Train loss: 0.0197 | Valid loss: 0.1679 | Train acc: 0.9919 | Valid acc: 0.9024 | patience: 176 | Epoch time: 0.6 |

2023-01-07 21:47:04,456 - INFO -
| Epoch:    206 | Train loss: 0.0205 | Valid loss: 0.1719 | Train acc: 0.9839 | Valid acc: 0.9024 | patience: 177 | Epoch time: 0.6 |

2023-01-07 21:47:05,028 - INFO -
| Epoch:    207 | Train loss: 0.0193 | Valid loss: 0.1762 | Train acc: 0.9919 | Valid acc: 0.9024 | patience: 178 | Epoch time: 0.6 |

2023-01-07 21:47:05,600 - INFO -
| Epoch:    208 | Train loss: 0.0202 | Valid loss: 0.1729 | Train acc: 0.9919 | Valid acc: 0.9024 | patience: 179 | Epoch time: 0.6 |

2023-01-07 21:47:06,173 - INFO -
| Epoch:    209 | Train loss: 0.0191 | Valid loss: 0.1683 | Train acc: 0.9919 | Valid acc: 0.9024 | patience: 180 | Epoch time: 0.6 |

2023-01-07 21:47:06,746 - INFO -
| Epoch:    210 | Train loss: 0.0195 | Valid loss: 0.1690 | Train acc: 0.9919 | Valid acc: 0.9024 | patience: 181 | Epoch time: 0.6 |

2023-01-07 21:47:07,318 - INFO -
| Epoch:    211 | Train loss: 0.0190 | Valid loss: 0.1734 | Train acc: 0.9919 | Valid acc: 0.9024 | patience: 182 | Epoch time: 0.6 |

2023-01-07 21:47:07,919 - INFO -
| Epoch:    212 | Train loss: 0.0190 | Valid loss: 0.1712 | Train acc: 0.9919 | Valid acc: 0.9024 | patience: 183 | Epoch time: 0.6 |

2023-01-07 21:47:08,528 - INFO -
| Epoch:    213 | Train loss: 0.0188 | Valid loss: 0.1697 | Train acc: 0.9919 | Valid acc: 0.9024 | patience: 184 | Epoch time: 0.6 |

2023-01-07 21:47:09,138 - INFO -
| Epoch:    214 | Train loss: 0.0190 | Valid loss: 0.1706 | Train acc: 0.9919 | Valid acc: 0.9024 | patience: 185 | Epoch time: 0.6 |

2023-01-07 21:47:09,750 - INFO -
| Epoch:    215 | Train loss: 0.0188 | Valid loss: 0.1697 | Train acc: 0.9919 | Valid acc: 0.9024 | patience: 186 | Epoch time: 0.6 |

2023-01-07 21:47:10,371 - INFO -
| Epoch:    216 | Train loss: 0.0187 | Valid loss: 0.1697 | Train acc: 0.9919 | Valid acc: 0.9024 | patience: 187 | Epoch time: 0.6 |

2023-01-07 21:47:10,982 - INFO -
| Epoch:    217 | Train loss: 0.0188 | Valid loss: 0.1710 | Train acc: 0.9919 | Valid acc: 0.9024 | patience: 188 | Epoch time: 0.6 |

2023-01-07 21:47:11,593 - INFO -
| Epoch:    218 | Train loss: 0.0186 | Valid loss: 0.1718 | Train acc: 0.9919 | Valid acc: 0.9024 | patience: 189 | Epoch time: 0.6 |

2023-01-07 21:47:12,205 - INFO -
| Epoch:    219 | Train loss: 0.0186 | Valid loss: 0.1701 | Train acc: 0.9919 | Valid acc: 0.9024 | patience: 190 | Epoch time: 0.6 |

2023-01-07 21:47:12,815 - INFO -
| Epoch:    220 | Train loss: 0.0190 | Valid loss: 0.1708 | Train acc: 0.9919 | Valid acc: 0.9024 | patience: 191 | Epoch time: 0.6 |

2023-01-07 21:47:13,425 - INFO -
| Epoch:    221 | Train loss: 0.0185 | Valid loss: 0.1726 | Train acc: 0.9919 | Valid acc: 0.9024 | patience: 192 | Epoch time: 0.6 |

2023-01-07 21:47:14,035 - INFO -
| Epoch:    222 | Train loss: 0.0186 | Valid loss: 0.1717 | Train acc: 0.9919 | Valid acc: 0.9024 | patience: 193 | Epoch time: 0.6 |

2023-01-07 21:47:14,648 - INFO -
| Epoch:    223 | Train loss: 0.0186 | Valid loss: 0.1712 | Train acc: 0.9919 | Valid acc: 0.9024 | patience: 194 | Epoch time: 0.6 |

2023-01-07 21:47:15,259 - INFO -
| Epoch:    224 | Train loss: 0.0186 | Valid loss: 0.1720 | Train acc: 0.9919 | Valid acc: 0.9024 | patience: 195 | Epoch time: 0.6 |

2023-01-07 21:47:15,869 - INFO -
| Epoch:    225 | Train loss: 0.0186 | Valid loss: 0.1706 | Train acc: 0.9919 | Valid acc: 0.9024 | patience: 196 | Epoch time: 0.6 |

2023-01-07 21:47:16,480 - INFO -
| Epoch:    226 | Train loss: 0.0187 | Valid loss: 0.1714 | Train acc: 0.9919 | Valid acc: 0.9024 | patience: 197 | Epoch time: 0.6 |

2023-01-07 21:47:17,090 - INFO -
| Epoch:    227 | Train loss: 0.0185 | Valid loss: 0.1722 | Train acc: 0.9919 | Valid acc: 0.9024 | patience: 198 | Epoch time: 0.6 |

2023-01-07 21:47:17,701 - INFO -
| Epoch:    228 | Train loss: 0.0184 | Valid loss: 0.1715 | Train acc: 0.9919 | Valid acc: 0.9024 | patience: 199 | Epoch time: 0.6 |

2023-01-07 21:47:18,310 - INFO -
| Epoch:    229 | Train loss: 0.0184 | Valid loss: 0.1713 | Train acc: 0.9919 | Valid acc: 0.9024 | patience: 200 | Epoch time: 0.6 |

2023-01-07 21:47:18,919 - INFO -
| Epoch:    230 | Train loss: 0.0187 | Valid loss: 0.1722 | Train acc: 0.9919 | Valid acc: 0.9024 | patience: 201 | Epoch time: 0.6 |

2023-01-07 21:47:19,531 - INFO -
| Epoch:    231 | Train loss: 0.0185 | Valid loss: 0.1715 | Train acc: 0.9919 | Valid acc: 0.9024 | patience: 202 | Epoch time: 0.6 |

2023-01-07 21:47:20,141 - INFO -
| Epoch:    232 | Train loss: 0.0186 | Valid loss: 0.1727 | Train acc: 0.9919 | Valid acc: 0.9024 | patience: 203 | Epoch time: 0.6 |

2023-01-07 21:47:20,752 - INFO -
| Epoch:    233 | Train loss: 0.0182 | Valid loss: 0.1725 | Train acc: 0.9919 | Valid acc: 0.9024 | patience: 204 | Epoch time: 0.6 |

2023-01-07 21:47:21,362 - INFO -
| Epoch:    234 | Train loss: 0.0182 | Valid loss: 0.1728 | Train acc: 0.9919 | Valid acc: 0.9024 | patience: 205 | Epoch time: 0.6 |

2023-01-07 21:47:21,972 - INFO -
| Epoch:    235 | Train loss: 0.0186 | Valid loss: 0.1686 | Train acc: 0.9919 | Valid acc: 0.9024 | patience: 206 | Epoch time: 0.6 |

2023-01-07 21:47:22,582 - INFO -
| Epoch:    236 | Train loss: 0.0192 | Valid loss: 0.1689 | Train acc: 0.9919 | Valid acc: 0.9024 | patience: 207 | Epoch time: 0.6 |

2023-01-07 21:47:23,191 - INFO -
| Epoch:    237 | Train loss: 0.0188 | Valid loss: 0.1734 | Train acc: 0.9919 | Valid acc: 0.9024 | patience: 208 | Epoch time: 0.6 |

2023-01-07 21:47:23,798 - INFO -
| Epoch:    238 | Train loss: 0.0194 | Valid loss: 0.1711 | Train acc: 0.9919 | Valid acc: 0.9024 | patience: 209 | Epoch time: 0.6 |

2023-01-07 21:47:24,407 - INFO -
| Epoch:    239 | Train loss: 0.0181 | Valid loss: 0.1691 | Train acc: 0.9919 | Valid acc: 0.9024 | patience: 210 | Epoch time: 0.6 |

2023-01-07 21:47:25,016 - INFO -
| Epoch:    240 | Train loss: 0.0190 | Valid loss: 0.1706 | Train acc: 0.9919 | Valid acc: 0.9024 | patience: 211 | Epoch time: 0.6 |

2023-01-07 21:47:25,627 - INFO -
| Epoch:    241 | Train loss: 0.0185 | Valid loss: 0.1760 | Train acc: 0.9919 | Valid acc: 0.9024 | patience: 212 | Epoch time: 0.6 |

2023-01-07 21:47:26,237 - INFO -
| Epoch:    242 | Train loss: 0.0198 | Valid loss: 0.1723 | Train acc: 0.9919 | Valid acc: 0.9024 | patience: 213 | Epoch time: 0.6 |

2023-01-07 21:47:26,846 - INFO -
| Epoch:    243 | Train loss: 0.0186 | Valid loss: 0.1702 | Train acc: 0.9919 | Valid acc: 0.9024 | patience: 214 | Epoch time: 0.6 |

2023-01-07 21:47:27,456 - INFO -
| Epoch:    244 | Train loss: 0.0187 | Valid loss: 0.1722 | Train acc: 0.9919 | Valid acc: 0.9024 | patience: 215 | Epoch time: 0.6 |

2023-01-07 21:47:28,065 - INFO -
| Epoch:    245 | Train loss: 0.0183 | Valid loss: 0.1703 | Train acc: 0.9919 | Valid acc: 0.9024 | patience: 216 | Epoch time: 0.6 |

2023-01-07 21:47:28,673 - INFO -
| Epoch:    246 | Train loss: 0.0186 | Valid loss: 0.1705 | Train acc: 0.9919 | Valid acc: 0.9024 | patience: 217 | Epoch time: 0.6 |

2023-01-07 21:47:29,281 - INFO -
| Epoch:    247 | Train loss: 0.0180 | Valid loss: 0.1741 | Train acc: 0.9919 | Valid acc: 0.9024 | patience: 218 | Epoch time: 0.6 |

2023-01-07 21:47:29,890 - INFO -
| Epoch:    248 | Train loss: 0.0198 | Valid loss: 0.1691 | Train acc: 0.9919 | Valid acc: 0.9024 | patience: 219 | Epoch time: 0.6 |

2023-01-07 21:47:30,497 - INFO -
| Epoch:    249 | Train loss: 0.0184 | Valid loss: 0.1670 | Train acc: 0.9919 | Valid acc: 0.9024 | patience: 220 | Epoch time: 0.6 |

2023-01-07 21:47:31,105 - INFO -
| Epoch:    250 | Train loss: 0.0186 | Valid loss: 0.1715 | Train acc: 0.9919 | Valid acc: 0.9024 | patience: 221 | Epoch time: 0.6 |

2023-01-07 21:47:31,716 - INFO -
| Epoch:    251 | Train loss: 0.0192 | Valid loss: 0.1695 | Train acc: 0.9919 | Valid acc: 0.9024 | patience: 222 | Epoch time: 0.6 |

2023-01-07 21:47:32,325 - INFO -
| Epoch:    252 | Train loss: 0.0179 | Valid loss: 0.1692 | Train acc: 0.9919 | Valid acc: 0.9024 | patience: 223 | Epoch time: 0.6 |

2023-01-07 21:47:32,934 - INFO -
| Epoch:    253 | Train loss: 0.0185 | Valid loss: 0.1734 | Train acc: 0.9919 | Valid acc: 0.9024 | patience: 224 | Epoch time: 0.6 |

2023-01-07 21:47:33,544 - INFO -
| Epoch:    254 | Train loss: 0.0188 | Valid loss: 0.1744 | Train acc: 0.9919 | Valid acc: 0.9024 | patience: 225 | Epoch time: 0.6 |

2023-01-07 21:47:34,152 - INFO -
| Epoch:    255 | Train loss: 0.0190 | Valid loss: 0.1725 | Train acc: 0.9919 | Valid acc: 0.9024 | patience: 226 | Epoch time: 0.6 |

2023-01-07 21:47:34,759 - INFO -
| Epoch:    256 | Train loss: 0.0181 | Valid loss: 0.1693 | Train acc: 0.9919 | Valid acc: 0.9024 | patience: 227 | Epoch time: 0.6 |

2023-01-07 21:47:35,367 - INFO -
| Epoch:    257 | Train loss: 0.0187 | Valid loss: 0.1718 | Train acc: 0.9919 | Valid acc: 0.9024 | patience: 228 | Epoch time: 0.6 |

2023-01-07 21:47:35,975 - INFO -
| Epoch:    258 | Train loss: 0.0182 | Valid loss: 0.1715 | Train acc: 0.9919 | Valid acc: 0.9024 | patience: 229 | Epoch time: 0.6 |

2023-01-07 21:47:36,583 - INFO -
| Epoch:    259 | Train loss: 0.0179 | Valid loss: 0.1716 | Train acc: 0.9919 | Valid acc: 0.9024 | patience: 230 | Epoch time: 0.6 |

2023-01-07 21:47:37,191 - INFO -
| Epoch:    260 | Train loss: 0.0187 | Valid loss: 0.1734 | Train acc: 0.9919 | Valid acc: 0.9024 | patience: 231 | Epoch time: 0.6 |

2023-01-07 21:47:37,799 - INFO -
| Epoch:    261 | Train loss: 0.0190 | Valid loss: 0.1687 | Train acc: 0.9919 | Valid acc: 0.9024 | patience: 232 | Epoch time: 0.6 |

2023-01-07 21:47:38,407 - INFO -
| Epoch:    262 | Train loss: 0.0184 | Valid loss: 0.1688 | Train acc: 0.9919 | Valid acc: 0.9024 | patience: 233 | Epoch time: 0.6 |

2023-01-07 21:47:39,015 - INFO -
| Epoch:    263 | Train loss: 0.0179 | Valid loss: 0.1711 | Train acc: 0.9919 | Valid acc: 0.9024 | patience: 234 | Epoch time: 0.6 |

2023-01-07 21:47:39,621 - INFO -
| Epoch:    264 | Train loss: 0.0190 | Valid loss: 0.1686 | Train acc: 0.9919 | Valid acc: 0.9024 | patience: 235 | Epoch time: 0.6 |

2023-01-07 21:47:40,228 - INFO -
| Epoch:    265 | Train loss: 0.0180 | Valid loss: 0.1714 | Train acc: 0.9919 | Valid acc: 0.9024 | patience: 236 | Epoch time: 0.6 |

2023-01-07 21:47:40,836 - INFO -
| Epoch:    266 | Train loss: 0.0178 | Valid loss: 0.1726 | Train acc: 0.9919 | Valid acc: 0.9024 | patience: 237 | Epoch time: 0.6 |

2023-01-07 21:47:41,444 - INFO -
| Epoch:    267 | Train loss: 0.0181 | Valid loss: 0.1682 | Train acc: 0.9919 | Valid acc: 0.9024 | patience: 238 | Epoch time: 0.6 |

2023-01-07 21:47:42,054 - INFO -
| Epoch:    268 | Train loss: 0.0186 | Valid loss: 0.1682 | Train acc: 0.9919 | Valid acc: 0.9024 | patience: 239 | Epoch time: 0.6 |

2023-01-07 21:47:42,661 - INFO -
| Epoch:    269 | Train loss: 0.0183 | Valid loss: 0.1725 | Train acc: 0.9919 | Valid acc: 0.9024 | patience: 240 | Epoch time: 0.6 |

2023-01-07 21:47:43,268 - INFO -
| Epoch:    270 | Train loss: 0.0187 | Valid loss: 0.1704 | Train acc: 0.9919 | Valid acc: 0.9024 | patience: 241 | Epoch time: 0.6 |

2023-01-07 21:47:43,875 - INFO -
| Epoch:    271 | Train loss: 0.0179 | Valid loss: 0.1694 | Train acc: 0.9919 | Valid acc: 0.9024 | patience: 242 | Epoch time: 0.6 |

2023-01-07 21:47:44,483 - INFO -
| Epoch:    272 | Train loss: 0.0178 | Valid loss: 0.1707 | Train acc: 0.9919 | Valid acc: 0.9024 | patience: 243 | Epoch time: 0.6 |

2023-01-07 21:47:45,090 - INFO -
| Epoch:    273 | Train loss: 0.0178 | Valid loss: 0.1700 | Train acc: 0.9919 | Valid acc: 0.9024 | patience: 244 | Epoch time: 0.6 |

2023-01-07 21:47:45,700 - INFO -
| Epoch:    274 | Train loss: 0.0175 | Valid loss: 0.1673 | Train acc: 0.9919 | Valid acc: 0.9024 | patience: 245 | Epoch time: 0.6 |

2023-01-07 21:47:46,307 - INFO -
| Epoch:    275 | Train loss: 0.0184 | Valid loss: 0.1701 | Train acc: 0.9919 | Valid acc: 0.9024 | patience: 246 | Epoch time: 0.6 |

2023-01-07 21:47:46,914 - INFO -
| Epoch:    276 | Train loss: 0.0176 | Valid loss: 0.1711 | Train acc: 0.9919 | Valid acc: 0.9024 | patience: 247 | Epoch time: 0.6 |

2023-01-07 21:47:47,523 - INFO -
| Epoch:    277 | Train loss: 0.0176 | Valid loss: 0.1691 | Train acc: 0.9919 | Valid acc: 0.9024 | patience: 248 | Epoch time: 0.6 |

2023-01-07 21:47:48,131 - INFO -
| Epoch:    278 | Train loss: 0.0182 | Valid loss: 0.1703 | Train acc: 0.9919 | Valid acc: 0.9024 | patience: 249 | Epoch time: 0.6 |

2023-01-07 21:47:48,738 - INFO -
| Epoch:    279 | Train loss: 0.0177 | Valid loss: 0.1735 | Train acc: 0.9919 | Valid acc: 0.9024 | patience: 250 | Epoch time: 0.6 |

2023-01-07 21:47:49,347 - INFO -
| Epoch:    280 | Train loss: 0.0190 | Valid loss: 0.1710 | Train acc: 0.9919 | Valid acc: 0.9024 | patience: 251 | Epoch time: 0.6 |

2023-01-07 21:47:49,955 - INFO -
| Epoch:    281 | Train loss: 0.0185 | Valid loss: 0.1699 | Train acc: 0.9919 | Valid acc: 0.9024 | patience: 252 | Epoch time: 0.6 |

2023-01-07 21:47:50,564 - INFO -
| Epoch:    282 | Train loss: 0.0181 | Valid loss: 0.1728 | Train acc: 0.9919 | Valid acc: 0.9024 | patience: 253 | Epoch time: 0.6 |

2023-01-07 21:47:51,171 - INFO -
| Epoch:    283 | Train loss: 0.0177 | Valid loss: 0.1725 | Train acc: 0.9919 | Valid acc: 0.9024 | patience: 254 | Epoch time: 0.6 |

2023-01-07 21:47:51,779 - INFO -
| Epoch:    284 | Train loss: 0.0181 | Valid loss: 0.1697 | Train acc: 0.9919 | Valid acc: 0.9024 | patience: 255 | Epoch time: 0.6 |

2023-01-07 21:47:52,385 - INFO -
| Epoch:    285 | Train loss: 0.0184 | Valid loss: 0.1695 | Train acc: 0.9919 | Valid acc: 0.9024 | patience: 256 | Epoch time: 0.6 |

2023-01-07 21:47:52,993 - INFO -
| Epoch:    286 | Train loss: 0.0174 | Valid loss: 0.1715 | Train acc: 0.9919 | Valid acc: 0.9024 | patience: 257 | Epoch time: 0.6 |

2023-01-07 21:47:53,600 - INFO -
| Epoch:    287 | Train loss: 0.0184 | Valid loss: 0.1672 | Train acc: 0.9919 | Valid acc: 0.9024 | patience: 258 | Epoch time: 0.6 |

2023-01-07 21:47:54,209 - INFO -
| Epoch:    288 | Train loss: 0.0194 | Valid loss: 0.1675 | Train acc: 0.9919 | Valid acc: 0.9024 | patience: 259 | Epoch time: 0.6 |

2023-01-07 21:47:54,816 - INFO -
| Epoch:    289 | Train loss: 0.0184 | Valid loss: 0.1739 | Train acc: 0.9919 | Valid acc: 0.9024 | patience: 260 | Epoch time: 0.6 |

2023-01-07 21:47:55,424 - INFO -
| Epoch:    290 | Train loss: 0.0183 | Valid loss: 0.1730 | Train acc: 0.9919 | Valid acc: 0.9024 | patience: 261 | Epoch time: 0.6 |

2023-01-07 21:47:56,031 - INFO -
| Epoch:    291 | Train loss: 0.0179 | Valid loss: 0.1727 | Train acc: 0.9919 | Valid acc: 0.9024 | patience: 262 | Epoch time: 0.6 |

2023-01-07 21:47:56,639 - INFO -
| Epoch:    292 | Train loss: 0.0177 | Valid loss: 0.1694 | Train acc: 0.9919 | Valid acc: 0.9024 | patience: 263 | Epoch time: 0.6 |

2023-01-07 21:47:57,246 - INFO -
| Epoch:    293 | Train loss: 0.0177 | Valid loss: 0.1712 | Train acc: 0.9919 | Valid acc: 0.9024 | patience: 264 | Epoch time: 0.6 |

2023-01-07 21:47:57,854 - INFO -
| Epoch:    294 | Train loss: 0.0176 | Valid loss: 0.1693 | Train acc: 0.9919 | Valid acc: 0.9024 | patience: 265 | Epoch time: 0.6 |

2023-01-07 21:47:58,461 - INFO -
| Epoch:    295 | Train loss: 0.0177 | Valid loss: 0.1702 | Train acc: 0.9919 | Valid acc: 0.9024 | patience: 266 | Epoch time: 0.6 |

2023-01-07 21:47:59,069 - INFO -
| Epoch:    296 | Train loss: 0.0176 | Valid loss: 0.1697 | Train acc: 0.9919 | Valid acc: 0.9024 | patience: 267 | Epoch time: 0.6 |

2023-01-07 21:47:59,677 - INFO -
| Epoch:    297 | Train loss: 0.0175 | Valid loss: 0.1716 | Train acc: 0.9919 | Valid acc: 0.9024 | patience: 268 | Epoch time: 0.6 |

2023-01-07 21:48:00,285 - INFO -
| Epoch:    298 | Train loss: 0.0181 | Valid loss: 0.1688 | Train acc: 0.9919 | Valid acc: 0.9024 | patience: 269 | Epoch time: 0.6 |

2023-01-07 21:48:00,891 - INFO -
| Epoch:    299 | Train loss: 0.0180 | Valid loss: 0.1689 | Train acc: 0.9919 | Valid acc: 0.9024 | patience: 270 | Epoch time: 0.6 |

2023-01-07 21:48:01,498 - INFO -
| Epoch:    300 | Train loss: 0.0173 | Valid loss: 0.1699 | Train acc: 0.9919 | Valid acc: 0.9024 | patience: 271 | Epoch time: 0.6 |

2023-01-07 21:48:02,105 - INFO -
| Epoch:    301 | Train loss: 0.0178 | Valid loss: 0.1716 | Train acc: 0.9919 | Valid acc: 0.9024 | patience: 272 | Epoch time: 0.6 |

2023-01-07 21:48:02,714 - INFO -
| Epoch:    302 | Train loss: 0.0182 | Valid loss: 0.1675 | Train acc: 0.9919 | Valid acc: 0.9024 | patience: 273 | Epoch time: 0.6 |

2023-01-07 21:48:03,321 - INFO -
| Epoch:    303 | Train loss: 0.0183 | Valid loss: 0.1682 | Train acc: 0.9919 | Valid acc: 0.9024 | patience: 274 | Epoch time: 0.6 |

2023-01-07 21:48:03,928 - INFO -
| Epoch:    304 | Train loss: 0.0181 | Valid loss: 0.1730 | Train acc: 0.9919 | Valid acc: 0.9024 | patience: 275 | Epoch time: 0.6 |

2023-01-07 21:48:04,535 - INFO -
| Epoch:    305 | Train loss: 0.0177 | Valid loss: 0.1730 | Train acc: 0.9919 | Valid acc: 0.9024 | patience: 276 | Epoch time: 0.6 |

2023-01-07 21:48:05,141 - INFO -
| Epoch:    306 | Train loss: 0.0174 | Valid loss: 0.1741 | Train acc: 0.9919 | Valid acc: 0.9024 | patience: 277 | Epoch time: 0.6 |

2023-01-07 21:48:05,748 - INFO -
| Epoch:    307 | Train loss: 0.0176 | Valid loss: 0.1683 | Train acc: 0.9919 | Valid acc: 0.9024 | patience: 278 | Epoch time: 0.6 |

2023-01-07 21:48:06,356 - INFO -
| Epoch:    308 | Train loss: 0.0186 | Valid loss: 0.1691 | Train acc: 0.9919 | Valid acc: 0.9024 | patience: 279 | Epoch time: 0.6 |

2023-01-07 21:48:06,964 - INFO -
| Epoch:    309 | Train loss: 0.0183 | Valid loss: 0.1738 | Train acc: 0.9919 | Valid acc: 0.9024 | patience: 280 | Epoch time: 0.6 |

2023-01-07 21:48:07,574 - INFO -
| Epoch:    310 | Train loss: 0.0184 | Valid loss: 0.1722 | Train acc: 0.9919 | Valid acc: 0.9024 | patience: 281 | Epoch time: 0.6 |

2023-01-07 21:48:08,181 - INFO -
| Epoch:    311 | Train loss: 0.0181 | Valid loss: 0.1722 | Train acc: 0.9919 | Valid acc: 0.9024 | patience: 282 | Epoch time: 0.6 |

2023-01-07 21:48:08,789 - INFO -
| Epoch:    312 | Train loss: 0.0174 | Valid loss: 0.1716 | Train acc: 0.9919 | Valid acc: 0.9024 | patience: 283 | Epoch time: 0.6 |

2023-01-07 21:48:09,398 - INFO -
| Epoch:    313 | Train loss: 0.0178 | Valid loss: 0.1743 | Train acc: 0.9919 | Valid acc: 0.9024 | patience: 284 | Epoch time: 0.6 |

2023-01-07 21:48:10,005 - INFO -
| Epoch:    314 | Train loss: 0.0181 | Valid loss: 0.1757 | Train acc: 0.9919 | Valid acc: 0.9024 | patience: 285 | Epoch time: 0.6 |

2023-01-07 21:48:10,613 - INFO -
| Epoch:    315 | Train loss: 0.0195 | Valid loss: 0.1684 | Train acc: 0.9919 | Valid acc: 0.9024 | patience: 286 | Epoch time: 0.6 |

2023-01-07 21:48:11,219 - INFO -
| Epoch:    316 | Train loss: 0.0181 | Valid loss: 0.1676 | Train acc: 0.9919 | Valid acc: 0.9024 | patience: 287 | Epoch time: 0.6 |

2023-01-07 21:48:11,826 - INFO -
| Epoch:    317 | Train loss: 0.0183 | Valid loss: 0.1706 | Train acc: 0.9919 | Valid acc: 0.9024 | patience: 288 | Epoch time: 0.6 |

2023-01-07 21:48:12,433 - INFO -
| Epoch:    318 | Train loss: 0.0180 | Valid loss: 0.1707 | Train acc: 0.9919 | Valid acc: 0.9024 | patience: 289 | Epoch time: 0.6 |

2023-01-07 21:48:13,039 - INFO -
| Epoch:    319 | Train loss: 0.0178 | Valid loss: 0.1675 | Train acc: 0.9919 | Valid acc: 0.9024 | patience: 290 | Epoch time: 0.6 |

2023-01-07 21:48:13,646 - INFO -
| Epoch:    320 | Train loss: 0.0180 | Valid loss: 0.1691 | Train acc: 0.9919 | Valid acc: 0.9024 | patience: 291 | Epoch time: 0.6 |

2023-01-07 21:48:14,253 - INFO -
| Epoch:    321 | Train loss: 0.0175 | Valid loss: 0.1728 | Train acc: 0.9919 | Valid acc: 0.9024 | patience: 292 | Epoch time: 0.6 |

2023-01-07 21:48:14,859 - INFO -
| Epoch:    322 | Train loss: 0.0184 | Valid loss: 0.1677 | Train acc: 0.9919 | Valid acc: 0.9024 | patience: 293 | Epoch time: 0.6 |

2023-01-07 21:48:15,466 - INFO -
| Epoch:    323 | Train loss: 0.0181 | Valid loss: 0.1674 | Train acc: 0.9919 | Valid acc: 0.9024 | patience: 294 | Epoch time: 0.6 |

2023-01-07 21:48:16,075 - INFO -
| Epoch:    324 | Train loss: 0.0182 | Valid loss: 0.1713 | Train acc: 0.9919 | Valid acc: 0.9024 | patience: 295 | Epoch time: 0.6 |

2023-01-07 21:48:16,682 - INFO -
| Epoch:    325 | Train loss: 0.0178 | Valid loss: 0.1716 | Train acc: 0.9919 | Valid acc: 0.9024 | patience: 296 | Epoch time: 0.6 |

2023-01-07 21:48:17,289 - INFO -
| Epoch:    326 | Train loss: 0.0173 | Valid loss: 0.1715 | Train acc: 0.9919 | Valid acc: 0.9024 | patience: 297 | Epoch time: 0.6 |

2023-01-07 21:48:17,896 - INFO -
| Epoch:    327 | Train loss: 0.0175 | Valid loss: 0.1734 | Train acc: 0.9919 | Valid acc: 0.9024 | patience: 298 | Epoch time: 0.6 |

2023-01-07 21:48:18,504 - INFO -
| Epoch:    328 | Train loss: 0.0183 | Valid loss: 0.1683 | Train acc: 0.9919 | Valid acc: 0.9024 | patience: 299 | Epoch time: 0.6 |

2023-01-07 21:48:19,112 - INFO -
| Epoch:    329 | Train loss: 0.0182 | Valid loss: 0.1667 | Train acc: 0.9919 | Valid acc: 0.9024 | patience: 300 | Epoch time: 0.6 |

2023-01-07 21:48:19,721 - INFO -
| Epoch:    330 | Train loss: 0.0187 | Valid loss: 0.1687 | Train acc: 0.9919 | Valid acc: 0.9024 | patience: 301 | Epoch time: 0.6 |

2023-01-07 21:48:20,329 - INFO -
| Epoch:    331 | Train loss: 0.0180 | Valid loss: 0.1732 | Train acc: 0.9919 | Valid acc: 0.9024 | patience: 302 | Epoch time: 0.6 |

2023-01-07 21:48:20,938 - INFO -
| Epoch:    332 | Train loss: 0.0182 | Valid loss: 0.1704 | Train acc: 0.9919 | Valid acc: 0.9024 | patience: 303 | Epoch time: 0.6 |

2023-01-07 21:48:21,546 - INFO -
| Epoch:    333 | Train loss: 0.0176 | Valid loss: 0.1640 | Train acc: 0.9919 | Valid acc: 0.9024 | patience: 304 | Epoch time: 0.6 |

2023-01-07 21:48:22,154 - INFO -
| Epoch:    334 | Train loss: 0.0189 | Valid loss: 0.1653 | Train acc: 0.9919 | Valid acc: 0.9024 | patience: 305 | Epoch time: 0.6 |

2023-01-07 21:48:22,760 - INFO -
| Epoch:    335 | Train loss: 0.0182 | Valid loss: 0.1693 | Train acc: 0.9919 | Valid acc: 0.9024 | patience: 306 | Epoch time: 0.6 |

2023-01-07 21:48:23,366 - INFO -
| Epoch:    336 | Train loss: 0.0179 | Valid loss: 0.1695 | Train acc: 0.9919 | Valid acc: 0.9024 | patience: 307 | Epoch time: 0.6 |

2023-01-07 21:48:23,973 - INFO -
| Epoch:    337 | Train loss: 0.0176 | Valid loss: 0.1658 | Train acc: 0.9919 | Valid acc: 0.9024 | patience: 308 | Epoch time: 0.6 |

2023-01-07 21:48:24,582 - INFO -
| Epoch:    338 | Train loss: 0.0182 | Valid loss: 0.1658 | Train acc: 0.9919 | Valid acc: 0.9024 | patience: 309 | Epoch time: 0.6 |

2023-01-07 21:48:25,188 - INFO -
| Epoch:    339 | Train loss: 0.0185 | Valid loss: 0.1691 | Train acc: 0.9919 | Valid acc: 0.9024 | patience: 310 | Epoch time: 0.6 |

2023-01-07 21:48:25,796 - INFO -
| Epoch:    340 | Train loss: 0.0177 | Valid loss: 0.1735 | Train acc: 0.9919 | Valid acc: 0.9024 | patience: 311 | Epoch time: 0.6 |

2023-01-07 21:48:26,403 - INFO -
| Epoch:    341 | Train loss: 0.0187 | Valid loss: 0.1695 | Train acc: 0.9919 | Valid acc: 0.9024 | patience: 312 | Epoch time: 0.6 |

2023-01-07 21:48:27,010 - INFO -
| Epoch:    342 | Train loss: 0.0174 | Valid loss: 0.1688 | Train acc: 0.9919 | Valid acc: 0.9024 | patience: 313 | Epoch time: 0.6 |

2023-01-07 21:48:27,617 - INFO -
| Epoch:    343 | Train loss: 0.0175 | Valid loss: 0.1700 | Train acc: 0.9919 | Valid acc: 0.9024 | patience: 314 | Epoch time: 0.6 |

2023-01-07 21:48:28,224 - INFO -
| Epoch:    344 | Train loss: 0.0175 | Valid loss: 0.1706 | Train acc: 0.9919 | Valid acc: 0.9024 | patience: 315 | Epoch time: 0.6 |

2023-01-07 21:48:28,832 - INFO -
| Epoch:    345 | Train loss: 0.0175 | Valid loss: 0.1706 | Train acc: 0.9919 | Valid acc: 0.9024 | patience: 316 | Epoch time: 0.6 |

2023-01-07 21:48:29,441 - INFO -
| Epoch:    346 | Train loss: 0.0171 | Valid loss: 0.1681 | Train acc: 0.9919 | Valid acc: 0.9024 | patience: 317 | Epoch time: 0.6 |

2023-01-07 21:48:30,048 - INFO -
| Epoch:    347 | Train loss: 0.0180 | Valid loss: 0.1689 | Train acc: 0.9919 | Valid acc: 0.9024 | patience: 318 | Epoch time: 0.6 |

2023-01-07 21:48:30,655 - INFO -
| Epoch:    348 | Train loss: 0.0179 | Valid loss: 0.1733 | Train acc: 0.9919 | Valid acc: 0.9024 | patience: 319 | Epoch time: 0.6 |

2023-01-07 21:48:31,263 - INFO -
| Epoch:    349 | Train loss: 0.0178 | Valid loss: 0.1711 | Train acc: 0.9919 | Valid acc: 0.9024 | patience: 320 | Epoch time: 0.6 |

2023-01-07 21:48:31,871 - INFO -
| Epoch:    350 | Train loss: 0.0174 | Valid loss: 0.1711 | Train acc: 0.9919 | Valid acc: 0.9024 | patience: 321 | Epoch time: 0.6 |

2023-01-07 21:48:32,477 - INFO -
| Epoch:    351 | Train loss: 0.0172 | Valid loss: 0.1720 | Train acc: 0.9919 | Valid acc: 0.9024 | patience: 322 | Epoch time: 0.6 |

2023-01-07 21:48:33,085 - INFO -
| Epoch:    352 | Train loss: 0.0182 | Valid loss: 0.1706 | Train acc: 0.9919 | Valid acc: 0.9024 | patience: 323 | Epoch time: 0.6 |

2023-01-07 21:48:33,692 - INFO -
| Epoch:    353 | Train loss: 0.0174 | Valid loss: 0.1673 | Train acc: 0.9919 | Valid acc: 0.9024 | patience: 324 | Epoch time: 0.6 |

2023-01-07 21:48:34,299 - INFO -
| Epoch:    354 | Train loss: 0.0177 | Valid loss: 0.1698 | Train acc: 0.9919 | Valid acc: 0.9024 | patience: 325 | Epoch time: 0.6 |

2023-01-07 21:48:34,908 - INFO -
| Epoch:    355 | Train loss: 0.0174 | Valid loss: 0.1719 | Train acc: 0.9919 | Valid acc: 0.9024 | patience: 326 | Epoch time: 0.6 |

2023-01-07 21:48:35,517 - INFO -
| Epoch:    356 | Train loss: 0.0175 | Valid loss: 0.1696 | Train acc: 0.9919 | Valid acc: 0.9024 | patience: 327 | Epoch time: 0.6 |

2023-01-07 21:48:36,125 - INFO -
| Epoch:    357 | Train loss: 0.0172 | Valid loss: 0.1700 | Train acc: 0.9919 | Valid acc: 0.9024 | patience: 328 | Epoch time: 0.6 |

2023-01-07 21:48:36,732 - INFO -
| Epoch:    358 | Train loss: 0.0170 | Valid loss: 0.1715 | Train acc: 0.9919 | Valid acc: 0.9024 | patience: 329 | Epoch time: 0.6 |

2023-01-07 21:48:37,338 - INFO -
| Epoch:    359 | Train loss: 0.0177 | Valid loss: 0.1686 | Train acc: 0.9919 | Valid acc: 0.9024 | patience: 330 | Epoch time: 0.6 |

2023-01-07 21:48:37,946 - INFO -
| Epoch:    360 | Train loss: 0.0170 | Valid loss: 0.1677 | Train acc: 0.9919 | Valid acc: 0.9024 | patience: 331 | Epoch time: 0.6 |

2023-01-07 21:48:38,553 - INFO -
| Epoch:    361 | Train loss: 0.0169 | Valid loss: 0.1688 | Train acc: 0.9919 | Valid acc: 0.9024 | patience: 332 | Epoch time: 0.6 |

2023-01-07 21:48:39,160 - INFO -
| Epoch:    362 | Train loss: 0.0177 | Valid loss: 0.1636 | Train acc: 0.9919 | Valid acc: 0.9024 | patience: 333 | Epoch time: 0.6 |

2023-01-07 21:48:39,768 - INFO -
| Epoch:    363 | Train loss: 0.0187 | Valid loss: 0.1652 | Train acc: 0.9919 | Valid acc: 0.9024 | patience: 334 | Epoch time: 0.6 |

2023-01-07 21:48:40,375 - INFO -
| Epoch:    364 | Train loss: 0.0174 | Valid loss: 0.1700 | Train acc: 0.9919 | Valid acc: 0.9024 | patience: 335 | Epoch time: 0.6 |

2023-01-07 21:48:40,983 - INFO -
| Epoch:    365 | Train loss: 0.0188 | Valid loss: 0.1681 | Train acc: 0.9919 | Valid acc: 0.9024 | patience: 336 | Epoch time: 0.6 |

2023-01-07 21:48:41,590 - INFO -
| Epoch:    366 | Train loss: 0.0172 | Valid loss: 0.1663 | Train acc: 0.9919 | Valid acc: 0.9024 | patience: 337 | Epoch time: 0.6 |

2023-01-07 21:48:42,197 - INFO -
| Epoch:    367 | Train loss: 0.0182 | Valid loss: 0.1682 | Train acc: 0.9919 | Valid acc: 0.9024 | patience: 338 | Epoch time: 0.6 |

2023-01-07 21:48:42,805 - INFO -
| Epoch:    368 | Train loss: 0.0180 | Valid loss: 0.1728 | Train acc: 0.9919 | Valid acc: 0.9024 | patience: 339 | Epoch time: 0.6 |

2023-01-07 21:48:43,411 - INFO -
| Epoch:    369 | Train loss: 0.0175 | Valid loss: 0.1762 | Train acc: 0.9919 | Valid acc: 0.9024 | patience: 340 | Epoch time: 0.6 |

2023-01-07 21:48:44,019 - INFO -
| Epoch:    370 | Train loss: 0.0179 | Valid loss: 0.1715 | Train acc: 0.9919 | Valid acc: 0.9024 | patience: 341 | Epoch time: 0.6 |

2023-01-07 21:48:44,626 - INFO -
| Epoch:    371 | Train loss: 0.0179 | Valid loss: 0.1711 | Train acc: 0.9919 | Valid acc: 0.9024 | patience: 342 | Epoch time: 0.6 |

2023-01-07 21:48:45,233 - INFO -
| Epoch:    372 | Train loss: 0.0182 | Valid loss: 0.1731 | Train acc: 0.9919 | Valid acc: 0.9024 | patience: 343 | Epoch time: 0.6 |

2023-01-07 21:48:45,841 - INFO -
| Epoch:    373 | Train loss: 0.0174 | Valid loss: 0.1755 | Train acc: 0.9919 | Valid acc: 0.9024 | patience: 344 | Epoch time: 0.6 |

2023-01-07 21:48:46,449 - INFO -
| Epoch:    374 | Train loss: 0.0182 | Valid loss: 0.1735 | Train acc: 0.9919 | Valid acc: 0.9024 | patience: 345 | Epoch time: 0.6 |

2023-01-07 21:48:47,056 - INFO -
| Epoch:    375 | Train loss: 0.0175 | Valid loss: 0.1671 | Train acc: 0.9919 | Valid acc: 0.9024 | patience: 346 | Epoch time: 0.6 |

2023-01-07 21:48:47,664 - INFO -
| Epoch:    376 | Train loss: 0.0182 | Valid loss: 0.1648 | Train acc: 0.9919 | Valid acc: 0.9024 | patience: 347 | Epoch time: 0.6 |

2023-01-07 21:48:48,272 - INFO -
| Epoch:    377 | Train loss: 0.0191 | Valid loss: 0.1689 | Train acc: 0.9919 | Valid acc: 0.9024 | patience: 348 | Epoch time: 0.6 |

2023-01-07 21:48:48,878 - INFO -
| Epoch:    378 | Train loss: 0.0172 | Valid loss: 0.1751 | Train acc: 0.9919 | Valid acc: 0.9024 | patience: 349 | Epoch time: 0.6 |

2023-01-07 21:48:49,485 - INFO -
| Epoch:    379 | Train loss: 0.0205 | Valid loss: 0.1724 | Train acc: 0.9919 | Valid acc: 0.9024 | patience: 350 | Epoch time: 0.6 |

2023-01-07 21:48:50,093 - INFO -
| Epoch:    380 | Train loss: 0.0175 | Valid loss: 0.1646 | Train acc: 0.9919 | Valid acc: 0.9024 | patience: 351 | Epoch time: 0.6 |

2023-01-07 21:48:50,701 - INFO -
| Epoch:    381 | Train loss: 0.0188 | Valid loss: 0.1638 | Train acc: 0.9919 | Valid acc: 0.9024 | patience: 352 | Epoch time: 0.6 |

2023-01-07 21:48:51,309 - INFO -
| Epoch:    382 | Train loss: 0.0197 | Valid loss: 0.1687 | Train acc: 0.9839 | Valid acc: 0.9024 | patience: 353 | Epoch time: 0.6 |

2023-01-07 21:48:51,918 - INFO -
| Epoch:    383 | Train loss: 0.0189 | Valid loss: 0.1746 | Train acc: 0.9919 | Valid acc: 0.9024 | patience: 354 | Epoch time: 0.6 |

2023-01-07 21:48:52,526 - INFO -
| Epoch:    384 | Train loss: 0.0177 | Valid loss: 0.1784 | Train acc: 0.9919 | Valid acc: 0.9024 | patience: 355 | Epoch time: 0.6 |

2023-01-07 21:48:53,133 - INFO -
| Epoch:    385 | Train loss: 0.0188 | Valid loss: 0.1715 | Train acc: 0.9919 | Valid acc: 0.9024 | patience: 356 | Epoch time: 0.6 |

2023-01-07 21:48:53,740 - INFO -
| Epoch:    386 | Train loss: 0.0183 | Valid loss: 0.1677 | Train acc: 0.9919 | Valid acc: 0.9024 | patience: 357 | Epoch time: 0.6 |

2023-01-07 21:48:54,348 - INFO -
| Epoch:    387 | Train loss: 0.0194 | Valid loss: 0.1670 | Train acc: 0.9839 | Valid acc: 0.9024 | patience: 358 | Epoch time: 0.6 |

2023-01-07 21:48:54,958 - INFO -
| Epoch:    388 | Train loss: 0.0192 | Valid loss: 0.1694 | Train acc: 0.9839 | Valid acc: 0.9024 | patience: 359 | Epoch time: 0.6 |

2023-01-07 21:48:55,565 - INFO -
| Epoch:    389 | Train loss: 0.0178 | Valid loss: 0.1734 | Train acc: 0.9919 | Valid acc: 0.9024 | patience: 360 | Epoch time: 0.6 |

2023-01-07 21:48:56,172 - INFO -
| Epoch:    390 | Train loss: 0.0181 | Valid loss: 0.1720 | Train acc: 0.9919 | Valid acc: 0.9024 | patience: 361 | Epoch time: 0.6 |

2023-01-07 21:48:56,779 - INFO -
| Epoch:    391 | Train loss: 0.0187 | Valid loss: 0.1646 | Train acc: 0.9919 | Valid acc: 0.9024 | patience: 362 | Epoch time: 0.6 |

2023-01-07 21:48:57,387 - INFO -
| Epoch:    392 | Train loss: 0.0177 | Valid loss: 0.1643 | Train acc: 0.9919 | Valid acc: 0.9024 | patience: 363 | Epoch time: 0.6 |

2023-01-07 21:48:57,996 - INFO -
| Epoch:    393 | Train loss: 0.0174 | Valid loss: 0.1679 | Train acc: 0.9919 | Valid acc: 0.9024 | patience: 364 | Epoch time: 0.6 |

2023-01-07 21:48:58,603 - INFO -
| Epoch:    394 | Train loss: 0.0174 | Valid loss: 0.1697 | Train acc: 0.9919 | Valid acc: 0.9024 | patience: 365 | Epoch time: 0.6 |

2023-01-07 21:48:59,209 - INFO -
| Epoch:    395 | Train loss: 0.0178 | Valid loss: 0.1683 | Train acc: 0.9919 | Valid acc: 0.9024 | patience: 366 | Epoch time: 0.6 |

2023-01-07 21:48:59,816 - INFO -
| Epoch:    396 | Train loss: 0.0174 | Valid loss: 0.1669 | Train acc: 0.9919 | Valid acc: 0.9024 | patience: 367 | Epoch time: 0.6 |

2023-01-07 21:49:00,424 - INFO -
| Epoch:    397 | Train loss: 0.0183 | Valid loss: 0.1690 | Train acc: 0.9919 | Valid acc: 0.9024 | patience: 368 | Epoch time: 0.6 |

2023-01-07 21:49:01,031 - INFO -
| Epoch:    398 | Train loss: 0.0179 | Valid loss: 0.1739 | Train acc: 0.9919 | Valid acc: 0.9024 | patience: 369 | Epoch time: 0.6 |

2023-01-07 21:49:01,637 - INFO -
| Epoch:    399 | Train loss: 0.0175 | Valid loss: 0.1731 | Train acc: 0.9919 | Valid acc: 0.9024 | patience: 370 | Epoch time: 0.6 |

2023-01-07 21:49:02,245 - INFO -
| Epoch:    400 | Train loss: 0.0173 | Valid loss: 0.1725 | Train acc: 0.9919 | Valid acc: 0.9024 | patience: 371 | Epoch time: 0.6 |

2023-01-07 21:49:02,852 - INFO -
| Epoch:    401 | Train loss: 0.0173 | Valid loss: 0.1719 | Train acc: 0.9919 | Valid acc: 0.9024 | patience: 372 | Epoch time: 0.6 |

2023-01-07 21:49:03,459 - INFO -
| Epoch:    402 | Train loss: 0.0171 | Valid loss: 0.1715 | Train acc: 0.9919 | Valid acc: 0.9024 | patience: 373 | Epoch time: 0.6 |

2023-01-07 21:49:04,067 - INFO -
| Epoch:    403 | Train loss: 0.0171 | Valid loss: 0.1690 | Train acc: 0.9919 | Valid acc: 0.9024 | patience: 374 | Epoch time: 0.6 |

2023-01-07 21:49:04,674 - INFO -
| Epoch:    404 | Train loss: 0.0169 | Valid loss: 0.1688 | Train acc: 0.9919 | Valid acc: 0.9024 | patience: 375 | Epoch time: 0.6 |

2023-01-07 21:49:05,280 - INFO -
| Epoch:    405 | Train loss: 0.0171 | Valid loss: 0.1678 | Train acc: 0.9919 | Valid acc: 0.9024 | patience: 376 | Epoch time: 0.6 |

2023-01-07 21:49:05,888 - INFO -
| Epoch:    406 | Train loss: 0.0171 | Valid loss: 0.1637 | Train acc: 0.9919 | Valid acc: 0.9024 | patience: 377 | Epoch time: 0.6 |

2023-01-07 21:49:06,495 - INFO -
| Epoch:    407 | Train loss: 0.0176 | Valid loss: 0.1635 | Train acc: 0.9919 | Valid acc: 0.9024 | patience: 378 | Epoch time: 0.6 |

2023-01-07 21:49:07,103 - INFO -
| Epoch:    408 | Train loss: 0.0178 | Valid loss: 0.1665 | Train acc: 0.9919 | Valid acc: 0.9024 | patience: 379 | Epoch time: 0.6 |

2023-01-07 21:49:07,709 - INFO -
| Epoch:    409 | Train loss: 0.0173 | Valid loss: 0.1685 | Train acc: 0.9919 | Valid acc: 0.9024 | patience: 380 | Epoch time: 0.6 |

2023-01-07 21:49:08,316 - INFO -
| Epoch:    410 | Train loss: 0.0168 | Valid loss: 0.1704 | Train acc: 0.9919 | Valid acc: 0.9024 | patience: 381 | Epoch time: 0.6 |

2023-01-07 21:49:08,922 - INFO -
| Epoch:    411 | Train loss: 0.0172 | Valid loss: 0.1682 | Train acc: 0.9919 | Valid acc: 0.9024 | patience: 382 | Epoch time: 0.6 |

2023-01-07 21:49:09,528 - INFO -
| Epoch:    412 | Train loss: 0.0175 | Valid loss: 0.1684 | Train acc: 0.9919 | Valid acc: 0.9024 | patience: 383 | Epoch time: 0.6 |

2023-01-07 21:49:10,135 - INFO -
| Epoch:    413 | Train loss: 0.0178 | Valid loss: 0.1714 | Train acc: 0.9919 | Valid acc: 0.9024 | patience: 384 | Epoch time: 0.6 |

2023-01-07 21:49:10,741 - INFO -
| Epoch:    414 | Train loss: 0.0174 | Valid loss: 0.1737 | Train acc: 0.9919 | Valid acc: 0.9024 | patience: 385 | Epoch time: 0.6 |

2023-01-07 21:49:11,348 - INFO -
| Epoch:    415 | Train loss: 0.0177 | Valid loss: 0.1717 | Train acc: 0.9919 | Valid acc: 0.9024 | patience: 386 | Epoch time: 0.6 |

2023-01-07 21:49:11,956 - INFO -
| Epoch:    416 | Train loss: 0.0170 | Valid loss: 0.1698 | Train acc: 0.9919 | Valid acc: 0.9024 | patience: 387 | Epoch time: 0.6 |

2023-01-07 21:49:12,563 - INFO -
| Epoch:    417 | Train loss: 0.0173 | Valid loss: 0.1698 | Train acc: 0.9919 | Valid acc: 0.9024 | patience: 388 | Epoch time: 0.6 |

2023-01-07 21:49:13,169 - INFO -
| Epoch:    418 | Train loss: 0.0172 | Valid loss: 0.1698 | Train acc: 0.9919 | Valid acc: 0.9024 | patience: 389 | Epoch time: 0.6 |

2023-01-07 21:49:13,774 - INFO -
| Epoch:    419 | Train loss: 0.0172 | Valid loss: 0.1681 | Train acc: 0.9919 | Valid acc: 0.9024 | patience: 390 | Epoch time: 0.6 |

2023-01-07 21:49:14,382 - INFO -
| Epoch:    420 | Train loss: 0.0169 | Valid loss: 0.1661 | Train acc: 0.9919 | Valid acc: 0.9024 | patience: 391 | Epoch time: 0.6 |

2023-01-07 21:49:14,989 - INFO -
| Epoch:    421 | Train loss: 0.0169 | Valid loss: 0.1663 | Train acc: 0.9919 | Valid acc: 0.9024 | patience: 392 | Epoch time: 0.6 |

2023-01-07 21:49:15,596 - INFO -
| Epoch:    422 | Train loss: 0.0169 | Valid loss: 0.1651 | Train acc: 0.9919 | Valid acc: 0.9024 | patience: 393 | Epoch time: 0.6 |

2023-01-07 21:49:16,204 - INFO -
| Epoch:    423 | Train loss: 0.0168 | Valid loss: 0.1664 | Train acc: 0.9919 | Valid acc: 0.9024 | patience: 394 | Epoch time: 0.6 |

2023-01-07 21:49:16,812 - INFO -
| Epoch:    424 | Train loss: 0.0173 | Valid loss: 0.1653 | Train acc: 0.9919 | Valid acc: 0.9024 | patience: 395 | Epoch time: 0.6 |

2023-01-07 21:49:17,419 - INFO -
| Epoch:    425 | Train loss: 0.0170 | Valid loss: 0.1676 | Train acc: 0.9919 | Valid acc: 0.9024 | patience: 396 | Epoch time: 0.6 |

2023-01-07 21:49:18,026 - INFO -
| Epoch:    426 | Train loss: 0.0167 | Valid loss: 0.1702 | Train acc: 0.9919 | Valid acc: 0.9024 | patience: 397 | Epoch time: 0.6 |

2023-01-07 21:49:18,633 - INFO -
| Epoch:    427 | Train loss: 0.0172 | Valid loss: 0.1679 | Train acc: 0.9919 | Valid acc: 0.9024 | patience: 398 | Epoch time: 0.6 |

2023-01-07 21:49:19,241 - INFO -
| Epoch:    428 | Train loss: 0.0173 | Valid loss: 0.1675 | Train acc: 0.9919 | Valid acc: 0.9024 | patience: 399 | Epoch time: 0.6 |

2023-01-07 21:49:19,848 - INFO -
| Epoch:    429 | Train loss: 0.0177 | Valid loss: 0.1704 | Train acc: 0.9919 | Valid acc: 0.9024 | patience: 400 | Epoch time: 0.6 |

2023-01-07 21:49:20,455 - INFO -
| Epoch:    430 | Train loss: 0.0171 | Valid loss: 0.1728 | Train acc: 0.9919 | Valid acc: 0.9024 | patience: 401 | Epoch time: 0.6 |

2023-01-07 21:49:21,061 - INFO -
| Epoch:    431 | Train loss: 0.0173 | Valid loss: 0.1710 | Train acc: 0.9919 | Valid acc: 0.9024 | patience: 402 | Epoch time: 0.6 |

2023-01-07 21:49:21,668 - INFO -
| Epoch:    432 | Train loss: 0.0170 | Valid loss: 0.1694 | Train acc: 0.9919 | Valid acc: 0.9024 | patience: 403 | Epoch time: 0.6 |

2023-01-07 21:49:22,275 - INFO -
| Epoch:    433 | Train loss: 0.0172 | Valid loss: 0.1693 | Train acc: 0.9919 | Valid acc: 0.9024 | patience: 404 | Epoch time: 0.6 |

2023-01-07 21:49:22,882 - INFO -
| Epoch:    434 | Train loss: 0.0168 | Valid loss: 0.1699 | Train acc: 0.9919 | Valid acc: 0.9024 | patience: 405 | Epoch time: 0.6 |

2023-01-07 21:49:23,490 - INFO -
| Epoch:    435 | Train loss: 0.0172 | Valid loss: 0.1666 | Train acc: 0.9919 | Valid acc: 0.9024 | patience: 406 | Epoch time: 0.6 |

2023-01-07 21:49:24,097 - INFO -
| Epoch:    436 | Train loss: 0.0167 | Valid loss: 0.1646 | Train acc: 0.9919 | Valid acc: 0.9024 | patience: 407 | Epoch time: 0.6 |

2023-01-07 21:49:24,704 - INFO -
| Epoch:    437 | Train loss: 0.0166 | Valid loss: 0.1645 | Train acc: 0.9919 | Valid acc: 0.9024 | patience: 408 | Epoch time: 0.6 |

2023-01-07 21:49:25,311 - INFO -
| Epoch:    438 | Train loss: 0.0166 | Valid loss: 0.1665 | Train acc: 0.9919 | Valid acc: 0.9024 | patience: 409 | Epoch time: 0.6 |

2023-01-07 21:49:25,918 - INFO -
| Epoch:    439 | Train loss: 0.0168 | Valid loss: 0.1643 | Train acc: 0.9919 | Valid acc: 0.9024 | patience: 410 | Epoch time: 0.6 |

2023-01-07 21:49:26,525 - INFO -
| Epoch:    440 | Train loss: 0.0172 | Valid loss: 0.1661 | Train acc: 0.9919 | Valid acc: 0.9024 | patience: 411 | Epoch time: 0.6 |

2023-01-07 21:49:27,132 - INFO -
| Epoch:    441 | Train loss: 0.0169 | Valid loss: 0.1696 | Train acc: 0.9919 | Valid acc: 0.9024 | patience: 412 | Epoch time: 0.6 |

2023-01-07 21:49:27,740 - INFO -
| Epoch:    442 | Train loss: 0.0168 | Valid loss: 0.1706 | Train acc: 0.9919 | Valid acc: 0.9024 | patience: 413 | Epoch time: 0.6 |

2023-01-07 21:49:28,347 - INFO -
| Epoch:    443 | Train loss: 0.0172 | Valid loss: 0.1673 | Train acc: 0.9919 | Valid acc: 0.9024 | patience: 414 | Epoch time: 0.6 |

2023-01-07 21:49:28,954 - INFO -
| Epoch:    444 | Train loss: 0.0169 | Valid loss: 0.1665 | Train acc: 0.9919 | Valid acc: 0.9024 | patience: 415 | Epoch time: 0.6 |

2023-01-07 21:49:29,560 - INFO -
| Epoch:    445 | Train loss: 0.0170 | Valid loss: 0.1688 | Train acc: 0.9919 | Valid acc: 0.9024 | patience: 416 | Epoch time: 0.6 |

2023-01-07 21:49:30,168 - INFO -
| Epoch:    446 | Train loss: 0.0166 | Valid loss: 0.1696 | Train acc: 0.9919 | Valid acc: 0.9024 | patience: 417 | Epoch time: 0.6 |

2023-01-07 21:49:30,775 - INFO -
| Epoch:    447 | Train loss: 0.0175 | Valid loss: 0.1649 | Train acc: 0.9919 | Valid acc: 0.9024 | patience: 418 | Epoch time: 0.6 |

2023-01-07 21:49:31,382 - INFO -
| Epoch:    448 | Train loss: 0.0173 | Valid loss: 0.1639 | Train acc: 0.9919 | Valid acc: 0.9024 | patience: 419 | Epoch time: 0.6 |

2023-01-07 21:49:31,989 - INFO -
| Epoch:    449 | Train loss: 0.0173 | Valid loss: 0.1684 | Train acc: 0.9919 | Valid acc: 0.9024 | patience: 420 | Epoch time: 0.6 |

2023-01-07 21:49:32,596 - INFO -
| Epoch:    450 | Train loss: 0.0171 | Valid loss: 0.1690 | Train acc: 0.9919 | Valid acc: 0.9024 | patience: 421 | Epoch time: 0.6 |

2023-01-07 21:49:33,203 - INFO -
| Epoch:    451 | Train loss: 0.0169 | Valid loss: 0.1656 | Train acc: 0.9919 | Valid acc: 0.9024 | patience: 422 | Epoch time: 0.6 |

2023-01-07 21:49:33,811 - INFO -
| Epoch:    452 | Train loss: 0.0177 | Valid loss: 0.1666 | Train acc: 0.9919 | Valid acc: 0.9024 | patience: 423 | Epoch time: 0.6 |

2023-01-07 21:49:34,419 - INFO -
| Epoch:    453 | Train loss: 0.0180 | Valid loss: 0.1707 | Train acc: 0.9919 | Valid acc: 0.9024 | patience: 424 | Epoch time: 0.6 |

2023-01-07 21:49:35,026 - INFO -
| Epoch:    454 | Train loss: 0.0173 | Valid loss: 0.1733 | Train acc: 0.9919 | Valid acc: 0.9024 | patience: 425 | Epoch time: 0.6 |

2023-01-07 21:49:35,633 - INFO -
| Epoch:    455 | Train loss: 0.0175 | Valid loss: 0.1683 | Train acc: 0.9919 | Valid acc: 0.9024 | patience: 426 | Epoch time: 0.6 |

2023-01-07 21:49:36,242 - INFO -
| Epoch:    456 | Train loss: 0.0173 | Valid loss: 0.1662 | Train acc: 0.9919 | Valid acc: 0.9024 | patience: 427 | Epoch time: 0.6 |

2023-01-07 21:49:36,850 - INFO -
| Epoch:    457 | Train loss: 0.0179 | Valid loss: 0.1671 | Train acc: 0.9919 | Valid acc: 0.9024 | patience: 428 | Epoch time: 0.6 |

2023-01-07 21:49:37,457 - INFO -
| Epoch:    458 | Train loss: 0.0175 | Valid loss: 0.1699 | Train acc: 0.9919 | Valid acc: 0.9024 | patience: 429 | Epoch time: 0.6 |

2023-01-07 21:49:38,063 - INFO -
| Epoch:    459 | Train loss: 0.0169 | Valid loss: 0.1708 | Train acc: 0.9919 | Valid acc: 0.9024 | patience: 430 | Epoch time: 0.6 |

2023-01-07 21:49:38,670 - INFO -
| Epoch:    460 | Train loss: 0.0182 | Valid loss: 0.1656 | Train acc: 0.9919 | Valid acc: 0.9024 | patience: 431 | Epoch time: 0.6 |

2023-01-07 21:49:39,278 - INFO -
| Epoch:    461 | Train loss: 0.0171 | Valid loss: 0.1619 | Train acc: 0.9919 | Valid acc: 0.9024 | patience: 432 | Epoch time: 0.6 |

2023-01-07 21:49:39,886 - INFO -
| Epoch:    462 | Train loss: 0.0181 | Valid loss: 0.1651 | Train acc: 0.9919 | Valid acc: 0.9024 | patience: 433 | Epoch time: 0.6 |

2023-01-07 21:49:40,495 - INFO -
| Epoch:    463 | Train loss: 0.0170 | Valid loss: 0.1714 | Train acc: 0.9919 | Valid acc: 0.9024 | patience: 434 | Epoch time: 0.6 |

2023-01-07 21:49:41,103 - INFO -
| Epoch:    464 | Train loss: 0.0179 | Valid loss: 0.1718 | Train acc: 0.9919 | Valid acc: 0.9024 | patience: 435 | Epoch time: 0.6 |

2023-01-07 21:49:41,710 - INFO -
| Epoch:    465 | Train loss: 0.0173 | Valid loss: 0.1684 | Train acc: 0.9919 | Valid acc: 0.9024 | patience: 436 | Epoch time: 0.6 |

2023-01-07 21:49:42,317 - INFO -
| Epoch:    466 | Train loss: 0.0175 | Valid loss: 0.1677 | Train acc: 0.9919 | Valid acc: 0.9024 | patience: 437 | Epoch time: 0.6 |

2023-01-07 21:49:42,926 - INFO -
| Epoch:    467 | Train loss: 0.0181 | Valid loss: 0.1695 | Train acc: 0.9919 | Valid acc: 0.9024 | patience: 438 | Epoch time: 0.6 |

2023-01-07 21:49:43,534 - INFO -
| Epoch:    468 | Train loss: 0.0176 | Valid loss: 0.1731 | Train acc: 0.9919 | Valid acc: 0.9024 | patience: 439 | Epoch time: 0.6 |

2023-01-07 21:49:44,141 - INFO -
| Epoch:    469 | Train loss: 0.0170 | Valid loss: 0.1751 | Train acc: 0.9919 | Valid acc: 0.9024 | patience: 440 | Epoch time: 0.6 |

2023-01-07 21:49:44,748 - INFO -
| Epoch:    470 | Train loss: 0.0184 | Valid loss: 0.1692 | Train acc: 0.9919 | Valid acc: 0.9024 | patience: 441 | Epoch time: 0.6 |

2023-01-07 21:49:45,355 - INFO -
| Epoch:    471 | Train loss: 0.0170 | Valid loss: 0.1635 | Train acc: 0.9919 | Valid acc: 0.9024 | patience: 442 | Epoch time: 0.6 |

2023-01-07 21:49:45,964 - INFO -
| Epoch:    472 | Train loss: 0.0184 | Valid loss: 0.1622 | Train acc: 0.9919 | Valid acc: 0.9024 | patience: 443 | Epoch time: 0.6 |

2023-01-07 21:49:46,571 - INFO -
| Epoch:    473 | Train loss: 0.0186 | Valid loss: 0.1653 | Train acc: 0.9919 | Valid acc: 0.9024 | patience: 444 | Epoch time: 0.6 |

2023-01-07 21:49:47,178 - INFO -
| Epoch:    474 | Train loss: 0.0170 | Valid loss: 0.1712 | Train acc: 0.9919 | Valid acc: 0.9024 | patience: 445 | Epoch time: 0.6 |

2023-01-07 21:49:47,786 - INFO -
| Epoch:    475 | Train loss: 0.0182 | Valid loss: 0.1719 | Train acc: 0.9919 | Valid acc: 0.9024 | patience: 446 | Epoch time: 0.6 |

2023-01-07 21:49:48,393 - INFO -
| Epoch:    476 | Train loss: 0.0194 | Valid loss: 0.1629 | Train acc: 0.9919 | Valid acc: 0.9024 | patience: 447 | Epoch time: 0.6 |

2023-01-07 21:49:49,000 - INFO -
| Epoch:    477 | Train loss: 0.0176 | Valid loss: 0.1583 | Train acc: 0.9919 | Valid acc: 0.9024 | patience: 448 | Epoch time: 0.6 |

2023-01-07 21:49:49,607 - INFO -
| Epoch:    478 | Train loss: 0.0198 | Valid loss: 0.1631 | Train acc: 0.9839 | Valid acc: 0.9024 | patience: 449 | Epoch time: 0.6 |

2023-01-07 21:49:50,215 - INFO -
| Epoch:    479 | Train loss: 0.0183 | Valid loss: 0.1728 | Train acc: 0.9919 | Valid acc: 0.9024 | patience: 450 | Epoch time: 0.6 |

2023-01-07 21:49:50,822 - INFO -
| Epoch:    480 | Train loss: 0.0179 | Valid loss: 0.1807 | Train acc: 0.9919 | Valid acc: 0.9024 | patience: 451 | Epoch time: 0.6 |

2023-01-07 21:49:51,428 - INFO -
| Epoch:    481 | Train loss: 0.0247 | Valid loss: 0.1681 | Train acc: 0.9919 | Valid acc: 0.9024 | patience: 452 | Epoch time: 0.6 |

2023-01-07 21:49:52,035 - INFO -
| Epoch:    482 | Train loss: 0.0175 | Valid loss: 0.1615 | Train acc: 0.9919 | Valid acc: 0.9024 | patience: 453 | Epoch time: 0.6 |

2023-01-07 21:49:52,643 - INFO -
| Epoch:    483 | Train loss: 0.0242 | Valid loss: 0.1633 | Train acc: 0.9839 | Valid acc: 0.9024 | patience: 454 | Epoch time: 0.6 |

2023-01-07 21:49:53,250 - INFO -
| Epoch:    484 | Train loss: 0.0255 | Valid loss: 0.1734 | Train acc: 0.9919 | Valid acc: 0.9024 | patience: 455 | Epoch time: 0.6 |

2023-01-07 21:49:53,857 - INFO -
| Epoch:    485 | Train loss: 0.0221 | Valid loss: 0.1769 | Train acc: 0.9919 | Valid acc: 0.9024 | patience: 456 | Epoch time: 0.6 |

2023-01-07 21:49:54,465 - INFO -
| Epoch:    486 | Train loss: 0.0219 | Valid loss: 0.1715 | Train acc: 0.9919 | Valid acc: 0.9024 | patience: 457 | Epoch time: 0.6 |

2023-01-07 21:49:55,072 - INFO -
| Epoch:    487 | Train loss: 0.0176 | Valid loss: 0.1658 | Train acc: 0.9919 | Valid acc: 0.9024 | patience: 458 | Epoch time: 0.6 |

2023-01-07 21:49:55,679 - INFO -
| Epoch:    488 | Train loss: 0.0179 | Valid loss: 0.1648 | Train acc: 0.9919 | Valid acc: 0.9024 | patience: 459 | Epoch time: 0.6 |

2023-01-07 21:49:56,286 - INFO -
| Epoch:    489 | Train loss: 0.0196 | Valid loss: 0.1653 | Train acc: 0.9919 | Valid acc: 0.9024 | patience: 460 | Epoch time: 0.6 |

2023-01-07 21:49:56,893 - INFO -
| Epoch:    490 | Train loss: 0.0204 | Valid loss: 0.1644 | Train acc: 0.9919 | Valid acc: 0.9024 | patience: 461 | Epoch time: 0.6 |

2023-01-07 21:49:57,500 - INFO -
| Epoch:    491 | Train loss: 0.0189 | Valid loss: 0.1661 | Train acc: 0.9919 | Valid acc: 0.9024 | patience: 462 | Epoch time: 0.6 |

2023-01-07 21:49:58,108 - INFO -
| Epoch:    492 | Train loss: 0.0177 | Valid loss: 0.1666 | Train acc: 0.9919 | Valid acc: 0.9024 | patience: 463 | Epoch time: 0.6 |

2023-01-07 21:49:58,714 - INFO -
| Epoch:    493 | Train loss: 0.0185 | Valid loss: 0.1658 | Train acc: 0.9919 | Valid acc: 0.9024 | patience: 464 | Epoch time: 0.6 |

2023-01-07 21:49:59,321 - INFO -
| Epoch:    494 | Train loss: 0.0172 | Valid loss: 0.1660 | Train acc: 0.9919 | Valid acc: 0.9024 | patience: 465 | Epoch time: 0.6 |

2023-01-07 21:49:59,928 - INFO -
| Epoch:    495 | Train loss: 0.0177 | Valid loss: 0.1725 | Train acc: 0.9919 | Valid acc: 0.9024 | patience: 466 | Epoch time: 0.6 |

2023-01-07 21:50:00,535 - INFO -
| Epoch:    496 | Train loss: 0.0189 | Valid loss: 0.1720 | Train acc: 0.9919 | Valid acc: 0.9024 | patience: 467 | Epoch time: 0.6 |

2023-01-07 21:50:01,143 - INFO -
| Epoch:    497 | Train loss: 0.0180 | Valid loss: 0.1697 | Train acc: 0.9919 | Valid acc: 0.9024 | patience: 468 | Epoch time: 0.6 |

2023-01-07 21:50:01,751 - INFO -
| Epoch:    498 | Train loss: 0.0182 | Valid loss: 0.1711 | Train acc: 0.9919 | Valid acc: 0.9024 | patience: 469 | Epoch time: 0.6 |

2023-01-07 21:50:02,360 - INFO -
| Epoch:    499 | Train loss: 0.0175 | Valid loss: 0.1728 | Train acc: 0.9919 | Valid acc: 0.9024 | patience: 470 | Epoch time: 0.6 |

2023-01-07 21:50:02,967 - INFO -
| Epoch:    500 | Train loss: 0.0174 | Valid loss: 0.1747 | Train acc: 0.9919 | Valid acc: 0.9024 | patience: 471 | Epoch time: 0.6 |

2023-01-07 21:50:03,574 - INFO -
| Epoch:    501 | Train loss: 0.0178 | Valid loss: 0.1745 | Train acc: 0.9919 | Valid acc: 0.9024 | patience: 472 | Epoch time: 0.6 |

2023-01-07 21:50:04,182 - INFO -
| Epoch:    502 | Train loss: 0.0177 | Valid loss: 0.1723 | Train acc: 0.9919 | Valid acc: 0.9024 | patience: 473 | Epoch time: 0.6 |

2023-01-07 21:50:04,790 - INFO -
| Epoch:    503 | Train loss: 0.0178 | Valid loss: 0.1698 | Train acc: 0.9919 | Valid acc: 0.9024 | patience: 474 | Epoch time: 0.6 |

2023-01-07 21:50:05,398 - INFO -
| Epoch:    504 | Train loss: 0.0178 | Valid loss: 0.1701 | Train acc: 0.9919 | Valid acc: 0.9024 | patience: 475 | Epoch time: 0.6 |

2023-01-07 21:50:06,006 - INFO -
| Epoch:    505 | Train loss: 0.0176 | Valid loss: 0.1724 | Train acc: 0.9919 | Valid acc: 0.9024 | patience: 476 | Epoch time: 0.6 |

2023-01-07 21:50:06,613 - INFO -
| Epoch:    506 | Train loss: 0.0174 | Valid loss: 0.1750 | Train acc: 0.9919 | Valid acc: 0.9024 | patience: 477 | Epoch time: 0.6 |

2023-01-07 21:50:07,221 - INFO -
| Epoch:    507 | Train loss: 0.0185 | Valid loss: 0.1716 | Train acc: 0.9919 | Valid acc: 0.9024 | patience: 478 | Epoch time: 0.6 |

2023-01-07 21:50:07,829 - INFO -
| Epoch:    508 | Train loss: 0.0175 | Valid loss: 0.1692 | Train acc: 0.9919 | Valid acc: 0.9024 | patience: 479 | Epoch time: 0.6 |

2023-01-07 21:50:08,437 - INFO -
| Epoch:    509 | Train loss: 0.0175 | Valid loss: 0.1697 | Train acc: 0.9919 | Valid acc: 0.9024 | patience: 480 | Epoch time: 0.6 |

2023-01-07 21:50:09,045 - INFO -
| Epoch:    510 | Train loss: 0.0174 | Valid loss: 0.1702 | Train acc: 0.9919 | Valid acc: 0.9024 | patience: 481 | Epoch time: 0.6 |

2023-01-07 21:50:09,652 - INFO -
| Epoch:    511 | Train loss: 0.0173 | Valid loss: 0.1711 | Train acc: 0.9919 | Valid acc: 0.9024 | patience: 482 | Epoch time: 0.6 |

2023-01-07 21:50:10,259 - INFO -
| Epoch:    512 | Train loss: 0.0171 | Valid loss: 0.1724 | Train acc: 0.9919 | Valid acc: 0.9024 | patience: 483 | Epoch time: 0.6 |

2023-01-07 21:50:10,865 - INFO -
| Epoch:    513 | Train loss: 0.0172 | Valid loss: 0.1707 | Train acc: 0.9919 | Valid acc: 0.9024 | patience: 484 | Epoch time: 0.6 |

2023-01-07 21:50:11,473 - INFO -
| Epoch:    514 | Train loss: 0.0169 | Valid loss: 0.1678 | Train acc: 0.9919 | Valid acc: 0.9024 | patience: 485 | Epoch time: 0.6 |

2023-01-07 21:50:12,081 - INFO -
| Epoch:    515 | Train loss: 0.0172 | Valid loss: 0.1681 | Train acc: 0.9919 | Valid acc: 0.9024 | patience: 486 | Epoch time: 0.6 |

2023-01-07 21:50:12,688 - INFO -
| Epoch:    516 | Train loss: 0.0170 | Valid loss: 0.1695 | Train acc: 0.9919 | Valid acc: 0.9024 | patience: 487 | Epoch time: 0.6 |

2023-01-07 21:50:13,295 - INFO -
| Epoch:    517 | Train loss: 0.0169 | Valid loss: 0.1683 | Train acc: 0.9919 | Valid acc: 0.9024 | patience: 488 | Epoch time: 0.6 |

2023-01-07 21:50:13,903 - INFO -
| Epoch:    518 | Train loss: 0.0174 | Valid loss: 0.1656 | Train acc: 0.9919 | Valid acc: 0.9024 | patience: 489 | Epoch time: 0.6 |

2023-01-07 21:50:14,510 - INFO -
| Epoch:    519 | Train loss: 0.0165 | Valid loss: 0.1632 | Train acc: 0.9919 | Valid acc: 0.9024 | patience: 490 | Epoch time: 0.6 |

2023-01-07 21:50:15,118 - INFO -
| Epoch:    520 | Train loss: 0.0170 | Valid loss: 0.1625 | Train acc: 0.9919 | Valid acc: 0.9024 | patience: 491 | Epoch time: 0.6 |

2023-01-07 21:50:15,726 - INFO -
| Epoch:    521 | Train loss: 0.0167 | Valid loss: 0.1628 | Train acc: 0.9919 | Valid acc: 0.9024 | patience: 492 | Epoch time: 0.6 |

2023-01-07 21:50:16,333 - INFO -
| Epoch:    522 | Train loss: 0.0168 | Valid loss: 0.1646 | Train acc: 0.9919 | Valid acc: 0.9024 | patience: 493 | Epoch time: 0.6 |

2023-01-07 21:50:16,941 - INFO -
| Epoch:    523 | Train loss: 0.0178 | Valid loss: 0.1670 | Train acc: 0.9919 | Valid acc: 0.9024 | patience: 494 | Epoch time: 0.6 |

2023-01-07 21:50:17,548 - INFO -
| Epoch:    524 | Train loss: 0.0171 | Valid loss: 0.1673 | Train acc: 0.9919 | Valid acc: 0.9024 | patience: 495 | Epoch time: 0.6 |

2023-01-07 21:50:18,156 - INFO -
| Epoch:    525 | Train loss: 0.0166 | Valid loss: 0.1688 | Train acc: 0.9919 | Valid acc: 0.9024 | patience: 496 | Epoch time: 0.6 |

2023-01-07 21:50:18,765 - INFO -
| Epoch:    526 | Train loss: 0.0168 | Valid loss: 0.1681 | Train acc: 0.9919 | Valid acc: 0.9024 | patience: 497 | Epoch time: 0.6 |

2023-01-07 21:50:19,373 - INFO -
| Epoch:    527 | Train loss: 0.0173 | Valid loss: 0.1687 | Train acc: 0.9919 | Valid acc: 0.9024 | patience: 498 | Epoch time: 0.6 |

2023-01-07 21:50:19,980 - INFO -
| Epoch:    528 | Train loss: 0.0166 | Valid loss: 0.1706 | Train acc: 0.9919 | Valid acc: 0.9024 | patience: 499 | Epoch time: 0.6 |

2023-01-07 21:50:20,587 - INFO -
| Epoch:    529 | Train loss: 0.0172 | Valid loss: 0.1696 | Train acc: 0.9919 | Valid acc: 0.9024 | patience: 500 | Epoch time: 0.6 |

2023-01-07 21:50:21,194 - INFO -
Early stop.

2023-01-07 21:50:21,202 - INFO -
Training if finished.

