2023-01-07 21:45:02,144 - INFO -
gmin                0.01
gmax                10.0
T                   0.1
m                   0.3
ACT_eta1            0.134
ACT_eta2            0.962
ACT_eta3            0.183
ACT_eta4            24.1
NEG_eta1            -0.104
NEG_eta2            0.899
NEG_eta3            -0.056
NEG_eta4            3.858
hidden              [3]
SEED                8
DEVICE              cuda
TIMELIMITATION      45
PATIENCE            500
EPOCH               10000000000
DATASET             9
LR                  0.1
PROGRESSIVE         False
LR_PATIENCE         100
LR_DECAY            0.5
LR_MIN              0.0001
MODE                nominal
M_train             1
K_train             1
M_test              500
K_test              500
t_test_max          10
integration         MC
VARIATION           False
N_train             1
e_train             0.0
N_test              100
e_test              0.1
projectname         ICCAD_2022
temppath            ./ICCAD_2022/temp/
logfilepath         ./ICCAD_2022/log/
recording           False
recordpath          ./ICCAD_2022/record/
savepath            ./ICCAD_2022/models/
loglevel            info


2023-01-07 21:45:02,145 - INFO -
Training network on device: cuda.

2023-01-07 21:45:02,145 - INFO -
Training setup: seeds_8_nominal_0.0_1_MC.

2023-01-07 21:45:02,145 - INFO -
Dataset "seeds" has 7 input features and 3 classes. There are 124 training examples, 41 valid examples, and 43 test examples in the dataset.

2023-01-07 21:45:02,145 - INFO -
Topology of the network: [7, 3, 3].

2023-01-07 21:45:06,721 - INFO -
| Epoch:      0 | Train loss: 0.7008 | Valid loss: 0.8377 | Train acc: 0.2581 | Valid acc: 0.4146 | patience:   0 | Epoch time: 3.6 |

2023-01-07 21:45:07,284 - INFO -
| Epoch:      1 | Train loss: 0.8031 | Valid loss: 0.8856 | Train acc: 0.3548 | Valid acc: 0.2439 | patience:   1 | Epoch time: 0.6 |

2023-01-07 21:45:07,849 - INFO -
| Epoch:      2 | Train loss: 0.8203 | Valid loss: 0.8513 | Train acc: 0.3871 | Valid acc: 0.3415 | patience:   2 | Epoch time: 0.6 |

2023-01-07 21:45:08,414 - INFO -
| Epoch:      3 | Train loss: 0.8034 | Valid loss: 0.6772 | Train acc: 0.4597 | Valid acc: 0.5366 | patience:   0 | Epoch time: 0.6 |

2023-01-07 21:45:08,981 - INFO -
| Epoch:      4 | Train loss: 0.6622 | Valid loss: 0.5604 | Train acc: 0.5887 | Valid acc: 0.6341 | patience:   0 | Epoch time: 0.6 |

2023-01-07 21:45:09,548 - INFO -
| Epoch:      5 | Train loss: 0.6023 | Valid loss: 0.4941 | Train acc: 0.5565 | Valid acc: 0.6585 | patience:   0 | Epoch time: 0.6 |

2023-01-07 21:45:10,113 - INFO -
| Epoch:      6 | Train loss: 0.6028 | Valid loss: 0.3656 | Train acc: 0.5726 | Valid acc: 0.7561 | patience:   0 | Epoch time: 0.6 |

2023-01-07 21:45:10,678 - INFO -
| Epoch:      7 | Train loss: 0.5182 | Valid loss: 0.3422 | Train acc: 0.6129 | Valid acc: 0.7561 | patience:   0 | Epoch time: 0.6 |

2023-01-07 21:45:11,243 - INFO -
| Epoch:      8 | Train loss: 0.5014 | Valid loss: 0.3689 | Train acc: 0.6129 | Valid acc: 0.7561 | patience:   1 | Epoch time: 0.6 |

2023-01-07 21:45:11,809 - INFO -
| Epoch:      9 | Train loss: 0.5188 | Valid loss: 0.3251 | Train acc: 0.6129 | Valid acc: 0.8049 | patience:   0 | Epoch time: 0.6 |

2023-01-07 21:45:12,374 - INFO -
| Epoch:     10 | Train loss: 0.4525 | Valid loss: 0.2973 | Train acc: 0.6532 | Valid acc: 0.8293 | patience:   0 | Epoch time: 0.6 |

2023-01-07 21:45:12,938 - INFO -
| Epoch:     11 | Train loss: 0.4064 | Valid loss: 0.3483 | Train acc: 0.7419 | Valid acc: 0.8293 | patience:   1 | Epoch time: 0.6 |

2023-01-07 21:45:13,503 - INFO -
| Epoch:     12 | Train loss: 0.4293 | Valid loss: 0.4087 | Train acc: 0.7581 | Valid acc: 0.8049 | patience:   2 | Epoch time: 0.6 |

2023-01-07 21:45:14,066 - INFO -
| Epoch:     13 | Train loss: 0.4275 | Valid loss: 0.4602 | Train acc: 0.7742 | Valid acc: 0.7317 | patience:   3 | Epoch time: 0.6 |

2023-01-07 21:45:14,628 - INFO -
| Epoch:     14 | Train loss: 0.4105 | Valid loss: 0.5081 | Train acc: 0.8548 | Valid acc: 0.7073 | patience:   4 | Epoch time: 0.6 |

2023-01-07 21:45:15,192 - INFO -
| Epoch:     15 | Train loss: 0.4119 | Valid loss: 0.5035 | Train acc: 0.8306 | Valid acc: 0.7073 | patience:   5 | Epoch time: 0.6 |

2023-01-07 21:45:15,756 - INFO -
| Epoch:     16 | Train loss: 0.3977 | Valid loss: 0.4443 | Train acc: 0.8306 | Valid acc: 0.7073 | patience:   6 | Epoch time: 0.6 |

2023-01-07 21:45:16,317 - INFO -
| Epoch:     17 | Train loss: 0.3655 | Valid loss: 0.3618 | Train acc: 0.8548 | Valid acc: 0.8537 | patience:   7 | Epoch time: 0.6 |

2023-01-07 21:45:16,880 - INFO -
| Epoch:     18 | Train loss: 0.3338 | Valid loss: 0.2992 | Train acc: 0.8871 | Valid acc: 0.8780 | patience:   8 | Epoch time: 0.6 |

2023-01-07 21:45:17,443 - INFO -
| Epoch:     19 | Train loss: 0.3109 | Valid loss: 0.2746 | Train acc: 0.8790 | Valid acc: 0.8780 | patience:   0 | Epoch time: 0.6 |

2023-01-07 21:45:18,010 - INFO -
| Epoch:     20 | Train loss: 0.2883 | Valid loss: 0.2616 | Train acc: 0.8952 | Valid acc: 0.8293 | patience:   0 | Epoch time: 0.6 |

2023-01-07 21:45:18,572 - INFO -
| Epoch:     21 | Train loss: 0.2600 | Valid loss: 0.2717 | Train acc: 0.8952 | Valid acc: 0.8293 | patience:   1 | Epoch time: 0.6 |

2023-01-07 21:45:19,134 - INFO -
| Epoch:     22 | Train loss: 0.2180 | Valid loss: 0.3075 | Train acc: 0.8790 | Valid acc: 0.8293 | patience:   2 | Epoch time: 0.6 |

2023-01-07 21:45:19,697 - INFO -
| Epoch:     23 | Train loss: 0.2008 | Valid loss: 0.3119 | Train acc: 0.8710 | Valid acc: 0.8293 | patience:   3 | Epoch time: 0.6 |

2023-01-07 21:45:20,260 - INFO -
| Epoch:     24 | Train loss: 0.1961 | Valid loss: 0.2663 | Train acc: 0.8710 | Valid acc: 0.8293 | patience:   4 | Epoch time: 0.6 |

2023-01-07 21:45:20,826 - INFO -
| Epoch:     25 | Train loss: 0.1725 | Valid loss: 0.2161 | Train acc: 0.8952 | Valid acc: 0.9024 | patience:   0 | Epoch time: 0.6 |

2023-01-07 21:45:21,390 - INFO -
| Epoch:     26 | Train loss: 0.1646 | Valid loss: 0.1930 | Train acc: 0.9032 | Valid acc: 0.9268 | patience:   0 | Epoch time: 0.6 |

2023-01-07 21:45:21,955 - INFO -
| Epoch:     27 | Train loss: 0.1667 | Valid loss: 0.1873 | Train acc: 0.9032 | Valid acc: 0.9024 | patience:   0 | Epoch time: 0.6 |

2023-01-07 21:45:22,517 - INFO -
| Epoch:     28 | Train loss: 0.1553 | Valid loss: 0.1985 | Train acc: 0.9032 | Valid acc: 0.8780 | patience:   1 | Epoch time: 0.6 |

2023-01-07 21:45:23,080 - INFO -
| Epoch:     29 | Train loss: 0.1433 | Valid loss: 0.2282 | Train acc: 0.9113 | Valid acc: 0.8293 | patience:   2 | Epoch time: 0.6 |

2023-01-07 21:45:23,642 - INFO -
| Epoch:     30 | Train loss: 0.1431 | Valid loss: 0.2427 | Train acc: 0.9113 | Valid acc: 0.8293 | patience:   3 | Epoch time: 0.6 |

2023-01-07 21:45:24,206 - INFO -
| Epoch:     31 | Train loss: 0.1454 | Valid loss: 0.2256 | Train acc: 0.9113 | Valid acc: 0.8293 | patience:   4 | Epoch time: 0.6 |

2023-01-07 21:45:24,770 - INFO -
| Epoch:     32 | Train loss: 0.1358 | Valid loss: 0.1941 | Train acc: 0.9113 | Valid acc: 0.8780 | patience:   5 | Epoch time: 0.6 |

2023-01-07 21:45:25,335 - INFO -
| Epoch:     33 | Train loss: 0.1283 | Valid loss: 0.1678 | Train acc: 0.9194 | Valid acc: 0.9024 | patience:   0 | Epoch time: 0.6 |

2023-01-07 21:45:25,902 - INFO -
| Epoch:     34 | Train loss: 0.1231 | Valid loss: 0.1564 | Train acc: 0.9355 | Valid acc: 0.9024 | patience:   0 | Epoch time: 0.6 |

2023-01-07 21:45:26,464 - INFO -
| Epoch:     35 | Train loss: 0.1251 | Valid loss: 0.1575 | Train acc: 0.9355 | Valid acc: 0.9024 | patience:   1 | Epoch time: 0.6 |

2023-01-07 21:45:27,027 - INFO -
| Epoch:     36 | Train loss: 0.1208 | Valid loss: 0.1690 | Train acc: 0.9355 | Valid acc: 0.9024 | patience:   2 | Epoch time: 0.6 |

2023-01-07 21:45:27,590 - INFO -
| Epoch:     37 | Train loss: 0.1143 | Valid loss: 0.1907 | Train acc: 0.9355 | Valid acc: 0.9024 | patience:   3 | Epoch time: 0.6 |

2023-01-07 21:45:28,152 - INFO -
| Epoch:     38 | Train loss: 0.1114 | Valid loss: 0.2083 | Train acc: 0.9194 | Valid acc: 0.8537 | patience:   4 | Epoch time: 0.6 |

2023-01-07 21:45:28,713 - INFO -
| Epoch:     39 | Train loss: 0.1109 | Valid loss: 0.2040 | Train acc: 0.9274 | Valid acc: 0.8537 | patience:   5 | Epoch time: 0.6 |

2023-01-07 21:45:29,278 - INFO -
| Epoch:     40 | Train loss: 0.1090 | Valid loss: 0.1879 | Train acc: 0.9355 | Valid acc: 0.8780 | patience:   6 | Epoch time: 0.6 |

2023-01-07 21:45:29,841 - INFO -
| Epoch:     41 | Train loss: 0.1048 | Valid loss: 0.1673 | Train acc: 0.9355 | Valid acc: 0.9024 | patience:   7 | Epoch time: 0.6 |

2023-01-07 21:45:30,406 - INFO -
| Epoch:     42 | Train loss: 0.1017 | Valid loss: 0.1609 | Train acc: 0.9274 | Valid acc: 0.9024 | patience:   8 | Epoch time: 0.6 |

2023-01-07 21:45:30,969 - INFO -
| Epoch:     43 | Train loss: 0.1015 | Valid loss: 0.1607 | Train acc: 0.9355 | Valid acc: 0.9024 | patience:   9 | Epoch time: 0.6 |

2023-01-07 21:45:31,531 - INFO -
| Epoch:     44 | Train loss: 0.1010 | Valid loss: 0.1651 | Train acc: 0.9355 | Valid acc: 0.9024 | patience:  10 | Epoch time: 0.6 |

2023-01-07 21:45:32,091 - INFO -
| Epoch:     45 | Train loss: 0.0991 | Valid loss: 0.1712 | Train acc: 0.9355 | Valid acc: 0.9024 | patience:  11 | Epoch time: 0.6 |

2023-01-07 21:45:32,654 - INFO -
| Epoch:     46 | Train loss: 0.0959 | Valid loss: 0.1858 | Train acc: 0.9274 | Valid acc: 0.9024 | patience:  12 | Epoch time: 0.6 |

2023-01-07 21:45:33,217 - INFO -
| Epoch:     47 | Train loss: 0.0950 | Valid loss: 0.1774 | Train acc: 0.9435 | Valid acc: 0.9024 | patience:  13 | Epoch time: 0.6 |

2023-01-07 21:45:33,778 - INFO -
| Epoch:     48 | Train loss: 0.0933 | Valid loss: 0.1667 | Train acc: 0.9435 | Valid acc: 0.9024 | patience:  14 | Epoch time: 0.6 |

2023-01-07 21:45:34,340 - INFO -
| Epoch:     49 | Train loss: 0.0916 | Valid loss: 0.1589 | Train acc: 0.9516 | Valid acc: 0.9024 | patience:  15 | Epoch time: 0.6 |

2023-01-07 21:45:34,904 - INFO -
| Epoch:     50 | Train loss: 0.0901 | Valid loss: 0.1514 | Train acc: 0.9516 | Valid acc: 0.9024 | patience:   0 | Epoch time: 0.6 |

2023-01-07 21:45:35,470 - INFO -
| Epoch:     51 | Train loss: 0.0890 | Valid loss: 0.1515 | Train acc: 0.9435 | Valid acc: 0.9024 | patience:   1 | Epoch time: 0.6 |

2023-01-07 21:45:36,034 - INFO -
| Epoch:     52 | Train loss: 0.0868 | Valid loss: 0.1589 | Train acc: 0.9435 | Valid acc: 0.9268 | patience:   2 | Epoch time: 0.6 |

2023-01-07 21:45:36,596 - INFO -
| Epoch:     53 | Train loss: 0.0852 | Valid loss: 0.1615 | Train acc: 0.9516 | Valid acc: 0.9268 | patience:   3 | Epoch time: 0.6 |

2023-01-07 21:45:37,157 - INFO -
| Epoch:     54 | Train loss: 0.0850 | Valid loss: 0.1532 | Train acc: 0.9516 | Valid acc: 0.9268 | patience:   4 | Epoch time: 0.6 |

2023-01-07 21:45:37,719 - INFO -
| Epoch:     55 | Train loss: 0.0826 | Valid loss: 0.1393 | Train acc: 0.9516 | Valid acc: 0.9268 | patience:   0 | Epoch time: 0.6 |

2023-01-07 21:45:38,283 - INFO -
| Epoch:     56 | Train loss: 0.0807 | Valid loss: 0.1312 | Train acc: 0.9597 | Valid acc: 0.9268 | patience:   0 | Epoch time: 0.6 |

2023-01-07 21:45:38,845 - INFO -
| Epoch:     57 | Train loss: 0.0800 | Valid loss: 0.1353 | Train acc: 0.9516 | Valid acc: 0.9268 | patience:   1 | Epoch time: 0.6 |

2023-01-07 21:45:39,406 - INFO -
| Epoch:     58 | Train loss: 0.0777 | Valid loss: 0.1399 | Train acc: 0.9516 | Valid acc: 0.9268 | patience:   2 | Epoch time: 0.6 |

2023-01-07 21:45:39,968 - INFO -
| Epoch:     59 | Train loss: 0.0775 | Valid loss: 0.1380 | Train acc: 0.9516 | Valid acc: 0.9268 | patience:   3 | Epoch time: 0.6 |

2023-01-07 21:45:40,534 - INFO -
| Epoch:     60 | Train loss: 0.0766 | Valid loss: 0.1270 | Train acc: 0.9516 | Valid acc: 0.9268 | patience:   0 | Epoch time: 0.6 |

2023-01-07 21:45:41,100 - INFO -
| Epoch:     61 | Train loss: 0.0732 | Valid loss: 0.1118 | Train acc: 0.9516 | Valid acc: 0.9512 | patience:   0 | Epoch time: 0.6 |

2023-01-07 21:45:41,663 - INFO -
| Epoch:     62 | Train loss: 0.0747 | Valid loss: 0.1144 | Train acc: 0.9597 | Valid acc: 0.9268 | patience:   1 | Epoch time: 0.6 |

2023-01-07 21:45:42,225 - INFO -
| Epoch:     63 | Train loss: 0.0735 | Valid loss: 0.1258 | Train acc: 0.9516 | Valid acc: 0.9268 | patience:   2 | Epoch time: 0.6 |

2023-01-07 21:45:42,788 - INFO -
| Epoch:     64 | Train loss: 0.0713 | Valid loss: 0.1278 | Train acc: 0.9516 | Valid acc: 0.9512 | patience:   3 | Epoch time: 0.6 |

2023-01-07 21:45:43,349 - INFO -
| Epoch:     65 | Train loss: 0.0717 | Valid loss: 0.1265 | Train acc: 0.9597 | Valid acc: 0.9512 | patience:   4 | Epoch time: 0.6 |

2023-01-07 21:45:43,914 - INFO -
| Epoch:     66 | Train loss: 0.0710 | Valid loss: 0.1220 | Train acc: 0.9597 | Valid acc: 0.9512 | patience:   5 | Epoch time: 0.6 |

2023-01-07 21:45:44,479 - INFO -
| Epoch:     67 | Train loss: 0.0684 | Valid loss: 0.1108 | Train acc: 0.9597 | Valid acc: 0.9512 | patience:   0 | Epoch time: 0.6 |

2023-01-07 21:45:45,045 - INFO -
| Epoch:     68 | Train loss: 0.0655 | Valid loss: 0.1042 | Train acc: 0.9677 | Valid acc: 0.9512 | patience:   0 | Epoch time: 0.6 |

2023-01-07 21:45:45,609 - INFO -
| Epoch:     69 | Train loss: 0.0716 | Valid loss: 0.1169 | Train acc: 0.9677 | Valid acc: 0.9512 | patience:   1 | Epoch time: 0.6 |

2023-01-07 21:45:46,171 - INFO -
| Epoch:     70 | Train loss: 0.0656 | Valid loss: 0.1229 | Train acc: 0.9597 | Valid acc: 0.9512 | patience:   2 | Epoch time: 0.6 |

2023-01-07 21:45:46,733 - INFO -
| Epoch:     71 | Train loss: 0.0666 | Valid loss: 0.1173 | Train acc: 0.9597 | Valid acc: 0.9512 | patience:   3 | Epoch time: 0.6 |

2023-01-07 21:45:47,295 - INFO -
| Epoch:     72 | Train loss: 0.0652 | Valid loss: 0.1043 | Train acc: 0.9597 | Valid acc: 0.9512 | patience:   4 | Epoch time: 0.6 |

2023-01-07 21:45:47,858 - INFO -
| Epoch:     73 | Train loss: 0.0642 | Valid loss: 0.1043 | Train acc: 0.9677 | Valid acc: 0.9512 | patience:   5 | Epoch time: 0.6 |

2023-01-07 21:45:48,422 - INFO -
| Epoch:     74 | Train loss: 0.0635 | Valid loss: 0.1105 | Train acc: 0.9677 | Valid acc: 0.9512 | patience:   6 | Epoch time: 0.6 |

2023-01-07 21:45:48,984 - INFO -
| Epoch:     75 | Train loss: 0.0629 | Valid loss: 0.1134 | Train acc: 0.9597 | Valid acc: 0.9512 | patience:   7 | Epoch time: 0.6 |

2023-01-07 21:45:49,547 - INFO -
| Epoch:     76 | Train loss: 0.0627 | Valid loss: 0.1071 | Train acc: 0.9677 | Valid acc: 0.9512 | patience:   8 | Epoch time: 0.6 |

2023-01-07 21:45:50,112 - INFO -
| Epoch:     77 | Train loss: 0.0616 | Valid loss: 0.0962 | Train acc: 0.9677 | Valid acc: 0.9512 | patience:   0 | Epoch time: 0.6 |

2023-01-07 21:45:50,674 - INFO -
| Epoch:     78 | Train loss: 0.0634 | Valid loss: 0.0979 | Train acc: 0.9677 | Valid acc: 0.9512 | patience:   1 | Epoch time: 0.6 |

2023-01-07 21:45:51,236 - INFO -
| Epoch:     79 | Train loss: 0.0623 | Valid loss: 0.1074 | Train acc: 0.9677 | Valid acc: 0.9512 | patience:   2 | Epoch time: 0.6 |

2023-01-07 21:45:51,798 - INFO -
| Epoch:     80 | Train loss: 0.0606 | Valid loss: 0.1172 | Train acc: 0.9597 | Valid acc: 0.9512 | patience:   3 | Epoch time: 0.6 |

2023-01-07 21:45:52,361 - INFO -
| Epoch:     81 | Train loss: 0.0643 | Valid loss: 0.1112 | Train acc: 0.9516 | Valid acc: 0.9512 | patience:   4 | Epoch time: 0.6 |

2023-01-07 21:45:52,924 - INFO -
| Epoch:     82 | Train loss: 0.0634 | Valid loss: 0.0971 | Train acc: 0.9597 | Valid acc: 0.9512 | patience:   5 | Epoch time: 0.6 |

2023-01-07 21:45:53,489 - INFO -
| Epoch:     83 | Train loss: 0.0598 | Valid loss: 0.0881 | Train acc: 0.9677 | Valid acc: 0.9512 | patience:   0 | Epoch time: 0.6 |

2023-01-07 21:45:54,051 - INFO -
| Epoch:     84 | Train loss: 0.0640 | Valid loss: 0.1000 | Train acc: 0.9677 | Valid acc: 0.9512 | patience:   1 | Epoch time: 0.6 |

2023-01-07 21:45:54,614 - INFO -
| Epoch:     85 | Train loss: 0.0606 | Valid loss: 0.1223 | Train acc: 0.9677 | Valid acc: 0.9512 | patience:   2 | Epoch time: 0.6 |

2023-01-07 21:45:55,178 - INFO -
| Epoch:     86 | Train loss: 0.0606 | Valid loss: 0.1279 | Train acc: 0.9597 | Valid acc: 0.9512 | patience:   3 | Epoch time: 0.6 |

2023-01-07 21:45:55,742 - INFO -
| Epoch:     87 | Train loss: 0.0626 | Valid loss: 0.1107 | Train acc: 0.9597 | Valid acc: 0.9512 | patience:   4 | Epoch time: 0.6 |

2023-01-07 21:45:56,306 - INFO -
| Epoch:     88 | Train loss: 0.0583 | Valid loss: 0.0905 | Train acc: 0.9597 | Valid acc: 0.9512 | patience:   5 | Epoch time: 0.6 |

2023-01-07 21:45:56,869 - INFO -
| Epoch:     89 | Train loss: 0.0590 | Valid loss: 0.0894 | Train acc: 0.9677 | Valid acc: 0.9512 | patience:   6 | Epoch time: 0.6 |

2023-01-07 21:45:57,432 - INFO -
| Epoch:     90 | Train loss: 0.0596 | Valid loss: 0.0996 | Train acc: 0.9677 | Valid acc: 0.9512 | patience:   7 | Epoch time: 0.6 |

2023-01-07 21:45:57,995 - INFO -
| Epoch:     91 | Train loss: 0.0561 | Valid loss: 0.1187 | Train acc: 0.9677 | Valid acc: 0.9512 | patience:   8 | Epoch time: 0.6 |

2023-01-07 21:45:58,559 - INFO -
| Epoch:     92 | Train loss: 0.0563 | Valid loss: 0.1230 | Train acc: 0.9597 | Valid acc: 0.9512 | patience:   9 | Epoch time: 0.6 |

2023-01-07 21:45:59,122 - INFO -
| Epoch:     93 | Train loss: 0.0567 | Valid loss: 0.1101 | Train acc: 0.9597 | Valid acc: 0.9512 | patience:  10 | Epoch time: 0.6 |

2023-01-07 21:45:59,685 - INFO -
| Epoch:     94 | Train loss: 0.0532 | Valid loss: 0.0971 | Train acc: 0.9597 | Valid acc: 0.9512 | patience:  11 | Epoch time: 0.6 |

2023-01-07 21:46:00,248 - INFO -
| Epoch:     95 | Train loss: 0.0551 | Valid loss: 0.0992 | Train acc: 0.9677 | Valid acc: 0.9512 | patience:  12 | Epoch time: 0.6 |

2023-01-07 21:46:00,811 - INFO -
| Epoch:     96 | Train loss: 0.0550 | Valid loss: 0.1152 | Train acc: 0.9677 | Valid acc: 0.9512 | patience:  13 | Epoch time: 0.6 |

2023-01-07 21:46:01,374 - INFO -
| Epoch:     97 | Train loss: 0.0509 | Valid loss: 0.1400 | Train acc: 0.9677 | Valid acc: 0.9512 | patience:  14 | Epoch time: 0.6 |

2023-01-07 21:46:01,936 - INFO -
| Epoch:     98 | Train loss: 0.0519 | Valid loss: 0.1476 | Train acc: 0.9677 | Valid acc: 0.9512 | patience:  15 | Epoch time: 0.6 |

2023-01-07 21:46:02,499 - INFO -
| Epoch:     99 | Train loss: 0.0521 | Valid loss: 0.1328 | Train acc: 0.9677 | Valid acc: 0.9512 | patience:  16 | Epoch time: 0.6 |

2023-01-07 21:46:03,062 - INFO -
| Epoch:    100 | Train loss: 0.0474 | Valid loss: 0.1203 | Train acc: 0.9677 | Valid acc: 0.9512 | patience:  17 | Epoch time: 0.6 |

2023-01-07 21:46:03,626 - INFO -
| Epoch:    101 | Train loss: 0.0467 | Valid loss: 0.1258 | Train acc: 0.9677 | Valid acc: 0.9512 | patience:  18 | Epoch time: 0.6 |

2023-01-07 21:46:04,189 - INFO -
| Epoch:    102 | Train loss: 0.0466 | Valid loss: 0.1365 | Train acc: 0.9677 | Valid acc: 0.9512 | patience:  19 | Epoch time: 0.6 |

2023-01-07 21:46:04,751 - INFO -
| Epoch:    103 | Train loss: 0.0454 | Valid loss: 0.1449 | Train acc: 0.9758 | Valid acc: 0.9512 | patience:  20 | Epoch time: 0.6 |

2023-01-07 21:46:05,313 - INFO -
| Epoch:    104 | Train loss: 0.0431 | Valid loss: 0.1540 | Train acc: 0.9839 | Valid acc: 0.9512 | patience:  21 | Epoch time: 0.6 |

2023-01-07 21:46:05,876 - INFO -
| Epoch:    105 | Train loss: 0.0420 | Valid loss: 0.1803 | Train acc: 0.9839 | Valid acc: 0.9268 | patience:  22 | Epoch time: 0.6 |

2023-01-07 21:46:06,440 - INFO -
| Epoch:    106 | Train loss: 0.0438 | Valid loss: 0.1642 | Train acc: 0.9839 | Valid acc: 0.9268 | patience:  23 | Epoch time: 0.6 |

2023-01-07 21:46:07,002 - INFO -
| Epoch:    107 | Train loss: 0.0404 | Valid loss: 0.1549 | Train acc: 0.9839 | Valid acc: 0.9512 | patience:  24 | Epoch time: 0.6 |

2023-01-07 21:46:07,564 - INFO -
| Epoch:    108 | Train loss: 0.0387 | Valid loss: 0.1960 | Train acc: 0.9839 | Valid acc: 0.9024 | patience:  25 | Epoch time: 0.6 |

2023-01-07 21:46:08,127 - INFO -
| Epoch:    109 | Train loss: 0.0438 | Valid loss: 0.1417 | Train acc: 0.9839 | Valid acc: 0.9512 | patience:  26 | Epoch time: 0.6 |

2023-01-07 21:46:08,689 - INFO -
| Epoch:    110 | Train loss: 0.0414 | Valid loss: 0.1399 | Train acc: 0.9839 | Valid acc: 0.9512 | patience:  27 | Epoch time: 0.6 |

2023-01-07 21:46:09,253 - INFO -
| Epoch:    111 | Train loss: 0.0406 | Valid loss: 0.1834 | Train acc: 0.9839 | Valid acc: 0.9268 | patience:  28 | Epoch time: 0.6 |

2023-01-07 21:46:09,816 - INFO -
| Epoch:    112 | Train loss: 0.0368 | Valid loss: 0.1577 | Train acc: 0.9839 | Valid acc: 0.9268 | patience:  29 | Epoch time: 0.6 |

2023-01-07 21:46:10,379 - INFO -
| Epoch:    113 | Train loss: 0.0333 | Valid loss: 0.1479 | Train acc: 0.9839 | Valid acc: 0.9268 | patience:  30 | Epoch time: 0.6 |

2023-01-07 21:46:10,942 - INFO -
| Epoch:    114 | Train loss: 0.0327 | Valid loss: 0.1362 | Train acc: 0.9839 | Valid acc: 0.9268 | patience:  31 | Epoch time: 0.6 |

2023-01-07 21:46:11,504 - INFO -
| Epoch:    115 | Train loss: 0.0325 | Valid loss: 0.1380 | Train acc: 0.9839 | Valid acc: 0.9268 | patience:  32 | Epoch time: 0.6 |

2023-01-07 21:46:12,066 - INFO -
| Epoch:    116 | Train loss: 0.0323 | Valid loss: 0.1471 | Train acc: 0.9839 | Valid acc: 0.9268 | patience:  33 | Epoch time: 0.6 |

2023-01-07 21:46:12,628 - INFO -
| Epoch:    117 | Train loss: 0.0314 | Valid loss: 0.1564 | Train acc: 0.9839 | Valid acc: 0.9268 | patience:  34 | Epoch time: 0.6 |

2023-01-07 21:46:13,191 - INFO -
| Epoch:    118 | Train loss: 0.0314 | Valid loss: 0.1460 | Train acc: 0.9839 | Valid acc: 0.9268 | patience:  35 | Epoch time: 0.6 |

2023-01-07 21:46:13,755 - INFO -
| Epoch:    119 | Train loss: 0.0301 | Valid loss: 0.1408 | Train acc: 0.9839 | Valid acc: 0.9268 | patience:  36 | Epoch time: 0.6 |

2023-01-07 21:46:14,319 - INFO -
| Epoch:    120 | Train loss: 0.0297 | Valid loss: 0.1464 | Train acc: 0.9839 | Valid acc: 0.9268 | patience:  37 | Epoch time: 0.6 |

2023-01-07 21:46:14,882 - INFO -
| Epoch:    121 | Train loss: 0.0288 | Valid loss: 0.1492 | Train acc: 0.9839 | Valid acc: 0.9268 | patience:  38 | Epoch time: 0.6 |

2023-01-07 21:46:15,446 - INFO -
| Epoch:    122 | Train loss: 0.0283 | Valid loss: 0.1610 | Train acc: 0.9839 | Valid acc: 0.9268 | patience:  39 | Epoch time: 0.6 |

2023-01-07 21:46:16,009 - INFO -
| Epoch:    123 | Train loss: 0.0290 | Valid loss: 0.1425 | Train acc: 0.9839 | Valid acc: 0.9268 | patience:  40 | Epoch time: 0.6 |

2023-01-07 21:46:16,572 - INFO -
| Epoch:    124 | Train loss: 0.0290 | Valid loss: 0.1635 | Train acc: 0.9839 | Valid acc: 0.9268 | patience:  41 | Epoch time: 0.6 |

2023-01-07 21:46:17,135 - INFO -
| Epoch:    125 | Train loss: 0.0287 | Valid loss: 0.1317 | Train acc: 0.9839 | Valid acc: 0.9268 | patience:  42 | Epoch time: 0.6 |

2023-01-07 21:46:17,698 - INFO -
| Epoch:    126 | Train loss: 0.0512 | Valid loss: 0.2800 | Train acc: 0.9919 | Valid acc: 0.8293 | patience:  43 | Epoch time: 0.6 |

2023-01-07 21:46:18,260 - INFO -
| Epoch:    127 | Train loss: 0.0676 | Valid loss: 0.1572 | Train acc: 0.9597 | Valid acc: 0.9268 | patience:  44 | Epoch time: 0.6 |

2023-01-07 21:46:18,823 - INFO -
| Epoch:    128 | Train loss: 0.0276 | Valid loss: 0.1312 | Train acc: 0.9839 | Valid acc: 0.9268 | patience:  45 | Epoch time: 0.6 |

2023-01-07 21:46:19,386 - INFO -
| Epoch:    129 | Train loss: 0.0717 | Valid loss: 0.1929 | Train acc: 0.9597 | Valid acc: 0.9268 | patience:  46 | Epoch time: 0.6 |

2023-01-07 21:46:19,950 - INFO -
| Epoch:    130 | Train loss: 0.0368 | Valid loss: 0.2598 | Train acc: 0.9919 | Valid acc: 0.8293 | patience:  47 | Epoch time: 0.6 |

2023-01-07 21:46:20,514 - INFO -
| Epoch:    131 | Train loss: 0.0588 | Valid loss: 0.1430 | Train acc: 0.9597 | Valid acc: 0.9268 | patience:  48 | Epoch time: 0.6 |

2023-01-07 21:46:21,077 - INFO -
| Epoch:    132 | Train loss: 0.0276 | Valid loss: 0.1135 | Train acc: 0.9839 | Valid acc: 0.9268 | patience:  49 | Epoch time: 0.6 |

2023-01-07 21:46:21,640 - INFO -
| Epoch:    133 | Train loss: 0.0522 | Valid loss: 0.1246 | Train acc: 0.9758 | Valid acc: 0.9268 | patience:  50 | Epoch time: 0.6 |

2023-01-07 21:46:22,203 - INFO -
| Epoch:    134 | Train loss: 0.0310 | Valid loss: 0.1652 | Train acc: 0.9758 | Valid acc: 0.9268 | patience:  51 | Epoch time: 0.6 |

2023-01-07 21:46:22,766 - INFO -
| Epoch:    135 | Train loss: 0.0311 | Valid loss: 0.2074 | Train acc: 0.9839 | Valid acc: 0.8780 | patience:  52 | Epoch time: 0.6 |

2023-01-07 21:46:23,330 - INFO -
| Epoch:    136 | Train loss: 0.0421 | Valid loss: 0.1484 | Train acc: 0.9839 | Valid acc: 0.9268 | patience:  53 | Epoch time: 0.6 |

2023-01-07 21:46:23,894 - INFO -
| Epoch:    137 | Train loss: 0.0286 | Valid loss: 0.1187 | Train acc: 0.9839 | Valid acc: 0.9268 | patience:  54 | Epoch time: 0.6 |

2023-01-07 21:46:24,457 - INFO -
| Epoch:    138 | Train loss: 0.0338 | Valid loss: 0.1164 | Train acc: 0.9758 | Valid acc: 0.9268 | patience:  55 | Epoch time: 0.6 |

2023-01-07 21:46:25,019 - INFO -
| Epoch:    139 | Train loss: 0.0397 | Valid loss: 0.1371 | Train acc: 0.9758 | Valid acc: 0.9268 | patience:  56 | Epoch time: 0.6 |

2023-01-07 21:46:25,583 - INFO -
| Epoch:    140 | Train loss: 0.0276 | Valid loss: 0.1837 | Train acc: 0.9839 | Valid acc: 0.9268 | patience:  57 | Epoch time: 0.6 |

2023-01-07 21:46:26,146 - INFO -
| Epoch:    141 | Train loss: 0.0340 | Valid loss: 0.2154 | Train acc: 0.9839 | Valid acc: 0.8780 | patience:  58 | Epoch time: 0.6 |

2023-01-07 21:46:26,709 - INFO -
| Epoch:    142 | Train loss: 0.0399 | Valid loss: 0.1558 | Train acc: 0.9839 | Valid acc: 0.9268 | patience:  59 | Epoch time: 0.6 |

2023-01-07 21:46:27,272 - INFO -
| Epoch:    143 | Train loss: 0.0275 | Valid loss: 0.1223 | Train acc: 0.9839 | Valid acc: 0.9268 | patience:  60 | Epoch time: 0.6 |

2023-01-07 21:46:27,835 - INFO -
| Epoch:    144 | Train loss: 0.0344 | Valid loss: 0.1201 | Train acc: 0.9839 | Valid acc: 0.9268 | patience:  61 | Epoch time: 0.6 |

2023-01-07 21:46:28,399 - INFO -
| Epoch:    145 | Train loss: 0.0412 | Valid loss: 0.1412 | Train acc: 0.9839 | Valid acc: 0.9268 | patience:  62 | Epoch time: 0.6 |

2023-01-07 21:46:28,962 - INFO -
| Epoch:    146 | Train loss: 0.0291 | Valid loss: 0.1860 | Train acc: 0.9839 | Valid acc: 0.9268 | patience:  63 | Epoch time: 0.6 |

2023-01-07 21:46:29,525 - INFO -
| Epoch:    147 | Train loss: 0.0353 | Valid loss: 0.2159 | Train acc: 0.9839 | Valid acc: 0.8780 | patience:  64 | Epoch time: 0.6 |

2023-01-07 21:46:30,088 - INFO -
| Epoch:    148 | Train loss: 0.0386 | Valid loss: 0.1621 | Train acc: 0.9839 | Valid acc: 0.9268 | patience:  65 | Epoch time: 0.6 |

2023-01-07 21:46:30,652 - INFO -
| Epoch:    149 | Train loss: 0.0296 | Valid loss: 0.1286 | Train acc: 0.9839 | Valid acc: 0.9268 | patience:  66 | Epoch time: 0.6 |

2023-01-07 21:46:31,217 - INFO -
| Epoch:    150 | Train loss: 0.0313 | Valid loss: 0.1251 | Train acc: 0.9839 | Valid acc: 0.9268 | patience:  67 | Epoch time: 0.6 |

2023-01-07 21:46:31,779 - INFO -
| Epoch:    151 | Train loss: 0.0370 | Valid loss: 0.1410 | Train acc: 0.9839 | Valid acc: 0.9268 | patience:  68 | Epoch time: 0.6 |

2023-01-07 21:46:32,343 - INFO -
| Epoch:    152 | Train loss: 0.0288 | Valid loss: 0.1761 | Train acc: 0.9839 | Valid acc: 0.9268 | patience:  69 | Epoch time: 0.6 |

2023-01-07 21:46:32,907 - INFO -
| Epoch:    153 | Train loss: 0.0304 | Valid loss: 0.2030 | Train acc: 0.9839 | Valid acc: 0.8780 | patience:  70 | Epoch time: 0.6 |

2023-01-07 21:46:33,470 - INFO -
| Epoch:    154 | Train loss: 0.0340 | Valid loss: 0.1537 | Train acc: 0.9839 | Valid acc: 0.9268 | patience:  71 | Epoch time: 0.6 |

2023-01-07 21:46:34,033 - INFO -
| Epoch:    155 | Train loss: 0.0264 | Valid loss: 0.1291 | Train acc: 0.9839 | Valid acc: 0.9268 | patience:  72 | Epoch time: 0.6 |

2023-01-07 21:46:34,596 - INFO -
| Epoch:    156 | Train loss: 0.0302 | Valid loss: 0.1254 | Train acc: 0.9839 | Valid acc: 0.9268 | patience:  73 | Epoch time: 0.6 |

2023-01-07 21:46:35,159 - INFO -
| Epoch:    157 | Train loss: 0.0351 | Valid loss: 0.1352 | Train acc: 0.9839 | Valid acc: 0.9268 | patience:  74 | Epoch time: 0.6 |

2023-01-07 21:46:35,723 - INFO -
| Epoch:    158 | Train loss: 0.0292 | Valid loss: 0.1589 | Train acc: 0.9839 | Valid acc: 0.9268 | patience:  75 | Epoch time: 0.6 |

2023-01-07 21:46:36,286 - INFO -
| Epoch:    159 | Train loss: 0.0272 | Valid loss: 0.1901 | Train acc: 0.9839 | Valid acc: 0.9268 | patience:  76 | Epoch time: 0.6 |

2023-01-07 21:46:36,850 - INFO -
| Epoch:    160 | Train loss: 0.0313 | Valid loss: 0.1557 | Train acc: 0.9839 | Valid acc: 0.9268 | patience:  77 | Epoch time: 0.6 |

2023-01-07 21:46:37,414 - INFO -
| Epoch:    161 | Train loss: 0.0258 | Valid loss: 0.1313 | Train acc: 0.9839 | Valid acc: 0.9268 | patience:  78 | Epoch time: 0.6 |

2023-01-07 21:46:37,977 - INFO -
| Epoch:    162 | Train loss: 0.0270 | Valid loss: 0.1250 | Train acc: 0.9839 | Valid acc: 0.9268 | patience:  79 | Epoch time: 0.6 |

2023-01-07 21:46:38,540 - INFO -
| Epoch:    163 | Train loss: 0.0301 | Valid loss: 0.1296 | Train acc: 0.9839 | Valid acc: 0.9268 | patience:  80 | Epoch time: 0.6 |

2023-01-07 21:46:39,103 - INFO -
| Epoch:    164 | Train loss: 0.0274 | Valid loss: 0.1427 | Train acc: 0.9839 | Valid acc: 0.9268 | patience:  81 | Epoch time: 0.6 |

2023-01-07 21:46:39,666 - INFO -
| Epoch:    165 | Train loss: 0.0236 | Valid loss: 0.1707 | Train acc: 0.9839 | Valid acc: 0.9268 | patience:  82 | Epoch time: 0.6 |

2023-01-07 21:46:40,230 - INFO -
| Epoch:    166 | Train loss: 0.0264 | Valid loss: 0.1779 | Train acc: 0.9839 | Valid acc: 0.9268 | patience:  83 | Epoch time: 0.6 |

2023-01-07 21:46:40,794 - INFO -
| Epoch:    167 | Train loss: 0.0274 | Valid loss: 0.1480 | Train acc: 0.9839 | Valid acc: 0.9268 | patience:  84 | Epoch time: 0.6 |

2023-01-07 21:46:41,356 - INFO -
| Epoch:    168 | Train loss: 0.0233 | Valid loss: 0.1338 | Train acc: 0.9839 | Valid acc: 0.9268 | patience:  85 | Epoch time: 0.6 |

2023-01-07 21:46:41,918 - INFO -
| Epoch:    169 | Train loss: 0.0265 | Valid loss: 0.1291 | Train acc: 0.9839 | Valid acc: 0.9268 | patience:  86 | Epoch time: 0.6 |

2023-01-07 21:46:42,481 - INFO -
| Epoch:    170 | Train loss: 0.0280 | Valid loss: 0.1360 | Train acc: 0.9839 | Valid acc: 0.9268 | patience:  87 | Epoch time: 0.6 |

2023-01-07 21:46:43,044 - INFO -
| Epoch:    171 | Train loss: 0.0262 | Valid loss: 0.1512 | Train acc: 0.9839 | Valid acc: 0.9268 | patience:  88 | Epoch time: 0.6 |

2023-01-07 21:46:43,607 - INFO -
| Epoch:    172 | Train loss: 0.0244 | Valid loss: 0.1728 | Train acc: 0.9839 | Valid acc: 0.9268 | patience:  89 | Epoch time: 0.6 |

2023-01-07 21:46:44,171 - INFO -
| Epoch:    173 | Train loss: 0.0256 | Valid loss: 0.1601 | Train acc: 0.9839 | Valid acc: 0.9268 | patience:  90 | Epoch time: 0.6 |

2023-01-07 21:46:44,734 - INFO -
| Epoch:    174 | Train loss: 0.0282 | Valid loss: 0.1393 | Train acc: 0.9839 | Valid acc: 0.9268 | patience:  91 | Epoch time: 0.6 |

2023-01-07 21:46:45,297 - INFO -
| Epoch:    175 | Train loss: 0.0224 | Valid loss: 0.1368 | Train acc: 0.9839 | Valid acc: 0.9268 | patience:  92 | Epoch time: 0.6 |

2023-01-07 21:46:45,863 - INFO -
| Epoch:    176 | Train loss: 0.0252 | Valid loss: 0.1398 | Train acc: 0.9839 | Valid acc: 0.9268 | patience:  93 | Epoch time: 0.6 |

2023-01-07 21:46:46,427 - INFO -
| Epoch:    177 | Train loss: 0.0254 | Valid loss: 0.1495 | Train acc: 0.9839 | Valid acc: 0.9268 | patience:  94 | Epoch time: 0.6 |

2023-01-07 21:46:46,989 - INFO -
| Epoch:    178 | Train loss: 0.0245 | Valid loss: 0.1563 | Train acc: 0.9839 | Valid acc: 0.9268 | patience:  95 | Epoch time: 0.6 |

2023-01-07 21:46:47,551 - INFO -
| Epoch:    179 | Train loss: 0.0241 | Valid loss: 0.1508 | Train acc: 0.9839 | Valid acc: 0.9268 | patience:  96 | Epoch time: 0.6 |

2023-01-07 21:46:48,114 - INFO -
| Epoch:    180 | Train loss: 0.0213 | Valid loss: 0.1360 | Train acc: 0.9839 | Valid acc: 0.9268 | patience:  97 | Epoch time: 0.6 |

2023-01-07 21:46:48,677 - INFO -
| Epoch:    181 | Train loss: 0.0246 | Valid loss: 0.1328 | Train acc: 0.9839 | Valid acc: 0.9268 | patience:  98 | Epoch time: 0.6 |

2023-01-07 21:46:49,240 - INFO -
| Epoch:    182 | Train loss: 0.0234 | Valid loss: 0.1397 | Train acc: 0.9839 | Valid acc: 0.9268 | patience:  99 | Epoch time: 0.6 |

2023-01-07 21:46:49,803 - INFO -
| Epoch:    183 | Train loss: 0.0231 | Valid loss: 0.1562 | Train acc: 0.9839 | Valid acc: 0.9268 | patience: 100 | Epoch time: 0.6 |

2023-01-07 21:46:50,367 - INFO -
| Epoch:    184 | Train loss: 0.0235 | Valid loss: 0.1420 | Train acc: 0.9839 | Valid acc: 0.9268 | patience: 101 | Epoch time: 0.6 |

2023-01-07 21:46:50,930 - INFO -
| Epoch:    185 | Train loss: 0.0210 | Valid loss: 0.1377 | Train acc: 0.9839 | Valid acc: 0.9268 | patience: 102 | Epoch time: 0.6 |

2023-01-07 21:46:51,493 - INFO -
| Epoch:    186 | Train loss: 0.0256 | Valid loss: 0.1446 | Train acc: 0.9839 | Valid acc: 0.9268 | patience: 103 | Epoch time: 0.6 |

2023-01-07 21:46:52,055 - INFO -
| Epoch:    187 | Train loss: 0.0207 | Valid loss: 0.1514 | Train acc: 0.9839 | Valid acc: 0.9268 | patience: 104 | Epoch time: 0.6 |

2023-01-07 21:46:52,618 - INFO -
| Epoch:    188 | Train loss: 0.0232 | Valid loss: 0.1436 | Train acc: 0.9839 | Valid acc: 0.9268 | patience: 105 | Epoch time: 0.6 |

2023-01-07 21:46:53,181 - INFO -
| Epoch:    189 | Train loss: 0.0241 | Valid loss: 0.1411 | Train acc: 0.9839 | Valid acc: 0.9268 | patience: 106 | Epoch time: 0.6 |

2023-01-07 21:46:53,745 - INFO -
| Epoch:    190 | Train loss: 0.0250 | Valid loss: 0.1486 | Train acc: 0.9839 | Valid acc: 0.9268 | patience: 107 | Epoch time: 0.6 |

2023-01-07 21:46:54,309 - INFO -
| Epoch:    191 | Train loss: 0.0238 | Valid loss: 0.1476 | Train acc: 0.9839 | Valid acc: 0.9268 | patience: 108 | Epoch time: 0.6 |

2023-01-07 21:46:54,873 - INFO -
| Epoch:    192 | Train loss: 0.0223 | Valid loss: 0.1395 | Train acc: 0.9839 | Valid acc: 0.9268 | patience: 109 | Epoch time: 0.6 |

2023-01-07 21:46:55,439 - INFO -
| Epoch:    193 | Train loss: 0.0207 | Valid loss: 0.1385 | Train acc: 0.9839 | Valid acc: 0.9268 | patience: 110 | Epoch time: 0.6 |

2023-01-07 21:46:56,003 - INFO -
| Epoch:    194 | Train loss: 0.0202 | Valid loss: 0.1454 | Train acc: 0.9839 | Valid acc: 0.9268 | patience: 111 | Epoch time: 0.6 |

2023-01-07 21:46:56,566 - INFO -
| Epoch:    195 | Train loss: 0.0201 | Valid loss: 0.1435 | Train acc: 0.9839 | Valid acc: 0.9268 | patience: 112 | Epoch time: 0.6 |

2023-01-07 21:46:57,129 - INFO -
| Epoch:    196 | Train loss: 0.0206 | Valid loss: 0.1400 | Train acc: 0.9839 | Valid acc: 0.9268 | patience: 113 | Epoch time: 0.6 |

2023-01-07 21:46:57,692 - INFO -
| Epoch:    197 | Train loss: 0.0207 | Valid loss: 0.1408 | Train acc: 0.9839 | Valid acc: 0.9268 | patience: 114 | Epoch time: 0.6 |

2023-01-07 21:46:58,257 - INFO -
| Epoch:    198 | Train loss: 0.0199 | Valid loss: 0.1408 | Train acc: 0.9839 | Valid acc: 0.9268 | patience: 115 | Epoch time: 0.6 |

2023-01-07 21:46:58,821 - INFO -
| Epoch:    199 | Train loss: 0.0217 | Valid loss: 0.1416 | Train acc: 0.9839 | Valid acc: 0.9268 | patience: 116 | Epoch time: 0.6 |

2023-01-07 21:46:59,384 - INFO -
| Epoch:    200 | Train loss: 0.0207 | Valid loss: 0.1424 | Train acc: 0.9839 | Valid acc: 0.9268 | patience: 117 | Epoch time: 0.6 |

2023-01-07 21:46:59,946 - INFO -
| Epoch:    201 | Train loss: 0.0218 | Valid loss: 0.1375 | Train acc: 0.9839 | Valid acc: 0.9268 | patience: 118 | Epoch time: 0.6 |

2023-01-07 21:47:00,509 - INFO -
| Epoch:    202 | Train loss: 0.0217 | Valid loss: 0.1444 | Train acc: 0.9839 | Valid acc: 0.9268 | patience: 119 | Epoch time: 0.6 |

2023-01-07 21:47:01,072 - INFO -
| Epoch:    203 | Train loss: 0.0204 | Valid loss: 0.1398 | Train acc: 0.9839 | Valid acc: 0.9268 | patience: 120 | Epoch time: 0.6 |

2023-01-07 21:47:01,634 - INFO -
| Epoch:    204 | Train loss: 0.0227 | Valid loss: 0.1416 | Train acc: 0.9839 | Valid acc: 0.9268 | patience: 121 | Epoch time: 0.6 |

2023-01-07 21:47:02,197 - INFO -
| Epoch:    205 | Train loss: 0.0198 | Valid loss: 0.1396 | Train acc: 0.9839 | Valid acc: 0.9268 | patience: 122 | Epoch time: 0.6 |

2023-01-07 21:47:02,759 - INFO -
| Epoch:    206 | Train loss: 0.0210 | Valid loss: 0.1402 | Train acc: 0.9839 | Valid acc: 0.9268 | patience: 123 | Epoch time: 0.6 |

2023-01-07 21:47:03,321 - INFO -
| Epoch:    207 | Train loss: 0.0216 | Valid loss: 0.1391 | Train acc: 0.9839 | Valid acc: 0.9268 | patience: 124 | Epoch time: 0.6 |

2023-01-07 21:47:03,883 - INFO -
| Epoch:    208 | Train loss: 0.0211 | Valid loss: 0.1412 | Train acc: 0.9839 | Valid acc: 0.9268 | patience: 125 | Epoch time: 0.6 |

2023-01-07 21:47:04,447 - INFO -
| Epoch:    209 | Train loss: 0.0197 | Valid loss: 0.1393 | Train acc: 0.9839 | Valid acc: 0.9268 | patience: 126 | Epoch time: 0.6 |

2023-01-07 21:47:05,010 - INFO -
| Epoch:    210 | Train loss: 0.0211 | Valid loss: 0.1406 | Train acc: 0.9839 | Valid acc: 0.9268 | patience: 127 | Epoch time: 0.6 |

2023-01-07 21:47:05,573 - INFO -
| Epoch:    211 | Train loss: 0.0202 | Valid loss: 0.1373 | Train acc: 0.9839 | Valid acc: 0.9268 | patience: 128 | Epoch time: 0.6 |

2023-01-07 21:47:06,137 - INFO -
| Epoch:    212 | Train loss: 0.0208 | Valid loss: 0.1445 | Train acc: 0.9839 | Valid acc: 0.9268 | patience: 129 | Epoch time: 0.6 |

2023-01-07 21:47:06,700 - INFO -
| Epoch:    213 | Train loss: 0.0221 | Valid loss: 0.1380 | Train acc: 0.9839 | Valid acc: 0.9268 | patience: 130 | Epoch time: 0.6 |

2023-01-07 21:47:07,263 - INFO -
| Epoch:    214 | Train loss: 0.0210 | Valid loss: 0.1392 | Train acc: 0.9839 | Valid acc: 0.9268 | patience: 131 | Epoch time: 0.6 |

2023-01-07 21:47:07,825 - INFO -
| Epoch:    215 | Train loss: 0.0196 | Valid loss: 0.1433 | Train acc: 0.9839 | Valid acc: 0.9268 | patience: 132 | Epoch time: 0.6 |

2023-01-07 21:47:08,389 - INFO -
| Epoch:    216 | Train loss: 0.0210 | Valid loss: 0.1349 | Train acc: 0.9839 | Valid acc: 0.9268 | patience: 133 | Epoch time: 0.6 |

2023-01-07 21:47:08,951 - INFO -
| Epoch:    217 | Train loss: 0.0204 | Valid loss: 0.1351 | Train acc: 0.9839 | Valid acc: 0.9268 | patience: 134 | Epoch time: 0.6 |

2023-01-07 21:47:09,513 - INFO -
| Epoch:    218 | Train loss: 0.0205 | Valid loss: 0.1494 | Train acc: 0.9839 | Valid acc: 0.9268 | patience: 135 | Epoch time: 0.6 |

2023-01-07 21:47:10,075 - INFO -
| Epoch:    219 | Train loss: 0.0214 | Valid loss: 0.1473 | Train acc: 0.9839 | Valid acc: 0.9268 | patience: 136 | Epoch time: 0.6 |

2023-01-07 21:47:10,639 - INFO -
| Epoch:    220 | Train loss: 0.0206 | Valid loss: 0.1319 | Train acc: 0.9839 | Valid acc: 0.9268 | patience: 137 | Epoch time: 0.6 |

2023-01-07 21:47:11,201 - INFO -
| Epoch:    221 | Train loss: 0.0220 | Valid loss: 0.1344 | Train acc: 0.9839 | Valid acc: 0.9268 | patience: 138 | Epoch time: 0.6 |

2023-01-07 21:47:11,763 - INFO -
| Epoch:    222 | Train loss: 0.0201 | Valid loss: 0.1538 | Train acc: 0.9839 | Valid acc: 0.9268 | patience: 139 | Epoch time: 0.6 |

2023-01-07 21:47:12,325 - INFO -
| Epoch:    223 | Train loss: 0.0217 | Valid loss: 0.1549 | Train acc: 0.9839 | Valid acc: 0.9268 | patience: 140 | Epoch time: 0.6 |

2023-01-07 21:47:12,887 - INFO -
| Epoch:    224 | Train loss: 0.0227 | Valid loss: 0.1335 | Train acc: 0.9839 | Valid acc: 0.9268 | patience: 141 | Epoch time: 0.6 |

2023-01-07 21:47:13,449 - INFO -
| Epoch:    225 | Train loss: 0.0208 | Valid loss: 0.1318 | Train acc: 0.9839 | Valid acc: 0.9268 | patience: 142 | Epoch time: 0.6 |

2023-01-07 21:47:14,012 - INFO -
| Epoch:    226 | Train loss: 0.0215 | Valid loss: 0.1498 | Train acc: 0.9839 | Valid acc: 0.9268 | patience: 143 | Epoch time: 0.6 |

2023-01-07 21:47:14,575 - INFO -
| Epoch:    227 | Train loss: 0.0225 | Valid loss: 0.1484 | Train acc: 0.9839 | Valid acc: 0.9268 | patience: 144 | Epoch time: 0.6 |

2023-01-07 21:47:15,138 - INFO -
| Epoch:    228 | Train loss: 0.0209 | Valid loss: 0.1315 | Train acc: 0.9839 | Valid acc: 0.9268 | patience: 145 | Epoch time: 0.6 |

2023-01-07 21:47:15,701 - INFO -
| Epoch:    229 | Train loss: 0.0223 | Valid loss: 0.1340 | Train acc: 0.9839 | Valid acc: 0.9268 | patience: 146 | Epoch time: 0.6 |

2023-01-07 21:47:16,264 - INFO -
| Epoch:    230 | Train loss: 0.0224 | Valid loss: 0.1504 | Train acc: 0.9839 | Valid acc: 0.9268 | patience: 147 | Epoch time: 0.6 |

2023-01-07 21:47:16,828 - INFO -
| Epoch:    231 | Train loss: 0.0223 | Valid loss: 0.1500 | Train acc: 0.9839 | Valid acc: 0.9268 | patience: 148 | Epoch time: 0.6 |

2023-01-07 21:47:17,392 - INFO -
| Epoch:    232 | Train loss: 0.0205 | Valid loss: 0.1350 | Train acc: 0.9839 | Valid acc: 0.9268 | patience: 149 | Epoch time: 0.6 |

2023-01-07 21:47:17,956 - INFO -
| Epoch:    233 | Train loss: 0.0222 | Valid loss: 0.1345 | Train acc: 0.9839 | Valid acc: 0.9268 | patience: 150 | Epoch time: 0.6 |

2023-01-07 21:47:18,519 - INFO -
| Epoch:    234 | Train loss: 0.0207 | Valid loss: 0.1402 | Train acc: 0.9839 | Valid acc: 0.9268 | patience: 151 | Epoch time: 0.6 |

2023-01-07 21:47:19,083 - INFO -
| Epoch:    235 | Train loss: 0.0199 | Valid loss: 0.1502 | Train acc: 0.9839 | Valid acc: 0.9268 | patience: 152 | Epoch time: 0.6 |

2023-01-07 21:47:19,645 - INFO -
| Epoch:    236 | Train loss: 0.0205 | Valid loss: 0.1450 | Train acc: 0.9839 | Valid acc: 0.9268 | patience: 153 | Epoch time: 0.6 |

2023-01-07 21:47:20,209 - INFO -
| Epoch:    237 | Train loss: 0.0198 | Valid loss: 0.1368 | Train acc: 0.9839 | Valid acc: 0.9268 | patience: 154 | Epoch time: 0.6 |

2023-01-07 21:47:20,774 - INFO -
| Epoch:    238 | Train loss: 0.0201 | Valid loss: 0.1379 | Train acc: 0.9839 | Valid acc: 0.9268 | patience: 155 | Epoch time: 0.6 |

2023-01-07 21:47:21,338 - INFO -
| Epoch:    239 | Train loss: 0.0199 | Valid loss: 0.1473 | Train acc: 0.9839 | Valid acc: 0.9268 | patience: 156 | Epoch time: 0.6 |

2023-01-07 21:47:21,901 - INFO -
| Epoch:    240 | Train loss: 0.0221 | Valid loss: 0.1528 | Train acc: 0.9839 | Valid acc: 0.9268 | patience: 157 | Epoch time: 0.6 |

2023-01-07 21:47:22,464 - INFO -
| Epoch:    241 | Train loss: 0.0206 | Valid loss: 0.1392 | Train acc: 0.9839 | Valid acc: 0.9268 | patience: 158 | Epoch time: 0.6 |

2023-01-07 21:47:23,027 - INFO -
| Epoch:    242 | Train loss: 0.0222 | Valid loss: 0.1372 | Train acc: 0.9839 | Valid acc: 0.9268 | patience: 159 | Epoch time: 0.6 |

2023-01-07 21:47:23,591 - INFO -
| Epoch:    243 | Train loss: 0.0246 | Valid loss: 0.1443 | Train acc: 0.9839 | Valid acc: 0.9268 | patience: 160 | Epoch time: 0.6 |

2023-01-07 21:47:24,156 - INFO -
| Epoch:    244 | Train loss: 0.0227 | Valid loss: 0.1525 | Train acc: 0.9839 | Valid acc: 0.9268 | patience: 161 | Epoch time: 0.6 |

2023-01-07 21:47:24,718 - INFO -
| Epoch:    245 | Train loss: 0.0220 | Valid loss: 0.1436 | Train acc: 0.9839 | Valid acc: 0.9268 | patience: 162 | Epoch time: 0.6 |

2023-01-07 21:47:25,282 - INFO -
| Epoch:    246 | Train loss: 0.0197 | Valid loss: 0.1359 | Train acc: 0.9839 | Valid acc: 0.9268 | patience: 163 | Epoch time: 0.6 |

2023-01-07 21:47:25,847 - INFO -
| Epoch:    247 | Train loss: 0.0253 | Valid loss: 0.1380 | Train acc: 0.9839 | Valid acc: 0.9268 | patience: 164 | Epoch time: 0.6 |

2023-01-07 21:47:26,410 - INFO -
| Epoch:    248 | Train loss: 0.0202 | Valid loss: 0.1465 | Train acc: 0.9839 | Valid acc: 0.9268 | patience: 165 | Epoch time: 0.6 |

2023-01-07 21:47:26,973 - INFO -
| Epoch:    249 | Train loss: 0.0207 | Valid loss: 0.1464 | Train acc: 0.9839 | Valid acc: 0.9268 | patience: 166 | Epoch time: 0.6 |

2023-01-07 21:47:27,536 - INFO -
| Epoch:    250 | Train loss: 0.0218 | Valid loss: 0.1362 | Train acc: 0.9839 | Valid acc: 0.9268 | patience: 167 | Epoch time: 0.6 |

2023-01-07 21:47:28,101 - INFO -
| Epoch:    251 | Train loss: 0.0218 | Valid loss: 0.1367 | Train acc: 0.9839 | Valid acc: 0.9268 | patience: 168 | Epoch time: 0.6 |

2023-01-07 21:47:28,664 - INFO -
| Epoch:    252 | Train loss: 0.0202 | Valid loss: 0.1450 | Train acc: 0.9839 | Valid acc: 0.9268 | patience: 169 | Epoch time: 0.6 |

2023-01-07 21:47:29,227 - INFO -
| Epoch:    253 | Train loss: 0.0206 | Valid loss: 0.1452 | Train acc: 0.9839 | Valid acc: 0.9268 | patience: 170 | Epoch time: 0.6 |

2023-01-07 21:47:29,791 - INFO -
| Epoch:    254 | Train loss: 0.0211 | Valid loss: 0.1387 | Train acc: 0.9839 | Valid acc: 0.9268 | patience: 171 | Epoch time: 0.6 |

2023-01-07 21:47:30,355 - INFO -
| Epoch:    255 | Train loss: 0.0194 | Valid loss: 0.1339 | Train acc: 0.9839 | Valid acc: 0.9268 | patience: 172 | Epoch time: 0.6 |

2023-01-07 21:47:30,918 - INFO -
| Epoch:    256 | Train loss: 0.0209 | Valid loss: 0.1445 | Train acc: 0.9839 | Valid acc: 0.9268 | patience: 173 | Epoch time: 0.6 |

2023-01-07 21:47:31,480 - INFO -
| Epoch:    257 | Train loss: 0.0206 | Valid loss: 0.1436 | Train acc: 0.9839 | Valid acc: 0.9268 | patience: 174 | Epoch time: 0.6 |

2023-01-07 21:47:32,043 - INFO -
| Epoch:    258 | Train loss: 0.0196 | Valid loss: 0.1345 | Train acc: 0.9839 | Valid acc: 0.9268 | patience: 175 | Epoch time: 0.6 |

2023-01-07 21:47:32,606 - INFO -
| Epoch:    259 | Train loss: 0.0201 | Valid loss: 0.1381 | Train acc: 0.9839 | Valid acc: 0.9268 | patience: 176 | Epoch time: 0.6 |

2023-01-07 21:47:33,170 - INFO -
| Epoch:    260 | Train loss: 0.0197 | Valid loss: 0.1456 | Train acc: 0.9839 | Valid acc: 0.9268 | patience: 177 | Epoch time: 0.6 |

2023-01-07 21:47:33,733 - INFO -
| Epoch:    261 | Train loss: 0.0197 | Valid loss: 0.1391 | Train acc: 0.9839 | Valid acc: 0.9268 | patience: 178 | Epoch time: 0.6 |

2023-01-07 21:47:34,296 - INFO -
| Epoch:    262 | Train loss: 0.0194 | Valid loss: 0.1366 | Train acc: 0.9839 | Valid acc: 0.9268 | patience: 179 | Epoch time: 0.6 |

2023-01-07 21:47:34,858 - INFO -
| Epoch:    263 | Train loss: 0.0204 | Valid loss: 0.1427 | Train acc: 0.9839 | Valid acc: 0.9268 | patience: 180 | Epoch time: 0.6 |

2023-01-07 21:47:35,422 - INFO -
| Epoch:    264 | Train loss: 0.0197 | Valid loss: 0.1462 | Train acc: 0.9839 | Valid acc: 0.9268 | patience: 181 | Epoch time: 0.6 |

2023-01-07 21:47:35,985 - INFO -
| Epoch:    265 | Train loss: 0.0197 | Valid loss: 0.1329 | Train acc: 0.9839 | Valid acc: 0.9268 | patience: 182 | Epoch time: 0.6 |

2023-01-07 21:47:36,549 - INFO -
| Epoch:    266 | Train loss: 0.0216 | Valid loss: 0.1315 | Train acc: 0.9839 | Valid acc: 0.9268 | patience: 183 | Epoch time: 0.6 |

2023-01-07 21:47:37,111 - INFO -
| Epoch:    267 | Train loss: 0.0211 | Valid loss: 0.1436 | Train acc: 0.9839 | Valid acc: 0.9268 | patience: 184 | Epoch time: 0.6 |

2023-01-07 21:47:37,673 - INFO -
| Epoch:    268 | Train loss: 0.0198 | Valid loss: 0.1574 | Train acc: 0.9839 | Valid acc: 0.9268 | patience: 185 | Epoch time: 0.6 |

2023-01-07 21:47:38,235 - INFO -
| Epoch:    269 | Train loss: 0.0234 | Valid loss: 0.1369 | Train acc: 0.9839 | Valid acc: 0.9268 | patience: 186 | Epoch time: 0.6 |

2023-01-07 21:47:38,797 - INFO -
| Epoch:    270 | Train loss: 0.0204 | Valid loss: 0.1308 | Train acc: 0.9839 | Valid acc: 0.9268 | patience: 187 | Epoch time: 0.6 |

2023-01-07 21:47:39,359 - INFO -
| Epoch:    271 | Train loss: 0.0218 | Valid loss: 0.1363 | Train acc: 0.9839 | Valid acc: 0.9268 | patience: 188 | Epoch time: 0.6 |

2023-01-07 21:47:39,924 - INFO -
| Epoch:    272 | Train loss: 0.0194 | Valid loss: 0.1606 | Train acc: 0.9839 | Valid acc: 0.9268 | patience: 189 | Epoch time: 0.6 |

2023-01-07 21:47:40,486 - INFO -
| Epoch:    273 | Train loss: 0.0234 | Valid loss: 0.1450 | Train acc: 0.9839 | Valid acc: 0.9268 | patience: 190 | Epoch time: 0.6 |

2023-01-07 21:47:41,050 - INFO -
| Epoch:    274 | Train loss: 0.0196 | Valid loss: 0.1334 | Train acc: 0.9839 | Valid acc: 0.9268 | patience: 191 | Epoch time: 0.6 |

2023-01-07 21:47:41,612 - INFO -
| Epoch:    275 | Train loss: 0.0208 | Valid loss: 0.1358 | Train acc: 0.9839 | Valid acc: 0.9268 | patience: 192 | Epoch time: 0.6 |

2023-01-07 21:47:42,173 - INFO -
| Epoch:    276 | Train loss: 0.0207 | Valid loss: 0.1407 | Train acc: 0.9839 | Valid acc: 0.9268 | patience: 193 | Epoch time: 0.6 |

2023-01-07 21:47:42,735 - INFO -
| Epoch:    277 | Train loss: 0.0198 | Valid loss: 0.1538 | Train acc: 0.9839 | Valid acc: 0.9268 | patience: 194 | Epoch time: 0.6 |

2023-01-07 21:47:43,299 - INFO -
| Epoch:    278 | Train loss: 0.0211 | Valid loss: 0.1444 | Train acc: 0.9839 | Valid acc: 0.9268 | patience: 195 | Epoch time: 0.6 |

2023-01-07 21:47:43,860 - INFO -
| Epoch:    279 | Train loss: 0.0218 | Valid loss: 0.1401 | Train acc: 0.9839 | Valid acc: 0.9268 | patience: 196 | Epoch time: 0.6 |

2023-01-07 21:47:44,423 - INFO -
| Epoch:    280 | Train loss: 0.0194 | Valid loss: 0.1378 | Train acc: 0.9839 | Valid acc: 0.9268 | patience: 197 | Epoch time: 0.6 |

2023-01-07 21:47:44,984 - INFO -
| Epoch:    281 | Train loss: 0.0209 | Valid loss: 0.1410 | Train acc: 0.9839 | Valid acc: 0.9268 | patience: 198 | Epoch time: 0.6 |

2023-01-07 21:47:45,546 - INFO -
| Epoch:    282 | Train loss: 0.0216 | Valid loss: 0.1393 | Train acc: 0.9839 | Valid acc: 0.9268 | patience: 199 | Epoch time: 0.6 |

2023-01-07 21:47:46,109 - INFO -
| Epoch:    283 | Train loss: 0.0211 | Valid loss: 0.1384 | Train acc: 0.9839 | Valid acc: 0.9268 | patience: 200 | Epoch time: 0.6 |

2023-01-07 21:47:46,672 - INFO -
| Epoch:    284 | Train loss: 0.0195 | Valid loss: 0.1385 | Train acc: 0.9839 | Valid acc: 0.9268 | patience: 201 | Epoch time: 0.6 |

2023-01-07 21:47:47,233 - INFO -
| Epoch:    285 | Train loss: 0.0195 | Valid loss: 0.1383 | Train acc: 0.9839 | Valid acc: 0.9268 | patience: 202 | Epoch time: 0.6 |

2023-01-07 21:47:47,795 - INFO -
| Epoch:    286 | Train loss: 0.0219 | Valid loss: 0.1419 | Train acc: 0.9839 | Valid acc: 0.9268 | patience: 203 | Epoch time: 0.6 |

2023-01-07 21:47:48,357 - INFO -
| Epoch:    287 | Train loss: 0.0194 | Valid loss: 0.1430 | Train acc: 0.9839 | Valid acc: 0.9268 | patience: 204 | Epoch time: 0.6 |

2023-01-07 21:47:48,921 - INFO -
| Epoch:    288 | Train loss: 0.0210 | Valid loss: 0.1337 | Train acc: 0.9839 | Valid acc: 0.9268 | patience: 205 | Epoch time: 0.6 |

2023-01-07 21:47:49,484 - INFO -
| Epoch:    289 | Train loss: 0.0225 | Valid loss: 0.1328 | Train acc: 0.9839 | Valid acc: 0.9268 | patience: 206 | Epoch time: 0.6 |

2023-01-07 21:47:50,046 - INFO -
| Epoch:    290 | Train loss: 0.0220 | Valid loss: 0.1411 | Train acc: 0.9839 | Valid acc: 0.9268 | patience: 207 | Epoch time: 0.6 |

2023-01-07 21:47:50,608 - INFO -
| Epoch:    291 | Train loss: 0.0194 | Valid loss: 0.1388 | Train acc: 0.9839 | Valid acc: 0.9268 | patience: 208 | Epoch time: 0.6 |

2023-01-07 21:47:51,171 - INFO -
| Epoch:    292 | Train loss: 0.0193 | Valid loss: 0.1385 | Train acc: 0.9839 | Valid acc: 0.9268 | patience: 209 | Epoch time: 0.6 |

2023-01-07 21:47:51,734 - INFO -
| Epoch:    293 | Train loss: 0.0211 | Valid loss: 0.1412 | Train acc: 0.9839 | Valid acc: 0.9268 | patience: 210 | Epoch time: 0.6 |

2023-01-07 21:47:52,296 - INFO -
| Epoch:    294 | Train loss: 0.0193 | Valid loss: 0.1335 | Train acc: 0.9839 | Valid acc: 0.9268 | patience: 211 | Epoch time: 0.6 |

2023-01-07 21:47:52,858 - INFO -
| Epoch:    295 | Train loss: 0.0211 | Valid loss: 0.1379 | Train acc: 0.9839 | Valid acc: 0.9268 | patience: 212 | Epoch time: 0.6 |

2023-01-07 21:47:53,421 - INFO -
| Epoch:    296 | Train loss: 0.0210 | Valid loss: 0.1410 | Train acc: 0.9839 | Valid acc: 0.9268 | patience: 213 | Epoch time: 0.6 |

2023-01-07 21:47:53,983 - INFO -
| Epoch:    297 | Train loss: 0.0208 | Valid loss: 0.1348 | Train acc: 0.9839 | Valid acc: 0.9268 | patience: 214 | Epoch time: 0.6 |

2023-01-07 21:47:54,545 - INFO -
| Epoch:    298 | Train loss: 0.0194 | Valid loss: 0.1365 | Train acc: 0.9839 | Valid acc: 0.9268 | patience: 215 | Epoch time: 0.6 |

2023-01-07 21:47:55,108 - INFO -
| Epoch:    299 | Train loss: 0.0190 | Valid loss: 0.1436 | Train acc: 0.9839 | Valid acc: 0.9268 | patience: 216 | Epoch time: 0.6 |

2023-01-07 21:47:55,670 - INFO -
| Epoch:    300 | Train loss: 0.0220 | Valid loss: 0.1348 | Train acc: 0.9839 | Valid acc: 0.9268 | patience: 217 | Epoch time: 0.6 |

2023-01-07 21:47:56,234 - INFO -
| Epoch:    301 | Train loss: 0.0202 | Valid loss: 0.1348 | Train acc: 0.9839 | Valid acc: 0.9268 | patience: 218 | Epoch time: 0.6 |

2023-01-07 21:47:56,796 - INFO -
| Epoch:    302 | Train loss: 0.0192 | Valid loss: 0.1483 | Train acc: 0.9839 | Valid acc: 0.9268 | patience: 219 | Epoch time: 0.6 |

2023-01-07 21:47:57,358 - INFO -
| Epoch:    303 | Train loss: 0.0233 | Valid loss: 0.1343 | Train acc: 0.9839 | Valid acc: 0.9268 | patience: 220 | Epoch time: 0.6 |

2023-01-07 21:47:57,921 - INFO -
| Epoch:    304 | Train loss: 0.0209 | Valid loss: 0.1349 | Train acc: 0.9839 | Valid acc: 0.9268 | patience: 221 | Epoch time: 0.6 |

2023-01-07 21:47:58,484 - INFO -
| Epoch:    305 | Train loss: 0.0193 | Valid loss: 0.1462 | Train acc: 0.9839 | Valid acc: 0.9268 | patience: 222 | Epoch time: 0.6 |

2023-01-07 21:47:59,049 - INFO -
| Epoch:    306 | Train loss: 0.0200 | Valid loss: 0.1397 | Train acc: 0.9839 | Valid acc: 0.9268 | patience: 223 | Epoch time: 0.6 |

2023-01-07 21:47:59,611 - INFO -
| Epoch:    307 | Train loss: 0.0217 | Valid loss: 0.1373 | Train acc: 0.9839 | Valid acc: 0.9268 | patience: 224 | Epoch time: 0.6 |

2023-01-07 21:48:00,174 - INFO -
| Epoch:    308 | Train loss: 0.0190 | Valid loss: 0.1388 | Train acc: 0.9839 | Valid acc: 0.9268 | patience: 225 | Epoch time: 0.6 |

2023-01-07 21:48:00,736 - INFO -
| Epoch:    309 | Train loss: 0.0198 | Valid loss: 0.1348 | Train acc: 0.9839 | Valid acc: 0.9268 | patience: 226 | Epoch time: 0.6 |

2023-01-07 21:48:01,298 - INFO -
| Epoch:    310 | Train loss: 0.0213 | Valid loss: 0.1374 | Train acc: 0.9839 | Valid acc: 0.9268 | patience: 227 | Epoch time: 0.6 |

2023-01-07 21:48:01,860 - INFO -
| Epoch:    311 | Train loss: 0.0198 | Valid loss: 0.1483 | Train acc: 0.9839 | Valid acc: 0.9268 | patience: 228 | Epoch time: 0.6 |

2023-01-07 21:48:02,423 - INFO -
| Epoch:    312 | Train loss: 0.0202 | Valid loss: 0.1368 | Train acc: 0.9839 | Valid acc: 0.9268 | patience: 229 | Epoch time: 0.6 |

2023-01-07 21:48:02,985 - INFO -
| Epoch:    313 | Train loss: 0.0190 | Valid loss: 0.1345 | Train acc: 0.9839 | Valid acc: 0.9268 | patience: 230 | Epoch time: 0.6 |

2023-01-07 21:48:03,548 - INFO -
| Epoch:    314 | Train loss: 0.0205 | Valid loss: 0.1388 | Train acc: 0.9839 | Valid acc: 0.9268 | patience: 231 | Epoch time: 0.6 |

2023-01-07 21:48:04,110 - INFO -
| Epoch:    315 | Train loss: 0.0189 | Valid loss: 0.1423 | Train acc: 0.9839 | Valid acc: 0.9268 | patience: 232 | Epoch time: 0.6 |

2023-01-07 21:48:04,672 - INFO -
| Epoch:    316 | Train loss: 0.0192 | Valid loss: 0.1388 | Train acc: 0.9839 | Valid acc: 0.9268 | patience: 233 | Epoch time: 0.6 |

2023-01-07 21:48:05,235 - INFO -
| Epoch:    317 | Train loss: 0.0200 | Valid loss: 0.1344 | Train acc: 0.9839 | Valid acc: 0.9268 | patience: 234 | Epoch time: 0.6 |

2023-01-07 21:48:05,798 - INFO -
| Epoch:    318 | Train loss: 0.0201 | Valid loss: 0.1414 | Train acc: 0.9839 | Valid acc: 0.9268 | patience: 235 | Epoch time: 0.6 |

2023-01-07 21:48:06,359 - INFO -
| Epoch:    319 | Train loss: 0.0190 | Valid loss: 0.1413 | Train acc: 0.9839 | Valid acc: 0.9268 | patience: 236 | Epoch time: 0.6 |

2023-01-07 21:48:06,921 - INFO -
| Epoch:    320 | Train loss: 0.0190 | Valid loss: 0.1366 | Train acc: 0.9839 | Valid acc: 0.9268 | patience: 237 | Epoch time: 0.6 |

2023-01-07 21:48:07,483 - INFO -
| Epoch:    321 | Train loss: 0.0194 | Valid loss: 0.1376 | Train acc: 0.9839 | Valid acc: 0.9268 | patience: 238 | Epoch time: 0.6 |

2023-01-07 21:48:08,046 - INFO -
| Epoch:    322 | Train loss: 0.0187 | Valid loss: 0.1435 | Train acc: 0.9839 | Valid acc: 0.9268 | patience: 239 | Epoch time: 0.6 |

2023-01-07 21:48:08,608 - INFO -
| Epoch:    323 | Train loss: 0.0193 | Valid loss: 0.1356 | Train acc: 0.9839 | Valid acc: 0.9268 | patience: 240 | Epoch time: 0.6 |

2023-01-07 21:48:09,170 - INFO -
| Epoch:    324 | Train loss: 0.0190 | Valid loss: 0.1368 | Train acc: 0.9839 | Valid acc: 0.9268 | patience: 241 | Epoch time: 0.6 |

2023-01-07 21:48:09,732 - INFO -
| Epoch:    325 | Train loss: 0.0189 | Valid loss: 0.1410 | Train acc: 0.9839 | Valid acc: 0.9268 | patience: 242 | Epoch time: 0.6 |

2023-01-07 21:48:10,296 - INFO -
| Epoch:    326 | Train loss: 0.0189 | Valid loss: 0.1374 | Train acc: 0.9839 | Valid acc: 0.9268 | patience: 243 | Epoch time: 0.6 |

2023-01-07 21:48:10,859 - INFO -
| Epoch:    327 | Train loss: 0.0186 | Valid loss: 0.1345 | Train acc: 0.9839 | Valid acc: 0.9268 | patience: 244 | Epoch time: 0.6 |

2023-01-07 21:48:11,421 - INFO -
| Epoch:    328 | Train loss: 0.0194 | Valid loss: 0.1420 | Train acc: 0.9839 | Valid acc: 0.9268 | patience: 245 | Epoch time: 0.6 |

2023-01-07 21:48:11,984 - INFO -
| Epoch:    329 | Train loss: 0.0190 | Valid loss: 0.1383 | Train acc: 0.9839 | Valid acc: 0.9268 | patience: 246 | Epoch time: 0.6 |

2023-01-07 21:48:12,546 - INFO -
| Epoch:    330 | Train loss: 0.0188 | Valid loss: 0.1372 | Train acc: 0.9839 | Valid acc: 0.9268 | patience: 247 | Epoch time: 0.6 |

2023-01-07 21:48:13,107 - INFO -
| Epoch:    331 | Train loss: 0.0188 | Valid loss: 0.1400 | Train acc: 0.9839 | Valid acc: 0.9268 | patience: 248 | Epoch time: 0.6 |

2023-01-07 21:48:13,671 - INFO -
| Epoch:    332 | Train loss: 0.0191 | Valid loss: 0.1362 | Train acc: 0.9839 | Valid acc: 0.9268 | patience: 249 | Epoch time: 0.6 |

2023-01-07 21:48:14,233 - INFO -
| Epoch:    333 | Train loss: 0.0186 | Valid loss: 0.1377 | Train acc: 0.9839 | Valid acc: 0.9268 | patience: 250 | Epoch time: 0.6 |

2023-01-07 21:48:14,796 - INFO -
| Epoch:    334 | Train loss: 0.0186 | Valid loss: 0.1374 | Train acc: 0.9839 | Valid acc: 0.9268 | patience: 251 | Epoch time: 0.6 |

2023-01-07 21:48:15,358 - INFO -
| Epoch:    335 | Train loss: 0.0188 | Valid loss: 0.1365 | Train acc: 0.9839 | Valid acc: 0.9268 | patience: 252 | Epoch time: 0.6 |

2023-01-07 21:48:15,922 - INFO -
| Epoch:    336 | Train loss: 0.0185 | Valid loss: 0.1362 | Train acc: 0.9839 | Valid acc: 0.9268 | patience: 253 | Epoch time: 0.6 |

2023-01-07 21:48:16,485 - INFO -
| Epoch:    337 | Train loss: 0.0186 | Valid loss: 0.1446 | Train acc: 0.9839 | Valid acc: 0.9268 | patience: 254 | Epoch time: 0.6 |

2023-01-07 21:48:17,047 - INFO -
| Epoch:    338 | Train loss: 0.0199 | Valid loss: 0.1367 | Train acc: 0.9839 | Valid acc: 0.9268 | patience: 255 | Epoch time: 0.6 |

2023-01-07 21:48:17,609 - INFO -
| Epoch:    339 | Train loss: 0.0204 | Valid loss: 0.1359 | Train acc: 0.9839 | Valid acc: 0.9268 | patience: 256 | Epoch time: 0.6 |

2023-01-07 21:48:18,173 - INFO -
| Epoch:    340 | Train loss: 0.0188 | Valid loss: 0.1405 | Train acc: 0.9839 | Valid acc: 0.9268 | patience: 257 | Epoch time: 0.6 |

2023-01-07 21:48:18,735 - INFO -
| Epoch:    341 | Train loss: 0.0213 | Valid loss: 0.1336 | Train acc: 0.9839 | Valid acc: 0.9268 | patience: 258 | Epoch time: 0.6 |

2023-01-07 21:48:19,298 - INFO -
| Epoch:    342 | Train loss: 0.0220 | Valid loss: 0.1357 | Train acc: 0.9839 | Valid acc: 0.9268 | patience: 259 | Epoch time: 0.6 |

2023-01-07 21:48:19,860 - INFO -
| Epoch:    343 | Train loss: 0.0186 | Valid loss: 0.1405 | Train acc: 0.9839 | Valid acc: 0.9268 | patience: 260 | Epoch time: 0.6 |

2023-01-07 21:48:20,423 - INFO -
| Epoch:    344 | Train loss: 0.0191 | Valid loss: 0.1348 | Train acc: 0.9839 | Valid acc: 0.9268 | patience: 261 | Epoch time: 0.6 |

2023-01-07 21:48:20,986 - INFO -
| Epoch:    345 | Train loss: 0.0254 | Valid loss: 0.1416 | Train acc: 0.9839 | Valid acc: 0.9268 | patience: 262 | Epoch time: 0.6 |

2023-01-07 21:48:21,550 - INFO -
| Epoch:    346 | Train loss: 0.0191 | Valid loss: 0.1402 | Train acc: 0.9839 | Valid acc: 0.9268 | patience: 263 | Epoch time: 0.6 |

2023-01-07 21:48:22,112 - INFO -
| Epoch:    347 | Train loss: 0.0188 | Valid loss: 0.1322 | Train acc: 0.9839 | Valid acc: 0.9268 | patience: 264 | Epoch time: 0.6 |

2023-01-07 21:48:22,676 - INFO -
| Epoch:    348 | Train loss: 0.0207 | Valid loss: 0.1358 | Train acc: 0.9839 | Valid acc: 0.9268 | patience: 265 | Epoch time: 0.6 |

2023-01-07 21:48:23,238 - INFO -
| Epoch:    349 | Train loss: 0.0195 | Valid loss: 0.1531 | Train acc: 0.9839 | Valid acc: 0.9268 | patience: 266 | Epoch time: 0.6 |

2023-01-07 21:48:23,800 - INFO -
| Epoch:    350 | Train loss: 0.0221 | Valid loss: 0.1365 | Train acc: 0.9839 | Valid acc: 0.9268 | patience: 267 | Epoch time: 0.6 |

2023-01-07 21:48:24,363 - INFO -
| Epoch:    351 | Train loss: 0.0187 | Valid loss: 0.1366 | Train acc: 0.9839 | Valid acc: 0.9268 | patience: 268 | Epoch time: 0.6 |

2023-01-07 21:48:24,925 - INFO -
| Epoch:    352 | Train loss: 0.0191 | Valid loss: 0.1454 | Train acc: 0.9839 | Valid acc: 0.9268 | patience: 269 | Epoch time: 0.6 |

2023-01-07 21:48:25,487 - INFO -
| Epoch:    353 | Train loss: 0.0195 | Valid loss: 0.1401 | Train acc: 0.9839 | Valid acc: 0.9268 | patience: 270 | Epoch time: 0.6 |

2023-01-07 21:48:26,050 - INFO -
| Epoch:    354 | Train loss: 0.0195 | Valid loss: 0.1372 | Train acc: 0.9839 | Valid acc: 0.9268 | patience: 271 | Epoch time: 0.6 |

2023-01-07 21:48:26,612 - INFO -
| Epoch:    355 | Train loss: 0.0199 | Valid loss: 0.1385 | Train acc: 0.9839 | Valid acc: 0.9268 | patience: 272 | Epoch time: 0.6 |

2023-01-07 21:48:27,175 - INFO -
| Epoch:    356 | Train loss: 0.0192 | Valid loss: 0.1509 | Train acc: 0.9839 | Valid acc: 0.9268 | patience: 273 | Epoch time: 0.6 |

2023-01-07 21:48:27,737 - INFO -
| Epoch:    357 | Train loss: 0.0208 | Valid loss: 0.1442 | Train acc: 0.9839 | Valid acc: 0.9268 | patience: 274 | Epoch time: 0.6 |

2023-01-07 21:48:28,300 - INFO -
| Epoch:    358 | Train loss: 0.0190 | Valid loss: 0.1373 | Train acc: 0.9839 | Valid acc: 0.9268 | patience: 275 | Epoch time: 0.6 |

2023-01-07 21:48:28,863 - INFO -
| Epoch:    359 | Train loss: 0.0193 | Valid loss: 0.1391 | Train acc: 0.9839 | Valid acc: 0.9268 | patience: 276 | Epoch time: 0.6 |

2023-01-07 21:48:29,426 - INFO -
| Epoch:    360 | Train loss: 0.0186 | Valid loss: 0.1490 | Train acc: 0.9839 | Valid acc: 0.9268 | patience: 277 | Epoch time: 0.6 |

2023-01-07 21:48:29,988 - INFO -
| Epoch:    361 | Train loss: 0.0198 | Valid loss: 0.1402 | Train acc: 0.9839 | Valid acc: 0.9268 | patience: 278 | Epoch time: 0.6 |

2023-01-07 21:48:30,552 - INFO -
| Epoch:    362 | Train loss: 0.0185 | Valid loss: 0.1339 | Train acc: 0.9839 | Valid acc: 0.9268 | patience: 279 | Epoch time: 0.6 |

2023-01-07 21:48:31,115 - INFO -
| Epoch:    363 | Train loss: 0.0208 | Valid loss: 0.1372 | Train acc: 0.9839 | Valid acc: 0.9268 | patience: 280 | Epoch time: 0.6 |

2023-01-07 21:48:31,677 - INFO -
| Epoch:    364 | Train loss: 0.0194 | Valid loss: 0.1545 | Train acc: 0.9839 | Valid acc: 0.9268 | patience: 281 | Epoch time: 0.6 |

2023-01-07 21:48:32,239 - INFO -
| Epoch:    365 | Train loss: 0.0212 | Valid loss: 0.1400 | Train acc: 0.9839 | Valid acc: 0.9268 | patience: 282 | Epoch time: 0.6 |

2023-01-07 21:48:32,802 - INFO -
| Epoch:    366 | Train loss: 0.0188 | Valid loss: 0.1352 | Train acc: 0.9839 | Valid acc: 0.9268 | patience: 283 | Epoch time: 0.6 |

2023-01-07 21:48:33,364 - INFO -
| Epoch:    367 | Train loss: 0.0205 | Valid loss: 0.1392 | Train acc: 0.9839 | Valid acc: 0.9268 | patience: 284 | Epoch time: 0.6 |

2023-01-07 21:48:33,926 - INFO -
| Epoch:    368 | Train loss: 0.0190 | Valid loss: 0.1523 | Train acc: 0.9839 | Valid acc: 0.9268 | patience: 285 | Epoch time: 0.6 |

2023-01-07 21:48:34,488 - INFO -
| Epoch:    369 | Train loss: 0.0201 | Valid loss: 0.1412 | Train acc: 0.9839 | Valid acc: 0.9268 | patience: 286 | Epoch time: 0.6 |

2023-01-07 21:48:35,050 - INFO -
| Epoch:    370 | Train loss: 0.0186 | Valid loss: 0.1402 | Train acc: 0.9839 | Valid acc: 0.9268 | patience: 287 | Epoch time: 0.6 |

2023-01-07 21:48:35,613 - INFO -
| Epoch:    371 | Train loss: 0.0187 | Valid loss: 0.1432 | Train acc: 0.9839 | Valid acc: 0.9268 | patience: 288 | Epoch time: 0.6 |

2023-01-07 21:48:36,176 - INFO -
| Epoch:    372 | Train loss: 0.0188 | Valid loss: 0.1442 | Train acc: 0.9839 | Valid acc: 0.9268 | patience: 289 | Epoch time: 0.6 |

2023-01-07 21:48:36,738 - INFO -
| Epoch:    373 | Train loss: 0.0189 | Valid loss: 0.1457 | Train acc: 0.9839 | Valid acc: 0.9268 | patience: 290 | Epoch time: 0.6 |

2023-01-07 21:48:37,301 - INFO -
| Epoch:    374 | Train loss: 0.0189 | Valid loss: 0.1429 | Train acc: 0.9839 | Valid acc: 0.9268 | patience: 291 | Epoch time: 0.6 |

2023-01-07 21:48:37,862 - INFO -
| Epoch:    375 | Train loss: 0.0189 | Valid loss: 0.1410 | Train acc: 0.9839 | Valid acc: 0.9268 | patience: 292 | Epoch time: 0.6 |

2023-01-07 21:48:38,424 - INFO -
| Epoch:    376 | Train loss: 0.0186 | Valid loss: 0.1403 | Train acc: 0.9839 | Valid acc: 0.9268 | patience: 293 | Epoch time: 0.6 |

2023-01-07 21:48:38,987 - INFO -
| Epoch:    377 | Train loss: 0.0186 | Valid loss: 0.1443 | Train acc: 0.9839 | Valid acc: 0.9268 | patience: 294 | Epoch time: 0.6 |

2023-01-07 21:48:39,550 - INFO -
| Epoch:    378 | Train loss: 0.0188 | Valid loss: 0.1422 | Train acc: 0.9839 | Valid acc: 0.9268 | patience: 295 | Epoch time: 0.6 |

2023-01-07 21:48:40,112 - INFO -
| Epoch:    379 | Train loss: 0.0187 | Valid loss: 0.1427 | Train acc: 0.9839 | Valid acc: 0.9268 | patience: 296 | Epoch time: 0.6 |

2023-01-07 21:48:40,677 - INFO -
| Epoch:    380 | Train loss: 0.0186 | Valid loss: 0.1412 | Train acc: 0.9839 | Valid acc: 0.9268 | patience: 297 | Epoch time: 0.6 |

2023-01-07 21:48:41,239 - INFO -
| Epoch:    381 | Train loss: 0.0186 | Valid loss: 0.1408 | Train acc: 0.9839 | Valid acc: 0.9268 | patience: 298 | Epoch time: 0.6 |

2023-01-07 21:48:41,802 - INFO -
| Epoch:    382 | Train loss: 0.0184 | Valid loss: 0.1438 | Train acc: 0.9839 | Valid acc: 0.9268 | patience: 299 | Epoch time: 0.6 |

2023-01-07 21:48:42,365 - INFO -
| Epoch:    383 | Train loss: 0.0186 | Valid loss: 0.1397 | Train acc: 0.9839 | Valid acc: 0.9268 | patience: 300 | Epoch time: 0.6 |

2023-01-07 21:48:42,927 - INFO -
| Epoch:    384 | Train loss: 0.0186 | Valid loss: 0.1374 | Train acc: 0.9839 | Valid acc: 0.9268 | patience: 301 | Epoch time: 0.6 |

2023-01-07 21:48:43,490 - INFO -
| Epoch:    385 | Train loss: 0.0188 | Valid loss: 0.1404 | Train acc: 0.9839 | Valid acc: 0.9268 | patience: 302 | Epoch time: 0.6 |

2023-01-07 21:48:44,054 - INFO -
| Epoch:    386 | Train loss: 0.0187 | Valid loss: 0.1445 | Train acc: 0.9839 | Valid acc: 0.9268 | patience: 303 | Epoch time: 0.6 |

2023-01-07 21:48:44,617 - INFO -
| Epoch:    387 | Train loss: 0.0188 | Valid loss: 0.1356 | Train acc: 0.9839 | Valid acc: 0.9268 | patience: 304 | Epoch time: 0.6 |

2023-01-07 21:48:45,179 - INFO -
| Epoch:    388 | Train loss: 0.0194 | Valid loss: 0.1391 | Train acc: 0.9839 | Valid acc: 0.9268 | patience: 305 | Epoch time: 0.6 |

2023-01-07 21:48:45,741 - INFO -
| Epoch:    389 | Train loss: 0.0182 | Valid loss: 0.1426 | Train acc: 0.9839 | Valid acc: 0.9268 | patience: 306 | Epoch time: 0.6 |

2023-01-07 21:48:46,304 - INFO -
| Epoch:    390 | Train loss: 0.0187 | Valid loss: 0.1369 | Train acc: 0.9839 | Valid acc: 0.9268 | patience: 307 | Epoch time: 0.6 |

2023-01-07 21:48:46,867 - INFO -
| Epoch:    391 | Train loss: 0.0187 | Valid loss: 0.1396 | Train acc: 0.9839 | Valid acc: 0.9268 | patience: 308 | Epoch time: 0.6 |

2023-01-07 21:48:47,429 - INFO -
| Epoch:    392 | Train loss: 0.0184 | Valid loss: 0.1442 | Train acc: 0.9839 | Valid acc: 0.9268 | patience: 309 | Epoch time: 0.6 |

2023-01-07 21:48:47,992 - INFO -
| Epoch:    393 | Train loss: 0.0195 | Valid loss: 0.1362 | Train acc: 0.9839 | Valid acc: 0.9268 | patience: 310 | Epoch time: 0.6 |

2023-01-07 21:48:48,554 - INFO -
| Epoch:    394 | Train loss: 0.0196 | Valid loss: 0.1368 | Train acc: 0.9839 | Valid acc: 0.9268 | patience: 311 | Epoch time: 0.6 |

2023-01-07 21:48:49,117 - INFO -
| Epoch:    395 | Train loss: 0.0193 | Valid loss: 0.1443 | Train acc: 0.9839 | Valid acc: 0.9268 | patience: 312 | Epoch time: 0.6 |

2023-01-07 21:48:49,680 - INFO -
| Epoch:    396 | Train loss: 0.0196 | Valid loss: 0.1392 | Train acc: 0.9839 | Valid acc: 0.9268 | patience: 313 | Epoch time: 0.6 |

2023-01-07 21:48:50,243 - INFO -
| Epoch:    397 | Train loss: 0.0183 | Valid loss: 0.1378 | Train acc: 0.9839 | Valid acc: 0.9268 | patience: 314 | Epoch time: 0.6 |

2023-01-07 21:48:50,807 - INFO -
| Epoch:    398 | Train loss: 0.0185 | Valid loss: 0.1477 | Train acc: 0.9839 | Valid acc: 0.9268 | patience: 315 | Epoch time: 0.6 |

2023-01-07 21:48:51,369 - INFO -
| Epoch:    399 | Train loss: 0.0205 | Valid loss: 0.1363 | Train acc: 0.9839 | Valid acc: 0.9268 | patience: 316 | Epoch time: 0.6 |

2023-01-07 21:48:51,931 - INFO -
| Epoch:    400 | Train loss: 0.0189 | Valid loss: 0.1363 | Train acc: 0.9839 | Valid acc: 0.9268 | patience: 317 | Epoch time: 0.6 |

2023-01-07 21:48:52,492 - INFO -
| Epoch:    401 | Train loss: 0.0187 | Valid loss: 0.1495 | Train acc: 0.9839 | Valid acc: 0.9268 | patience: 318 | Epoch time: 0.6 |

2023-01-07 21:48:53,055 - INFO -
| Epoch:    402 | Train loss: 0.0208 | Valid loss: 0.1373 | Train acc: 0.9839 | Valid acc: 0.9268 | patience: 319 | Epoch time: 0.6 |

2023-01-07 21:48:53,616 - INFO -
| Epoch:    403 | Train loss: 0.0184 | Valid loss: 0.1379 | Train acc: 0.9839 | Valid acc: 0.9268 | patience: 320 | Epoch time: 0.6 |

2023-01-07 21:48:54,178 - INFO -
| Epoch:    404 | Train loss: 0.0184 | Valid loss: 0.1430 | Train acc: 0.9839 | Valid acc: 0.9268 | patience: 321 | Epoch time: 0.6 |

2023-01-07 21:48:54,740 - INFO -
| Epoch:    405 | Train loss: 0.0186 | Valid loss: 0.1397 | Train acc: 0.9839 | Valid acc: 0.9268 | patience: 322 | Epoch time: 0.6 |

2023-01-07 21:48:55,303 - INFO -
| Epoch:    406 | Train loss: 0.0181 | Valid loss: 0.1359 | Train acc: 0.9839 | Valid acc: 0.9268 | patience: 323 | Epoch time: 0.6 |

2023-01-07 21:48:55,865 - INFO -
| Epoch:    407 | Train loss: 0.0195 | Valid loss: 0.1398 | Train acc: 0.9839 | Valid acc: 0.9268 | patience: 324 | Epoch time: 0.6 |

2023-01-07 21:48:56,428 - INFO -
| Epoch:    408 | Train loss: 0.0183 | Valid loss: 0.1462 | Train acc: 0.9839 | Valid acc: 0.9268 | patience: 325 | Epoch time: 0.6 |

2023-01-07 21:48:56,990 - INFO -
| Epoch:    409 | Train loss: 0.0189 | Valid loss: 0.1395 | Train acc: 0.9839 | Valid acc: 0.9268 | patience: 326 | Epoch time: 0.6 |

2023-01-07 21:48:57,551 - INFO -
| Epoch:    410 | Train loss: 0.0183 | Valid loss: 0.1397 | Train acc: 0.9839 | Valid acc: 0.9268 | patience: 327 | Epoch time: 0.6 |

2023-01-07 21:48:58,113 - INFO -
| Epoch:    411 | Train loss: 0.0182 | Valid loss: 0.1459 | Train acc: 0.9839 | Valid acc: 0.9268 | patience: 328 | Epoch time: 0.6 |

2023-01-07 21:48:58,674 - INFO -
| Epoch:    412 | Train loss: 0.0188 | Valid loss: 0.1457 | Train acc: 0.9839 | Valid acc: 0.9268 | patience: 329 | Epoch time: 0.6 |

2023-01-07 21:48:59,238 - INFO -
| Epoch:    413 | Train loss: 0.0188 | Valid loss: 0.1394 | Train acc: 0.9839 | Valid acc: 0.9268 | patience: 330 | Epoch time: 0.6 |

2023-01-07 21:48:59,800 - INFO -
| Epoch:    414 | Train loss: 0.0185 | Valid loss: 0.1399 | Train acc: 0.9839 | Valid acc: 0.9268 | patience: 331 | Epoch time: 0.6 |

2023-01-07 21:49:00,362 - INFO -
| Epoch:    415 | Train loss: 0.0185 | Valid loss: 0.1416 | Train acc: 0.9839 | Valid acc: 0.9268 | patience: 332 | Epoch time: 0.6 |

2023-01-07 21:49:00,925 - INFO -
| Epoch:    416 | Train loss: 0.0183 | Valid loss: 0.1412 | Train acc: 0.9839 | Valid acc: 0.9268 | patience: 333 | Epoch time: 0.6 |

2023-01-07 21:49:01,487 - INFO -
| Epoch:    417 | Train loss: 0.0182 | Valid loss: 0.1375 | Train acc: 0.9839 | Valid acc: 0.9268 | patience: 334 | Epoch time: 0.6 |

2023-01-07 21:49:02,050 - INFO -
| Epoch:    418 | Train loss: 0.0187 | Valid loss: 0.1452 | Train acc: 0.9839 | Valid acc: 0.9268 | patience: 335 | Epoch time: 0.6 |

2023-01-07 21:49:02,614 - INFO -
| Epoch:    419 | Train loss: 0.0185 | Valid loss: 0.1454 | Train acc: 0.9839 | Valid acc: 0.9268 | patience: 336 | Epoch time: 0.6 |

2023-01-07 21:49:03,179 - INFO -
| Epoch:    420 | Train loss: 0.0186 | Valid loss: 0.1371 | Train acc: 0.9839 | Valid acc: 0.9268 | patience: 337 | Epoch time: 0.6 |

2023-01-07 21:49:03,743 - INFO -
| Epoch:    421 | Train loss: 0.0190 | Valid loss: 0.1399 | Train acc: 0.9839 | Valid acc: 0.9268 | patience: 338 | Epoch time: 0.6 |

2023-01-07 21:49:04,305 - INFO -
| Epoch:    422 | Train loss: 0.0182 | Valid loss: 0.1444 | Train acc: 0.9839 | Valid acc: 0.9268 | patience: 339 | Epoch time: 0.6 |

2023-01-07 21:49:04,867 - INFO -
| Epoch:    423 | Train loss: 0.0185 | Valid loss: 0.1380 | Train acc: 0.9839 | Valid acc: 0.9268 | patience: 340 | Epoch time: 0.6 |

2023-01-07 21:49:05,430 - INFO -
| Epoch:    424 | Train loss: 0.0187 | Valid loss: 0.1410 | Train acc: 0.9839 | Valid acc: 0.9268 | patience: 341 | Epoch time: 0.6 |

2023-01-07 21:49:05,994 - INFO -
| Epoch:    425 | Train loss: 0.0183 | Valid loss: 0.1448 | Train acc: 0.9839 | Valid acc: 0.9268 | patience: 342 | Epoch time: 0.6 |

2023-01-07 21:49:06,556 - INFO -
| Epoch:    426 | Train loss: 0.0190 | Valid loss: 0.1363 | Train acc: 0.9839 | Valid acc: 0.9268 | patience: 343 | Epoch time: 0.6 |

2023-01-07 21:49:07,117 - INFO -
| Epoch:    427 | Train loss: 0.0193 | Valid loss: 0.1362 | Train acc: 0.9839 | Valid acc: 0.9268 | patience: 344 | Epoch time: 0.6 |

2023-01-07 21:49:07,679 - INFO -
| Epoch:    428 | Train loss: 0.0193 | Valid loss: 0.1472 | Train acc: 0.9839 | Valid acc: 0.9268 | patience: 345 | Epoch time: 0.6 |

2023-01-07 21:49:08,242 - INFO -
| Epoch:    429 | Train loss: 0.0195 | Valid loss: 0.1384 | Train acc: 0.9839 | Valid acc: 0.9268 | patience: 346 | Epoch time: 0.6 |

2023-01-07 21:49:08,805 - INFO -
| Epoch:    430 | Train loss: 0.0185 | Valid loss: 0.1365 | Train acc: 0.9839 | Valid acc: 0.9268 | patience: 347 | Epoch time: 0.6 |

2023-01-07 21:49:09,367 - INFO -
| Epoch:    431 | Train loss: 0.0192 | Valid loss: 0.1470 | Train acc: 0.9839 | Valid acc: 0.9268 | patience: 348 | Epoch time: 0.6 |

2023-01-07 21:49:09,929 - INFO -
| Epoch:    432 | Train loss: 0.0189 | Valid loss: 0.1401 | Train acc: 0.9839 | Valid acc: 0.9268 | patience: 349 | Epoch time: 0.6 |

2023-01-07 21:49:10,492 - INFO -
| Epoch:    433 | Train loss: 0.0182 | Valid loss: 0.1418 | Train acc: 0.9839 | Valid acc: 0.9268 | patience: 350 | Epoch time: 0.6 |

2023-01-07 21:49:11,054 - INFO -
| Epoch:    434 | Train loss: 0.0182 | Valid loss: 0.1427 | Train acc: 0.9839 | Valid acc: 0.9268 | patience: 351 | Epoch time: 0.6 |

2023-01-07 21:49:11,616 - INFO -
| Epoch:    435 | Train loss: 0.0182 | Valid loss: 0.1442 | Train acc: 0.9839 | Valid acc: 0.9268 | patience: 352 | Epoch time: 0.6 |

2023-01-07 21:49:12,178 - INFO -
| Epoch:    436 | Train loss: 0.0183 | Valid loss: 0.1401 | Train acc: 0.9839 | Valid acc: 0.9268 | patience: 353 | Epoch time: 0.6 |

2023-01-07 21:49:12,739 - INFO -
| Epoch:    437 | Train loss: 0.0181 | Valid loss: 0.1393 | Train acc: 0.9839 | Valid acc: 0.9268 | patience: 354 | Epoch time: 0.6 |

2023-01-07 21:49:13,302 - INFO -
| Epoch:    438 | Train loss: 0.0184 | Valid loss: 0.1465 | Train acc: 0.9839 | Valid acc: 0.9268 | patience: 355 | Epoch time: 0.6 |

2023-01-07 21:49:13,865 - INFO -
| Epoch:    439 | Train loss: 0.0189 | Valid loss: 0.1431 | Train acc: 0.9839 | Valid acc: 0.9268 | patience: 356 | Epoch time: 0.6 |

2023-01-07 21:49:14,427 - INFO -
| Epoch:    440 | Train loss: 0.0182 | Valid loss: 0.1405 | Train acc: 0.9839 | Valid acc: 0.9268 | patience: 357 | Epoch time: 0.6 |

2023-01-07 21:49:14,989 - INFO -
| Epoch:    441 | Train loss: 0.0182 | Valid loss: 0.1409 | Train acc: 0.9839 | Valid acc: 0.9268 | patience: 358 | Epoch time: 0.6 |

2023-01-07 21:49:15,552 - INFO -
| Epoch:    442 | Train loss: 0.0179 | Valid loss: 0.1407 | Train acc: 0.9839 | Valid acc: 0.9268 | patience: 359 | Epoch time: 0.6 |

2023-01-07 21:49:16,115 - INFO -
| Epoch:    443 | Train loss: 0.0179 | Valid loss: 0.1423 | Train acc: 0.9839 | Valid acc: 0.9268 | patience: 360 | Epoch time: 0.6 |

2023-01-07 21:49:16,678 - INFO -
| Epoch:    444 | Train loss: 0.0180 | Valid loss: 0.1391 | Train acc: 0.9839 | Valid acc: 0.9268 | patience: 361 | Epoch time: 0.6 |

2023-01-07 21:49:17,239 - INFO -
| Epoch:    445 | Train loss: 0.0180 | Valid loss: 0.1440 | Train acc: 0.9839 | Valid acc: 0.9268 | patience: 362 | Epoch time: 0.6 |

2023-01-07 21:49:17,801 - INFO -
| Epoch:    446 | Train loss: 0.0182 | Valid loss: 0.1410 | Train acc: 0.9839 | Valid acc: 0.9268 | patience: 363 | Epoch time: 0.6 |

2023-01-07 21:49:18,365 - INFO -
| Epoch:    447 | Train loss: 0.0178 | Valid loss: 0.1347 | Train acc: 0.9839 | Valid acc: 0.9268 | patience: 364 | Epoch time: 0.6 |

2023-01-07 21:49:18,927 - INFO -
| Epoch:    448 | Train loss: 0.0198 | Valid loss: 0.1390 | Train acc: 0.9839 | Valid acc: 0.9268 | patience: 365 | Epoch time: 0.6 |

2023-01-07 21:49:19,489 - INFO -
| Epoch:    449 | Train loss: 0.0178 | Valid loss: 0.1505 | Train acc: 0.9839 | Valid acc: 0.9268 | patience: 366 | Epoch time: 0.6 |

2023-01-07 21:49:20,051 - INFO -
| Epoch:    450 | Train loss: 0.0212 | Valid loss: 0.1335 | Train acc: 0.9919 | Valid acc: 0.9268 | patience: 367 | Epoch time: 0.6 |

2023-01-07 21:49:20,614 - INFO -
| Epoch:    451 | Train loss: 0.0203 | Valid loss: 0.1321 | Train acc: 0.9839 | Valid acc: 0.9268 | patience: 368 | Epoch time: 0.6 |

2023-01-07 21:49:21,177 - INFO -
| Epoch:    452 | Train loss: 0.0212 | Valid loss: 0.1454 | Train acc: 0.9839 | Valid acc: 0.9268 | patience: 369 | Epoch time: 0.6 |

2023-01-07 21:49:21,740 - INFO -
| Epoch:    453 | Train loss: 0.0191 | Valid loss: 0.1442 | Train acc: 0.9839 | Valid acc: 0.9268 | patience: 370 | Epoch time: 0.6 |

2023-01-07 21:49:22,301 - INFO -
| Epoch:    454 | Train loss: 0.0188 | Valid loss: 0.1350 | Train acc: 0.9839 | Valid acc: 0.9268 | patience: 371 | Epoch time: 0.6 |

2023-01-07 21:49:22,864 - INFO -
| Epoch:    455 | Train loss: 0.0198 | Valid loss: 0.1370 | Train acc: 0.9839 | Valid acc: 0.9268 | patience: 372 | Epoch time: 0.6 |

2023-01-07 21:49:23,427 - INFO -
| Epoch:    456 | Train loss: 0.0190 | Valid loss: 0.1467 | Train acc: 0.9839 | Valid acc: 0.9268 | patience: 373 | Epoch time: 0.6 |

2023-01-07 21:49:23,990 - INFO -
| Epoch:    457 | Train loss: 0.0194 | Valid loss: 0.1414 | Train acc: 0.9919 | Valid acc: 0.9268 | patience: 374 | Epoch time: 0.6 |

2023-01-07 21:49:24,553 - INFO -
| Epoch:    458 | Train loss: 0.0181 | Valid loss: 0.1395 | Train acc: 0.9839 | Valid acc: 0.9268 | patience: 375 | Epoch time: 0.6 |

2023-01-07 21:49:25,116 - INFO -
| Epoch:    459 | Train loss: 0.0181 | Valid loss: 0.1396 | Train acc: 0.9839 | Valid acc: 0.9268 | patience: 376 | Epoch time: 0.6 |

2023-01-07 21:49:25,680 - INFO -
| Epoch:    460 | Train loss: 0.0178 | Valid loss: 0.1484 | Train acc: 0.9839 | Valid acc: 0.9268 | patience: 377 | Epoch time: 0.6 |

2023-01-07 21:49:26,243 - INFO -
| Epoch:    461 | Train loss: 0.0194 | Valid loss: 0.1327 | Train acc: 0.9839 | Valid acc: 0.9268 | patience: 378 | Epoch time: 0.6 |

2023-01-07 21:49:26,806 - INFO -
| Epoch:    462 | Train loss: 0.0213 | Valid loss: 0.1349 | Train acc: 0.9839 | Valid acc: 0.9268 | patience: 379 | Epoch time: 0.6 |

2023-01-07 21:49:27,368 - INFO -
| Epoch:    463 | Train loss: 0.0200 | Valid loss: 0.1549 | Train acc: 0.9839 | Valid acc: 0.9268 | patience: 380 | Epoch time: 0.6 |

2023-01-07 21:49:27,931 - INFO -
| Epoch:    464 | Train loss: 0.0224 | Valid loss: 0.1361 | Train acc: 0.9919 | Valid acc: 0.9268 | patience: 381 | Epoch time: 0.6 |

2023-01-07 21:49:28,494 - INFO -
| Epoch:    465 | Train loss: 0.0197 | Valid loss: 0.1363 | Train acc: 0.9839 | Valid acc: 0.9268 | patience: 382 | Epoch time: 0.6 |

2023-01-07 21:49:29,057 - INFO -
| Epoch:    466 | Train loss: 0.0199 | Valid loss: 0.1471 | Train acc: 0.9839 | Valid acc: 0.9268 | patience: 383 | Epoch time: 0.6 |

2023-01-07 21:49:29,618 - INFO -
| Epoch:    467 | Train loss: 0.0183 | Valid loss: 0.1520 | Train acc: 0.9839 | Valid acc: 0.9268 | patience: 384 | Epoch time: 0.6 |

2023-01-07 21:49:30,181 - INFO -
| Epoch:    468 | Train loss: 0.0199 | Valid loss: 0.1335 | Train acc: 0.9919 | Valid acc: 0.9268 | patience: 385 | Epoch time: 0.6 |

2023-01-07 21:49:30,744 - INFO -
| Epoch:    469 | Train loss: 0.0227 | Valid loss: 0.1332 | Train acc: 0.9839 | Valid acc: 0.9268 | patience: 386 | Epoch time: 0.6 |

2023-01-07 21:49:31,307 - INFO -
| Epoch:    470 | Train loss: 0.0233 | Valid loss: 0.1453 | Train acc: 0.9839 | Valid acc: 0.9268 | patience: 387 | Epoch time: 0.6 |

2023-01-07 21:49:31,870 - INFO -
| Epoch:    471 | Train loss: 0.0184 | Valid loss: 0.1717 | Train acc: 0.9839 | Valid acc: 0.9268 | patience: 388 | Epoch time: 0.6 |

2023-01-07 21:49:32,432 - INFO -
| Epoch:    472 | Train loss: 0.0267 | Valid loss: 0.1423 | Train acc: 0.9919 | Valid acc: 0.9268 | patience: 389 | Epoch time: 0.6 |

2023-01-07 21:49:32,994 - INFO -
| Epoch:    473 | Train loss: 0.0199 | Valid loss: 0.1365 | Train acc: 0.9839 | Valid acc: 0.9268 | patience: 390 | Epoch time: 0.6 |

2023-01-07 21:49:33,556 - INFO -
| Epoch:    474 | Train loss: 0.0234 | Valid loss: 0.1394 | Train acc: 0.9839 | Valid acc: 0.9268 | patience: 391 | Epoch time: 0.6 |

2023-01-07 21:49:34,119 - INFO -
| Epoch:    475 | Train loss: 0.0219 | Valid loss: 0.1519 | Train acc: 0.9839 | Valid acc: 0.9268 | patience: 392 | Epoch time: 0.6 |

2023-01-07 21:49:34,682 - INFO -
| Epoch:    476 | Train loss: 0.0194 | Valid loss: 0.1745 | Train acc: 0.9839 | Valid acc: 0.9268 | patience: 393 | Epoch time: 0.6 |

2023-01-07 21:49:35,245 - INFO -
| Epoch:    477 | Train loss: 0.0266 | Valid loss: 0.1461 | Train acc: 0.9919 | Valid acc: 0.9268 | patience: 394 | Epoch time: 0.6 |

2023-01-07 21:49:35,809 - INFO -
| Epoch:    478 | Train loss: 0.0191 | Valid loss: 0.1377 | Train acc: 0.9839 | Valid acc: 0.9268 | patience: 395 | Epoch time: 0.6 |

2023-01-07 21:49:36,372 - INFO -
| Epoch:    479 | Train loss: 0.0221 | Valid loss: 0.1400 | Train acc: 0.9839 | Valid acc: 0.9268 | patience: 396 | Epoch time: 0.6 |

2023-01-07 21:49:36,934 - INFO -
| Epoch:    480 | Train loss: 0.0208 | Valid loss: 0.1481 | Train acc: 0.9839 | Valid acc: 0.9268 | patience: 397 | Epoch time: 0.6 |

2023-01-07 21:49:37,496 - INFO -
| Epoch:    481 | Train loss: 0.0185 | Valid loss: 0.1664 | Train acc: 0.9839 | Valid acc: 0.9268 | patience: 398 | Epoch time: 0.6 |

2023-01-07 21:49:38,059 - INFO -
| Epoch:    482 | Train loss: 0.0243 | Valid loss: 0.1424 | Train acc: 0.9919 | Valid acc: 0.9268 | patience: 399 | Epoch time: 0.6 |

2023-01-07 21:49:38,622 - INFO -
| Epoch:    483 | Train loss: 0.0189 | Valid loss: 0.1365 | Train acc: 0.9839 | Valid acc: 0.9268 | patience: 400 | Epoch time: 0.6 |

2023-01-07 21:49:39,184 - INFO -
| Epoch:    484 | Train loss: 0.0220 | Valid loss: 0.1406 | Train acc: 0.9839 | Valid acc: 0.9268 | patience: 401 | Epoch time: 0.6 |

2023-01-07 21:49:39,745 - INFO -
| Epoch:    485 | Train loss: 0.0196 | Valid loss: 0.1634 | Train acc: 0.9839 | Valid acc: 0.9268 | patience: 402 | Epoch time: 0.6 |

2023-01-07 21:49:40,308 - INFO -
| Epoch:    486 | Train loss: 0.0233 | Valid loss: 0.1475 | Train acc: 0.9919 | Valid acc: 0.9268 | patience: 403 | Epoch time: 0.6 |

2023-01-07 21:49:40,874 - INFO -
| Epoch:    487 | Train loss: 0.0180 | Valid loss: 0.1390 | Train acc: 0.9839 | Valid acc: 0.9268 | patience: 404 | Epoch time: 0.6 |

2023-01-07 21:49:41,437 - INFO -
| Epoch:    488 | Train loss: 0.0210 | Valid loss: 0.1397 | Train acc: 0.9839 | Valid acc: 0.9268 | patience: 405 | Epoch time: 0.6 |

2023-01-07 21:49:42,000 - INFO -
| Epoch:    489 | Train loss: 0.0209 | Valid loss: 0.1471 | Train acc: 0.9839 | Valid acc: 0.9268 | patience: 406 | Epoch time: 0.6 |

2023-01-07 21:49:42,562 - INFO -
| Epoch:    490 | Train loss: 0.0184 | Valid loss: 0.1643 | Train acc: 0.9839 | Valid acc: 0.9268 | patience: 407 | Epoch time: 0.6 |

2023-01-07 21:49:43,124 - INFO -
| Epoch:    491 | Train loss: 0.0234 | Valid loss: 0.1430 | Train acc: 0.9919 | Valid acc: 0.9268 | patience: 408 | Epoch time: 0.6 |

2023-01-07 21:49:43,686 - INFO -
| Epoch:    492 | Train loss: 0.0197 | Valid loss: 0.1361 | Train acc: 0.9839 | Valid acc: 0.9268 | patience: 409 | Epoch time: 0.6 |

2023-01-07 21:49:44,249 - INFO -
| Epoch:    493 | Train loss: 0.0239 | Valid loss: 0.1411 | Train acc: 0.9839 | Valid acc: 0.9268 | patience: 410 | Epoch time: 0.6 |

2023-01-07 21:49:44,811 - INFO -
| Epoch:    494 | Train loss: 0.0199 | Valid loss: 0.1585 | Train acc: 0.9839 | Valid acc: 0.9268 | patience: 411 | Epoch time: 0.6 |

2023-01-07 21:49:45,372 - INFO -
| Epoch:    495 | Train loss: 0.0207 | Valid loss: 0.1537 | Train acc: 0.9919 | Valid acc: 0.9268 | patience: 412 | Epoch time: 0.6 |

2023-01-07 21:49:45,935 - INFO -
| Epoch:    496 | Train loss: 0.0195 | Valid loss: 0.1447 | Train acc: 0.9839 | Valid acc: 0.9268 | patience: 413 | Epoch time: 0.6 |

2023-01-07 21:49:46,497 - INFO -
| Epoch:    497 | Train loss: 0.0198 | Valid loss: 0.1416 | Train acc: 0.9839 | Valid acc: 0.9268 | patience: 414 | Epoch time: 0.6 |

2023-01-07 21:49:47,059 - INFO -
| Epoch:    498 | Train loss: 0.0194 | Valid loss: 0.1503 | Train acc: 0.9839 | Valid acc: 0.9268 | patience: 415 | Epoch time: 0.6 |

2023-01-07 21:49:47,620 - INFO -
| Epoch:    499 | Train loss: 0.0208 | Valid loss: 0.1470 | Train acc: 0.9839 | Valid acc: 0.9268 | patience: 416 | Epoch time: 0.6 |

2023-01-07 21:49:48,184 - INFO -
| Epoch:    500 | Train loss: 0.0180 | Valid loss: 0.1440 | Train acc: 0.9839 | Valid acc: 0.9268 | patience: 417 | Epoch time: 0.6 |

2023-01-07 21:49:48,746 - INFO -
| Epoch:    501 | Train loss: 0.0183 | Valid loss: 0.1470 | Train acc: 0.9839 | Valid acc: 0.9268 | patience: 418 | Epoch time: 0.6 |

2023-01-07 21:49:49,308 - INFO -
| Epoch:    502 | Train loss: 0.0185 | Valid loss: 0.1490 | Train acc: 0.9839 | Valid acc: 0.9268 | patience: 419 | Epoch time: 0.6 |

2023-01-07 21:49:49,871 - INFO -
| Epoch:    503 | Train loss: 0.0185 | Valid loss: 0.1422 | Train acc: 0.9839 | Valid acc: 0.9268 | patience: 420 | Epoch time: 0.6 |

2023-01-07 21:49:50,436 - INFO -
| Epoch:    504 | Train loss: 0.0184 | Valid loss: 0.1430 | Train acc: 0.9839 | Valid acc: 0.9268 | patience: 421 | Epoch time: 0.6 |

2023-01-07 21:49:50,998 - INFO -
| Epoch:    505 | Train loss: 0.0180 | Valid loss: 0.1538 | Train acc: 0.9839 | Valid acc: 0.9268 | patience: 422 | Epoch time: 0.6 |

2023-01-07 21:49:51,560 - INFO -
| Epoch:    506 | Train loss: 0.0202 | Valid loss: 0.1402 | Train acc: 0.9839 | Valid acc: 0.9268 | patience: 423 | Epoch time: 0.6 |

2023-01-07 21:49:52,123 - INFO -
| Epoch:    507 | Train loss: 0.0192 | Valid loss: 0.1416 | Train acc: 0.9839 | Valid acc: 0.9268 | patience: 424 | Epoch time: 0.6 |

2023-01-07 21:49:52,684 - INFO -
| Epoch:    508 | Train loss: 0.0186 | Valid loss: 0.1466 | Train acc: 0.9839 | Valid acc: 0.9268 | patience: 425 | Epoch time: 0.6 |

2023-01-07 21:49:53,247 - INFO -
| Epoch:    509 | Train loss: 0.0181 | Valid loss: 0.1478 | Train acc: 0.9839 | Valid acc: 0.9268 | patience: 426 | Epoch time: 0.6 |

2023-01-07 21:49:53,810 - INFO -
| Epoch:    510 | Train loss: 0.0184 | Valid loss: 0.1421 | Train acc: 0.9839 | Valid acc: 0.9268 | patience: 427 | Epoch time: 0.6 |

2023-01-07 21:49:54,372 - INFO -
| Epoch:    511 | Train loss: 0.0189 | Valid loss: 0.1430 | Train acc: 0.9839 | Valid acc: 0.9268 | patience: 428 | Epoch time: 0.6 |

2023-01-07 21:49:54,935 - INFO -
| Epoch:    512 | Train loss: 0.0185 | Valid loss: 0.1493 | Train acc: 0.9839 | Valid acc: 0.9268 | patience: 429 | Epoch time: 0.6 |

2023-01-07 21:49:55,499 - INFO -
| Epoch:    513 | Train loss: 0.0195 | Valid loss: 0.1519 | Train acc: 0.9839 | Valid acc: 0.9268 | patience: 430 | Epoch time: 0.6 |

2023-01-07 21:49:56,062 - INFO -
| Epoch:    514 | Train loss: 0.0199 | Valid loss: 0.1418 | Train acc: 0.9919 | Valid acc: 0.9268 | patience: 431 | Epoch time: 0.6 |

2023-01-07 21:49:56,625 - INFO -
| Epoch:    515 | Train loss: 0.0241 | Valid loss: 0.1334 | Train acc: 0.9839 | Valid acc: 0.9268 | patience: 432 | Epoch time: 0.6 |

2023-01-07 21:49:57,187 - INFO -
| Epoch:    516 | Train loss: 0.0239 | Valid loss: 0.1444 | Train acc: 0.9839 | Valid acc: 0.9268 | patience: 433 | Epoch time: 0.6 |

2023-01-07 21:49:57,750 - INFO -
| Epoch:    517 | Train loss: 0.0179 | Valid loss: 0.1596 | Train acc: 0.9839 | Valid acc: 0.9268 | patience: 434 | Epoch time: 0.6 |

2023-01-07 21:49:58,312 - INFO -
| Epoch:    518 | Train loss: 0.0244 | Valid loss: 0.1373 | Train acc: 0.9919 | Valid acc: 0.9268 | patience: 435 | Epoch time: 0.6 |

2023-01-07 21:49:58,874 - INFO -
| Epoch:    519 | Train loss: 0.0210 | Valid loss: 0.1339 | Train acc: 0.9839 | Valid acc: 0.9268 | patience: 436 | Epoch time: 0.6 |

2023-01-07 21:49:59,436 - INFO -
| Epoch:    520 | Train loss: 0.0228 | Valid loss: 0.1620 | Train acc: 0.9839 | Valid acc: 0.9024 | patience: 437 | Epoch time: 0.6 |

2023-01-07 21:49:59,999 - INFO -
| Epoch:    521 | Train loss: 0.0265 | Valid loss: 0.1699 | Train acc: 0.9758 | Valid acc: 0.9268 | patience: 438 | Epoch time: 0.6 |

2023-01-07 21:50:00,564 - INFO -
| Epoch:    522 | Train loss: 0.0281 | Valid loss: 0.1402 | Train acc: 0.9919 | Valid acc: 0.9268 | patience: 439 | Epoch time: 0.6 |

2023-01-07 21:50:01,127 - INFO -
| Epoch:    523 | Train loss: 0.0199 | Valid loss: 0.1353 | Train acc: 0.9839 | Valid acc: 0.9268 | patience: 440 | Epoch time: 0.6 |

2023-01-07 21:50:01,690 - INFO -
| Epoch:    524 | Train loss: 0.0406 | Valid loss: 0.1451 | Train acc: 0.9677 | Valid acc: 0.9268 | patience: 441 | Epoch time: 0.6 |

2023-01-07 21:50:02,253 - INFO -
| Epoch:    525 | Train loss: 0.0185 | Valid loss: 0.1754 | Train acc: 0.9839 | Valid acc: 0.9268 | patience: 442 | Epoch time: 0.6 |

2023-01-07 21:50:02,815 - INFO -
| Epoch:    526 | Train loss: 0.0277 | Valid loss: 0.1496 | Train acc: 0.9919 | Valid acc: 0.9268 | patience: 443 | Epoch time: 0.6 |

2023-01-07 21:50:03,378 - INFO -
| Epoch:    527 | Train loss: 0.0208 | Valid loss: 0.1421 | Train acc: 0.9839 | Valid acc: 0.9268 | patience: 444 | Epoch time: 0.6 |

2023-01-07 21:50:03,940 - INFO -
| Epoch:    528 | Train loss: 0.0238 | Valid loss: 0.1369 | Train acc: 0.9839 | Valid acc: 0.9268 | patience: 445 | Epoch time: 0.6 |

2023-01-07 21:50:04,503 - INFO -
| Epoch:    529 | Train loss: 0.0228 | Valid loss: 0.1460 | Train acc: 0.9839 | Valid acc: 0.9268 | patience: 446 | Epoch time: 0.6 |

2023-01-07 21:50:05,066 - INFO -
| Epoch:    530 | Train loss: 0.0187 | Valid loss: 0.1723 | Train acc: 0.9839 | Valid acc: 0.9268 | patience: 447 | Epoch time: 0.6 |

2023-01-07 21:50:05,628 - INFO -
| Epoch:    531 | Train loss: 0.0290 | Valid loss: 0.1472 | Train acc: 0.9919 | Valid acc: 0.9268 | patience: 448 | Epoch time: 0.6 |

2023-01-07 21:50:06,192 - INFO -
| Epoch:    532 | Train loss: 0.0183 | Valid loss: 0.1378 | Train acc: 0.9839 | Valid acc: 0.9268 | patience: 449 | Epoch time: 0.6 |

2023-01-07 21:50:06,753 - INFO -
| Epoch:    533 | Train loss: 0.0210 | Valid loss: 0.1401 | Train acc: 0.9839 | Valid acc: 0.9268 | patience: 450 | Epoch time: 0.6 |

2023-01-07 21:50:07,315 - INFO -
| Epoch:    534 | Train loss: 0.0234 | Valid loss: 0.1511 | Train acc: 0.9839 | Valid acc: 0.9268 | patience: 451 | Epoch time: 0.6 |

2023-01-07 21:50:07,877 - INFO -
| Epoch:    535 | Train loss: 0.0215 | Valid loss: 0.1548 | Train acc: 0.9839 | Valid acc: 0.9268 | patience: 452 | Epoch time: 0.6 |

2023-01-07 21:50:08,440 - INFO -
| Epoch:    536 | Train loss: 0.0204 | Valid loss: 0.1510 | Train acc: 0.9919 | Valid acc: 0.9268 | patience: 453 | Epoch time: 0.6 |

2023-01-07 21:50:09,002 - INFO -
| Epoch:    537 | Train loss: 0.0191 | Valid loss: 0.1408 | Train acc: 0.9839 | Valid acc: 0.9268 | patience: 454 | Epoch time: 0.6 |

2023-01-07 21:50:09,565 - INFO -
| Epoch:    538 | Train loss: 0.0286 | Valid loss: 0.1417 | Train acc: 0.9758 | Valid acc: 0.9268 | patience: 455 | Epoch time: 0.6 |

2023-01-07 21:50:10,127 - INFO -
| Epoch:    539 | Train loss: 0.0184 | Valid loss: 0.1514 | Train acc: 0.9839 | Valid acc: 0.9268 | patience: 456 | Epoch time: 0.6 |

2023-01-07 21:50:10,689 - INFO -
| Epoch:    540 | Train loss: 0.0192 | Valid loss: 0.1450 | Train acc: 0.9839 | Valid acc: 0.9268 | patience: 457 | Epoch time: 0.6 |

2023-01-07 21:50:11,251 - INFO -
| Epoch:    541 | Train loss: 0.0186 | Valid loss: 0.1373 | Train acc: 0.9839 | Valid acc: 0.9268 | patience: 458 | Epoch time: 0.6 |

2023-01-07 21:50:11,813 - INFO -
| Epoch:    542 | Train loss: 0.0218 | Valid loss: 0.1379 | Train acc: 0.9839 | Valid acc: 0.9268 | patience: 459 | Epoch time: 0.6 |

2023-01-07 21:50:12,375 - INFO -
| Epoch:    543 | Train loss: 0.0194 | Valid loss: 0.1560 | Train acc: 0.9839 | Valid acc: 0.9268 | patience: 460 | Epoch time: 0.6 |

2023-01-07 21:50:12,937 - INFO -
| Epoch:    544 | Train loss: 0.0209 | Valid loss: 0.1434 | Train acc: 0.9919 | Valid acc: 0.9268 | patience: 461 | Epoch time: 0.6 |

2023-01-07 21:50:13,501 - INFO -
| Epoch:    545 | Train loss: 0.0185 | Valid loss: 0.1414 | Train acc: 0.9839 | Valid acc: 0.9268 | patience: 462 | Epoch time: 0.6 |

2023-01-07 21:50:14,063 - INFO -
| Epoch:    546 | Train loss: 0.0187 | Valid loss: 0.1448 | Train acc: 0.9839 | Valid acc: 0.9268 | patience: 463 | Epoch time: 0.6 |

2023-01-07 21:50:14,625 - INFO -
| Epoch:    547 | Train loss: 0.0178 | Valid loss: 0.1544 | Train acc: 0.9839 | Valid acc: 0.9268 | patience: 464 | Epoch time: 0.6 |

2023-01-07 21:50:15,188 - INFO -
| Epoch:    548 | Train loss: 0.0201 | Valid loss: 0.1414 | Train acc: 0.9919 | Valid acc: 0.9268 | patience: 465 | Epoch time: 0.6 |

2023-01-07 21:50:15,751 - INFO -
| Epoch:    549 | Train loss: 0.0188 | Valid loss: 0.1390 | Train acc: 0.9839 | Valid acc: 0.9268 | patience: 466 | Epoch time: 0.6 |

2023-01-07 21:50:16,313 - INFO -
| Epoch:    550 | Train loss: 0.0197 | Valid loss: 0.1414 | Train acc: 0.9839 | Valid acc: 0.9268 | patience: 467 | Epoch time: 0.6 |

2023-01-07 21:50:16,876 - INFO -
| Epoch:    551 | Train loss: 0.0184 | Valid loss: 0.1512 | Train acc: 0.9839 | Valid acc: 0.9268 | patience: 468 | Epoch time: 0.6 |

2023-01-07 21:50:17,440 - INFO -
| Epoch:    552 | Train loss: 0.0191 | Valid loss: 0.1472 | Train acc: 0.9839 | Valid acc: 0.9268 | patience: 469 | Epoch time: 0.6 |

2023-01-07 21:50:18,001 - INFO -
| Epoch:    553 | Train loss: 0.0181 | Valid loss: 0.1364 | Train acc: 0.9839 | Valid acc: 0.9268 | patience: 470 | Epoch time: 0.6 |

2023-01-07 21:50:18,564 - INFO -
| Epoch:    554 | Train loss: 0.0201 | Valid loss: 0.1377 | Train acc: 0.9839 | Valid acc: 0.9268 | patience: 471 | Epoch time: 0.6 |

2023-01-07 21:50:19,126 - INFO -
| Epoch:    555 | Train loss: 0.0194 | Valid loss: 0.1531 | Train acc: 0.9839 | Valid acc: 0.9268 | patience: 472 | Epoch time: 0.6 |

2023-01-07 21:50:19,690 - INFO -
| Epoch:    556 | Train loss: 0.0197 | Valid loss: 0.1408 | Train acc: 0.9919 | Valid acc: 0.9268 | patience: 473 | Epoch time: 0.6 |

2023-01-07 21:50:20,252 - INFO -
| Epoch:    557 | Train loss: 0.0179 | Valid loss: 0.1421 | Train acc: 0.9839 | Valid acc: 0.9268 | patience: 474 | Epoch time: 0.6 |

2023-01-07 21:50:20,815 - INFO -
| Epoch:    558 | Train loss: 0.0177 | Valid loss: 0.1473 | Train acc: 0.9839 | Valid acc: 0.9268 | patience: 475 | Epoch time: 0.6 |

2023-01-07 21:50:21,377 - INFO -
| Epoch:    559 | Train loss: 0.0179 | Valid loss: 0.1484 | Train acc: 0.9839 | Valid acc: 0.9268 | patience: 476 | Epoch time: 0.6 |

2023-01-07 21:50:21,940 - INFO -
| Epoch:    560 | Train loss: 0.0180 | Valid loss: 0.1419 | Train acc: 0.9839 | Valid acc: 0.9268 | patience: 477 | Epoch time: 0.6 |

2023-01-07 21:50:22,504 - INFO -
| Epoch:    561 | Train loss: 0.0177 | Valid loss: 0.1421 | Train acc: 0.9839 | Valid acc: 0.9268 | patience: 478 | Epoch time: 0.6 |

2023-01-07 21:50:23,066 - INFO -
| Epoch:    562 | Train loss: 0.0176 | Valid loss: 0.1405 | Train acc: 0.9839 | Valid acc: 0.9268 | patience: 479 | Epoch time: 0.6 |

2023-01-07 21:50:23,628 - INFO -
| Epoch:    563 | Train loss: 0.0178 | Valid loss: 0.1439 | Train acc: 0.9839 | Valid acc: 0.9268 | patience: 480 | Epoch time: 0.6 |

2023-01-07 21:50:24,193 - INFO -
| Epoch:    564 | Train loss: 0.0176 | Valid loss: 0.1444 | Train acc: 0.9839 | Valid acc: 0.9268 | patience: 481 | Epoch time: 0.6 |

2023-01-07 21:50:24,756 - INFO -
| Epoch:    565 | Train loss: 0.0176 | Valid loss: 0.1416 | Train acc: 0.9839 | Valid acc: 0.9268 | patience: 482 | Epoch time: 0.6 |

2023-01-07 21:50:25,320 - INFO -
| Epoch:    566 | Train loss: 0.0174 | Valid loss: 0.1411 | Train acc: 0.9839 | Valid acc: 0.9268 | patience: 483 | Epoch time: 0.6 |

2023-01-07 21:50:25,884 - INFO -
| Epoch:    567 | Train loss: 0.0173 | Valid loss: 0.1491 | Train acc: 0.9839 | Valid acc: 0.9268 | patience: 484 | Epoch time: 0.6 |

2023-01-07 21:50:26,446 - INFO -
| Epoch:    568 | Train loss: 0.0189 | Valid loss: 0.1346 | Train acc: 0.9839 | Valid acc: 0.9268 | patience: 485 | Epoch time: 0.6 |

2023-01-07 21:50:27,008 - INFO -
| Epoch:    569 | Train loss: 0.0200 | Valid loss: 0.1358 | Train acc: 0.9839 | Valid acc: 0.9268 | patience: 486 | Epoch time: 0.6 |

2023-01-07 21:50:27,570 - INFO -
| Epoch:    570 | Train loss: 0.0195 | Valid loss: 0.1500 | Train acc: 0.9839 | Valid acc: 0.9268 | patience: 487 | Epoch time: 0.6 |

2023-01-07 21:50:28,133 - INFO -
| Epoch:    571 | Train loss: 0.0193 | Valid loss: 0.1388 | Train acc: 0.9919 | Valid acc: 0.9268 | patience: 488 | Epoch time: 0.6 |

2023-01-07 21:50:28,696 - INFO -
| Epoch:    572 | Train loss: 0.0182 | Valid loss: 0.1383 | Train acc: 0.9839 | Valid acc: 0.9268 | patience: 489 | Epoch time: 0.6 |

2023-01-07 21:50:29,258 - INFO -
| Epoch:    573 | Train loss: 0.0187 | Valid loss: 0.1430 | Train acc: 0.9839 | Valid acc: 0.9268 | patience: 490 | Epoch time: 0.6 |

2023-01-07 21:50:29,820 - INFO -
| Epoch:    574 | Train loss: 0.0177 | Valid loss: 0.1468 | Train acc: 0.9839 | Valid acc: 0.9268 | patience: 491 | Epoch time: 0.6 |

2023-01-07 21:50:30,383 - INFO -
| Epoch:    575 | Train loss: 0.0182 | Valid loss: 0.1402 | Train acc: 0.9839 | Valid acc: 0.9268 | patience: 492 | Epoch time: 0.6 |

2023-01-07 21:50:30,946 - INFO -
| Epoch:    576 | Train loss: 0.0177 | Valid loss: 0.1414 | Train acc: 0.9839 | Valid acc: 0.9268 | patience: 493 | Epoch time: 0.6 |

2023-01-07 21:50:31,509 - INFO -
| Epoch:    577 | Train loss: 0.0173 | Valid loss: 0.1474 | Train acc: 0.9839 | Valid acc: 0.9268 | patience: 494 | Epoch time: 0.6 |

2023-01-07 21:50:32,072 - INFO -
| Epoch:    578 | Train loss: 0.0179 | Valid loss: 0.1369 | Train acc: 0.9839 | Valid acc: 0.9268 | patience: 495 | Epoch time: 0.6 |

2023-01-07 21:50:32,636 - INFO -
| Epoch:    579 | Train loss: 0.0190 | Valid loss: 0.1379 | Train acc: 0.9839 | Valid acc: 0.9268 | patience: 496 | Epoch time: 0.6 |

2023-01-07 21:50:33,198 - INFO -
| Epoch:    580 | Train loss: 0.0184 | Valid loss: 0.1498 | Train acc: 0.9839 | Valid acc: 0.9268 | patience: 497 | Epoch time: 0.6 |

2023-01-07 21:50:33,761 - INFO -
| Epoch:    581 | Train loss: 0.0189 | Valid loss: 0.1342 | Train acc: 0.9919 | Valid acc: 0.9268 | patience: 498 | Epoch time: 0.6 |

2023-01-07 21:50:34,325 - INFO -
| Epoch:    582 | Train loss: 0.0202 | Valid loss: 0.1345 | Train acc: 0.9839 | Valid acc: 0.9268 | patience: 499 | Epoch time: 0.6 |

2023-01-07 21:50:34,888 - INFO -
| Epoch:    583 | Train loss: 0.0200 | Valid loss: 0.1480 | Train acc: 0.9839 | Valid acc: 0.9268 | patience: 500 | Epoch time: 0.6 |

2023-01-07 21:50:35,451 - INFO -
Early stop.

2023-01-07 21:50:35,459 - INFO -
Training if finished.

