2023-01-07 21:50:19,521 - INFO -
gmin                0.01
gmax                10.0
T                   0.1
m                   0.3
ACT_eta1            0.134
ACT_eta2            0.962
ACT_eta3            0.183
ACT_eta4            24.1
NEG_eta1            -0.104
NEG_eta2            0.899
NEG_eta3            -0.056
NEG_eta4            3.858
hidden              [3]
SEED                6
DEVICE              cuda
TIMELIMITATION      45
PATIENCE            500
EPOCH               10000000000
DATASET             11
LR                  0.1
PROGRESSIVE         False
LR_PATIENCE         100
LR_DECAY            0.5
LR_MIN              0.0001
MODE                nominal
M_train             1
K_train             1
M_test              500
K_test              500
t_test_max          10
integration         MC
VARIATION           False
N_train             1
e_train             0.0
N_test              100
e_test              0.1
projectname         ICCAD_2022
temppath            ./ICCAD_2022/temp/
logfilepath         ./ICCAD_2022/log/
recording           False
recordpath          ./ICCAD_2022/record/
savepath            ./ICCAD_2022/models/
loglevel            info


2023-01-07 21:50:19,522 - INFO -
Training network on device: cuda.

2023-01-07 21:50:19,522 - INFO -
Training setup: vertebralcolumn2clases_6_nominal_0.0_1_MC.

2023-01-07 21:50:19,522 - INFO -
Dataset "vertebralcolumn2clases" has 6 input features and 2 classes. There are 184 training examples, 61 valid examples, and 63 test examples in the dataset.

2023-01-07 21:50:19,522 - INFO -
Topology of the network: [6, 3, 2].

2023-01-07 21:50:20,022 - INFO -
| Epoch:      0 | Train loss: 0.6999 | Valid loss: 0.6928 | Train acc: 0.6902 | Valid acc: 0.6066 | patience:   0 | Epoch time: 0.5 |

2023-01-07 21:50:20,495 - INFO -
| Epoch:      1 | Train loss: 0.6926 | Valid loss: 0.5631 | Train acc: 0.6250 | Valid acc: 0.6721 | patience:   0 | Epoch time: 0.5 |

2023-01-07 21:50:20,968 - INFO -
| Epoch:      2 | Train loss: 0.5239 | Valid loss: 0.6135 | Train acc: 0.6957 | Valid acc: 0.6721 | patience:   1 | Epoch time: 0.5 |

2023-01-07 21:50:21,439 - INFO -
| Epoch:      3 | Train loss: 0.5708 | Valid loss: 0.5795 | Train acc: 0.6957 | Valid acc: 0.6721 | patience:   2 | Epoch time: 0.5 |

2023-01-07 21:50:21,913 - INFO -
| Epoch:      4 | Train loss: 0.5389 | Valid loss: 0.4809 | Train acc: 0.6957 | Valid acc: 0.6721 | patience:   0 | Epoch time: 0.5 |

2023-01-07 21:50:22,383 - INFO -
| Epoch:      5 | Train loss: 0.4493 | Valid loss: 0.5868 | Train acc: 0.6957 | Valid acc: 0.6721 | patience:   1 | Epoch time: 0.5 |

2023-01-07 21:50:22,855 - INFO -
| Epoch:      6 | Train loss: 0.5685 | Valid loss: 0.5427 | Train acc: 0.6957 | Valid acc: 0.6721 | patience:   2 | Epoch time: 0.5 |

2023-01-07 21:50:23,324 - INFO -
| Epoch:      7 | Train loss: 0.5241 | Valid loss: 0.4887 | Train acc: 0.6957 | Valid acc: 0.6721 | patience:   3 | Epoch time: 0.5 |

2023-01-07 21:50:23,796 - INFO -
| Epoch:      8 | Train loss: 0.4558 | Valid loss: 0.5291 | Train acc: 0.6957 | Valid acc: 0.6721 | patience:   4 | Epoch time: 0.5 |

2023-01-07 21:50:24,267 - INFO -
| Epoch:      9 | Train loss: 0.4964 | Valid loss: 0.4887 | Train acc: 0.6957 | Valid acc: 0.6721 | patience:   5 | Epoch time: 0.5 |

2023-01-07 21:50:24,741 - INFO -
| Epoch:     10 | Train loss: 0.4654 | Valid loss: 0.4279 | Train acc: 0.6957 | Valid acc: 0.6721 | patience:   0 | Epoch time: 0.5 |

2023-01-07 21:50:25,212 - INFO -
| Epoch:     11 | Train loss: 0.4317 | Valid loss: 0.4389 | Train acc: 0.6957 | Valid acc: 0.6557 | patience:   1 | Epoch time: 0.5 |

2023-01-07 21:50:25,683 - INFO -
| Epoch:     12 | Train loss: 0.4536 | Valid loss: 0.4306 | Train acc: 0.7065 | Valid acc: 0.6721 | patience:   2 | Epoch time: 0.5 |

2023-01-07 21:50:26,157 - INFO -
| Epoch:     13 | Train loss: 0.4452 | Valid loss: 0.4153 | Train acc: 0.7065 | Valid acc: 0.6721 | patience:   0 | Epoch time: 0.5 |

2023-01-07 21:50:26,628 - INFO -
| Epoch:     14 | Train loss: 0.4213 | Valid loss: 0.4378 | Train acc: 0.6957 | Valid acc: 0.6721 | patience:   1 | Epoch time: 0.5 |

2023-01-07 21:50:27,100 - INFO -
| Epoch:     15 | Train loss: 0.4251 | Valid loss: 0.4490 | Train acc: 0.6957 | Valid acc: 0.6721 | patience:   2 | Epoch time: 0.5 |

2023-01-07 21:50:27,570 - INFO -
| Epoch:     16 | Train loss: 0.4305 | Valid loss: 0.4333 | Train acc: 0.6957 | Valid acc: 0.6721 | patience:   3 | Epoch time: 0.5 |

2023-01-07 21:50:28,044 - INFO -
| Epoch:     17 | Train loss: 0.4146 | Valid loss: 0.4050 | Train acc: 0.6957 | Valid acc: 0.6721 | patience:   0 | Epoch time: 0.5 |

2023-01-07 21:50:28,515 - INFO -
| Epoch:     18 | Train loss: 0.3952 | Valid loss: 0.3928 | Train acc: 0.6957 | Valid acc: 0.6885 | patience:   0 | Epoch time: 0.5 |

2023-01-07 21:50:28,989 - INFO -
| Epoch:     19 | Train loss: 0.3934 | Valid loss: 0.3860 | Train acc: 0.7120 | Valid acc: 0.7049 | patience:   0 | Epoch time: 0.5 |

2023-01-07 21:50:29,460 - INFO -
| Epoch:     20 | Train loss: 0.3820 | Valid loss: 0.3755 | Train acc: 0.7174 | Valid acc: 0.7049 | patience:   0 | Epoch time: 0.5 |

2023-01-07 21:50:29,933 - INFO -
| Epoch:     21 | Train loss: 0.3626 | Valid loss: 0.3828 | Train acc: 0.7065 | Valid acc: 0.6885 | patience:   1 | Epoch time: 0.5 |

2023-01-07 21:50:30,405 - INFO -
| Epoch:     22 | Train loss: 0.3558 | Valid loss: 0.3661 | Train acc: 0.7011 | Valid acc: 0.7377 | patience:   0 | Epoch time: 0.5 |

2023-01-07 21:50:30,877 - INFO -
| Epoch:     23 | Train loss: 0.3398 | Valid loss: 0.3348 | Train acc: 0.7283 | Valid acc: 0.7705 | patience:   0 | Epoch time: 0.5 |

2023-01-07 21:50:31,350 - INFO -
| Epoch:     24 | Train loss: 0.3194 | Valid loss: 0.3142 | Train acc: 0.8478 | Valid acc: 0.8033 | patience:   0 | Epoch time: 0.5 |

2023-01-07 21:50:31,821 - INFO -
| Epoch:     25 | Train loss: 0.3027 | Valid loss: 0.2967 | Train acc: 0.8478 | Valid acc: 0.8033 | patience:   0 | Epoch time: 0.5 |

2023-01-07 21:50:32,292 - INFO -
| Epoch:     26 | Train loss: 0.2781 | Valid loss: 0.3077 | Train acc: 0.8641 | Valid acc: 0.7705 | patience:   1 | Epoch time: 0.5 |

2023-01-07 21:50:32,764 - INFO -
| Epoch:     27 | Train loss: 0.2622 | Valid loss: 0.2824 | Train acc: 0.8641 | Valid acc: 0.8033 | patience:   0 | Epoch time: 0.5 |

2023-01-07 21:50:33,233 - INFO -
| Epoch:     28 | Train loss: 0.2469 | Valid loss: 0.2877 | Train acc: 0.8533 | Valid acc: 0.8033 | patience:   1 | Epoch time: 0.5 |

2023-01-07 21:50:33,704 - INFO -
| Epoch:     29 | Train loss: 0.2368 | Valid loss: 0.2962 | Train acc: 0.8641 | Valid acc: 0.8033 | patience:   2 | Epoch time: 0.5 |

2023-01-07 21:50:34,175 - INFO -
| Epoch:     30 | Train loss: 0.2299 | Valid loss: 0.2909 | Train acc: 0.8696 | Valid acc: 0.8033 | patience:   3 | Epoch time: 0.5 |

2023-01-07 21:50:34,645 - INFO -
| Epoch:     31 | Train loss: 0.2230 | Valid loss: 0.2914 | Train acc: 0.8587 | Valid acc: 0.8033 | patience:   4 | Epoch time: 0.5 |

2023-01-07 21:50:35,115 - INFO -
| Epoch:     32 | Train loss: 0.2176 | Valid loss: 0.3027 | Train acc: 0.8587 | Valid acc: 0.8033 | patience:   5 | Epoch time: 0.5 |

2023-01-07 21:50:35,585 - INFO -
| Epoch:     33 | Train loss: 0.2120 | Valid loss: 0.3069 | Train acc: 0.8804 | Valid acc: 0.8033 | patience:   6 | Epoch time: 0.5 |

2023-01-07 21:50:36,054 - INFO -
| Epoch:     34 | Train loss: 0.2064 | Valid loss: 0.3048 | Train acc: 0.8804 | Valid acc: 0.7869 | patience:   7 | Epoch time: 0.5 |

2023-01-07 21:50:36,524 - INFO -
| Epoch:     35 | Train loss: 0.2075 | Valid loss: 0.3225 | Train acc: 0.8750 | Valid acc: 0.8197 | patience:   8 | Epoch time: 0.5 |

2023-01-07 21:50:36,994 - INFO -
| Epoch:     36 | Train loss: 0.2149 | Valid loss: 0.3170 | Train acc: 0.8804 | Valid acc: 0.8033 | patience:   9 | Epoch time: 0.5 |

2023-01-07 21:50:37,465 - INFO -
| Epoch:     37 | Train loss: 0.2073 | Valid loss: 0.3188 | Train acc: 0.8859 | Valid acc: 0.7869 | patience:  10 | Epoch time: 0.5 |

2023-01-07 21:50:37,935 - INFO -
| Epoch:     38 | Train loss: 0.1971 | Valid loss: 0.3295 | Train acc: 0.8804 | Valid acc: 0.8197 | patience:  11 | Epoch time: 0.5 |

2023-01-07 21:50:38,405 - INFO -
| Epoch:     39 | Train loss: 0.2064 | Valid loss: 0.3204 | Train acc: 0.8859 | Valid acc: 0.8033 | patience:  12 | Epoch time: 0.5 |

2023-01-07 21:50:38,875 - INFO -
| Epoch:     40 | Train loss: 0.1948 | Valid loss: 0.3208 | Train acc: 0.8804 | Valid acc: 0.8033 | patience:  13 | Epoch time: 0.5 |

2023-01-07 21:50:39,344 - INFO -
| Epoch:     41 | Train loss: 0.1953 | Valid loss: 0.3361 | Train acc: 0.8804 | Valid acc: 0.8197 | patience:  14 | Epoch time: 0.5 |

2023-01-07 21:50:39,814 - INFO -
| Epoch:     42 | Train loss: 0.2039 | Valid loss: 0.3206 | Train acc: 0.8859 | Valid acc: 0.7869 | patience:  15 | Epoch time: 0.5 |

2023-01-07 21:50:40,284 - INFO -
| Epoch:     43 | Train loss: 0.1931 | Valid loss: 0.3192 | Train acc: 0.8804 | Valid acc: 0.7869 | patience:  16 | Epoch time: 0.5 |

2023-01-07 21:50:40,755 - INFO -
| Epoch:     44 | Train loss: 0.1926 | Valid loss: 0.3329 | Train acc: 0.8750 | Valid acc: 0.8033 | patience:  17 | Epoch time: 0.5 |

2023-01-07 21:50:41,227 - INFO -
| Epoch:     45 | Train loss: 0.1954 | Valid loss: 0.3340 | Train acc: 0.8913 | Valid acc: 0.7869 | patience:  18 | Epoch time: 0.5 |

2023-01-07 21:50:41,698 - INFO -
| Epoch:     46 | Train loss: 0.1922 | Valid loss: 0.3167 | Train acc: 0.8750 | Valid acc: 0.8197 | patience:  19 | Epoch time: 0.5 |

2023-01-07 21:50:42,168 - INFO -
| Epoch:     47 | Train loss: 0.2074 | Valid loss: 0.3432 | Train acc: 0.8859 | Valid acc: 0.8197 | patience:  20 | Epoch time: 0.5 |

2023-01-07 21:50:42,638 - INFO -
| Epoch:     48 | Train loss: 0.2010 | Valid loss: 0.3237 | Train acc: 0.8804 | Valid acc: 0.7869 | patience:  21 | Epoch time: 0.5 |

2023-01-07 21:50:43,108 - INFO -
| Epoch:     49 | Train loss: 0.1859 | Valid loss: 0.3220 | Train acc: 0.8913 | Valid acc: 0.8033 | patience:  22 | Epoch time: 0.5 |

2023-01-07 21:50:43,579 - INFO -
| Epoch:     50 | Train loss: 0.1897 | Valid loss: 0.3458 | Train acc: 0.8967 | Valid acc: 0.8033 | patience:  23 | Epoch time: 0.5 |

2023-01-07 21:50:44,050 - INFO -
| Epoch:     51 | Train loss: 0.1984 | Valid loss: 0.3256 | Train acc: 0.8804 | Valid acc: 0.8033 | patience:  24 | Epoch time: 0.5 |

2023-01-07 21:50:44,521 - INFO -
| Epoch:     52 | Train loss: 0.1925 | Valid loss: 0.3331 | Train acc: 0.8967 | Valid acc: 0.8361 | patience:  25 | Epoch time: 0.5 |

2023-01-07 21:50:44,991 - INFO -
| Epoch:     53 | Train loss: 0.1838 | Valid loss: 0.3445 | Train acc: 0.9130 | Valid acc: 0.8033 | patience:  26 | Epoch time: 0.5 |

2023-01-07 21:50:45,461 - INFO -
| Epoch:     54 | Train loss: 0.1920 | Valid loss: 0.3293 | Train acc: 0.8913 | Valid acc: 0.8033 | patience:  27 | Epoch time: 0.5 |

2023-01-07 21:50:45,932 - INFO -
| Epoch:     55 | Train loss: 0.1907 | Valid loss: 0.3321 | Train acc: 0.8967 | Valid acc: 0.8197 | patience:  28 | Epoch time: 0.5 |

2023-01-07 21:50:46,403 - INFO -
| Epoch:     56 | Train loss: 0.1849 | Valid loss: 0.3489 | Train acc: 0.9022 | Valid acc: 0.8033 | patience:  29 | Epoch time: 0.5 |

2023-01-07 21:50:46,873 - INFO -
| Epoch:     57 | Train loss: 0.1953 | Valid loss: 0.3311 | Train acc: 0.8804 | Valid acc: 0.8197 | patience:  30 | Epoch time: 0.5 |

2023-01-07 21:50:47,344 - INFO -
| Epoch:     58 | Train loss: 0.1829 | Valid loss: 0.3284 | Train acc: 0.8967 | Valid acc: 0.8033 | patience:  31 | Epoch time: 0.5 |

2023-01-07 21:50:47,814 - INFO -
| Epoch:     59 | Train loss: 0.1827 | Valid loss: 0.3387 | Train acc: 0.8967 | Valid acc: 0.8033 | patience:  32 | Epoch time: 0.5 |

2023-01-07 21:50:48,284 - INFO -
| Epoch:     60 | Train loss: 0.1880 | Valid loss: 0.3253 | Train acc: 0.8859 | Valid acc: 0.8033 | patience:  33 | Epoch time: 0.5 |

2023-01-07 21:50:48,755 - INFO -
| Epoch:     61 | Train loss: 0.1838 | Valid loss: 0.3261 | Train acc: 0.9022 | Valid acc: 0.8033 | patience:  34 | Epoch time: 0.5 |

2023-01-07 21:50:49,226 - INFO -
| Epoch:     62 | Train loss: 0.1831 | Valid loss: 0.3401 | Train acc: 0.9022 | Valid acc: 0.8033 | patience:  35 | Epoch time: 0.5 |

2023-01-07 21:50:49,697 - INFO -
| Epoch:     63 | Train loss: 0.1873 | Valid loss: 0.3299 | Train acc: 0.8967 | Valid acc: 0.8033 | patience:  36 | Epoch time: 0.5 |

2023-01-07 21:50:50,167 - INFO -
| Epoch:     64 | Train loss: 0.1821 | Valid loss: 0.3322 | Train acc: 0.8967 | Valid acc: 0.8033 | patience:  37 | Epoch time: 0.5 |

2023-01-07 21:50:50,637 - INFO -
| Epoch:     65 | Train loss: 0.1814 | Valid loss: 0.3444 | Train acc: 0.8913 | Valid acc: 0.7869 | patience:  38 | Epoch time: 0.5 |

2023-01-07 21:50:51,108 - INFO -
| Epoch:     66 | Train loss: 0.1827 | Valid loss: 0.3397 | Train acc: 0.8913 | Valid acc: 0.8033 | patience:  39 | Epoch time: 0.5 |

2023-01-07 21:50:51,578 - INFO -
| Epoch:     67 | Train loss: 0.1794 | Valid loss: 0.3380 | Train acc: 0.8913 | Valid acc: 0.8033 | patience:  40 | Epoch time: 0.5 |

2023-01-07 21:50:52,049 - INFO -
| Epoch:     68 | Train loss: 0.1803 | Valid loss: 0.3500 | Train acc: 0.8913 | Valid acc: 0.7869 | patience:  41 | Epoch time: 0.5 |

2023-01-07 21:50:52,521 - INFO -
| Epoch:     69 | Train loss: 0.1809 | Valid loss: 0.3453 | Train acc: 0.8913 | Valid acc: 0.8033 | patience:  42 | Epoch time: 0.5 |

2023-01-07 21:50:52,993 - INFO -
| Epoch:     70 | Train loss: 0.1779 | Valid loss: 0.3402 | Train acc: 0.9022 | Valid acc: 0.8033 | patience:  43 | Epoch time: 0.5 |

2023-01-07 21:50:53,464 - INFO -
| Epoch:     71 | Train loss: 0.1835 | Valid loss: 0.3496 | Train acc: 0.8967 | Valid acc: 0.8033 | patience:  44 | Epoch time: 0.5 |

2023-01-07 21:50:53,934 - INFO -
| Epoch:     72 | Train loss: 0.1798 | Valid loss: 0.3459 | Train acc: 0.8967 | Valid acc: 0.8033 | patience:  45 | Epoch time: 0.5 |

2023-01-07 21:50:54,405 - INFO -
| Epoch:     73 | Train loss: 0.1780 | Valid loss: 0.3388 | Train acc: 0.9076 | Valid acc: 0.7869 | patience:  46 | Epoch time: 0.5 |

2023-01-07 21:50:54,874 - INFO -
| Epoch:     74 | Train loss: 0.1837 | Valid loss: 0.3469 | Train acc: 0.8967 | Valid acc: 0.8033 | patience:  47 | Epoch time: 0.5 |

2023-01-07 21:50:55,345 - INFO -
| Epoch:     75 | Train loss: 0.1809 | Valid loss: 0.3415 | Train acc: 0.9022 | Valid acc: 0.8033 | patience:  48 | Epoch time: 0.5 |

2023-01-07 21:50:55,815 - INFO -
| Epoch:     76 | Train loss: 0.1772 | Valid loss: 0.3375 | Train acc: 0.9022 | Valid acc: 0.7869 | patience:  49 | Epoch time: 0.5 |

2023-01-07 21:50:56,286 - INFO -
| Epoch:     77 | Train loss: 0.1809 | Valid loss: 0.3474 | Train acc: 0.8913 | Valid acc: 0.8033 | patience:  50 | Epoch time: 0.5 |

2023-01-07 21:50:56,757 - INFO -
| Epoch:     78 | Train loss: 0.1805 | Valid loss: 0.3429 | Train acc: 0.9022 | Valid acc: 0.8197 | patience:  51 | Epoch time: 0.5 |

2023-01-07 21:50:57,228 - INFO -
| Epoch:     79 | Train loss: 0.1766 | Valid loss: 0.3422 | Train acc: 0.9022 | Valid acc: 0.8033 | patience:  52 | Epoch time: 0.5 |

2023-01-07 21:50:57,698 - INFO -
| Epoch:     80 | Train loss: 0.1796 | Valid loss: 0.3505 | Train acc: 0.8913 | Valid acc: 0.8033 | patience:  53 | Epoch time: 0.5 |

2023-01-07 21:50:58,169 - INFO -
| Epoch:     81 | Train loss: 0.1787 | Valid loss: 0.3463 | Train acc: 0.9022 | Valid acc: 0.8033 | patience:  54 | Epoch time: 0.5 |

2023-01-07 21:50:58,640 - INFO -
| Epoch:     82 | Train loss: 0.1760 | Valid loss: 0.3454 | Train acc: 0.8967 | Valid acc: 0.8033 | patience:  55 | Epoch time: 0.5 |

2023-01-07 21:50:59,110 - INFO -
| Epoch:     83 | Train loss: 0.1767 | Valid loss: 0.3512 | Train acc: 0.8967 | Valid acc: 0.8033 | patience:  56 | Epoch time: 0.5 |

2023-01-07 21:50:59,581 - INFO -
| Epoch:     84 | Train loss: 0.1763 | Valid loss: 0.3474 | Train acc: 0.9022 | Valid acc: 0.7869 | patience:  57 | Epoch time: 0.5 |

2023-01-07 21:51:00,052 - INFO -
| Epoch:     85 | Train loss: 0.1756 | Valid loss: 0.3462 | Train acc: 0.8913 | Valid acc: 0.8033 | patience:  58 | Epoch time: 0.5 |

2023-01-07 21:51:00,524 - INFO -
| Epoch:     86 | Train loss: 0.1764 | Valid loss: 0.3585 | Train acc: 0.8913 | Valid acc: 0.7869 | patience:  59 | Epoch time: 0.5 |

2023-01-07 21:51:00,994 - INFO -
| Epoch:     87 | Train loss: 0.1805 | Valid loss: 0.3446 | Train acc: 0.9022 | Valid acc: 0.8033 | patience:  60 | Epoch time: 0.5 |

2023-01-07 21:51:01,464 - INFO -
| Epoch:     88 | Train loss: 0.1770 | Valid loss: 0.3498 | Train acc: 0.8967 | Valid acc: 0.8033 | patience:  61 | Epoch time: 0.5 |

2023-01-07 21:51:01,935 - INFO -
| Epoch:     89 | Train loss: 0.1758 | Valid loss: 0.3508 | Train acc: 0.8967 | Valid acc: 0.8033 | patience:  62 | Epoch time: 0.5 |

2023-01-07 21:51:02,407 - INFO -
| Epoch:     90 | Train loss: 0.1758 | Valid loss: 0.3457 | Train acc: 0.8967 | Valid acc: 0.8033 | patience:  63 | Epoch time: 0.5 |

2023-01-07 21:51:02,877 - INFO -
| Epoch:     91 | Train loss: 0.1756 | Valid loss: 0.3503 | Train acc: 0.8967 | Valid acc: 0.7869 | patience:  64 | Epoch time: 0.5 |

2023-01-07 21:51:03,347 - INFO -
| Epoch:     92 | Train loss: 0.1749 | Valid loss: 0.3519 | Train acc: 0.8913 | Valid acc: 0.8033 | patience:  65 | Epoch time: 0.5 |

2023-01-07 21:51:03,817 - INFO -
| Epoch:     93 | Train loss: 0.1748 | Valid loss: 0.3492 | Train acc: 0.8913 | Valid acc: 0.8033 | patience:  66 | Epoch time: 0.5 |

2023-01-07 21:51:04,288 - INFO -
| Epoch:     94 | Train loss: 0.1761 | Valid loss: 0.3601 | Train acc: 0.8967 | Valid acc: 0.8033 | patience:  67 | Epoch time: 0.5 |

2023-01-07 21:51:04,759 - INFO -
| Epoch:     95 | Train loss: 0.1798 | Valid loss: 0.3523 | Train acc: 0.9130 | Valid acc: 0.7869 | patience:  68 | Epoch time: 0.5 |

2023-01-07 21:51:05,230 - INFO -
| Epoch:     96 | Train loss: 0.1745 | Valid loss: 0.3523 | Train acc: 0.8967 | Valid acc: 0.8033 | patience:  69 | Epoch time: 0.5 |

2023-01-07 21:51:05,700 - INFO -
| Epoch:     97 | Train loss: 0.1758 | Valid loss: 0.3578 | Train acc: 0.8967 | Valid acc: 0.8033 | patience:  70 | Epoch time: 0.5 |

2023-01-07 21:51:06,170 - INFO -
| Epoch:     98 | Train loss: 0.1766 | Valid loss: 0.3517 | Train acc: 0.9076 | Valid acc: 0.7869 | patience:  71 | Epoch time: 0.5 |

2023-01-07 21:51:06,639 - INFO -
| Epoch:     99 | Train loss: 0.1742 | Valid loss: 0.3502 | Train acc: 0.8913 | Valid acc: 0.7869 | patience:  72 | Epoch time: 0.5 |

2023-01-07 21:51:07,110 - INFO -
| Epoch:    100 | Train loss: 0.1771 | Valid loss: 0.3585 | Train acc: 0.8967 | Valid acc: 0.8033 | patience:  73 | Epoch time: 0.5 |

2023-01-07 21:51:07,580 - INFO -
| Epoch:    101 | Train loss: 0.1800 | Valid loss: 0.3517 | Train acc: 0.9130 | Valid acc: 0.8033 | patience:  74 | Epoch time: 0.5 |

2023-01-07 21:51:08,050 - INFO -
| Epoch:    102 | Train loss: 0.1746 | Valid loss: 0.3464 | Train acc: 0.8967 | Valid acc: 0.7869 | patience:  75 | Epoch time: 0.5 |

2023-01-07 21:51:08,521 - INFO -
| Epoch:    103 | Train loss: 0.1830 | Valid loss: 0.3542 | Train acc: 0.8967 | Valid acc: 0.8033 | patience:  76 | Epoch time: 0.5 |

2023-01-07 21:51:08,991 - INFO -
| Epoch:    104 | Train loss: 0.1770 | Valid loss: 0.3541 | Train acc: 0.9076 | Valid acc: 0.8033 | patience:  77 | Epoch time: 0.5 |

2023-01-07 21:51:09,460 - INFO -
| Epoch:    105 | Train loss: 0.1771 | Valid loss: 0.3432 | Train acc: 0.9076 | Valid acc: 0.7869 | patience:  78 | Epoch time: 0.5 |

2023-01-07 21:51:09,931 - INFO -
| Epoch:    106 | Train loss: 0.1811 | Valid loss: 0.3463 | Train acc: 0.9022 | Valid acc: 0.7869 | patience:  79 | Epoch time: 0.5 |

2023-01-07 21:51:10,402 - INFO -
| Epoch:    107 | Train loss: 0.1748 | Valid loss: 0.3590 | Train acc: 0.8859 | Valid acc: 0.7869 | patience:  80 | Epoch time: 0.5 |

2023-01-07 21:51:10,873 - INFO -
| Epoch:    108 | Train loss: 0.1794 | Valid loss: 0.3496 | Train acc: 0.9022 | Valid acc: 0.7869 | patience:  81 | Epoch time: 0.5 |

2023-01-07 21:51:11,342 - INFO -
| Epoch:    109 | Train loss: 0.1737 | Valid loss: 0.3495 | Train acc: 0.8859 | Valid acc: 0.7869 | patience:  82 | Epoch time: 0.5 |

2023-01-07 21:51:11,812 - INFO -
| Epoch:    110 | Train loss: 0.1810 | Valid loss: 0.3609 | Train acc: 0.9022 | Valid acc: 0.8033 | patience:  83 | Epoch time: 0.5 |

2023-01-07 21:51:12,282 - INFO -
| Epoch:    111 | Train loss: 0.1778 | Valid loss: 0.3575 | Train acc: 0.9076 | Valid acc: 0.8033 | patience:  84 | Epoch time: 0.5 |

2023-01-07 21:51:12,753 - INFO -
| Epoch:    112 | Train loss: 0.1747 | Valid loss: 0.3533 | Train acc: 0.8967 | Valid acc: 0.7869 | patience:  85 | Epoch time: 0.5 |

2023-01-07 21:51:13,223 - INFO -
| Epoch:    113 | Train loss: 0.1839 | Valid loss: 0.3569 | Train acc: 0.8967 | Valid acc: 0.8033 | patience:  86 | Epoch time: 0.5 |

2023-01-07 21:51:13,695 - INFO -
| Epoch:    114 | Train loss: 0.1743 | Valid loss: 0.3586 | Train acc: 0.8967 | Valid acc: 0.8033 | patience:  87 | Epoch time: 0.5 |

2023-01-07 21:51:14,164 - INFO -
| Epoch:    115 | Train loss: 0.1762 | Valid loss: 0.3463 | Train acc: 0.9076 | Valid acc: 0.7869 | patience:  88 | Epoch time: 0.5 |

2023-01-07 21:51:14,634 - INFO -
| Epoch:    116 | Train loss: 0.1797 | Valid loss: 0.3492 | Train acc: 0.8967 | Valid acc: 0.7869 | patience:  89 | Epoch time: 0.5 |

2023-01-07 21:51:15,104 - INFO -
| Epoch:    117 | Train loss: 0.1736 | Valid loss: 0.3603 | Train acc: 0.8913 | Valid acc: 0.8033 | patience:  90 | Epoch time: 0.5 |

2023-01-07 21:51:15,576 - INFO -
| Epoch:    118 | Train loss: 0.1790 | Valid loss: 0.3446 | Train acc: 0.9076 | Valid acc: 0.7869 | patience:  91 | Epoch time: 0.5 |

2023-01-07 21:51:16,047 - INFO -
| Epoch:    119 | Train loss: 0.1748 | Valid loss: 0.3434 | Train acc: 0.9022 | Valid acc: 0.7869 | patience:  92 | Epoch time: 0.5 |

2023-01-07 21:51:16,516 - INFO -
| Epoch:    120 | Train loss: 0.1758 | Valid loss: 0.3570 | Train acc: 0.9022 | Valid acc: 0.7869 | patience:  93 | Epoch time: 0.5 |

2023-01-07 21:51:16,986 - INFO -
| Epoch:    121 | Train loss: 0.1767 | Valid loss: 0.3516 | Train acc: 0.9076 | Valid acc: 0.7869 | patience:  94 | Epoch time: 0.5 |

2023-01-07 21:51:17,457 - INFO -
| Epoch:    122 | Train loss: 0.1739 | Valid loss: 0.3450 | Train acc: 0.8967 | Valid acc: 0.7869 | patience:  95 | Epoch time: 0.5 |

2023-01-07 21:51:17,927 - INFO -
| Epoch:    123 | Train loss: 0.1775 | Valid loss: 0.3552 | Train acc: 0.9022 | Valid acc: 0.7869 | patience:  96 | Epoch time: 0.5 |

2023-01-07 21:51:18,397 - INFO -
| Epoch:    124 | Train loss: 0.1735 | Valid loss: 0.3567 | Train acc: 0.8967 | Valid acc: 0.7869 | patience:  97 | Epoch time: 0.5 |

2023-01-07 21:51:18,867 - INFO -
| Epoch:    125 | Train loss: 0.1733 | Valid loss: 0.3502 | Train acc: 0.8967 | Valid acc: 0.8033 | patience:  98 | Epoch time: 0.5 |

2023-01-07 21:51:19,338 - INFO -
| Epoch:    126 | Train loss: 0.1752 | Valid loss: 0.3568 | Train acc: 0.8967 | Valid acc: 0.7869 | patience:  99 | Epoch time: 0.5 |

2023-01-07 21:51:19,809 - INFO -
| Epoch:    127 | Train loss: 0.1725 | Valid loss: 0.3605 | Train acc: 0.8913 | Valid acc: 0.7869 | patience: 100 | Epoch time: 0.5 |

2023-01-07 21:51:20,280 - INFO -
| Epoch:    128 | Train loss: 0.1736 | Valid loss: 0.3513 | Train acc: 0.9022 | Valid acc: 0.7869 | patience: 101 | Epoch time: 0.5 |

2023-01-07 21:51:20,751 - INFO -
| Epoch:    129 | Train loss: 0.1746 | Valid loss: 0.3602 | Train acc: 0.8913 | Valid acc: 0.7869 | patience: 102 | Epoch time: 0.5 |

2023-01-07 21:51:21,221 - INFO -
| Epoch:    130 | Train loss: 0.1732 | Valid loss: 0.3517 | Train acc: 0.9022 | Valid acc: 0.7869 | patience: 103 | Epoch time: 0.5 |

2023-01-07 21:51:21,690 - INFO -
| Epoch:    131 | Train loss: 0.1729 | Valid loss: 0.3525 | Train acc: 0.8913 | Valid acc: 0.7869 | patience: 104 | Epoch time: 0.5 |

2023-01-07 21:51:22,160 - INFO -
| Epoch:    132 | Train loss: 0.1724 | Valid loss: 0.3589 | Train acc: 0.8913 | Valid acc: 0.7869 | patience: 105 | Epoch time: 0.5 |

2023-01-07 21:51:22,631 - INFO -
| Epoch:    133 | Train loss: 0.1735 | Valid loss: 0.3517 | Train acc: 0.9076 | Valid acc: 0.7869 | patience: 106 | Epoch time: 0.5 |

2023-01-07 21:51:23,102 - INFO -
| Epoch:    134 | Train loss: 0.1724 | Valid loss: 0.3523 | Train acc: 0.8913 | Valid acc: 0.7869 | patience: 107 | Epoch time: 0.5 |

2023-01-07 21:51:23,573 - INFO -
| Epoch:    135 | Train loss: 0.1722 | Valid loss: 0.3613 | Train acc: 0.8913 | Valid acc: 0.7705 | patience: 108 | Epoch time: 0.5 |

2023-01-07 21:51:24,044 - INFO -
| Epoch:    136 | Train loss: 0.1744 | Valid loss: 0.3537 | Train acc: 0.9076 | Valid acc: 0.7869 | patience: 109 | Epoch time: 0.5 |

2023-01-07 21:51:24,514 - INFO -
| Epoch:    137 | Train loss: 0.1719 | Valid loss: 0.3546 | Train acc: 0.8913 | Valid acc: 0.7869 | patience: 110 | Epoch time: 0.5 |

2023-01-07 21:51:24,984 - INFO -
| Epoch:    138 | Train loss: 0.1718 | Valid loss: 0.3660 | Train acc: 0.8913 | Valid acc: 0.7705 | patience: 111 | Epoch time: 0.5 |

2023-01-07 21:51:25,455 - INFO -
| Epoch:    139 | Train loss: 0.1752 | Valid loss: 0.3530 | Train acc: 0.9076 | Valid acc: 0.7869 | patience: 112 | Epoch time: 0.5 |

2023-01-07 21:51:25,926 - INFO -
| Epoch:    140 | Train loss: 0.1736 | Valid loss: 0.3578 | Train acc: 0.8913 | Valid acc: 0.7869 | patience: 113 | Epoch time: 0.5 |

2023-01-07 21:51:26,396 - INFO -
| Epoch:    141 | Train loss: 0.1715 | Valid loss: 0.3635 | Train acc: 0.8967 | Valid acc: 0.7869 | patience: 114 | Epoch time: 0.5 |

2023-01-07 21:51:26,866 - INFO -
| Epoch:    142 | Train loss: 0.1724 | Valid loss: 0.3583 | Train acc: 0.9130 | Valid acc: 0.7869 | patience: 115 | Epoch time: 0.5 |

2023-01-07 21:51:27,336 - INFO -
| Epoch:    143 | Train loss: 0.1716 | Valid loss: 0.3556 | Train acc: 0.9022 | Valid acc: 0.7869 | patience: 116 | Epoch time: 0.5 |

2023-01-07 21:51:27,807 - INFO -
| Epoch:    144 | Train loss: 0.1719 | Valid loss: 0.3604 | Train acc: 0.8967 | Valid acc: 0.7869 | patience: 117 | Epoch time: 0.5 |

2023-01-07 21:51:28,277 - INFO -
| Epoch:    145 | Train loss: 0.1714 | Valid loss: 0.3626 | Train acc: 0.9076 | Valid acc: 0.7869 | patience: 118 | Epoch time: 0.5 |

2023-01-07 21:51:28,748 - INFO -
| Epoch:    146 | Train loss: 0.1716 | Valid loss: 0.3567 | Train acc: 0.9130 | Valid acc: 0.7869 | patience: 119 | Epoch time: 0.5 |

2023-01-07 21:51:29,218 - INFO -
| Epoch:    147 | Train loss: 0.1715 | Valid loss: 0.3579 | Train acc: 0.8967 | Valid acc: 0.7869 | patience: 120 | Epoch time: 0.5 |

2023-01-07 21:51:29,688 - INFO -
| Epoch:    148 | Train loss: 0.1711 | Valid loss: 0.3610 | Train acc: 0.9022 | Valid acc: 0.7869 | patience: 121 | Epoch time: 0.5 |

2023-01-07 21:51:30,158 - INFO -
| Epoch:    149 | Train loss: 0.1716 | Valid loss: 0.3552 | Train acc: 0.9076 | Valid acc: 0.7869 | patience: 122 | Epoch time: 0.5 |

2023-01-07 21:51:30,628 - INFO -
| Epoch:    150 | Train loss: 0.1714 | Valid loss: 0.3605 | Train acc: 0.8913 | Valid acc: 0.7869 | patience: 123 | Epoch time: 0.5 |

2023-01-07 21:51:31,098 - INFO -
| Epoch:    151 | Train loss: 0.1713 | Valid loss: 0.3596 | Train acc: 0.9076 | Valid acc: 0.7869 | patience: 124 | Epoch time: 0.5 |

2023-01-07 21:51:31,568 - INFO -
| Epoch:    152 | Train loss: 0.1710 | Valid loss: 0.3575 | Train acc: 0.9076 | Valid acc: 0.7869 | patience: 125 | Epoch time: 0.5 |

2023-01-07 21:51:32,038 - INFO -
| Epoch:    153 | Train loss: 0.1711 | Valid loss: 0.3612 | Train acc: 0.9022 | Valid acc: 0.7869 | patience: 126 | Epoch time: 0.5 |

2023-01-07 21:51:32,508 - INFO -
| Epoch:    154 | Train loss: 0.1709 | Valid loss: 0.3643 | Train acc: 0.9076 | Valid acc: 0.7705 | patience: 127 | Epoch time: 0.5 |

2023-01-07 21:51:32,978 - INFO -
| Epoch:    155 | Train loss: 0.1716 | Valid loss: 0.3555 | Train acc: 0.9130 | Valid acc: 0.7869 | patience: 128 | Epoch time: 0.5 |

2023-01-07 21:51:33,448 - INFO -
| Epoch:    156 | Train loss: 0.1715 | Valid loss: 0.3576 | Train acc: 0.8967 | Valid acc: 0.7869 | patience: 129 | Epoch time: 0.5 |

2023-01-07 21:51:33,918 - INFO -
| Epoch:    157 | Train loss: 0.1710 | Valid loss: 0.3631 | Train acc: 0.9022 | Valid acc: 0.7869 | patience: 130 | Epoch time: 0.5 |

2023-01-07 21:51:34,389 - INFO -
| Epoch:    158 | Train loss: 0.1712 | Valid loss: 0.3551 | Train acc: 0.9130 | Valid acc: 0.7869 | patience: 131 | Epoch time: 0.5 |

2023-01-07 21:51:34,859 - INFO -
| Epoch:    159 | Train loss: 0.1714 | Valid loss: 0.3579 | Train acc: 0.8967 | Valid acc: 0.7869 | patience: 132 | Epoch time: 0.5 |

2023-01-07 21:51:35,329 - INFO -
| Epoch:    160 | Train loss: 0.1708 | Valid loss: 0.3601 | Train acc: 0.9022 | Valid acc: 0.7869 | patience: 133 | Epoch time: 0.5 |

2023-01-07 21:51:35,799 - INFO -
| Epoch:    161 | Train loss: 0.1708 | Valid loss: 0.3597 | Train acc: 0.9076 | Valid acc: 0.7869 | patience: 134 | Epoch time: 0.5 |

2023-01-07 21:51:36,270 - INFO -
| Epoch:    162 | Train loss: 0.1707 | Valid loss: 0.3589 | Train acc: 0.9076 | Valid acc: 0.7869 | patience: 135 | Epoch time: 0.5 |

2023-01-07 21:51:36,742 - INFO -
| Epoch:    163 | Train loss: 0.1706 | Valid loss: 0.3547 | Train acc: 0.9076 | Valid acc: 0.7869 | patience: 136 | Epoch time: 0.5 |

2023-01-07 21:51:37,213 - INFO -
| Epoch:    164 | Train loss: 0.1710 | Valid loss: 0.3553 | Train acc: 0.9076 | Valid acc: 0.7869 | patience: 137 | Epoch time: 0.5 |

2023-01-07 21:51:37,683 - INFO -
| Epoch:    165 | Train loss: 0.1707 | Valid loss: 0.3632 | Train acc: 0.9076 | Valid acc: 0.7705 | patience: 138 | Epoch time: 0.5 |

2023-01-07 21:51:38,154 - INFO -
| Epoch:    166 | Train loss: 0.1722 | Valid loss: 0.3520 | Train acc: 0.9130 | Valid acc: 0.7869 | patience: 139 | Epoch time: 0.5 |

2023-01-07 21:51:38,624 - INFO -
| Epoch:    167 | Train loss: 0.1722 | Valid loss: 0.3644 | Train acc: 0.8967 | Valid acc: 0.7705 | patience: 140 | Epoch time: 0.5 |

2023-01-07 21:51:39,094 - INFO -
| Epoch:    168 | Train loss: 0.1715 | Valid loss: 0.3586 | Train acc: 0.9130 | Valid acc: 0.7869 | patience: 141 | Epoch time: 0.5 |

2023-01-07 21:51:39,566 - INFO -
| Epoch:    169 | Train loss: 0.1706 | Valid loss: 0.3574 | Train acc: 0.9076 | Valid acc: 0.7869 | patience: 142 | Epoch time: 0.5 |

2023-01-07 21:51:40,036 - INFO -
| Epoch:    170 | Train loss: 0.1709 | Valid loss: 0.3636 | Train acc: 0.9076 | Valid acc: 0.7705 | patience: 143 | Epoch time: 0.5 |

2023-01-07 21:51:40,508 - INFO -
| Epoch:    171 | Train loss: 0.1705 | Valid loss: 0.3664 | Train acc: 0.9130 | Valid acc: 0.7705 | patience: 144 | Epoch time: 0.5 |

2023-01-07 21:51:40,979 - INFO -
| Epoch:    172 | Train loss: 0.1714 | Valid loss: 0.3486 | Train acc: 0.9130 | Valid acc: 0.8033 | patience: 145 | Epoch time: 0.5 |

2023-01-07 21:51:41,448 - INFO -
| Epoch:    173 | Train loss: 0.1794 | Valid loss: 0.3738 | Train acc: 0.9022 | Valid acc: 0.7705 | patience: 146 | Epoch time: 0.5 |

2023-01-07 21:51:41,919 - INFO -
| Epoch:    174 | Train loss: 0.1762 | Valid loss: 0.3605 | Train acc: 0.9076 | Valid acc: 0.7869 | patience: 147 | Epoch time: 0.5 |

2023-01-07 21:51:42,390 - INFO -
| Epoch:    175 | Train loss: 0.1703 | Valid loss: 0.3519 | Train acc: 0.9185 | Valid acc: 0.7869 | patience: 148 | Epoch time: 0.5 |

2023-01-07 21:51:42,861 - INFO -
| Epoch:    176 | Train loss: 0.1722 | Valid loss: 0.3654 | Train acc: 0.8967 | Valid acc: 0.7705 | patience: 149 | Epoch time: 0.5 |

2023-01-07 21:51:43,331 - INFO -
| Epoch:    177 | Train loss: 0.1727 | Valid loss: 0.3541 | Train acc: 0.9130 | Valid acc: 0.7869 | patience: 150 | Epoch time: 0.5 |

2023-01-07 21:51:43,802 - INFO -
| Epoch:    178 | Train loss: 0.1706 | Valid loss: 0.3522 | Train acc: 0.9076 | Valid acc: 0.7869 | patience: 151 | Epoch time: 0.5 |

2023-01-07 21:51:44,272 - INFO -
| Epoch:    179 | Train loss: 0.1713 | Valid loss: 0.3680 | Train acc: 0.8967 | Valid acc: 0.7705 | patience: 152 | Epoch time: 0.5 |

2023-01-07 21:51:44,742 - INFO -
| Epoch:    180 | Train loss: 0.1744 | Valid loss: 0.3550 | Train acc: 0.9022 | Valid acc: 0.7869 | patience: 153 | Epoch time: 0.5 |

2023-01-07 21:51:45,211 - INFO -
| Epoch:    181 | Train loss: 0.1705 | Valid loss: 0.3524 | Train acc: 0.9076 | Valid acc: 0.7869 | patience: 154 | Epoch time: 0.5 |

2023-01-07 21:51:45,684 - INFO -
| Epoch:    182 | Train loss: 0.1738 | Valid loss: 0.3759 | Train acc: 0.8967 | Valid acc: 0.7869 | patience: 155 | Epoch time: 0.5 |

2023-01-07 21:51:46,155 - INFO -
| Epoch:    183 | Train loss: 0.1779 | Valid loss: 0.3587 | Train acc: 0.9022 | Valid acc: 0.7869 | patience: 156 | Epoch time: 0.5 |

2023-01-07 21:51:46,626 - INFO -
| Epoch:    184 | Train loss: 0.1704 | Valid loss: 0.3504 | Train acc: 0.9076 | Valid acc: 0.7869 | patience: 157 | Epoch time: 0.5 |

2023-01-07 21:51:47,098 - INFO -
| Epoch:    185 | Train loss: 0.1786 | Valid loss: 0.3801 | Train acc: 0.9022 | Valid acc: 0.7869 | patience: 158 | Epoch time: 0.5 |

2023-01-07 21:51:47,568 - INFO -
| Epoch:    186 | Train loss: 0.1800 | Valid loss: 0.3652 | Train acc: 0.8967 | Valid acc: 0.7705 | patience: 159 | Epoch time: 0.5 |

2023-01-07 21:51:48,038 - INFO -
| Epoch:    187 | Train loss: 0.1711 | Valid loss: 0.3465 | Train acc: 0.9185 | Valid acc: 0.8033 | patience: 160 | Epoch time: 0.5 |

2023-01-07 21:51:48,508 - INFO -
| Epoch:    188 | Train loss: 0.1904 | Valid loss: 0.3797 | Train acc: 0.9022 | Valid acc: 0.7869 | patience: 161 | Epoch time: 0.5 |

2023-01-07 21:51:48,979 - INFO -
| Epoch:    189 | Train loss: 0.1789 | Valid loss: 0.3727 | Train acc: 0.9022 | Valid acc: 0.7705 | patience: 162 | Epoch time: 0.5 |

2023-01-07 21:51:49,450 - INFO -
| Epoch:    190 | Train loss: 0.1741 | Valid loss: 0.3491 | Train acc: 0.9076 | Valid acc: 0.8033 | patience: 163 | Epoch time: 0.5 |

2023-01-07 21:51:49,921 - INFO -
| Epoch:    191 | Train loss: 0.1838 | Valid loss: 0.3741 | Train acc: 0.9076 | Valid acc: 0.7705 | patience: 164 | Epoch time: 0.5 |

2023-01-07 21:51:50,391 - INFO -
| Epoch:    192 | Train loss: 0.1745 | Valid loss: 0.3759 | Train acc: 0.9022 | Valid acc: 0.7705 | patience: 165 | Epoch time: 0.5 |

2023-01-07 21:51:50,861 - INFO -
| Epoch:    193 | Train loss: 0.1754 | Valid loss: 0.3529 | Train acc: 0.9022 | Valid acc: 0.8033 | patience: 166 | Epoch time: 0.5 |

2023-01-07 21:51:51,332 - INFO -
| Epoch:    194 | Train loss: 0.1805 | Valid loss: 0.3656 | Train acc: 0.9076 | Valid acc: 0.7869 | patience: 167 | Epoch time: 0.5 |

2023-01-07 21:51:51,802 - INFO -
| Epoch:    195 | Train loss: 0.1706 | Valid loss: 0.3801 | Train acc: 0.9130 | Valid acc: 0.7869 | patience: 168 | Epoch time: 0.5 |

2023-01-07 21:51:52,272 - INFO -
| Epoch:    196 | Train loss: 0.1784 | Valid loss: 0.3566 | Train acc: 0.9022 | Valid acc: 0.7869 | patience: 169 | Epoch time: 0.5 |

2023-01-07 21:51:52,743 - INFO -
| Epoch:    197 | Train loss: 0.1713 | Valid loss: 0.3544 | Train acc: 0.9076 | Valid acc: 0.7869 | patience: 170 | Epoch time: 0.5 |

2023-01-07 21:51:53,213 - INFO -
| Epoch:    198 | Train loss: 0.1716 | Valid loss: 0.3727 | Train acc: 0.9022 | Valid acc: 0.7705 | patience: 171 | Epoch time: 0.5 |

2023-01-07 21:51:53,684 - INFO -
| Epoch:    199 | Train loss: 0.1748 | Valid loss: 0.3580 | Train acc: 0.9022 | Valid acc: 0.7869 | patience: 172 | Epoch time: 0.5 |

2023-01-07 21:51:54,154 - INFO -
| Epoch:    200 | Train loss: 0.1697 | Valid loss: 0.3478 | Train acc: 0.9130 | Valid acc: 0.7869 | patience: 173 | Epoch time: 0.5 |

2023-01-07 21:51:54,624 - INFO -
| Epoch:    201 | Train loss: 0.1747 | Valid loss: 0.3679 | Train acc: 0.8967 | Valid acc: 0.7705 | patience: 174 | Epoch time: 0.5 |

2023-01-07 21:51:55,094 - INFO -
| Epoch:    202 | Train loss: 0.1735 | Valid loss: 0.3604 | Train acc: 0.9076 | Valid acc: 0.7705 | patience: 175 | Epoch time: 0.5 |

2023-01-07 21:51:55,564 - INFO -
| Epoch:    203 | Train loss: 0.1704 | Valid loss: 0.3479 | Train acc: 0.9185 | Valid acc: 0.7705 | patience: 176 | Epoch time: 0.5 |

2023-01-07 21:51:56,035 - INFO -
| Epoch:    204 | Train loss: 0.1753 | Valid loss: 0.3691 | Train acc: 0.8967 | Valid acc: 0.7705 | patience: 177 | Epoch time: 0.5 |

2023-01-07 21:51:56,506 - INFO -
| Epoch:    205 | Train loss: 0.1728 | Valid loss: 0.3694 | Train acc: 0.9076 | Valid acc: 0.7705 | patience: 178 | Epoch time: 0.5 |

2023-01-07 21:51:56,975 - INFO -
| Epoch:    206 | Train loss: 0.1724 | Valid loss: 0.3537 | Train acc: 0.9076 | Valid acc: 0.7869 | patience: 179 | Epoch time: 0.5 |

2023-01-07 21:51:57,445 - INFO -
| Epoch:    207 | Train loss: 0.1720 | Valid loss: 0.3589 | Train acc: 0.9076 | Valid acc: 0.7869 | patience: 180 | Epoch time: 0.5 |

2023-01-07 21:51:57,915 - INFO -
| Epoch:    208 | Train loss: 0.1696 | Valid loss: 0.3689 | Train acc: 0.9130 | Valid acc: 0.7705 | patience: 181 | Epoch time: 0.5 |

2023-01-07 21:51:58,387 - INFO -
| Epoch:    209 | Train loss: 0.1717 | Valid loss: 0.3601 | Train acc: 0.9076 | Valid acc: 0.7869 | patience: 182 | Epoch time: 0.5 |

2023-01-07 21:51:58,858 - INFO -
| Epoch:    210 | Train loss: 0.1693 | Valid loss: 0.3543 | Train acc: 0.9185 | Valid acc: 0.7869 | patience: 183 | Epoch time: 0.5 |

2023-01-07 21:51:59,328 - INFO -
| Epoch:    211 | Train loss: 0.1705 | Valid loss: 0.3617 | Train acc: 0.9076 | Valid acc: 0.7705 | patience: 184 | Epoch time: 0.5 |

2023-01-07 21:51:59,799 - INFO -
| Epoch:    212 | Train loss: 0.1695 | Valid loss: 0.3641 | Train acc: 0.9185 | Valid acc: 0.7705 | patience: 185 | Epoch time: 0.5 |

2023-01-07 21:52:00,269 - INFO -
| Epoch:    213 | Train loss: 0.1700 | Valid loss: 0.3530 | Train acc: 0.9185 | Valid acc: 0.7869 | patience: 186 | Epoch time: 0.5 |

2023-01-07 21:52:00,740 - INFO -
| Epoch:    214 | Train loss: 0.1709 | Valid loss: 0.3598 | Train acc: 0.9022 | Valid acc: 0.7705 | patience: 187 | Epoch time: 0.5 |

2023-01-07 21:52:01,211 - INFO -
| Epoch:    215 | Train loss: 0.1689 | Valid loss: 0.3671 | Train acc: 0.9185 | Valid acc: 0.7705 | patience: 188 | Epoch time: 0.5 |

2023-01-07 21:52:01,681 - INFO -
| Epoch:    216 | Train loss: 0.1713 | Valid loss: 0.3529 | Train acc: 0.9130 | Valid acc: 0.7869 | patience: 189 | Epoch time: 0.5 |

2023-01-07 21:52:02,152 - INFO -
| Epoch:    217 | Train loss: 0.1710 | Valid loss: 0.3598 | Train acc: 0.9076 | Valid acc: 0.7705 | patience: 190 | Epoch time: 0.5 |

2023-01-07 21:52:02,623 - INFO -
| Epoch:    218 | Train loss: 0.1688 | Valid loss: 0.3690 | Train acc: 0.9185 | Valid acc: 0.7705 | patience: 191 | Epoch time: 0.5 |

2023-01-07 21:52:03,093 - INFO -
| Epoch:    219 | Train loss: 0.1722 | Valid loss: 0.3511 | Train acc: 0.9130 | Valid acc: 0.7869 | patience: 192 | Epoch time: 0.5 |

2023-01-07 21:52:03,563 - INFO -
| Epoch:    220 | Train loss: 0.1731 | Valid loss: 0.3621 | Train acc: 0.8967 | Valid acc: 0.7705 | patience: 193 | Epoch time: 0.5 |

2023-01-07 21:52:04,033 - INFO -
| Epoch:    221 | Train loss: 0.1687 | Valid loss: 0.3662 | Train acc: 0.9185 | Valid acc: 0.7705 | patience: 194 | Epoch time: 0.5 |

2023-01-07 21:52:04,503 - INFO -
| Epoch:    222 | Train loss: 0.1701 | Valid loss: 0.3543 | Train acc: 0.9185 | Valid acc: 0.7869 | patience: 195 | Epoch time: 0.5 |

2023-01-07 21:52:04,974 - INFO -
| Epoch:    223 | Train loss: 0.1703 | Valid loss: 0.3611 | Train acc: 0.9076 | Valid acc: 0.7705 | patience: 196 | Epoch time: 0.5 |

2023-01-07 21:52:05,445 - INFO -
| Epoch:    224 | Train loss: 0.1686 | Valid loss: 0.3662 | Train acc: 0.9185 | Valid acc: 0.7705 | patience: 197 | Epoch time: 0.5 |

2023-01-07 21:52:05,914 - INFO -
| Epoch:    225 | Train loss: 0.1702 | Valid loss: 0.3530 | Train acc: 0.9185 | Valid acc: 0.7869 | patience: 198 | Epoch time: 0.5 |

2023-01-07 21:52:06,385 - INFO -
| Epoch:    226 | Train loss: 0.1702 | Valid loss: 0.3592 | Train acc: 0.9076 | Valid acc: 0.7705 | patience: 199 | Epoch time: 0.5 |

2023-01-07 21:52:06,856 - INFO -
| Epoch:    227 | Train loss: 0.1684 | Valid loss: 0.3669 | Train acc: 0.9185 | Valid acc: 0.7705 | patience: 200 | Epoch time: 0.5 |

2023-01-07 21:52:07,326 - INFO -
| Epoch:    228 | Train loss: 0.1707 | Valid loss: 0.3523 | Train acc: 0.9185 | Valid acc: 0.7869 | patience: 201 | Epoch time: 0.5 |

2023-01-07 21:52:07,797 - INFO -
| Epoch:    229 | Train loss: 0.1713 | Valid loss: 0.3609 | Train acc: 0.9022 | Valid acc: 0.7705 | patience: 202 | Epoch time: 0.5 |

2023-01-07 21:52:08,266 - INFO -
| Epoch:    230 | Train loss: 0.1682 | Valid loss: 0.3702 | Train acc: 0.9185 | Valid acc: 0.7705 | patience: 203 | Epoch time: 0.5 |

2023-01-07 21:52:08,736 - INFO -
| Epoch:    231 | Train loss: 0.1728 | Valid loss: 0.3517 | Train acc: 0.9076 | Valid acc: 0.7869 | patience: 204 | Epoch time: 0.5 |

2023-01-07 21:52:09,206 - INFO -
| Epoch:    232 | Train loss: 0.1734 | Valid loss: 0.3612 | Train acc: 0.8967 | Valid acc: 0.7705 | patience: 205 | Epoch time: 0.5 |

2023-01-07 21:52:09,677 - INFO -
| Epoch:    233 | Train loss: 0.1684 | Valid loss: 0.3689 | Train acc: 0.9185 | Valid acc: 0.7705 | patience: 206 | Epoch time: 0.5 |

2023-01-07 21:52:10,148 - INFO -
| Epoch:    234 | Train loss: 0.1720 | Valid loss: 0.3532 | Train acc: 0.9130 | Valid acc: 0.7869 | patience: 207 | Epoch time: 0.5 |

2023-01-07 21:52:10,618 - INFO -
| Epoch:    235 | Train loss: 0.1698 | Valid loss: 0.3537 | Train acc: 0.9076 | Valid acc: 0.7869 | patience: 208 | Epoch time: 0.5 |

2023-01-07 21:52:11,088 - INFO -
| Epoch:    236 | Train loss: 0.1689 | Valid loss: 0.3644 | Train acc: 0.9076 | Valid acc: 0.7705 | patience: 209 | Epoch time: 0.5 |

2023-01-07 21:52:11,559 - INFO -
| Epoch:    237 | Train loss: 0.1694 | Valid loss: 0.3569 | Train acc: 0.9130 | Valid acc: 0.7869 | patience: 210 | Epoch time: 0.5 |

2023-01-07 21:52:12,030 - INFO -
| Epoch:    238 | Train loss: 0.1678 | Valid loss: 0.3515 | Train acc: 0.9185 | Valid acc: 0.7869 | patience: 211 | Epoch time: 0.5 |

2023-01-07 21:52:12,502 - INFO -
| Epoch:    239 | Train loss: 0.1697 | Valid loss: 0.3664 | Train acc: 0.9076 | Valid acc: 0.7705 | patience: 212 | Epoch time: 0.5 |

2023-01-07 21:52:12,973 - INFO -
| Epoch:    240 | Train loss: 0.1707 | Valid loss: 0.3585 | Train acc: 0.9185 | Valid acc: 0.7705 | patience: 213 | Epoch time: 0.5 |

2023-01-07 21:52:13,444 - INFO -
| Epoch:    241 | Train loss: 0.1678 | Valid loss: 0.3518 | Train acc: 0.9185 | Valid acc: 0.7869 | patience: 214 | Epoch time: 0.5 |

2023-01-07 21:52:13,914 - INFO -
| Epoch:    242 | Train loss: 0.1698 | Valid loss: 0.3621 | Train acc: 0.9022 | Valid acc: 0.7705 | patience: 215 | Epoch time: 0.5 |

2023-01-07 21:52:14,385 - INFO -
| Epoch:    243 | Train loss: 0.1684 | Valid loss: 0.3586 | Train acc: 0.9185 | Valid acc: 0.7705 | patience: 216 | Epoch time: 0.5 |

2023-01-07 21:52:14,855 - INFO -
| Epoch:    244 | Train loss: 0.1674 | Valid loss: 0.3564 | Train acc: 0.9185 | Valid acc: 0.7869 | patience: 217 | Epoch time: 0.5 |

2023-01-07 21:52:15,326 - INFO -
| Epoch:    245 | Train loss: 0.1675 | Valid loss: 0.3599 | Train acc: 0.9185 | Valid acc: 0.7705 | patience: 218 | Epoch time: 0.5 |

2023-01-07 21:52:15,796 - INFO -
| Epoch:    246 | Train loss: 0.1673 | Valid loss: 0.3606 | Train acc: 0.9185 | Valid acc: 0.7705 | patience: 219 | Epoch time: 0.5 |

2023-01-07 21:52:16,267 - INFO -
| Epoch:    247 | Train loss: 0.1672 | Valid loss: 0.3570 | Train acc: 0.9185 | Valid acc: 0.7705 | patience: 220 | Epoch time: 0.5 |

2023-01-07 21:52:16,737 - INFO -
| Epoch:    248 | Train loss: 0.1672 | Valid loss: 0.3586 | Train acc: 0.9185 | Valid acc: 0.7705 | patience: 221 | Epoch time: 0.5 |

2023-01-07 21:52:17,207 - INFO -
| Epoch:    249 | Train loss: 0.1671 | Valid loss: 0.3584 | Train acc: 0.9185 | Valid acc: 0.7705 | patience: 222 | Epoch time: 0.5 |

2023-01-07 21:52:17,677 - INFO -
| Epoch:    250 | Train loss: 0.1671 | Valid loss: 0.3560 | Train acc: 0.9185 | Valid acc: 0.7705 | patience: 223 | Epoch time: 0.5 |

2023-01-07 21:52:18,147 - INFO -
| Epoch:    251 | Train loss: 0.1672 | Valid loss: 0.3556 | Train acc: 0.9185 | Valid acc: 0.7705 | patience: 224 | Epoch time: 0.5 |

2023-01-07 21:52:18,617 - INFO -
| Epoch:    252 | Train loss: 0.1670 | Valid loss: 0.3607 | Train acc: 0.9185 | Valid acc: 0.7705 | patience: 225 | Epoch time: 0.5 |

2023-01-07 21:52:19,088 - INFO -
| Epoch:    253 | Train loss: 0.1675 | Valid loss: 0.3549 | Train acc: 0.9130 | Valid acc: 0.7705 | patience: 226 | Epoch time: 0.5 |

2023-01-07 21:52:19,558 - INFO -
| Epoch:    254 | Train loss: 0.1674 | Valid loss: 0.3598 | Train acc: 0.9130 | Valid acc: 0.7705 | patience: 227 | Epoch time: 0.5 |

2023-01-07 21:52:20,028 - INFO -
| Epoch:    255 | Train loss: 0.1671 | Valid loss: 0.3574 | Train acc: 0.9185 | Valid acc: 0.7705 | patience: 228 | Epoch time: 0.5 |

2023-01-07 21:52:20,497 - INFO -
| Epoch:    256 | Train loss: 0.1668 | Valid loss: 0.3574 | Train acc: 0.9130 | Valid acc: 0.7705 | patience: 229 | Epoch time: 0.5 |

2023-01-07 21:52:20,967 - INFO -
| Epoch:    257 | Train loss: 0.1667 | Valid loss: 0.3606 | Train acc: 0.9185 | Valid acc: 0.7705 | patience: 230 | Epoch time: 0.5 |

2023-01-07 21:52:21,437 - INFO -
| Epoch:    258 | Train loss: 0.1666 | Valid loss: 0.3587 | Train acc: 0.9185 | Valid acc: 0.7705 | patience: 231 | Epoch time: 0.5 |

2023-01-07 21:52:21,908 - INFO -
| Epoch:    259 | Train loss: 0.1666 | Valid loss: 0.3599 | Train acc: 0.9185 | Valid acc: 0.7705 | patience: 232 | Epoch time: 0.5 |

2023-01-07 21:52:22,377 - INFO -
| Epoch:    260 | Train loss: 0.1664 | Valid loss: 0.3617 | Train acc: 0.9185 | Valid acc: 0.7705 | patience: 233 | Epoch time: 0.5 |

2023-01-07 21:52:22,847 - INFO -
| Epoch:    261 | Train loss: 0.1667 | Valid loss: 0.3520 | Train acc: 0.9130 | Valid acc: 0.7869 | patience: 234 | Epoch time: 0.5 |

2023-01-07 21:52:23,317 - INFO -
| Epoch:    262 | Train loss: 0.1695 | Valid loss: 0.3625 | Train acc: 0.9076 | Valid acc: 0.7705 | patience: 235 | Epoch time: 0.5 |

2023-01-07 21:52:23,787 - INFO -
| Epoch:    263 | Train loss: 0.1672 | Valid loss: 0.3614 | Train acc: 0.9130 | Valid acc: 0.7705 | patience: 236 | Epoch time: 0.5 |

2023-01-07 21:52:24,257 - INFO -
| Epoch:    264 | Train loss: 0.1669 | Valid loss: 0.3534 | Train acc: 0.9185 | Valid acc: 0.7869 | patience: 237 | Epoch time: 0.5 |

2023-01-07 21:52:24,726 - INFO -
| Epoch:    265 | Train loss: 0.1684 | Valid loss: 0.3648 | Train acc: 0.9076 | Valid acc: 0.7705 | patience: 238 | Epoch time: 0.5 |

2023-01-07 21:52:25,195 - INFO -
| Epoch:    266 | Train loss: 0.1677 | Valid loss: 0.3577 | Train acc: 0.9130 | Valid acc: 0.7869 | patience: 239 | Epoch time: 0.5 |

2023-01-07 21:52:25,665 - INFO -
| Epoch:    267 | Train loss: 0.1665 | Valid loss: 0.3543 | Train acc: 0.9185 | Valid acc: 0.7869 | patience: 240 | Epoch time: 0.5 |

2023-01-07 21:52:26,136 - INFO -
| Epoch:    268 | Train loss: 0.1678 | Valid loss: 0.3656 | Train acc: 0.9130 | Valid acc: 0.7705 | patience: 241 | Epoch time: 0.5 |

2023-01-07 21:52:26,606 - INFO -
| Epoch:    269 | Train loss: 0.1676 | Valid loss: 0.3588 | Train acc: 0.9130 | Valid acc: 0.7869 | patience: 242 | Epoch time: 0.5 |

2023-01-07 21:52:27,075 - INFO -
| Epoch:    270 | Train loss: 0.1666 | Valid loss: 0.3562 | Train acc: 0.9185 | Valid acc: 0.7869 | patience: 243 | Epoch time: 0.5 |

2023-01-07 21:52:27,546 - INFO -
| Epoch:    271 | Train loss: 0.1674 | Valid loss: 0.3656 | Train acc: 0.9076 | Valid acc: 0.7705 | patience: 244 | Epoch time: 0.5 |

2023-01-07 21:52:28,016 - INFO -
| Epoch:    272 | Train loss: 0.1675 | Valid loss: 0.3588 | Train acc: 0.9130 | Valid acc: 0.7705 | patience: 245 | Epoch time: 0.5 |

2023-01-07 21:52:28,486 - INFO -
| Epoch:    273 | Train loss: 0.1664 | Valid loss: 0.3553 | Train acc: 0.9185 | Valid acc: 0.7869 | patience: 246 | Epoch time: 0.5 |

2023-01-07 21:52:28,956 - INFO -
| Epoch:    274 | Train loss: 0.1667 | Valid loss: 0.3608 | Train acc: 0.9130 | Valid acc: 0.7705 | patience: 247 | Epoch time: 0.5 |

2023-01-07 21:52:29,426 - INFO -
| Epoch:    275 | Train loss: 0.1663 | Valid loss: 0.3611 | Train acc: 0.9185 | Valid acc: 0.7705 | patience: 248 | Epoch time: 0.5 |

2023-01-07 21:52:29,896 - INFO -
| Epoch:    276 | Train loss: 0.1665 | Valid loss: 0.3579 | Train acc: 0.9130 | Valid acc: 0.7705 | patience: 249 | Epoch time: 0.5 |

2023-01-07 21:52:30,366 - INFO -
| Epoch:    277 | Train loss: 0.1660 | Valid loss: 0.3632 | Train acc: 0.9185 | Valid acc: 0.7705 | patience: 250 | Epoch time: 0.5 |

2023-01-07 21:52:30,836 - INFO -
| Epoch:    278 | Train loss: 0.1667 | Valid loss: 0.3537 | Train acc: 0.9130 | Valid acc: 0.7869 | patience: 251 | Epoch time: 0.5 |

2023-01-07 21:52:31,306 - INFO -
| Epoch:    279 | Train loss: 0.1702 | Valid loss: 0.3652 | Train acc: 0.8967 | Valid acc: 0.7705 | patience: 252 | Epoch time: 0.5 |

2023-01-07 21:52:31,776 - INFO -
| Epoch:    280 | Train loss: 0.1678 | Valid loss: 0.3595 | Train acc: 0.9185 | Valid acc: 0.7705 | patience: 253 | Epoch time: 0.5 |

2023-01-07 21:52:32,246 - INFO -
| Epoch:    281 | Train loss: 0.1660 | Valid loss: 0.3549 | Train acc: 0.9185 | Valid acc: 0.7869 | patience: 254 | Epoch time: 0.5 |

2023-01-07 21:52:32,716 - INFO -
| Epoch:    282 | Train loss: 0.1668 | Valid loss: 0.3634 | Train acc: 0.9130 | Valid acc: 0.7705 | patience: 255 | Epoch time: 0.5 |

2023-01-07 21:52:33,186 - INFO -
| Epoch:    283 | Train loss: 0.1666 | Valid loss: 0.3569 | Train acc: 0.9130 | Valid acc: 0.7705 | patience: 256 | Epoch time: 0.5 |

2023-01-07 21:52:33,656 - INFO -
| Epoch:    284 | Train loss: 0.1661 | Valid loss: 0.3594 | Train acc: 0.9185 | Valid acc: 0.7705 | patience: 257 | Epoch time: 0.5 |

2023-01-07 21:52:34,126 - INFO -
| Epoch:    285 | Train loss: 0.1656 | Valid loss: 0.3594 | Train acc: 0.9185 | Valid acc: 0.7705 | patience: 258 | Epoch time: 0.5 |

2023-01-07 21:52:34,597 - INFO -
| Epoch:    286 | Train loss: 0.1655 | Valid loss: 0.3603 | Train acc: 0.9185 | Valid acc: 0.7705 | patience: 259 | Epoch time: 0.5 |

2023-01-07 21:52:35,067 - INFO -
| Epoch:    287 | Train loss: 0.1654 | Valid loss: 0.3603 | Train acc: 0.9185 | Valid acc: 0.7705 | patience: 260 | Epoch time: 0.5 |

2023-01-07 21:52:35,537 - INFO -
| Epoch:    288 | Train loss: 0.1656 | Valid loss: 0.3609 | Train acc: 0.9185 | Valid acc: 0.7705 | patience: 261 | Epoch time: 0.5 |

2023-01-07 21:52:36,007 - INFO -
| Epoch:    289 | Train loss: 0.1654 | Valid loss: 0.3611 | Train acc: 0.9185 | Valid acc: 0.7705 | patience: 262 | Epoch time: 0.5 |

2023-01-07 21:52:36,477 - INFO -
| Epoch:    290 | Train loss: 0.1652 | Valid loss: 0.3555 | Train acc: 0.9185 | Valid acc: 0.7869 | patience: 263 | Epoch time: 0.5 |

2023-01-07 21:52:36,947 - INFO -
| Epoch:    291 | Train loss: 0.1660 | Valid loss: 0.3633 | Train acc: 0.9185 | Valid acc: 0.7705 | patience: 264 | Epoch time: 0.5 |

2023-01-07 21:52:37,417 - INFO -
| Epoch:    292 | Train loss: 0.1665 | Valid loss: 0.3561 | Train acc: 0.9130 | Valid acc: 0.7869 | patience: 265 | Epoch time: 0.5 |

2023-01-07 21:52:37,887 - INFO -
| Epoch:    293 | Train loss: 0.1661 | Valid loss: 0.3590 | Train acc: 0.9130 | Valid acc: 0.7705 | patience: 266 | Epoch time: 0.5 |

2023-01-07 21:52:38,356 - INFO -
| Epoch:    294 | Train loss: 0.1653 | Valid loss: 0.3626 | Train acc: 0.9185 | Valid acc: 0.7705 | patience: 267 | Epoch time: 0.5 |

2023-01-07 21:52:38,826 - INFO -
| Epoch:    295 | Train loss: 0.1655 | Valid loss: 0.3508 | Train acc: 0.9130 | Valid acc: 0.7869 | patience: 268 | Epoch time: 0.5 |

2023-01-07 21:52:39,297 - INFO -
| Epoch:    296 | Train loss: 0.1700 | Valid loss: 0.3662 | Train acc: 0.9022 | Valid acc: 0.7705 | patience: 269 | Epoch time: 0.5 |

2023-01-07 21:52:39,766 - INFO -
| Epoch:    297 | Train loss: 0.1680 | Valid loss: 0.3576 | Train acc: 0.9185 | Valid acc: 0.7705 | patience: 270 | Epoch time: 0.5 |

2023-01-07 21:52:40,236 - INFO -
| Epoch:    298 | Train loss: 0.1655 | Valid loss: 0.3578 | Train acc: 0.9185 | Valid acc: 0.7705 | patience: 271 | Epoch time: 0.5 |

2023-01-07 21:52:40,707 - INFO -
| Epoch:    299 | Train loss: 0.1653 | Valid loss: 0.3658 | Train acc: 0.9185 | Valid acc: 0.7705 | patience: 272 | Epoch time: 0.5 |

2023-01-07 21:52:41,177 - INFO -
| Epoch:    300 | Train loss: 0.1671 | Valid loss: 0.3541 | Train acc: 0.9130 | Valid acc: 0.7869 | patience: 273 | Epoch time: 0.5 |

2023-01-07 21:52:41,647 - INFO -
| Epoch:    301 | Train loss: 0.1674 | Valid loss: 0.3555 | Train acc: 0.9022 | Valid acc: 0.7869 | patience: 274 | Epoch time: 0.5 |

2023-01-07 21:52:42,118 - INFO -
| Epoch:    302 | Train loss: 0.1660 | Valid loss: 0.3682 | Train acc: 0.9130 | Valid acc: 0.7705 | patience: 275 | Epoch time: 0.5 |

2023-01-07 21:52:42,589 - INFO -
| Epoch:    303 | Train loss: 0.1680 | Valid loss: 0.3562 | Train acc: 0.9130 | Valid acc: 0.7869 | patience: 276 | Epoch time: 0.5 |

2023-01-07 21:52:43,058 - INFO -
| Epoch:    304 | Train loss: 0.1660 | Valid loss: 0.3559 | Train acc: 0.9185 | Valid acc: 0.7869 | patience: 277 | Epoch time: 0.5 |

2023-01-07 21:52:43,527 - INFO -
| Epoch:    305 | Train loss: 0.1658 | Valid loss: 0.3675 | Train acc: 0.9185 | Valid acc: 0.7705 | patience: 278 | Epoch time: 0.5 |

2023-01-07 21:52:43,997 - INFO -
| Epoch:    306 | Train loss: 0.1672 | Valid loss: 0.3560 | Train acc: 0.9130 | Valid acc: 0.7869 | patience: 279 | Epoch time: 0.5 |

2023-01-07 21:52:44,467 - INFO -
| Epoch:    307 | Train loss: 0.1661 | Valid loss: 0.3607 | Train acc: 0.9130 | Valid acc: 0.7869 | patience: 280 | Epoch time: 0.5 |

2023-01-07 21:52:44,938 - INFO -
| Epoch:    308 | Train loss: 0.1656 | Valid loss: 0.3637 | Train acc: 0.9185 | Valid acc: 0.7705 | patience: 281 | Epoch time: 0.5 |

2023-01-07 21:52:45,408 - INFO -
| Epoch:    309 | Train loss: 0.1657 | Valid loss: 0.3580 | Train acc: 0.9185 | Valid acc: 0.7869 | patience: 282 | Epoch time: 0.5 |

2023-01-07 21:52:45,877 - INFO -
| Epoch:    310 | Train loss: 0.1650 | Valid loss: 0.3580 | Train acc: 0.9185 | Valid acc: 0.7869 | patience: 283 | Epoch time: 0.5 |

2023-01-07 21:52:46,347 - INFO -
| Epoch:    311 | Train loss: 0.1650 | Valid loss: 0.3652 | Train acc: 0.9185 | Valid acc: 0.7705 | patience: 284 | Epoch time: 0.5 |

2023-01-07 21:52:46,817 - INFO -
| Epoch:    312 | Train loss: 0.1661 | Valid loss: 0.3533 | Train acc: 0.9130 | Valid acc: 0.7869 | patience: 285 | Epoch time: 0.5 |

2023-01-07 21:52:47,287 - INFO -
| Epoch:    313 | Train loss: 0.1667 | Valid loss: 0.3598 | Train acc: 0.9130 | Valid acc: 0.7705 | patience: 286 | Epoch time: 0.5 |

2023-01-07 21:52:47,756 - INFO -
| Epoch:    314 | Train loss: 0.1644 | Valid loss: 0.3662 | Train acc: 0.9185 | Valid acc: 0.7705 | patience: 287 | Epoch time: 0.5 |

2023-01-07 21:52:48,226 - INFO -
| Epoch:    315 | Train loss: 0.1668 | Valid loss: 0.3540 | Train acc: 0.9076 | Valid acc: 0.7869 | patience: 288 | Epoch time: 0.5 |

2023-01-07 21:52:48,696 - INFO -
| Epoch:    316 | Train loss: 0.1670 | Valid loss: 0.3603 | Train acc: 0.9022 | Valid acc: 0.7705 | patience: 289 | Epoch time: 0.5 |

2023-01-07 21:52:49,165 - INFO -
| Epoch:    317 | Train loss: 0.1643 | Valid loss: 0.3655 | Train acc: 0.9185 | Valid acc: 0.7705 | patience: 290 | Epoch time: 0.5 |

2023-01-07 21:52:49,636 - INFO -
| Epoch:    318 | Train loss: 0.1659 | Valid loss: 0.3507 | Train acc: 0.9076 | Valid acc: 0.7869 | patience: 291 | Epoch time: 0.5 |

2023-01-07 21:52:50,107 - INFO -
| Epoch:    319 | Train loss: 0.1698 | Valid loss: 0.3664 | Train acc: 0.9022 | Valid acc: 0.7869 | patience: 292 | Epoch time: 0.5 |

2023-01-07 21:52:50,576 - INFO -
| Epoch:    320 | Train loss: 0.1666 | Valid loss: 0.3579 | Train acc: 0.9130 | Valid acc: 0.7869 | patience: 293 | Epoch time: 0.5 |

2023-01-07 21:52:51,048 - INFO -
| Epoch:    321 | Train loss: 0.1643 | Valid loss: 0.3618 | Train acc: 0.9185 | Valid acc: 0.7705 | patience: 294 | Epoch time: 0.5 |

2023-01-07 21:52:51,518 - INFO -
| Epoch:    322 | Train loss: 0.1646 | Valid loss: 0.3561 | Train acc: 0.9185 | Valid acc: 0.7869 | patience: 295 | Epoch time: 0.5 |

2023-01-07 21:52:51,989 - INFO -
| Epoch:    323 | Train loss: 0.1654 | Valid loss: 0.3603 | Train acc: 0.9185 | Valid acc: 0.7869 | patience: 296 | Epoch time: 0.5 |

2023-01-07 21:52:52,460 - INFO -
| Epoch:    324 | Train loss: 0.1648 | Valid loss: 0.3616 | Train acc: 0.9185 | Valid acc: 0.7705 | patience: 297 | Epoch time: 0.5 |

2023-01-07 21:52:52,929 - INFO -
| Epoch:    325 | Train loss: 0.1646 | Valid loss: 0.3525 | Train acc: 0.9185 | Valid acc: 0.7869 | patience: 298 | Epoch time: 0.5 |

2023-01-07 21:52:53,399 - INFO -
| Epoch:    326 | Train loss: 0.1666 | Valid loss: 0.3657 | Train acc: 0.9185 | Valid acc: 0.7869 | patience: 299 | Epoch time: 0.5 |

2023-01-07 21:52:53,869 - INFO -
| Epoch:    327 | Train loss: 0.1664 | Valid loss: 0.3586 | Train acc: 0.9130 | Valid acc: 0.7869 | patience: 300 | Epoch time: 0.5 |

2023-01-07 21:52:54,340 - INFO -
| Epoch:    328 | Train loss: 0.1645 | Valid loss: 0.3542 | Train acc: 0.9185 | Valid acc: 0.7869 | patience: 301 | Epoch time: 0.5 |

2023-01-07 21:52:54,810 - INFO -
| Epoch:    329 | Train loss: 0.1650 | Valid loss: 0.3618 | Train acc: 0.9185 | Valid acc: 0.7705 | patience: 302 | Epoch time: 0.5 |

2023-01-07 21:52:55,280 - INFO -
| Epoch:    330 | Train loss: 0.1650 | Valid loss: 0.3591 | Train acc: 0.9185 | Valid acc: 0.7869 | patience: 303 | Epoch time: 0.5 |

2023-01-07 21:52:55,749 - INFO -
| Epoch:    331 | Train loss: 0.1650 | Valid loss: 0.3562 | Train acc: 0.9185 | Valid acc: 0.7869 | patience: 304 | Epoch time: 0.5 |

2023-01-07 21:52:56,219 - INFO -
| Epoch:    332 | Train loss: 0.1647 | Valid loss: 0.3587 | Train acc: 0.9185 | Valid acc: 0.7705 | patience: 305 | Epoch time: 0.5 |

2023-01-07 21:52:56,689 - INFO -
| Epoch:    333 | Train loss: 0.1638 | Valid loss: 0.3584 | Train acc: 0.9185 | Valid acc: 0.7705 | patience: 306 | Epoch time: 0.5 |

2023-01-07 21:52:57,159 - INFO -
| Epoch:    334 | Train loss: 0.1646 | Valid loss: 0.3589 | Train acc: 0.9185 | Valid acc: 0.7705 | patience: 307 | Epoch time: 0.5 |

2023-01-07 21:52:57,629 - INFO -
| Epoch:    335 | Train loss: 0.1641 | Valid loss: 0.3566 | Train acc: 0.9185 | Valid acc: 0.7869 | patience: 308 | Epoch time: 0.5 |

2023-01-07 21:52:58,098 - INFO -
| Epoch:    336 | Train loss: 0.1642 | Valid loss: 0.3640 | Train acc: 0.9185 | Valid acc: 0.7705 | patience: 309 | Epoch time: 0.5 |

2023-01-07 21:52:58,567 - INFO -
| Epoch:    337 | Train loss: 0.1658 | Valid loss: 0.3545 | Train acc: 0.9076 | Valid acc: 0.7869 | patience: 310 | Epoch time: 0.5 |

2023-01-07 21:52:59,037 - INFO -
| Epoch:    338 | Train loss: 0.1662 | Valid loss: 0.3565 | Train acc: 0.9076 | Valid acc: 0.7869 | patience: 311 | Epoch time: 0.5 |

2023-01-07 21:52:59,506 - INFO -
| Epoch:    339 | Train loss: 0.1646 | Valid loss: 0.3651 | Train acc: 0.9185 | Valid acc: 0.7869 | patience: 312 | Epoch time: 0.5 |

2023-01-07 21:52:59,976 - INFO -
| Epoch:    340 | Train loss: 0.1658 | Valid loss: 0.3523 | Train acc: 0.9130 | Valid acc: 0.7869 | patience: 313 | Epoch time: 0.5 |

2023-01-07 21:53:00,446 - INFO -
| Epoch:    341 | Train loss: 0.1665 | Valid loss: 0.3593 | Train acc: 0.9185 | Valid acc: 0.7705 | patience: 314 | Epoch time: 0.5 |

2023-01-07 21:53:00,915 - INFO -
| Epoch:    342 | Train loss: 0.1643 | Valid loss: 0.3608 | Train acc: 0.9185 | Valid acc: 0.7705 | patience: 315 | Epoch time: 0.5 |

2023-01-07 21:53:01,385 - INFO -
| Epoch:    343 | Train loss: 0.1638 | Valid loss: 0.3542 | Train acc: 0.9185 | Valid acc: 0.7869 | patience: 316 | Epoch time: 0.5 |

2023-01-07 21:53:01,854 - INFO -
| Epoch:    344 | Train loss: 0.1648 | Valid loss: 0.3582 | Train acc: 0.9185 | Valid acc: 0.7869 | patience: 317 | Epoch time: 0.5 |

2023-01-07 21:53:02,324 - INFO -
| Epoch:    345 | Train loss: 0.1644 | Valid loss: 0.3613 | Train acc: 0.9185 | Valid acc: 0.7705 | patience: 318 | Epoch time: 0.5 |

2023-01-07 21:53:02,793 - INFO -
| Epoch:    346 | Train loss: 0.1646 | Valid loss: 0.3528 | Train acc: 0.9185 | Valid acc: 0.7869 | patience: 319 | Epoch time: 0.5 |

2023-01-07 21:53:03,262 - INFO -
| Epoch:    347 | Train loss: 0.1647 | Valid loss: 0.3581 | Train acc: 0.9185 | Valid acc: 0.7869 | patience: 320 | Epoch time: 0.5 |

2023-01-07 21:53:03,732 - INFO -
| Epoch:    348 | Train loss: 0.1638 | Valid loss: 0.3627 | Train acc: 0.9185 | Valid acc: 0.7705 | patience: 321 | Epoch time: 0.5 |

2023-01-07 21:53:04,203 - INFO -
| Epoch:    349 | Train loss: 0.1649 | Valid loss: 0.3478 | Train acc: 0.9130 | Valid acc: 0.7869 | patience: 322 | Epoch time: 0.5 |

2023-01-07 21:53:04,672 - INFO -
| Epoch:    350 | Train loss: 0.1688 | Valid loss: 0.3679 | Train acc: 0.9022 | Valid acc: 0.8033 | patience: 323 | Epoch time: 0.5 |

2023-01-07 21:53:05,142 - INFO -
| Epoch:    351 | Train loss: 0.1686 | Valid loss: 0.3563 | Train acc: 0.9076 | Valid acc: 0.7869 | patience: 324 | Epoch time: 0.5 |

2023-01-07 21:53:05,611 - INFO -
| Epoch:    352 | Train loss: 0.1640 | Valid loss: 0.3484 | Train acc: 0.9185 | Valid acc: 0.7869 | patience: 325 | Epoch time: 0.5 |

2023-01-07 21:53:06,081 - INFO -
| Epoch:    353 | Train loss: 0.1697 | Valid loss: 0.3714 | Train acc: 0.9022 | Valid acc: 0.8033 | patience: 326 | Epoch time: 0.5 |

2023-01-07 21:53:06,552 - INFO -
| Epoch:    354 | Train loss: 0.1717 | Valid loss: 0.3601 | Train acc: 0.9076 | Valid acc: 0.7705 | patience: 327 | Epoch time: 0.5 |

2023-01-07 21:53:07,024 - INFO -
| Epoch:    355 | Train loss: 0.1639 | Valid loss: 0.3475 | Train acc: 0.9130 | Valid acc: 0.7869 | patience: 328 | Epoch time: 0.5 |

2023-01-07 21:53:07,494 - INFO -
| Epoch:    356 | Train loss: 0.1705 | Valid loss: 0.3676 | Train acc: 0.9022 | Valid acc: 0.7869 | patience: 329 | Epoch time: 0.5 |

2023-01-07 21:53:07,963 - INFO -
| Epoch:    357 | Train loss: 0.1675 | Valid loss: 0.3637 | Train acc: 0.9076 | Valid acc: 0.7869 | patience: 330 | Epoch time: 0.5 |

2023-01-07 21:53:08,433 - INFO -
| Epoch:    358 | Train loss: 0.1651 | Valid loss: 0.3497 | Train acc: 0.9130 | Valid acc: 0.7869 | patience: 331 | Epoch time: 0.5 |

2023-01-07 21:53:08,903 - INFO -
| Epoch:    359 | Train loss: 0.1691 | Valid loss: 0.3650 | Train acc: 0.9022 | Valid acc: 0.7869 | patience: 332 | Epoch time: 0.5 |

2023-01-07 21:53:09,372 - INFO -
| Epoch:    360 | Train loss: 0.1656 | Valid loss: 0.3674 | Train acc: 0.9130 | Valid acc: 0.7869 | patience: 333 | Epoch time: 0.5 |

2023-01-07 21:53:09,842 - INFO -
| Epoch:    361 | Train loss: 0.1670 | Valid loss: 0.3483 | Train acc: 0.9076 | Valid acc: 0.7869 | patience: 334 | Epoch time: 0.5 |

2023-01-07 21:53:10,311 - INFO -
| Epoch:    362 | Train loss: 0.1694 | Valid loss: 0.3621 | Train acc: 0.9022 | Valid acc: 0.7869 | patience: 335 | Epoch time: 0.5 |

2023-01-07 21:53:10,780 - INFO -
| Epoch:    363 | Train loss: 0.1640 | Valid loss: 0.3660 | Train acc: 0.9130 | Valid acc: 0.7869 | patience: 336 | Epoch time: 0.5 |

2023-01-07 21:53:11,250 - INFO -
| Epoch:    364 | Train loss: 0.1661 | Valid loss: 0.3470 | Train acc: 0.9130 | Valid acc: 0.7869 | patience: 337 | Epoch time: 0.5 |

2023-01-07 21:53:11,719 - INFO -
| Epoch:    365 | Train loss: 0.1705 | Valid loss: 0.3644 | Train acc: 0.9022 | Valid acc: 0.7869 | patience: 338 | Epoch time: 0.5 |

2023-01-07 21:53:12,189 - INFO -
| Epoch:    366 | Train loss: 0.1649 | Valid loss: 0.3626 | Train acc: 0.9130 | Valid acc: 0.7869 | patience: 339 | Epoch time: 0.5 |

2023-01-07 21:53:12,659 - INFO -
| Epoch:    367 | Train loss: 0.1639 | Valid loss: 0.3513 | Train acc: 0.9130 | Valid acc: 0.7869 | patience: 340 | Epoch time: 0.5 |

2023-01-07 21:53:13,128 - INFO -
| Epoch:    368 | Train loss: 0.1662 | Valid loss: 0.3624 | Train acc: 0.9130 | Valid acc: 0.7869 | patience: 341 | Epoch time: 0.5 |

2023-01-07 21:53:13,599 - INFO -
| Epoch:    369 | Train loss: 0.1638 | Valid loss: 0.3651 | Train acc: 0.9130 | Valid acc: 0.7869 | patience: 342 | Epoch time: 0.5 |

2023-01-07 21:53:14,069 - INFO -
| Epoch:    370 | Train loss: 0.1649 | Valid loss: 0.3510 | Train acc: 0.9130 | Valid acc: 0.7869 | patience: 343 | Epoch time: 0.5 |

2023-01-07 21:53:14,540 - INFO -
| Epoch:    371 | Train loss: 0.1666 | Valid loss: 0.3597 | Train acc: 0.9130 | Valid acc: 0.7869 | patience: 344 | Epoch time: 0.5 |

2023-01-07 21:53:15,009 - INFO -
| Epoch:    372 | Train loss: 0.1634 | Valid loss: 0.3662 | Train acc: 0.9185 | Valid acc: 0.7869 | patience: 345 | Epoch time: 0.5 |

2023-01-07 21:53:15,479 - INFO -
| Epoch:    373 | Train loss: 0.1654 | Valid loss: 0.3518 | Train acc: 0.9130 | Valid acc: 0.7869 | patience: 346 | Epoch time: 0.5 |

2023-01-07 21:53:15,950 - INFO -
| Epoch:    374 | Train loss: 0.1661 | Valid loss: 0.3599 | Train acc: 0.9130 | Valid acc: 0.7869 | patience: 347 | Epoch time: 0.5 |

2023-01-07 21:53:16,421 - INFO -
| Epoch:    375 | Train loss: 0.1632 | Valid loss: 0.3663 | Train acc: 0.9185 | Valid acc: 0.7869 | patience: 348 | Epoch time: 0.5 |

2023-01-07 21:53:16,892 - INFO -
| Epoch:    376 | Train loss: 0.1646 | Valid loss: 0.3565 | Train acc: 0.9130 | Valid acc: 0.7869 | patience: 349 | Epoch time: 0.5 |

2023-01-07 21:53:17,361 - INFO -
| Epoch:    377 | Train loss: 0.1638 | Valid loss: 0.3584 | Train acc: 0.9185 | Valid acc: 0.7869 | patience: 350 | Epoch time: 0.5 |

2023-01-07 21:53:17,831 - INFO -
| Epoch:    378 | Train loss: 0.1636 | Valid loss: 0.3628 | Train acc: 0.9185 | Valid acc: 0.8033 | patience: 351 | Epoch time: 0.5 |

2023-01-07 21:53:18,301 - INFO -
| Epoch:    379 | Train loss: 0.1637 | Valid loss: 0.3623 | Train acc: 0.9239 | Valid acc: 0.7869 | patience: 352 | Epoch time: 0.5 |

2023-01-07 21:53:18,771 - INFO -
| Epoch:    380 | Train loss: 0.1634 | Valid loss: 0.3571 | Train acc: 0.9239 | Valid acc: 0.7869 | patience: 353 | Epoch time: 0.5 |

2023-01-07 21:53:19,241 - INFO -
| Epoch:    381 | Train loss: 0.1634 | Valid loss: 0.3595 | Train acc: 0.9185 | Valid acc: 0.7869 | patience: 354 | Epoch time: 0.5 |

2023-01-07 21:53:19,711 - INFO -
| Epoch:    382 | Train loss: 0.1632 | Valid loss: 0.3594 | Train acc: 0.9185 | Valid acc: 0.7869 | patience: 355 | Epoch time: 0.5 |

2023-01-07 21:53:20,181 - INFO -
| Epoch:    383 | Train loss: 0.1631 | Valid loss: 0.3588 | Train acc: 0.9185 | Valid acc: 0.7869 | patience: 356 | Epoch time: 0.5 |

2023-01-07 21:53:20,652 - INFO -
| Epoch:    384 | Train loss: 0.1630 | Valid loss: 0.3598 | Train acc: 0.9185 | Valid acc: 0.7869 | patience: 357 | Epoch time: 0.5 |

2023-01-07 21:53:21,121 - INFO -
| Epoch:    385 | Train loss: 0.1631 | Valid loss: 0.3583 | Train acc: 0.9185 | Valid acc: 0.7869 | patience: 358 | Epoch time: 0.5 |

2023-01-07 21:53:21,591 - INFO -
| Epoch:    386 | Train loss: 0.1630 | Valid loss: 0.3589 | Train acc: 0.9185 | Valid acc: 0.7869 | patience: 359 | Epoch time: 0.5 |

2023-01-07 21:53:22,061 - INFO -
| Epoch:    387 | Train loss: 0.1630 | Valid loss: 0.3584 | Train acc: 0.9185 | Valid acc: 0.7869 | patience: 360 | Epoch time: 0.5 |

2023-01-07 21:53:22,531 - INFO -
| Epoch:    388 | Train loss: 0.1630 | Valid loss: 0.3568 | Train acc: 0.9185 | Valid acc: 0.7869 | patience: 361 | Epoch time: 0.5 |

2023-01-07 21:53:23,001 - INFO -
| Epoch:    389 | Train loss: 0.1629 | Valid loss: 0.3571 | Train acc: 0.9185 | Valid acc: 0.7869 | patience: 362 | Epoch time: 0.5 |

2023-01-07 21:53:23,470 - INFO -
| Epoch:    390 | Train loss: 0.1629 | Valid loss: 0.3622 | Train acc: 0.9185 | Valid acc: 0.7869 | patience: 363 | Epoch time: 0.5 |

2023-01-07 21:53:23,940 - INFO -
| Epoch:    391 | Train loss: 0.1635 | Valid loss: 0.3543 | Train acc: 0.9130 | Valid acc: 0.7869 | patience: 364 | Epoch time: 0.5 |

2023-01-07 21:53:24,409 - INFO -
| Epoch:    392 | Train loss: 0.1648 | Valid loss: 0.3643 | Train acc: 0.9185 | Valid acc: 0.7869 | patience: 365 | Epoch time: 0.5 |

2023-01-07 21:53:24,878 - INFO -
| Epoch:    393 | Train loss: 0.1644 | Valid loss: 0.3547 | Train acc: 0.9130 | Valid acc: 0.7869 | patience: 366 | Epoch time: 0.5 |

2023-01-07 21:53:25,349 - INFO -
| Epoch:    394 | Train loss: 0.1640 | Valid loss: 0.3600 | Train acc: 0.9185 | Valid acc: 0.7869 | patience: 367 | Epoch time: 0.5 |

2023-01-07 21:53:25,819 - INFO -
| Epoch:    395 | Train loss: 0.1632 | Valid loss: 0.3641 | Train acc: 0.9185 | Valid acc: 0.7869 | patience: 368 | Epoch time: 0.5 |

2023-01-07 21:53:26,289 - INFO -
| Epoch:    396 | Train loss: 0.1640 | Valid loss: 0.3520 | Train acc: 0.9130 | Valid acc: 0.7869 | patience: 369 | Epoch time: 0.5 |

2023-01-07 21:53:26,760 - INFO -
| Epoch:    397 | Train loss: 0.1648 | Valid loss: 0.3587 | Train acc: 0.9185 | Valid acc: 0.7869 | patience: 370 | Epoch time: 0.5 |

2023-01-07 21:53:27,230 - INFO -
| Epoch:    398 | Train loss: 0.1632 | Valid loss: 0.3627 | Train acc: 0.9185 | Valid acc: 0.7869 | patience: 371 | Epoch time: 0.5 |

2023-01-07 21:53:27,700 - INFO -
| Epoch:    399 | Train loss: 0.1637 | Valid loss: 0.3598 | Train acc: 0.9130 | Valid acc: 0.7869 | patience: 372 | Epoch time: 0.5 |

2023-01-07 21:53:28,170 - INFO -
| Epoch:    400 | Train loss: 0.1629 | Valid loss: 0.3539 | Train acc: 0.9185 | Valid acc: 0.7869 | patience: 373 | Epoch time: 0.5 |

2023-01-07 21:53:28,639 - INFO -
| Epoch:    401 | Train loss: 0.1641 | Valid loss: 0.3616 | Train acc: 0.9130 | Valid acc: 0.7705 | patience: 374 | Epoch time: 0.5 |

2023-01-07 21:53:29,109 - INFO -
| Epoch:    402 | Train loss: 0.1638 | Valid loss: 0.3595 | Train acc: 0.9185 | Valid acc: 0.7869 | patience: 375 | Epoch time: 0.5 |

2023-01-07 21:53:29,578 - INFO -
| Epoch:    403 | Train loss: 0.1633 | Valid loss: 0.3537 | Train acc: 0.9185 | Valid acc: 0.7869 | patience: 376 | Epoch time: 0.5 |

2023-01-07 21:53:30,049 - INFO -
| Epoch:    404 | Train loss: 0.1636 | Valid loss: 0.3617 | Train acc: 0.9185 | Valid acc: 0.7705 | patience: 377 | Epoch time: 0.5 |

2023-01-07 21:53:30,519 - INFO -
| Epoch:    405 | Train loss: 0.1634 | Valid loss: 0.3620 | Train acc: 0.9130 | Valid acc: 0.7869 | patience: 378 | Epoch time: 0.5 |

2023-01-07 21:53:30,989 - INFO -
| Epoch:    406 | Train loss: 0.1637 | Valid loss: 0.3533 | Train acc: 0.9130 | Valid acc: 0.7869 | patience: 379 | Epoch time: 0.5 |

2023-01-07 21:53:31,458 - INFO -
| Epoch:    407 | Train loss: 0.1636 | Valid loss: 0.3544 | Train acc: 0.9185 | Valid acc: 0.7869 | patience: 380 | Epoch time: 0.5 |

2023-01-07 21:53:31,928 - INFO -
| Epoch:    408 | Train loss: 0.1629 | Valid loss: 0.3605 | Train acc: 0.9185 | Valid acc: 0.7705 | patience: 381 | Epoch time: 0.5 |

2023-01-07 21:53:32,399 - INFO -
| Epoch:    409 | Train loss: 0.1637 | Valid loss: 0.3528 | Train acc: 0.9185 | Valid acc: 0.7869 | patience: 382 | Epoch time: 0.5 |

2023-01-07 21:53:32,868 - INFO -
| Epoch:    410 | Train loss: 0.1633 | Valid loss: 0.3580 | Train acc: 0.9130 | Valid acc: 0.7705 | patience: 383 | Epoch time: 0.5 |

2023-01-07 21:53:33,338 - INFO -
| Epoch:    411 | Train loss: 0.1628 | Valid loss: 0.3610 | Train acc: 0.9239 | Valid acc: 0.7705 | patience: 384 | Epoch time: 0.5 |

2023-01-07 21:53:33,807 - INFO -
| Epoch:    412 | Train loss: 0.1633 | Valid loss: 0.3543 | Train acc: 0.9130 | Valid acc: 0.7869 | patience: 385 | Epoch time: 0.5 |

2023-01-07 21:53:34,277 - INFO -
| Epoch:    413 | Train loss: 0.1635 | Valid loss: 0.3567 | Train acc: 0.9185 | Valid acc: 0.7869 | patience: 386 | Epoch time: 0.5 |

2023-01-07 21:53:34,747 - INFO -
| Epoch:    414 | Train loss: 0.1628 | Valid loss: 0.3607 | Train acc: 0.9239 | Valid acc: 0.7705 | patience: 387 | Epoch time: 0.5 |

2023-01-07 21:53:35,218 - INFO -
| Epoch:    415 | Train loss: 0.1631 | Valid loss: 0.3526 | Train acc: 0.9130 | Valid acc: 0.7869 | patience: 388 | Epoch time: 0.5 |

2023-01-07 21:53:35,689 - INFO -
| Epoch:    416 | Train loss: 0.1637 | Valid loss: 0.3571 | Train acc: 0.9130 | Valid acc: 0.7869 | patience: 389 | Epoch time: 0.5 |

2023-01-07 21:53:36,159 - INFO -
| Epoch:    417 | Train loss: 0.1627 | Valid loss: 0.3650 | Train acc: 0.9185 | Valid acc: 0.7869 | patience: 390 | Epoch time: 0.5 |

2023-01-07 21:53:36,630 - INFO -
| Epoch:    418 | Train loss: 0.1652 | Valid loss: 0.3486 | Train acc: 0.9130 | Valid acc: 0.7869 | patience: 391 | Epoch time: 0.5 |

2023-01-07 21:53:37,101 - INFO -
| Epoch:    419 | Train loss: 0.1674 | Valid loss: 0.3640 | Train acc: 0.9022 | Valid acc: 0.7869 | patience: 392 | Epoch time: 0.5 |

2023-01-07 21:53:37,572 - INFO -
| Epoch:    420 | Train loss: 0.1640 | Valid loss: 0.3624 | Train acc: 0.9130 | Valid acc: 0.7705 | patience: 393 | Epoch time: 0.5 |

2023-01-07 21:53:38,041 - INFO -
| Epoch:    421 | Train loss: 0.1632 | Valid loss: 0.3532 | Train acc: 0.9185 | Valid acc: 0.7869 | patience: 394 | Epoch time: 0.5 |

2023-01-07 21:53:38,511 - INFO -
| Epoch:    422 | Train loss: 0.1639 | Valid loss: 0.3596 | Train acc: 0.9185 | Valid acc: 0.7869 | patience: 395 | Epoch time: 0.5 |

2023-01-07 21:53:38,982 - INFO -
| Epoch:    423 | Train loss: 0.1629 | Valid loss: 0.3629 | Train acc: 0.9239 | Valid acc: 0.7705 | patience: 396 | Epoch time: 0.5 |

2023-01-07 21:53:39,452 - INFO -
| Epoch:    424 | Train loss: 0.1635 | Valid loss: 0.3528 | Train acc: 0.9130 | Valid acc: 0.7869 | patience: 397 | Epoch time: 0.5 |

2023-01-07 21:53:39,923 - INFO -
| Epoch:    425 | Train loss: 0.1636 | Valid loss: 0.3555 | Train acc: 0.9130 | Valid acc: 0.7869 | patience: 398 | Epoch time: 0.5 |

2023-01-07 21:53:40,393 - INFO -
| Epoch:    426 | Train loss: 0.1627 | Valid loss: 0.3626 | Train acc: 0.9185 | Valid acc: 0.7705 | patience: 399 | Epoch time: 0.5 |

2023-01-07 21:53:40,864 - INFO -
| Epoch:    427 | Train loss: 0.1633 | Valid loss: 0.3596 | Train acc: 0.9130 | Valid acc: 0.7869 | patience: 400 | Epoch time: 0.5 |

2023-01-07 21:53:41,334 - INFO -
| Epoch:    428 | Train loss: 0.1628 | Valid loss: 0.3547 | Train acc: 0.9239 | Valid acc: 0.7869 | patience: 401 | Epoch time: 0.5 |

2023-01-07 21:53:41,805 - INFO -
| Epoch:    429 | Train loss: 0.1637 | Valid loss: 0.3601 | Train acc: 0.9185 | Valid acc: 0.7705 | patience: 402 | Epoch time: 0.5 |

2023-01-07 21:53:42,276 - INFO -
| Epoch:    430 | Train loss: 0.1627 | Valid loss: 0.3621 | Train acc: 0.9239 | Valid acc: 0.7869 | patience: 403 | Epoch time: 0.5 |

2023-01-07 21:53:42,745 - INFO -
| Epoch:    431 | Train loss: 0.1637 | Valid loss: 0.3480 | Train acc: 0.9130 | Valid acc: 0.7869 | patience: 404 | Epoch time: 0.5 |

2023-01-07 21:53:43,215 - INFO -
| Epoch:    432 | Train loss: 0.1670 | Valid loss: 0.3612 | Train acc: 0.9022 | Valid acc: 0.7705 | patience: 405 | Epoch time: 0.5 |

2023-01-07 21:53:43,685 - INFO -
| Epoch:    433 | Train loss: 0.1635 | Valid loss: 0.3649 | Train acc: 0.9130 | Valid acc: 0.7869 | patience: 406 | Epoch time: 0.5 |

2023-01-07 21:53:44,154 - INFO -
| Epoch:    434 | Train loss: 0.1648 | Valid loss: 0.3501 | Train acc: 0.9130 | Valid acc: 0.7869 | patience: 407 | Epoch time: 0.5 |

2023-01-07 21:53:44,623 - INFO -
| Epoch:    435 | Train loss: 0.1670 | Valid loss: 0.3625 | Train acc: 0.9022 | Valid acc: 0.7869 | patience: 408 | Epoch time: 0.5 |

2023-01-07 21:53:45,093 - INFO -
| Epoch:    436 | Train loss: 0.1631 | Valid loss: 0.3707 | Train acc: 0.9130 | Valid acc: 0.8033 | patience: 409 | Epoch time: 0.5 |

2023-01-07 21:53:45,563 - INFO -
| Epoch:    437 | Train loss: 0.1683 | Valid loss: 0.3495 | Train acc: 0.9076 | Valid acc: 0.7869 | patience: 410 | Epoch time: 0.5 |

2023-01-07 21:53:46,032 - INFO -
| Epoch:    438 | Train loss: 0.1674 | Valid loss: 0.3570 | Train acc: 0.9022 | Valid acc: 0.7869 | patience: 411 | Epoch time: 0.5 |

2023-01-07 21:53:46,502 - INFO -
| Epoch:    439 | Train loss: 0.1627 | Valid loss: 0.3679 | Train acc: 0.9185 | Valid acc: 0.7869 | patience: 412 | Epoch time: 0.5 |

2023-01-07 21:53:46,972 - INFO -
| Epoch:    440 | Train loss: 0.1656 | Valid loss: 0.3562 | Train acc: 0.9130 | Valid acc: 0.7869 | patience: 413 | Epoch time: 0.5 |

2023-01-07 21:53:47,442 - INFO -
| Epoch:    441 | Train loss: 0.1630 | Valid loss: 0.3508 | Train acc: 0.9185 | Valid acc: 0.7869 | patience: 414 | Epoch time: 0.5 |

2023-01-07 21:53:47,911 - INFO -
| Epoch:    442 | Train loss: 0.1647 | Valid loss: 0.3720 | Train acc: 0.9130 | Valid acc: 0.8033 | patience: 415 | Epoch time: 0.5 |

2023-01-07 21:53:48,381 - INFO -
| Epoch:    443 | Train loss: 0.1686 | Valid loss: 0.3596 | Train acc: 0.9076 | Valid acc: 0.7869 | patience: 416 | Epoch time: 0.5 |

2023-01-07 21:53:48,850 - INFO -
| Epoch:    444 | Train loss: 0.1629 | Valid loss: 0.3477 | Train acc: 0.9239 | Valid acc: 0.7869 | patience: 417 | Epoch time: 0.5 |

2023-01-07 21:53:49,320 - INFO -
| Epoch:    445 | Train loss: 0.1702 | Valid loss: 0.3723 | Train acc: 0.9022 | Valid acc: 0.8033 | patience: 418 | Epoch time: 0.5 |

2023-01-07 21:53:49,790 - INFO -
| Epoch:    446 | Train loss: 0.1688 | Valid loss: 0.3662 | Train acc: 0.9076 | Valid acc: 0.7869 | patience: 419 | Epoch time: 0.5 |

2023-01-07 21:53:50,261 - INFO -
| Epoch:    447 | Train loss: 0.1646 | Valid loss: 0.3508 | Train acc: 0.9130 | Valid acc: 0.7869 | patience: 420 | Epoch time: 0.5 |

2023-01-07 21:53:50,732 - INFO -
| Epoch:    448 | Train loss: 0.1670 | Valid loss: 0.3609 | Train acc: 0.9022 | Valid acc: 0.7869 | patience: 421 | Epoch time: 0.5 |

2023-01-07 21:53:51,202 - INFO -
| Epoch:    449 | Train loss: 0.1631 | Valid loss: 0.3640 | Train acc: 0.9239 | Valid acc: 0.7869 | patience: 422 | Epoch time: 0.5 |

2023-01-07 21:53:51,671 - INFO -
| Epoch:    450 | Train loss: 0.1637 | Valid loss: 0.3570 | Train acc: 0.9130 | Valid acc: 0.7869 | patience: 423 | Epoch time: 0.5 |

2023-01-07 21:53:52,141 - INFO -
| Epoch:    451 | Train loss: 0.1627 | Valid loss: 0.3527 | Train acc: 0.9239 | Valid acc: 0.7869 | patience: 424 | Epoch time: 0.5 |

2023-01-07 21:53:52,611 - INFO -
| Epoch:    452 | Train loss: 0.1641 | Valid loss: 0.3674 | Train acc: 0.9130 | Valid acc: 0.7869 | patience: 425 | Epoch time: 0.5 |

2023-01-07 21:53:53,082 - INFO -
| Epoch:    453 | Train loss: 0.1650 | Valid loss: 0.3626 | Train acc: 0.9076 | Valid acc: 0.8033 | patience: 426 | Epoch time: 0.5 |

2023-01-07 21:53:53,553 - INFO -
| Epoch:    454 | Train loss: 0.1630 | Valid loss: 0.3528 | Train acc: 0.9185 | Valid acc: 0.7869 | patience: 427 | Epoch time: 0.5 |

2023-01-07 21:53:54,023 - INFO -
| Epoch:    455 | Train loss: 0.1650 | Valid loss: 0.3599 | Train acc: 0.9130 | Valid acc: 0.7869 | patience: 428 | Epoch time: 0.5 |

2023-01-07 21:53:54,493 - INFO -
| Epoch:    456 | Train loss: 0.1627 | Valid loss: 0.3653 | Train acc: 0.9185 | Valid acc: 0.7869 | patience: 429 | Epoch time: 0.5 |

2023-01-07 21:53:54,963 - INFO -
| Epoch:    457 | Train loss: 0.1637 | Valid loss: 0.3554 | Train acc: 0.9130 | Valid acc: 0.7869 | patience: 430 | Epoch time: 0.5 |

2023-01-07 21:53:55,433 - INFO -
| Epoch:    458 | Train loss: 0.1628 | Valid loss: 0.3513 | Train acc: 0.9185 | Valid acc: 0.7869 | patience: 431 | Epoch time: 0.5 |

2023-01-07 21:53:55,903 - INFO -
| Epoch:    459 | Train loss: 0.1648 | Valid loss: 0.3685 | Train acc: 0.9185 | Valid acc: 0.8033 | patience: 432 | Epoch time: 0.5 |

2023-01-07 21:53:56,374 - INFO -
| Epoch:    460 | Train loss: 0.1655 | Valid loss: 0.3612 | Train acc: 0.9076 | Valid acc: 0.8033 | patience: 433 | Epoch time: 0.5 |

2023-01-07 21:53:56,843 - INFO -
| Epoch:    461 | Train loss: 0.1630 | Valid loss: 0.3494 | Train acc: 0.9185 | Valid acc: 0.7869 | patience: 434 | Epoch time: 0.5 |

2023-01-07 21:53:57,314 - INFO -
| Epoch:    462 | Train loss: 0.1662 | Valid loss: 0.3714 | Train acc: 0.9130 | Valid acc: 0.8033 | patience: 435 | Epoch time: 0.5 |

2023-01-07 21:53:57,784 - INFO -
| Epoch:    463 | Train loss: 0.1675 | Valid loss: 0.3647 | Train acc: 0.9076 | Valid acc: 0.7869 | patience: 436 | Epoch time: 0.5 |

2023-01-07 21:53:58,253 - INFO -
| Epoch:    464 | Train loss: 0.1636 | Valid loss: 0.3512 | Train acc: 0.9185 | Valid acc: 0.7869 | patience: 437 | Epoch time: 0.5 |

2023-01-07 21:53:58,722 - INFO -
| Epoch:    465 | Train loss: 0.1679 | Valid loss: 0.3621 | Train acc: 0.9022 | Valid acc: 0.8033 | patience: 438 | Epoch time: 0.5 |

2023-01-07 21:53:59,191 - INFO -
| Epoch:    466 | Train loss: 0.1631 | Valid loss: 0.3695 | Train acc: 0.9239 | Valid acc: 0.8033 | patience: 439 | Epoch time: 0.5 |

2023-01-07 21:53:59,661 - INFO -
| Epoch:    467 | Train loss: 0.1659 | Valid loss: 0.3555 | Train acc: 0.9076 | Valid acc: 0.7869 | patience: 440 | Epoch time: 0.5 |

2023-01-07 21:54:00,131 - INFO -
| Epoch:    468 | Train loss: 0.1630 | Valid loss: 0.3499 | Train acc: 0.9185 | Valid acc: 0.7869 | patience: 441 | Epoch time: 0.5 |

2023-01-07 21:54:00,601 - INFO -
| Epoch:    469 | Train loss: 0.1667 | Valid loss: 0.3717 | Train acc: 0.9130 | Valid acc: 0.8033 | patience: 442 | Epoch time: 0.5 |

2023-01-07 21:54:01,071 - INFO -
| Epoch:    470 | Train loss: 0.1675 | Valid loss: 0.3618 | Train acc: 0.9022 | Valid acc: 0.8033 | patience: 443 | Epoch time: 0.5 |

2023-01-07 21:54:01,541 - INFO -
| Epoch:    471 | Train loss: 0.1629 | Valid loss: 0.3486 | Train acc: 0.9185 | Valid acc: 0.7869 | patience: 444 | Epoch time: 0.5 |

2023-01-07 21:54:02,012 - INFO -
| Epoch:    472 | Train loss: 0.1690 | Valid loss: 0.3654 | Train acc: 0.9022 | Valid acc: 0.8033 | patience: 445 | Epoch time: 0.5 |

2023-01-07 21:54:02,482 - INFO -
| Epoch:    473 | Train loss: 0.1641 | Valid loss: 0.3705 | Train acc: 0.9130 | Valid acc: 0.8033 | patience: 446 | Epoch time: 0.5 |

2023-01-07 21:54:02,952 - INFO -
| Epoch:    474 | Train loss: 0.1674 | Valid loss: 0.3529 | Train acc: 0.9076 | Valid acc: 0.7869 | patience: 447 | Epoch time: 0.5 |

2023-01-07 21:54:03,422 - INFO -
| Epoch:    475 | Train loss: 0.1639 | Valid loss: 0.3508 | Train acc: 0.9130 | Valid acc: 0.7869 | patience: 448 | Epoch time: 0.5 |

2023-01-07 21:54:03,894 - INFO -
| Epoch:    476 | Train loss: 0.1649 | Valid loss: 0.3677 | Train acc: 0.9130 | Valid acc: 0.8033 | patience: 449 | Epoch time: 0.5 |

2023-01-07 21:54:04,364 - INFO -
| Epoch:    477 | Train loss: 0.1652 | Valid loss: 0.3619 | Train acc: 0.9076 | Valid acc: 0.8033 | patience: 450 | Epoch time: 0.5 |

2023-01-07 21:54:04,834 - INFO -
| Epoch:    478 | Train loss: 0.1636 | Valid loss: 0.3495 | Train acc: 0.9130 | Valid acc: 0.7869 | patience: 451 | Epoch time: 0.5 |

2023-01-07 21:54:05,303 - INFO -
| Epoch:    479 | Train loss: 0.1668 | Valid loss: 0.3610 | Train acc: 0.9130 | Valid acc: 0.8033 | patience: 452 | Epoch time: 0.5 |

2023-01-07 21:54:05,772 - INFO -
| Epoch:    480 | Train loss: 0.1629 | Valid loss: 0.3657 | Train acc: 0.9185 | Valid acc: 0.7869 | patience: 453 | Epoch time: 0.5 |

2023-01-07 21:54:06,242 - INFO -
| Epoch:    481 | Train loss: 0.1645 | Valid loss: 0.3533 | Train acc: 0.9130 | Valid acc: 0.7869 | patience: 454 | Epoch time: 0.5 |

2023-01-07 21:54:06,712 - INFO -
| Epoch:    482 | Train loss: 0.1642 | Valid loss: 0.3567 | Train acc: 0.9130 | Valid acc: 0.7869 | patience: 455 | Epoch time: 0.5 |

2023-01-07 21:54:07,182 - INFO -
| Epoch:    483 | Train loss: 0.1630 | Valid loss: 0.3612 | Train acc: 0.9130 | Valid acc: 0.8033 | patience: 456 | Epoch time: 0.5 |

2023-01-07 21:54:07,652 - INFO -
| Epoch:    484 | Train loss: 0.1627 | Valid loss: 0.3594 | Train acc: 0.9239 | Valid acc: 0.7869 | patience: 457 | Epoch time: 0.5 |

2023-01-07 21:54:08,122 - INFO -
| Epoch:    485 | Train loss: 0.1625 | Valid loss: 0.3564 | Train acc: 0.9239 | Valid acc: 0.7869 | patience: 458 | Epoch time: 0.5 |

2023-01-07 21:54:08,591 - INFO -
| Epoch:    486 | Train loss: 0.1626 | Valid loss: 0.3577 | Train acc: 0.9185 | Valid acc: 0.7869 | patience: 459 | Epoch time: 0.5 |

2023-01-07 21:54:09,061 - INFO -
| Epoch:    487 | Train loss: 0.1624 | Valid loss: 0.3601 | Train acc: 0.9239 | Valid acc: 0.8033 | patience: 460 | Epoch time: 0.5 |

2023-01-07 21:54:09,530 - INFO -
| Epoch:    488 | Train loss: 0.1625 | Valid loss: 0.3588 | Train acc: 0.9185 | Valid acc: 0.7869 | patience: 461 | Epoch time: 0.5 |

2023-01-07 21:54:09,999 - INFO -
| Epoch:    489 | Train loss: 0.1624 | Valid loss: 0.3606 | Train acc: 0.9239 | Valid acc: 0.8033 | patience: 462 | Epoch time: 0.5 |

2023-01-07 21:54:10,470 - INFO -
| Epoch:    490 | Train loss: 0.1625 | Valid loss: 0.3591 | Train acc: 0.9185 | Valid acc: 0.7869 | patience: 463 | Epoch time: 0.5 |

2023-01-07 21:54:10,941 - INFO -
| Epoch:    491 | Train loss: 0.1623 | Valid loss: 0.3616 | Train acc: 0.9185 | Valid acc: 0.8033 | patience: 464 | Epoch time: 0.5 |

2023-01-07 21:54:11,410 - INFO -
| Epoch:    492 | Train loss: 0.1622 | Valid loss: 0.3615 | Train acc: 0.9185 | Valid acc: 0.7869 | patience: 465 | Epoch time: 0.5 |

2023-01-07 21:54:11,880 - INFO -
| Epoch:    493 | Train loss: 0.1624 | Valid loss: 0.3612 | Train acc: 0.9185 | Valid acc: 0.7869 | patience: 466 | Epoch time: 0.5 |

2023-01-07 21:54:12,349 - INFO -
| Epoch:    494 | Train loss: 0.1623 | Valid loss: 0.3614 | Train acc: 0.9185 | Valid acc: 0.8033 | patience: 467 | Epoch time: 0.5 |

2023-01-07 21:54:12,819 - INFO -
| Epoch:    495 | Train loss: 0.1621 | Valid loss: 0.3576 | Train acc: 0.9239 | Valid acc: 0.7869 | patience: 468 | Epoch time: 0.5 |

2023-01-07 21:54:13,289 - INFO -
| Epoch:    496 | Train loss: 0.1622 | Valid loss: 0.3580 | Train acc: 0.9185 | Valid acc: 0.7869 | patience: 469 | Epoch time: 0.5 |

2023-01-07 21:54:13,758 - INFO -
| Epoch:    497 | Train loss: 0.1622 | Valid loss: 0.3590 | Train acc: 0.9185 | Valid acc: 0.7869 | patience: 470 | Epoch time: 0.5 |

2023-01-07 21:54:14,228 - INFO -
| Epoch:    498 | Train loss: 0.1620 | Valid loss: 0.3611 | Train acc: 0.9185 | Valid acc: 0.7705 | patience: 471 | Epoch time: 0.5 |

2023-01-07 21:54:14,698 - INFO -
| Epoch:    499 | Train loss: 0.1620 | Valid loss: 0.3593 | Train acc: 0.9239 | Valid acc: 0.7869 | patience: 472 | Epoch time: 0.5 |

2023-01-07 21:54:15,167 - INFO -
| Epoch:    500 | Train loss: 0.1621 | Valid loss: 0.3611 | Train acc: 0.9185 | Valid acc: 0.7705 | patience: 473 | Epoch time: 0.5 |

2023-01-07 21:54:15,637 - INFO -
| Epoch:    501 | Train loss: 0.1620 | Valid loss: 0.3590 | Train acc: 0.9239 | Valid acc: 0.7869 | patience: 474 | Epoch time: 0.5 |

2023-01-07 21:54:16,108 - INFO -
| Epoch:    502 | Train loss: 0.1621 | Valid loss: 0.3591 | Train acc: 0.9185 | Valid acc: 0.7705 | patience: 475 | Epoch time: 0.5 |

2023-01-07 21:54:16,577 - INFO -
| Epoch:    503 | Train loss: 0.1621 | Valid loss: 0.3599 | Train acc: 0.9239 | Valid acc: 0.7705 | patience: 476 | Epoch time: 0.5 |

2023-01-07 21:54:17,047 - INFO -
| Epoch:    504 | Train loss: 0.1619 | Valid loss: 0.3549 | Train acc: 0.9239 | Valid acc: 0.7869 | patience: 477 | Epoch time: 0.5 |

2023-01-07 21:54:17,518 - INFO -
| Epoch:    505 | Train loss: 0.1630 | Valid loss: 0.3631 | Train acc: 0.9130 | Valid acc: 0.7869 | patience: 478 | Epoch time: 0.5 |

2023-01-07 21:54:17,987 - INFO -
| Epoch:    506 | Train loss: 0.1629 | Valid loss: 0.3566 | Train acc: 0.9130 | Valid acc: 0.7869 | patience: 479 | Epoch time: 0.5 |

2023-01-07 21:54:18,457 - INFO -
| Epoch:    507 | Train loss: 0.1623 | Valid loss: 0.3582 | Train acc: 0.9130 | Valid acc: 0.7869 | patience: 480 | Epoch time: 0.5 |

2023-01-07 21:54:18,927 - INFO -
| Epoch:    508 | Train loss: 0.1619 | Valid loss: 0.3637 | Train acc: 0.9185 | Valid acc: 0.7869 | patience: 481 | Epoch time: 0.5 |

2023-01-07 21:54:19,396 - INFO -
| Epoch:    509 | Train loss: 0.1626 | Valid loss: 0.3577 | Train acc: 0.9130 | Valid acc: 0.7869 | patience: 482 | Epoch time: 0.5 |

2023-01-07 21:54:19,865 - INFO -
| Epoch:    510 | Train loss: 0.1620 | Valid loss: 0.3574 | Train acc: 0.9239 | Valid acc: 0.7869 | patience: 483 | Epoch time: 0.5 |

2023-01-07 21:54:20,335 - INFO -
| Epoch:    511 | Train loss: 0.1620 | Valid loss: 0.3607 | Train acc: 0.9185 | Valid acc: 0.7869 | patience: 484 | Epoch time: 0.5 |

2023-01-07 21:54:20,806 - INFO -
| Epoch:    512 | Train loss: 0.1621 | Valid loss: 0.3580 | Train acc: 0.9239 | Valid acc: 0.7869 | patience: 485 | Epoch time: 0.5 |

2023-01-07 21:54:21,276 - INFO -
| Epoch:    513 | Train loss: 0.1620 | Valid loss: 0.3555 | Train acc: 0.9239 | Valid acc: 0.7869 | patience: 486 | Epoch time: 0.5 |

2023-01-07 21:54:21,746 - INFO -
| Epoch:    514 | Train loss: 0.1627 | Valid loss: 0.3640 | Train acc: 0.9130 | Valid acc: 0.7869 | patience: 487 | Epoch time: 0.5 |

2023-01-07 21:54:22,217 - INFO -
| Epoch:    515 | Train loss: 0.1629 | Valid loss: 0.3599 | Train acc: 0.9130 | Valid acc: 0.7705 | patience: 488 | Epoch time: 0.5 |

2023-01-07 21:54:22,686 - INFO -
| Epoch:    516 | Train loss: 0.1621 | Valid loss: 0.3547 | Train acc: 0.9239 | Valid acc: 0.7869 | patience: 489 | Epoch time: 0.5 |

2023-01-07 21:54:23,156 - INFO -
| Epoch:    517 | Train loss: 0.1624 | Valid loss: 0.3579 | Train acc: 0.9130 | Valid acc: 0.7869 | patience: 490 | Epoch time: 0.5 |

2023-01-07 21:54:23,626 - INFO -
| Epoch:    518 | Train loss: 0.1619 | Valid loss: 0.3632 | Train acc: 0.9185 | Valid acc: 0.7869 | patience: 491 | Epoch time: 0.5 |

2023-01-07 21:54:24,095 - INFO -
| Epoch:    519 | Train loss: 0.1626 | Valid loss: 0.3554 | Train acc: 0.9130 | Valid acc: 0.7869 | patience: 492 | Epoch time: 0.5 |

2023-01-07 21:54:24,564 - INFO -
| Epoch:    520 | Train loss: 0.1635 | Valid loss: 0.3595 | Train acc: 0.9130 | Valid acc: 0.7705 | patience: 493 | Epoch time: 0.5 |

2023-01-07 21:54:25,034 - INFO -
| Epoch:    521 | Train loss: 0.1618 | Valid loss: 0.3646 | Train acc: 0.9239 | Valid acc: 0.7869 | patience: 494 | Epoch time: 0.5 |

2023-01-07 21:54:25,503 - INFO -
| Epoch:    522 | Train loss: 0.1631 | Valid loss: 0.3563 | Train acc: 0.9130 | Valid acc: 0.7869 | patience: 495 | Epoch time: 0.5 |

2023-01-07 21:54:25,972 - INFO -
| Epoch:    523 | Train loss: 0.1621 | Valid loss: 0.3565 | Train acc: 0.9130 | Valid acc: 0.7869 | patience: 496 | Epoch time: 0.5 |

2023-01-07 21:54:26,442 - INFO -
| Epoch:    524 | Train loss: 0.1620 | Valid loss: 0.3624 | Train acc: 0.9130 | Valid acc: 0.7705 | patience: 497 | Epoch time: 0.5 |

2023-01-07 21:54:26,911 - INFO -
| Epoch:    525 | Train loss: 0.1623 | Valid loss: 0.3622 | Train acc: 0.9185 | Valid acc: 0.7705 | patience: 498 | Epoch time: 0.5 |

2023-01-07 21:54:27,380 - INFO -
| Epoch:    526 | Train loss: 0.1623 | Valid loss: 0.3570 | Train acc: 0.9185 | Valid acc: 0.7869 | patience: 499 | Epoch time: 0.5 |

2023-01-07 21:54:27,849 - INFO -
| Epoch:    527 | Train loss: 0.1620 | Valid loss: 0.3592 | Train acc: 0.9185 | Valid acc: 0.7869 | patience: 500 | Epoch time: 0.5 |

2023-01-07 21:54:28,318 - INFO -
Early stop.

2023-01-07 21:54:28,323 - INFO -
Training if finished.

