2023-01-07 21:50:19,432 - INFO -
gmin                0.01
gmax                10.0
T                   0.1
m                   0.3
ACT_eta1            0.134
ACT_eta2            0.962
ACT_eta3            0.183
ACT_eta4            24.1
NEG_eta1            -0.104
NEG_eta2            0.899
NEG_eta3            -0.056
NEG_eta4            3.858
hidden              [3]
SEED                5
DEVICE              cuda
TIMELIMITATION      45
PATIENCE            500
EPOCH               10000000000
DATASET             11
LR                  0.1
PROGRESSIVE         False
LR_PATIENCE         100
LR_DECAY            0.5
LR_MIN              0.0001
MODE                nominal
M_train             1
K_train             1
M_test              500
K_test              500
t_test_max          10
integration         MC
VARIATION           False
N_train             1
e_train             0.0
N_test              100
e_test              0.1
projectname         ICCAD_2022
temppath            ./ICCAD_2022/temp/
logfilepath         ./ICCAD_2022/log/
recording           False
recordpath          ./ICCAD_2022/record/
savepath            ./ICCAD_2022/models/
loglevel            info


2023-01-07 21:50:19,433 - INFO -
Training network on device: cuda.

2023-01-07 21:50:19,433 - INFO -
Training setup: vertebralcolumn2clases_5_nominal_0.0_1_MC.

2023-01-07 21:50:19,433 - INFO -
Dataset "vertebralcolumn2clases" has 6 input features and 2 classes. There are 184 training examples, 61 valid examples, and 63 test examples in the dataset.

2023-01-07 21:50:19,433 - INFO -
Topology of the network: [6, 3, 2].

2023-01-07 21:50:19,956 - INFO -
| Epoch:      0 | Train loss: 0.7002 | Valid loss: 0.6928 | Train acc: 0.3043 | Valid acc: 0.6066 | patience:   0 | Epoch time: 0.5 |

2023-01-07 21:50:20,430 - INFO -
| Epoch:      1 | Train loss: 0.6927 | Valid loss: 0.5684 | Train acc: 0.6141 | Valid acc: 0.6721 | patience:   0 | Epoch time: 0.5 |

2023-01-07 21:50:20,903 - INFO -
| Epoch:      2 | Train loss: 0.5289 | Valid loss: 0.6156 | Train acc: 0.6957 | Valid acc: 0.6721 | patience:   1 | Epoch time: 0.5 |

2023-01-07 21:50:21,375 - INFO -
| Epoch:      3 | Train loss: 0.5727 | Valid loss: 0.5748 | Train acc: 0.6957 | Valid acc: 0.6721 | patience:   2 | Epoch time: 0.5 |

2023-01-07 21:50:21,847 - INFO -
| Epoch:      4 | Train loss: 0.5343 | Valid loss: 0.4813 | Train acc: 0.6957 | Valid acc: 0.6721 | patience:   0 | Epoch time: 0.5 |

2023-01-07 21:50:22,315 - INFO -
| Epoch:      5 | Train loss: 0.4508 | Valid loss: 0.5684 | Train acc: 0.6957 | Valid acc: 0.6721 | patience:   1 | Epoch time: 0.5 |

2023-01-07 21:50:22,783 - INFO -
| Epoch:      6 | Train loss: 0.5483 | Valid loss: 0.5021 | Train acc: 0.6957 | Valid acc: 0.6721 | patience:   2 | Epoch time: 0.5 |

2023-01-07 21:50:23,252 - INFO -
| Epoch:      7 | Train loss: 0.4787 | Valid loss: 0.5332 | Train acc: 0.6957 | Valid acc: 0.6721 | patience:   3 | Epoch time: 0.5 |

2023-01-07 21:50:23,721 - INFO -
| Epoch:      8 | Train loss: 0.4962 | Valid loss: 0.5706 | Train acc: 0.6957 | Valid acc: 0.6721 | patience:   4 | Epoch time: 0.5 |

2023-01-07 21:50:24,192 - INFO -
| Epoch:      9 | Train loss: 0.5322 | Valid loss: 0.5597 | Train acc: 0.6957 | Valid acc: 0.6721 | patience:   5 | Epoch time: 0.5 |

2023-01-07 21:50:24,661 - INFO -
| Epoch:     10 | Train loss: 0.5236 | Valid loss: 0.5089 | Train acc: 0.6957 | Valid acc: 0.6721 | patience:   6 | Epoch time: 0.5 |

2023-01-07 21:50:25,132 - INFO -
| Epoch:     11 | Train loss: 0.4816 | Valid loss: 0.4554 | Train acc: 0.6957 | Valid acc: 0.6721 | patience:   0 | Epoch time: 0.5 |

2023-01-07 21:50:25,604 - INFO -
| Epoch:     12 | Train loss: 0.4469 | Valid loss: 0.4434 | Train acc: 0.6957 | Valid acc: 0.6885 | patience:   0 | Epoch time: 0.5 |

2023-01-07 21:50:26,076 - INFO -
| Epoch:     13 | Train loss: 0.4579 | Valid loss: 0.4410 | Train acc: 0.6957 | Valid acc: 0.7049 | patience:   0 | Epoch time: 0.5 |

2023-01-07 21:50:26,545 - INFO -
| Epoch:     14 | Train loss: 0.4527 | Valid loss: 0.4297 | Train acc: 0.7065 | Valid acc: 0.6885 | patience:   0 | Epoch time: 0.5 |

2023-01-07 21:50:27,013 - INFO -
| Epoch:     15 | Train loss: 0.4345 | Valid loss: 0.4391 | Train acc: 0.7065 | Valid acc: 0.6721 | patience:   1 | Epoch time: 0.5 |

2023-01-07 21:50:27,482 - INFO -
| Epoch:     16 | Train loss: 0.4320 | Valid loss: 0.4361 | Train acc: 0.6957 | Valid acc: 0.6721 | patience:   2 | Epoch time: 0.5 |

2023-01-07 21:50:27,952 - INFO -
| Epoch:     17 | Train loss: 0.4251 | Valid loss: 0.4137 | Train acc: 0.7011 | Valid acc: 0.6885 | patience:   0 | Epoch time: 0.5 |

2023-01-07 21:50:28,422 - INFO -
| Epoch:     18 | Train loss: 0.4037 | Valid loss: 0.3767 | Train acc: 0.7011 | Valid acc: 0.7541 | patience:   0 | Epoch time: 0.5 |

2023-01-07 21:50:28,893 - INFO -
| Epoch:     19 | Train loss: 0.3833 | Valid loss: 0.3746 | Train acc: 0.7609 | Valid acc: 0.8197 | patience:   0 | Epoch time: 0.5 |

2023-01-07 21:50:29,362 - INFO -
| Epoch:     20 | Train loss: 0.3892 | Valid loss: 0.3683 | Train acc: 0.8315 | Valid acc: 0.7705 | patience:   0 | Epoch time: 0.5 |

2023-01-07 21:50:29,830 - INFO -
| Epoch:     21 | Train loss: 0.3575 | Valid loss: 0.3882 | Train acc: 0.7554 | Valid acc: 0.6885 | patience:   1 | Epoch time: 0.5 |

2023-01-07 21:50:30,299 - INFO -
| Epoch:     22 | Train loss: 0.3596 | Valid loss: 0.3808 | Train acc: 0.7174 | Valid acc: 0.7049 | patience:   2 | Epoch time: 0.5 |

2023-01-07 21:50:30,771 - INFO -
| Epoch:     23 | Train loss: 0.3482 | Valid loss: 0.3383 | Train acc: 0.7283 | Valid acc: 0.8033 | patience:   0 | Epoch time: 0.5 |

2023-01-07 21:50:31,242 - INFO -
| Epoch:     24 | Train loss: 0.3168 | Valid loss: 0.3219 | Train acc: 0.8098 | Valid acc: 0.7705 | patience:   0 | Epoch time: 0.5 |

2023-01-07 21:50:31,712 - INFO -
| Epoch:     25 | Train loss: 0.3106 | Valid loss: 0.3069 | Train acc: 0.8641 | Valid acc: 0.7869 | patience:   0 | Epoch time: 0.5 |

2023-01-07 21:50:32,180 - INFO -
| Epoch:     26 | Train loss: 0.2882 | Valid loss: 0.3294 | Train acc: 0.8587 | Valid acc: 0.7869 | patience:   1 | Epoch time: 0.5 |

2023-01-07 21:50:32,650 - INFO -
| Epoch:     27 | Train loss: 0.2750 | Valid loss: 0.3068 | Train acc: 0.8315 | Valid acc: 0.7869 | patience:   0 | Epoch time: 0.5 |

2023-01-07 21:50:33,119 - INFO -
| Epoch:     28 | Train loss: 0.2549 | Valid loss: 0.3010 | Train acc: 0.8641 | Valid acc: 0.8033 | patience:   0 | Epoch time: 0.5 |

2023-01-07 21:50:33,586 - INFO -
| Epoch:     29 | Train loss: 0.2463 | Valid loss: 0.3080 | Train acc: 0.8587 | Valid acc: 0.8033 | patience:   1 | Epoch time: 0.5 |

2023-01-07 21:50:34,055 - INFO -
| Epoch:     30 | Train loss: 0.2329 | Valid loss: 0.3123 | Train acc: 0.8641 | Valid acc: 0.8033 | patience:   2 | Epoch time: 0.5 |

2023-01-07 21:50:34,524 - INFO -
| Epoch:     31 | Train loss: 0.2252 | Valid loss: 0.3000 | Train acc: 0.8750 | Valid acc: 0.8033 | patience:   0 | Epoch time: 0.5 |

2023-01-07 21:50:34,991 - INFO -
| Epoch:     32 | Train loss: 0.2180 | Valid loss: 0.3014 | Train acc: 0.8587 | Valid acc: 0.8033 | patience:   1 | Epoch time: 0.5 |

2023-01-07 21:50:35,458 - INFO -
| Epoch:     33 | Train loss: 0.2113 | Valid loss: 0.3158 | Train acc: 0.8641 | Valid acc: 0.8197 | patience:   2 | Epoch time: 0.5 |

2023-01-07 21:50:35,926 - INFO -
| Epoch:     34 | Train loss: 0.2124 | Valid loss: 0.3104 | Train acc: 0.8641 | Valid acc: 0.8033 | patience:   3 | Epoch time: 0.5 |

2023-01-07 21:50:36,393 - INFO -
| Epoch:     35 | Train loss: 0.2051 | Valid loss: 0.3093 | Train acc: 0.8696 | Valid acc: 0.8033 | patience:   4 | Epoch time: 0.5 |

2023-01-07 21:50:36,862 - INFO -
| Epoch:     36 | Train loss: 0.2084 | Valid loss: 0.3246 | Train acc: 0.8750 | Valid acc: 0.8361 | patience:   5 | Epoch time: 0.5 |

2023-01-07 21:50:37,332 - INFO -
| Epoch:     37 | Train loss: 0.2033 | Valid loss: 0.3277 | Train acc: 0.8804 | Valid acc: 0.8197 | patience:   6 | Epoch time: 0.5 |

2023-01-07 21:50:37,799 - INFO -
| Epoch:     38 | Train loss: 0.2013 | Valid loss: 0.3268 | Train acc: 0.8804 | Valid acc: 0.8033 | patience:   7 | Epoch time: 0.5 |

2023-01-07 21:50:38,267 - INFO -
| Epoch:     39 | Train loss: 0.1998 | Valid loss: 0.3318 | Train acc: 0.8859 | Valid acc: 0.8033 | patience:   8 | Epoch time: 0.5 |

2023-01-07 21:50:38,733 - INFO -
| Epoch:     40 | Train loss: 0.1971 | Valid loss: 0.3314 | Train acc: 0.8804 | Valid acc: 0.8033 | patience:   9 | Epoch time: 0.5 |

2023-01-07 21:50:39,200 - INFO -
| Epoch:     41 | Train loss: 0.1947 | Valid loss: 0.3252 | Train acc: 0.8750 | Valid acc: 0.8033 | patience:  10 | Epoch time: 0.5 |

2023-01-07 21:50:39,667 - INFO -
| Epoch:     42 | Train loss: 0.1936 | Valid loss: 0.3343 | Train acc: 0.8859 | Valid acc: 0.7869 | patience:  11 | Epoch time: 0.5 |

2023-01-07 21:50:40,134 - INFO -
| Epoch:     43 | Train loss: 0.1929 | Valid loss: 0.3125 | Train acc: 0.8750 | Valid acc: 0.7869 | patience:  12 | Epoch time: 0.5 |

2023-01-07 21:50:40,601 - INFO -
| Epoch:     44 | Train loss: 0.2029 | Valid loss: 0.3607 | Train acc: 0.8967 | Valid acc: 0.7869 | patience:  13 | Epoch time: 0.5 |

2023-01-07 21:50:41,069 - INFO -
| Epoch:     45 | Train loss: 0.2247 | Valid loss: 0.3194 | Train acc: 0.8641 | Valid acc: 0.7869 | patience:  14 | Epoch time: 0.5 |

2023-01-07 21:50:41,536 - INFO -
| Epoch:     46 | Train loss: 0.1885 | Valid loss: 0.3021 | Train acc: 0.8804 | Valid acc: 0.8197 | patience:  15 | Epoch time: 0.5 |

2023-01-07 21:50:42,003 - INFO -
| Epoch:     47 | Train loss: 0.2339 | Valid loss: 0.3202 | Train acc: 0.8696 | Valid acc: 0.8197 | patience:  16 | Epoch time: 0.5 |

2023-01-07 21:50:42,470 - INFO -
| Epoch:     48 | Train loss: 0.1904 | Valid loss: 0.3504 | Train acc: 0.8967 | Valid acc: 0.8197 | patience:  17 | Epoch time: 0.5 |

2023-01-07 21:50:42,938 - INFO -
| Epoch:     49 | Train loss: 0.2197 | Valid loss: 0.3130 | Train acc: 0.8641 | Valid acc: 0.8197 | patience:  18 | Epoch time: 0.5 |

2023-01-07 21:50:43,408 - INFO -
| Epoch:     50 | Train loss: 0.1884 | Valid loss: 0.2986 | Train acc: 0.8913 | Valid acc: 0.8033 | patience:   0 | Epoch time: 0.5 |

2023-01-07 21:50:43,876 - INFO -
| Epoch:     51 | Train loss: 0.2239 | Valid loss: 0.3099 | Train acc: 0.8696 | Valid acc: 0.8197 | patience:   1 | Epoch time: 0.5 |

2023-01-07 21:50:44,343 - INFO -
| Epoch:     52 | Train loss: 0.1882 | Valid loss: 0.3441 | Train acc: 0.8859 | Valid acc: 0.8033 | patience:   2 | Epoch time: 0.5 |

2023-01-07 21:50:44,810 - INFO -
| Epoch:     53 | Train loss: 0.2143 | Valid loss: 0.3299 | Train acc: 0.8696 | Valid acc: 0.8033 | patience:   3 | Epoch time: 0.5 |

2023-01-07 21:50:45,277 - INFO -
| Epoch:     54 | Train loss: 0.1951 | Valid loss: 0.3082 | Train acc: 0.8859 | Valid acc: 0.8033 | patience:   4 | Epoch time: 0.5 |

2023-01-07 21:50:45,744 - INFO -
| Epoch:     55 | Train loss: 0.2032 | Valid loss: 0.3100 | Train acc: 0.8750 | Valid acc: 0.8033 | patience:   5 | Epoch time: 0.5 |

2023-01-07 21:50:46,212 - INFO -
| Epoch:     56 | Train loss: 0.2004 | Valid loss: 0.3381 | Train acc: 0.8859 | Valid acc: 0.8033 | patience:   6 | Epoch time: 0.5 |

2023-01-07 21:50:46,681 - INFO -
| Epoch:     57 | Train loss: 0.1957 | Valid loss: 0.3462 | Train acc: 0.8913 | Valid acc: 0.8033 | patience:   7 | Epoch time: 0.5 |

2023-01-07 21:50:47,149 - INFO -
| Epoch:     58 | Train loss: 0.2039 | Valid loss: 0.3295 | Train acc: 0.8750 | Valid acc: 0.8197 | patience:   8 | Epoch time: 0.5 |

2023-01-07 21:50:47,616 - INFO -
| Epoch:     59 | Train loss: 0.1854 | Valid loss: 0.3172 | Train acc: 0.8859 | Valid acc: 0.8197 | patience:   9 | Epoch time: 0.5 |

2023-01-07 21:50:48,085 - INFO -
| Epoch:     60 | Train loss: 0.2139 | Valid loss: 0.3234 | Train acc: 0.8804 | Valid acc: 0.8033 | patience:  10 | Epoch time: 0.5 |

2023-01-07 21:50:48,553 - INFO -
| Epoch:     61 | Train loss: 0.1871 | Valid loss: 0.3525 | Train acc: 0.9022 | Valid acc: 0.8033 | patience:  11 | Epoch time: 0.5 |

2023-01-07 21:50:49,021 - INFO -
| Epoch:     62 | Train loss: 0.2028 | Valid loss: 0.3492 | Train acc: 0.8750 | Valid acc: 0.8033 | patience:  12 | Epoch time: 0.5 |

2023-01-07 21:50:49,489 - INFO -
| Epoch:     63 | Train loss: 0.1971 | Valid loss: 0.3202 | Train acc: 0.8750 | Valid acc: 0.8033 | patience:  13 | Epoch time: 0.5 |

2023-01-07 21:50:49,957 - INFO -
| Epoch:     64 | Train loss: 0.1908 | Valid loss: 0.3181 | Train acc: 0.9076 | Valid acc: 0.8033 | patience:  14 | Epoch time: 0.5 |

2023-01-07 21:50:50,425 - INFO -
| Epoch:     65 | Train loss: 0.1973 | Valid loss: 0.3329 | Train acc: 0.8859 | Valid acc: 0.8033 | patience:  15 | Epoch time: 0.5 |

2023-01-07 21:50:50,894 - INFO -
| Epoch:     66 | Train loss: 0.1847 | Valid loss: 0.3473 | Train acc: 0.8804 | Valid acc: 0.8033 | patience:  16 | Epoch time: 0.5 |

2023-01-07 21:50:51,361 - INFO -
| Epoch:     67 | Train loss: 0.1932 | Valid loss: 0.3381 | Train acc: 0.8913 | Valid acc: 0.8033 | patience:  17 | Epoch time: 0.5 |

2023-01-07 21:50:51,828 - INFO -
| Epoch:     68 | Train loss: 0.1860 | Valid loss: 0.3213 | Train acc: 0.8804 | Valid acc: 0.8033 | patience:  18 | Epoch time: 0.5 |

2023-01-07 21:50:52,296 - INFO -
| Epoch:     69 | Train loss: 0.1886 | Valid loss: 0.3212 | Train acc: 0.9022 | Valid acc: 0.8033 | patience:  19 | Epoch time: 0.5 |

2023-01-07 21:50:52,764 - INFO -
| Epoch:     70 | Train loss: 0.1884 | Valid loss: 0.3354 | Train acc: 0.9022 | Valid acc: 0.8033 | patience:  20 | Epoch time: 0.5 |

2023-01-07 21:50:53,231 - INFO -
| Epoch:     71 | Train loss: 0.1853 | Valid loss: 0.3446 | Train acc: 0.8804 | Valid acc: 0.8033 | patience:  21 | Epoch time: 0.5 |

2023-01-07 21:50:53,699 - INFO -
| Epoch:     72 | Train loss: 0.1907 | Valid loss: 0.3317 | Train acc: 0.8967 | Valid acc: 0.8197 | patience:  22 | Epoch time: 0.5 |

2023-01-07 21:50:54,167 - INFO -
| Epoch:     73 | Train loss: 0.1843 | Valid loss: 0.3197 | Train acc: 0.8750 | Valid acc: 0.8033 | patience:  23 | Epoch time: 0.5 |

2023-01-07 21:50:54,635 - INFO -
| Epoch:     74 | Train loss: 0.1876 | Valid loss: 0.3242 | Train acc: 0.9022 | Valid acc: 0.8033 | patience:  24 | Epoch time: 0.5 |

2023-01-07 21:50:55,102 - INFO -
| Epoch:     75 | Train loss: 0.1846 | Valid loss: 0.3350 | Train acc: 0.9022 | Valid acc: 0.8033 | patience:  25 | Epoch time: 0.5 |

2023-01-07 21:50:55,569 - INFO -
| Epoch:     76 | Train loss: 0.1846 | Valid loss: 0.3389 | Train acc: 0.8804 | Valid acc: 0.8033 | patience:  26 | Epoch time: 0.5 |

2023-01-07 21:50:56,036 - INFO -
| Epoch:     77 | Train loss: 0.1857 | Valid loss: 0.3298 | Train acc: 0.8913 | Valid acc: 0.8033 | patience:  27 | Epoch time: 0.5 |

2023-01-07 21:50:56,503 - INFO -
| Epoch:     78 | Train loss: 0.1830 | Valid loss: 0.3226 | Train acc: 0.8859 | Valid acc: 0.8033 | patience:  28 | Epoch time: 0.5 |

2023-01-07 21:50:56,971 - INFO -
| Epoch:     79 | Train loss: 0.1853 | Valid loss: 0.3281 | Train acc: 0.9022 | Valid acc: 0.8033 | patience:  29 | Epoch time: 0.5 |

2023-01-07 21:50:57,438 - INFO -
| Epoch:     80 | Train loss: 0.1829 | Valid loss: 0.3372 | Train acc: 0.8913 | Valid acc: 0.8033 | patience:  30 | Epoch time: 0.5 |

2023-01-07 21:50:57,906 - INFO -
| Epoch:     81 | Train loss: 0.1840 | Valid loss: 0.3372 | Train acc: 0.8804 | Valid acc: 0.8033 | patience:  31 | Epoch time: 0.5 |

2023-01-07 21:50:58,374 - INFO -
| Epoch:     82 | Train loss: 0.1837 | Valid loss: 0.3279 | Train acc: 0.8804 | Valid acc: 0.7869 | patience:  32 | Epoch time: 0.5 |

2023-01-07 21:50:58,841 - INFO -
| Epoch:     83 | Train loss: 0.1825 | Valid loss: 0.3250 | Train acc: 0.8859 | Valid acc: 0.8033 | patience:  33 | Epoch time: 0.5 |

2023-01-07 21:50:59,309 - INFO -
| Epoch:     84 | Train loss: 0.1834 | Valid loss: 0.3347 | Train acc: 0.9022 | Valid acc: 0.7869 | patience:  34 | Epoch time: 0.5 |

2023-01-07 21:50:59,775 - INFO -
| Epoch:     85 | Train loss: 0.1823 | Valid loss: 0.3407 | Train acc: 0.8859 | Valid acc: 0.8033 | patience:  35 | Epoch time: 0.5 |

2023-01-07 21:51:00,243 - INFO -
| Epoch:     86 | Train loss: 0.1845 | Valid loss: 0.3313 | Train acc: 0.8913 | Valid acc: 0.8033 | patience:  36 | Epoch time: 0.5 |

2023-01-07 21:51:00,710 - INFO -
| Epoch:     87 | Train loss: 0.1818 | Valid loss: 0.3238 | Train acc: 0.8859 | Valid acc: 0.8033 | patience:  37 | Epoch time: 0.5 |

2023-01-07 21:51:01,177 - INFO -
| Epoch:     88 | Train loss: 0.1833 | Valid loss: 0.3307 | Train acc: 0.9022 | Valid acc: 0.8033 | patience:  38 | Epoch time: 0.5 |

2023-01-07 21:51:01,644 - INFO -
| Epoch:     89 | Train loss: 0.1821 | Valid loss: 0.3282 | Train acc: 0.8859 | Valid acc: 0.8033 | patience:  39 | Epoch time: 0.5 |

2023-01-07 21:51:02,112 - INFO -
| Epoch:     90 | Train loss: 0.1818 | Valid loss: 0.3238 | Train acc: 0.8859 | Valid acc: 0.8033 | patience:  40 | Epoch time: 0.5 |

2023-01-07 21:51:02,580 - INFO -
| Epoch:     91 | Train loss: 0.1817 | Valid loss: 0.3252 | Train acc: 0.8967 | Valid acc: 0.8033 | patience:  41 | Epoch time: 0.5 |

2023-01-07 21:51:03,048 - INFO -
| Epoch:     92 | Train loss: 0.1814 | Valid loss: 0.3275 | Train acc: 0.8913 | Valid acc: 0.8033 | patience:  42 | Epoch time: 0.5 |

2023-01-07 21:51:03,516 - INFO -
| Epoch:     93 | Train loss: 0.1811 | Valid loss: 0.3310 | Train acc: 0.8913 | Valid acc: 0.8033 | patience:  43 | Epoch time: 0.5 |

2023-01-07 21:51:03,983 - INFO -
| Epoch:     94 | Train loss: 0.1813 | Valid loss: 0.3274 | Train acc: 0.8913 | Valid acc: 0.8033 | patience:  44 | Epoch time: 0.5 |

2023-01-07 21:51:04,450 - INFO -
| Epoch:     95 | Train loss: 0.1814 | Valid loss: 0.3303 | Train acc: 0.8967 | Valid acc: 0.8033 | patience:  45 | Epoch time: 0.5 |

2023-01-07 21:51:04,917 - INFO -
| Epoch:     96 | Train loss: 0.1807 | Valid loss: 0.3364 | Train acc: 0.8913 | Valid acc: 0.8033 | patience:  46 | Epoch time: 0.5 |

2023-01-07 21:51:05,385 - INFO -
| Epoch:     97 | Train loss: 0.1818 | Valid loss: 0.3289 | Train acc: 0.8967 | Valid acc: 0.7869 | patience:  47 | Epoch time: 0.5 |

2023-01-07 21:51:05,852 - INFO -
| Epoch:     98 | Train loss: 0.1812 | Valid loss: 0.3336 | Train acc: 0.8967 | Valid acc: 0.8033 | patience:  48 | Epoch time: 0.5 |

2023-01-07 21:51:06,320 - INFO -
| Epoch:     99 | Train loss: 0.1803 | Valid loss: 0.3339 | Train acc: 0.8967 | Valid acc: 0.8033 | patience:  49 | Epoch time: 0.5 |

2023-01-07 21:51:06,789 - INFO -
| Epoch:    100 | Train loss: 0.1803 | Valid loss: 0.3335 | Train acc: 0.8967 | Valid acc: 0.8033 | patience:  50 | Epoch time: 0.5 |

2023-01-07 21:51:07,258 - INFO -
| Epoch:    101 | Train loss: 0.1802 | Valid loss: 0.3369 | Train acc: 0.9022 | Valid acc: 0.8033 | patience:  51 | Epoch time: 0.5 |

2023-01-07 21:51:07,726 - INFO -
| Epoch:    102 | Train loss: 0.1804 | Valid loss: 0.3301 | Train acc: 0.8967 | Valid acc: 0.8033 | patience:  52 | Epoch time: 0.5 |

2023-01-07 21:51:08,193 - INFO -
| Epoch:    103 | Train loss: 0.1817 | Valid loss: 0.3398 | Train acc: 0.8967 | Valid acc: 0.8197 | patience:  53 | Epoch time: 0.5 |

2023-01-07 21:51:08,660 - INFO -
| Epoch:    104 | Train loss: 0.1820 | Valid loss: 0.3355 | Train acc: 0.9022 | Valid acc: 0.8033 | patience:  54 | Epoch time: 0.5 |

2023-01-07 21:51:09,128 - INFO -
| Epoch:    105 | Train loss: 0.1801 | Valid loss: 0.3292 | Train acc: 0.8967 | Valid acc: 0.8033 | patience:  55 | Epoch time: 0.5 |

2023-01-07 21:51:09,597 - INFO -
| Epoch:    106 | Train loss: 0.1825 | Valid loss: 0.3368 | Train acc: 0.9022 | Valid acc: 0.8033 | patience:  56 | Epoch time: 0.5 |

2023-01-07 21:51:10,063 - INFO -
| Epoch:    107 | Train loss: 0.1808 | Valid loss: 0.3382 | Train acc: 0.8913 | Valid acc: 0.8033 | patience:  57 | Epoch time: 0.5 |

2023-01-07 21:51:10,530 - INFO -
| Epoch:    108 | Train loss: 0.1814 | Valid loss: 0.3272 | Train acc: 0.9022 | Valid acc: 0.8033 | patience:  58 | Epoch time: 0.5 |

2023-01-07 21:51:10,998 - INFO -
| Epoch:    109 | Train loss: 0.1821 | Valid loss: 0.3348 | Train acc: 0.9022 | Valid acc: 0.8033 | patience:  59 | Epoch time: 0.5 |

2023-01-07 21:51:11,466 - INFO -
| Epoch:    110 | Train loss: 0.1800 | Valid loss: 0.3388 | Train acc: 0.8967 | Valid acc: 0.8033 | patience:  60 | Epoch time: 0.5 |

2023-01-07 21:51:11,934 - INFO -
| Epoch:    111 | Train loss: 0.1814 | Valid loss: 0.3295 | Train acc: 0.9022 | Valid acc: 0.7869 | patience:  61 | Epoch time: 0.5 |

2023-01-07 21:51:12,402 - INFO -
| Epoch:    112 | Train loss: 0.1800 | Valid loss: 0.3268 | Train acc: 0.8967 | Valid acc: 0.8033 | patience:  62 | Epoch time: 0.5 |

2023-01-07 21:51:12,869 - INFO -
| Epoch:    113 | Train loss: 0.1824 | Valid loss: 0.3431 | Train acc: 0.9022 | Valid acc: 0.8033 | patience:  63 | Epoch time: 0.5 |

2023-01-07 21:51:13,337 - INFO -
| Epoch:    114 | Train loss: 0.1833 | Valid loss: 0.3392 | Train acc: 0.8967 | Valid acc: 0.7869 | patience:  64 | Epoch time: 0.5 |

2023-01-07 21:51:13,804 - INFO -
| Epoch:    115 | Train loss: 0.1808 | Valid loss: 0.3268 | Train acc: 0.8967 | Valid acc: 0.8033 | patience:  65 | Epoch time: 0.5 |

2023-01-07 21:51:14,271 - INFO -
| Epoch:    116 | Train loss: 0.1829 | Valid loss: 0.3323 | Train acc: 0.9022 | Valid acc: 0.7869 | patience:  66 | Epoch time: 0.5 |

2023-01-07 21:51:14,739 - INFO -
| Epoch:    117 | Train loss: 0.1796 | Valid loss: 0.3415 | Train acc: 0.8913 | Valid acc: 0.8033 | patience:  67 | Epoch time: 0.5 |

2023-01-07 21:51:15,206 - INFO -
| Epoch:    118 | Train loss: 0.1815 | Valid loss: 0.3326 | Train acc: 0.8967 | Valid acc: 0.7869 | patience:  68 | Epoch time: 0.5 |

2023-01-07 21:51:15,673 - INFO -
| Epoch:    119 | Train loss: 0.1795 | Valid loss: 0.3279 | Train acc: 0.8913 | Valid acc: 0.8033 | patience:  69 | Epoch time: 0.5 |

2023-01-07 21:51:16,140 - INFO -
| Epoch:    120 | Train loss: 0.1818 | Valid loss: 0.3419 | Train acc: 0.9022 | Valid acc: 0.7869 | patience:  70 | Epoch time: 0.5 |

2023-01-07 21:51:16,610 - INFO -
| Epoch:    121 | Train loss: 0.1810 | Valid loss: 0.3389 | Train acc: 0.8967 | Valid acc: 0.8033 | patience:  71 | Epoch time: 0.5 |

2023-01-07 21:51:17,079 - INFO -
| Epoch:    122 | Train loss: 0.1797 | Valid loss: 0.3320 | Train acc: 0.9022 | Valid acc: 0.7869 | patience:  72 | Epoch time: 0.5 |

2023-01-07 21:51:17,547 - INFO -
| Epoch:    123 | Train loss: 0.1796 | Valid loss: 0.3320 | Train acc: 0.8913 | Valid acc: 0.7869 | patience:  73 | Epoch time: 0.5 |

2023-01-07 21:51:18,015 - INFO -
| Epoch:    124 | Train loss: 0.1797 | Valid loss: 0.3401 | Train acc: 0.8913 | Valid acc: 0.7869 | patience:  74 | Epoch time: 0.5 |

2023-01-07 21:51:18,483 - INFO -
| Epoch:    125 | Train loss: 0.1799 | Valid loss: 0.3394 | Train acc: 0.9022 | Valid acc: 0.7869 | patience:  75 | Epoch time: 0.5 |

2023-01-07 21:51:18,950 - INFO -
| Epoch:    126 | Train loss: 0.1797 | Valid loss: 0.3318 | Train acc: 0.8967 | Valid acc: 0.7869 | patience:  76 | Epoch time: 0.5 |

2023-01-07 21:51:19,417 - INFO -
| Epoch:    127 | Train loss: 0.1795 | Valid loss: 0.3344 | Train acc: 0.8913 | Valid acc: 0.7869 | patience:  77 | Epoch time: 0.5 |

2023-01-07 21:51:19,885 - INFO -
| Epoch:    128 | Train loss: 0.1790 | Valid loss: 0.3381 | Train acc: 0.8913 | Valid acc: 0.8033 | patience:  78 | Epoch time: 0.5 |

2023-01-07 21:51:20,353 - INFO -
| Epoch:    129 | Train loss: 0.1794 | Valid loss: 0.3332 | Train acc: 0.9022 | Valid acc: 0.7869 | patience:  79 | Epoch time: 0.5 |

2023-01-07 21:51:20,821 - INFO -
| Epoch:    130 | Train loss: 0.1790 | Valid loss: 0.3329 | Train acc: 0.8913 | Valid acc: 0.7869 | patience:  80 | Epoch time: 0.5 |

2023-01-07 21:51:21,289 - INFO -
| Epoch:    131 | Train loss: 0.1792 | Valid loss: 0.3395 | Train acc: 0.8967 | Valid acc: 0.8033 | patience:  81 | Epoch time: 0.5 |

2023-01-07 21:51:21,756 - INFO -
| Epoch:    132 | Train loss: 0.1792 | Valid loss: 0.3398 | Train acc: 0.9022 | Valid acc: 0.8033 | patience:  82 | Epoch time: 0.5 |

2023-01-07 21:51:22,223 - INFO -
| Epoch:    133 | Train loss: 0.1792 | Valid loss: 0.3351 | Train acc: 0.9076 | Valid acc: 0.7869 | patience:  83 | Epoch time: 0.5 |

2023-01-07 21:51:22,690 - INFO -
| Epoch:    134 | Train loss: 0.1788 | Valid loss: 0.3363 | Train acc: 0.8913 | Valid acc: 0.7869 | patience:  84 | Epoch time: 0.5 |

2023-01-07 21:51:23,158 - INFO -
| Epoch:    135 | Train loss: 0.1787 | Valid loss: 0.3394 | Train acc: 0.8967 | Valid acc: 0.8033 | patience:  85 | Epoch time: 0.5 |

2023-01-07 21:51:23,626 - INFO -
| Epoch:    136 | Train loss: 0.1788 | Valid loss: 0.3389 | Train acc: 0.8967 | Valid acc: 0.7869 | patience:  86 | Epoch time: 0.5 |

2023-01-07 21:51:24,094 - INFO -
| Epoch:    137 | Train loss: 0.1786 | Valid loss: 0.3345 | Train acc: 0.8967 | Valid acc: 0.7869 | patience:  87 | Epoch time: 0.5 |

2023-01-07 21:51:24,562 - INFO -
| Epoch:    138 | Train loss: 0.1790 | Valid loss: 0.3386 | Train acc: 0.8967 | Valid acc: 0.7869 | patience:  88 | Epoch time: 0.5 |

2023-01-07 21:51:25,029 - INFO -
| Epoch:    139 | Train loss: 0.1785 | Valid loss: 0.3389 | Train acc: 0.8967 | Valid acc: 0.7869 | patience:  89 | Epoch time: 0.5 |

2023-01-07 21:51:25,496 - INFO -
| Epoch:    140 | Train loss: 0.1785 | Valid loss: 0.3400 | Train acc: 0.8967 | Valid acc: 0.7869 | patience:  90 | Epoch time: 0.5 |

2023-01-07 21:51:25,964 - INFO -
| Epoch:    141 | Train loss: 0.1785 | Valid loss: 0.3377 | Train acc: 0.8967 | Valid acc: 0.7869 | patience:  91 | Epoch time: 0.5 |

2023-01-07 21:51:26,431 - INFO -
| Epoch:    142 | Train loss: 0.1785 | Valid loss: 0.3430 | Train acc: 0.8913 | Valid acc: 0.8033 | patience:  92 | Epoch time: 0.5 |

2023-01-07 21:51:26,898 - INFO -
| Epoch:    143 | Train loss: 0.1788 | Valid loss: 0.3335 | Train acc: 0.9076 | Valid acc: 0.8033 | patience:  93 | Epoch time: 0.5 |

2023-01-07 21:51:27,366 - INFO -
| Epoch:    144 | Train loss: 0.1800 | Valid loss: 0.3410 | Train acc: 0.8967 | Valid acc: 0.8033 | patience:  94 | Epoch time: 0.5 |

2023-01-07 21:51:27,833 - INFO -
| Epoch:    145 | Train loss: 0.1785 | Valid loss: 0.3444 | Train acc: 0.8967 | Valid acc: 0.7869 | patience:  95 | Epoch time: 0.5 |

2023-01-07 21:51:28,300 - INFO -
| Epoch:    146 | Train loss: 0.1800 | Valid loss: 0.3352 | Train acc: 0.9022 | Valid acc: 0.7869 | patience:  96 | Epoch time: 0.5 |

2023-01-07 21:51:28,769 - INFO -
| Epoch:    147 | Train loss: 0.1786 | Valid loss: 0.3338 | Train acc: 0.8967 | Valid acc: 0.7869 | patience:  97 | Epoch time: 0.5 |

2023-01-07 21:51:29,236 - INFO -
| Epoch:    148 | Train loss: 0.1789 | Valid loss: 0.3425 | Train acc: 0.8913 | Valid acc: 0.8033 | patience:  98 | Epoch time: 0.5 |

2023-01-07 21:51:29,705 - INFO -
| Epoch:    149 | Train loss: 0.1795 | Valid loss: 0.3416 | Train acc: 0.9076 | Valid acc: 0.8033 | patience:  99 | Epoch time: 0.5 |

2023-01-07 21:51:30,173 - INFO -
| Epoch:    150 | Train loss: 0.1791 | Valid loss: 0.3347 | Train acc: 0.9022 | Valid acc: 0.7869 | patience: 100 | Epoch time: 0.5 |

2023-01-07 21:51:30,640 - INFO -
| Epoch:    151 | Train loss: 0.1788 | Valid loss: 0.3373 | Train acc: 0.8913 | Valid acc: 0.7869 | patience: 101 | Epoch time: 0.5 |

2023-01-07 21:51:31,108 - INFO -
| Epoch:    152 | Train loss: 0.1784 | Valid loss: 0.3405 | Train acc: 0.8967 | Valid acc: 0.7869 | patience: 102 | Epoch time: 0.5 |

2023-01-07 21:51:31,576 - INFO -
| Epoch:    153 | Train loss: 0.1784 | Valid loss: 0.3409 | Train acc: 0.8967 | Valid acc: 0.7869 | patience: 103 | Epoch time: 0.5 |

2023-01-07 21:51:32,043 - INFO -
| Epoch:    154 | Train loss: 0.1783 | Valid loss: 0.3400 | Train acc: 0.8967 | Valid acc: 0.7869 | patience: 104 | Epoch time: 0.5 |

2023-01-07 21:51:32,510 - INFO -
| Epoch:    155 | Train loss: 0.1781 | Valid loss: 0.3384 | Train acc: 0.8913 | Valid acc: 0.7869 | patience: 105 | Epoch time: 0.5 |

2023-01-07 21:51:32,978 - INFO -
| Epoch:    156 | Train loss: 0.1783 | Valid loss: 0.3434 | Train acc: 0.8967 | Valid acc: 0.8033 | patience: 106 | Epoch time: 0.5 |

2023-01-07 21:51:33,446 - INFO -
| Epoch:    157 | Train loss: 0.1782 | Valid loss: 0.3391 | Train acc: 0.8967 | Valid acc: 0.7869 | patience: 107 | Epoch time: 0.5 |

2023-01-07 21:51:33,914 - INFO -
| Epoch:    158 | Train loss: 0.1785 | Valid loss: 0.3410 | Train acc: 0.8967 | Valid acc: 0.7869 | patience: 108 | Epoch time: 0.5 |

2023-01-07 21:51:34,381 - INFO -
| Epoch:    159 | Train loss: 0.1780 | Valid loss: 0.3447 | Train acc: 0.8967 | Valid acc: 0.8033 | patience: 109 | Epoch time: 0.5 |

2023-01-07 21:51:34,849 - INFO -
| Epoch:    160 | Train loss: 0.1784 | Valid loss: 0.3381 | Train acc: 0.8967 | Valid acc: 0.7869 | patience: 110 | Epoch time: 0.5 |

2023-01-07 21:51:35,317 - INFO -
| Epoch:    161 | Train loss: 0.1781 | Valid loss: 0.3389 | Train acc: 0.8967 | Valid acc: 0.7869 | patience: 111 | Epoch time: 0.5 |

2023-01-07 21:51:35,786 - INFO -
| Epoch:    162 | Train loss: 0.1778 | Valid loss: 0.3415 | Train acc: 0.8913 | Valid acc: 0.8033 | patience: 112 | Epoch time: 0.5 |

2023-01-07 21:51:36,253 - INFO -
| Epoch:    163 | Train loss: 0.1780 | Valid loss: 0.3385 | Train acc: 0.8967 | Valid acc: 0.7869 | patience: 113 | Epoch time: 0.5 |

2023-01-07 21:51:36,721 - INFO -
| Epoch:    164 | Train loss: 0.1778 | Valid loss: 0.3373 | Train acc: 0.8913 | Valid acc: 0.7869 | patience: 114 | Epoch time: 0.5 |

2023-01-07 21:51:37,189 - INFO -
| Epoch:    165 | Train loss: 0.1780 | Valid loss: 0.3429 | Train acc: 0.8967 | Valid acc: 0.8033 | patience: 115 | Epoch time: 0.5 |

2023-01-07 21:51:37,657 - INFO -
| Epoch:    166 | Train loss: 0.1783 | Valid loss: 0.3388 | Train acc: 0.8967 | Valid acc: 0.7869 | patience: 116 | Epoch time: 0.5 |

2023-01-07 21:51:38,124 - INFO -
| Epoch:    167 | Train loss: 0.1777 | Valid loss: 0.3380 | Train acc: 0.8913 | Valid acc: 0.7869 | patience: 117 | Epoch time: 0.5 |

2023-01-07 21:51:38,592 - INFO -
| Epoch:    168 | Train loss: 0.1778 | Valid loss: 0.3430 | Train acc: 0.8967 | Valid acc: 0.7869 | patience: 118 | Epoch time: 0.5 |

2023-01-07 21:51:39,060 - INFO -
| Epoch:    169 | Train loss: 0.1776 | Valid loss: 0.3419 | Train acc: 0.8967 | Valid acc: 0.7869 | patience: 119 | Epoch time: 0.5 |

2023-01-07 21:51:39,528 - INFO -
| Epoch:    170 | Train loss: 0.1775 | Valid loss: 0.3414 | Train acc: 0.8967 | Valid acc: 0.7869 | patience: 120 | Epoch time: 0.5 |

2023-01-07 21:51:39,997 - INFO -
| Epoch:    171 | Train loss: 0.1775 | Valid loss: 0.3473 | Train acc: 0.8967 | Valid acc: 0.8033 | patience: 121 | Epoch time: 0.5 |

2023-01-07 21:51:40,466 - INFO -
| Epoch:    172 | Train loss: 0.1782 | Valid loss: 0.3399 | Train acc: 0.9022 | Valid acc: 0.7869 | patience: 122 | Epoch time: 0.5 |

2023-01-07 21:51:40,933 - INFO -
| Epoch:    173 | Train loss: 0.1780 | Valid loss: 0.3407 | Train acc: 0.8967 | Valid acc: 0.7869 | patience: 123 | Epoch time: 0.5 |

2023-01-07 21:51:41,401 - INFO -
| Epoch:    174 | Train loss: 0.1777 | Valid loss: 0.3465 | Train acc: 0.8967 | Valid acc: 0.8033 | patience: 124 | Epoch time: 0.5 |

2023-01-07 21:51:41,869 - INFO -
| Epoch:    175 | Train loss: 0.1776 | Valid loss: 0.3429 | Train acc: 0.9022 | Valid acc: 0.7869 | patience: 125 | Epoch time: 0.5 |

2023-01-07 21:51:42,338 - INFO -
| Epoch:    176 | Train loss: 0.1773 | Valid loss: 0.3397 | Train acc: 0.8967 | Valid acc: 0.7869 | patience: 126 | Epoch time: 0.5 |

2023-01-07 21:51:42,806 - INFO -
| Epoch:    177 | Train loss: 0.1778 | Valid loss: 0.3450 | Train acc: 0.8967 | Valid acc: 0.7869 | patience: 127 | Epoch time: 0.5 |

2023-01-07 21:51:43,274 - INFO -
| Epoch:    178 | Train loss: 0.1774 | Valid loss: 0.3468 | Train acc: 0.9022 | Valid acc: 0.7869 | patience: 128 | Epoch time: 0.5 |

2023-01-07 21:51:43,743 - INFO -
| Epoch:    179 | Train loss: 0.1775 | Valid loss: 0.3415 | Train acc: 0.9076 | Valid acc: 0.7869 | patience: 129 | Epoch time: 0.5 |

2023-01-07 21:51:44,212 - INFO -
| Epoch:    180 | Train loss: 0.1773 | Valid loss: 0.3424 | Train acc: 0.9022 | Valid acc: 0.7869 | patience: 130 | Epoch time: 0.5 |

2023-01-07 21:51:44,680 - INFO -
| Epoch:    181 | Train loss: 0.1771 | Valid loss: 0.3508 | Train acc: 0.9022 | Valid acc: 0.8033 | patience: 131 | Epoch time: 0.5 |

2023-01-07 21:51:45,147 - INFO -
| Epoch:    182 | Train loss: 0.1776 | Valid loss: 0.3467 | Train acc: 0.9022 | Valid acc: 0.7869 | patience: 132 | Epoch time: 0.5 |

2023-01-07 21:51:45,615 - INFO -
| Epoch:    183 | Train loss: 0.1768 | Valid loss: 0.3436 | Train acc: 0.9022 | Valid acc: 0.7869 | patience: 133 | Epoch time: 0.5 |

2023-01-07 21:51:46,082 - INFO -
| Epoch:    184 | Train loss: 0.1778 | Valid loss: 0.3539 | Train acc: 0.8967 | Valid acc: 0.8033 | patience: 134 | Epoch time: 0.5 |

2023-01-07 21:51:46,549 - INFO -
| Epoch:    185 | Train loss: 0.1782 | Valid loss: 0.3410 | Train acc: 0.9022 | Valid acc: 0.7869 | patience: 135 | Epoch time: 0.5 |

2023-01-07 21:51:47,017 - INFO -
| Epoch:    186 | Train loss: 0.1799 | Valid loss: 0.3504 | Train acc: 0.8967 | Valid acc: 0.8033 | patience: 136 | Epoch time: 0.5 |

2023-01-07 21:51:47,484 - INFO -
| Epoch:    187 | Train loss: 0.1779 | Valid loss: 0.3485 | Train acc: 0.9022 | Valid acc: 0.7869 | patience: 137 | Epoch time: 0.5 |

2023-01-07 21:51:47,952 - INFO -
| Epoch:    188 | Train loss: 0.1778 | Valid loss: 0.3375 | Train acc: 0.9022 | Valid acc: 0.7869 | patience: 138 | Epoch time: 0.5 |

2023-01-07 21:51:48,419 - INFO -
| Epoch:    189 | Train loss: 0.1795 | Valid loss: 0.3416 | Train acc: 0.8967 | Valid acc: 0.7869 | patience: 139 | Epoch time: 0.5 |

2023-01-07 21:51:48,886 - INFO -
| Epoch:    190 | Train loss: 0.1771 | Valid loss: 0.3477 | Train acc: 0.8967 | Valid acc: 0.7869 | patience: 140 | Epoch time: 0.5 |

2023-01-07 21:51:49,353 - INFO -
| Epoch:    191 | Train loss: 0.1782 | Valid loss: 0.3412 | Train acc: 0.9022 | Valid acc: 0.7869 | patience: 141 | Epoch time: 0.5 |

2023-01-07 21:51:49,820 - INFO -
| Epoch:    192 | Train loss: 0.1771 | Valid loss: 0.3406 | Train acc: 0.8913 | Valid acc: 0.7869 | patience: 142 | Epoch time: 0.5 |

2023-01-07 21:51:50,287 - INFO -
| Epoch:    193 | Train loss: 0.1775 | Valid loss: 0.3483 | Train acc: 0.8913 | Valid acc: 0.7869 | patience: 143 | Epoch time: 0.5 |

2023-01-07 21:51:50,754 - INFO -
| Epoch:    194 | Train loss: 0.1773 | Valid loss: 0.3456 | Train acc: 0.9022 | Valid acc: 0.7869 | patience: 144 | Epoch time: 0.5 |

2023-01-07 21:51:51,222 - INFO -
| Epoch:    195 | Train loss: 0.1765 | Valid loss: 0.3428 | Train acc: 0.9076 | Valid acc: 0.7869 | patience: 145 | Epoch time: 0.5 |

2023-01-07 21:51:51,690 - INFO -
| Epoch:    196 | Train loss: 0.1773 | Valid loss: 0.3506 | Train acc: 0.8913 | Valid acc: 0.7869 | patience: 146 | Epoch time: 0.5 |

2023-01-07 21:51:52,158 - INFO -
| Epoch:    197 | Train loss: 0.1771 | Valid loss: 0.3459 | Train acc: 0.9022 | Valid acc: 0.7869 | patience: 147 | Epoch time: 0.5 |

2023-01-07 21:51:52,625 - INFO -
| Epoch:    198 | Train loss: 0.1765 | Valid loss: 0.3464 | Train acc: 0.8913 | Valid acc: 0.7869 | patience: 148 | Epoch time: 0.5 |

2023-01-07 21:51:53,093 - INFO -
| Epoch:    199 | Train loss: 0.1767 | Valid loss: 0.3527 | Train acc: 0.8967 | Valid acc: 0.7869 | patience: 149 | Epoch time: 0.5 |

2023-01-07 21:51:53,562 - INFO -
| Epoch:    200 | Train loss: 0.1774 | Valid loss: 0.3507 | Train acc: 0.9022 | Valid acc: 0.7869 | patience: 150 | Epoch time: 0.5 |

2023-01-07 21:51:54,030 - INFO -
| Epoch:    201 | Train loss: 0.1766 | Valid loss: 0.3472 | Train acc: 0.8913 | Valid acc: 0.7869 | patience: 151 | Epoch time: 0.5 |

2023-01-07 21:51:54,498 - INFO -
| Epoch:    202 | Train loss: 0.1780 | Valid loss: 0.3583 | Train acc: 0.8967 | Valid acc: 0.7869 | patience: 152 | Epoch time: 0.5 |

2023-01-07 21:51:54,966 - INFO -
| Epoch:    203 | Train loss: 0.1794 | Valid loss: 0.3485 | Train acc: 0.9022 | Valid acc: 0.7869 | patience: 153 | Epoch time: 0.5 |

2023-01-07 21:51:55,433 - INFO -
| Epoch:    204 | Train loss: 0.1760 | Valid loss: 0.3452 | Train acc: 0.9022 | Valid acc: 0.7869 | patience: 154 | Epoch time: 0.5 |

2023-01-07 21:51:55,902 - INFO -
| Epoch:    205 | Train loss: 0.1781 | Valid loss: 0.3625 | Train acc: 0.8967 | Valid acc: 0.7869 | patience: 155 | Epoch time: 0.5 |

2023-01-07 21:51:56,370 - INFO -
| Epoch:    206 | Train loss: 0.1820 | Valid loss: 0.3483 | Train acc: 0.9022 | Valid acc: 0.7869 | patience: 156 | Epoch time: 0.5 |

2023-01-07 21:51:56,837 - INFO -
| Epoch:    207 | Train loss: 0.1760 | Valid loss: 0.3428 | Train acc: 0.9022 | Valid acc: 0.7705 | patience: 157 | Epoch time: 0.5 |

2023-01-07 21:51:57,304 - INFO -
| Epoch:    208 | Train loss: 0.1813 | Valid loss: 0.3622 | Train acc: 0.9022 | Valid acc: 0.7869 | patience: 158 | Epoch time: 0.5 |

2023-01-07 21:51:57,771 - INFO -
| Epoch:    209 | Train loss: 0.1822 | Valid loss: 0.3535 | Train acc: 0.8967 | Valid acc: 0.7869 | patience: 159 | Epoch time: 0.5 |

2023-01-07 21:51:58,239 - INFO -
| Epoch:    210 | Train loss: 0.1769 | Valid loss: 0.3422 | Train acc: 0.9022 | Valid acc: 0.8033 | patience: 160 | Epoch time: 0.5 |

2023-01-07 21:51:58,708 - INFO -
| Epoch:    211 | Train loss: 0.1921 | Valid loss: 0.3646 | Train acc: 0.8967 | Valid acc: 0.7869 | patience: 161 | Epoch time: 0.5 |

2023-01-07 21:51:59,176 - INFO -
| Epoch:    212 | Train loss: 0.1836 | Valid loss: 0.3671 | Train acc: 0.8967 | Valid acc: 0.8033 | patience: 162 | Epoch time: 0.5 |

2023-01-07 21:51:59,644 - INFO -
| Epoch:    213 | Train loss: 0.1854 | Valid loss: 0.3450 | Train acc: 0.8967 | Valid acc: 0.7869 | patience: 163 | Epoch time: 0.5 |

2023-01-07 21:52:00,111 - INFO -
| Epoch:    214 | Train loss: 0.1809 | Valid loss: 0.3467 | Train acc: 0.9022 | Valid acc: 0.7869 | patience: 164 | Epoch time: 0.5 |

2023-01-07 21:52:00,578 - INFO -
| Epoch:    215 | Train loss: 0.1782 | Valid loss: 0.3686 | Train acc: 0.8967 | Valid acc: 0.8033 | patience: 165 | Epoch time: 0.5 |

2023-01-07 21:52:01,046 - INFO -
| Epoch:    216 | Train loss: 0.1855 | Valid loss: 0.3577 | Train acc: 0.8967 | Valid acc: 0.7869 | patience: 166 | Epoch time: 0.5 |

2023-01-07 21:52:01,515 - INFO -
| Epoch:    217 | Train loss: 0.1775 | Valid loss: 0.3423 | Train acc: 0.9022 | Valid acc: 0.8033 | patience: 167 | Epoch time: 0.5 |

2023-01-07 21:52:01,982 - INFO -
| Epoch:    218 | Train loss: 0.1957 | Valid loss: 0.3521 | Train acc: 0.8967 | Valid acc: 0.7869 | patience: 168 | Epoch time: 0.5 |

2023-01-07 21:52:02,450 - INFO -
| Epoch:    219 | Train loss: 0.1750 | Valid loss: 0.3722 | Train acc: 0.9022 | Valid acc: 0.8033 | patience: 169 | Epoch time: 0.5 |

2023-01-07 21:52:02,917 - INFO -
| Epoch:    220 | Train loss: 0.1864 | Valid loss: 0.3510 | Train acc: 0.8967 | Valid acc: 0.7869 | patience: 170 | Epoch time: 0.5 |

2023-01-07 21:52:03,384 - INFO -
| Epoch:    221 | Train loss: 0.1748 | Valid loss: 0.3448 | Train acc: 0.9076 | Valid acc: 0.7869 | patience: 171 | Epoch time: 0.5 |

2023-01-07 21:52:03,852 - INFO -
| Epoch:    222 | Train loss: 0.1831 | Valid loss: 0.3626 | Train acc: 0.9022 | Valid acc: 0.7705 | patience: 172 | Epoch time: 0.5 |

2023-01-07 21:52:04,320 - INFO -
| Epoch:    223 | Train loss: 0.1776 | Valid loss: 0.3618 | Train acc: 0.9022 | Valid acc: 0.7705 | patience: 173 | Epoch time: 0.5 |

2023-01-07 21:52:04,789 - INFO -
| Epoch:    224 | Train loss: 0.1768 | Valid loss: 0.3492 | Train acc: 0.9022 | Valid acc: 0.7869 | patience: 174 | Epoch time: 0.5 |

2023-01-07 21:52:05,256 - INFO -
| Epoch:    225 | Train loss: 0.1779 | Valid loss: 0.3697 | Train acc: 0.8913 | Valid acc: 0.7869 | patience: 175 | Epoch time: 0.5 |

2023-01-07 21:52:05,724 - INFO -
| Epoch:    226 | Train loss: 0.1791 | Valid loss: 0.3533 | Train acc: 0.8967 | Valid acc: 0.7869 | patience: 176 | Epoch time: 0.5 |

2023-01-07 21:52:06,193 - INFO -
| Epoch:    227 | Train loss: 0.1764 | Valid loss: 0.3626 | Train acc: 0.9022 | Valid acc: 0.7869 | patience: 177 | Epoch time: 0.5 |

2023-01-07 21:52:06,661 - INFO -
| Epoch:    228 | Train loss: 0.1762 | Valid loss: 0.3570 | Train acc: 0.9076 | Valid acc: 0.7869 | patience: 178 | Epoch time: 0.5 |

2023-01-07 21:52:07,128 - INFO -
| Epoch:    229 | Train loss: 0.1751 | Valid loss: 0.3588 | Train acc: 0.9022 | Valid acc: 0.7869 | patience: 179 | Epoch time: 0.5 |

2023-01-07 21:52:07,595 - INFO -
| Epoch:    230 | Train loss: 0.1748 | Valid loss: 0.3627 | Train acc: 0.9130 | Valid acc: 0.7869 | patience: 180 | Epoch time: 0.5 |

2023-01-07 21:52:08,062 - INFO -
| Epoch:    231 | Train loss: 0.1752 | Valid loss: 0.3525 | Train acc: 0.9076 | Valid acc: 0.7869 | patience: 181 | Epoch time: 0.5 |

2023-01-07 21:52:08,531 - INFO -
| Epoch:    232 | Train loss: 0.1779 | Valid loss: 0.3779 | Train acc: 0.9022 | Valid acc: 0.8033 | patience: 182 | Epoch time: 0.5 |

2023-01-07 21:52:09,000 - INFO -
| Epoch:    233 | Train loss: 0.1863 | Valid loss: 0.3486 | Train acc: 0.8859 | Valid acc: 0.7869 | patience: 183 | Epoch time: 0.5 |

2023-01-07 21:52:09,468 - INFO -
| Epoch:    234 | Train loss: 0.1828 | Valid loss: 0.3807 | Train acc: 0.9076 | Valid acc: 0.8033 | patience: 184 | Epoch time: 0.5 |

2023-01-07 21:52:09,935 - INFO -
| Epoch:    235 | Train loss: 0.1903 | Valid loss: 0.3442 | Train acc: 0.8913 | Valid acc: 0.8033 | patience: 185 | Epoch time: 0.5 |

2023-01-07 21:52:10,403 - INFO -
| Epoch:    236 | Train loss: 0.2010 | Valid loss: 0.3839 | Train acc: 0.8913 | Valid acc: 0.8033 | patience: 186 | Epoch time: 0.5 |

2023-01-07 21:52:10,872 - INFO -
| Epoch:    237 | Train loss: 0.1965 | Valid loss: 0.3504 | Train acc: 0.8913 | Valid acc: 0.7869 | patience: 187 | Epoch time: 0.5 |

2023-01-07 21:52:11,339 - INFO -
| Epoch:    238 | Train loss: 0.1761 | Valid loss: 0.3435 | Train acc: 0.9076 | Valid acc: 0.7705 | patience: 188 | Epoch time: 0.5 |

2023-01-07 21:52:11,807 - INFO -
| Epoch:    239 | Train loss: 0.1853 | Valid loss: 0.3842 | Train acc: 0.9022 | Valid acc: 0.7869 | patience: 189 | Epoch time: 0.5 |

2023-01-07 21:52:12,276 - INFO -
| Epoch:    240 | Train loss: 0.1992 | Valid loss: 0.3494 | Train acc: 0.8859 | Valid acc: 0.7869 | patience: 190 | Epoch time: 0.5 |

2023-01-07 21:52:12,743 - INFO -
| Epoch:    241 | Train loss: 0.1741 | Valid loss: 0.3436 | Train acc: 0.9185 | Valid acc: 0.8033 | patience: 191 | Epoch time: 0.5 |

2023-01-07 21:52:13,210 - INFO -
| Epoch:    242 | Train loss: 0.1937 | Valid loss: 0.3726 | Train acc: 0.9022 | Valid acc: 0.8033 | patience: 192 | Epoch time: 0.5 |

2023-01-07 21:52:13,678 - INFO -
| Epoch:    243 | Train loss: 0.1854 | Valid loss: 0.3575 | Train acc: 0.8859 | Valid acc: 0.7869 | patience: 193 | Epoch time: 0.5 |

2023-01-07 21:52:14,146 - INFO -
| Epoch:    244 | Train loss: 0.1731 | Valid loss: 0.3462 | Train acc: 0.9022 | Valid acc: 0.8033 | patience: 194 | Epoch time: 0.5 |

2023-01-07 21:52:14,613 - INFO -
| Epoch:    245 | Train loss: 0.1974 | Valid loss: 0.3731 | Train acc: 0.9022 | Valid acc: 0.8033 | patience: 195 | Epoch time: 0.5 |

2023-01-07 21:52:15,080 - INFO -
| Epoch:    246 | Train loss: 0.1843 | Valid loss: 0.3617 | Train acc: 0.8913 | Valid acc: 0.8033 | patience: 196 | Epoch time: 0.5 |

2023-01-07 21:52:15,547 - INFO -
| Epoch:    247 | Train loss: 0.1739 | Valid loss: 0.3453 | Train acc: 0.8967 | Valid acc: 0.8033 | patience: 197 | Epoch time: 0.5 |

2023-01-07 21:52:16,014 - INFO -
| Epoch:    248 | Train loss: 0.1998 | Valid loss: 0.3614 | Train acc: 0.8859 | Valid acc: 0.8033 | patience: 198 | Epoch time: 0.5 |

2023-01-07 21:52:16,481 - INFO -
| Epoch:    249 | Train loss: 0.1735 | Valid loss: 0.3845 | Train acc: 0.8967 | Valid acc: 0.8033 | patience: 199 | Epoch time: 0.5 |

2023-01-07 21:52:16,948 - INFO -
| Epoch:    250 | Train loss: 0.1939 | Valid loss: 0.3483 | Train acc: 0.8859 | Valid acc: 0.7869 | patience: 200 | Epoch time: 0.5 |

2023-01-07 21:52:17,415 - INFO -
| Epoch:    251 | Train loss: 0.1758 | Valid loss: 0.3436 | Train acc: 0.9076 | Valid acc: 0.8033 | patience: 201 | Epoch time: 0.5 |

2023-01-07 21:52:17,883 - INFO -
| Epoch:    252 | Train loss: 0.1876 | Valid loss: 0.3658 | Train acc: 0.9022 | Valid acc: 0.7869 | patience: 202 | Epoch time: 0.5 |

2023-01-07 21:52:18,350 - INFO -
| Epoch:    253 | Train loss: 0.1758 | Valid loss: 0.3752 | Train acc: 0.8967 | Valid acc: 0.8033 | patience: 203 | Epoch time: 0.5 |

2023-01-07 21:52:18,818 - INFO -
| Epoch:    254 | Train loss: 0.1829 | Valid loss: 0.3457 | Train acc: 0.8967 | Valid acc: 0.7869 | patience: 204 | Epoch time: 0.5 |

2023-01-07 21:52:19,287 - INFO -
| Epoch:    255 | Train loss: 0.1799 | Valid loss: 0.3482 | Train acc: 0.9022 | Valid acc: 0.7869 | patience: 205 | Epoch time: 0.5 |

2023-01-07 21:52:19,756 - INFO -
| Epoch:    256 | Train loss: 0.1749 | Valid loss: 0.3729 | Train acc: 0.8967 | Valid acc: 0.7869 | patience: 206 | Epoch time: 0.5 |

2023-01-07 21:52:20,223 - INFO -
| Epoch:    257 | Train loss: 0.1815 | Valid loss: 0.3559 | Train acc: 0.9022 | Valid acc: 0.7869 | patience: 207 | Epoch time: 0.5 |

2023-01-07 21:52:20,692 - INFO -
| Epoch:    258 | Train loss: 0.1715 | Valid loss: 0.3469 | Train acc: 0.9022 | Valid acc: 0.8033 | patience: 208 | Epoch time: 0.5 |

2023-01-07 21:52:21,159 - INFO -
| Epoch:    259 | Train loss: 0.1811 | Valid loss: 0.3577 | Train acc: 0.9022 | Valid acc: 0.7705 | patience: 209 | Epoch time: 0.5 |

2023-01-07 21:52:21,626 - INFO -
| Epoch:    260 | Train loss: 0.1714 | Valid loss: 0.3643 | Train acc: 0.9022 | Valid acc: 0.7705 | patience: 210 | Epoch time: 0.5 |

2023-01-07 21:52:22,094 - INFO -
| Epoch:    261 | Train loss: 0.1738 | Valid loss: 0.3504 | Train acc: 0.9130 | Valid acc: 0.7869 | patience: 211 | Epoch time: 0.5 |

2023-01-07 21:52:22,561 - INFO -
| Epoch:    262 | Train loss: 0.1767 | Valid loss: 0.3553 | Train acc: 0.8967 | Valid acc: 0.7869 | patience: 212 | Epoch time: 0.5 |

2023-01-07 21:52:23,028 - INFO -
| Epoch:    263 | Train loss: 0.1707 | Valid loss: 0.3774 | Train acc: 0.8859 | Valid acc: 0.8033 | patience: 213 | Epoch time: 0.5 |

2023-01-07 21:52:23,497 - INFO -
| Epoch:    264 | Train loss: 0.1816 | Valid loss: 0.3557 | Train acc: 0.9022 | Valid acc: 0.7869 | patience: 214 | Epoch time: 0.5 |

2023-01-07 21:52:23,965 - INFO -
| Epoch:    265 | Train loss: 0.1706 | Valid loss: 0.3526 | Train acc: 0.8967 | Valid acc: 0.7869 | patience: 215 | Epoch time: 0.5 |

2023-01-07 21:52:24,432 - INFO -
| Epoch:    266 | Train loss: 0.1733 | Valid loss: 0.3653 | Train acc: 0.8967 | Valid acc: 0.7705 | patience: 216 | Epoch time: 0.5 |

2023-01-07 21:52:24,899 - INFO -
| Epoch:    267 | Train loss: 0.1713 | Valid loss: 0.3656 | Train acc: 0.9130 | Valid acc: 0.7705 | patience: 217 | Epoch time: 0.5 |

2023-01-07 21:52:25,366 - INFO -
| Epoch:    268 | Train loss: 0.1714 | Valid loss: 0.3520 | Train acc: 0.9130 | Valid acc: 0.7869 | patience: 218 | Epoch time: 0.5 |

2023-01-07 21:52:25,833 - INFO -
| Epoch:    269 | Train loss: 0.1727 | Valid loss: 0.3596 | Train acc: 0.8967 | Valid acc: 0.7705 | patience: 219 | Epoch time: 0.5 |

2023-01-07 21:52:26,302 - INFO -
| Epoch:    270 | Train loss: 0.1693 | Valid loss: 0.3632 | Train acc: 0.9022 | Valid acc: 0.7705 | patience: 220 | Epoch time: 0.5 |

2023-01-07 21:52:26,769 - INFO -
| Epoch:    271 | Train loss: 0.1699 | Valid loss: 0.3559 | Train acc: 0.9130 | Valid acc: 0.7705 | patience: 221 | Epoch time: 0.5 |

2023-01-07 21:52:27,237 - INFO -
| Epoch:    272 | Train loss: 0.1693 | Valid loss: 0.3613 | Train acc: 0.8913 | Valid acc: 0.7705 | patience: 222 | Epoch time: 0.5 |

2023-01-07 21:52:27,705 - INFO -
| Epoch:    273 | Train loss: 0.1686 | Valid loss: 0.3612 | Train acc: 0.9022 | Valid acc: 0.7705 | patience: 223 | Epoch time: 0.5 |

2023-01-07 21:52:28,173 - INFO -
| Epoch:    274 | Train loss: 0.1683 | Valid loss: 0.3569 | Train acc: 0.9022 | Valid acc: 0.7869 | patience: 224 | Epoch time: 0.5 |

2023-01-07 21:52:28,640 - INFO -
| Epoch:    275 | Train loss: 0.1691 | Valid loss: 0.3718 | Train acc: 0.8967 | Valid acc: 0.7705 | patience: 225 | Epoch time: 0.5 |

2023-01-07 21:52:29,107 - INFO -
| Epoch:    276 | Train loss: 0.1721 | Valid loss: 0.3604 | Train acc: 0.9130 | Valid acc: 0.7705 | patience: 226 | Epoch time: 0.5 |

2023-01-07 21:52:29,574 - INFO -
| Epoch:    277 | Train loss: 0.1675 | Valid loss: 0.3538 | Train acc: 0.9022 | Valid acc: 0.7869 | patience: 227 | Epoch time: 0.5 |

2023-01-07 21:52:30,041 - INFO -
| Epoch:    278 | Train loss: 0.1739 | Valid loss: 0.3709 | Train acc: 0.8967 | Valid acc: 0.7705 | patience: 228 | Epoch time: 0.5 |

2023-01-07 21:52:30,508 - INFO -
| Epoch:    279 | Train loss: 0.1702 | Valid loss: 0.3734 | Train acc: 0.9130 | Valid acc: 0.7705 | patience: 229 | Epoch time: 0.5 |

2023-01-07 21:52:30,976 - INFO -
| Epoch:    280 | Train loss: 0.1711 | Valid loss: 0.3552 | Train acc: 0.9076 | Valid acc: 0.7705 | patience: 230 | Epoch time: 0.5 |

2023-01-07 21:52:31,444 - INFO -
| Epoch:    281 | Train loss: 0.1725 | Valid loss: 0.3607 | Train acc: 0.8967 | Valid acc: 0.7705 | patience: 231 | Epoch time: 0.5 |

2023-01-07 21:52:31,911 - INFO -
| Epoch:    282 | Train loss: 0.1675 | Valid loss: 0.3790 | Train acc: 0.9022 | Valid acc: 0.7869 | patience: 232 | Epoch time: 0.5 |

2023-01-07 21:52:32,379 - INFO -
| Epoch:    283 | Train loss: 0.1741 | Valid loss: 0.3584 | Train acc: 0.8967 | Valid acc: 0.7869 | patience: 233 | Epoch time: 0.5 |

2023-01-07 21:52:32,846 - INFO -
| Epoch:    284 | Train loss: 0.1693 | Valid loss: 0.3604 | Train acc: 0.9022 | Valid acc: 0.7705 | patience: 234 | Epoch time: 0.5 |

2023-01-07 21:52:33,313 - INFO -
| Epoch:    285 | Train loss: 0.1675 | Valid loss: 0.3808 | Train acc: 0.9022 | Valid acc: 0.7869 | patience: 235 | Epoch time: 0.5 |

2023-01-07 21:52:33,781 - INFO -
| Epoch:    286 | Train loss: 0.1754 | Valid loss: 0.3625 | Train acc: 0.9022 | Valid acc: 0.7705 | patience: 236 | Epoch time: 0.5 |

2023-01-07 21:52:34,248 - INFO -
| Epoch:    287 | Train loss: 0.1662 | Valid loss: 0.3578 | Train acc: 0.9022 | Valid acc: 0.7705 | patience: 237 | Epoch time: 0.5 |

2023-01-07 21:52:34,716 - INFO -
| Epoch:    288 | Train loss: 0.1728 | Valid loss: 0.3790 | Train acc: 0.9022 | Valid acc: 0.7869 | patience: 238 | Epoch time: 0.5 |

2023-01-07 21:52:35,182 - INFO -
| Epoch:    289 | Train loss: 0.1733 | Valid loss: 0.3704 | Train acc: 0.9022 | Valid acc: 0.7705 | patience: 239 | Epoch time: 0.5 |

2023-01-07 21:52:35,649 - INFO -
| Epoch:    290 | Train loss: 0.1668 | Valid loss: 0.3573 | Train acc: 0.9130 | Valid acc: 0.7705 | patience: 240 | Epoch time: 0.5 |

2023-01-07 21:52:36,117 - INFO -
| Epoch:    291 | Train loss: 0.1729 | Valid loss: 0.3728 | Train acc: 0.9022 | Valid acc: 0.7869 | patience: 241 | Epoch time: 0.5 |

2023-01-07 21:52:36,584 - INFO -
| Epoch:    292 | Train loss: 0.1686 | Valid loss: 0.3705 | Train acc: 0.9130 | Valid acc: 0.7869 | patience: 242 | Epoch time: 0.5 |

2023-01-07 21:52:37,052 - INFO -
| Epoch:    293 | Train loss: 0.1677 | Valid loss: 0.3564 | Train acc: 0.9130 | Valid acc: 0.7705 | patience: 243 | Epoch time: 0.5 |

2023-01-07 21:52:37,519 - INFO -
| Epoch:    294 | Train loss: 0.1745 | Valid loss: 0.3742 | Train acc: 0.8967 | Valid acc: 0.7869 | patience: 244 | Epoch time: 0.5 |

2023-01-07 21:52:37,987 - INFO -
| Epoch:    295 | Train loss: 0.1700 | Valid loss: 0.3688 | Train acc: 0.8967 | Valid acc: 0.7705 | patience: 245 | Epoch time: 0.5 |

2023-01-07 21:52:38,453 - INFO -
| Epoch:    296 | Train loss: 0.1661 | Valid loss: 0.3568 | Train acc: 0.9130 | Valid acc: 0.7705 | patience: 246 | Epoch time: 0.5 |

2023-01-07 21:52:38,920 - INFO -
| Epoch:    297 | Train loss: 0.1750 | Valid loss: 0.3759 | Train acc: 0.8967 | Valid acc: 0.7869 | patience: 247 | Epoch time: 0.5 |

2023-01-07 21:52:39,388 - INFO -
| Epoch:    298 | Train loss: 0.1700 | Valid loss: 0.3724 | Train acc: 0.9076 | Valid acc: 0.7869 | patience: 248 | Epoch time: 0.5 |

2023-01-07 21:52:39,856 - INFO -
| Epoch:    299 | Train loss: 0.1672 | Valid loss: 0.3572 | Train acc: 0.9130 | Valid acc: 0.7705 | patience: 249 | Epoch time: 0.5 |

2023-01-07 21:52:40,324 - INFO -
| Epoch:    300 | Train loss: 0.1754 | Valid loss: 0.3765 | Train acc: 0.8913 | Valid acc: 0.7869 | patience: 250 | Epoch time: 0.5 |

2023-01-07 21:52:40,791 - INFO -
| Epoch:    301 | Train loss: 0.1692 | Valid loss: 0.3738 | Train acc: 0.9076 | Valid acc: 0.7869 | patience: 251 | Epoch time: 0.5 |

2023-01-07 21:52:41,259 - INFO -
| Epoch:    302 | Train loss: 0.1671 | Valid loss: 0.3577 | Train acc: 0.9130 | Valid acc: 0.7705 | patience: 252 | Epoch time: 0.5 |

2023-01-07 21:52:41,726 - INFO -
| Epoch:    303 | Train loss: 0.1725 | Valid loss: 0.3758 | Train acc: 0.9022 | Valid acc: 0.7869 | patience: 253 | Epoch time: 0.5 |

2023-01-07 21:52:42,193 - INFO -
| Epoch:    304 | Train loss: 0.1687 | Valid loss: 0.3726 | Train acc: 0.9076 | Valid acc: 0.7869 | patience: 254 | Epoch time: 0.5 |

2023-01-07 21:52:42,661 - INFO -
| Epoch:    305 | Train loss: 0.1668 | Valid loss: 0.3564 | Train acc: 0.9130 | Valid acc: 0.7705 | patience: 255 | Epoch time: 0.5 |

2023-01-07 21:52:43,129 - INFO -
| Epoch:    306 | Train loss: 0.1724 | Valid loss: 0.3666 | Train acc: 0.9022 | Valid acc: 0.7705 | patience: 256 | Epoch time: 0.5 |

2023-01-07 21:52:43,596 - INFO -
| Epoch:    307 | Train loss: 0.1649 | Valid loss: 0.3754 | Train acc: 0.9130 | Valid acc: 0.7869 | patience: 257 | Epoch time: 0.5 |

2023-01-07 21:52:44,063 - INFO -
| Epoch:    308 | Train loss: 0.1698 | Valid loss: 0.3589 | Train acc: 0.9022 | Valid acc: 0.7705 | patience: 258 | Epoch time: 0.5 |

2023-01-07 21:52:44,530 - INFO -
| Epoch:    309 | Train loss: 0.1678 | Valid loss: 0.3623 | Train acc: 0.9076 | Valid acc: 0.7705 | patience: 259 | Epoch time: 0.5 |

2023-01-07 21:52:44,996 - INFO -
| Epoch:    310 | Train loss: 0.1649 | Valid loss: 0.3764 | Train acc: 0.9022 | Valid acc: 0.7869 | patience: 260 | Epoch time: 0.5 |

2023-01-07 21:52:45,463 - INFO -
| Epoch:    311 | Train loss: 0.1712 | Valid loss: 0.3605 | Train acc: 0.8967 | Valid acc: 0.7705 | patience: 261 | Epoch time: 0.5 |

2023-01-07 21:52:45,931 - INFO -
| Epoch:    312 | Train loss: 0.1661 | Valid loss: 0.3605 | Train acc: 0.9022 | Valid acc: 0.7705 | patience: 262 | Epoch time: 0.5 |

2023-01-07 21:52:46,399 - INFO -
| Epoch:    313 | Train loss: 0.1659 | Valid loss: 0.3758 | Train acc: 0.9076 | Valid acc: 0.7869 | patience: 263 | Epoch time: 0.5 |

2023-01-07 21:52:46,866 - INFO -
| Epoch:    314 | Train loss: 0.1701 | Valid loss: 0.3616 | Train acc: 0.9076 | Valid acc: 0.7705 | patience: 264 | Epoch time: 0.5 |

2023-01-07 21:52:47,333 - INFO -
| Epoch:    315 | Train loss: 0.1648 | Valid loss: 0.3606 | Train acc: 0.9022 | Valid acc: 0.7705 | patience: 265 | Epoch time: 0.5 |

2023-01-07 21:52:47,800 - INFO -
| Epoch:    316 | Train loss: 0.1653 | Valid loss: 0.3751 | Train acc: 0.9076 | Valid acc: 0.7869 | patience: 266 | Epoch time: 0.5 |

2023-01-07 21:52:48,267 - INFO -
| Epoch:    317 | Train loss: 0.1688 | Valid loss: 0.3625 | Train acc: 0.9076 | Valid acc: 0.7705 | patience: 267 | Epoch time: 0.5 |

2023-01-07 21:52:48,734 - INFO -
| Epoch:    318 | Train loss: 0.1638 | Valid loss: 0.3570 | Train acc: 0.9076 | Valid acc: 0.7541 | patience: 268 | Epoch time: 0.5 |

2023-01-07 21:52:49,202 - INFO -
| Epoch:    319 | Train loss: 0.1693 | Valid loss: 0.3714 | Train acc: 0.9022 | Valid acc: 0.7869 | patience: 269 | Epoch time: 0.5 |

2023-01-07 21:52:49,670 - INFO -
| Epoch:    320 | Train loss: 0.1674 | Valid loss: 0.3677 | Train acc: 0.9076 | Valid acc: 0.7869 | patience: 270 | Epoch time: 0.5 |

2023-01-07 21:52:50,137 - INFO -
| Epoch:    321 | Train loss: 0.1653 | Valid loss: 0.3554 | Train acc: 0.9130 | Valid acc: 0.7705 | patience: 271 | Epoch time: 0.5 |

2023-01-07 21:52:50,603 - INFO -
| Epoch:    322 | Train loss: 0.1718 | Valid loss: 0.3698 | Train acc: 0.8967 | Valid acc: 0.7869 | patience: 272 | Epoch time: 0.5 |

2023-01-07 21:52:51,070 - INFO -
| Epoch:    323 | Train loss: 0.1668 | Valid loss: 0.3672 | Train acc: 0.9076 | Valid acc: 0.7869 | patience: 273 | Epoch time: 0.5 |

2023-01-07 21:52:51,537 - INFO -
| Epoch:    324 | Train loss: 0.1651 | Valid loss: 0.3558 | Train acc: 0.9130 | Valid acc: 0.7705 | patience: 274 | Epoch time: 0.5 |

2023-01-07 21:52:52,004 - INFO -
| Epoch:    325 | Train loss: 0.1715 | Valid loss: 0.3725 | Train acc: 0.9022 | Valid acc: 0.7869 | patience: 275 | Epoch time: 0.5 |

2023-01-07 21:52:52,471 - INFO -
| Epoch:    326 | Train loss: 0.1682 | Valid loss: 0.3662 | Train acc: 0.9076 | Valid acc: 0.7869 | patience: 276 | Epoch time: 0.5 |

2023-01-07 21:52:52,937 - INFO -
| Epoch:    327 | Train loss: 0.1641 | Valid loss: 0.3570 | Train acc: 0.9130 | Valid acc: 0.7541 | patience: 277 | Epoch time: 0.5 |

2023-01-07 21:52:53,405 - INFO -
| Epoch:    328 | Train loss: 0.1666 | Valid loss: 0.3657 | Train acc: 0.9076 | Valid acc: 0.7869 | patience: 278 | Epoch time: 0.5 |

2023-01-07 21:52:53,873 - INFO -
| Epoch:    329 | Train loss: 0.1639 | Valid loss: 0.3671 | Train acc: 0.9130 | Valid acc: 0.7869 | patience: 279 | Epoch time: 0.5 |

2023-01-07 21:52:54,341 - INFO -
| Epoch:    330 | Train loss: 0.1646 | Valid loss: 0.3573 | Train acc: 0.9130 | Valid acc: 0.7541 | patience: 280 | Epoch time: 0.5 |

2023-01-07 21:52:54,808 - INFO -
| Epoch:    331 | Train loss: 0.1661 | Valid loss: 0.3656 | Train acc: 0.9022 | Valid acc: 0.7705 | patience: 281 | Epoch time: 0.5 |

2023-01-07 21:52:55,275 - INFO -
| Epoch:    332 | Train loss: 0.1638 | Valid loss: 0.3696 | Train acc: 0.9130 | Valid acc: 0.7869 | patience: 282 | Epoch time: 0.5 |

2023-01-07 21:52:55,744 - INFO -
| Epoch:    333 | Train loss: 0.1664 | Valid loss: 0.3572 | Train acc: 0.9130 | Valid acc: 0.7541 | patience: 283 | Epoch time: 0.5 |

2023-01-07 21:52:56,212 - INFO -
| Epoch:    334 | Train loss: 0.1668 | Valid loss: 0.3649 | Train acc: 0.9022 | Valid acc: 0.7705 | patience: 284 | Epoch time: 0.5 |

2023-01-07 21:52:56,680 - INFO -
| Epoch:    335 | Train loss: 0.1637 | Valid loss: 0.3675 | Train acc: 0.9130 | Valid acc: 0.7869 | patience: 285 | Epoch time: 0.5 |

2023-01-07 21:52:57,148 - INFO -
| Epoch:    336 | Train loss: 0.1653 | Valid loss: 0.3548 | Train acc: 0.9130 | Valid acc: 0.7541 | patience: 286 | Epoch time: 0.5 |

2023-01-07 21:52:57,615 - INFO -
| Epoch:    337 | Train loss: 0.1702 | Valid loss: 0.3690 | Train acc: 0.9022 | Valid acc: 0.7869 | patience: 287 | Epoch time: 0.5 |

2023-01-07 21:52:58,082 - INFO -
| Epoch:    338 | Train loss: 0.1670 | Valid loss: 0.3648 | Train acc: 0.9076 | Valid acc: 0.7869 | patience: 288 | Epoch time: 0.5 |

2023-01-07 21:52:58,549 - INFO -
| Epoch:    339 | Train loss: 0.1644 | Valid loss: 0.3532 | Train acc: 0.9130 | Valid acc: 0.7705 | patience: 289 | Epoch time: 0.5 |

2023-01-07 21:52:59,018 - INFO -
| Epoch:    340 | Train loss: 0.1735 | Valid loss: 0.3690 | Train acc: 0.8967 | Valid acc: 0.7869 | patience: 290 | Epoch time: 0.5 |

2023-01-07 21:52:59,486 - INFO -
| Epoch:    341 | Train loss: 0.1690 | Valid loss: 0.3654 | Train acc: 0.9022 | Valid acc: 0.7869 | patience: 291 | Epoch time: 0.5 |

2023-01-07 21:52:59,953 - INFO -
| Epoch:    342 | Train loss: 0.1655 | Valid loss: 0.3527 | Train acc: 0.9130 | Valid acc: 0.7869 | patience: 292 | Epoch time: 0.5 |

2023-01-07 21:53:00,420 - INFO -
| Epoch:    343 | Train loss: 0.1744 | Valid loss: 0.3648 | Train acc: 0.8967 | Valid acc: 0.7869 | patience: 293 | Epoch time: 0.5 |

2023-01-07 21:53:00,888 - INFO -
| Epoch:    344 | Train loss: 0.1654 | Valid loss: 0.3677 | Train acc: 0.9022 | Valid acc: 0.7869 | patience: 294 | Epoch time: 0.5 |

2023-01-07 21:53:01,355 - INFO -
| Epoch:    345 | Train loss: 0.1679 | Valid loss: 0.3531 | Train acc: 0.9022 | Valid acc: 0.7869 | patience: 295 | Epoch time: 0.5 |

2023-01-07 21:53:01,823 - INFO -
| Epoch:    346 | Train loss: 0.1727 | Valid loss: 0.3614 | Train acc: 0.9022 | Valid acc: 0.7869 | patience: 296 | Epoch time: 0.5 |

2023-01-07 21:53:02,290 - INFO -
| Epoch:    347 | Train loss: 0.1632 | Valid loss: 0.3656 | Train acc: 0.9130 | Valid acc: 0.7869 | patience: 297 | Epoch time: 0.5 |

2023-01-07 21:53:02,758 - INFO -
| Epoch:    348 | Train loss: 0.1655 | Valid loss: 0.3551 | Train acc: 0.9076 | Valid acc: 0.7705 | patience: 298 | Epoch time: 0.5 |

2023-01-07 21:53:03,225 - INFO -
| Epoch:    349 | Train loss: 0.1639 | Valid loss: 0.3571 | Train acc: 0.9076 | Valid acc: 0.7705 | patience: 299 | Epoch time: 0.5 |

2023-01-07 21:53:03,692 - INFO -
| Epoch:    350 | Train loss: 0.1628 | Valid loss: 0.3657 | Train acc: 0.9022 | Valid acc: 0.7869 | patience: 300 | Epoch time: 0.5 |

2023-01-07 21:53:04,159 - INFO -
| Epoch:    351 | Train loss: 0.1645 | Valid loss: 0.3589 | Train acc: 0.9130 | Valid acc: 0.7705 | patience: 301 | Epoch time: 0.5 |

2023-01-07 21:53:04,626 - INFO -
| Epoch:    352 | Train loss: 0.1625 | Valid loss: 0.3556 | Train acc: 0.9076 | Valid acc: 0.7541 | patience: 302 | Epoch time: 0.5 |

2023-01-07 21:53:05,094 - INFO -
| Epoch:    353 | Train loss: 0.1643 | Valid loss: 0.3607 | Train acc: 0.9022 | Valid acc: 0.7869 | patience: 303 | Epoch time: 0.5 |

2023-01-07 21:53:05,562 - INFO -
| Epoch:    354 | Train loss: 0.1625 | Valid loss: 0.3612 | Train acc: 0.9130 | Valid acc: 0.7869 | patience: 304 | Epoch time: 0.5 |

2023-01-07 21:53:06,029 - INFO -
| Epoch:    355 | Train loss: 0.1629 | Valid loss: 0.3546 | Train acc: 0.9130 | Valid acc: 0.7705 | patience: 305 | Epoch time: 0.5 |

2023-01-07 21:53:06,497 - INFO -
| Epoch:    356 | Train loss: 0.1627 | Valid loss: 0.3544 | Train acc: 0.9130 | Valid acc: 0.7705 | patience: 306 | Epoch time: 0.5 |

2023-01-07 21:53:06,966 - INFO -
| Epoch:    357 | Train loss: 0.1620 | Valid loss: 0.3570 | Train acc: 0.9130 | Valid acc: 0.7869 | patience: 307 | Epoch time: 0.5 |

2023-01-07 21:53:07,434 - INFO -
| Epoch:    358 | Train loss: 0.1626 | Valid loss: 0.3547 | Train acc: 0.9130 | Valid acc: 0.7869 | patience: 308 | Epoch time: 0.5 |

2023-01-07 21:53:07,901 - INFO -
| Epoch:    359 | Train loss: 0.1619 | Valid loss: 0.3501 | Train acc: 0.9130 | Valid acc: 0.7705 | patience: 309 | Epoch time: 0.5 |

2023-01-07 21:53:08,368 - INFO -
| Epoch:    360 | Train loss: 0.1659 | Valid loss: 0.3573 | Train acc: 0.9076 | Valid acc: 0.7869 | patience: 310 | Epoch time: 0.5 |

2023-01-07 21:53:08,836 - INFO -
| Epoch:    361 | Train loss: 0.1628 | Valid loss: 0.3571 | Train acc: 0.9076 | Valid acc: 0.7869 | patience: 311 | Epoch time: 0.5 |

2023-01-07 21:53:09,304 - INFO -
| Epoch:    362 | Train loss: 0.1624 | Valid loss: 0.3516 | Train acc: 0.9130 | Valid acc: 0.7705 | patience: 312 | Epoch time: 0.5 |

2023-01-07 21:53:09,771 - INFO -
| Epoch:    363 | Train loss: 0.1642 | Valid loss: 0.3613 | Train acc: 0.9076 | Valid acc: 0.7869 | patience: 313 | Epoch time: 0.5 |

2023-01-07 21:53:10,238 - INFO -
| Epoch:    364 | Train loss: 0.1633 | Valid loss: 0.3586 | Train acc: 0.9076 | Valid acc: 0.7869 | patience: 314 | Epoch time: 0.5 |

2023-01-07 21:53:10,705 - INFO -
| Epoch:    365 | Train loss: 0.1618 | Valid loss: 0.3548 | Train acc: 0.9130 | Valid acc: 0.7705 | patience: 315 | Epoch time: 0.5 |

2023-01-07 21:53:11,172 - INFO -
| Epoch:    366 | Train loss: 0.1629 | Valid loss: 0.3588 | Train acc: 0.9076 | Valid acc: 0.7869 | patience: 316 | Epoch time: 0.5 |

2023-01-07 21:53:11,639 - INFO -
| Epoch:    367 | Train loss: 0.1615 | Valid loss: 0.3629 | Train acc: 0.9130 | Valid acc: 0.7869 | patience: 317 | Epoch time: 0.5 |

2023-01-07 21:53:12,107 - INFO -
| Epoch:    368 | Train loss: 0.1635 | Valid loss: 0.3554 | Train acc: 0.9076 | Valid acc: 0.7541 | patience: 318 | Epoch time: 0.5 |

2023-01-07 21:53:12,574 - INFO -
| Epoch:    369 | Train loss: 0.1633 | Valid loss: 0.3565 | Train acc: 0.9076 | Valid acc: 0.7705 | patience: 319 | Epoch time: 0.5 |

2023-01-07 21:53:13,040 - INFO -
| Epoch:    370 | Train loss: 0.1618 | Valid loss: 0.3640 | Train acc: 0.9130 | Valid acc: 0.7869 | patience: 320 | Epoch time: 0.5 |

2023-01-07 21:53:13,507 - INFO -
| Epoch:    371 | Train loss: 0.1639 | Valid loss: 0.3552 | Train acc: 0.9076 | Valid acc: 0.7705 | patience: 321 | Epoch time: 0.5 |

2023-01-07 21:53:13,973 - INFO -
| Epoch:    372 | Train loss: 0.1619 | Valid loss: 0.3529 | Train acc: 0.9076 | Valid acc: 0.7705 | patience: 322 | Epoch time: 0.5 |

2023-01-07 21:53:14,439 - INFO -
| Epoch:    373 | Train loss: 0.1644 | Valid loss: 0.3652 | Train acc: 0.9076 | Valid acc: 0.7869 | patience: 323 | Epoch time: 0.5 |

2023-01-07 21:53:14,907 - INFO -
| Epoch:    374 | Train loss: 0.1673 | Valid loss: 0.3568 | Train acc: 0.9022 | Valid acc: 0.7869 | patience: 324 | Epoch time: 0.5 |

2023-01-07 21:53:15,374 - INFO -
| Epoch:    375 | Train loss: 0.1614 | Valid loss: 0.3522 | Train acc: 0.9130 | Valid acc: 0.7705 | patience: 325 | Epoch time: 0.5 |

2023-01-07 21:53:15,841 - INFO -
| Epoch:    376 | Train loss: 0.1730 | Valid loss: 0.3666 | Train acc: 0.9022 | Valid acc: 0.7869 | patience: 326 | Epoch time: 0.5 |

2023-01-07 21:53:16,308 - INFO -
| Epoch:    377 | Train loss: 0.1696 | Valid loss: 0.3606 | Train acc: 0.9022 | Valid acc: 0.7869 | patience: 327 | Epoch time: 0.5 |

2023-01-07 21:53:16,775 - INFO -
| Epoch:    378 | Train loss: 0.1626 | Valid loss: 0.3539 | Train acc: 0.9076 | Valid acc: 0.7541 | patience: 328 | Epoch time: 0.5 |

2023-01-07 21:53:17,243 - INFO -
| Epoch:    379 | Train loss: 0.1733 | Valid loss: 0.3646 | Train acc: 0.8967 | Valid acc: 0.7869 | patience: 329 | Epoch time: 0.5 |

2023-01-07 21:53:17,710 - INFO -
| Epoch:    380 | Train loss: 0.1640 | Valid loss: 0.3667 | Train acc: 0.9076 | Valid acc: 0.7869 | patience: 330 | Epoch time: 0.5 |

2023-01-07 21:53:18,178 - INFO -
| Epoch:    381 | Train loss: 0.1652 | Valid loss: 0.3553 | Train acc: 0.9076 | Valid acc: 0.7541 | patience: 331 | Epoch time: 0.5 |

2023-01-07 21:53:18,645 - INFO -
| Epoch:    382 | Train loss: 0.1642 | Valid loss: 0.3557 | Train acc: 0.9076 | Valid acc: 0.7705 | patience: 332 | Epoch time: 0.5 |

2023-01-07 21:53:19,112 - INFO -
| Epoch:    383 | Train loss: 0.1625 | Valid loss: 0.3657 | Train acc: 0.9130 | Valid acc: 0.7869 | patience: 333 | Epoch time: 0.5 |

2023-01-07 21:53:19,580 - INFO -
| Epoch:    384 | Train loss: 0.1654 | Valid loss: 0.3567 | Train acc: 0.9022 | Valid acc: 0.7869 | patience: 334 | Epoch time: 0.5 |

2023-01-07 21:53:20,048 - INFO -
| Epoch:    385 | Train loss: 0.1608 | Valid loss: 0.3523 | Train acc: 0.9130 | Valid acc: 0.7541 | patience: 335 | Epoch time: 0.5 |

2023-01-07 21:53:20,516 - INFO -
| Epoch:    386 | Train loss: 0.1667 | Valid loss: 0.3620 | Train acc: 0.9022 | Valid acc: 0.7869 | patience: 336 | Epoch time: 0.5 |

2023-01-07 21:53:20,983 - INFO -
| Epoch:    387 | Train loss: 0.1649 | Valid loss: 0.3584 | Train acc: 0.9022 | Valid acc: 0.7869 | patience: 337 | Epoch time: 0.5 |

2023-01-07 21:53:21,450 - INFO -
| Epoch:    388 | Train loss: 0.1622 | Valid loss: 0.3516 | Train acc: 0.9076 | Valid acc: 0.7541 | patience: 338 | Epoch time: 0.5 |

2023-01-07 21:53:21,917 - INFO -
| Epoch:    389 | Train loss: 0.1658 | Valid loss: 0.3566 | Train acc: 0.9022 | Valid acc: 0.7869 | patience: 339 | Epoch time: 0.5 |

2023-01-07 21:53:22,385 - INFO -
| Epoch:    390 | Train loss: 0.1609 | Valid loss: 0.3605 | Train acc: 0.9130 | Valid acc: 0.7869 | patience: 340 | Epoch time: 0.5 |

2023-01-07 21:53:22,853 - INFO -
| Epoch:    391 | Train loss: 0.1626 | Valid loss: 0.3524 | Train acc: 0.9076 | Valid acc: 0.7541 | patience: 341 | Epoch time: 0.5 |

2023-01-07 21:53:23,321 - INFO -
| Epoch:    392 | Train loss: 0.1632 | Valid loss: 0.3557 | Train acc: 0.9076 | Valid acc: 0.7869 | patience: 342 | Epoch time: 0.5 |

2023-01-07 21:53:23,788 - INFO -
| Epoch:    393 | Train loss: 0.1606 | Valid loss: 0.3582 | Train acc: 0.9130 | Valid acc: 0.7869 | patience: 343 | Epoch time: 0.5 |

2023-01-07 21:53:24,256 - INFO -
| Epoch:    394 | Train loss: 0.1616 | Valid loss: 0.3525 | Train acc: 0.9130 | Valid acc: 0.7705 | patience: 344 | Epoch time: 0.5 |

2023-01-07 21:53:24,723 - INFO -
| Epoch:    395 | Train loss: 0.1620 | Valid loss: 0.3541 | Train acc: 0.9076 | Valid acc: 0.7869 | patience: 345 | Epoch time: 0.5 |

2023-01-07 21:53:25,190 - INFO -
| Epoch:    396 | Train loss: 0.1603 | Valid loss: 0.3598 | Train acc: 0.9130 | Valid acc: 0.7869 | patience: 346 | Epoch time: 0.5 |

2023-01-07 21:53:25,657 - INFO -
| Epoch:    397 | Train loss: 0.1628 | Valid loss: 0.3518 | Train acc: 0.9076 | Valid acc: 0.7705 | patience: 347 | Epoch time: 0.5 |

2023-01-07 21:53:26,124 - INFO -
| Epoch:    398 | Train loss: 0.1610 | Valid loss: 0.3513 | Train acc: 0.9076 | Valid acc: 0.7705 | patience: 348 | Epoch time: 0.5 |

2023-01-07 21:53:26,591 - INFO -
| Epoch:    399 | Train loss: 0.1607 | Valid loss: 0.3563 | Train acc: 0.9130 | Valid acc: 0.7869 | patience: 349 | Epoch time: 0.5 |

2023-01-07 21:53:27,058 - INFO -
| Epoch:    400 | Train loss: 0.1620 | Valid loss: 0.3512 | Train acc: 0.9076 | Valid acc: 0.7869 | patience: 350 | Epoch time: 0.5 |

2023-01-07 21:53:27,527 - INFO -
| Epoch:    401 | Train loss: 0.1600 | Valid loss: 0.3494 | Train acc: 0.9130 | Valid acc: 0.7705 | patience: 351 | Epoch time: 0.5 |

2023-01-07 21:53:27,993 - INFO -
| Epoch:    402 | Train loss: 0.1620 | Valid loss: 0.3561 | Train acc: 0.9076 | Valid acc: 0.7869 | patience: 352 | Epoch time: 0.5 |

2023-01-07 21:53:28,461 - INFO -
| Epoch:    403 | Train loss: 0.1619 | Valid loss: 0.3537 | Train acc: 0.9076 | Valid acc: 0.7869 | patience: 353 | Epoch time: 0.5 |

2023-01-07 21:53:28,927 - INFO -
| Epoch:    404 | Train loss: 0.1605 | Valid loss: 0.3505 | Train acc: 0.9130 | Valid acc: 0.7541 | patience: 354 | Epoch time: 0.5 |

2023-01-07 21:53:29,394 - INFO -
| Epoch:    405 | Train loss: 0.1638 | Valid loss: 0.3580 | Train acc: 0.9076 | Valid acc: 0.7869 | patience: 355 | Epoch time: 0.5 |

2023-01-07 21:53:29,862 - INFO -
| Epoch:    406 | Train loss: 0.1622 | Valid loss: 0.3565 | Train acc: 0.9076 | Valid acc: 0.7869 | patience: 356 | Epoch time: 0.5 |

2023-01-07 21:53:30,330 - INFO -
| Epoch:    407 | Train loss: 0.1608 | Valid loss: 0.3515 | Train acc: 0.9130 | Valid acc: 0.7541 | patience: 357 | Epoch time: 0.5 |

2023-01-07 21:53:30,799 - INFO -
| Epoch:    408 | Train loss: 0.1655 | Valid loss: 0.3570 | Train acc: 0.9076 | Valid acc: 0.7869 | patience: 358 | Epoch time: 0.5 |

2023-01-07 21:53:31,267 - INFO -
| Epoch:    409 | Train loss: 0.1609 | Valid loss: 0.3577 | Train acc: 0.9130 | Valid acc: 0.7869 | patience: 359 | Epoch time: 0.5 |

2023-01-07 21:53:31,734 - INFO -
| Epoch:    410 | Train loss: 0.1613 | Valid loss: 0.3523 | Train acc: 0.9076 | Valid acc: 0.7541 | patience: 360 | Epoch time: 0.5 |

2023-01-07 21:53:32,201 - INFO -
| Epoch:    411 | Train loss: 0.1638 | Valid loss: 0.3580 | Train acc: 0.9076 | Valid acc: 0.7869 | patience: 361 | Epoch time: 0.5 |

2023-01-07 21:53:32,669 - INFO -
| Epoch:    412 | Train loss: 0.1611 | Valid loss: 0.3566 | Train acc: 0.9076 | Valid acc: 0.7869 | patience: 362 | Epoch time: 0.5 |

2023-01-07 21:53:33,136 - INFO -
| Epoch:    413 | Train loss: 0.1600 | Valid loss: 0.3527 | Train acc: 0.9130 | Valid acc: 0.7541 | patience: 363 | Epoch time: 0.5 |

2023-01-07 21:53:33,604 - INFO -
| Epoch:    414 | Train loss: 0.1616 | Valid loss: 0.3562 | Train acc: 0.9076 | Valid acc: 0.7869 | patience: 364 | Epoch time: 0.5 |

2023-01-07 21:53:34,071 - INFO -
| Epoch:    415 | Train loss: 0.1600 | Valid loss: 0.3553 | Train acc: 0.9130 | Valid acc: 0.7869 | patience: 365 | Epoch time: 0.5 |

2023-01-07 21:53:34,539 - INFO -
| Epoch:    416 | Train loss: 0.1597 | Valid loss: 0.3519 | Train acc: 0.9130 | Valid acc: 0.7705 | patience: 366 | Epoch time: 0.5 |

2023-01-07 21:53:35,006 - INFO -
| Epoch:    417 | Train loss: 0.1612 | Valid loss: 0.3579 | Train acc: 0.9076 | Valid acc: 0.7869 | patience: 367 | Epoch time: 0.5 |

2023-01-07 21:53:35,473 - INFO -
| Epoch:    418 | Train loss: 0.1612 | Valid loss: 0.3535 | Train acc: 0.9076 | Valid acc: 0.7869 | patience: 368 | Epoch time: 0.5 |

2023-01-07 21:53:35,940 - INFO -
| Epoch:    419 | Train loss: 0.1592 | Valid loss: 0.3517 | Train acc: 0.9130 | Valid acc: 0.7541 | patience: 369 | Epoch time: 0.5 |

2023-01-07 21:53:36,407 - INFO -
| Epoch:    420 | Train loss: 0.1623 | Valid loss: 0.3598 | Train acc: 0.9076 | Valid acc: 0.7869 | patience: 370 | Epoch time: 0.5 |

2023-01-07 21:53:36,874 - INFO -
| Epoch:    421 | Train loss: 0.1623 | Valid loss: 0.3566 | Train acc: 0.9076 | Valid acc: 0.7869 | patience: 371 | Epoch time: 0.5 |

2023-01-07 21:53:37,340 - INFO -
| Epoch:    422 | Train loss: 0.1600 | Valid loss: 0.3524 | Train acc: 0.9130 | Valid acc: 0.7705 | patience: 372 | Epoch time: 0.5 |

2023-01-07 21:53:37,808 - INFO -
| Epoch:    423 | Train loss: 0.1659 | Valid loss: 0.3607 | Train acc: 0.8967 | Valid acc: 0.7869 | patience: 373 | Epoch time: 0.5 |

2023-01-07 21:53:38,275 - INFO -
| Epoch:    424 | Train loss: 0.1629 | Valid loss: 0.3589 | Train acc: 0.9076 | Valid acc: 0.7869 | patience: 374 | Epoch time: 0.5 |

2023-01-07 21:53:38,742 - INFO -
| Epoch:    425 | Train loss: 0.1617 | Valid loss: 0.3521 | Train acc: 0.9076 | Valid acc: 0.7541 | patience: 375 | Epoch time: 0.5 |

2023-01-07 21:53:39,210 - INFO -
| Epoch:    426 | Train loss: 0.1650 | Valid loss: 0.3553 | Train acc: 0.9022 | Valid acc: 0.7869 | patience: 376 | Epoch time: 0.5 |

2023-01-07 21:53:39,677 - INFO -
| Epoch:    427 | Train loss: 0.1596 | Valid loss: 0.3576 | Train acc: 0.9130 | Valid acc: 0.7869 | patience: 377 | Epoch time: 0.5 |

2023-01-07 21:53:40,144 - INFO -
| Epoch:    428 | Train loss: 0.1611 | Valid loss: 0.3522 | Train acc: 0.9076 | Valid acc: 0.7541 | patience: 378 | Epoch time: 0.5 |

2023-01-07 21:53:40,611 - INFO -
| Epoch:    429 | Train loss: 0.1623 | Valid loss: 0.3547 | Train acc: 0.9076 | Valid acc: 0.7869 | patience: 379 | Epoch time: 0.5 |

2023-01-07 21:53:41,079 - INFO -
| Epoch:    430 | Train loss: 0.1589 | Valid loss: 0.3563 | Train acc: 0.9130 | Valid acc: 0.7869 | patience: 380 | Epoch time: 0.5 |

2023-01-07 21:53:41,546 - INFO -
| Epoch:    431 | Train loss: 0.1598 | Valid loss: 0.3528 | Train acc: 0.9130 | Valid acc: 0.7869 | patience: 381 | Epoch time: 0.5 |

2023-01-07 21:53:42,013 - INFO -
| Epoch:    432 | Train loss: 0.1594 | Valid loss: 0.3536 | Train acc: 0.9130 | Valid acc: 0.7869 | patience: 382 | Epoch time: 0.5 |

2023-01-07 21:53:42,480 - INFO -
| Epoch:    433 | Train loss: 0.1585 | Valid loss: 0.3538 | Train acc: 0.9130 | Valid acc: 0.7869 | patience: 383 | Epoch time: 0.5 |

2023-01-07 21:53:42,947 - INFO -
| Epoch:    434 | Train loss: 0.1587 | Valid loss: 0.3513 | Train acc: 0.9130 | Valid acc: 0.7869 | patience: 384 | Epoch time: 0.5 |

2023-01-07 21:53:43,414 - INFO -
| Epoch:    435 | Train loss: 0.1592 | Valid loss: 0.3509 | Train acc: 0.9076 | Valid acc: 0.7869 | patience: 385 | Epoch time: 0.5 |

2023-01-07 21:53:43,881 - INFO -
| Epoch:    436 | Train loss: 0.1584 | Valid loss: 0.3544 | Train acc: 0.9130 | Valid acc: 0.7869 | patience: 386 | Epoch time: 0.5 |

2023-01-07 21:53:44,348 - INFO -
| Epoch:    437 | Train loss: 0.1598 | Valid loss: 0.3494 | Train acc: 0.9076 | Valid acc: 0.7869 | patience: 387 | Epoch time: 0.5 |

2023-01-07 21:53:44,815 - INFO -
| Epoch:    438 | Train loss: 0.1596 | Valid loss: 0.3571 | Train acc: 0.9130 | Valid acc: 0.7869 | patience: 388 | Epoch time: 0.5 |

2023-01-07 21:53:45,284 - INFO -
| Epoch:    439 | Train loss: 0.1612 | Valid loss: 0.3506 | Train acc: 0.9076 | Valid acc: 0.7869 | patience: 389 | Epoch time: 0.5 |

2023-01-07 21:53:45,751 - INFO -
| Epoch:    440 | Train loss: 0.1585 | Valid loss: 0.3514 | Train acc: 0.9130 | Valid acc: 0.7869 | patience: 390 | Epoch time: 0.5 |

2023-01-07 21:53:46,218 - INFO -
| Epoch:    441 | Train loss: 0.1582 | Valid loss: 0.3551 | Train acc: 0.9185 | Valid acc: 0.7869 | patience: 391 | Epoch time: 0.5 |

2023-01-07 21:53:46,685 - INFO -
| Epoch:    442 | Train loss: 0.1590 | Valid loss: 0.3511 | Train acc: 0.9130 | Valid acc: 0.7869 | patience: 392 | Epoch time: 0.5 |

2023-01-07 21:53:47,152 - INFO -
| Epoch:    443 | Train loss: 0.1582 | Valid loss: 0.3502 | Train acc: 0.9130 | Valid acc: 0.7869 | patience: 393 | Epoch time: 0.5 |

2023-01-07 21:53:47,619 - INFO -
| Epoch:    444 | Train loss: 0.1593 | Valid loss: 0.3648 | Train acc: 0.9130 | Valid acc: 0.8033 | patience: 394 | Epoch time: 0.5 |

2023-01-07 21:53:48,086 - INFO -
| Epoch:    445 | Train loss: 0.1670 | Valid loss: 0.3492 | Train acc: 0.9076 | Valid acc: 0.7541 | patience: 395 | Epoch time: 0.5 |

2023-01-07 21:53:48,553 - INFO -
| Epoch:    446 | Train loss: 0.1621 | Valid loss: 0.3562 | Train acc: 0.9185 | Valid acc: 0.7869 | patience: 396 | Epoch time: 0.5 |

2023-01-07 21:53:49,020 - INFO -
| Epoch:    447 | Train loss: 0.1596 | Valid loss: 0.3528 | Train acc: 0.9076 | Valid acc: 0.7869 | patience: 397 | Epoch time: 0.5 |

2023-01-07 21:53:49,486 - INFO -
| Epoch:    448 | Train loss: 0.1577 | Valid loss: 0.3510 | Train acc: 0.9130 | Valid acc: 0.7869 | patience: 398 | Epoch time: 0.5 |

2023-01-07 21:53:49,954 - INFO -
| Epoch:    449 | Train loss: 0.1584 | Valid loss: 0.3584 | Train acc: 0.9130 | Valid acc: 0.7869 | patience: 399 | Epoch time: 0.5 |

2023-01-07 21:53:50,420 - INFO -
| Epoch:    450 | Train loss: 0.1602 | Valid loss: 0.3510 | Train acc: 0.9076 | Valid acc: 0.7869 | patience: 400 | Epoch time: 0.5 |

2023-01-07 21:53:50,888 - INFO -
| Epoch:    451 | Train loss: 0.1587 | Valid loss: 0.3590 | Train acc: 0.9130 | Valid acc: 0.7869 | patience: 401 | Epoch time: 0.5 |

2023-01-07 21:53:51,355 - INFO -
| Epoch:    452 | Train loss: 0.1618 | Valid loss: 0.3490 | Train acc: 0.9022 | Valid acc: 0.7869 | patience: 402 | Epoch time: 0.5 |

2023-01-07 21:53:51,823 - INFO -
| Epoch:    453 | Train loss: 0.1602 | Valid loss: 0.3573 | Train acc: 0.9185 | Valid acc: 0.7869 | patience: 403 | Epoch time: 0.5 |

2023-01-07 21:53:52,290 - INFO -
| Epoch:    454 | Train loss: 0.1598 | Valid loss: 0.3516 | Train acc: 0.9076 | Valid acc: 0.7869 | patience: 404 | Epoch time: 0.5 |

2023-01-07 21:53:52,757 - INFO -
| Epoch:    455 | Train loss: 0.1576 | Valid loss: 0.3523 | Train acc: 0.9130 | Valid acc: 0.7869 | patience: 405 | Epoch time: 0.5 |

2023-01-07 21:53:53,225 - INFO -
| Epoch:    456 | Train loss: 0.1575 | Valid loss: 0.3584 | Train acc: 0.9130 | Valid acc: 0.8033 | patience: 406 | Epoch time: 0.5 |

2023-01-07 21:53:53,693 - INFO -
| Epoch:    457 | Train loss: 0.1601 | Valid loss: 0.3500 | Train acc: 0.9076 | Valid acc: 0.7869 | patience: 407 | Epoch time: 0.5 |

2023-01-07 21:53:54,159 - INFO -
| Epoch:    458 | Train loss: 0.1592 | Valid loss: 0.3597 | Train acc: 0.9130 | Valid acc: 0.8033 | patience: 408 | Epoch time: 0.5 |

2023-01-07 21:53:54,626 - INFO -
| Epoch:    459 | Train loss: 0.1623 | Valid loss: 0.3503 | Train acc: 0.9022 | Valid acc: 0.7705 | patience: 409 | Epoch time: 0.5 |

2023-01-07 21:53:55,093 - INFO -
| Epoch:    460 | Train loss: 0.1591 | Valid loss: 0.3607 | Train acc: 0.9185 | Valid acc: 0.8033 | patience: 410 | Epoch time: 0.5 |

2023-01-07 21:53:55,560 - INFO -
| Epoch:    461 | Train loss: 0.1607 | Valid loss: 0.3557 | Train acc: 0.9076 | Valid acc: 0.8033 | patience: 411 | Epoch time: 0.5 |

2023-01-07 21:53:56,029 - INFO -
| Epoch:    462 | Train loss: 0.1571 | Valid loss: 0.3549 | Train acc: 0.9130 | Valid acc: 0.7705 | patience: 412 | Epoch time: 0.5 |

2023-01-07 21:53:56,497 - INFO -
| Epoch:    463 | Train loss: 0.1589 | Valid loss: 0.3657 | Train acc: 0.9076 | Valid acc: 0.8033 | patience: 413 | Epoch time: 0.5 |

2023-01-07 21:53:56,963 - INFO -
| Epoch:    464 | Train loss: 0.1645 | Valid loss: 0.3530 | Train acc: 0.9022 | Valid acc: 0.7705 | patience: 414 | Epoch time: 0.5 |

2023-01-07 21:53:57,430 - INFO -
| Epoch:    465 | Train loss: 0.1586 | Valid loss: 0.3532 | Train acc: 0.9185 | Valid acc: 0.7869 | patience: 415 | Epoch time: 0.5 |

2023-01-07 21:53:57,897 - INFO -
| Epoch:    466 | Train loss: 0.1567 | Valid loss: 0.3548 | Train acc: 0.9185 | Valid acc: 0.8033 | patience: 416 | Epoch time: 0.5 |

2023-01-07 21:53:58,364 - INFO -
| Epoch:    467 | Train loss: 0.1578 | Valid loss: 0.3511 | Train acc: 0.9076 | Valid acc: 0.7869 | patience: 417 | Epoch time: 0.5 |

2023-01-07 21:53:58,831 - INFO -
| Epoch:    468 | Train loss: 0.1584 | Valid loss: 0.3572 | Train acc: 0.9185 | Valid acc: 0.8033 | patience: 418 | Epoch time: 0.5 |

2023-01-07 21:53:59,298 - INFO -
| Epoch:    469 | Train loss: 0.1590 | Valid loss: 0.3524 | Train acc: 0.9076 | Valid acc: 0.7869 | patience: 419 | Epoch time: 0.5 |

2023-01-07 21:53:59,764 - INFO -
| Epoch:    470 | Train loss: 0.1571 | Valid loss: 0.3548 | Train acc: 0.9076 | Valid acc: 0.8033 | patience: 420 | Epoch time: 0.5 |

2023-01-07 21:54:00,231 - INFO -
| Epoch:    471 | Train loss: 0.1568 | Valid loss: 0.3539 | Train acc: 0.9130 | Valid acc: 0.8033 | patience: 421 | Epoch time: 0.5 |

2023-01-07 21:54:00,697 - INFO -
| Epoch:    472 | Train loss: 0.1566 | Valid loss: 0.3540 | Train acc: 0.9130 | Valid acc: 0.8033 | patience: 422 | Epoch time: 0.5 |

2023-01-07 21:54:01,165 - INFO -
| Epoch:    473 | Train loss: 0.1565 | Valid loss: 0.3564 | Train acc: 0.9130 | Valid acc: 0.8033 | patience: 423 | Epoch time: 0.5 |

2023-01-07 21:54:01,631 - INFO -
| Epoch:    474 | Train loss: 0.1570 | Valid loss: 0.3519 | Train acc: 0.9130 | Valid acc: 0.7705 | patience: 424 | Epoch time: 0.5 |

2023-01-07 21:54:02,098 - INFO -
| Epoch:    475 | Train loss: 0.1615 | Valid loss: 0.3706 | Train acc: 0.9130 | Valid acc: 0.8197 | patience: 425 | Epoch time: 0.5 |

2023-01-07 21:54:02,566 - INFO -
| Epoch:    476 | Train loss: 0.1732 | Valid loss: 0.3509 | Train acc: 0.8967 | Valid acc: 0.8033 | patience: 426 | Epoch time: 0.5 |

2023-01-07 21:54:03,033 - INFO -
| Epoch:    477 | Train loss: 0.1567 | Valid loss: 0.3469 | Train acc: 0.9239 | Valid acc: 0.7541 | patience: 427 | Epoch time: 0.5 |

2023-01-07 21:54:03,501 - INFO -
| Epoch:    478 | Train loss: 0.1700 | Valid loss: 0.3691 | Train acc: 0.9130 | Valid acc: 0.8197 | patience: 428 | Epoch time: 0.5 |

2023-01-07 21:54:03,968 - INFO -
| Epoch:    479 | Train loss: 0.1729 | Valid loss: 0.3605 | Train acc: 0.9022 | Valid acc: 0.8033 | patience: 429 | Epoch time: 0.5 |

2023-01-07 21:54:04,434 - INFO -
| Epoch:    480 | Train loss: 0.1630 | Valid loss: 0.3467 | Train acc: 0.9076 | Valid acc: 0.7705 | patience: 430 | Epoch time: 0.5 |

2023-01-07 21:54:04,900 - INFO -
| Epoch:    481 | Train loss: 0.1871 | Valid loss: 0.3563 | Train acc: 0.8804 | Valid acc: 0.8033 | patience: 431 | Epoch time: 0.5 |

2023-01-07 21:54:05,367 - INFO -
| Epoch:    482 | Train loss: 0.1611 | Valid loss: 0.3679 | Train acc: 0.9022 | Valid acc: 0.8197 | patience: 432 | Epoch time: 0.5 |

2023-01-07 21:54:05,836 - INFO -
| Epoch:    483 | Train loss: 0.1725 | Valid loss: 0.3493 | Train acc: 0.9022 | Valid acc: 0.7869 | patience: 433 | Epoch time: 0.5 |

2023-01-07 21:54:06,305 - INFO -
| Epoch:    484 | Train loss: 0.1617 | Valid loss: 0.3509 | Train acc: 0.9130 | Valid acc: 0.7869 | patience: 434 | Epoch time: 0.5 |

2023-01-07 21:54:06,773 - INFO -
| Epoch:    485 | Train loss: 0.1629 | Valid loss: 0.3681 | Train acc: 0.9130 | Valid acc: 0.8033 | patience: 435 | Epoch time: 0.5 |

2023-01-07 21:54:07,240 - INFO -
| Epoch:    486 | Train loss: 0.1693 | Valid loss: 0.3605 | Train acc: 0.9022 | Valid acc: 0.8033 | patience: 436 | Epoch time: 0.5 |

2023-01-07 21:54:07,707 - INFO -
| Epoch:    487 | Train loss: 0.1607 | Valid loss: 0.3529 | Train acc: 0.9022 | Valid acc: 0.7705 | patience: 437 | Epoch time: 0.5 |

2023-01-07 21:54:08,174 - INFO -
| Epoch:    488 | Train loss: 0.1827 | Valid loss: 0.3625 | Train acc: 0.8967 | Valid acc: 0.8033 | patience: 438 | Epoch time: 0.5 |

2023-01-07 21:54:08,641 - INFO -
| Epoch:    489 | Train loss: 0.1652 | Valid loss: 0.3667 | Train acc: 0.9022 | Valid acc: 0.8197 | patience: 439 | Epoch time: 0.5 |

2023-01-07 21:54:09,108 - INFO -
| Epoch:    490 | Train loss: 0.1735 | Valid loss: 0.3426 | Train acc: 0.8967 | Valid acc: 0.8033 | patience: 440 | Epoch time: 0.5 |

2023-01-07 21:54:09,576 - INFO -
| Epoch:    491 | Train loss: 0.1748 | Valid loss: 0.3426 | Train acc: 0.8967 | Valid acc: 0.7869 | patience: 441 | Epoch time: 0.5 |

2023-01-07 21:54:10,043 - INFO -
| Epoch:    492 | Train loss: 0.1628 | Valid loss: 0.3597 | Train acc: 0.9185 | Valid acc: 0.8197 | patience: 442 | Epoch time: 0.5 |

2023-01-07 21:54:10,510 - INFO -
| Epoch:    493 | Train loss: 0.1698 | Valid loss: 0.3514 | Train acc: 0.9022 | Valid acc: 0.8033 | patience: 443 | Epoch time: 0.5 |

2023-01-07 21:54:10,976 - INFO -
| Epoch:    494 | Train loss: 0.1608 | Valid loss: 0.3459 | Train acc: 0.9022 | Valid acc: 0.7869 | patience: 444 | Epoch time: 0.5 |

2023-01-07 21:54:11,442 - INFO -
| Epoch:    495 | Train loss: 0.1720 | Valid loss: 0.3532 | Train acc: 0.8967 | Valid acc: 0.8033 | patience: 445 | Epoch time: 0.5 |

2023-01-07 21:54:11,911 - INFO -
| Epoch:    496 | Train loss: 0.1587 | Valid loss: 0.3619 | Train acc: 0.9076 | Valid acc: 0.8033 | patience: 446 | Epoch time: 0.5 |

2023-01-07 21:54:12,378 - INFO -
| Epoch:    497 | Train loss: 0.1659 | Valid loss: 0.3512 | Train acc: 0.9022 | Valid acc: 0.7869 | patience: 447 | Epoch time: 0.5 |

2023-01-07 21:54:12,845 - INFO -
| Epoch:    498 | Train loss: 0.1583 | Valid loss: 0.3530 | Train acc: 0.9076 | Valid acc: 0.7869 | patience: 448 | Epoch time: 0.5 |

2023-01-07 21:54:13,312 - INFO -
| Epoch:    499 | Train loss: 0.1576 | Valid loss: 0.3607 | Train acc: 0.9076 | Valid acc: 0.8033 | patience: 449 | Epoch time: 0.5 |

2023-01-07 21:54:13,779 - INFO -
| Epoch:    500 | Train loss: 0.1635 | Valid loss: 0.3518 | Train acc: 0.9022 | Valid acc: 0.8033 | patience: 450 | Epoch time: 0.5 |

2023-01-07 21:54:14,246 - INFO -
| Epoch:    501 | Train loss: 0.1563 | Valid loss: 0.3503 | Train acc: 0.9185 | Valid acc: 0.7869 | patience: 451 | Epoch time: 0.5 |

2023-01-07 21:54:14,713 - INFO -
| Epoch:    502 | Train loss: 0.1616 | Valid loss: 0.3580 | Train acc: 0.9022 | Valid acc: 0.8033 | patience: 452 | Epoch time: 0.5 |

2023-01-07 21:54:15,180 - INFO -
| Epoch:    503 | Train loss: 0.1623 | Valid loss: 0.3537 | Train acc: 0.9022 | Valid acc: 0.8033 | patience: 453 | Epoch time: 0.5 |

2023-01-07 21:54:15,647 - INFO -
| Epoch:    504 | Train loss: 0.1588 | Valid loss: 0.3471 | Train acc: 0.9022 | Valid acc: 0.7869 | patience: 454 | Epoch time: 0.5 |

2023-01-07 21:54:16,114 - INFO -
| Epoch:    505 | Train loss: 0.1707 | Valid loss: 0.3503 | Train acc: 0.8967 | Valid acc: 0.8033 | patience: 455 | Epoch time: 0.5 |

2023-01-07 21:54:16,580 - INFO -
| Epoch:    506 | Train loss: 0.1578 | Valid loss: 0.3537 | Train acc: 0.9022 | Valid acc: 0.8033 | patience: 456 | Epoch time: 0.5 |

2023-01-07 21:54:17,047 - INFO -
| Epoch:    507 | Train loss: 0.1629 | Valid loss: 0.3457 | Train acc: 0.9022 | Valid acc: 0.8033 | patience: 457 | Epoch time: 0.5 |

2023-01-07 21:54:17,514 - INFO -
| Epoch:    508 | Train loss: 0.1588 | Valid loss: 0.3470 | Train acc: 0.9239 | Valid acc: 0.7869 | patience: 458 | Epoch time: 0.5 |

2023-01-07 21:54:17,982 - INFO -
| Epoch:    509 | Train loss: 0.1589 | Valid loss: 0.3560 | Train acc: 0.9130 | Valid acc: 0.8033 | patience: 459 | Epoch time: 0.5 |

2023-01-07 21:54:18,449 - INFO -
| Epoch:    510 | Train loss: 0.1610 | Valid loss: 0.3530 | Train acc: 0.9022 | Valid acc: 0.8033 | patience: 460 | Epoch time: 0.5 |

2023-01-07 21:54:18,916 - INFO -
| Epoch:    511 | Train loss: 0.1568 | Valid loss: 0.3554 | Train acc: 0.9076 | Valid acc: 0.7869 | patience: 461 | Epoch time: 0.5 |

2023-01-07 21:54:19,382 - INFO -
| Epoch:    512 | Train loss: 0.1642 | Valid loss: 0.3603 | Train acc: 0.9022 | Valid acc: 0.8033 | patience: 462 | Epoch time: 0.5 |

2023-01-07 21:54:19,849 - INFO -
| Epoch:    513 | Train loss: 0.1604 | Valid loss: 0.3570 | Train acc: 0.9022 | Valid acc: 0.8033 | patience: 463 | Epoch time: 0.5 |

2023-01-07 21:54:20,316 - INFO -
| Epoch:    514 | Train loss: 0.1572 | Valid loss: 0.3553 | Train acc: 0.9076 | Valid acc: 0.7869 | patience: 464 | Epoch time: 0.5 |

2023-01-07 21:54:20,782 - INFO -
| Epoch:    515 | Train loss: 0.1639 | Valid loss: 0.3559 | Train acc: 0.9022 | Valid acc: 0.8033 | patience: 465 | Epoch time: 0.5 |

2023-01-07 21:54:21,250 - INFO -
| Epoch:    516 | Train loss: 0.1575 | Valid loss: 0.3559 | Train acc: 0.9022 | Valid acc: 0.8033 | patience: 466 | Epoch time: 0.5 |

2023-01-07 21:54:21,717 - INFO -
| Epoch:    517 | Train loss: 0.1584 | Valid loss: 0.3541 | Train acc: 0.9076 | Valid acc: 0.7869 | patience: 467 | Epoch time: 0.5 |

2023-01-07 21:54:22,183 - INFO -
| Epoch:    518 | Train loss: 0.1589 | Valid loss: 0.3566 | Train acc: 0.9239 | Valid acc: 0.8033 | patience: 468 | Epoch time: 0.5 |

2023-01-07 21:54:22,650 - INFO -
| Epoch:    519 | Train loss: 0.1559 | Valid loss: 0.3579 | Train acc: 0.9076 | Valid acc: 0.8033 | patience: 469 | Epoch time: 0.5 |

2023-01-07 21:54:23,117 - INFO -
| Epoch:    520 | Train loss: 0.1557 | Valid loss: 0.3591 | Train acc: 0.9076 | Valid acc: 0.8033 | patience: 470 | Epoch time: 0.5 |

2023-01-07 21:54:23,584 - INFO -
| Epoch:    521 | Train loss: 0.1555 | Valid loss: 0.3595 | Train acc: 0.9130 | Valid acc: 0.8033 | patience: 471 | Epoch time: 0.5 |

2023-01-07 21:54:24,052 - INFO -
| Epoch:    522 | Train loss: 0.1561 | Valid loss: 0.3586 | Train acc: 0.9185 | Valid acc: 0.8033 | patience: 472 | Epoch time: 0.5 |

2023-01-07 21:54:24,519 - INFO -
| Epoch:    523 | Train loss: 0.1561 | Valid loss: 0.3561 | Train acc: 0.9185 | Valid acc: 0.8033 | patience: 473 | Epoch time: 0.5 |

2023-01-07 21:54:24,986 - INFO -
| Epoch:    524 | Train loss: 0.1554 | Valid loss: 0.3537 | Train acc: 0.9185 | Valid acc: 0.8033 | patience: 474 | Epoch time: 0.5 |

2023-01-07 21:54:25,453 - INFO -
| Epoch:    525 | Train loss: 0.1551 | Valid loss: 0.3510 | Train acc: 0.9076 | Valid acc: 0.8033 | patience: 475 | Epoch time: 0.5 |

2023-01-07 21:54:25,920 - INFO -
| Epoch:    526 | Train loss: 0.1551 | Valid loss: 0.3496 | Train acc: 0.9239 | Valid acc: 0.8033 | patience: 476 | Epoch time: 0.5 |

2023-01-07 21:54:26,387 - INFO -
| Epoch:    527 | Train loss: 0.1559 | Valid loss: 0.3486 | Train acc: 0.9022 | Valid acc: 0.8033 | patience: 477 | Epoch time: 0.5 |

2023-01-07 21:54:26,854 - INFO -
| Epoch:    528 | Train loss: 0.1560 | Valid loss: 0.3509 | Train acc: 0.9130 | Valid acc: 0.8033 | patience: 478 | Epoch time: 0.5 |

2023-01-07 21:54:27,321 - INFO -
| Epoch:    529 | Train loss: 0.1564 | Valid loss: 0.3530 | Train acc: 0.9022 | Valid acc: 0.8033 | patience: 479 | Epoch time: 0.5 |

2023-01-07 21:54:27,788 - INFO -
| Epoch:    530 | Train loss: 0.1544 | Valid loss: 0.3557 | Train acc: 0.9076 | Valid acc: 0.7869 | patience: 480 | Epoch time: 0.5 |

2023-01-07 21:54:28,255 - INFO -
| Epoch:    531 | Train loss: 0.1571 | Valid loss: 0.3622 | Train acc: 0.9076 | Valid acc: 0.8033 | patience: 481 | Epoch time: 0.5 |

2023-01-07 21:54:28,722 - INFO -
| Epoch:    532 | Train loss: 0.1595 | Valid loss: 0.3595 | Train acc: 0.9022 | Valid acc: 0.8033 | patience: 482 | Epoch time: 0.5 |

2023-01-07 21:54:29,188 - INFO -
| Epoch:    533 | Train loss: 0.1553 | Valid loss: 0.3597 | Train acc: 0.9076 | Valid acc: 0.7541 | patience: 483 | Epoch time: 0.5 |

2023-01-07 21:54:29,656 - INFO -
| Epoch:    534 | Train loss: 0.1653 | Valid loss: 0.3657 | Train acc: 0.9076 | Valid acc: 0.8033 | patience: 484 | Epoch time: 0.5 |

2023-01-07 21:54:30,124 - INFO -
| Epoch:    535 | Train loss: 0.1637 | Valid loss: 0.3597 | Train acc: 0.9076 | Valid acc: 0.8033 | patience: 485 | Epoch time: 0.5 |

2023-01-07 21:54:30,591 - INFO -
| Epoch:    536 | Train loss: 0.1599 | Valid loss: 0.3525 | Train acc: 0.9076 | Valid acc: 0.7869 | patience: 486 | Epoch time: 0.5 |

2023-01-07 21:54:31,059 - INFO -
| Epoch:    537 | Train loss: 0.1702 | Valid loss: 0.3519 | Train acc: 0.9076 | Valid acc: 0.8033 | patience: 487 | Epoch time: 0.5 |

2023-01-07 21:54:31,526 - INFO -
| Epoch:    538 | Train loss: 0.1572 | Valid loss: 0.3637 | Train acc: 0.9239 | Valid acc: 0.8197 | patience: 488 | Epoch time: 0.5 |

2023-01-07 21:54:31,994 - INFO -
| Epoch:    539 | Train loss: 0.1684 | Valid loss: 0.3539 | Train acc: 0.9022 | Valid acc: 0.8033 | patience: 489 | Epoch time: 0.5 |

2023-01-07 21:54:32,461 - INFO -
| Epoch:    540 | Train loss: 0.1562 | Valid loss: 0.3549 | Train acc: 0.9022 | Valid acc: 0.7705 | patience: 490 | Epoch time: 0.5 |

2023-01-07 21:54:32,928 - INFO -
| Epoch:    541 | Train loss: 0.1719 | Valid loss: 0.3552 | Train acc: 0.8967 | Valid acc: 0.8033 | patience: 491 | Epoch time: 0.5 |

2023-01-07 21:54:33,396 - INFO -
| Epoch:    542 | Train loss: 0.1562 | Valid loss: 0.3576 | Train acc: 0.9022 | Valid acc: 0.8033 | patience: 492 | Epoch time: 0.5 |

2023-01-07 21:54:33,865 - INFO -
| Epoch:    543 | Train loss: 0.1595 | Valid loss: 0.3531 | Train acc: 0.9076 | Valid acc: 0.7869 | patience: 493 | Epoch time: 0.5 |

2023-01-07 21:54:34,333 - INFO -
| Epoch:    544 | Train loss: 0.1589 | Valid loss: 0.3524 | Train acc: 0.9185 | Valid acc: 0.8033 | patience: 494 | Epoch time: 0.5 |

2023-01-07 21:54:34,800 - INFO -
| Epoch:    545 | Train loss: 0.1544 | Valid loss: 0.3551 | Train acc: 0.9076 | Valid acc: 0.8033 | patience: 495 | Epoch time: 0.5 |

2023-01-07 21:54:35,266 - INFO -
| Epoch:    546 | Train loss: 0.1583 | Valid loss: 0.3520 | Train acc: 0.9076 | Valid acc: 0.7869 | patience: 496 | Epoch time: 0.5 |

2023-01-07 21:54:35,733 - INFO -
| Epoch:    547 | Train loss: 0.1558 | Valid loss: 0.3521 | Train acc: 0.9185 | Valid acc: 0.7869 | patience: 497 | Epoch time: 0.5 |

2023-01-07 21:54:36,200 - INFO -
| Epoch:    548 | Train loss: 0.1561 | Valid loss: 0.3567 | Train acc: 0.9130 | Valid acc: 0.8033 | patience: 498 | Epoch time: 0.5 |

2023-01-07 21:54:36,668 - INFO -
| Epoch:    549 | Train loss: 0.1606 | Valid loss: 0.3499 | Train acc: 0.9076 | Valid acc: 0.8033 | patience: 499 | Epoch time: 0.5 |

2023-01-07 21:54:37,136 - INFO -
| Epoch:    550 | Train loss: 0.1543 | Valid loss: 0.3479 | Train acc: 0.9076 | Valid acc: 0.7869 | patience: 500 | Epoch time: 0.5 |

2023-01-07 21:54:37,604 - INFO -
Early stop.

2023-01-07 21:54:37,610 - INFO -
Training if finished.

