2023-01-07 21:53:39,371 - INFO -
gmin                0.01
gmax                10.0
T                   0.1
m                   0.3
ACT_eta1            0.134
ACT_eta2            0.962
ACT_eta3            0.183
ACT_eta4            24.1
NEG_eta1            -0.104
NEG_eta2            0.899
NEG_eta3            -0.056
NEG_eta4            3.858
hidden              [3]
SEED                5
DEVICE              cuda
TIMELIMITATION      45
PATIENCE            500
EPOCH               10000000000
DATASET             12
LR                  0.1
PROGRESSIVE         False
LR_PATIENCE         100
LR_DECAY            0.5
LR_MIN              0.0001
MODE                nominal
M_train             1
K_train             1
M_test              500
K_test              500
t_test_max          10
integration         MC
VARIATION           False
N_train             1
e_train             0.0
N_test              100
e_test              0.1
projectname         ICCAD_2022
temppath            ./ICCAD_2022/temp/
logfilepath         ./ICCAD_2022/log/
recording           False
recordpath          ./ICCAD_2022/record/
savepath            ./ICCAD_2022/models/
loglevel            info


2023-01-07 21:53:39,372 - INFO -
Training network on device: cuda.

2023-01-07 21:53:39,372 - INFO -
Training setup: vertebralcolumn3clases_5_nominal_0.0_1_MC.

2023-01-07 21:53:39,372 - INFO -
Dataset "vertebralcolumn3clases" has 6 input features and 3 classes. There are 184 training examples, 61 valid examples, and 63 test examples in the dataset.

2023-01-07 21:53:39,372 - INFO -
Topology of the network: [6, 3, 3].

2023-01-07 21:53:39,930 - INFO -
| Epoch:      0 | Train loss: 0.7047 | Valid loss: 1.0098 | Train acc: 0.2174 | Valid acc: 0.1475 | patience:   0 | Epoch time: 0.6 |

2023-01-07 21:53:40,464 - INFO -
| Epoch:      1 | Train loss: 0.9576 | Valid loss: 0.8629 | Train acc: 0.2174 | Valid acc: 0.5246 | patience:   0 | Epoch time: 0.5 |

2023-01-07 21:53:40,996 - INFO -
| Epoch:      2 | Train loss: 0.9044 | Valid loss: 0.8614 | Train acc: 0.4783 | Valid acc: 0.5246 | patience:   0 | Epoch time: 0.5 |

2023-01-07 21:53:41,529 - INFO -
| Epoch:      3 | Train loss: 0.9097 | Valid loss: 0.7950 | Train acc: 0.4783 | Valid acc: 0.4918 | patience:   0 | Epoch time: 0.5 |

2023-01-07 21:53:42,061 - INFO -
| Epoch:      4 | Train loss: 0.8397 | Valid loss: 0.7616 | Train acc: 0.4620 | Valid acc: 0.4918 | patience:   0 | Epoch time: 0.5 |

2023-01-07 21:53:42,595 - INFO -
| Epoch:      5 | Train loss: 0.7926 | Valid loss: 0.7505 | Train acc: 0.4620 | Valid acc: 0.3115 | patience:   0 | Epoch time: 0.5 |

2023-01-07 21:53:43,124 - INFO -
| Epoch:      6 | Train loss: 0.7557 | Valid loss: 0.7973 | Train acc: 0.2880 | Valid acc: 0.2459 | patience:   1 | Epoch time: 0.5 |

2023-01-07 21:53:43,657 - INFO -
| Epoch:      7 | Train loss: 0.7862 | Valid loss: 0.7192 | Train acc: 0.2935 | Valid acc: 0.5246 | patience:   0 | Epoch time: 0.5 |

2023-01-07 21:53:44,187 - INFO -
| Epoch:      8 | Train loss: 0.7345 | Valid loss: 0.7269 | Train acc: 0.4783 | Valid acc: 0.5246 | patience:   1 | Epoch time: 0.5 |

2023-01-07 21:53:44,718 - INFO -
| Epoch:      9 | Train loss: 0.7491 | Valid loss: 0.7259 | Train acc: 0.4783 | Valid acc: 0.5246 | patience:   2 | Epoch time: 0.5 |

2023-01-07 21:53:45,248 - INFO -
| Epoch:     10 | Train loss: 0.7469 | Valid loss: 0.7383 | Train acc: 0.4783 | Valid acc: 0.4754 | patience:   3 | Epoch time: 0.5 |

2023-01-07 21:53:45,780 - INFO -
| Epoch:     11 | Train loss: 0.7563 | Valid loss: 0.7203 | Train acc: 0.4293 | Valid acc: 0.5574 | patience:   4 | Epoch time: 0.5 |

2023-01-07 21:53:46,311 - INFO -
| Epoch:     12 | Train loss: 0.7334 | Valid loss: 0.6957 | Train acc: 0.4946 | Valid acc: 0.6557 | patience:   0 | Epoch time: 0.5 |

2023-01-07 21:53:46,844 - INFO -
| Epoch:     13 | Train loss: 0.7053 | Valid loss: 0.6952 | Train acc: 0.5598 | Valid acc: 0.5902 | patience:   0 | Epoch time: 0.5 |

2023-01-07 21:53:47,375 - INFO -
| Epoch:     14 | Train loss: 0.6874 | Valid loss: 0.6673 | Train acc: 0.6359 | Valid acc: 0.5410 | patience:   0 | Epoch time: 0.5 |

2023-01-07 21:53:47,908 - INFO -
| Epoch:     15 | Train loss: 0.6535 | Valid loss: 0.6041 | Train acc: 0.6087 | Valid acc: 0.5410 | patience:   0 | Epoch time: 0.5 |

2023-01-07 21:53:48,439 - INFO -
| Epoch:     16 | Train loss: 0.6230 | Valid loss: 0.5456 | Train acc: 0.5109 | Valid acc: 0.5410 | patience:   0 | Epoch time: 0.5 |

2023-01-07 21:53:48,973 - INFO -
| Epoch:     17 | Train loss: 0.5684 | Valid loss: 0.5331 | Train acc: 0.5217 | Valid acc: 0.5902 | patience:   0 | Epoch time: 0.5 |

2023-01-07 21:53:49,503 - INFO -
| Epoch:     18 | Train loss: 0.5123 | Valid loss: 0.4908 | Train acc: 0.6250 | Valid acc: 0.5574 | patience:   0 | Epoch time: 0.5 |

2023-01-07 21:53:50,034 - INFO -
| Epoch:     19 | Train loss: 0.4916 | Valid loss: 0.5095 | Train acc: 0.5924 | Valid acc: 0.5902 | patience:   1 | Epoch time: 0.5 |

2023-01-07 21:53:50,564 - INFO -
| Epoch:     20 | Train loss: 0.4816 | Valid loss: 0.4522 | Train acc: 0.6359 | Valid acc: 0.5574 | patience:   0 | Epoch time: 0.5 |

2023-01-07 21:53:51,097 - INFO -
| Epoch:     21 | Train loss: 0.4518 | Valid loss: 0.4253 | Train acc: 0.5924 | Valid acc: 0.7213 | patience:   0 | Epoch time: 0.5 |

2023-01-07 21:53:51,626 - INFO -
| Epoch:     22 | Train loss: 0.4231 | Valid loss: 0.4455 | Train acc: 0.7011 | Valid acc: 0.7705 | patience:   1 | Epoch time: 0.5 |

2023-01-07 21:53:52,156 - INFO -
| Epoch:     23 | Train loss: 0.4403 | Valid loss: 0.3932 | Train acc: 0.7174 | Valid acc: 0.7541 | patience:   0 | Epoch time: 0.5 |

2023-01-07 21:53:52,685 - INFO -
| Epoch:     24 | Train loss: 0.4147 | Valid loss: 0.4334 | Train acc: 0.7228 | Valid acc: 0.7213 | patience:   1 | Epoch time: 0.5 |

2023-01-07 21:53:53,213 - INFO -
| Epoch:     25 | Train loss: 0.4642 | Valid loss: 0.4427 | Train acc: 0.6685 | Valid acc: 0.7213 | patience:   2 | Epoch time: 0.5 |

2023-01-07 21:53:53,741 - INFO -
| Epoch:     26 | Train loss: 0.4564 | Valid loss: 0.4168 | Train acc: 0.7011 | Valid acc: 0.8033 | patience:   3 | Epoch time: 0.5 |

2023-01-07 21:53:54,271 - INFO -
| Epoch:     27 | Train loss: 0.4210 | Valid loss: 0.3643 | Train acc: 0.7228 | Valid acc: 0.7377 | patience:   0 | Epoch time: 0.5 |

2023-01-07 21:53:54,799 - INFO -
| Epoch:     28 | Train loss: 0.3898 | Valid loss: 0.3912 | Train acc: 0.7174 | Valid acc: 0.7377 | patience:   1 | Epoch time: 0.5 |

2023-01-07 21:53:55,331 - INFO -
| Epoch:     29 | Train loss: 0.4192 | Valid loss: 0.3152 | Train acc: 0.6793 | Valid acc: 0.8033 | patience:   0 | Epoch time: 0.5 |

2023-01-07 21:53:55,860 - INFO -
| Epoch:     30 | Train loss: 0.3567 | Valid loss: 0.3437 | Train acc: 0.7500 | Valid acc: 0.8197 | patience:   1 | Epoch time: 0.5 |

2023-01-07 21:53:56,391 - INFO -
| Epoch:     31 | Train loss: 0.3846 | Valid loss: 0.3126 | Train acc: 0.7283 | Valid acc: 0.8197 | patience:   0 | Epoch time: 0.5 |

2023-01-07 21:53:56,921 - INFO -
| Epoch:     32 | Train loss: 0.3461 | Valid loss: 0.3503 | Train acc: 0.7609 | Valid acc: 0.7705 | patience:   1 | Epoch time: 0.5 |

2023-01-07 21:53:57,449 - INFO -
| Epoch:     33 | Train loss: 0.3637 | Valid loss: 0.3229 | Train acc: 0.7772 | Valid acc: 0.7541 | patience:   2 | Epoch time: 0.5 |

2023-01-07 21:53:57,980 - INFO -
| Epoch:     34 | Train loss: 0.3422 | Valid loss: 0.3071 | Train acc: 0.8098 | Valid acc: 0.8525 | patience:   0 | Epoch time: 0.5 |

2023-01-07 21:53:58,509 - INFO -
| Epoch:     35 | Train loss: 0.3286 | Valid loss: 0.2855 | Train acc: 0.7772 | Valid acc: 0.8197 | patience:   0 | Epoch time: 0.5 |

2023-01-07 21:53:59,037 - INFO -
| Epoch:     36 | Train loss: 0.3289 | Valid loss: 0.2891 | Train acc: 0.7717 | Valid acc: 0.8033 | patience:   1 | Epoch time: 0.5 |

2023-01-07 21:53:59,565 - INFO -
| Epoch:     37 | Train loss: 0.3217 | Valid loss: 0.2889 | Train acc: 0.7772 | Valid acc: 0.8033 | patience:   2 | Epoch time: 0.5 |

2023-01-07 21:54:00,092 - INFO -
| Epoch:     38 | Train loss: 0.3055 | Valid loss: 0.3085 | Train acc: 0.8261 | Valid acc: 0.8197 | patience:   3 | Epoch time: 0.5 |

2023-01-07 21:54:00,621 - INFO -
| Epoch:     39 | Train loss: 0.2980 | Valid loss: 0.3028 | Train acc: 0.8533 | Valid acc: 0.8525 | patience:   4 | Epoch time: 0.5 |

2023-01-07 21:54:01,152 - INFO -
| Epoch:     40 | Train loss: 0.2959 | Valid loss: 0.2809 | Train acc: 0.8261 | Valid acc: 0.8197 | patience:   0 | Epoch time: 0.5 |

2023-01-07 21:54:01,681 - INFO -
| Epoch:     41 | Train loss: 0.2762 | Valid loss: 0.3191 | Train acc: 0.8370 | Valid acc: 0.8033 | patience:   1 | Epoch time: 0.5 |

2023-01-07 21:54:02,209 - INFO -
| Epoch:     42 | Train loss: 0.3002 | Valid loss: 0.2882 | Train acc: 0.8424 | Valid acc: 0.8197 | patience:   2 | Epoch time: 0.5 |

2023-01-07 21:54:02,737 - INFO -
| Epoch:     43 | Train loss: 0.2711 | Valid loss: 0.3132 | Train acc: 0.8750 | Valid acc: 0.8197 | patience:   3 | Epoch time: 0.5 |

2023-01-07 21:54:03,265 - INFO -
| Epoch:     44 | Train loss: 0.2814 | Valid loss: 0.3066 | Train acc: 0.8641 | Valid acc: 0.8361 | patience:   4 | Epoch time: 0.5 |

2023-01-07 21:54:03,793 - INFO -
| Epoch:     45 | Train loss: 0.2695 | Valid loss: 0.2975 | Train acc: 0.8696 | Valid acc: 0.8033 | patience:   5 | Epoch time: 0.5 |

2023-01-07 21:54:04,321 - INFO -
| Epoch:     46 | Train loss: 0.2651 | Valid loss: 0.2949 | Train acc: 0.8641 | Valid acc: 0.8033 | patience:   6 | Epoch time: 0.5 |

2023-01-07 21:54:04,850 - INFO -
| Epoch:     47 | Train loss: 0.2642 | Valid loss: 0.2868 | Train acc: 0.8804 | Valid acc: 0.8361 | patience:   7 | Epoch time: 0.5 |

2023-01-07 21:54:05,378 - INFO -
| Epoch:     48 | Train loss: 0.2532 | Valid loss: 0.2980 | Train acc: 0.8859 | Valid acc: 0.8525 | patience:   8 | Epoch time: 0.5 |

2023-01-07 21:54:05,908 - INFO -
| Epoch:     49 | Train loss: 0.2546 | Valid loss: 0.2900 | Train acc: 0.8804 | Valid acc: 0.8689 | patience:   9 | Epoch time: 0.5 |

2023-01-07 21:54:06,437 - INFO -
| Epoch:     50 | Train loss: 0.2465 | Valid loss: 0.2834 | Train acc: 0.8750 | Valid acc: 0.8033 | patience:  10 | Epoch time: 0.5 |

2023-01-07 21:54:06,967 - INFO -
| Epoch:     51 | Train loss: 0.2403 | Valid loss: 0.2859 | Train acc: 0.8967 | Valid acc: 0.7869 | patience:  11 | Epoch time: 0.5 |

2023-01-07 21:54:07,498 - INFO -
| Epoch:     52 | Train loss: 0.2425 | Valid loss: 0.2801 | Train acc: 0.8967 | Valid acc: 0.8197 | patience:   0 | Epoch time: 0.5 |

2023-01-07 21:54:08,028 - INFO -
| Epoch:     53 | Train loss: 0.2302 | Valid loss: 0.2976 | Train acc: 0.8967 | Valid acc: 0.8361 | patience:   1 | Epoch time: 0.5 |

2023-01-07 21:54:08,556 - INFO -
| Epoch:     54 | Train loss: 0.2338 | Valid loss: 0.2813 | Train acc: 0.8859 | Valid acc: 0.8361 | patience:   2 | Epoch time: 0.5 |

2023-01-07 21:54:09,085 - INFO -
| Epoch:     55 | Train loss: 0.2267 | Valid loss: 0.2720 | Train acc: 0.8967 | Valid acc: 0.8197 | patience:   0 | Epoch time: 0.5 |

2023-01-07 21:54:09,615 - INFO -
| Epoch:     56 | Train loss: 0.2247 | Valid loss: 0.2877 | Train acc: 0.8967 | Valid acc: 0.8033 | patience:   1 | Epoch time: 0.5 |

2023-01-07 21:54:10,146 - INFO -
| Epoch:     57 | Train loss: 0.2245 | Valid loss: 0.2755 | Train acc: 0.8859 | Valid acc: 0.8197 | patience:   2 | Epoch time: 0.5 |

2023-01-07 21:54:10,674 - INFO -
| Epoch:     58 | Train loss: 0.2172 | Valid loss: 0.2728 | Train acc: 0.8913 | Valid acc: 0.8197 | patience:   3 | Epoch time: 0.5 |

2023-01-07 21:54:11,202 - INFO -
| Epoch:     59 | Train loss: 0.2206 | Valid loss: 0.2835 | Train acc: 0.8967 | Valid acc: 0.8197 | patience:   4 | Epoch time: 0.5 |

2023-01-07 21:54:11,732 - INFO -
| Epoch:     60 | Train loss: 0.2164 | Valid loss: 0.2771 | Train acc: 0.8859 | Valid acc: 0.8033 | patience:   5 | Epoch time: 0.5 |

2023-01-07 21:54:12,261 - INFO -
| Epoch:     61 | Train loss: 0.2121 | Valid loss: 0.2852 | Train acc: 0.8967 | Valid acc: 0.8033 | patience:   6 | Epoch time: 0.5 |

2023-01-07 21:54:12,791 - INFO -
| Epoch:     62 | Train loss: 0.2125 | Valid loss: 0.2787 | Train acc: 0.8967 | Valid acc: 0.8033 | patience:   7 | Epoch time: 0.5 |

2023-01-07 21:54:13,319 - INFO -
| Epoch:     63 | Train loss: 0.2078 | Valid loss: 0.2824 | Train acc: 0.8967 | Valid acc: 0.8033 | patience:   8 | Epoch time: 0.5 |

2023-01-07 21:54:13,849 - INFO -
| Epoch:     64 | Train loss: 0.2069 | Valid loss: 0.2793 | Train acc: 0.8804 | Valid acc: 0.8033 | patience:   9 | Epoch time: 0.5 |

2023-01-07 21:54:14,378 - INFO -
| Epoch:     65 | Train loss: 0.2075 | Valid loss: 0.2911 | Train acc: 0.8967 | Valid acc: 0.8197 | patience:  10 | Epoch time: 0.5 |

2023-01-07 21:54:14,907 - INFO -
| Epoch:     66 | Train loss: 0.2055 | Valid loss: 0.2896 | Train acc: 0.8859 | Valid acc: 0.8033 | patience:  11 | Epoch time: 0.5 |

2023-01-07 21:54:15,435 - INFO -
| Epoch:     67 | Train loss: 0.2056 | Valid loss: 0.2958 | Train acc: 0.9022 | Valid acc: 0.8197 | patience:  12 | Epoch time: 0.5 |

2023-01-07 21:54:15,963 - INFO -
| Epoch:     68 | Train loss: 0.2022 | Valid loss: 0.2905 | Train acc: 0.8804 | Valid acc: 0.8197 | patience:  13 | Epoch time: 0.5 |

2023-01-07 21:54:16,492 - INFO -
| Epoch:     69 | Train loss: 0.2001 | Valid loss: 0.2867 | Train acc: 0.8913 | Valid acc: 0.8033 | patience:  14 | Epoch time: 0.5 |

2023-01-07 21:54:17,020 - INFO -
| Epoch:     70 | Train loss: 0.2043 | Valid loss: 0.3002 | Train acc: 0.9022 | Valid acc: 0.7869 | patience:  15 | Epoch time: 0.5 |

2023-01-07 21:54:17,548 - INFO -
| Epoch:     71 | Train loss: 0.2041 | Valid loss: 0.3006 | Train acc: 0.8859 | Valid acc: 0.8197 | patience:  16 | Epoch time: 0.5 |

2023-01-07 21:54:18,077 - INFO -
| Epoch:     72 | Train loss: 0.1979 | Valid loss: 0.2924 | Train acc: 0.8913 | Valid acc: 0.8033 | patience:  17 | Epoch time: 0.5 |

2023-01-07 21:54:18,606 - INFO -
| Epoch:     73 | Train loss: 0.2051 | Valid loss: 0.2978 | Train acc: 0.8967 | Valid acc: 0.8033 | patience:  18 | Epoch time: 0.5 |

2023-01-07 21:54:19,135 - INFO -
| Epoch:     74 | Train loss: 0.1962 | Valid loss: 0.2984 | Train acc: 0.8859 | Valid acc: 0.8033 | patience:  19 | Epoch time: 0.5 |

2023-01-07 21:54:19,663 - INFO -
| Epoch:     75 | Train loss: 0.1992 | Valid loss: 0.2836 | Train acc: 0.8804 | Valid acc: 0.8033 | patience:  20 | Epoch time: 0.5 |

2023-01-07 21:54:20,193 - INFO -
| Epoch:     76 | Train loss: 0.2014 | Valid loss: 0.2896 | Train acc: 0.8967 | Valid acc: 0.8033 | patience:  21 | Epoch time: 0.5 |

2023-01-07 21:54:20,721 - INFO -
| Epoch:     77 | Train loss: 0.1932 | Valid loss: 0.2987 | Train acc: 0.8859 | Valid acc: 0.8197 | patience:  22 | Epoch time: 0.5 |

2023-01-07 21:54:21,250 - INFO -
| Epoch:     78 | Train loss: 0.1972 | Valid loss: 0.2891 | Train acc: 0.8859 | Valid acc: 0.8033 | patience:  23 | Epoch time: 0.5 |

2023-01-07 21:54:21,778 - INFO -
| Epoch:     79 | Train loss: 0.1925 | Valid loss: 0.2838 | Train acc: 0.8859 | Valid acc: 0.8197 | patience:  24 | Epoch time: 0.5 |

2023-01-07 21:54:22,308 - INFO -
| Epoch:     80 | Train loss: 0.1953 | Valid loss: 0.2996 | Train acc: 0.8967 | Valid acc: 0.8033 | patience:  25 | Epoch time: 0.5 |

2023-01-07 21:54:22,838 - INFO -
| Epoch:     81 | Train loss: 0.1951 | Valid loss: 0.2915 | Train acc: 0.8859 | Valid acc: 0.8197 | patience:  26 | Epoch time: 0.5 |

2023-01-07 21:54:23,367 - INFO -
| Epoch:     82 | Train loss: 0.1961 | Valid loss: 0.2869 | Train acc: 0.8804 | Valid acc: 0.8033 | patience:  27 | Epoch time: 0.5 |

2023-01-07 21:54:23,896 - INFO -
| Epoch:     83 | Train loss: 0.1934 | Valid loss: 0.3044 | Train acc: 0.8967 | Valid acc: 0.8033 | patience:  28 | Epoch time: 0.5 |

2023-01-07 21:54:24,425 - INFO -
| Epoch:     84 | Train loss: 0.1959 | Valid loss: 0.3026 | Train acc: 0.8804 | Valid acc: 0.8033 | patience:  29 | Epoch time: 0.5 |

2023-01-07 21:54:24,954 - INFO -
| Epoch:     85 | Train loss: 0.1928 | Valid loss: 0.2853 | Train acc: 0.8859 | Valid acc: 0.8033 | patience:  30 | Epoch time: 0.5 |

2023-01-07 21:54:25,485 - INFO -
| Epoch:     86 | Train loss: 0.2023 | Valid loss: 0.2986 | Train acc: 0.9022 | Valid acc: 0.8033 | patience:  31 | Epoch time: 0.5 |

2023-01-07 21:54:26,014 - INFO -
| Epoch:     87 | Train loss: 0.1915 | Valid loss: 0.3116 | Train acc: 0.8859 | Valid acc: 0.7705 | patience:  32 | Epoch time: 0.5 |

2023-01-07 21:54:26,544 - INFO -
| Epoch:     88 | Train loss: 0.1988 | Valid loss: 0.3057 | Train acc: 0.8859 | Valid acc: 0.8033 | patience:  33 | Epoch time: 0.5 |

2023-01-07 21:54:27,073 - INFO -
| Epoch:     89 | Train loss: 0.1910 | Valid loss: 0.2998 | Train acc: 0.8859 | Valid acc: 0.8033 | patience:  34 | Epoch time: 0.5 |

2023-01-07 21:54:27,603 - INFO -
| Epoch:     90 | Train loss: 0.1982 | Valid loss: 0.3066 | Train acc: 0.8967 | Valid acc: 0.8033 | patience:  35 | Epoch time: 0.5 |

2023-01-07 21:54:28,133 - INFO -
| Epoch:     91 | Train loss: 0.1924 | Valid loss: 0.3107 | Train acc: 0.8913 | Valid acc: 0.7869 | patience:  36 | Epoch time: 0.5 |

2023-01-07 21:54:28,663 - INFO -
| Epoch:     92 | Train loss: 0.1941 | Valid loss: 0.3036 | Train acc: 0.8750 | Valid acc: 0.8033 | patience:  37 | Epoch time: 0.5 |

2023-01-07 21:54:29,192 - INFO -
| Epoch:     93 | Train loss: 0.1913 | Valid loss: 0.3037 | Train acc: 0.8913 | Valid acc: 0.8033 | patience:  38 | Epoch time: 0.5 |

2023-01-07 21:54:29,722 - INFO -
| Epoch:     94 | Train loss: 0.1923 | Valid loss: 0.3116 | Train acc: 0.8967 | Valid acc: 0.7869 | patience:  39 | Epoch time: 0.5 |

2023-01-07 21:54:30,251 - INFO -
| Epoch:     95 | Train loss: 0.1928 | Valid loss: 0.3049 | Train acc: 0.8859 | Valid acc: 0.8033 | patience:  40 | Epoch time: 0.5 |

2023-01-07 21:54:30,781 - INFO -
| Epoch:     96 | Train loss: 0.1901 | Valid loss: 0.2951 | Train acc: 0.8859 | Valid acc: 0.8033 | patience:  41 | Epoch time: 0.5 |

2023-01-07 21:54:31,311 - INFO -
| Epoch:     97 | Train loss: 0.1921 | Valid loss: 0.3041 | Train acc: 0.8967 | Valid acc: 0.7869 | patience:  42 | Epoch time: 0.5 |

2023-01-07 21:54:31,842 - INFO -
| Epoch:     98 | Train loss: 0.1892 | Valid loss: 0.3069 | Train acc: 0.8859 | Valid acc: 0.8033 | patience:  43 | Epoch time: 0.5 |

2023-01-07 21:54:32,374 - INFO -
| Epoch:     99 | Train loss: 0.1905 | Valid loss: 0.2933 | Train acc: 0.8859 | Valid acc: 0.8033 | patience:  44 | Epoch time: 0.5 |

2023-01-07 21:54:32,903 - INFO -
| Epoch:    100 | Train loss: 0.1894 | Valid loss: 0.2919 | Train acc: 0.8859 | Valid acc: 0.8033 | patience:  45 | Epoch time: 0.5 |

2023-01-07 21:54:33,432 - INFO -
| Epoch:    101 | Train loss: 0.1900 | Valid loss: 0.3079 | Train acc: 0.8859 | Valid acc: 0.8033 | patience:  46 | Epoch time: 0.5 |

2023-01-07 21:54:33,962 - INFO -
| Epoch:    102 | Train loss: 0.1912 | Valid loss: 0.3040 | Train acc: 0.8967 | Valid acc: 0.7869 | patience:  47 | Epoch time: 0.5 |

2023-01-07 21:54:34,492 - INFO -
| Epoch:    103 | Train loss: 0.1901 | Valid loss: 0.2928 | Train acc: 0.8859 | Valid acc: 0.8033 | patience:  48 | Epoch time: 0.5 |

2023-01-07 21:54:35,021 - INFO -
| Epoch:    104 | Train loss: 0.1896 | Valid loss: 0.2996 | Train acc: 0.8913 | Valid acc: 0.8033 | patience:  49 | Epoch time: 0.5 |

2023-01-07 21:54:35,549 - INFO -
| Epoch:    105 | Train loss: 0.1899 | Valid loss: 0.3020 | Train acc: 0.8859 | Valid acc: 0.8033 | patience:  50 | Epoch time: 0.5 |

2023-01-07 21:54:36,079 - INFO -
| Epoch:    106 | Train loss: 0.1875 | Valid loss: 0.3057 | Train acc: 0.8804 | Valid acc: 0.8033 | patience:  51 | Epoch time: 0.5 |

2023-01-07 21:54:36,607 - INFO -
| Epoch:    107 | Train loss: 0.1882 | Valid loss: 0.3072 | Train acc: 0.8804 | Valid acc: 0.8033 | patience:  52 | Epoch time: 0.5 |

2023-01-07 21:54:37,135 - INFO -
| Epoch:    108 | Train loss: 0.1871 | Valid loss: 0.3069 | Train acc: 0.8804 | Valid acc: 0.7869 | patience:  53 | Epoch time: 0.5 |

2023-01-07 21:54:37,664 - INFO -
| Epoch:    109 | Train loss: 0.1875 | Valid loss: 0.3110 | Train acc: 0.8804 | Valid acc: 0.8033 | patience:  54 | Epoch time: 0.5 |

2023-01-07 21:54:38,194 - INFO -
| Epoch:    110 | Train loss: 0.1868 | Valid loss: 0.3155 | Train acc: 0.8859 | Valid acc: 0.8033 | patience:  55 | Epoch time: 0.5 |

2023-01-07 21:54:38,724 - INFO -
| Epoch:    111 | Train loss: 0.1876 | Valid loss: 0.3118 | Train acc: 0.8804 | Valid acc: 0.8033 | patience:  56 | Epoch time: 0.5 |

2023-01-07 21:54:39,253 - INFO -
| Epoch:    112 | Train loss: 0.1880 | Valid loss: 0.3101 | Train acc: 0.8859 | Valid acc: 0.8033 | patience:  57 | Epoch time: 0.5 |

2023-01-07 21:54:39,781 - INFO -
| Epoch:    113 | Train loss: 0.1878 | Valid loss: 0.3148 | Train acc: 0.8859 | Valid acc: 0.8033 | patience:  58 | Epoch time: 0.5 |

2023-01-07 21:54:40,310 - INFO -
| Epoch:    114 | Train loss: 0.1874 | Valid loss: 0.3136 | Train acc: 0.8859 | Valid acc: 0.8033 | patience:  59 | Epoch time: 0.5 |

2023-01-07 21:54:40,838 - INFO -
| Epoch:    115 | Train loss: 0.1865 | Valid loss: 0.3106 | Train acc: 0.8859 | Valid acc: 0.8033 | patience:  60 | Epoch time: 0.5 |

2023-01-07 21:54:41,366 - INFO -
| Epoch:    116 | Train loss: 0.1868 | Valid loss: 0.3099 | Train acc: 0.8859 | Valid acc: 0.8033 | patience:  61 | Epoch time: 0.5 |

2023-01-07 21:54:41,895 - INFO -
| Epoch:    117 | Train loss: 0.1862 | Valid loss: 0.3113 | Train acc: 0.8859 | Valid acc: 0.8033 | patience:  62 | Epoch time: 0.5 |

2023-01-07 21:54:42,424 - INFO -
| Epoch:    118 | Train loss: 0.1868 | Valid loss: 0.3030 | Train acc: 0.8859 | Valid acc: 0.8033 | patience:  63 | Epoch time: 0.5 |

2023-01-07 21:54:42,953 - INFO -
| Epoch:    119 | Train loss: 0.1876 | Valid loss: 0.3062 | Train acc: 0.8913 | Valid acc: 0.8033 | patience:  64 | Epoch time: 0.5 |

2023-01-07 21:54:43,482 - INFO -
| Epoch:    120 | Train loss: 0.1859 | Valid loss: 0.3105 | Train acc: 0.8804 | Valid acc: 0.8033 | patience:  65 | Epoch time: 0.5 |

2023-01-07 21:54:44,011 - INFO -
| Epoch:    121 | Train loss: 0.1869 | Valid loss: 0.3035 | Train acc: 0.8859 | Valid acc: 0.8033 | patience:  66 | Epoch time: 0.5 |

2023-01-07 21:54:44,540 - INFO -
| Epoch:    122 | Train loss: 0.1859 | Valid loss: 0.3025 | Train acc: 0.8804 | Valid acc: 0.8033 | patience:  67 | Epoch time: 0.5 |

2023-01-07 21:54:45,068 - INFO -
| Epoch:    123 | Train loss: 0.1860 | Valid loss: 0.3122 | Train acc: 0.8804 | Valid acc: 0.7869 | patience:  68 | Epoch time: 0.5 |

2023-01-07 21:54:45,597 - INFO -
| Epoch:    124 | Train loss: 0.1890 | Valid loss: 0.3054 | Train acc: 0.8804 | Valid acc: 0.7869 | patience:  69 | Epoch time: 0.5 |

2023-01-07 21:54:46,125 - INFO -
| Epoch:    125 | Train loss: 0.1870 | Valid loss: 0.3007 | Train acc: 0.8859 | Valid acc: 0.8033 | patience:  70 | Epoch time: 0.5 |

2023-01-07 21:54:46,653 - INFO -
| Epoch:    126 | Train loss: 0.1876 | Valid loss: 0.3093 | Train acc: 0.8859 | Valid acc: 0.8033 | patience:  71 | Epoch time: 0.5 |

2023-01-07 21:54:47,181 - INFO -
| Epoch:    127 | Train loss: 0.1865 | Valid loss: 0.3115 | Train acc: 0.8804 | Valid acc: 0.8033 | patience:  72 | Epoch time: 0.5 |

2023-01-07 21:54:47,709 - INFO -
| Epoch:    128 | Train loss: 0.1879 | Valid loss: 0.3071 | Train acc: 0.8859 | Valid acc: 0.8033 | patience:  73 | Epoch time: 0.5 |

2023-01-07 21:54:48,238 - INFO -
| Epoch:    129 | Train loss: 0.1864 | Valid loss: 0.3040 | Train acc: 0.8859 | Valid acc: 0.8197 | patience:  74 | Epoch time: 0.5 |

2023-01-07 21:54:48,767 - INFO -
| Epoch:    130 | Train loss: 0.1878 | Valid loss: 0.3063 | Train acc: 0.8859 | Valid acc: 0.8033 | patience:  75 | Epoch time: 0.5 |

2023-01-07 21:54:49,296 - INFO -
| Epoch:    131 | Train loss: 0.1870 | Valid loss: 0.3139 | Train acc: 0.8859 | Valid acc: 0.8033 | patience:  76 | Epoch time: 0.5 |

2023-01-07 21:54:49,824 - INFO -
| Epoch:    132 | Train loss: 0.1893 | Valid loss: 0.3062 | Train acc: 0.8859 | Valid acc: 0.8033 | patience:  77 | Epoch time: 0.5 |

2023-01-07 21:54:50,353 - INFO -
| Epoch:    133 | Train loss: 0.1868 | Valid loss: 0.3072 | Train acc: 0.8859 | Valid acc: 0.8197 | patience:  78 | Epoch time: 0.5 |

2023-01-07 21:54:50,881 - INFO -
| Epoch:    134 | Train loss: 0.1876 | Valid loss: 0.3068 | Train acc: 0.8859 | Valid acc: 0.8033 | patience:  79 | Epoch time: 0.5 |

2023-01-07 21:54:51,410 - INFO -
| Epoch:    135 | Train loss: 0.1866 | Valid loss: 0.3104 | Train acc: 0.8859 | Valid acc: 0.8033 | patience:  80 | Epoch time: 0.5 |

2023-01-07 21:54:51,939 - INFO -
| Epoch:    136 | Train loss: 0.1870 | Valid loss: 0.3058 | Train acc: 0.8859 | Valid acc: 0.8033 | patience:  81 | Epoch time: 0.5 |

2023-01-07 21:54:52,467 - INFO -
| Epoch:    137 | Train loss: 0.1873 | Valid loss: 0.3097 | Train acc: 0.8913 | Valid acc: 0.8033 | patience:  82 | Epoch time: 0.5 |

2023-01-07 21:54:52,996 - INFO -
| Epoch:    138 | Train loss: 0.1884 | Valid loss: 0.3004 | Train acc: 0.8913 | Valid acc: 0.8033 | patience:  83 | Epoch time: 0.5 |

2023-01-07 21:54:53,525 - INFO -
| Epoch:    139 | Train loss: 0.1898 | Valid loss: 0.3100 | Train acc: 0.8913 | Valid acc: 0.8033 | patience:  84 | Epoch time: 0.5 |

2023-01-07 21:54:54,054 - INFO -
| Epoch:    140 | Train loss: 0.1879 | Valid loss: 0.3046 | Train acc: 0.8967 | Valid acc: 0.8033 | patience:  85 | Epoch time: 0.5 |

2023-01-07 21:54:54,582 - INFO -
| Epoch:    141 | Train loss: 0.1859 | Valid loss: 0.3015 | Train acc: 0.8804 | Valid acc: 0.8033 | patience:  86 | Epoch time: 0.5 |

2023-01-07 21:54:55,111 - INFO -
| Epoch:    142 | Train loss: 0.1860 | Valid loss: 0.3066 | Train acc: 0.8804 | Valid acc: 0.8033 | patience:  87 | Epoch time: 0.5 |

2023-01-07 21:54:55,640 - INFO -
| Epoch:    143 | Train loss: 0.1865 | Valid loss: 0.3013 | Train acc: 0.8859 | Valid acc: 0.8033 | patience:  88 | Epoch time: 0.5 |

2023-01-07 21:54:56,169 - INFO -
| Epoch:    144 | Train loss: 0.1860 | Valid loss: 0.3047 | Train acc: 0.8804 | Valid acc: 0.8033 | patience:  89 | Epoch time: 0.5 |

2023-01-07 21:54:56,696 - INFO -
| Epoch:    145 | Train loss: 0.1873 | Valid loss: 0.3031 | Train acc: 0.8967 | Valid acc: 0.8033 | patience:  90 | Epoch time: 0.5 |

2023-01-07 21:54:57,225 - INFO -
| Epoch:    146 | Train loss: 0.1877 | Valid loss: 0.3103 | Train acc: 0.8967 | Valid acc: 0.8033 | patience:  91 | Epoch time: 0.5 |

2023-01-07 21:54:57,754 - INFO -
| Epoch:    147 | Train loss: 0.1879 | Valid loss: 0.3013 | Train acc: 0.8967 | Valid acc: 0.8033 | patience:  92 | Epoch time: 0.5 |

2023-01-07 21:54:58,284 - INFO -
| Epoch:    148 | Train loss: 0.1860 | Valid loss: 0.3040 | Train acc: 0.8750 | Valid acc: 0.8033 | patience:  93 | Epoch time: 0.5 |

2023-01-07 21:54:58,813 - INFO -
| Epoch:    149 | Train loss: 0.1849 | Valid loss: 0.3099 | Train acc: 0.8750 | Valid acc: 0.7869 | patience:  94 | Epoch time: 0.5 |

2023-01-07 21:54:59,344 - INFO -
| Epoch:    150 | Train loss: 0.1861 | Valid loss: 0.3071 | Train acc: 0.8859 | Valid acc: 0.8033 | patience:  95 | Epoch time: 0.5 |

2023-01-07 21:54:59,874 - INFO -
| Epoch:    151 | Train loss: 0.1849 | Valid loss: 0.3057 | Train acc: 0.8804 | Valid acc: 0.8033 | patience:  96 | Epoch time: 0.5 |

2023-01-07 21:55:00,402 - INFO -
| Epoch:    152 | Train loss: 0.1875 | Valid loss: 0.3105 | Train acc: 0.8859 | Valid acc: 0.8033 | patience:  97 | Epoch time: 0.5 |

2023-01-07 21:55:00,931 - INFO -
| Epoch:    153 | Train loss: 0.1854 | Valid loss: 0.3141 | Train acc: 0.8804 | Valid acc: 0.8033 | patience:  98 | Epoch time: 0.5 |

2023-01-07 21:55:01,460 - INFO -
| Epoch:    154 | Train loss: 0.1865 | Valid loss: 0.3050 | Train acc: 0.8859 | Valid acc: 0.8197 | patience:  99 | Epoch time: 0.5 |

2023-01-07 21:55:01,988 - INFO -
| Epoch:    155 | Train loss: 0.1898 | Valid loss: 0.3163 | Train acc: 0.8967 | Valid acc: 0.8033 | patience: 100 | Epoch time: 0.5 |

2023-01-07 21:55:02,517 - INFO -
| Epoch:    156 | Train loss: 0.1940 | Valid loss: 0.3086 | Train acc: 0.8859 | Valid acc: 0.8033 | patience: 101 | Epoch time: 0.5 |

2023-01-07 21:55:03,046 - INFO -
| Epoch:    157 | Train loss: 0.1879 | Valid loss: 0.3033 | Train acc: 0.8913 | Valid acc: 0.8033 | patience: 102 | Epoch time: 0.5 |

2023-01-07 21:55:03,576 - INFO -
| Epoch:    158 | Train loss: 0.1880 | Valid loss: 0.3168 | Train acc: 0.8859 | Valid acc: 0.7869 | patience: 103 | Epoch time: 0.5 |

2023-01-07 21:55:04,106 - INFO -
| Epoch:    159 | Train loss: 0.1910 | Valid loss: 0.3082 | Train acc: 0.8859 | Valid acc: 0.8033 | patience: 104 | Epoch time: 0.5 |

2023-01-07 21:55:04,635 - INFO -
| Epoch:    160 | Train loss: 0.1918 | Valid loss: 0.3064 | Train acc: 0.8967 | Valid acc: 0.7869 | patience: 105 | Epoch time: 0.5 |

2023-01-07 21:55:05,163 - INFO -
| Epoch:    161 | Train loss: 0.1853 | Valid loss: 0.3053 | Train acc: 0.8804 | Valid acc: 0.8197 | patience: 106 | Epoch time: 0.5 |

2023-01-07 21:55:05,692 - INFO -
| Epoch:    162 | Train loss: 0.1917 | Valid loss: 0.2947 | Train acc: 0.8859 | Valid acc: 0.8197 | patience: 107 | Epoch time: 0.5 |

2023-01-07 21:55:06,220 - INFO -
| Epoch:    163 | Train loss: 0.1905 | Valid loss: 0.3104 | Train acc: 0.8967 | Valid acc: 0.8033 | patience: 108 | Epoch time: 0.5 |

2023-01-07 21:55:06,750 - INFO -
| Epoch:    164 | Train loss: 0.1890 | Valid loss: 0.3109 | Train acc: 0.8859 | Valid acc: 0.8033 | patience: 109 | Epoch time: 0.5 |

2023-01-07 21:55:07,278 - INFO -
| Epoch:    165 | Train loss: 0.1890 | Valid loss: 0.2952 | Train acc: 0.8967 | Valid acc: 0.8033 | patience: 110 | Epoch time: 0.5 |

2023-01-07 21:55:07,806 - INFO -
| Epoch:    166 | Train loss: 0.1908 | Valid loss: 0.3053 | Train acc: 0.8967 | Valid acc: 0.8197 | patience: 111 | Epoch time: 0.5 |

2023-01-07 21:55:08,335 - INFO -
| Epoch:    167 | Train loss: 0.1881 | Valid loss: 0.3047 | Train acc: 0.8859 | Valid acc: 0.8033 | patience: 112 | Epoch time: 0.5 |

2023-01-07 21:55:08,864 - INFO -
| Epoch:    168 | Train loss: 0.1882 | Valid loss: 0.3089 | Train acc: 0.8913 | Valid acc: 0.7869 | patience: 113 | Epoch time: 0.5 |

2023-01-07 21:55:09,392 - INFO -
| Epoch:    169 | Train loss: 0.1864 | Valid loss: 0.3036 | Train acc: 0.8859 | Valid acc: 0.8033 | patience: 114 | Epoch time: 0.5 |

2023-01-07 21:55:09,921 - INFO -
| Epoch:    170 | Train loss: 0.1863 | Valid loss: 0.3032 | Train acc: 0.8859 | Valid acc: 0.8033 | patience: 115 | Epoch time: 0.5 |

2023-01-07 21:55:10,449 - INFO -
| Epoch:    171 | Train loss: 0.1859 | Valid loss: 0.3108 | Train acc: 0.8859 | Valid acc: 0.8033 | patience: 116 | Epoch time: 0.5 |

2023-01-07 21:55:10,978 - INFO -
| Epoch:    172 | Train loss: 0.1861 | Valid loss: 0.3044 | Train acc: 0.8859 | Valid acc: 0.8033 | patience: 117 | Epoch time: 0.5 |

2023-01-07 21:55:11,508 - INFO -
| Epoch:    173 | Train loss: 0.1864 | Valid loss: 0.3085 | Train acc: 0.8859 | Valid acc: 0.8197 | patience: 118 | Epoch time: 0.5 |

2023-01-07 21:55:12,038 - INFO -
| Epoch:    174 | Train loss: 0.1883 | Valid loss: 0.3037 | Train acc: 0.8859 | Valid acc: 0.8033 | patience: 119 | Epoch time: 0.5 |

2023-01-07 21:55:12,568 - INFO -
| Epoch:    175 | Train loss: 0.1857 | Valid loss: 0.3069 | Train acc: 0.8859 | Valid acc: 0.8033 | patience: 120 | Epoch time: 0.5 |

2023-01-07 21:55:13,096 - INFO -
| Epoch:    176 | Train loss: 0.1851 | Valid loss: 0.3125 | Train acc: 0.8859 | Valid acc: 0.7869 | patience: 121 | Epoch time: 0.5 |

2023-01-07 21:55:13,625 - INFO -
| Epoch:    177 | Train loss: 0.1899 | Valid loss: 0.3036 | Train acc: 0.8967 | Valid acc: 0.8033 | patience: 122 | Epoch time: 0.5 |

2023-01-07 21:55:14,155 - INFO -
| Epoch:    178 | Train loss: 0.1907 | Valid loss: 0.3106 | Train acc: 0.8967 | Valid acc: 0.8033 | patience: 123 | Epoch time: 0.5 |

2023-01-07 21:55:14,683 - INFO -
| Epoch:    179 | Train loss: 0.1876 | Valid loss: 0.3059 | Train acc: 0.8967 | Valid acc: 0.8033 | patience: 124 | Epoch time: 0.5 |

2023-01-07 21:55:15,212 - INFO -
| Epoch:    180 | Train loss: 0.1857 | Valid loss: 0.2999 | Train acc: 0.8859 | Valid acc: 0.8033 | patience: 125 | Epoch time: 0.5 |

2023-01-07 21:55:15,740 - INFO -
| Epoch:    181 | Train loss: 0.1976 | Valid loss: 0.3170 | Train acc: 0.8913 | Valid acc: 0.8033 | patience: 126 | Epoch time: 0.5 |

2023-01-07 21:55:16,268 - INFO -
| Epoch:    182 | Train loss: 0.1951 | Valid loss: 0.3099 | Train acc: 0.8859 | Valid acc: 0.8033 | patience: 127 | Epoch time: 0.5 |

2023-01-07 21:55:16,797 - INFO -
| Epoch:    183 | Train loss: 0.1868 | Valid loss: 0.2968 | Train acc: 0.8967 | Valid acc: 0.8033 | patience: 128 | Epoch time: 0.5 |

2023-01-07 21:55:17,326 - INFO -
| Epoch:    184 | Train loss: 0.1999 | Valid loss: 0.3097 | Train acc: 0.8913 | Valid acc: 0.8033 | patience: 129 | Epoch time: 0.5 |

2023-01-07 21:55:17,855 - INFO -
| Epoch:    185 | Train loss: 0.1925 | Valid loss: 0.3109 | Train acc: 0.8913 | Valid acc: 0.8033 | patience: 130 | Epoch time: 0.5 |

2023-01-07 21:55:18,383 - INFO -
| Epoch:    186 | Train loss: 0.1875 | Valid loss: 0.3025 | Train acc: 0.8967 | Valid acc: 0.8033 | patience: 131 | Epoch time: 0.5 |

2023-01-07 21:55:18,911 - INFO -
| Epoch:    187 | Train loss: 0.1924 | Valid loss: 0.3079 | Train acc: 0.8967 | Valid acc: 0.8033 | patience: 132 | Epoch time: 0.5 |

2023-01-07 21:55:19,440 - INFO -
| Epoch:    188 | Train loss: 0.1865 | Valid loss: 0.3078 | Train acc: 0.8913 | Valid acc: 0.8033 | patience: 133 | Epoch time: 0.5 |

2023-01-07 21:55:19,967 - INFO -
| Epoch:    189 | Train loss: 0.1889 | Valid loss: 0.3046 | Train acc: 0.8967 | Valid acc: 0.7869 | patience: 134 | Epoch time: 0.5 |

2023-01-07 21:55:20,496 - INFO -
| Epoch:    190 | Train loss: 0.1944 | Valid loss: 0.3088 | Train acc: 0.8967 | Valid acc: 0.8033 | patience: 135 | Epoch time: 0.5 |

2023-01-07 21:55:21,025 - INFO -
| Epoch:    191 | Train loss: 0.1889 | Valid loss: 0.3064 | Train acc: 0.8967 | Valid acc: 0.8033 | patience: 136 | Epoch time: 0.5 |

2023-01-07 21:55:21,555 - INFO -
| Epoch:    192 | Train loss: 0.1879 | Valid loss: 0.3023 | Train acc: 0.8967 | Valid acc: 0.8033 | patience: 137 | Epoch time: 0.5 |

2023-01-07 21:55:22,083 - INFO -
| Epoch:    193 | Train loss: 0.1976 | Valid loss: 0.3083 | Train acc: 0.8967 | Valid acc: 0.8033 | patience: 138 | Epoch time: 0.5 |

2023-01-07 21:55:22,612 - INFO -
| Epoch:    194 | Train loss: 0.1875 | Valid loss: 0.3053 | Train acc: 0.8967 | Valid acc: 0.8197 | patience: 139 | Epoch time: 0.5 |

2023-01-07 21:55:23,140 - INFO -
| Epoch:    195 | Train loss: 0.1907 | Valid loss: 0.2923 | Train acc: 0.8967 | Valid acc: 0.8033 | patience: 140 | Epoch time: 0.5 |

2023-01-07 21:55:23,669 - INFO -
| Epoch:    196 | Train loss: 0.1980 | Valid loss: 0.3032 | Train acc: 0.8913 | Valid acc: 0.8033 | patience: 141 | Epoch time: 0.5 |

2023-01-07 21:55:24,197 - INFO -
| Epoch:    197 | Train loss: 0.1859 | Valid loss: 0.3181 | Train acc: 0.8859 | Valid acc: 0.8033 | patience: 142 | Epoch time: 0.5 |

2023-01-07 21:55:24,727 - INFO -
| Epoch:    198 | Train loss: 0.1996 | Valid loss: 0.3064 | Train acc: 0.8804 | Valid acc: 0.8033 | patience: 143 | Epoch time: 0.5 |

2023-01-07 21:55:25,256 - INFO -
| Epoch:    199 | Train loss: 0.1872 | Valid loss: 0.2931 | Train acc: 0.8859 | Valid acc: 0.8197 | patience: 144 | Epoch time: 0.5 |

2023-01-07 21:55:25,785 - INFO -
| Epoch:    200 | Train loss: 0.2018 | Valid loss: 0.3020 | Train acc: 0.8967 | Valid acc: 0.8197 | patience: 145 | Epoch time: 0.5 |

2023-01-07 21:55:26,316 - INFO -
| Epoch:    201 | Train loss: 0.1878 | Valid loss: 0.3125 | Train acc: 0.8859 | Valid acc: 0.7869 | patience: 146 | Epoch time: 0.5 |

2023-01-07 21:55:26,844 - INFO -
| Epoch:    202 | Train loss: 0.1924 | Valid loss: 0.3070 | Train acc: 0.8967 | Valid acc: 0.8033 | patience: 147 | Epoch time: 0.5 |

2023-01-07 21:55:27,372 - INFO -
| Epoch:    203 | Train loss: 0.1891 | Valid loss: 0.2969 | Train acc: 0.8859 | Valid acc: 0.8197 | patience: 148 | Epoch time: 0.5 |

2023-01-07 21:55:27,900 - INFO -
| Epoch:    204 | Train loss: 0.1895 | Valid loss: 0.3066 | Train acc: 0.8913 | Valid acc: 0.8197 | patience: 149 | Epoch time: 0.5 |

2023-01-07 21:55:28,429 - INFO -
| Epoch:    205 | Train loss: 0.1900 | Valid loss: 0.3055 | Train acc: 0.8859 | Valid acc: 0.8033 | patience: 150 | Epoch time: 0.5 |

2023-01-07 21:55:28,958 - INFO -
| Epoch:    206 | Train loss: 0.1861 | Valid loss: 0.3050 | Train acc: 0.8804 | Valid acc: 0.8033 | patience: 151 | Epoch time: 0.5 |

2023-01-07 21:55:29,487 - INFO -
| Epoch:    207 | Train loss: 0.1889 | Valid loss: 0.3028 | Train acc: 0.8913 | Valid acc: 0.8033 | patience: 152 | Epoch time: 0.5 |

2023-01-07 21:55:30,015 - INFO -
| Epoch:    208 | Train loss: 0.1857 | Valid loss: 0.3024 | Train acc: 0.8859 | Valid acc: 0.8197 | patience: 153 | Epoch time: 0.5 |

2023-01-07 21:55:30,544 - INFO -
| Epoch:    209 | Train loss: 0.1867 | Valid loss: 0.3033 | Train acc: 0.8859 | Valid acc: 0.8033 | patience: 154 | Epoch time: 0.5 |

2023-01-07 21:55:31,074 - INFO -
| Epoch:    210 | Train loss: 0.1860 | Valid loss: 0.3063 | Train acc: 0.8859 | Valid acc: 0.8033 | patience: 155 | Epoch time: 0.5 |

2023-01-07 21:55:31,605 - INFO -
| Epoch:    211 | Train loss: 0.1864 | Valid loss: 0.3014 | Train acc: 0.8859 | Valid acc: 0.8033 | patience: 156 | Epoch time: 0.5 |

2023-01-07 21:55:32,135 - INFO -
| Epoch:    212 | Train loss: 0.1851 | Valid loss: 0.3029 | Train acc: 0.8859 | Valid acc: 0.7869 | patience: 157 | Epoch time: 0.5 |

2023-01-07 21:55:32,664 - INFO -
| Epoch:    213 | Train loss: 0.1849 | Valid loss: 0.3092 | Train acc: 0.8804 | Valid acc: 0.8033 | patience: 158 | Epoch time: 0.5 |

2023-01-07 21:55:33,193 - INFO -
| Epoch:    214 | Train loss: 0.1860 | Valid loss: 0.3075 | Train acc: 0.8859 | Valid acc: 0.7869 | patience: 159 | Epoch time: 0.5 |

2023-01-07 21:55:33,721 - INFO -
| Epoch:    215 | Train loss: 0.1847 | Valid loss: 0.3041 | Train acc: 0.8804 | Valid acc: 0.8033 | patience: 160 | Epoch time: 0.5 |

2023-01-07 21:55:34,251 - INFO -
| Epoch:    216 | Train loss: 0.1857 | Valid loss: 0.3080 | Train acc: 0.8804 | Valid acc: 0.8033 | patience: 161 | Epoch time: 0.5 |

2023-01-07 21:55:34,780 - INFO -
| Epoch:    217 | Train loss: 0.1844 | Valid loss: 0.3097 | Train acc: 0.8804 | Valid acc: 0.8033 | patience: 162 | Epoch time: 0.5 |

2023-01-07 21:55:35,307 - INFO -
| Epoch:    218 | Train loss: 0.1849 | Valid loss: 0.3049 | Train acc: 0.8859 | Valid acc: 0.8033 | patience: 163 | Epoch time: 0.5 |

2023-01-07 21:55:35,836 - INFO -
| Epoch:    219 | Train loss: 0.1852 | Valid loss: 0.3059 | Train acc: 0.8859 | Valid acc: 0.8033 | patience: 164 | Epoch time: 0.5 |

2023-01-07 21:55:36,365 - INFO -
| Epoch:    220 | Train loss: 0.1850 | Valid loss: 0.3108 | Train acc: 0.8859 | Valid acc: 0.8033 | patience: 165 | Epoch time: 0.5 |

2023-01-07 21:55:36,893 - INFO -
| Epoch:    221 | Train loss: 0.1857 | Valid loss: 0.3079 | Train acc: 0.8859 | Valid acc: 0.8033 | patience: 166 | Epoch time: 0.5 |

2023-01-07 21:55:37,423 - INFO -
| Epoch:    222 | Train loss: 0.1844 | Valid loss: 0.3066 | Train acc: 0.8804 | Valid acc: 0.7869 | patience: 167 | Epoch time: 0.5 |

2023-01-07 21:55:37,950 - INFO -
| Epoch:    223 | Train loss: 0.1844 | Valid loss: 0.3088 | Train acc: 0.8804 | Valid acc: 0.8033 | patience: 168 | Epoch time: 0.5 |

2023-01-07 21:55:38,480 - INFO -
| Epoch:    224 | Train loss: 0.1844 | Valid loss: 0.3044 | Train acc: 0.8859 | Valid acc: 0.8033 | patience: 169 | Epoch time: 0.5 |

2023-01-07 21:55:39,009 - INFO -
| Epoch:    225 | Train loss: 0.1848 | Valid loss: 0.3060 | Train acc: 0.8913 | Valid acc: 0.8033 | patience: 170 | Epoch time: 0.5 |

2023-01-07 21:55:39,538 - INFO -
| Epoch:    226 | Train loss: 0.1842 | Valid loss: 0.3145 | Train acc: 0.8804 | Valid acc: 0.8033 | patience: 171 | Epoch time: 0.5 |

2023-01-07 21:55:40,066 - INFO -
| Epoch:    227 | Train loss: 0.1877 | Valid loss: 0.3062 | Train acc: 0.8859 | Valid acc: 0.8033 | patience: 172 | Epoch time: 0.5 |

2023-01-07 21:55:40,595 - INFO -
| Epoch:    228 | Train loss: 0.1853 | Valid loss: 0.3044 | Train acc: 0.8859 | Valid acc: 0.8033 | patience: 173 | Epoch time: 0.5 |

2023-01-07 21:55:41,124 - INFO -
| Epoch:    229 | Train loss: 0.1873 | Valid loss: 0.3075 | Train acc: 0.8859 | Valid acc: 0.8033 | patience: 174 | Epoch time: 0.5 |

2023-01-07 21:55:41,652 - INFO -
| Epoch:    230 | Train loss: 0.1856 | Valid loss: 0.3096 | Train acc: 0.8859 | Valid acc: 0.8033 | patience: 175 | Epoch time: 0.5 |

2023-01-07 21:55:42,181 - INFO -
| Epoch:    231 | Train loss: 0.1904 | Valid loss: 0.3142 | Train acc: 0.8967 | Valid acc: 0.8033 | patience: 176 | Epoch time: 0.5 |

2023-01-07 21:55:42,709 - INFO -
| Epoch:    232 | Train loss: 0.1871 | Valid loss: 0.3068 | Train acc: 0.8913 | Valid acc: 0.8033 | patience: 177 | Epoch time: 0.5 |

2023-01-07 21:55:43,239 - INFO -
| Epoch:    233 | Train loss: 0.1867 | Valid loss: 0.3010 | Train acc: 0.8804 | Valid acc: 0.8033 | patience: 178 | Epoch time: 0.5 |

2023-01-07 21:55:43,767 - INFO -
| Epoch:    234 | Train loss: 0.1893 | Valid loss: 0.3131 | Train acc: 0.8967 | Valid acc: 0.8033 | patience: 179 | Epoch time: 0.5 |

2023-01-07 21:55:44,295 - INFO -
| Epoch:    235 | Train loss: 0.1860 | Valid loss: 0.3143 | Train acc: 0.8859 | Valid acc: 0.8033 | patience: 180 | Epoch time: 0.5 |

2023-01-07 21:55:44,823 - INFO -
| Epoch:    236 | Train loss: 0.1865 | Valid loss: 0.3031 | Train acc: 0.8859 | Valid acc: 0.8033 | patience: 181 | Epoch time: 0.5 |

2023-01-07 21:55:45,351 - INFO -
| Epoch:    237 | Train loss: 0.1854 | Valid loss: 0.3023 | Train acc: 0.8859 | Valid acc: 0.8033 | patience: 182 | Epoch time: 0.5 |

2023-01-07 21:55:45,880 - INFO -
| Epoch:    238 | Train loss: 0.1861 | Valid loss: 0.3147 | Train acc: 0.8859 | Valid acc: 0.8033 | patience: 183 | Epoch time: 0.5 |

2023-01-07 21:55:46,408 - INFO -
| Epoch:    239 | Train loss: 0.1874 | Valid loss: 0.3104 | Train acc: 0.8859 | Valid acc: 0.8033 | patience: 184 | Epoch time: 0.5 |

2023-01-07 21:55:46,937 - INFO -
| Epoch:    240 | Train loss: 0.1848 | Valid loss: 0.3042 | Train acc: 0.8859 | Valid acc: 0.8033 | patience: 185 | Epoch time: 0.5 |

2023-01-07 21:55:47,465 - INFO -
| Epoch:    241 | Train loss: 0.1857 | Valid loss: 0.3086 | Train acc: 0.8859 | Valid acc: 0.8197 | patience: 186 | Epoch time: 0.5 |

2023-01-07 21:55:47,994 - INFO -
| Epoch:    242 | Train loss: 0.1843 | Valid loss: 0.3156 | Train acc: 0.8859 | Valid acc: 0.8033 | patience: 187 | Epoch time: 0.5 |

2023-01-07 21:55:48,522 - INFO -
| Epoch:    243 | Train loss: 0.1868 | Valid loss: 0.3087 | Train acc: 0.8859 | Valid acc: 0.8033 | patience: 188 | Epoch time: 0.5 |

2023-01-07 21:55:49,051 - INFO -
| Epoch:    244 | Train loss: 0.1864 | Valid loss: 0.3077 | Train acc: 0.8859 | Valid acc: 0.8033 | patience: 189 | Epoch time: 0.5 |

2023-01-07 21:55:49,580 - INFO -
| Epoch:    245 | Train loss: 0.1860 | Valid loss: 0.3076 | Train acc: 0.8859 | Valid acc: 0.8033 | patience: 190 | Epoch time: 0.5 |

2023-01-07 21:55:50,109 - INFO -
| Epoch:    246 | Train loss: 0.1846 | Valid loss: 0.3140 | Train acc: 0.8750 | Valid acc: 0.8033 | patience: 191 | Epoch time: 0.5 |

2023-01-07 21:55:50,637 - INFO -
| Epoch:    247 | Train loss: 0.1867 | Valid loss: 0.3099 | Train acc: 0.8804 | Valid acc: 0.8033 | patience: 192 | Epoch time: 0.5 |

2023-01-07 21:55:51,165 - INFO -
| Epoch:    248 | Train loss: 0.1847 | Valid loss: 0.3071 | Train acc: 0.8859 | Valid acc: 0.8033 | patience: 193 | Epoch time: 0.5 |

2023-01-07 21:55:51,693 - INFO -
| Epoch:    249 | Train loss: 0.1849 | Valid loss: 0.3110 | Train acc: 0.8750 | Valid acc: 0.8033 | patience: 194 | Epoch time: 0.5 |

2023-01-07 21:55:52,221 - INFO -
| Epoch:    250 | Train loss: 0.1855 | Valid loss: 0.3071 | Train acc: 0.8859 | Valid acc: 0.8033 | patience: 195 | Epoch time: 0.5 |

2023-01-07 21:55:52,748 - INFO -
| Epoch:    251 | Train loss: 0.1903 | Valid loss: 0.3137 | Train acc: 0.8967 | Valid acc: 0.8033 | patience: 196 | Epoch time: 0.5 |

2023-01-07 21:55:53,277 - INFO -
| Epoch:    252 | Train loss: 0.1887 | Valid loss: 0.3075 | Train acc: 0.8913 | Valid acc: 0.7869 | patience: 197 | Epoch time: 0.5 |

2023-01-07 21:55:53,807 - INFO -
| Epoch:    253 | Train loss: 0.1847 | Valid loss: 0.3066 | Train acc: 0.8750 | Valid acc: 0.7869 | patience: 198 | Epoch time: 0.5 |

2023-01-07 21:55:54,337 - INFO -
| Epoch:    254 | Train loss: 0.1859 | Valid loss: 0.3109 | Train acc: 0.8913 | Valid acc: 0.8033 | patience: 199 | Epoch time: 0.5 |

2023-01-07 21:55:54,865 - INFO -
| Epoch:    255 | Train loss: 0.1845 | Valid loss: 0.3088 | Train acc: 0.8859 | Valid acc: 0.8033 | patience: 200 | Epoch time: 0.5 |

2023-01-07 21:55:55,394 - INFO -
| Epoch:    256 | Train loss: 0.1842 | Valid loss: 0.3027 | Train acc: 0.8859 | Valid acc: 0.8033 | patience: 201 | Epoch time: 0.5 |

2023-01-07 21:55:55,922 - INFO -
| Epoch:    257 | Train loss: 0.1886 | Valid loss: 0.3140 | Train acc: 0.8967 | Valid acc: 0.7869 | patience: 202 | Epoch time: 0.5 |

2023-01-07 21:55:56,450 - INFO -
| Epoch:    258 | Train loss: 0.1922 | Valid loss: 0.3101 | Train acc: 0.8859 | Valid acc: 0.8033 | patience: 203 | Epoch time: 0.5 |

2023-01-07 21:55:56,977 - INFO -
| Epoch:    259 | Train loss: 0.1845 | Valid loss: 0.3017 | Train acc: 0.8859 | Valid acc: 0.8033 | patience: 204 | Epoch time: 0.5 |

2023-01-07 21:55:57,505 - INFO -
| Epoch:    260 | Train loss: 0.1935 | Valid loss: 0.3112 | Train acc: 0.8967 | Valid acc: 0.8033 | patience: 205 | Epoch time: 0.5 |

2023-01-07 21:55:58,033 - INFO -
| Epoch:    261 | Train loss: 0.1915 | Valid loss: 0.3083 | Train acc: 0.8967 | Valid acc: 0.8033 | patience: 206 | Epoch time: 0.5 |

2023-01-07 21:55:58,562 - INFO -
| Epoch:    262 | Train loss: 0.1861 | Valid loss: 0.3106 | Train acc: 0.8859 | Valid acc: 0.7869 | patience: 207 | Epoch time: 0.5 |

2023-01-07 21:55:59,091 - INFO -
| Epoch:    263 | Train loss: 0.1953 | Valid loss: 0.3177 | Train acc: 0.8967 | Valid acc: 0.7869 | patience: 208 | Epoch time: 0.5 |

2023-01-07 21:55:59,620 - INFO -
| Epoch:    264 | Train loss: 0.1907 | Valid loss: 0.3108 | Train acc: 0.8859 | Valid acc: 0.8033 | patience: 209 | Epoch time: 0.5 |

2023-01-07 21:56:00,149 - INFO -
| Epoch:    265 | Train loss: 0.1917 | Valid loss: 0.2954 | Train acc: 0.8913 | Valid acc: 0.8033 | patience: 210 | Epoch time: 0.5 |

2023-01-07 21:56:00,678 - INFO -
| Epoch:    266 | Train loss: 0.1966 | Valid loss: 0.3048 | Train acc: 0.8913 | Valid acc: 0.8033 | patience: 211 | Epoch time: 0.5 |

2023-01-07 21:56:01,207 - INFO -
| Epoch:    267 | Train loss: 0.1865 | Valid loss: 0.3215 | Train acc: 0.8859 | Valid acc: 0.8033 | patience: 212 | Epoch time: 0.5 |

2023-01-07 21:56:01,735 - INFO -
| Epoch:    268 | Train loss: 0.1957 | Valid loss: 0.3144 | Train acc: 0.8804 | Valid acc: 0.7869 | patience: 213 | Epoch time: 0.5 |

2023-01-07 21:56:02,264 - INFO -
| Epoch:    269 | Train loss: 0.1901 | Valid loss: 0.2934 | Train acc: 0.8859 | Valid acc: 0.8033 | patience: 214 | Epoch time: 0.5 |

2023-01-07 21:56:02,792 - INFO -
| Epoch:    270 | Train loss: 0.1964 | Valid loss: 0.2979 | Train acc: 0.8913 | Valid acc: 0.8033 | patience: 215 | Epoch time: 0.5 |

2023-01-07 21:56:03,320 - INFO -
| Epoch:    271 | Train loss: 0.1868 | Valid loss: 0.3173 | Train acc: 0.8859 | Valid acc: 0.8033 | patience: 216 | Epoch time: 0.5 |

2023-01-07 21:56:03,851 - INFO -
| Epoch:    272 | Train loss: 0.1949 | Valid loss: 0.3168 | Train acc: 0.8859 | Valid acc: 0.7869 | patience: 217 | Epoch time: 0.5 |

2023-01-07 21:56:04,382 - INFO -
| Epoch:    273 | Train loss: 0.1934 | Valid loss: 0.2988 | Train acc: 0.8913 | Valid acc: 0.8033 | patience: 218 | Epoch time: 0.5 |

2023-01-07 21:56:04,912 - INFO -
| Epoch:    274 | Train loss: 0.1911 | Valid loss: 0.2995 | Train acc: 0.8967 | Valid acc: 0.8197 | patience: 219 | Epoch time: 0.5 |

2023-01-07 21:56:05,441 - INFO -
| Epoch:    275 | Train loss: 0.1901 | Valid loss: 0.3052 | Train acc: 0.8804 | Valid acc: 0.8033 | patience: 220 | Epoch time: 0.5 |

2023-01-07 21:56:05,969 - INFO -
| Epoch:    276 | Train loss: 0.1888 | Valid loss: 0.3064 | Train acc: 0.8859 | Valid acc: 0.8033 | patience: 221 | Epoch time: 0.5 |

2023-01-07 21:56:06,497 - INFO -
| Epoch:    277 | Train loss: 0.1869 | Valid loss: 0.3093 | Train acc: 0.8859 | Valid acc: 0.8033 | patience: 222 | Epoch time: 0.5 |

2023-01-07 21:56:07,028 - INFO -
| Epoch:    278 | Train loss: 0.1875 | Valid loss: 0.3084 | Train acc: 0.8859 | Valid acc: 0.8033 | patience: 223 | Epoch time: 0.5 |

2023-01-07 21:56:07,558 - INFO -
| Epoch:    279 | Train loss: 0.1874 | Valid loss: 0.3015 | Train acc: 0.8859 | Valid acc: 0.8033 | patience: 224 | Epoch time: 0.5 |

2023-01-07 21:56:08,087 - INFO -
| Epoch:    280 | Train loss: 0.1863 | Valid loss: 0.3031 | Train acc: 0.8804 | Valid acc: 0.7869 | patience: 225 | Epoch time: 0.5 |

2023-01-07 21:56:08,615 - INFO -
| Epoch:    281 | Train loss: 0.1870 | Valid loss: 0.3135 | Train acc: 0.8913 | Valid acc: 0.8033 | patience: 226 | Epoch time: 0.5 |

2023-01-07 21:56:09,143 - INFO -
| Epoch:    282 | Train loss: 0.1868 | Valid loss: 0.3109 | Train acc: 0.8859 | Valid acc: 0.8033 | patience: 227 | Epoch time: 0.5 |

2023-01-07 21:56:09,672 - INFO -
| Epoch:    283 | Train loss: 0.1852 | Valid loss: 0.3029 | Train acc: 0.8859 | Valid acc: 0.8033 | patience: 228 | Epoch time: 0.5 |

2023-01-07 21:56:10,203 - INFO -
| Epoch:    284 | Train loss: 0.1862 | Valid loss: 0.3044 | Train acc: 0.8859 | Valid acc: 0.8197 | patience: 229 | Epoch time: 0.5 |

2023-01-07 21:56:10,731 - INFO -
| Epoch:    285 | Train loss: 0.1857 | Valid loss: 0.3121 | Train acc: 0.8859 | Valid acc: 0.8033 | patience: 230 | Epoch time: 0.5 |

2023-01-07 21:56:11,259 - INFO -
| Epoch:    286 | Train loss: 0.1854 | Valid loss: 0.3100 | Train acc: 0.8859 | Valid acc: 0.8033 | patience: 231 | Epoch time: 0.5 |

2023-01-07 21:56:11,787 - INFO -
| Epoch:    287 | Train loss: 0.1846 | Valid loss: 0.3038 | Train acc: 0.8859 | Valid acc: 0.8033 | patience: 232 | Epoch time: 0.5 |

2023-01-07 21:56:12,316 - INFO -
| Epoch:    288 | Train loss: 0.1848 | Valid loss: 0.3042 | Train acc: 0.8859 | Valid acc: 0.8197 | patience: 233 | Epoch time: 0.5 |

2023-01-07 21:56:12,843 - INFO -
| Epoch:    289 | Train loss: 0.1856 | Valid loss: 0.3077 | Train acc: 0.8859 | Valid acc: 0.8033 | patience: 234 | Epoch time: 0.5 |

2023-01-07 21:56:13,374 - INFO -
| Epoch:    290 | Train loss: 0.1843 | Valid loss: 0.3127 | Train acc: 0.8859 | Valid acc: 0.8033 | patience: 235 | Epoch time: 0.5 |

2023-01-07 21:56:13,903 - INFO -
| Epoch:    291 | Train loss: 0.1863 | Valid loss: 0.3045 | Train acc: 0.8859 | Valid acc: 0.8033 | patience: 236 | Epoch time: 0.5 |

2023-01-07 21:56:14,431 - INFO -
| Epoch:    292 | Train loss: 0.1843 | Valid loss: 0.3014 | Train acc: 0.8859 | Valid acc: 0.8033 | patience: 237 | Epoch time: 0.5 |

2023-01-07 21:56:14,959 - INFO -
| Epoch:    293 | Train loss: 0.1858 | Valid loss: 0.3098 | Train acc: 0.8859 | Valid acc: 0.8033 | patience: 238 | Epoch time: 0.5 |

2023-01-07 21:56:15,488 - INFO -
| Epoch:    294 | Train loss: 0.1841 | Valid loss: 0.3090 | Train acc: 0.8859 | Valid acc: 0.8033 | patience: 239 | Epoch time: 0.5 |

2023-01-07 21:56:16,016 - INFO -
| Epoch:    295 | Train loss: 0.1839 | Valid loss: 0.3063 | Train acc: 0.8804 | Valid acc: 0.8033 | patience: 240 | Epoch time: 0.5 |

2023-01-07 21:56:16,546 - INFO -
| Epoch:    296 | Train loss: 0.1838 | Valid loss: 0.3076 | Train acc: 0.8804 | Valid acc: 0.8033 | patience: 241 | Epoch time: 0.5 |

2023-01-07 21:56:17,074 - INFO -
| Epoch:    297 | Train loss: 0.1837 | Valid loss: 0.3073 | Train acc: 0.8750 | Valid acc: 0.8033 | patience: 242 | Epoch time: 0.5 |

2023-01-07 21:56:17,603 - INFO -
| Epoch:    298 | Train loss: 0.1835 | Valid loss: 0.3057 | Train acc: 0.8750 | Valid acc: 0.8197 | patience: 243 | Epoch time: 0.5 |

2023-01-07 21:56:18,131 - INFO -
| Epoch:    299 | Train loss: 0.1833 | Valid loss: 0.3061 | Train acc: 0.8804 | Valid acc: 0.8197 | patience: 244 | Epoch time: 0.5 |

2023-01-07 21:56:18,660 - INFO -
| Epoch:    300 | Train loss: 0.1836 | Valid loss: 0.3046 | Train acc: 0.8804 | Valid acc: 0.8033 | patience: 245 | Epoch time: 0.5 |

2023-01-07 21:56:19,188 - INFO -
| Epoch:    301 | Train loss: 0.1842 | Valid loss: 0.3027 | Train acc: 0.8804 | Valid acc: 0.8033 | patience: 246 | Epoch time: 0.5 |

2023-01-07 21:56:19,716 - INFO -
| Epoch:    302 | Train loss: 0.1841 | Valid loss: 0.3065 | Train acc: 0.8859 | Valid acc: 0.8033 | patience: 247 | Epoch time: 0.5 |

2023-01-07 21:56:20,245 - INFO -
| Epoch:    303 | Train loss: 0.1838 | Valid loss: 0.3060 | Train acc: 0.8804 | Valid acc: 0.8197 | patience: 248 | Epoch time: 0.5 |

2023-01-07 21:56:20,775 - INFO -
| Epoch:    304 | Train loss: 0.1832 | Valid loss: 0.3073 | Train acc: 0.8859 | Valid acc: 0.8033 | patience: 249 | Epoch time: 0.5 |

2023-01-07 21:56:21,304 - INFO -
| Epoch:    305 | Train loss: 0.1835 | Valid loss: 0.3114 | Train acc: 0.8804 | Valid acc: 0.8033 | patience: 250 | Epoch time: 0.5 |

2023-01-07 21:56:21,833 - INFO -
| Epoch:    306 | Train loss: 0.1842 | Valid loss: 0.3093 | Train acc: 0.8750 | Valid acc: 0.8033 | patience: 251 | Epoch time: 0.5 |

2023-01-07 21:56:22,361 - INFO -
| Epoch:    307 | Train loss: 0.1847 | Valid loss: 0.3104 | Train acc: 0.8859 | Valid acc: 0.8033 | patience: 252 | Epoch time: 0.5 |

2023-01-07 21:56:22,891 - INFO -
| Epoch:    308 | Train loss: 0.1853 | Valid loss: 0.3071 | Train acc: 0.8804 | Valid acc: 0.8033 | patience: 253 | Epoch time: 0.5 |

2023-01-07 21:56:23,419 - INFO -
| Epoch:    309 | Train loss: 0.1844 | Valid loss: 0.3099 | Train acc: 0.8859 | Valid acc: 0.8197 | patience: 254 | Epoch time: 0.5 |

2023-01-07 21:56:23,948 - INFO -
| Epoch:    310 | Train loss: 0.1837 | Valid loss: 0.3103 | Train acc: 0.8859 | Valid acc: 0.8033 | patience: 255 | Epoch time: 0.5 |

2023-01-07 21:56:24,476 - INFO -
| Epoch:    311 | Train loss: 0.1838 | Valid loss: 0.3031 | Train acc: 0.8804 | Valid acc: 0.7869 | patience: 256 | Epoch time: 0.5 |

2023-01-07 21:56:25,004 - INFO -
| Epoch:    312 | Train loss: 0.1844 | Valid loss: 0.3070 | Train acc: 0.8859 | Valid acc: 0.8197 | patience: 257 | Epoch time: 0.5 |

2023-01-07 21:56:25,531 - INFO -
| Epoch:    313 | Train loss: 0.1831 | Valid loss: 0.3094 | Train acc: 0.8859 | Valid acc: 0.8033 | patience: 258 | Epoch time: 0.5 |

2023-01-07 21:56:26,061 - INFO -
| Epoch:    314 | Train loss: 0.1854 | Valid loss: 0.3050 | Train acc: 0.8859 | Valid acc: 0.7869 | patience: 259 | Epoch time: 0.5 |

2023-01-07 21:56:26,591 - INFO -
| Epoch:    315 | Train loss: 0.1878 | Valid loss: 0.3083 | Train acc: 0.8913 | Valid acc: 0.8033 | patience: 260 | Epoch time: 0.5 |

2023-01-07 21:56:27,119 - INFO -
| Epoch:    316 | Train loss: 0.1840 | Valid loss: 0.3088 | Train acc: 0.8859 | Valid acc: 0.8197 | patience: 261 | Epoch time: 0.5 |

2023-01-07 21:56:27,647 - INFO -
| Epoch:    317 | Train loss: 0.1832 | Valid loss: 0.3096 | Train acc: 0.8859 | Valid acc: 0.8033 | patience: 262 | Epoch time: 0.5 |

2023-01-07 21:56:28,175 - INFO -
| Epoch:    318 | Train loss: 0.1831 | Valid loss: 0.3086 | Train acc: 0.8804 | Valid acc: 0.8033 | patience: 263 | Epoch time: 0.5 |

2023-01-07 21:56:28,703 - INFO -
| Epoch:    319 | Train loss: 0.1832 | Valid loss: 0.3090 | Train acc: 0.8804 | Valid acc: 0.8033 | patience: 264 | Epoch time: 0.5 |

2023-01-07 21:56:29,232 - INFO -
| Epoch:    320 | Train loss: 0.1836 | Valid loss: 0.3086 | Train acc: 0.8859 | Valid acc: 0.8033 | patience: 265 | Epoch time: 0.5 |

2023-01-07 21:56:29,760 - INFO -
| Epoch:    321 | Train loss: 0.1831 | Valid loss: 0.3044 | Train acc: 0.8804 | Valid acc: 0.8033 | patience: 266 | Epoch time: 0.5 |

2023-01-07 21:56:30,288 - INFO -
| Epoch:    322 | Train loss: 0.1836 | Valid loss: 0.3082 | Train acc: 0.8859 | Valid acc: 0.8033 | patience: 267 | Epoch time: 0.5 |

2023-01-07 21:56:30,816 - INFO -
| Epoch:    323 | Train loss: 0.1831 | Valid loss: 0.3062 | Train acc: 0.8804 | Valid acc: 0.8033 | patience: 268 | Epoch time: 0.5 |

2023-01-07 21:56:31,344 - INFO -
| Epoch:    324 | Train loss: 0.1829 | Valid loss: 0.3069 | Train acc: 0.8750 | Valid acc: 0.8033 | patience: 269 | Epoch time: 0.5 |

2023-01-07 21:56:31,872 - INFO -
| Epoch:    325 | Train loss: 0.1843 | Valid loss: 0.3091 | Train acc: 0.8859 | Valid acc: 0.8033 | patience: 270 | Epoch time: 0.5 |

2023-01-07 21:56:32,400 - INFO -
| Epoch:    326 | Train loss: 0.1841 | Valid loss: 0.3017 | Train acc: 0.8859 | Valid acc: 0.8033 | patience: 271 | Epoch time: 0.5 |

2023-01-07 21:56:32,929 - INFO -
| Epoch:    327 | Train loss: 0.1843 | Valid loss: 0.3049 | Train acc: 0.8859 | Valid acc: 0.8033 | patience: 272 | Epoch time: 0.5 |

2023-01-07 21:56:33,458 - INFO -
| Epoch:    328 | Train loss: 0.1835 | Valid loss: 0.3109 | Train acc: 0.8859 | Valid acc: 0.8033 | patience: 273 | Epoch time: 0.5 |

2023-01-07 21:56:33,987 - INFO -
| Epoch:    329 | Train loss: 0.1859 | Valid loss: 0.3035 | Train acc: 0.8859 | Valid acc: 0.8197 | patience: 274 | Epoch time: 0.5 |

2023-01-07 21:56:34,516 - INFO -
| Epoch:    330 | Train loss: 0.1830 | Valid loss: 0.3025 | Train acc: 0.8859 | Valid acc: 0.7869 | patience: 275 | Epoch time: 0.5 |

2023-01-07 21:56:35,044 - INFO -
| Epoch:    331 | Train loss: 0.1850 | Valid loss: 0.3075 | Train acc: 0.8859 | Valid acc: 0.8033 | patience: 276 | Epoch time: 0.5 |

2023-01-07 21:56:35,574 - INFO -
| Epoch:    332 | Train loss: 0.1859 | Valid loss: 0.3043 | Train acc: 0.8859 | Valid acc: 0.8033 | patience: 277 | Epoch time: 0.5 |

2023-01-07 21:56:36,103 - INFO -
| Epoch:    333 | Train loss: 0.1847 | Valid loss: 0.3046 | Train acc: 0.8859 | Valid acc: 0.8033 | patience: 278 | Epoch time: 0.5 |

2023-01-07 21:56:36,633 - INFO -
| Epoch:    334 | Train loss: 0.1828 | Valid loss: 0.3064 | Train acc: 0.8804 | Valid acc: 0.8033 | patience: 279 | Epoch time: 0.5 |

2023-01-07 21:56:37,162 - INFO -
| Epoch:    335 | Train loss: 0.1841 | Valid loss: 0.3007 | Train acc: 0.8804 | Valid acc: 0.7869 | patience: 280 | Epoch time: 0.5 |

2023-01-07 21:56:37,690 - INFO -
| Epoch:    336 | Train loss: 0.1875 | Valid loss: 0.3083 | Train acc: 0.8967 | Valid acc: 0.8033 | patience: 281 | Epoch time: 0.5 |

2023-01-07 21:56:38,219 - INFO -
| Epoch:    337 | Train loss: 0.1867 | Valid loss: 0.3121 | Train acc: 0.8859 | Valid acc: 0.8033 | patience: 282 | Epoch time: 0.5 |

2023-01-07 21:56:38,748 - INFO -
| Epoch:    338 | Train loss: 0.1844 | Valid loss: 0.3079 | Train acc: 0.8859 | Valid acc: 0.7869 | patience: 283 | Epoch time: 0.5 |

2023-01-07 21:56:39,277 - INFO -
| Epoch:    339 | Train loss: 0.1888 | Valid loss: 0.3109 | Train acc: 0.8859 | Valid acc: 0.7869 | patience: 284 | Epoch time: 0.5 |

2023-01-07 21:56:39,806 - INFO -
| Epoch:    340 | Train loss: 0.1879 | Valid loss: 0.3102 | Train acc: 0.8859 | Valid acc: 0.8033 | patience: 285 | Epoch time: 0.5 |

2023-01-07 21:56:40,334 - INFO -
| Epoch:    341 | Train loss: 0.1858 | Valid loss: 0.3115 | Train acc: 0.8859 | Valid acc: 0.7869 | patience: 286 | Epoch time: 0.5 |

2023-01-07 21:56:40,862 - INFO -
| Epoch:    342 | Train loss: 0.1924 | Valid loss: 0.3139 | Train acc: 0.8913 | Valid acc: 0.8033 | patience: 287 | Epoch time: 0.5 |

2023-01-07 21:56:41,390 - INFO -
| Epoch:    343 | Train loss: 0.1853 | Valid loss: 0.3079 | Train acc: 0.8859 | Valid acc: 0.8033 | patience: 288 | Epoch time: 0.5 |

2023-01-07 21:56:41,919 - INFO -
| Epoch:    344 | Train loss: 0.1858 | Valid loss: 0.3009 | Train acc: 0.8859 | Valid acc: 0.7869 | patience: 289 | Epoch time: 0.5 |

2023-01-07 21:56:42,447 - INFO -
| Epoch:    345 | Train loss: 0.1854 | Valid loss: 0.3077 | Train acc: 0.8859 | Valid acc: 0.7869 | patience: 290 | Epoch time: 0.5 |

2023-01-07 21:56:42,975 - INFO -
| Epoch:    346 | Train loss: 0.1873 | Valid loss: 0.3161 | Train acc: 0.8859 | Valid acc: 0.7869 | patience: 291 | Epoch time: 0.5 |

2023-01-07 21:56:43,503 - INFO -
| Epoch:    347 | Train loss: 0.1901 | Valid loss: 0.3084 | Train acc: 0.8913 | Valid acc: 0.8033 | patience: 292 | Epoch time: 0.5 |

2023-01-07 21:56:44,032 - INFO -
| Epoch:    348 | Train loss: 0.1874 | Valid loss: 0.2961 | Train acc: 0.8859 | Valid acc: 0.8033 | patience: 293 | Epoch time: 0.5 |

2023-01-07 21:56:44,561 - INFO -
| Epoch:    349 | Train loss: 0.1947 | Valid loss: 0.3030 | Train acc: 0.8967 | Valid acc: 0.8033 | patience: 294 | Epoch time: 0.5 |

2023-01-07 21:56:45,089 - INFO -
| Epoch:    350 | Train loss: 0.1830 | Valid loss: 0.3141 | Train acc: 0.8750 | Valid acc: 0.7869 | patience: 295 | Epoch time: 0.5 |

2023-01-07 21:56:45,617 - INFO -
| Epoch:    351 | Train loss: 0.1905 | Valid loss: 0.3100 | Train acc: 0.8859 | Valid acc: 0.8033 | patience: 296 | Epoch time: 0.5 |

2023-01-07 21:56:46,146 - INFO -
| Epoch:    352 | Train loss: 0.1864 | Valid loss: 0.3048 | Train acc: 0.8859 | Valid acc: 0.7869 | patience: 297 | Epoch time: 0.5 |

2023-01-07 21:56:46,674 - INFO -
| Epoch:    353 | Train loss: 0.1872 | Valid loss: 0.3066 | Train acc: 0.8859 | Valid acc: 0.8033 | patience: 298 | Epoch time: 0.5 |

2023-01-07 21:56:47,203 - INFO -
| Epoch:    354 | Train loss: 0.1864 | Valid loss: 0.3106 | Train acc: 0.8859 | Valid acc: 0.8033 | patience: 299 | Epoch time: 0.5 |

2023-01-07 21:56:47,732 - INFO -
| Epoch:    355 | Train loss: 0.1850 | Valid loss: 0.3090 | Train acc: 0.8859 | Valid acc: 0.7869 | patience: 300 | Epoch time: 0.5 |

2023-01-07 21:56:48,262 - INFO -
| Epoch:    356 | Train loss: 0.1870 | Valid loss: 0.3066 | Train acc: 0.8859 | Valid acc: 0.8197 | patience: 301 | Epoch time: 0.5 |

2023-01-07 21:56:48,790 - INFO -
| Epoch:    357 | Train loss: 0.1834 | Valid loss: 0.3069 | Train acc: 0.8859 | Valid acc: 0.8033 | patience: 302 | Epoch time: 0.5 |

2023-01-07 21:56:49,318 - INFO -
| Epoch:    358 | Train loss: 0.1871 | Valid loss: 0.3052 | Train acc: 0.8859 | Valid acc: 0.8197 | patience: 303 | Epoch time: 0.5 |

2023-01-07 21:56:49,846 - INFO -
| Epoch:    359 | Train loss: 0.1835 | Valid loss: 0.3066 | Train acc: 0.8859 | Valid acc: 0.8033 | patience: 304 | Epoch time: 0.5 |

2023-01-07 21:56:50,374 - INFO -
| Epoch:    360 | Train loss: 0.1842 | Valid loss: 0.3018 | Train acc: 0.8804 | Valid acc: 0.8033 | patience: 305 | Epoch time: 0.5 |

2023-01-07 21:56:50,901 - INFO -
| Epoch:    361 | Train loss: 0.1837 | Valid loss: 0.3029 | Train acc: 0.8804 | Valid acc: 0.8033 | patience: 306 | Epoch time: 0.5 |

2023-01-07 21:56:51,430 - INFO -
| Epoch:    362 | Train loss: 0.1847 | Valid loss: 0.3043 | Train acc: 0.8804 | Valid acc: 0.7869 | patience: 307 | Epoch time: 0.5 |

2023-01-07 21:56:51,958 - INFO -
| Epoch:    363 | Train loss: 0.1846 | Valid loss: 0.3115 | Train acc: 0.8859 | Valid acc: 0.8197 | patience: 308 | Epoch time: 0.5 |

2023-01-07 21:56:52,486 - INFO -
| Epoch:    364 | Train loss: 0.1854 | Valid loss: 0.3071 | Train acc: 0.8859 | Valid acc: 0.8033 | patience: 309 | Epoch time: 0.5 |

2023-01-07 21:56:53,015 - INFO -
| Epoch:    365 | Train loss: 0.1834 | Valid loss: 0.3029 | Train acc: 0.8750 | Valid acc: 0.7869 | patience: 310 | Epoch time: 0.5 |

2023-01-07 21:56:53,543 - INFO -
| Epoch:    366 | Train loss: 0.1856 | Valid loss: 0.3097 | Train acc: 0.8859 | Valid acc: 0.8033 | patience: 311 | Epoch time: 0.5 |

2023-01-07 21:56:54,070 - INFO -
| Epoch:    367 | Train loss: 0.1833 | Valid loss: 0.3182 | Train acc: 0.8859 | Valid acc: 0.7869 | patience: 312 | Epoch time: 0.5 |

2023-01-07 21:56:54,600 - INFO -
| Epoch:    368 | Train loss: 0.1879 | Valid loss: 0.3129 | Train acc: 0.8859 | Valid acc: 0.8197 | patience: 313 | Epoch time: 0.5 |

2023-01-07 21:56:55,128 - INFO -
| Epoch:    369 | Train loss: 0.1846 | Valid loss: 0.3035 | Train acc: 0.8859 | Valid acc: 0.7869 | patience: 314 | Epoch time: 0.5 |

2023-01-07 21:56:55,656 - INFO -
| Epoch:    370 | Train loss: 0.1851 | Valid loss: 0.3063 | Train acc: 0.8859 | Valid acc: 0.8033 | patience: 315 | Epoch time: 0.5 |

2023-01-07 21:56:56,183 - INFO -
| Epoch:    371 | Train loss: 0.1852 | Valid loss: 0.3128 | Train acc: 0.8859 | Valid acc: 0.8033 | patience: 316 | Epoch time: 0.5 |

2023-01-07 21:56:56,710 - INFO -
| Epoch:    372 | Train loss: 0.1851 | Valid loss: 0.3139 | Train acc: 0.8859 | Valid acc: 0.8033 | patience: 317 | Epoch time: 0.5 |

2023-01-07 21:56:57,238 - INFO -
| Epoch:    373 | Train loss: 0.1858 | Valid loss: 0.3072 | Train acc: 0.8859 | Valid acc: 0.8197 | patience: 318 | Epoch time: 0.5 |

2023-01-07 21:56:57,768 - INFO -
| Epoch:    374 | Train loss: 0.1832 | Valid loss: 0.3075 | Train acc: 0.8859 | Valid acc: 0.8033 | patience: 319 | Epoch time: 0.5 |

2023-01-07 21:56:58,296 - INFO -
| Epoch:    375 | Train loss: 0.1880 | Valid loss: 0.3070 | Train acc: 0.8859 | Valid acc: 0.8033 | patience: 320 | Epoch time: 0.5 |

2023-01-07 21:56:58,825 - INFO -
| Epoch:    376 | Train loss: 0.1834 | Valid loss: 0.3120 | Train acc: 0.8859 | Valid acc: 0.8197 | patience: 321 | Epoch time: 0.5 |

2023-01-07 21:56:59,353 - INFO -
| Epoch:    377 | Train loss: 0.1842 | Valid loss: 0.3120 | Train acc: 0.8859 | Valid acc: 0.8033 | patience: 322 | Epoch time: 0.5 |

2023-01-07 21:56:59,881 - INFO -
| Epoch:    378 | Train loss: 0.1836 | Valid loss: 0.3048 | Train acc: 0.8859 | Valid acc: 0.8197 | patience: 323 | Epoch time: 0.5 |

2023-01-07 21:57:00,409 - INFO -
| Epoch:    379 | Train loss: 0.1838 | Valid loss: 0.3045 | Train acc: 0.8859 | Valid acc: 0.8033 | patience: 324 | Epoch time: 0.5 |

2023-01-07 21:57:00,936 - INFO -
| Epoch:    380 | Train loss: 0.1836 | Valid loss: 0.3112 | Train acc: 0.8859 | Valid acc: 0.8033 | patience: 325 | Epoch time: 0.5 |

2023-01-07 21:57:01,465 - INFO -
| Epoch:    381 | Train loss: 0.1833 | Valid loss: 0.3101 | Train acc: 0.8804 | Valid acc: 0.8033 | patience: 326 | Epoch time: 0.5 |

2023-01-07 21:57:01,993 - INFO -
| Epoch:    382 | Train loss: 0.1827 | Valid loss: 0.3056 | Train acc: 0.8804 | Valid acc: 0.7869 | patience: 327 | Epoch time: 0.5 |

2023-01-07 21:57:02,522 - INFO -
| Epoch:    383 | Train loss: 0.1834 | Valid loss: 0.3083 | Train acc: 0.8859 | Valid acc: 0.8033 | patience: 328 | Epoch time: 0.5 |

2023-01-07 21:57:03,051 - INFO -
| Epoch:    384 | Train loss: 0.1826 | Valid loss: 0.3143 | Train acc: 0.8859 | Valid acc: 0.8033 | patience: 329 | Epoch time: 0.5 |

2023-01-07 21:57:03,579 - INFO -
| Epoch:    385 | Train loss: 0.1842 | Valid loss: 0.3078 | Train acc: 0.8859 | Valid acc: 0.7869 | patience: 330 | Epoch time: 0.5 |

2023-01-07 21:57:04,108 - INFO -
| Epoch:    386 | Train loss: 0.1849 | Valid loss: 0.3080 | Train acc: 0.8859 | Valid acc: 0.8197 | patience: 331 | Epoch time: 0.5 |

2023-01-07 21:57:04,636 - INFO -
| Epoch:    387 | Train loss: 0.1837 | Valid loss: 0.3111 | Train acc: 0.8859 | Valid acc: 0.8033 | patience: 332 | Epoch time: 0.5 |

2023-01-07 21:57:05,165 - INFO -
| Epoch:    388 | Train loss: 0.1827 | Valid loss: 0.3105 | Train acc: 0.8804 | Valid acc: 0.8033 | patience: 333 | Epoch time: 0.5 |

2023-01-07 21:57:05,694 - INFO -
| Epoch:    389 | Train loss: 0.1831 | Valid loss: 0.3111 | Train acc: 0.8859 | Valid acc: 0.8033 | patience: 334 | Epoch time: 0.5 |

2023-01-07 21:57:06,222 - INFO -
| Epoch:    390 | Train loss: 0.1831 | Valid loss: 0.3048 | Train acc: 0.8804 | Valid acc: 0.8033 | patience: 335 | Epoch time: 0.5 |

2023-01-07 21:57:06,753 - INFO -
| Epoch:    391 | Train loss: 0.1835 | Valid loss: 0.3092 | Train acc: 0.8859 | Valid acc: 0.8033 | patience: 336 | Epoch time: 0.5 |

2023-01-07 21:57:07,282 - INFO -
| Epoch:    392 | Train loss: 0.1829 | Valid loss: 0.3121 | Train acc: 0.8859 | Valid acc: 0.8033 | patience: 337 | Epoch time: 0.5 |

2023-01-07 21:57:07,810 - INFO -
| Epoch:    393 | Train loss: 0.1832 | Valid loss: 0.3052 | Train acc: 0.8804 | Valid acc: 0.8033 | patience: 338 | Epoch time: 0.5 |

2023-01-07 21:57:08,338 - INFO -
| Epoch:    394 | Train loss: 0.1829 | Valid loss: 0.3077 | Train acc: 0.8859 | Valid acc: 0.8033 | patience: 339 | Epoch time: 0.5 |

2023-01-07 21:57:08,866 - INFO -
| Epoch:    395 | Train loss: 0.1828 | Valid loss: 0.3120 | Train acc: 0.8859 | Valid acc: 0.8033 | patience: 340 | Epoch time: 0.5 |

2023-01-07 21:57:09,395 - INFO -
| Epoch:    396 | Train loss: 0.1852 | Valid loss: 0.3069 | Train acc: 0.8859 | Valid acc: 0.7869 | patience: 341 | Epoch time: 0.5 |

2023-01-07 21:57:09,924 - INFO -
| Epoch:    397 | Train loss: 0.1836 | Valid loss: 0.3076 | Train acc: 0.8859 | Valid acc: 0.8033 | patience: 342 | Epoch time: 0.5 |

2023-01-07 21:57:10,453 - INFO -
| Epoch:    398 | Train loss: 0.1827 | Valid loss: 0.3108 | Train acc: 0.8859 | Valid acc: 0.8033 | patience: 343 | Epoch time: 0.5 |

2023-01-07 21:57:10,980 - INFO -
| Epoch:    399 | Train loss: 0.1827 | Valid loss: 0.3102 | Train acc: 0.8859 | Valid acc: 0.8033 | patience: 344 | Epoch time: 0.5 |

2023-01-07 21:57:11,509 - INFO -
| Epoch:    400 | Train loss: 0.1837 | Valid loss: 0.3101 | Train acc: 0.8859 | Valid acc: 0.8033 | patience: 345 | Epoch time: 0.5 |

2023-01-07 21:57:12,037 - INFO -
| Epoch:    401 | Train loss: 0.1829 | Valid loss: 0.3060 | Train acc: 0.8859 | Valid acc: 0.8033 | patience: 346 | Epoch time: 0.5 |

2023-01-07 21:57:12,566 - INFO -
| Epoch:    402 | Train loss: 0.1828 | Valid loss: 0.3060 | Train acc: 0.8859 | Valid acc: 0.7869 | patience: 347 | Epoch time: 0.5 |

2023-01-07 21:57:13,094 - INFO -
| Epoch:    403 | Train loss: 0.1863 | Valid loss: 0.3166 | Train acc: 0.8859 | Valid acc: 0.7869 | patience: 348 | Epoch time: 0.5 |

2023-01-07 21:57:13,622 - INFO -
| Epoch:    404 | Train loss: 0.1875 | Valid loss: 0.3106 | Train acc: 0.9022 | Valid acc: 0.8033 | patience: 349 | Epoch time: 0.5 |

2023-01-07 21:57:14,150 - INFO -
| Epoch:    405 | Train loss: 0.1831 | Valid loss: 0.3003 | Train acc: 0.8804 | Valid acc: 0.7869 | patience: 350 | Epoch time: 0.5 |

2023-01-07 21:57:14,678 - INFO -
| Epoch:    406 | Train loss: 0.1870 | Valid loss: 0.3110 | Train acc: 0.8967 | Valid acc: 0.8033 | patience: 351 | Epoch time: 0.5 |

2023-01-07 21:57:15,205 - INFO -
| Epoch:    407 | Train loss: 0.1888 | Valid loss: 0.3089 | Train acc: 0.8804 | Valid acc: 0.8033 | patience: 352 | Epoch time: 0.5 |

2023-01-07 21:57:15,734 - INFO -
| Epoch:    408 | Train loss: 0.1834 | Valid loss: 0.3109 | Train acc: 0.8750 | Valid acc: 0.7705 | patience: 353 | Epoch time: 0.5 |

2023-01-07 21:57:16,262 - INFO -
| Epoch:    409 | Train loss: 0.1920 | Valid loss: 0.3198 | Train acc: 0.8913 | Valid acc: 0.8033 | patience: 354 | Epoch time: 0.5 |

2023-01-07 21:57:16,791 - INFO -
| Epoch:    410 | Train loss: 0.1871 | Valid loss: 0.3127 | Train acc: 0.8859 | Valid acc: 0.8033 | patience: 355 | Epoch time: 0.5 |

2023-01-07 21:57:17,318 - INFO -
| Epoch:    411 | Train loss: 0.1858 | Valid loss: 0.3002 | Train acc: 0.8859 | Valid acc: 0.8033 | patience: 356 | Epoch time: 0.5 |

2023-01-07 21:57:17,846 - INFO -
| Epoch:    412 | Train loss: 0.1929 | Valid loss: 0.3101 | Train acc: 0.8967 | Valid acc: 0.8033 | patience: 357 | Epoch time: 0.5 |

2023-01-07 21:57:18,374 - INFO -
| Epoch:    413 | Train loss: 0.1871 | Valid loss: 0.3174 | Train acc: 0.8804 | Valid acc: 0.7869 | patience: 358 | Epoch time: 0.5 |

2023-01-07 21:57:18,902 - INFO -
| Epoch:    414 | Train loss: 0.1860 | Valid loss: 0.3117 | Train acc: 0.8913 | Valid acc: 0.8033 | patience: 359 | Epoch time: 0.5 |

2023-01-07 21:57:19,430 - INFO -
| Epoch:    415 | Train loss: 0.1846 | Valid loss: 0.3089 | Train acc: 0.8859 | Valid acc: 0.8033 | patience: 360 | Epoch time: 0.5 |

2023-01-07 21:57:19,959 - INFO -
| Epoch:    416 | Train loss: 0.1831 | Valid loss: 0.3117 | Train acc: 0.8859 | Valid acc: 0.8033 | patience: 361 | Epoch time: 0.5 |

2023-01-07 21:57:20,488 - INFO -
| Epoch:    417 | Train loss: 0.1877 | Valid loss: 0.3058 | Train acc: 0.8859 | Valid acc: 0.8033 | patience: 362 | Epoch time: 0.5 |

2023-01-07 21:57:21,017 - INFO -
| Epoch:    418 | Train loss: 0.1832 | Valid loss: 0.3115 | Train acc: 0.8859 | Valid acc: 0.7705 | patience: 363 | Epoch time: 0.5 |

2023-01-07 21:57:21,544 - INFO -
| Epoch:    419 | Train loss: 0.1896 | Valid loss: 0.3215 | Train acc: 0.8859 | Valid acc: 0.7869 | patience: 364 | Epoch time: 0.5 |

2023-01-07 21:57:22,073 - INFO -
| Epoch:    420 | Train loss: 0.1884 | Valid loss: 0.3130 | Train acc: 0.8913 | Valid acc: 0.8033 | patience: 365 | Epoch time: 0.5 |

2023-01-07 21:57:22,601 - INFO -
| Epoch:    421 | Train loss: 0.1854 | Valid loss: 0.2976 | Train acc: 0.8859 | Valid acc: 0.8033 | patience: 366 | Epoch time: 0.5 |

2023-01-07 21:57:23,130 - INFO -
| Epoch:    422 | Train loss: 0.1971 | Valid loss: 0.3092 | Train acc: 0.8967 | Valid acc: 0.8033 | patience: 367 | Epoch time: 0.5 |

2023-01-07 21:57:23,658 - INFO -
| Epoch:    423 | Train loss: 0.1854 | Valid loss: 0.3232 | Train acc: 0.8804 | Valid acc: 0.7869 | patience: 368 | Epoch time: 0.5 |

2023-01-07 21:57:24,187 - INFO -
| Epoch:    424 | Train loss: 0.1901 | Valid loss: 0.3168 | Train acc: 0.8913 | Valid acc: 0.7705 | patience: 369 | Epoch time: 0.5 |

2023-01-07 21:57:24,714 - INFO -
| Epoch:    425 | Train loss: 0.1911 | Valid loss: 0.3105 | Train acc: 0.8859 | Valid acc: 0.8033 | patience: 370 | Epoch time: 0.5 |

2023-01-07 21:57:25,242 - INFO -
| Epoch:    426 | Train loss: 0.1825 | Valid loss: 0.3195 | Train acc: 0.8859 | Valid acc: 0.7869 | patience: 371 | Epoch time: 0.5 |

2023-01-07 21:57:25,770 - INFO -
| Epoch:    427 | Train loss: 0.1943 | Valid loss: 0.3034 | Train acc: 0.8967 | Valid acc: 0.8033 | patience: 372 | Epoch time: 0.5 |

2023-01-07 21:57:26,299 - INFO -
| Epoch:    428 | Train loss: 0.1845 | Valid loss: 0.3101 | Train acc: 0.8859 | Valid acc: 0.7869 | patience: 373 | Epoch time: 0.5 |

2023-01-07 21:57:26,828 - INFO -
| Epoch:    429 | Train loss: 0.2000 | Valid loss: 0.3221 | Train acc: 0.8967 | Valid acc: 0.7705 | patience: 374 | Epoch time: 0.5 |

2023-01-07 21:57:27,357 - INFO -
| Epoch:    430 | Train loss: 0.1913 | Valid loss: 0.3216 | Train acc: 0.8913 | Valid acc: 0.7705 | patience: 375 | Epoch time: 0.5 |

2023-01-07 21:57:27,884 - INFO -
| Epoch:    431 | Train loss: 0.1939 | Valid loss: 0.3041 | Train acc: 0.8913 | Valid acc: 0.8033 | patience: 376 | Epoch time: 0.5 |

2023-01-07 21:57:28,412 - INFO -
| Epoch:    432 | Train loss: 0.1893 | Valid loss: 0.3024 | Train acc: 0.8913 | Valid acc: 0.8033 | patience: 377 | Epoch time: 0.5 |

2023-01-07 21:57:28,940 - INFO -
| Epoch:    433 | Train loss: 0.1886 | Valid loss: 0.3209 | Train acc: 0.8913 | Valid acc: 0.7705 | patience: 378 | Epoch time: 0.5 |

2023-01-07 21:57:29,469 - INFO -
| Epoch:    434 | Train loss: 0.1916 | Valid loss: 0.3213 | Train acc: 0.8967 | Valid acc: 0.7869 | patience: 379 | Epoch time: 0.5 |

2023-01-07 21:57:29,997 - INFO -
| Epoch:    435 | Train loss: 0.1876 | Valid loss: 0.3121 | Train acc: 0.8967 | Valid acc: 0.7869 | patience: 380 | Epoch time: 0.5 |

2023-01-07 21:57:30,526 - INFO -
| Epoch:    436 | Train loss: 0.1906 | Valid loss: 0.3081 | Train acc: 0.8913 | Valid acc: 0.8033 | patience: 381 | Epoch time: 0.5 |

2023-01-07 21:57:31,053 - INFO -
| Epoch:    437 | Train loss: 0.1841 | Valid loss: 0.3155 | Train acc: 0.8750 | Valid acc: 0.8033 | patience: 382 | Epoch time: 0.5 |

2023-01-07 21:57:31,581 - INFO -
| Epoch:    438 | Train loss: 0.1896 | Valid loss: 0.3084 | Train acc: 0.8967 | Valid acc: 0.7869 | patience: 383 | Epoch time: 0.5 |

2023-01-07 21:57:32,110 - INFO -
| Epoch:    439 | Train loss: 0.1837 | Valid loss: 0.3123 | Train acc: 0.8859 | Valid acc: 0.7869 | patience: 384 | Epoch time: 0.5 |

2023-01-07 21:57:32,638 - INFO -
| Epoch:    440 | Train loss: 0.1874 | Valid loss: 0.3188 | Train acc: 0.8859 | Valid acc: 0.7869 | patience: 385 | Epoch time: 0.5 |

2023-01-07 21:57:33,166 - INFO -
| Epoch:    441 | Train loss: 0.1866 | Valid loss: 0.3113 | Train acc: 0.8967 | Valid acc: 0.8033 | patience: 386 | Epoch time: 0.5 |

2023-01-07 21:57:33,695 - INFO -
| Epoch:    442 | Train loss: 0.1833 | Valid loss: 0.3023 | Train acc: 0.8804 | Valid acc: 0.8033 | patience: 387 | Epoch time: 0.5 |

2023-01-07 21:57:34,222 - INFO -
| Epoch:    443 | Train loss: 0.1874 | Valid loss: 0.3102 | Train acc: 0.8913 | Valid acc: 0.8033 | patience: 388 | Epoch time: 0.5 |

2023-01-07 21:57:34,749 - INFO -
| Epoch:    444 | Train loss: 0.1833 | Valid loss: 0.3191 | Train acc: 0.8859 | Valid acc: 0.7869 | patience: 389 | Epoch time: 0.5 |

2023-01-07 21:57:35,278 - INFO -
| Epoch:    445 | Train loss: 0.1857 | Valid loss: 0.3136 | Train acc: 0.8967 | Valid acc: 0.7869 | patience: 390 | Epoch time: 0.5 |

2023-01-07 21:57:35,807 - INFO -
| Epoch:    446 | Train loss: 0.1847 | Valid loss: 0.3123 | Train acc: 0.8859 | Valid acc: 0.7869 | patience: 391 | Epoch time: 0.5 |

2023-01-07 21:57:36,336 - INFO -
| Epoch:    447 | Train loss: 0.1852 | Valid loss: 0.3155 | Train acc: 0.8859 | Valid acc: 0.8033 | patience: 392 | Epoch time: 0.5 |

2023-01-07 21:57:36,864 - INFO -
| Epoch:    448 | Train loss: 0.1843 | Valid loss: 0.3162 | Train acc: 0.8859 | Valid acc: 0.8033 | patience: 393 | Epoch time: 0.5 |

2023-01-07 21:57:37,393 - INFO -
| Epoch:    449 | Train loss: 0.1842 | Valid loss: 0.3152 | Train acc: 0.8859 | Valid acc: 0.7869 | patience: 394 | Epoch time: 0.5 |

2023-01-07 21:57:37,924 - INFO -
| Epoch:    450 | Train loss: 0.1843 | Valid loss: 0.3144 | Train acc: 0.8859 | Valid acc: 0.7869 | patience: 395 | Epoch time: 0.5 |

2023-01-07 21:57:38,454 - INFO -
| Epoch:    451 | Train loss: 0.1838 | Valid loss: 0.3167 | Train acc: 0.8859 | Valid acc: 0.8033 | patience: 396 | Epoch time: 0.5 |

2023-01-07 21:57:38,984 - INFO -
| Epoch:    452 | Train loss: 0.1840 | Valid loss: 0.3111 | Train acc: 0.8859 | Valid acc: 0.8033 | patience: 397 | Epoch time: 0.5 |

2023-01-07 21:57:39,513 - INFO -
| Epoch:    453 | Train loss: 0.1829 | Valid loss: 0.3111 | Train acc: 0.8804 | Valid acc: 0.7869 | patience: 398 | Epoch time: 0.5 |

2023-01-07 21:57:40,042 - INFO -
| Epoch:    454 | Train loss: 0.1844 | Valid loss: 0.3185 | Train acc: 0.8859 | Valid acc: 0.8033 | patience: 399 | Epoch time: 0.5 |

2023-01-07 21:57:40,571 - INFO -
| Epoch:    455 | Train loss: 0.1836 | Valid loss: 0.3157 | Train acc: 0.8804 | Valid acc: 0.8033 | patience: 400 | Epoch time: 0.5 |

2023-01-07 21:57:41,101 - INFO -
| Epoch:    456 | Train loss: 0.1836 | Valid loss: 0.3096 | Train acc: 0.8859 | Valid acc: 0.7869 | patience: 401 | Epoch time: 0.5 |

2023-01-07 21:57:41,630 - INFO -
| Epoch:    457 | Train loss: 0.1841 | Valid loss: 0.3116 | Train acc: 0.8859 | Valid acc: 0.8033 | patience: 402 | Epoch time: 0.5 |

2023-01-07 21:57:42,160 - INFO -
| Epoch:    458 | Train loss: 0.1823 | Valid loss: 0.3196 | Train acc: 0.8859 | Valid acc: 0.8033 | patience: 403 | Epoch time: 0.5 |

2023-01-07 21:57:42,688 - INFO -
| Epoch:    459 | Train loss: 0.1847 | Valid loss: 0.3129 | Train acc: 0.8967 | Valid acc: 0.8033 | patience: 404 | Epoch time: 0.5 |

2023-01-07 21:57:43,216 - INFO -
| Epoch:    460 | Train loss: 0.1835 | Valid loss: 0.3121 | Train acc: 0.8859 | Valid acc: 0.8033 | patience: 405 | Epoch time: 0.5 |

2023-01-07 21:57:43,743 - INFO -
| Epoch:    461 | Train loss: 0.1834 | Valid loss: 0.3163 | Train acc: 0.8859 | Valid acc: 0.8033 | patience: 406 | Epoch time: 0.5 |

2023-01-07 21:57:44,271 - INFO -
| Epoch:    462 | Train loss: 0.1838 | Valid loss: 0.3179 | Train acc: 0.8804 | Valid acc: 0.8033 | patience: 407 | Epoch time: 0.5 |

2023-01-07 21:57:44,800 - INFO -
| Epoch:    463 | Train loss: 0.1829 | Valid loss: 0.3129 | Train acc: 0.8859 | Valid acc: 0.7869 | patience: 408 | Epoch time: 0.5 |

2023-01-07 21:57:45,328 - INFO -
| Epoch:    464 | Train loss: 0.1855 | Valid loss: 0.3102 | Train acc: 0.8859 | Valid acc: 0.8033 | patience: 409 | Epoch time: 0.5 |

2023-01-07 21:57:45,856 - INFO -
| Epoch:    465 | Train loss: 0.1821 | Valid loss: 0.3154 | Train acc: 0.8859 | Valid acc: 0.8033 | patience: 410 | Epoch time: 0.5 |

2023-01-07 21:57:46,385 - INFO -
| Epoch:    466 | Train loss: 0.1852 | Valid loss: 0.3107 | Train acc: 0.8859 | Valid acc: 0.8033 | patience: 411 | Epoch time: 0.5 |

2023-01-07 21:57:46,914 - INFO -
| Epoch:    467 | Train loss: 0.1823 | Valid loss: 0.3102 | Train acc: 0.8859 | Valid acc: 0.7869 | patience: 412 | Epoch time: 0.5 |

2023-01-07 21:57:47,443 - INFO -
| Epoch:    468 | Train loss: 0.1832 | Valid loss: 0.3125 | Train acc: 0.8859 | Valid acc: 0.8033 | patience: 413 | Epoch time: 0.5 |

2023-01-07 21:57:47,972 - INFO -
| Epoch:    469 | Train loss: 0.1845 | Valid loss: 0.3095 | Train acc: 0.8804 | Valid acc: 0.7869 | patience: 414 | Epoch time: 0.5 |

2023-01-07 21:57:48,500 - INFO -
| Epoch:    470 | Train loss: 0.1830 | Valid loss: 0.3145 | Train acc: 0.8859 | Valid acc: 0.7869 | patience: 415 | Epoch time: 0.5 |

2023-01-07 21:57:49,027 - INFO -
| Epoch:    471 | Train loss: 0.1840 | Valid loss: 0.3192 | Train acc: 0.8859 | Valid acc: 0.8033 | patience: 416 | Epoch time: 0.5 |

2023-01-07 21:57:49,555 - INFO -
| Epoch:    472 | Train loss: 0.1830 | Valid loss: 0.3158 | Train acc: 0.8804 | Valid acc: 0.8033 | patience: 417 | Epoch time: 0.5 |

2023-01-07 21:57:50,084 - INFO -
| Epoch:    473 | Train loss: 0.1830 | Valid loss: 0.3099 | Train acc: 0.8804 | Valid acc: 0.8033 | patience: 418 | Epoch time: 0.5 |

2023-01-07 21:57:50,614 - INFO -
| Epoch:    474 | Train loss: 0.1831 | Valid loss: 0.3121 | Train acc: 0.8859 | Valid acc: 0.8033 | patience: 419 | Epoch time: 0.5 |

2023-01-07 21:57:51,144 - INFO -
| Epoch:    475 | Train loss: 0.1827 | Valid loss: 0.3199 | Train acc: 0.8859 | Valid acc: 0.8033 | patience: 420 | Epoch time: 0.5 |

2023-01-07 21:57:51,675 - INFO -
| Epoch:    476 | Train loss: 0.1832 | Valid loss: 0.3140 | Train acc: 0.8804 | Valid acc: 0.8033 | patience: 421 | Epoch time: 0.5 |

2023-01-07 21:57:52,203 - INFO -
| Epoch:    477 | Train loss: 0.1817 | Valid loss: 0.3083 | Train acc: 0.8913 | Valid acc: 0.8033 | patience: 422 | Epoch time: 0.5 |

2023-01-07 21:57:52,731 - INFO -
| Epoch:    478 | Train loss: 0.1826 | Valid loss: 0.3111 | Train acc: 0.8859 | Valid acc: 0.8033 | patience: 423 | Epoch time: 0.5 |

2023-01-07 21:57:53,258 - INFO -
| Epoch:    479 | Train loss: 0.1816 | Valid loss: 0.3187 | Train acc: 0.8859 | Valid acc: 0.8033 | patience: 424 | Epoch time: 0.5 |

2023-01-07 21:57:53,787 - INFO -
| Epoch:    480 | Train loss: 0.1833 | Valid loss: 0.3156 | Train acc: 0.8859 | Valid acc: 0.7869 | patience: 425 | Epoch time: 0.5 |

2023-01-07 21:57:54,315 - INFO -
| Epoch:    481 | Train loss: 0.1814 | Valid loss: 0.3102 | Train acc: 0.8859 | Valid acc: 0.8033 | patience: 426 | Epoch time: 0.5 |

2023-01-07 21:57:54,844 - INFO -
| Epoch:    482 | Train loss: 0.1826 | Valid loss: 0.3152 | Train acc: 0.8859 | Valid acc: 0.8033 | patience: 427 | Epoch time: 0.5 |

2023-01-07 21:57:55,371 - INFO -
| Epoch:    483 | Train loss: 0.1818 | Valid loss: 0.3209 | Train acc: 0.8859 | Valid acc: 0.7869 | patience: 428 | Epoch time: 0.5 |

2023-01-07 21:57:55,900 - INFO -
| Epoch:    484 | Train loss: 0.1830 | Valid loss: 0.3157 | Train acc: 0.8859 | Valid acc: 0.8033 | patience: 429 | Epoch time: 0.5 |

2023-01-07 21:57:56,428 - INFO -
| Epoch:    485 | Train loss: 0.1815 | Valid loss: 0.3132 | Train acc: 0.8859 | Valid acc: 0.7869 | patience: 430 | Epoch time: 0.5 |

2023-01-07 21:57:56,955 - INFO -
| Epoch:    486 | Train loss: 0.1825 | Valid loss: 0.3116 | Train acc: 0.8859 | Valid acc: 0.8033 | patience: 431 | Epoch time: 0.5 |

2023-01-07 21:57:57,483 - INFO -
| Epoch:    487 | Train loss: 0.1813 | Valid loss: 0.3147 | Train acc: 0.8859 | Valid acc: 0.8033 | patience: 432 | Epoch time: 0.5 |

2023-01-07 21:57:58,012 - INFO -
| Epoch:    488 | Train loss: 0.1819 | Valid loss: 0.3133 | Train acc: 0.8859 | Valid acc: 0.8033 | patience: 433 | Epoch time: 0.5 |

2023-01-07 21:57:58,540 - INFO -
| Epoch:    489 | Train loss: 0.1810 | Valid loss: 0.3094 | Train acc: 0.8859 | Valid acc: 0.8033 | patience: 434 | Epoch time: 0.5 |

2023-01-07 21:57:59,067 - INFO -
| Epoch:    490 | Train loss: 0.1819 | Valid loss: 0.3118 | Train acc: 0.8859 | Valid acc: 0.8033 | patience: 435 | Epoch time: 0.5 |

2023-01-07 21:57:59,595 - INFO -
| Epoch:    491 | Train loss: 0.1811 | Valid loss: 0.3157 | Train acc: 0.8859 | Valid acc: 0.8033 | patience: 436 | Epoch time: 0.5 |

2023-01-07 21:58:00,124 - INFO -
| Epoch:    492 | Train loss: 0.1818 | Valid loss: 0.3160 | Train acc: 0.8859 | Valid acc: 0.7869 | patience: 437 | Epoch time: 0.5 |

2023-01-07 21:58:00,652 - INFO -
| Epoch:    493 | Train loss: 0.1812 | Valid loss: 0.3109 | Train acc: 0.8859 | Valid acc: 0.8033 | patience: 438 | Epoch time: 0.5 |

2023-01-07 21:58:01,181 - INFO -
| Epoch:    494 | Train loss: 0.1817 | Valid loss: 0.3145 | Train acc: 0.8859 | Valid acc: 0.8033 | patience: 439 | Epoch time: 0.5 |

2023-01-07 21:58:01,708 - INFO -
| Epoch:    495 | Train loss: 0.1811 | Valid loss: 0.3171 | Train acc: 0.8859 | Valid acc: 0.7869 | patience: 440 | Epoch time: 0.5 |

2023-01-07 21:58:02,235 - INFO -
| Epoch:    496 | Train loss: 0.1811 | Valid loss: 0.3154 | Train acc: 0.8859 | Valid acc: 0.8033 | patience: 441 | Epoch time: 0.5 |

2023-01-07 21:58:02,763 - INFO -
| Epoch:    497 | Train loss: 0.1813 | Valid loss: 0.3150 | Train acc: 0.8859 | Valid acc: 0.7869 | patience: 442 | Epoch time: 0.5 |

2023-01-07 21:58:03,290 - INFO -
| Epoch:    498 | Train loss: 0.1816 | Valid loss: 0.3126 | Train acc: 0.8859 | Valid acc: 0.8033 | patience: 443 | Epoch time: 0.5 |

2023-01-07 21:58:03,818 - INFO -
| Epoch:    499 | Train loss: 0.1822 | Valid loss: 0.3200 | Train acc: 0.8859 | Valid acc: 0.8033 | patience: 444 | Epoch time: 0.5 |

2023-01-07 21:58:04,347 - INFO -
| Epoch:    500 | Train loss: 0.1824 | Valid loss: 0.3138 | Train acc: 0.8804 | Valid acc: 0.8033 | patience: 445 | Epoch time: 0.5 |

2023-01-07 21:58:04,874 - INFO -
| Epoch:    501 | Train loss: 0.1813 | Valid loss: 0.3144 | Train acc: 0.8859 | Valid acc: 0.8033 | patience: 446 | Epoch time: 0.5 |

2023-01-07 21:58:05,403 - INFO -
| Epoch:    502 | Train loss: 0.1812 | Valid loss: 0.3218 | Train acc: 0.8859 | Valid acc: 0.8033 | patience: 447 | Epoch time: 0.5 |

2023-01-07 21:58:05,931 - INFO -
| Epoch:    503 | Train loss: 0.1824 | Valid loss: 0.3155 | Train acc: 0.8859 | Valid acc: 0.8033 | patience: 448 | Epoch time: 0.5 |

2023-01-07 21:58:06,459 - INFO -
| Epoch:    504 | Train loss: 0.1808 | Valid loss: 0.3119 | Train acc: 0.8859 | Valid acc: 0.8033 | patience: 449 | Epoch time: 0.5 |

2023-01-07 21:58:06,988 - INFO -
| Epoch:    505 | Train loss: 0.1810 | Valid loss: 0.3149 | Train acc: 0.8859 | Valid acc: 0.7869 | patience: 450 | Epoch time: 0.5 |

2023-01-07 21:58:07,516 - INFO -
| Epoch:    506 | Train loss: 0.1816 | Valid loss: 0.3173 | Train acc: 0.8859 | Valid acc: 0.7869 | patience: 451 | Epoch time: 0.5 |

2023-01-07 21:58:08,043 - INFO -
| Epoch:    507 | Train loss: 0.1816 | Valid loss: 0.3137 | Train acc: 0.8859 | Valid acc: 0.8033 | patience: 452 | Epoch time: 0.5 |

2023-01-07 21:58:08,573 - INFO -
| Epoch:    508 | Train loss: 0.1806 | Valid loss: 0.3137 | Train acc: 0.8859 | Valid acc: 0.8033 | patience: 453 | Epoch time: 0.5 |

2023-01-07 21:58:09,102 - INFO -
| Epoch:    509 | Train loss: 0.1810 | Valid loss: 0.3157 | Train acc: 0.8859 | Valid acc: 0.8033 | patience: 454 | Epoch time: 0.5 |

2023-01-07 21:58:09,630 - INFO -
| Epoch:    510 | Train loss: 0.1811 | Valid loss: 0.3203 | Train acc: 0.8859 | Valid acc: 0.7869 | patience: 455 | Epoch time: 0.5 |

2023-01-07 21:58:10,159 - INFO -
| Epoch:    511 | Train loss: 0.1815 | Valid loss: 0.3164 | Train acc: 0.8750 | Valid acc: 0.7869 | patience: 456 | Epoch time: 0.5 |

2023-01-07 21:58:10,686 - INFO -
| Epoch:    512 | Train loss: 0.1808 | Valid loss: 0.3109 | Train acc: 0.8859 | Valid acc: 0.7869 | patience: 457 | Epoch time: 0.5 |

2023-01-07 21:58:11,214 - INFO -
| Epoch:    513 | Train loss: 0.1828 | Valid loss: 0.3233 | Train acc: 0.8859 | Valid acc: 0.7869 | patience: 458 | Epoch time: 0.5 |

2023-01-07 21:58:11,742 - INFO -
| Epoch:    514 | Train loss: 0.1851 | Valid loss: 0.3170 | Train acc: 0.9022 | Valid acc: 0.8033 | patience: 459 | Epoch time: 0.5 |

2023-01-07 21:58:12,270 - INFO -
| Epoch:    515 | Train loss: 0.1806 | Valid loss: 0.3136 | Train acc: 0.8859 | Valid acc: 0.8033 | patience: 460 | Epoch time: 0.5 |

2023-01-07 21:58:12,797 - INFO -
| Epoch:    516 | Train loss: 0.1827 | Valid loss: 0.3268 | Train acc: 0.8859 | Valid acc: 0.7705 | patience: 461 | Epoch time: 0.5 |

2023-01-07 21:58:13,324 - INFO -
| Epoch:    517 | Train loss: 0.1857 | Valid loss: 0.3174 | Train acc: 0.8913 | Valid acc: 0.8033 | patience: 462 | Epoch time: 0.5 |

2023-01-07 21:58:13,852 - INFO -
| Epoch:    518 | Train loss: 0.1817 | Valid loss: 0.3133 | Train acc: 0.8859 | Valid acc: 0.7869 | patience: 463 | Epoch time: 0.5 |

2023-01-07 21:58:14,379 - INFO -
| Epoch:    519 | Train loss: 0.1841 | Valid loss: 0.3385 | Train acc: 0.8859 | Valid acc: 0.7705 | patience: 464 | Epoch time: 0.5 |

2023-01-07 21:58:14,907 - INFO -
| Epoch:    520 | Train loss: 0.1998 | Valid loss: 0.3176 | Train acc: 0.8913 | Valid acc: 0.8033 | patience: 465 | Epoch time: 0.5 |

2023-01-07 21:58:15,435 - INFO -
| Epoch:    521 | Train loss: 0.1809 | Valid loss: 0.3138 | Train acc: 0.8859 | Valid acc: 0.7869 | patience: 466 | Epoch time: 0.5 |

2023-01-07 21:58:15,964 - INFO -
| Epoch:    522 | Train loss: 0.2001 | Valid loss: 0.3319 | Train acc: 0.8967 | Valid acc: 0.7869 | patience: 467 | Epoch time: 0.5 |

2023-01-07 21:58:16,491 - INFO -
| Epoch:    523 | Train loss: 0.1925 | Valid loss: 0.3254 | Train acc: 0.8967 | Valid acc: 0.7869 | patience: 468 | Epoch time: 0.5 |

2023-01-07 21:58:17,019 - INFO -
| Epoch:    524 | Train loss: 0.1841 | Valid loss: 0.3084 | Train acc: 0.8967 | Valid acc: 0.8033 | patience: 469 | Epoch time: 0.5 |

2023-01-07 21:58:17,548 - INFO -
| Epoch:    525 | Train loss: 0.1927 | Valid loss: 0.3188 | Train acc: 0.8967 | Valid acc: 0.8033 | patience: 470 | Epoch time: 0.5 |

2023-01-07 21:58:18,075 - INFO -
| Epoch:    526 | Train loss: 0.1843 | Valid loss: 0.3219 | Train acc: 0.8967 | Valid acc: 0.7869 | patience: 471 | Epoch time: 0.5 |

2023-01-07 21:58:18,604 - INFO -
| Epoch:    527 | Train loss: 0.1850 | Valid loss: 0.3147 | Train acc: 0.8967 | Valid acc: 0.7869 | patience: 472 | Epoch time: 0.5 |

2023-01-07 21:58:19,133 - INFO -
| Epoch:    528 | Train loss: 0.1923 | Valid loss: 0.3235 | Train acc: 0.8913 | Valid acc: 0.8033 | patience: 473 | Epoch time: 0.5 |

2023-01-07 21:58:19,661 - INFO -
| Epoch:    529 | Train loss: 0.1825 | Valid loss: 0.3259 | Train acc: 0.8967 | Valid acc: 0.7705 | patience: 474 | Epoch time: 0.5 |

2023-01-07 21:58:20,189 - INFO -
| Epoch:    530 | Train loss: 0.1864 | Valid loss: 0.3098 | Train acc: 0.8859 | Valid acc: 0.8033 | patience: 475 | Epoch time: 0.5 |

2023-01-07 21:58:20,717 - INFO -
| Epoch:    531 | Train loss: 0.1896 | Valid loss: 0.3169 | Train acc: 0.8913 | Valid acc: 0.7869 | patience: 476 | Epoch time: 0.5 |

2023-01-07 21:58:21,245 - INFO -
| Epoch:    532 | Train loss: 0.1809 | Valid loss: 0.3295 | Train acc: 0.8859 | Valid acc: 0.7705 | patience: 477 | Epoch time: 0.5 |

2023-01-07 21:58:21,773 - INFO -
| Epoch:    533 | Train loss: 0.1883 | Valid loss: 0.3156 | Train acc: 0.8913 | Valid acc: 0.7869 | patience: 478 | Epoch time: 0.5 |

2023-01-07 21:58:22,302 - INFO -
| Epoch:    534 | Train loss: 0.1835 | Valid loss: 0.3143 | Train acc: 0.8859 | Valid acc: 0.8033 | patience: 479 | Epoch time: 0.5 |

2023-01-07 21:58:22,831 - INFO -
| Epoch:    535 | Train loss: 0.1819 | Valid loss: 0.3273 | Train acc: 0.8859 | Valid acc: 0.7705 | patience: 480 | Epoch time: 0.5 |

2023-01-07 21:58:23,361 - INFO -
| Epoch:    536 | Train loss: 0.1884 | Valid loss: 0.3147 | Train acc: 0.8913 | Valid acc: 0.8033 | patience: 481 | Epoch time: 0.5 |

2023-01-07 21:58:23,891 - INFO -
| Epoch:    537 | Train loss: 0.1810 | Valid loss: 0.3143 | Train acc: 0.8859 | Valid acc: 0.8033 | patience: 482 | Epoch time: 0.5 |

2023-01-07 21:58:24,420 - INFO -
| Epoch:    538 | Train loss: 0.1884 | Valid loss: 0.3334 | Train acc: 0.8913 | Valid acc: 0.7705 | patience: 483 | Epoch time: 0.5 |

2023-01-07 21:58:24,946 - INFO -
| Epoch:    539 | Train loss: 0.1915 | Valid loss: 0.3251 | Train acc: 0.8967 | Valid acc: 0.8033 | patience: 484 | Epoch time: 0.5 |

2023-01-07 21:58:25,475 - INFO -
| Epoch:    540 | Train loss: 0.1816 | Valid loss: 0.3136 | Train acc: 0.8859 | Valid acc: 0.8033 | patience: 485 | Epoch time: 0.5 |

2023-01-07 21:58:26,002 - INFO -
| Epoch:    541 | Train loss: 0.1921 | Valid loss: 0.3289 | Train acc: 0.8967 | Valid acc: 0.7705 | patience: 486 | Epoch time: 0.5 |

2023-01-07 21:58:26,531 - INFO -
| Epoch:    542 | Train loss: 0.1862 | Valid loss: 0.3235 | Train acc: 0.8967 | Valid acc: 0.8033 | patience: 487 | Epoch time: 0.5 |

2023-01-07 21:58:27,060 - INFO -
| Epoch:    543 | Train loss: 0.1823 | Valid loss: 0.3173 | Train acc: 0.8913 | Valid acc: 0.7869 | patience: 488 | Epoch time: 0.5 |

2023-01-07 21:58:27,590 - INFO -
| Epoch:    544 | Train loss: 0.1851 | Valid loss: 0.3254 | Train acc: 0.8859 | Valid acc: 0.8033 | patience: 489 | Epoch time: 0.5 |

2023-01-07 21:58:28,118 - INFO -
| Epoch:    545 | Train loss: 0.1813 | Valid loss: 0.3257 | Train acc: 0.8913 | Valid acc: 0.8033 | patience: 490 | Epoch time: 0.5 |

2023-01-07 21:58:28,646 - INFO -
| Epoch:    546 | Train loss: 0.1824 | Valid loss: 0.3140 | Train acc: 0.8967 | Valid acc: 0.7869 | patience: 491 | Epoch time: 0.5 |

2023-01-07 21:58:29,173 - INFO -
| Epoch:    547 | Train loss: 0.1857 | Valid loss: 0.3209 | Train acc: 0.8913 | Valid acc: 0.7869 | patience: 492 | Epoch time: 0.5 |

2023-01-07 21:58:29,700 - INFO -
| Epoch:    548 | Train loss: 0.1818 | Valid loss: 0.3255 | Train acc: 0.8859 | Valid acc: 0.8033 | patience: 493 | Epoch time: 0.5 |

2023-01-07 21:58:30,228 - INFO -
| Epoch:    549 | Train loss: 0.1838 | Valid loss: 0.3184 | Train acc: 0.8967 | Valid acc: 0.7705 | patience: 494 | Epoch time: 0.5 |

2023-01-07 21:58:30,756 - INFO -
| Epoch:    550 | Train loss: 0.1855 | Valid loss: 0.3200 | Train acc: 0.8859 | Valid acc: 0.8033 | patience: 495 | Epoch time: 0.5 |

2023-01-07 21:58:31,285 - INFO -
| Epoch:    551 | Train loss: 0.1807 | Valid loss: 0.3272 | Train acc: 0.8859 | Valid acc: 0.8033 | patience: 496 | Epoch time: 0.5 |

2023-01-07 21:58:31,812 - INFO -
| Epoch:    552 | Train loss: 0.1842 | Valid loss: 0.3162 | Train acc: 0.9022 | Valid acc: 0.8033 | patience: 497 | Epoch time: 0.5 |

2023-01-07 21:58:32,339 - INFO -
| Epoch:    553 | Train loss: 0.1810 | Valid loss: 0.3172 | Train acc: 0.8859 | Valid acc: 0.7869 | patience: 498 | Epoch time: 0.5 |

2023-01-07 21:58:32,869 - INFO -
| Epoch:    554 | Train loss: 0.1840 | Valid loss: 0.3345 | Train acc: 0.8859 | Valid acc: 0.7705 | patience: 499 | Epoch time: 0.5 |

2023-01-07 21:58:33,398 - INFO -
| Epoch:    555 | Train loss: 0.1897 | Valid loss: 0.3220 | Train acc: 0.8967 | Valid acc: 0.7869 | patience: 500 | Epoch time: 0.5 |

2023-01-07 21:58:33,926 - INFO -
Early stop.

2023-01-07 21:58:33,932 - INFO -
Training if finished.

