2023-01-07 21:45:02,269 - INFO -
gmin                0.01
gmax                10.0
T                   0.1
m                   0.3
ACT_eta1            0.134
ACT_eta2            0.962
ACT_eta3            0.183
ACT_eta4            24.1
NEG_eta1            -0.104
NEG_eta2            0.899
NEG_eta3            -0.056
NEG_eta4            3.858
hidden              [3]
SEED                2
DEVICE              cuda
TIMELIMITATION      45
PATIENCE            500
EPOCH               10000000000
DATASET             11
LR                  0.1
PROGRESSIVE         False
LR_PATIENCE         100
LR_DECAY            0.5
LR_MIN              0.0001
MODE                nominal
M_train             1
K_train             1
M_test              500
K_test              500
t_test_max          10
integration         MC
VARIATION           False
N_train             1
e_train             0.0
N_test              100
e_test              0.1
projectname         ICCAD_2022
temppath            ./ICCAD_2022/temp/
logfilepath         ./ICCAD_2022/log/
recording           False
recordpath          ./ICCAD_2022/record/
savepath            ./ICCAD_2022/models/
loglevel            info


2023-01-07 21:45:02,269 - INFO -
Training network on device: cuda.

2023-01-07 21:45:02,269 - INFO -
Training setup: vertebralcolumn2clases_2_nominal_0.0_1_MC.

2023-01-07 21:45:02,269 - INFO -
Dataset "vertebralcolumn2clases" has 6 input features and 2 classes. There are 184 training examples, 61 valid examples, and 63 test examples in the dataset.

2023-01-07 21:45:02,270 - INFO -
Topology of the network: [6, 3, 2].

2023-01-07 21:45:06,482 - INFO -
| Epoch:      0 | Train loss: 0.6999 | Valid loss: 0.6962 | Train acc: 0.6957 | Valid acc: 0.5082 | patience:   0 | Epoch time: 3.3 |

2023-01-07 21:45:06,952 - INFO -
| Epoch:      1 | Train loss: 0.6962 | Valid loss: 0.5663 | Train acc: 0.5707 | Valid acc: 0.6721 | patience:   0 | Epoch time: 0.5 |

2023-01-07 21:45:07,420 - INFO -
| Epoch:      2 | Train loss: 0.5269 | Valid loss: 0.6143 | Train acc: 0.6957 | Valid acc: 0.6721 | patience:   1 | Epoch time: 0.5 |

2023-01-07 21:45:07,887 - INFO -
| Epoch:      3 | Train loss: 0.5715 | Valid loss: 0.5824 | Train acc: 0.6957 | Valid acc: 0.6721 | patience:   2 | Epoch time: 0.5 |

2023-01-07 21:45:08,355 - INFO -
| Epoch:      4 | Train loss: 0.5414 | Valid loss: 0.4880 | Train acc: 0.6957 | Valid acc: 0.6721 | patience:   0 | Epoch time: 0.5 |

2023-01-07 21:45:08,822 - INFO -
| Epoch:      5 | Train loss: 0.4554 | Valid loss: 0.5758 | Train acc: 0.6957 | Valid acc: 0.6721 | patience:   1 | Epoch time: 0.5 |

2023-01-07 21:45:09,288 - INFO -
| Epoch:      6 | Train loss: 0.5529 | Valid loss: 0.5191 | Train acc: 0.6957 | Valid acc: 0.6721 | patience:   2 | Epoch time: 0.5 |

2023-01-07 21:45:09,757 - INFO -
| Epoch:      7 | Train loss: 0.4932 | Valid loss: 0.5283 | Train acc: 0.6957 | Valid acc: 0.6721 | patience:   3 | Epoch time: 0.5 |

2023-01-07 21:45:10,223 - INFO -
| Epoch:      8 | Train loss: 0.4917 | Valid loss: 0.5722 | Train acc: 0.6957 | Valid acc: 0.6721 | patience:   4 | Epoch time: 0.5 |

2023-01-07 21:45:10,690 - INFO -
| Epoch:      9 | Train loss: 0.5347 | Valid loss: 0.5463 | Train acc: 0.6957 | Valid acc: 0.6721 | patience:   5 | Epoch time: 0.5 |

2023-01-07 21:45:11,160 - INFO -
| Epoch:     10 | Train loss: 0.5165 | Valid loss: 0.4734 | Train acc: 0.6957 | Valid acc: 0.6721 | patience:   0 | Epoch time: 0.5 |

2023-01-07 21:45:11,628 - INFO -
| Epoch:     11 | Train loss: 0.4594 | Valid loss: 0.4232 | Train acc: 0.6957 | Valid acc: 0.6721 | patience:   0 | Epoch time: 0.5 |

2023-01-07 21:45:12,095 - INFO -
| Epoch:     12 | Train loss: 0.4389 | Valid loss: 0.4595 | Train acc: 0.6957 | Valid acc: 0.7705 | patience:   1 | Epoch time: 0.5 |

2023-01-07 21:45:12,563 - INFO -
| Epoch:     13 | Train loss: 0.4763 | Valid loss: 0.4318 | Train acc: 0.7120 | Valid acc: 0.7213 | patience:   2 | Epoch time: 0.5 |

2023-01-07 21:45:13,031 - INFO -
| Epoch:     14 | Train loss: 0.4494 | Valid loss: 0.4158 | Train acc: 0.6957 | Valid acc: 0.6721 | patience:   0 | Epoch time: 0.5 |

2023-01-07 21:45:13,497 - INFO -
| Epoch:     15 | Train loss: 0.4223 | Valid loss: 0.4461 | Train acc: 0.6957 | Valid acc: 0.6721 | patience:   1 | Epoch time: 0.5 |

2023-01-07 21:45:13,964 - INFO -
| Epoch:     16 | Train loss: 0.4349 | Valid loss: 0.4511 | Train acc: 0.6957 | Valid acc: 0.6721 | patience:   2 | Epoch time: 0.5 |

2023-01-07 21:45:14,431 - INFO -
| Epoch:     17 | Train loss: 0.4365 | Valid loss: 0.4271 | Train acc: 0.6957 | Valid acc: 0.6721 | patience:   3 | Epoch time: 0.5 |

2023-01-07 21:45:14,899 - INFO -
| Epoch:     18 | Train loss: 0.4166 | Valid loss: 0.4017 | Train acc: 0.6957 | Valid acc: 0.6721 | patience:   0 | Epoch time: 0.5 |

2023-01-07 21:45:15,369 - INFO -
| Epoch:     19 | Train loss: 0.4019 | Valid loss: 0.3946 | Train acc: 0.6957 | Valid acc: 0.6885 | patience:   0 | Epoch time: 0.5 |

2023-01-07 21:45:15,837 - INFO -
| Epoch:     20 | Train loss: 0.4037 | Valid loss: 0.3899 | Train acc: 0.7120 | Valid acc: 0.7213 | patience:   0 | Epoch time: 0.5 |

2023-01-07 21:45:16,305 - INFO -
| Epoch:     21 | Train loss: 0.3977 | Valid loss: 0.3834 | Train acc: 0.7446 | Valid acc: 0.7049 | patience:   0 | Epoch time: 0.5 |

2023-01-07 21:45:16,772 - INFO -
| Epoch:     22 | Train loss: 0.3776 | Valid loss: 0.4003 | Train acc: 0.7120 | Valid acc: 0.6721 | patience:   1 | Epoch time: 0.5 |

2023-01-07 21:45:17,238 - INFO -
| Epoch:     23 | Train loss: 0.3736 | Valid loss: 0.3926 | Train acc: 0.7011 | Valid acc: 0.6885 | patience:   2 | Epoch time: 0.5 |

2023-01-07 21:45:17,706 - INFO -
| Epoch:     24 | Train loss: 0.3641 | Valid loss: 0.3539 | Train acc: 0.7011 | Valid acc: 0.7541 | patience:   0 | Epoch time: 0.5 |

2023-01-07 21:45:18,175 - INFO -
| Epoch:     25 | Train loss: 0.3419 | Valid loss: 0.3374 | Train acc: 0.7989 | Valid acc: 0.8033 | patience:   0 | Epoch time: 0.5 |

2023-01-07 21:45:18,644 - INFO -
| Epoch:     26 | Train loss: 0.3325 | Valid loss: 0.3235 | Train acc: 0.8478 | Valid acc: 0.8197 | patience:   0 | Epoch time: 0.5 |

2023-01-07 21:45:19,110 - INFO -
| Epoch:     27 | Train loss: 0.3075 | Valid loss: 0.3350 | Train acc: 0.8478 | Valid acc: 0.7705 | patience:   1 | Epoch time: 0.5 |

2023-01-07 21:45:19,578 - INFO -
| Epoch:     28 | Train loss: 0.3013 | Valid loss: 0.3061 | Train acc: 0.8207 | Valid acc: 0.8033 | patience:   0 | Epoch time: 0.5 |

2023-01-07 21:45:20,046 - INFO -
| Epoch:     29 | Train loss: 0.2735 | Valid loss: 0.2924 | Train acc: 0.8587 | Valid acc: 0.8033 | patience:   0 | Epoch time: 0.5 |

2023-01-07 21:45:20,515 - INFO -
| Epoch:     30 | Train loss: 0.2657 | Valid loss: 0.2919 | Train acc: 0.8261 | Valid acc: 0.8033 | patience:   0 | Epoch time: 0.5 |

2023-01-07 21:45:20,985 - INFO -
| Epoch:     31 | Train loss: 0.2437 | Valid loss: 0.2890 | Train acc: 0.8641 | Valid acc: 0.8197 | patience:   0 | Epoch time: 0.5 |

2023-01-07 21:45:21,453 - INFO -
| Epoch:     32 | Train loss: 0.2333 | Valid loss: 0.2823 | Train acc: 0.8641 | Valid acc: 0.8197 | patience:   0 | Epoch time: 0.5 |

2023-01-07 21:45:21,919 - INFO -
| Epoch:     33 | Train loss: 0.2332 | Valid loss: 0.2962 | Train acc: 0.8533 | Valid acc: 0.8197 | patience:   1 | Epoch time: 0.5 |

2023-01-07 21:45:22,386 - INFO -
| Epoch:     34 | Train loss: 0.2264 | Valid loss: 0.2895 | Train acc: 0.8696 | Valid acc: 0.8033 | patience:   2 | Epoch time: 0.5 |

2023-01-07 21:45:22,853 - INFO -
| Epoch:     35 | Train loss: 0.2151 | Valid loss: 0.2877 | Train acc: 0.8750 | Valid acc: 0.8033 | patience:   3 | Epoch time: 0.5 |

2023-01-07 21:45:23,321 - INFO -
| Epoch:     36 | Train loss: 0.2143 | Valid loss: 0.2943 | Train acc: 0.8641 | Valid acc: 0.8361 | patience:   4 | Epoch time: 0.5 |

2023-01-07 21:45:23,788 - INFO -
| Epoch:     37 | Train loss: 0.2120 | Valid loss: 0.2904 | Train acc: 0.8913 | Valid acc: 0.8197 | patience:   5 | Epoch time: 0.5 |

2023-01-07 21:45:24,254 - INFO -
| Epoch:     38 | Train loss: 0.2039 | Valid loss: 0.2914 | Train acc: 0.8696 | Valid acc: 0.7869 | patience:   6 | Epoch time: 0.5 |

2023-01-07 21:45:24,721 - INFO -
| Epoch:     39 | Train loss: 0.2088 | Valid loss: 0.2920 | Train acc: 0.8641 | Valid acc: 0.8197 | patience:   7 | Epoch time: 0.5 |

2023-01-07 21:45:25,188 - INFO -
| Epoch:     40 | Train loss: 0.1983 | Valid loss: 0.2983 | Train acc: 0.8696 | Valid acc: 0.8033 | patience:   8 | Epoch time: 0.5 |

2023-01-07 21:45:25,654 - INFO -
| Epoch:     41 | Train loss: 0.1999 | Valid loss: 0.2954 | Train acc: 0.8750 | Valid acc: 0.7869 | patience:   9 | Epoch time: 0.5 |

2023-01-07 21:45:26,122 - INFO -
| Epoch:     42 | Train loss: 0.1944 | Valid loss: 0.2957 | Train acc: 0.8696 | Valid acc: 0.8197 | patience:  10 | Epoch time: 0.5 |

2023-01-07 21:45:26,588 - INFO -
| Epoch:     43 | Train loss: 0.1952 | Valid loss: 0.3087 | Train acc: 0.8696 | Valid acc: 0.7869 | patience:  11 | Epoch time: 0.5 |

2023-01-07 21:45:27,055 - INFO -
| Epoch:     44 | Train loss: 0.1955 | Valid loss: 0.3046 | Train acc: 0.8804 | Valid acc: 0.7869 | patience:  12 | Epoch time: 0.5 |

2023-01-07 21:45:27,521 - INFO -
| Epoch:     45 | Train loss: 0.1910 | Valid loss: 0.3063 | Train acc: 0.8750 | Valid acc: 0.8033 | patience:  13 | Epoch time: 0.5 |

2023-01-07 21:45:27,988 - INFO -
| Epoch:     46 | Train loss: 0.1904 | Valid loss: 0.3056 | Train acc: 0.8641 | Valid acc: 0.8197 | patience:  14 | Epoch time: 0.5 |

2023-01-07 21:45:28,454 - INFO -
| Epoch:     47 | Train loss: 0.1911 | Valid loss: 0.3205 | Train acc: 0.8696 | Valid acc: 0.7869 | patience:  15 | Epoch time: 0.5 |

2023-01-07 21:45:28,921 - INFO -
| Epoch:     48 | Train loss: 0.1926 | Valid loss: 0.3062 | Train acc: 0.8750 | Valid acc: 0.8197 | patience:  16 | Epoch time: 0.5 |

2023-01-07 21:45:29,388 - INFO -
| Epoch:     49 | Train loss: 0.1970 | Valid loss: 0.3301 | Train acc: 0.8913 | Valid acc: 0.7869 | patience:  17 | Epoch time: 0.5 |

2023-01-07 21:45:29,855 - INFO -
| Epoch:     50 | Train loss: 0.1954 | Valid loss: 0.3217 | Train acc: 0.8750 | Valid acc: 0.7869 | patience:  18 | Epoch time: 0.5 |

2023-01-07 21:45:30,322 - INFO -
| Epoch:     51 | Train loss: 0.1878 | Valid loss: 0.3116 | Train acc: 0.8859 | Valid acc: 0.8197 | patience:  19 | Epoch time: 0.5 |

2023-01-07 21:45:30,789 - INFO -
| Epoch:     52 | Train loss: 0.1973 | Valid loss: 0.3285 | Train acc: 0.8804 | Valid acc: 0.7869 | patience:  20 | Epoch time: 0.5 |

2023-01-07 21:45:31,256 - INFO -
| Epoch:     53 | Train loss: 0.1886 | Valid loss: 0.3318 | Train acc: 0.8804 | Valid acc: 0.7869 | patience:  21 | Epoch time: 0.5 |

2023-01-07 21:45:31,725 - INFO -
| Epoch:     54 | Train loss: 0.1898 | Valid loss: 0.3152 | Train acc: 0.8750 | Valid acc: 0.8197 | patience:  22 | Epoch time: 0.5 |

2023-01-07 21:45:32,191 - INFO -
| Epoch:     55 | Train loss: 0.1930 | Valid loss: 0.3246 | Train acc: 0.8859 | Valid acc: 0.8033 | patience:  23 | Epoch time: 0.5 |

2023-01-07 21:45:32,657 - INFO -
| Epoch:     56 | Train loss: 0.1863 | Valid loss: 0.3371 | Train acc: 0.9022 | Valid acc: 0.8033 | patience:  24 | Epoch time: 0.5 |

2023-01-07 21:45:33,123 - INFO -
| Epoch:     57 | Train loss: 0.1941 | Valid loss: 0.3258 | Train acc: 0.8804 | Valid acc: 0.8033 | patience:  25 | Epoch time: 0.5 |

2023-01-07 21:45:33,590 - INFO -
| Epoch:     58 | Train loss: 0.1867 | Valid loss: 0.3226 | Train acc: 0.9022 | Valid acc: 0.8033 | patience:  26 | Epoch time: 0.5 |

2023-01-07 21:45:34,056 - INFO -
| Epoch:     59 | Train loss: 0.1905 | Valid loss: 0.3293 | Train acc: 0.8804 | Valid acc: 0.8033 | patience:  27 | Epoch time: 0.5 |

2023-01-07 21:45:34,525 - INFO -
| Epoch:     60 | Train loss: 0.1854 | Valid loss: 0.3391 | Train acc: 0.9022 | Valid acc: 0.7869 | patience:  28 | Epoch time: 0.5 |

2023-01-07 21:45:34,993 - INFO -
| Epoch:     61 | Train loss: 0.1891 | Valid loss: 0.3306 | Train acc: 0.8804 | Valid acc: 0.8033 | patience:  29 | Epoch time: 0.5 |

2023-01-07 21:45:35,460 - INFO -
| Epoch:     62 | Train loss: 0.1858 | Valid loss: 0.3296 | Train acc: 0.9022 | Valid acc: 0.8033 | patience:  30 | Epoch time: 0.5 |

2023-01-07 21:45:35,926 - INFO -
| Epoch:     63 | Train loss: 0.1861 | Valid loss: 0.3345 | Train acc: 0.9022 | Valid acc: 0.7869 | patience:  31 | Epoch time: 0.5 |

2023-01-07 21:45:36,392 - INFO -
| Epoch:     64 | Train loss: 0.1867 | Valid loss: 0.3243 | Train acc: 0.8913 | Valid acc: 0.8197 | patience:  32 | Epoch time: 0.5 |

2023-01-07 21:45:36,858 - INFO -
| Epoch:     65 | Train loss: 0.1934 | Valid loss: 0.3400 | Train acc: 0.8804 | Valid acc: 0.8033 | patience:  33 | Epoch time: 0.5 |

2023-01-07 21:45:37,326 - INFO -
| Epoch:     66 | Train loss: 0.1945 | Valid loss: 0.3254 | Train acc: 0.8859 | Valid acc: 0.8197 | patience:  34 | Epoch time: 0.5 |

2023-01-07 21:45:37,792 - INFO -
| Epoch:     67 | Train loss: 0.1876 | Valid loss: 0.3265 | Train acc: 0.8967 | Valid acc: 0.8197 | patience:  35 | Epoch time: 0.5 |

2023-01-07 21:45:38,259 - INFO -
| Epoch:     68 | Train loss: 0.1864 | Valid loss: 0.3443 | Train acc: 0.9022 | Valid acc: 0.8033 | patience:  36 | Epoch time: 0.5 |

2023-01-07 21:45:38,727 - INFO -
| Epoch:     69 | Train loss: 0.1955 | Valid loss: 0.3278 | Train acc: 0.8750 | Valid acc: 0.8197 | patience:  37 | Epoch time: 0.5 |

2023-01-07 21:45:39,194 - INFO -
| Epoch:     70 | Train loss: 0.1902 | Valid loss: 0.3289 | Train acc: 0.8859 | Valid acc: 0.8197 | patience:  38 | Epoch time: 0.5 |

2023-01-07 21:45:39,662 - INFO -
| Epoch:     71 | Train loss: 0.1886 | Valid loss: 0.3513 | Train acc: 0.8859 | Valid acc: 0.8033 | patience:  39 | Epoch time: 0.5 |

2023-01-07 21:45:40,129 - INFO -
| Epoch:     72 | Train loss: 0.1971 | Valid loss: 0.3307 | Train acc: 0.8804 | Valid acc: 0.8197 | patience:  40 | Epoch time: 0.5 |

2023-01-07 21:45:40,596 - INFO -
| Epoch:     73 | Train loss: 0.1848 | Valid loss: 0.3282 | Train acc: 0.9022 | Valid acc: 0.8197 | patience:  41 | Epoch time: 0.5 |

2023-01-07 21:45:41,063 - INFO -
| Epoch:     74 | Train loss: 0.1898 | Valid loss: 0.3414 | Train acc: 0.8859 | Valid acc: 0.7869 | patience:  42 | Epoch time: 0.5 |

2023-01-07 21:45:41,530 - INFO -
| Epoch:     75 | Train loss: 0.1904 | Valid loss: 0.3335 | Train acc: 0.8750 | Valid acc: 0.7869 | patience:  43 | Epoch time: 0.5 |

2023-01-07 21:45:41,997 - INFO -
| Epoch:     76 | Train loss: 0.1842 | Valid loss: 0.3251 | Train acc: 0.8967 | Valid acc: 0.8197 | patience:  44 | Epoch time: 0.5 |

2023-01-07 21:45:42,463 - INFO -
| Epoch:     77 | Train loss: 0.1925 | Valid loss: 0.3371 | Train acc: 0.8967 | Valid acc: 0.7869 | patience:  45 | Epoch time: 0.5 |

2023-01-07 21:45:42,931 - INFO -
| Epoch:     78 | Train loss: 0.1862 | Valid loss: 0.3394 | Train acc: 0.8859 | Valid acc: 0.7869 | patience:  46 | Epoch time: 0.5 |

2023-01-07 21:45:43,398 - INFO -
| Epoch:     79 | Train loss: 0.1874 | Valid loss: 0.3314 | Train acc: 0.8804 | Valid acc: 0.8033 | patience:  47 | Epoch time: 0.5 |

2023-01-07 21:45:43,864 - INFO -
| Epoch:     80 | Train loss: 0.1845 | Valid loss: 0.3283 | Train acc: 0.8859 | Valid acc: 0.8197 | patience:  48 | Epoch time: 0.5 |

2023-01-07 21:45:44,331 - INFO -
| Epoch:     81 | Train loss: 0.1858 | Valid loss: 0.3363 | Train acc: 0.8859 | Valid acc: 0.7869 | patience:  49 | Epoch time: 0.5 |

2023-01-07 21:45:44,797 - INFO -
| Epoch:     82 | Train loss: 0.1844 | Valid loss: 0.3381 | Train acc: 0.8804 | Valid acc: 0.7869 | patience:  50 | Epoch time: 0.5 |

2023-01-07 21:45:45,263 - INFO -
| Epoch:     83 | Train loss: 0.1843 | Valid loss: 0.3325 | Train acc: 0.8804 | Valid acc: 0.8033 | patience:  51 | Epoch time: 0.5 |

2023-01-07 21:45:45,729 - INFO -
| Epoch:     84 | Train loss: 0.1839 | Valid loss: 0.3382 | Train acc: 0.8967 | Valid acc: 0.7869 | patience:  52 | Epoch time: 0.5 |

2023-01-07 21:45:46,197 - INFO -
| Epoch:     85 | Train loss: 0.1830 | Valid loss: 0.3415 | Train acc: 0.8967 | Valid acc: 0.7869 | patience:  53 | Epoch time: 0.5 |

2023-01-07 21:45:46,663 - INFO -
| Epoch:     86 | Train loss: 0.1832 | Valid loss: 0.3337 | Train acc: 0.8913 | Valid acc: 0.8033 | patience:  54 | Epoch time: 0.5 |

2023-01-07 21:45:47,130 - INFO -
| Epoch:     87 | Train loss: 0.1835 | Valid loss: 0.3407 | Train acc: 0.8913 | Valid acc: 0.7869 | patience:  55 | Epoch time: 0.5 |

2023-01-07 21:45:47,596 - INFO -
| Epoch:     88 | Train loss: 0.1819 | Valid loss: 0.3429 | Train acc: 0.8967 | Valid acc: 0.7869 | patience:  56 | Epoch time: 0.5 |

2023-01-07 21:45:48,063 - INFO -
| Epoch:     89 | Train loss: 0.1820 | Valid loss: 0.3351 | Train acc: 0.9022 | Valid acc: 0.8197 | patience:  57 | Epoch time: 0.5 |

2023-01-07 21:45:48,531 - INFO -
| Epoch:     90 | Train loss: 0.1835 | Valid loss: 0.3458 | Train acc: 0.8859 | Valid acc: 0.7869 | patience:  58 | Epoch time: 0.5 |

2023-01-07 21:45:48,997 - INFO -
| Epoch:     91 | Train loss: 0.1818 | Valid loss: 0.3488 | Train acc: 0.9022 | Valid acc: 0.7869 | patience:  59 | Epoch time: 0.5 |

2023-01-07 21:45:49,464 - INFO -
| Epoch:     92 | Train loss: 0.1826 | Valid loss: 0.3376 | Train acc: 0.8913 | Valid acc: 0.8033 | patience:  60 | Epoch time: 0.5 |

2023-01-07 21:45:49,930 - INFO -
| Epoch:     93 | Train loss: 0.1817 | Valid loss: 0.3417 | Train acc: 0.8859 | Valid acc: 0.7705 | patience:  61 | Epoch time: 0.5 |

2023-01-07 21:45:50,396 - INFO -
| Epoch:     94 | Train loss: 0.1801 | Valid loss: 0.3486 | Train acc: 0.9022 | Valid acc: 0.7869 | patience:  62 | Epoch time: 0.5 |

2023-01-07 21:45:50,863 - INFO -
| Epoch:     95 | Train loss: 0.1810 | Valid loss: 0.3395 | Train acc: 0.8967 | Valid acc: 0.7869 | patience:  63 | Epoch time: 0.5 |

2023-01-07 21:45:51,329 - INFO -
| Epoch:     96 | Train loss: 0.1804 | Valid loss: 0.3451 | Train acc: 0.8804 | Valid acc: 0.7705 | patience:  64 | Epoch time: 0.5 |

2023-01-07 21:45:51,795 - INFO -
| Epoch:     97 | Train loss: 0.1792 | Valid loss: 0.3494 | Train acc: 0.9022 | Valid acc: 0.7869 | patience:  65 | Epoch time: 0.5 |

2023-01-07 21:45:52,262 - INFO -
| Epoch:     98 | Train loss: 0.1798 | Valid loss: 0.3422 | Train acc: 0.8913 | Valid acc: 0.7869 | patience:  66 | Epoch time: 0.5 |

2023-01-07 21:45:52,729 - INFO -
| Epoch:     99 | Train loss: 0.1793 | Valid loss: 0.3436 | Train acc: 0.8804 | Valid acc: 0.7869 | patience:  67 | Epoch time: 0.5 |

2023-01-07 21:45:53,195 - INFO -
| Epoch:    100 | Train loss: 0.1790 | Valid loss: 0.3521 | Train acc: 0.8804 | Valid acc: 0.7869 | patience:  68 | Epoch time: 0.5 |

2023-01-07 21:45:53,663 - INFO -
| Epoch:    101 | Train loss: 0.1796 | Valid loss: 0.3433 | Train acc: 0.8967 | Valid acc: 0.7869 | patience:  69 | Epoch time: 0.5 |

2023-01-07 21:45:54,129 - INFO -
| Epoch:    102 | Train loss: 0.1795 | Valid loss: 0.3499 | Train acc: 0.8804 | Valid acc: 0.7705 | patience:  70 | Epoch time: 0.5 |

2023-01-07 21:45:54,596 - INFO -
| Epoch:    103 | Train loss: 0.1782 | Valid loss: 0.3528 | Train acc: 0.9022 | Valid acc: 0.7869 | patience:  71 | Epoch time: 0.5 |

2023-01-07 21:45:55,064 - INFO -
| Epoch:    104 | Train loss: 0.1786 | Valid loss: 0.3469 | Train acc: 0.9022 | Valid acc: 0.7869 | patience:  72 | Epoch time: 0.5 |

2023-01-07 21:45:55,530 - INFO -
| Epoch:    105 | Train loss: 0.1783 | Valid loss: 0.3537 | Train acc: 0.8859 | Valid acc: 0.7869 | patience:  73 | Epoch time: 0.5 |

2023-01-07 21:45:55,997 - INFO -
| Epoch:    106 | Train loss: 0.1782 | Valid loss: 0.3436 | Train acc: 0.9076 | Valid acc: 0.8033 | patience:  74 | Epoch time: 0.5 |

2023-01-07 21:45:56,464 - INFO -
| Epoch:    107 | Train loss: 0.1805 | Valid loss: 0.3570 | Train acc: 0.8913 | Valid acc: 0.7869 | patience:  75 | Epoch time: 0.5 |

2023-01-07 21:45:56,930 - INFO -
| Epoch:    108 | Train loss: 0.1789 | Valid loss: 0.3527 | Train acc: 0.9076 | Valid acc: 0.7705 | patience:  76 | Epoch time: 0.5 |

2023-01-07 21:45:57,397 - INFO -
| Epoch:    109 | Train loss: 0.1775 | Valid loss: 0.3452 | Train acc: 0.9022 | Valid acc: 0.8033 | patience:  77 | Epoch time: 0.5 |

2023-01-07 21:45:57,864 - INFO -
| Epoch:    110 | Train loss: 0.1794 | Valid loss: 0.3554 | Train acc: 0.8859 | Valid acc: 0.7705 | patience:  78 | Epoch time: 0.5 |

2023-01-07 21:45:58,330 - INFO -
| Epoch:    111 | Train loss: 0.1775 | Valid loss: 0.3560 | Train acc: 0.9022 | Valid acc: 0.7705 | patience:  79 | Epoch time: 0.5 |

2023-01-07 21:45:58,796 - INFO -
| Epoch:    112 | Train loss: 0.1773 | Valid loss: 0.3482 | Train acc: 0.9022 | Valid acc: 0.8033 | patience:  80 | Epoch time: 0.5 |

2023-01-07 21:45:59,262 - INFO -
| Epoch:    113 | Train loss: 0.1786 | Valid loss: 0.3542 | Train acc: 0.8804 | Valid acc: 0.7869 | patience:  81 | Epoch time: 0.5 |

2023-01-07 21:45:59,729 - INFO -
| Epoch:    114 | Train loss: 0.1767 | Valid loss: 0.3628 | Train acc: 0.8967 | Valid acc: 0.7869 | patience:  82 | Epoch time: 0.5 |

2023-01-07 21:46:00,195 - INFO -
| Epoch:    115 | Train loss: 0.1793 | Valid loss: 0.3479 | Train acc: 0.9130 | Valid acc: 0.8033 | patience:  83 | Epoch time: 0.5 |

2023-01-07 21:46:00,662 - INFO -
| Epoch:    116 | Train loss: 0.1795 | Valid loss: 0.3583 | Train acc: 0.8859 | Valid acc: 0.7705 | patience:  84 | Epoch time: 0.5 |

2023-01-07 21:46:01,128 - INFO -
| Epoch:    117 | Train loss: 0.1763 | Valid loss: 0.3640 | Train acc: 0.9076 | Valid acc: 0.7869 | patience:  85 | Epoch time: 0.5 |

2023-01-07 21:46:01,595 - INFO -
| Epoch:    118 | Train loss: 0.1783 | Valid loss: 0.3491 | Train acc: 0.9130 | Valid acc: 0.8033 | patience:  86 | Epoch time: 0.5 |

2023-01-07 21:46:02,062 - INFO -
| Epoch:    119 | Train loss: 0.1796 | Valid loss: 0.3614 | Train acc: 0.8913 | Valid acc: 0.7869 | patience:  87 | Epoch time: 0.5 |

2023-01-07 21:46:02,529 - INFO -
| Epoch:    120 | Train loss: 0.1764 | Valid loss: 0.3583 | Train acc: 0.9130 | Valid acc: 0.7869 | patience:  88 | Epoch time: 0.5 |

2023-01-07 21:46:02,996 - INFO -
| Epoch:    121 | Train loss: 0.1755 | Valid loss: 0.3611 | Train acc: 0.9076 | Valid acc: 0.7869 | patience:  89 | Epoch time: 0.5 |

2023-01-07 21:46:03,463 - INFO -
| Epoch:    122 | Train loss: 0.1756 | Valid loss: 0.3585 | Train acc: 0.9022 | Valid acc: 0.7869 | patience:  90 | Epoch time: 0.5 |

2023-01-07 21:46:03,929 - INFO -
| Epoch:    123 | Train loss: 0.1753 | Valid loss: 0.3625 | Train acc: 0.9076 | Valid acc: 0.7869 | patience:  91 | Epoch time: 0.5 |

2023-01-07 21:46:04,396 - INFO -
| Epoch:    124 | Train loss: 0.1754 | Valid loss: 0.3572 | Train acc: 0.9076 | Valid acc: 0.7869 | patience:  92 | Epoch time: 0.5 |

2023-01-07 21:46:04,862 - INFO -
| Epoch:    125 | Train loss: 0.1759 | Valid loss: 0.3672 | Train acc: 0.9076 | Valid acc: 0.7869 | patience:  93 | Epoch time: 0.5 |

2023-01-07 21:46:05,329 - INFO -
| Epoch:    126 | Train loss: 0.1775 | Valid loss: 0.3520 | Train acc: 0.9130 | Valid acc: 0.7869 | patience:  94 | Epoch time: 0.5 |

2023-01-07 21:46:05,796 - INFO -
| Epoch:    127 | Train loss: 0.1801 | Valid loss: 0.3727 | Train acc: 0.8913 | Valid acc: 0.7869 | patience:  95 | Epoch time: 0.5 |

2023-01-07 21:46:06,262 - INFO -
| Epoch:    128 | Train loss: 0.1823 | Valid loss: 0.3634 | Train acc: 0.9022 | Valid acc: 0.7869 | patience:  96 | Epoch time: 0.5 |

2023-01-07 21:46:06,728 - INFO -
| Epoch:    129 | Train loss: 0.1750 | Valid loss: 0.3456 | Train acc: 0.9076 | Valid acc: 0.7705 | patience:  97 | Epoch time: 0.5 |

2023-01-07 21:46:07,193 - INFO -
| Epoch:    130 | Train loss: 0.1881 | Valid loss: 0.3728 | Train acc: 0.8913 | Valid acc: 0.7869 | patience:  98 | Epoch time: 0.5 |

2023-01-07 21:46:07,660 - INFO -
| Epoch:    131 | Train loss: 0.1832 | Valid loss: 0.3694 | Train acc: 0.8967 | Valid acc: 0.7869 | patience:  99 | Epoch time: 0.5 |

2023-01-07 21:46:08,126 - INFO -
| Epoch:    132 | Train loss: 0.1801 | Valid loss: 0.3447 | Train acc: 0.9076 | Valid acc: 0.7705 | patience: 100 | Epoch time: 0.5 |

2023-01-07 21:46:08,592 - INFO -
| Epoch:    133 | Train loss: 0.1892 | Valid loss: 0.3629 | Train acc: 0.8913 | Valid acc: 0.8033 | patience: 101 | Epoch time: 0.5 |

2023-01-07 21:46:09,059 - INFO -
| Epoch:    134 | Train loss: 0.1762 | Valid loss: 0.3723 | Train acc: 0.9076 | Valid acc: 0.7869 | patience: 102 | Epoch time: 0.5 |

2023-01-07 21:46:09,526 - INFO -
| Epoch:    135 | Train loss: 0.1825 | Valid loss: 0.3522 | Train acc: 0.9022 | Valid acc: 0.7869 | patience: 103 | Epoch time: 0.5 |

2023-01-07 21:46:09,993 - INFO -
| Epoch:    136 | Train loss: 0.1768 | Valid loss: 0.3522 | Train acc: 0.9022 | Valid acc: 0.7705 | patience: 104 | Epoch time: 0.5 |

2023-01-07 21:46:10,460 - INFO -
| Epoch:    137 | Train loss: 0.1773 | Valid loss: 0.3709 | Train acc: 0.9076 | Valid acc: 0.7869 | patience: 105 | Epoch time: 0.5 |

2023-01-07 21:46:10,927 - INFO -
| Epoch:    138 | Train loss: 0.1775 | Valid loss: 0.3648 | Train acc: 0.9130 | Valid acc: 0.7869 | patience: 106 | Epoch time: 0.5 |

2023-01-07 21:46:11,393 - INFO -
| Epoch:    139 | Train loss: 0.1733 | Valid loss: 0.3551 | Train acc: 0.9130 | Valid acc: 0.7705 | patience: 107 | Epoch time: 0.5 |

2023-01-07 21:46:11,860 - INFO -
| Epoch:    140 | Train loss: 0.1799 | Valid loss: 0.3714 | Train acc: 0.8967 | Valid acc: 0.7869 | patience: 108 | Epoch time: 0.5 |

2023-01-07 21:46:12,326 - INFO -
| Epoch:    141 | Train loss: 0.1761 | Valid loss: 0.3699 | Train acc: 0.9130 | Valid acc: 0.7869 | patience: 109 | Epoch time: 0.5 |

2023-01-07 21:46:12,793 - INFO -
| Epoch:    142 | Train loss: 0.1745 | Valid loss: 0.3551 | Train acc: 0.9130 | Valid acc: 0.7869 | patience: 110 | Epoch time: 0.5 |

2023-01-07 21:46:13,260 - INFO -
| Epoch:    143 | Train loss: 0.1786 | Valid loss: 0.3686 | Train acc: 0.8967 | Valid acc: 0.8033 | patience: 111 | Epoch time: 0.5 |

2023-01-07 21:46:13,727 - INFO -
| Epoch:    144 | Train loss: 0.1733 | Valid loss: 0.3708 | Train acc: 0.9185 | Valid acc: 0.7869 | patience: 112 | Epoch time: 0.5 |

2023-01-07 21:46:14,194 - INFO -
| Epoch:    145 | Train loss: 0.1744 | Valid loss: 0.3540 | Train acc: 0.9130 | Valid acc: 0.7869 | patience: 113 | Epoch time: 0.5 |

2023-01-07 21:46:14,661 - INFO -
| Epoch:    146 | Train loss: 0.1771 | Valid loss: 0.3623 | Train acc: 0.8967 | Valid acc: 0.7869 | patience: 114 | Epoch time: 0.5 |

2023-01-07 21:46:15,127 - INFO -
| Epoch:    147 | Train loss: 0.1731 | Valid loss: 0.3728 | Train acc: 0.9130 | Valid acc: 0.7869 | patience: 115 | Epoch time: 0.5 |

2023-01-07 21:46:15,594 - INFO -
| Epoch:    148 | Train loss: 0.1761 | Valid loss: 0.3596 | Train acc: 0.9130 | Valid acc: 0.7869 | patience: 116 | Epoch time: 0.5 |

2023-01-07 21:46:16,062 - INFO -
| Epoch:    149 | Train loss: 0.1733 | Valid loss: 0.3574 | Train acc: 0.9022 | Valid acc: 0.8033 | patience: 117 | Epoch time: 0.5 |

2023-01-07 21:46:16,529 - INFO -
| Epoch:    150 | Train loss: 0.1742 | Valid loss: 0.3705 | Train acc: 0.9076 | Valid acc: 0.7869 | patience: 118 | Epoch time: 0.5 |

2023-01-07 21:46:16,996 - INFO -
| Epoch:    151 | Train loss: 0.1740 | Valid loss: 0.3682 | Train acc: 0.9185 | Valid acc: 0.8033 | patience: 119 | Epoch time: 0.5 |

2023-01-07 21:46:17,462 - INFO -
| Epoch:    152 | Train loss: 0.1725 | Valid loss: 0.3577 | Train acc: 0.9130 | Valid acc: 0.7869 | patience: 120 | Epoch time: 0.5 |

2023-01-07 21:46:17,930 - INFO -
| Epoch:    153 | Train loss: 0.1756 | Valid loss: 0.3719 | Train acc: 0.9022 | Valid acc: 0.8033 | patience: 121 | Epoch time: 0.5 |

2023-01-07 21:46:18,397 - INFO -
| Epoch:    154 | Train loss: 0.1724 | Valid loss: 0.3722 | Train acc: 0.9130 | Valid acc: 0.8033 | patience: 122 | Epoch time: 0.5 |

2023-01-07 21:46:18,864 - INFO -
| Epoch:    155 | Train loss: 0.1721 | Valid loss: 0.3655 | Train acc: 0.9076 | Valid acc: 0.7869 | patience: 123 | Epoch time: 0.5 |

2023-01-07 21:46:19,331 - INFO -
| Epoch:    156 | Train loss: 0.1722 | Valid loss: 0.3675 | Train acc: 0.9130 | Valid acc: 0.7869 | patience: 124 | Epoch time: 0.5 |

2023-01-07 21:46:19,798 - INFO -
| Epoch:    157 | Train loss: 0.1717 | Valid loss: 0.3743 | Train acc: 0.9130 | Valid acc: 0.8033 | patience: 125 | Epoch time: 0.5 |

2023-01-07 21:46:20,264 - INFO -
| Epoch:    158 | Train loss: 0.1717 | Valid loss: 0.3711 | Train acc: 0.9130 | Valid acc: 0.7869 | patience: 126 | Epoch time: 0.5 |

2023-01-07 21:46:20,731 - INFO -
| Epoch:    159 | Train loss: 0.1708 | Valid loss: 0.3690 | Train acc: 0.9130 | Valid acc: 0.7869 | patience: 127 | Epoch time: 0.5 |

2023-01-07 21:46:21,199 - INFO -
| Epoch:    160 | Train loss: 0.1711 | Valid loss: 0.3743 | Train acc: 0.9130 | Valid acc: 0.8033 | patience: 128 | Epoch time: 0.5 |

2023-01-07 21:46:21,666 - INFO -
| Epoch:    161 | Train loss: 0.1710 | Valid loss: 0.3665 | Train acc: 0.9130 | Valid acc: 0.7869 | patience: 129 | Epoch time: 0.5 |

2023-01-07 21:46:22,133 - INFO -
| Epoch:    162 | Train loss: 0.1722 | Valid loss: 0.3783 | Train acc: 0.9076 | Valid acc: 0.8033 | patience: 130 | Epoch time: 0.5 |

2023-01-07 21:46:22,600 - INFO -
| Epoch:    163 | Train loss: 0.1723 | Valid loss: 0.3718 | Train acc: 0.9076 | Valid acc: 0.7869 | patience: 131 | Epoch time: 0.5 |

2023-01-07 21:46:23,067 - INFO -
| Epoch:    164 | Train loss: 0.1704 | Valid loss: 0.3689 | Train acc: 0.9130 | Valid acc: 0.7869 | patience: 132 | Epoch time: 0.5 |

2023-01-07 21:46:23,534 - INFO -
| Epoch:    165 | Train loss: 0.1713 | Valid loss: 0.3778 | Train acc: 0.9076 | Valid acc: 0.8033 | patience: 133 | Epoch time: 0.5 |

2023-01-07 21:46:24,001 - INFO -
| Epoch:    166 | Train loss: 0.1707 | Valid loss: 0.3763 | Train acc: 0.9130 | Valid acc: 0.7869 | patience: 134 | Epoch time: 0.5 |

2023-01-07 21:46:24,468 - INFO -
| Epoch:    167 | Train loss: 0.1699 | Valid loss: 0.3677 | Train acc: 0.9130 | Valid acc: 0.7705 | patience: 135 | Epoch time: 0.5 |

2023-01-07 21:46:24,935 - INFO -
| Epoch:    168 | Train loss: 0.1730 | Valid loss: 0.3876 | Train acc: 0.9076 | Valid acc: 0.7869 | patience: 136 | Epoch time: 0.5 |

2023-01-07 21:46:25,402 - INFO -
| Epoch:    169 | Train loss: 0.1762 | Valid loss: 0.3798 | Train acc: 0.9076 | Valid acc: 0.8033 | patience: 137 | Epoch time: 0.5 |

2023-01-07 21:46:25,869 - INFO -
| Epoch:    170 | Train loss: 0.1700 | Valid loss: 0.3651 | Train acc: 0.9130 | Valid acc: 0.7705 | patience: 138 | Epoch time: 0.5 |

2023-01-07 21:46:26,336 - INFO -
| Epoch:    171 | Train loss: 0.1820 | Valid loss: 0.3919 | Train acc: 0.8967 | Valid acc: 0.7705 | patience: 139 | Epoch time: 0.5 |

2023-01-07 21:46:26,803 - INFO -
| Epoch:    172 | Train loss: 0.1772 | Valid loss: 0.3894 | Train acc: 0.9022 | Valid acc: 0.7869 | patience: 140 | Epoch time: 0.5 |

2023-01-07 21:46:27,270 - INFO -
| Epoch:    173 | Train loss: 0.1739 | Valid loss: 0.3671 | Train acc: 0.9130 | Valid acc: 0.7705 | patience: 141 | Epoch time: 0.5 |

2023-01-07 21:46:27,739 - INFO -
| Epoch:    174 | Train loss: 0.1781 | Valid loss: 0.3843 | Train acc: 0.8967 | Valid acc: 0.8033 | patience: 142 | Epoch time: 0.5 |

2023-01-07 21:46:28,205 - INFO -
| Epoch:    175 | Train loss: 0.1704 | Valid loss: 0.3885 | Train acc: 0.9076 | Valid acc: 0.7869 | patience: 143 | Epoch time: 0.5 |

2023-01-07 21:46:28,672 - INFO -
| Epoch:    176 | Train loss: 0.1729 | Valid loss: 0.3699 | Train acc: 0.9076 | Valid acc: 0.7705 | patience: 144 | Epoch time: 0.5 |

2023-01-07 21:46:29,139 - INFO -
| Epoch:    177 | Train loss: 0.1720 | Valid loss: 0.3789 | Train acc: 0.9130 | Valid acc: 0.7869 | patience: 145 | Epoch time: 0.5 |

2023-01-07 21:46:29,606 - INFO -
| Epoch:    178 | Train loss: 0.1688 | Valid loss: 0.3839 | Train acc: 0.9130 | Valid acc: 0.8033 | patience: 146 | Epoch time: 0.5 |

2023-01-07 21:46:30,073 - INFO -
| Epoch:    179 | Train loss: 0.1703 | Valid loss: 0.3718 | Train acc: 0.9076 | Valid acc: 0.7541 | patience: 147 | Epoch time: 0.5 |

2023-01-07 21:46:30,540 - INFO -
| Epoch:    180 | Train loss: 0.1705 | Valid loss: 0.3827 | Train acc: 0.9185 | Valid acc: 0.8033 | patience: 148 | Epoch time: 0.5 |

2023-01-07 21:46:31,008 - INFO -
| Epoch:    181 | Train loss: 0.1691 | Valid loss: 0.3840 | Train acc: 0.9130 | Valid acc: 0.8033 | patience: 149 | Epoch time: 0.5 |

2023-01-07 21:46:31,475 - INFO -
| Epoch:    182 | Train loss: 0.1690 | Valid loss: 0.3745 | Train acc: 0.9130 | Valid acc: 0.7705 | patience: 150 | Epoch time: 0.5 |

2023-01-07 21:46:31,942 - INFO -
| Epoch:    183 | Train loss: 0.1691 | Valid loss: 0.3799 | Train acc: 0.9185 | Valid acc: 0.7869 | patience: 151 | Epoch time: 0.5 |

2023-01-07 21:46:32,409 - INFO -
| Epoch:    184 | Train loss: 0.1681 | Valid loss: 0.3820 | Train acc: 0.9130 | Valid acc: 0.7869 | patience: 152 | Epoch time: 0.5 |

2023-01-07 21:46:32,875 - INFO -
| Epoch:    185 | Train loss: 0.1680 | Valid loss: 0.3853 | Train acc: 0.9130 | Valid acc: 0.7869 | patience: 153 | Epoch time: 0.5 |

2023-01-07 21:46:33,341 - INFO -
| Epoch:    186 | Train loss: 0.1682 | Valid loss: 0.3821 | Train acc: 0.9130 | Valid acc: 0.7705 | patience: 154 | Epoch time: 0.5 |

2023-01-07 21:46:33,808 - INFO -
| Epoch:    187 | Train loss: 0.1675 | Valid loss: 0.3769 | Train acc: 0.9130 | Valid acc: 0.7705 | patience: 155 | Epoch time: 0.5 |

2023-01-07 21:46:34,275 - INFO -
| Epoch:    188 | Train loss: 0.1689 | Valid loss: 0.3929 | Train acc: 0.9185 | Valid acc: 0.7869 | patience: 156 | Epoch time: 0.5 |

2023-01-07 21:46:34,742 - INFO -
| Epoch:    189 | Train loss: 0.1709 | Valid loss: 0.3892 | Train acc: 0.9130 | Valid acc: 0.8033 | patience: 157 | Epoch time: 0.5 |

2023-01-07 21:46:35,209 - INFO -
| Epoch:    190 | Train loss: 0.1683 | Valid loss: 0.3754 | Train acc: 0.9130 | Valid acc: 0.7705 | patience: 158 | Epoch time: 0.5 |

2023-01-07 21:46:35,676 - INFO -
| Epoch:    191 | Train loss: 0.1708 | Valid loss: 0.3920 | Train acc: 0.9130 | Valid acc: 0.8033 | patience: 159 | Epoch time: 0.5 |

2023-01-07 21:46:36,143 - INFO -
| Epoch:    192 | Train loss: 0.1692 | Valid loss: 0.3907 | Train acc: 0.9076 | Valid acc: 0.8033 | patience: 160 | Epoch time: 0.5 |

2023-01-07 21:46:36,610 - INFO -
| Epoch:    193 | Train loss: 0.1681 | Valid loss: 0.3800 | Train acc: 0.9130 | Valid acc: 0.7705 | patience: 161 | Epoch time: 0.5 |

2023-01-07 21:46:37,077 - INFO -
| Epoch:    194 | Train loss: 0.1678 | Valid loss: 0.3872 | Train acc: 0.9185 | Valid acc: 0.7705 | patience: 162 | Epoch time: 0.5 |

2023-01-07 21:46:37,544 - INFO -
| Epoch:    195 | Train loss: 0.1668 | Valid loss: 0.3885 | Train acc: 0.9130 | Valid acc: 0.7705 | patience: 163 | Epoch time: 0.5 |

2023-01-07 21:46:38,011 - INFO -
| Epoch:    196 | Train loss: 0.1668 | Valid loss: 0.3830 | Train acc: 0.9130 | Valid acc: 0.7705 | patience: 164 | Epoch time: 0.5 |

2023-01-07 21:46:38,478 - INFO -
| Epoch:    197 | Train loss: 0.1669 | Valid loss: 0.3917 | Train acc: 0.9130 | Valid acc: 0.8033 | patience: 165 | Epoch time: 0.5 |

2023-01-07 21:46:38,945 - INFO -
| Epoch:    198 | Train loss: 0.1673 | Valid loss: 0.3863 | Train acc: 0.9130 | Valid acc: 0.7705 | patience: 166 | Epoch time: 0.5 |

2023-01-07 21:46:39,412 - INFO -
| Epoch:    199 | Train loss: 0.1663 | Valid loss: 0.3835 | Train acc: 0.9130 | Valid acc: 0.7705 | patience: 167 | Epoch time: 0.5 |

2023-01-07 21:46:39,879 - INFO -
| Epoch:    200 | Train loss: 0.1667 | Valid loss: 0.3950 | Train acc: 0.9185 | Valid acc: 0.8033 | patience: 168 | Epoch time: 0.5 |

2023-01-07 21:46:40,346 - INFO -
| Epoch:    201 | Train loss: 0.1678 | Valid loss: 0.3929 | Train acc: 0.9130 | Valid acc: 0.8033 | patience: 169 | Epoch time: 0.5 |

2023-01-07 21:46:40,813 - INFO -
| Epoch:    202 | Train loss: 0.1668 | Valid loss: 0.3823 | Train acc: 0.9130 | Valid acc: 0.7705 | patience: 170 | Epoch time: 0.5 |

2023-01-07 21:46:41,280 - INFO -
| Epoch:    203 | Train loss: 0.1693 | Valid loss: 0.3972 | Train acc: 0.9130 | Valid acc: 0.7869 | patience: 171 | Epoch time: 0.5 |

2023-01-07 21:46:41,747 - INFO -
| Epoch:    204 | Train loss: 0.1676 | Valid loss: 0.3987 | Train acc: 0.9076 | Valid acc: 0.7869 | patience: 172 | Epoch time: 0.5 |

2023-01-07 21:46:42,213 - INFO -
| Epoch:    205 | Train loss: 0.1683 | Valid loss: 0.3834 | Train acc: 0.9130 | Valid acc: 0.7705 | patience: 173 | Epoch time: 0.5 |

2023-01-07 21:46:42,680 - INFO -
| Epoch:    206 | Train loss: 0.1697 | Valid loss: 0.3947 | Train acc: 0.9185 | Valid acc: 0.8033 | patience: 174 | Epoch time: 0.5 |

2023-01-07 21:46:43,147 - INFO -
| Epoch:    207 | Train loss: 0.1662 | Valid loss: 0.3998 | Train acc: 0.9130 | Valid acc: 0.7705 | patience: 175 | Epoch time: 0.5 |

2023-01-07 21:46:43,614 - INFO -
| Epoch:    208 | Train loss: 0.1687 | Valid loss: 0.3840 | Train acc: 0.9130 | Valid acc: 0.7705 | patience: 176 | Epoch time: 0.5 |

2023-01-07 21:46:44,081 - INFO -
| Epoch:    209 | Train loss: 0.1687 | Valid loss: 0.3955 | Train acc: 0.9185 | Valid acc: 0.8033 | patience: 177 | Epoch time: 0.5 |

2023-01-07 21:46:44,548 - INFO -
| Epoch:    210 | Train loss: 0.1662 | Valid loss: 0.3994 | Train acc: 0.9130 | Valid acc: 0.7705 | patience: 178 | Epoch time: 0.5 |

2023-01-07 21:46:45,016 - INFO -
| Epoch:    211 | Train loss: 0.1674 | Valid loss: 0.3910 | Train acc: 0.9076 | Valid acc: 0.7705 | patience: 179 | Epoch time: 0.5 |

2023-01-07 21:46:45,483 - INFO -
| Epoch:    212 | Train loss: 0.1654 | Valid loss: 0.3870 | Train acc: 0.9130 | Valid acc: 0.7541 | patience: 180 | Epoch time: 0.5 |

2023-01-07 21:46:45,950 - INFO -
| Epoch:    213 | Train loss: 0.1668 | Valid loss: 0.3979 | Train acc: 0.9185 | Valid acc: 0.8033 | patience: 181 | Epoch time: 0.5 |

2023-01-07 21:46:46,417 - INFO -
| Epoch:    214 | Train loss: 0.1658 | Valid loss: 0.4017 | Train acc: 0.9130 | Valid acc: 0.7705 | patience: 182 | Epoch time: 0.5 |

2023-01-07 21:46:46,884 - INFO -
| Epoch:    215 | Train loss: 0.1674 | Valid loss: 0.3876 | Train acc: 0.9130 | Valid acc: 0.7541 | patience: 183 | Epoch time: 0.5 |

2023-01-07 21:46:47,351 - INFO -
| Epoch:    216 | Train loss: 0.1675 | Valid loss: 0.3955 | Train acc: 0.9185 | Valid acc: 0.7705 | patience: 184 | Epoch time: 0.5 |

2023-01-07 21:46:47,818 - INFO -
| Epoch:    217 | Train loss: 0.1650 | Valid loss: 0.4032 | Train acc: 0.9130 | Valid acc: 0.7705 | patience: 185 | Epoch time: 0.5 |

2023-01-07 21:46:48,285 - INFO -
| Epoch:    218 | Train loss: 0.1668 | Valid loss: 0.3971 | Train acc: 0.9076 | Valid acc: 0.7705 | patience: 186 | Epoch time: 0.5 |

2023-01-07 21:46:48,752 - INFO -
| Epoch:    219 | Train loss: 0.1649 | Valid loss: 0.3914 | Train acc: 0.9130 | Valid acc: 0.7705 | patience: 187 | Epoch time: 0.5 |

2023-01-07 21:46:49,219 - INFO -
| Epoch:    220 | Train loss: 0.1661 | Valid loss: 0.3999 | Train acc: 0.9185 | Valid acc: 0.8033 | patience: 188 | Epoch time: 0.5 |

2023-01-07 21:46:49,686 - INFO -
| Epoch:    221 | Train loss: 0.1649 | Valid loss: 0.4025 | Train acc: 0.9130 | Valid acc: 0.8033 | patience: 189 | Epoch time: 0.5 |

2023-01-07 21:46:50,154 - INFO -
| Epoch:    222 | Train loss: 0.1653 | Valid loss: 0.3960 | Train acc: 0.9130 | Valid acc: 0.7705 | patience: 190 | Epoch time: 0.5 |

2023-01-07 21:46:50,621 - INFO -
| Epoch:    223 | Train loss: 0.1650 | Valid loss: 0.3940 | Train acc: 0.9130 | Valid acc: 0.7705 | patience: 191 | Epoch time: 0.5 |

2023-01-07 21:46:51,087 - INFO -
| Epoch:    224 | Train loss: 0.1657 | Valid loss: 0.4040 | Train acc: 0.9185 | Valid acc: 0.8033 | patience: 192 | Epoch time: 0.5 |

2023-01-07 21:46:51,554 - INFO -
| Epoch:    225 | Train loss: 0.1651 | Valid loss: 0.4051 | Train acc: 0.9130 | Valid acc: 0.7705 | patience: 193 | Epoch time: 0.5 |

2023-01-07 21:46:52,021 - INFO -
| Epoch:    226 | Train loss: 0.1653 | Valid loss: 0.3941 | Train acc: 0.9130 | Valid acc: 0.7705 | patience: 194 | Epoch time: 0.5 |

2023-01-07 21:46:52,488 - INFO -
| Epoch:    227 | Train loss: 0.1651 | Valid loss: 0.3980 | Train acc: 0.9185 | Valid acc: 0.7705 | patience: 195 | Epoch time: 0.5 |

2023-01-07 21:46:52,954 - INFO -
| Epoch:    228 | Train loss: 0.1640 | Valid loss: 0.4039 | Train acc: 0.9130 | Valid acc: 0.8033 | patience: 196 | Epoch time: 0.5 |

2023-01-07 21:46:53,421 - INFO -
| Epoch:    229 | Train loss: 0.1645 | Valid loss: 0.4020 | Train acc: 0.9130 | Valid acc: 0.7869 | patience: 197 | Epoch time: 0.5 |

2023-01-07 21:46:53,888 - INFO -
| Epoch:    230 | Train loss: 0.1640 | Valid loss: 0.3964 | Train acc: 0.9130 | Valid acc: 0.7705 | patience: 198 | Epoch time: 0.5 |

2023-01-07 21:46:54,355 - INFO -
| Epoch:    231 | Train loss: 0.1648 | Valid loss: 0.4011 | Train acc: 0.9185 | Valid acc: 0.7869 | patience: 199 | Epoch time: 0.5 |

2023-01-07 21:46:54,822 - INFO -
| Epoch:    232 | Train loss: 0.1637 | Valid loss: 0.4036 | Train acc: 0.9130 | Valid acc: 0.8033 | patience: 200 | Epoch time: 0.5 |

2023-01-07 21:46:55,289 - INFO -
| Epoch:    233 | Train loss: 0.1640 | Valid loss: 0.3976 | Train acc: 0.9130 | Valid acc: 0.7705 | patience: 201 | Epoch time: 0.5 |

2023-01-07 21:46:55,756 - INFO -
| Epoch:    234 | Train loss: 0.1640 | Valid loss: 0.4002 | Train acc: 0.9185 | Valid acc: 0.7705 | patience: 202 | Epoch time: 0.5 |

2023-01-07 21:46:56,223 - INFO -
| Epoch:    235 | Train loss: 0.1635 | Valid loss: 0.4026 | Train acc: 0.9130 | Valid acc: 0.7869 | patience: 203 | Epoch time: 0.5 |

2023-01-07 21:46:56,690 - INFO -
| Epoch:    236 | Train loss: 0.1634 | Valid loss: 0.4020 | Train acc: 0.9130 | Valid acc: 0.7869 | patience: 204 | Epoch time: 0.5 |

2023-01-07 21:46:57,157 - INFO -
| Epoch:    237 | Train loss: 0.1633 | Valid loss: 0.4004 | Train acc: 0.9130 | Valid acc: 0.7705 | patience: 205 | Epoch time: 0.5 |

2023-01-07 21:46:57,624 - INFO -
| Epoch:    238 | Train loss: 0.1634 | Valid loss: 0.4036 | Train acc: 0.9130 | Valid acc: 0.7869 | patience: 206 | Epoch time: 0.5 |

2023-01-07 21:46:58,091 - INFO -
| Epoch:    239 | Train loss: 0.1632 | Valid loss: 0.4027 | Train acc: 0.9130 | Valid acc: 0.7705 | patience: 207 | Epoch time: 0.5 |

2023-01-07 21:46:58,558 - INFO -
| Epoch:    240 | Train loss: 0.1630 | Valid loss: 0.4035 | Train acc: 0.9130 | Valid acc: 0.7705 | patience: 208 | Epoch time: 0.5 |

2023-01-07 21:46:59,025 - INFO -
| Epoch:    241 | Train loss: 0.1630 | Valid loss: 0.4061 | Train acc: 0.9130 | Valid acc: 0.8033 | patience: 209 | Epoch time: 0.5 |

2023-01-07 21:46:59,492 - INFO -
| Epoch:    242 | Train loss: 0.1631 | Valid loss: 0.4021 | Train acc: 0.9130 | Valid acc: 0.7705 | patience: 210 | Epoch time: 0.5 |

2023-01-07 21:46:59,958 - INFO -
| Epoch:    243 | Train loss: 0.1633 | Valid loss: 0.4072 | Train acc: 0.9130 | Valid acc: 0.8033 | patience: 211 | Epoch time: 0.5 |

2023-01-07 21:47:00,425 - INFO -
| Epoch:    244 | Train loss: 0.1630 | Valid loss: 0.4081 | Train acc: 0.9130 | Valid acc: 0.8033 | patience: 212 | Epoch time: 0.5 |

2023-01-07 21:47:00,892 - INFO -
| Epoch:    245 | Train loss: 0.1631 | Valid loss: 0.4063 | Train acc: 0.9130 | Valid acc: 0.7869 | patience: 213 | Epoch time: 0.5 |

2023-01-07 21:47:01,359 - INFO -
| Epoch:    246 | Train loss: 0.1628 | Valid loss: 0.4063 | Train acc: 0.9130 | Valid acc: 0.8033 | patience: 214 | Epoch time: 0.5 |

2023-01-07 21:47:01,825 - INFO -
| Epoch:    247 | Train loss: 0.1626 | Valid loss: 0.4019 | Train acc: 0.9130 | Valid acc: 0.7705 | patience: 215 | Epoch time: 0.5 |

2023-01-07 21:47:02,292 - INFO -
| Epoch:    248 | Train loss: 0.1629 | Valid loss: 0.4075 | Train acc: 0.9185 | Valid acc: 0.7869 | patience: 216 | Epoch time: 0.5 |

2023-01-07 21:47:02,758 - INFO -
| Epoch:    249 | Train loss: 0.1630 | Valid loss: 0.4071 | Train acc: 0.9130 | Valid acc: 0.7869 | patience: 217 | Epoch time: 0.5 |

2023-01-07 21:47:03,225 - INFO -
| Epoch:    250 | Train loss: 0.1629 | Valid loss: 0.4016 | Train acc: 0.9130 | Valid acc: 0.7705 | patience: 218 | Epoch time: 0.5 |

2023-01-07 21:47:03,692 - INFO -
| Epoch:    251 | Train loss: 0.1629 | Valid loss: 0.4061 | Train acc: 0.9185 | Valid acc: 0.7705 | patience: 219 | Epoch time: 0.5 |

2023-01-07 21:47:04,159 - INFO -
| Epoch:    252 | Train loss: 0.1624 | Valid loss: 0.4092 | Train acc: 0.9185 | Valid acc: 0.7869 | patience: 220 | Epoch time: 0.5 |

2023-01-07 21:47:04,626 - INFO -
| Epoch:    253 | Train loss: 0.1627 | Valid loss: 0.4038 | Train acc: 0.9076 | Valid acc: 0.7705 | patience: 221 | Epoch time: 0.5 |

2023-01-07 21:47:05,093 - INFO -
| Epoch:    254 | Train loss: 0.1627 | Valid loss: 0.4066 | Train acc: 0.9185 | Valid acc: 0.7869 | patience: 222 | Epoch time: 0.5 |

2023-01-07 21:47:05,559 - INFO -
| Epoch:    255 | Train loss: 0.1623 | Valid loss: 0.4102 | Train acc: 0.9130 | Valid acc: 0.7869 | patience: 223 | Epoch time: 0.5 |

2023-01-07 21:47:06,026 - INFO -
| Epoch:    256 | Train loss: 0.1626 | Valid loss: 0.4054 | Train acc: 0.9076 | Valid acc: 0.7705 | patience: 224 | Epoch time: 0.5 |

2023-01-07 21:47:06,493 - INFO -
| Epoch:    257 | Train loss: 0.1623 | Valid loss: 0.4073 | Train acc: 0.9185 | Valid acc: 0.7705 | patience: 225 | Epoch time: 0.5 |

2023-01-07 21:47:06,959 - INFO -
| Epoch:    258 | Train loss: 0.1620 | Valid loss: 0.4076 | Train acc: 0.9185 | Valid acc: 0.7705 | patience: 226 | Epoch time: 0.5 |

2023-01-07 21:47:07,425 - INFO -
| Epoch:    259 | Train loss: 0.1619 | Valid loss: 0.4079 | Train acc: 0.9185 | Valid acc: 0.7705 | patience: 227 | Epoch time: 0.5 |

2023-01-07 21:47:07,892 - INFO -
| Epoch:    260 | Train loss: 0.1619 | Valid loss: 0.4063 | Train acc: 0.9185 | Valid acc: 0.7869 | patience: 228 | Epoch time: 0.5 |

2023-01-07 21:47:08,358 - INFO -
| Epoch:    261 | Train loss: 0.1622 | Valid loss: 0.4101 | Train acc: 0.9185 | Valid acc: 0.7869 | patience: 229 | Epoch time: 0.5 |

2023-01-07 21:47:08,826 - INFO -
| Epoch:    262 | Train loss: 0.1619 | Valid loss: 0.4059 | Train acc: 0.9130 | Valid acc: 0.7869 | patience: 230 | Epoch time: 0.5 |

2023-01-07 21:47:09,292 - INFO -
| Epoch:    263 | Train loss: 0.1619 | Valid loss: 0.4095 | Train acc: 0.9185 | Valid acc: 0.7705 | patience: 231 | Epoch time: 0.5 |

2023-01-07 21:47:09,759 - INFO -
| Epoch:    264 | Train loss: 0.1615 | Valid loss: 0.4105 | Train acc: 0.9185 | Valid acc: 0.7869 | patience: 232 | Epoch time: 0.5 |

2023-01-07 21:47:10,225 - INFO -
| Epoch:    265 | Train loss: 0.1616 | Valid loss: 0.4078 | Train acc: 0.9130 | Valid acc: 0.7705 | patience: 233 | Epoch time: 0.5 |

2023-01-07 21:47:10,692 - INFO -
| Epoch:    266 | Train loss: 0.1614 | Valid loss: 0.4056 | Train acc: 0.9185 | Valid acc: 0.7705 | patience: 234 | Epoch time: 0.5 |

2023-01-07 21:47:11,158 - INFO -
| Epoch:    267 | Train loss: 0.1620 | Valid loss: 0.4181 | Train acc: 0.9185 | Valid acc: 0.7705 | patience: 235 | Epoch time: 0.5 |

2023-01-07 21:47:11,624 - INFO -
| Epoch:    268 | Train loss: 0.1660 | Valid loss: 0.3997 | Train acc: 0.9130 | Valid acc: 0.7541 | patience: 236 | Epoch time: 0.5 |

2023-01-07 21:47:12,091 - INFO -
| Epoch:    269 | Train loss: 0.1666 | Valid loss: 0.4215 | Train acc: 0.9185 | Valid acc: 0.7705 | patience: 237 | Epoch time: 0.5 |

2023-01-07 21:47:12,558 - INFO -
| Epoch:    270 | Train loss: 0.1684 | Valid loss: 0.4076 | Train acc: 0.9130 | Valid acc: 0.7705 | patience: 238 | Epoch time: 0.5 |

2023-01-07 21:47:13,024 - INFO -
| Epoch:    271 | Train loss: 0.1615 | Valid loss: 0.4033 | Train acc: 0.9185 | Valid acc: 0.7541 | patience: 239 | Epoch time: 0.5 |

2023-01-07 21:47:13,491 - INFO -
| Epoch:    272 | Train loss: 0.1628 | Valid loss: 0.4235 | Train acc: 0.9185 | Valid acc: 0.7705 | patience: 240 | Epoch time: 0.5 |

2023-01-07 21:47:13,957 - INFO -
| Epoch:    273 | Train loss: 0.1728 | Valid loss: 0.4033 | Train acc: 0.9076 | Valid acc: 0.7705 | patience: 241 | Epoch time: 0.5 |

2023-01-07 21:47:14,424 - INFO -
| Epoch:    274 | Train loss: 0.1628 | Valid loss: 0.4059 | Train acc: 0.9185 | Valid acc: 0.7705 | patience: 242 | Epoch time: 0.5 |

2023-01-07 21:47:14,890 - INFO -
| Epoch:    275 | Train loss: 0.1615 | Valid loss: 0.4207 | Train acc: 0.9185 | Valid acc: 0.7705 | patience: 243 | Epoch time: 0.5 |

2023-01-07 21:47:15,357 - INFO -
| Epoch:    276 | Train loss: 0.1674 | Valid loss: 0.4056 | Train acc: 0.9130 | Valid acc: 0.7541 | patience: 244 | Epoch time: 0.5 |

2023-01-07 21:47:15,824 - INFO -
| Epoch:    277 | Train loss: 0.1641 | Valid loss: 0.4103 | Train acc: 0.9185 | Valid acc: 0.7869 | patience: 245 | Epoch time: 0.5 |

2023-01-07 21:47:16,290 - INFO -
| Epoch:    278 | Train loss: 0.1608 | Valid loss: 0.4155 | Train acc: 0.9185 | Valid acc: 0.7705 | patience: 246 | Epoch time: 0.5 |

2023-01-07 21:47:16,756 - INFO -
| Epoch:    279 | Train loss: 0.1631 | Valid loss: 0.4013 | Train acc: 0.9076 | Valid acc: 0.7541 | patience: 247 | Epoch time: 0.5 |

2023-01-07 21:47:17,222 - INFO -
| Epoch:    280 | Train loss: 0.1665 | Valid loss: 0.4168 | Train acc: 0.9185 | Valid acc: 0.7705 | patience: 248 | Epoch time: 0.5 |

2023-01-07 21:47:17,689 - INFO -
| Epoch:    281 | Train loss: 0.1610 | Valid loss: 0.4191 | Train acc: 0.9130 | Valid acc: 0.7705 | patience: 249 | Epoch time: 0.5 |

2023-01-07 21:47:18,155 - INFO -
| Epoch:    282 | Train loss: 0.1617 | Valid loss: 0.4112 | Train acc: 0.9130 | Valid acc: 0.7705 | patience: 250 | Epoch time: 0.5 |

2023-01-07 21:47:18,622 - INFO -
| Epoch:    283 | Train loss: 0.1615 | Valid loss: 0.4131 | Train acc: 0.9185 | Valid acc: 0.7705 | patience: 251 | Epoch time: 0.5 |

2023-01-07 21:47:19,089 - INFO -
| Epoch:    284 | Train loss: 0.1603 | Valid loss: 0.4231 | Train acc: 0.9185 | Valid acc: 0.7705 | patience: 252 | Epoch time: 0.5 |

2023-01-07 21:47:19,555 - INFO -
| Epoch:    285 | Train loss: 0.1634 | Valid loss: 0.4088 | Train acc: 0.9130 | Valid acc: 0.7705 | patience: 253 | Epoch time: 0.5 |

2023-01-07 21:47:20,021 - INFO -
| Epoch:    286 | Train loss: 0.1625 | Valid loss: 0.4169 | Train acc: 0.9239 | Valid acc: 0.7869 | patience: 254 | Epoch time: 0.5 |

2023-01-07 21:47:20,487 - INFO -
| Epoch:    287 | Train loss: 0.1602 | Valid loss: 0.4215 | Train acc: 0.9130 | Valid acc: 0.7705 | patience: 255 | Epoch time: 0.5 |

2023-01-07 21:47:20,953 - INFO -
| Epoch:    288 | Train loss: 0.1621 | Valid loss: 0.4120 | Train acc: 0.9076 | Valid acc: 0.7705 | patience: 256 | Epoch time: 0.5 |

2023-01-07 21:47:21,420 - INFO -
| Epoch:    289 | Train loss: 0.1603 | Valid loss: 0.4120 | Train acc: 0.9239 | Valid acc: 0.7705 | patience: 257 | Epoch time: 0.5 |

2023-01-07 21:47:21,886 - INFO -
| Epoch:    290 | Train loss: 0.1601 | Valid loss: 0.4216 | Train acc: 0.9185 | Valid acc: 0.7705 | patience: 258 | Epoch time: 0.5 |

2023-01-07 21:47:22,352 - INFO -
| Epoch:    291 | Train loss: 0.1622 | Valid loss: 0.4075 | Train acc: 0.9076 | Valid acc: 0.7541 | patience: 259 | Epoch time: 0.5 |

2023-01-07 21:47:22,819 - INFO -
| Epoch:    292 | Train loss: 0.1621 | Valid loss: 0.4192 | Train acc: 0.9185 | Valid acc: 0.7869 | patience: 260 | Epoch time: 0.5 |

2023-01-07 21:47:23,286 - INFO -
| Epoch:    293 | Train loss: 0.1606 | Valid loss: 0.4177 | Train acc: 0.9130 | Valid acc: 0.7869 | patience: 261 | Epoch time: 0.5 |

2023-01-07 21:47:23,753 - INFO -
| Epoch:    294 | Train loss: 0.1598 | Valid loss: 0.4085 | Train acc: 0.9130 | Valid acc: 0.7541 | patience: 262 | Epoch time: 0.5 |

2023-01-07 21:47:24,219 - INFO -
| Epoch:    295 | Train loss: 0.1616 | Valid loss: 0.4169 | Train acc: 0.9185 | Valid acc: 0.7869 | patience: 263 | Epoch time: 0.5 |

2023-01-07 21:47:24,685 - INFO -
| Epoch:    296 | Train loss: 0.1591 | Valid loss: 0.4213 | Train acc: 0.9130 | Valid acc: 0.7705 | patience: 264 | Epoch time: 0.5 |

2023-01-07 21:47:25,152 - INFO -
| Epoch:    297 | Train loss: 0.1616 | Valid loss: 0.4024 | Train acc: 0.9130 | Valid acc: 0.7541 | patience: 265 | Epoch time: 0.5 |

2023-01-07 21:47:25,619 - INFO -
| Epoch:    298 | Train loss: 0.1690 | Valid loss: 0.4259 | Train acc: 0.9076 | Valid acc: 0.7705 | patience: 266 | Epoch time: 0.5 |

2023-01-07 21:47:26,085 - INFO -
| Epoch:    299 | Train loss: 0.1648 | Valid loss: 0.4198 | Train acc: 0.9130 | Valid acc: 0.7869 | patience: 267 | Epoch time: 0.5 |

2023-01-07 21:47:26,551 - INFO -
| Epoch:    300 | Train loss: 0.1607 | Valid loss: 0.4039 | Train acc: 0.9130 | Valid acc: 0.7541 | patience: 268 | Epoch time: 0.5 |

2023-01-07 21:47:27,017 - INFO -
| Epoch:    301 | Train loss: 0.1680 | Valid loss: 0.4257 | Train acc: 0.9130 | Valid acc: 0.7705 | patience: 269 | Epoch time: 0.5 |

2023-01-07 21:47:27,483 - INFO -
| Epoch:    302 | Train loss: 0.1652 | Valid loss: 0.4150 | Train acc: 0.9130 | Valid acc: 0.8033 | patience: 270 | Epoch time: 0.5 |

2023-01-07 21:47:27,950 - INFO -
| Epoch:    303 | Train loss: 0.1590 | Valid loss: 0.4043 | Train acc: 0.9130 | Valid acc: 0.7541 | patience: 271 | Epoch time: 0.5 |

2023-01-07 21:47:28,416 - INFO -
| Epoch:    304 | Train loss: 0.1656 | Valid loss: 0.4232 | Train acc: 0.9185 | Valid acc: 0.7705 | patience: 272 | Epoch time: 0.5 |

2023-01-07 21:47:28,882 - INFO -
| Epoch:    305 | Train loss: 0.1629 | Valid loss: 0.4175 | Train acc: 0.9076 | Valid acc: 0.7705 | patience: 273 | Epoch time: 0.5 |

2023-01-07 21:47:29,348 - INFO -
| Epoch:    306 | Train loss: 0.1611 | Valid loss: 0.4072 | Train acc: 0.9130 | Valid acc: 0.7541 | patience: 274 | Epoch time: 0.5 |

2023-01-07 21:47:29,814 - INFO -
| Epoch:    307 | Train loss: 0.1638 | Valid loss: 0.4217 | Train acc: 0.9185 | Valid acc: 0.7705 | patience: 275 | Epoch time: 0.5 |

2023-01-07 21:47:30,280 - INFO -
| Epoch:    308 | Train loss: 0.1613 | Valid loss: 0.4114 | Train acc: 0.9130 | Valid acc: 0.7869 | patience: 276 | Epoch time: 0.5 |

2023-01-07 21:47:30,745 - INFO -
| Epoch:    309 | Train loss: 0.1598 | Valid loss: 0.4178 | Train acc: 0.9185 | Valid acc: 0.7869 | patience: 277 | Epoch time: 0.5 |

2023-01-07 21:47:31,212 - INFO -
| Epoch:    310 | Train loss: 0.1590 | Valid loss: 0.4182 | Train acc: 0.9130 | Valid acc: 0.7869 | patience: 278 | Epoch time: 0.5 |

2023-01-07 21:47:31,678 - INFO -
| Epoch:    311 | Train loss: 0.1584 | Valid loss: 0.4156 | Train acc: 0.9130 | Valid acc: 0.7869 | patience: 279 | Epoch time: 0.5 |

2023-01-07 21:47:32,144 - INFO -
| Epoch:    312 | Train loss: 0.1587 | Valid loss: 0.4192 | Train acc: 0.9185 | Valid acc: 0.7869 | patience: 280 | Epoch time: 0.5 |

2023-01-07 21:47:32,610 - INFO -
| Epoch:    313 | Train loss: 0.1586 | Valid loss: 0.4162 | Train acc: 0.9130 | Valid acc: 0.8033 | patience: 281 | Epoch time: 0.5 |

2023-01-07 21:47:33,077 - INFO -
| Epoch:    314 | Train loss: 0.1581 | Valid loss: 0.4172 | Train acc: 0.9185 | Valid acc: 0.7869 | patience: 282 | Epoch time: 0.5 |

2023-01-07 21:47:33,543 - INFO -
| Epoch:    315 | Train loss: 0.1583 | Valid loss: 0.4186 | Train acc: 0.9185 | Valid acc: 0.7869 | patience: 283 | Epoch time: 0.5 |

2023-01-07 21:47:34,010 - INFO -
| Epoch:    316 | Train loss: 0.1583 | Valid loss: 0.4135 | Train acc: 0.9130 | Valid acc: 0.7705 | patience: 284 | Epoch time: 0.5 |

2023-01-07 21:47:34,477 - INFO -
| Epoch:    317 | Train loss: 0.1600 | Valid loss: 0.4273 | Train acc: 0.9185 | Valid acc: 0.7705 | patience: 285 | Epoch time: 0.5 |

2023-01-07 21:47:34,943 - INFO -
| Epoch:    318 | Train loss: 0.1618 | Valid loss: 0.4180 | Train acc: 0.9076 | Valid acc: 0.7705 | patience: 286 | Epoch time: 0.5 |

2023-01-07 21:47:35,409 - INFO -
| Epoch:    319 | Train loss: 0.1597 | Valid loss: 0.4122 | Train acc: 0.9185 | Valid acc: 0.7541 | patience: 287 | Epoch time: 0.5 |

2023-01-07 21:47:35,875 - INFO -
| Epoch:    320 | Train loss: 0.1627 | Valid loss: 0.4347 | Train acc: 0.9185 | Valid acc: 0.7541 | patience: 288 | Epoch time: 0.5 |

2023-01-07 21:47:36,341 - INFO -
| Epoch:    321 | Train loss: 0.1714 | Valid loss: 0.4164 | Train acc: 0.9185 | Valid acc: 0.7705 | patience: 289 | Epoch time: 0.5 |

2023-01-07 21:47:36,808 - INFO -
| Epoch:    322 | Train loss: 0.1585 | Valid loss: 0.4130 | Train acc: 0.9185 | Valid acc: 0.7541 | patience: 290 | Epoch time: 0.5 |

2023-01-07 21:47:37,274 - INFO -
| Epoch:    323 | Train loss: 0.1599 | Valid loss: 0.4294 | Train acc: 0.9185 | Valid acc: 0.7705 | patience: 291 | Epoch time: 0.5 |

2023-01-07 21:47:37,740 - INFO -
| Epoch:    324 | Train loss: 0.1666 | Valid loss: 0.4147 | Train acc: 0.9185 | Valid acc: 0.7541 | patience: 292 | Epoch time: 0.5 |

2023-01-07 21:47:38,207 - INFO -
| Epoch:    325 | Train loss: 0.1589 | Valid loss: 0.4098 | Train acc: 0.9185 | Valid acc: 0.7541 | patience: 293 | Epoch time: 0.5 |

2023-01-07 21:47:38,674 - INFO -
| Epoch:    326 | Train loss: 0.1617 | Valid loss: 0.4298 | Train acc: 0.9185 | Valid acc: 0.7705 | patience: 294 | Epoch time: 0.5 |

2023-01-07 21:47:39,140 - INFO -
| Epoch:    327 | Train loss: 0.1661 | Valid loss: 0.4194 | Train acc: 0.9185 | Valid acc: 0.7869 | patience: 295 | Epoch time: 0.5 |

2023-01-07 21:47:39,607 - INFO -
| Epoch:    328 | Train loss: 0.1574 | Valid loss: 0.4084 | Train acc: 0.9130 | Valid acc: 0.7541 | patience: 296 | Epoch time: 0.5 |

2023-01-07 21:47:40,073 - INFO -
| Epoch:    329 | Train loss: 0.1647 | Valid loss: 0.4269 | Train acc: 0.9185 | Valid acc: 0.7705 | patience: 297 | Epoch time: 0.5 |

2023-01-07 21:47:40,539 - INFO -
| Epoch:    330 | Train loss: 0.1607 | Valid loss: 0.4220 | Train acc: 0.9076 | Valid acc: 0.7869 | patience: 298 | Epoch time: 0.5 |

2023-01-07 21:47:41,005 - INFO -
| Epoch:    331 | Train loss: 0.1578 | Valid loss: 0.4121 | Train acc: 0.9130 | Valid acc: 0.7541 | patience: 299 | Epoch time: 0.5 |

2023-01-07 21:47:41,471 - INFO -
| Epoch:    332 | Train loss: 0.1618 | Valid loss: 0.4277 | Train acc: 0.9185 | Valid acc: 0.7705 | patience: 300 | Epoch time: 0.5 |

2023-01-07 21:47:41,938 - INFO -
| Epoch:    333 | Train loss: 0.1606 | Valid loss: 0.4245 | Train acc: 0.9130 | Valid acc: 0.7869 | patience: 301 | Epoch time: 0.5 |

2023-01-07 21:47:42,405 - INFO -
| Epoch:    334 | Train loss: 0.1593 | Valid loss: 0.4162 | Train acc: 0.9185 | Valid acc: 0.7541 | patience: 302 | Epoch time: 0.5 |

2023-01-07 21:47:42,871 - INFO -
| Epoch:    335 | Train loss: 0.1586 | Valid loss: 0.4216 | Train acc: 0.9185 | Valid acc: 0.7869 | patience: 303 | Epoch time: 0.5 |

2023-01-07 21:47:43,337 - INFO -
| Epoch:    336 | Train loss: 0.1577 | Valid loss: 0.4166 | Train acc: 0.9185 | Valid acc: 0.8033 | patience: 304 | Epoch time: 0.5 |

2023-01-07 21:47:43,804 - INFO -
| Epoch:    337 | Train loss: 0.1581 | Valid loss: 0.4221 | Train acc: 0.9185 | Valid acc: 0.7869 | patience: 305 | Epoch time: 0.5 |

2023-01-07 21:47:44,270 - INFO -
| Epoch:    338 | Train loss: 0.1573 | Valid loss: 0.4174 | Train acc: 0.9130 | Valid acc: 0.7705 | patience: 306 | Epoch time: 0.5 |

2023-01-07 21:47:44,736 - INFO -
| Epoch:    339 | Train loss: 0.1579 | Valid loss: 0.4295 | Train acc: 0.9185 | Valid acc: 0.7705 | patience: 307 | Epoch time: 0.5 |

2023-01-07 21:47:45,202 - INFO -
| Epoch:    340 | Train loss: 0.1611 | Valid loss: 0.4179 | Train acc: 0.9130 | Valid acc: 0.7705 | patience: 308 | Epoch time: 0.5 |

2023-01-07 21:47:45,669 - INFO -
| Epoch:    341 | Train loss: 0.1592 | Valid loss: 0.4119 | Train acc: 0.9185 | Valid acc: 0.7541 | patience: 309 | Epoch time: 0.5 |

2023-01-07 21:47:46,135 - INFO -
| Epoch:    342 | Train loss: 0.1618 | Valid loss: 0.4337 | Train acc: 0.9185 | Valid acc: 0.7541 | patience: 310 | Epoch time: 0.5 |

2023-01-07 21:47:46,602 - INFO -
| Epoch:    343 | Train loss: 0.1689 | Valid loss: 0.4170 | Train acc: 0.9185 | Valid acc: 0.7869 | patience: 311 | Epoch time: 0.5 |

2023-01-07 21:47:47,068 - INFO -
| Epoch:    344 | Train loss: 0.1567 | Valid loss: 0.4078 | Train acc: 0.9185 | Valid acc: 0.7541 | patience: 312 | Epoch time: 0.5 |

2023-01-07 21:47:47,534 - INFO -
| Epoch:    345 | Train loss: 0.1629 | Valid loss: 0.4286 | Train acc: 0.9185 | Valid acc: 0.7705 | patience: 313 | Epoch time: 0.5 |

2023-01-07 21:47:48,001 - INFO -
| Epoch:    346 | Train loss: 0.1648 | Valid loss: 0.4237 | Train acc: 0.9185 | Valid acc: 0.7869 | patience: 314 | Epoch time: 0.5 |

2023-01-07 21:47:48,468 - INFO -
| Epoch:    347 | Train loss: 0.1595 | Valid loss: 0.4051 | Train acc: 0.9185 | Valid acc: 0.7541 | patience: 315 | Epoch time: 0.5 |

2023-01-07 21:47:48,934 - INFO -
| Epoch:    348 | Train loss: 0.1681 | Valid loss: 0.4262 | Train acc: 0.9185 | Valid acc: 0.7705 | patience: 316 | Epoch time: 0.5 |

2023-01-07 21:47:49,400 - INFO -
| Epoch:    349 | Train loss: 0.1590 | Valid loss: 0.4289 | Train acc: 0.9130 | Valid acc: 0.7705 | patience: 317 | Epoch time: 0.5 |

2023-01-07 21:47:49,866 - INFO -
| Epoch:    350 | Train loss: 0.1607 | Valid loss: 0.4114 | Train acc: 0.9130 | Valid acc: 0.7705 | patience: 318 | Epoch time: 0.5 |

2023-01-07 21:47:50,334 - INFO -
| Epoch:    351 | Train loss: 0.1639 | Valid loss: 0.4164 | Train acc: 0.9185 | Valid acc: 0.7869 | patience: 319 | Epoch time: 0.5 |

2023-01-07 21:47:50,801 - INFO -
| Epoch:    352 | Train loss: 0.1596 | Valid loss: 0.4377 | Train acc: 0.9130 | Valid acc: 0.7541 | patience: 320 | Epoch time: 0.5 |

2023-01-07 21:47:51,267 - INFO -
| Epoch:    353 | Train loss: 0.1736 | Valid loss: 0.4205 | Train acc: 0.9185 | Valid acc: 0.7869 | patience: 321 | Epoch time: 0.5 |

2023-01-07 21:47:51,733 - INFO -
| Epoch:    354 | Train loss: 0.1589 | Valid loss: 0.4018 | Train acc: 0.9185 | Valid acc: 0.7705 | patience: 322 | Epoch time: 0.5 |

2023-01-07 21:47:52,200 - INFO -
| Epoch:    355 | Train loss: 0.1769 | Valid loss: 0.4318 | Train acc: 0.9130 | Valid acc: 0.7541 | patience: 323 | Epoch time: 0.5 |

2023-01-07 21:47:52,667 - INFO -
| Epoch:    356 | Train loss: 0.1675 | Valid loss: 0.4305 | Train acc: 0.9185 | Valid acc: 0.7705 | patience: 324 | Epoch time: 0.5 |

2023-01-07 21:47:53,134 - INFO -
| Epoch:    357 | Train loss: 0.1661 | Valid loss: 0.4051 | Train acc: 0.9185 | Valid acc: 0.7541 | patience: 325 | Epoch time: 0.5 |

2023-01-07 21:47:53,601 - INFO -
| Epoch:    358 | Train loss: 0.1681 | Valid loss: 0.4082 | Train acc: 0.9185 | Valid acc: 0.7541 | patience: 326 | Epoch time: 0.5 |

2023-01-07 21:47:54,068 - INFO -
| Epoch:    359 | Train loss: 0.1640 | Valid loss: 0.4353 | Train acc: 0.9185 | Valid acc: 0.7541 | patience: 327 | Epoch time: 0.5 |

2023-01-07 21:47:54,534 - INFO -
| Epoch:    360 | Train loss: 0.1723 | Valid loss: 0.4229 | Train acc: 0.9130 | Valid acc: 0.7869 | patience: 328 | Epoch time: 0.5 |

2023-01-07 21:47:55,000 - INFO -
| Epoch:    361 | Train loss: 0.1580 | Valid loss: 0.4007 | Train acc: 0.9130 | Valid acc: 0.7705 | patience: 329 | Epoch time: 0.5 |

2023-01-07 21:47:55,467 - INFO -
| Epoch:    362 | Train loss: 0.1750 | Valid loss: 0.4223 | Train acc: 0.9185 | Valid acc: 0.7869 | patience: 330 | Epoch time: 0.5 |

2023-01-07 21:47:55,934 - INFO -
| Epoch:    363 | Train loss: 0.1583 | Valid loss: 0.4316 | Train acc: 0.9130 | Valid acc: 0.7541 | patience: 331 | Epoch time: 0.5 |

2023-01-07 21:47:56,401 - INFO -
| Epoch:    364 | Train loss: 0.1673 | Valid loss: 0.4106 | Train acc: 0.9185 | Valid acc: 0.7869 | patience: 332 | Epoch time: 0.5 |

2023-01-07 21:47:56,868 - INFO -
| Epoch:    365 | Train loss: 0.1594 | Valid loss: 0.4071 | Train acc: 0.9185 | Valid acc: 0.7869 | patience: 333 | Epoch time: 0.5 |

2023-01-07 21:47:57,334 - INFO -
| Epoch:    366 | Train loss: 0.1613 | Valid loss: 0.4224 | Train acc: 0.9185 | Valid acc: 0.7705 | patience: 334 | Epoch time: 0.5 |

2023-01-07 21:47:57,801 - INFO -
| Epoch:    367 | Train loss: 0.1607 | Valid loss: 0.4161 | Train acc: 0.9076 | Valid acc: 0.7869 | patience: 335 | Epoch time: 0.5 |

2023-01-07 21:47:58,266 - INFO -
| Epoch:    368 | Train loss: 0.1565 | Valid loss: 0.4080 | Train acc: 0.9130 | Valid acc: 0.7541 | patience: 336 | Epoch time: 0.5 |

2023-01-07 21:47:58,732 - INFO -
| Epoch:    369 | Train loss: 0.1609 | Valid loss: 0.4198 | Train acc: 0.9185 | Valid acc: 0.7869 | patience: 337 | Epoch time: 0.5 |

2023-01-07 21:47:59,199 - INFO -
| Epoch:    370 | Train loss: 0.1593 | Valid loss: 0.4234 | Train acc: 0.9130 | Valid acc: 0.7869 | patience: 338 | Epoch time: 0.5 |

2023-01-07 21:47:59,665 - INFO -
| Epoch:    371 | Train loss: 0.1598 | Valid loss: 0.4149 | Train acc: 0.9130 | Valid acc: 0.8033 | patience: 339 | Epoch time: 0.5 |

2023-01-07 21:48:00,131 - INFO -
| Epoch:    372 | Train loss: 0.1568 | Valid loss: 0.4132 | Train acc: 0.9185 | Valid acc: 0.8033 | patience: 340 | Epoch time: 0.5 |

2023-01-07 21:48:00,597 - INFO -
| Epoch:    373 | Train loss: 0.1576 | Valid loss: 0.4233 | Train acc: 0.9185 | Valid acc: 0.7705 | patience: 341 | Epoch time: 0.5 |

2023-01-07 21:48:01,064 - INFO -
| Epoch:    374 | Train loss: 0.1596 | Valid loss: 0.4174 | Train acc: 0.9130 | Valid acc: 0.7869 | patience: 342 | Epoch time: 0.5 |

2023-01-07 21:48:01,530 - INFO -
| Epoch:    375 | Train loss: 0.1569 | Valid loss: 0.4141 | Train acc: 0.9130 | Valid acc: 0.7705 | patience: 343 | Epoch time: 0.5 |

2023-01-07 21:48:01,996 - INFO -
| Epoch:    376 | Train loss: 0.1575 | Valid loss: 0.4238 | Train acc: 0.9185 | Valid acc: 0.7869 | patience: 344 | Epoch time: 0.5 |

2023-01-07 21:48:02,463 - INFO -
| Epoch:    377 | Train loss: 0.1585 | Valid loss: 0.4258 | Train acc: 0.9130 | Valid acc: 0.7869 | patience: 345 | Epoch time: 0.5 |

2023-01-07 21:48:02,929 - INFO -
| Epoch:    378 | Train loss: 0.1593 | Valid loss: 0.4186 | Train acc: 0.9185 | Valid acc: 0.7869 | patience: 346 | Epoch time: 0.5 |

2023-01-07 21:48:03,396 - INFO -
| Epoch:    379 | Train loss: 0.1568 | Valid loss: 0.4105 | Train acc: 0.9185 | Valid acc: 0.7541 | patience: 347 | Epoch time: 0.5 |

2023-01-07 21:48:03,862 - INFO -
| Epoch:    380 | Train loss: 0.1600 | Valid loss: 0.4260 | Train acc: 0.9185 | Valid acc: 0.7705 | patience: 348 | Epoch time: 0.5 |

2023-01-07 21:48:04,329 - INFO -
| Epoch:    381 | Train loss: 0.1630 | Valid loss: 0.4193 | Train acc: 0.9130 | Valid acc: 0.7869 | patience: 349 | Epoch time: 0.5 |

2023-01-07 21:48:04,795 - INFO -
| Epoch:    382 | Train loss: 0.1595 | Valid loss: 0.4137 | Train acc: 0.9185 | Valid acc: 0.7705 | patience: 350 | Epoch time: 0.5 |

2023-01-07 21:48:05,261 - INFO -
| Epoch:    383 | Train loss: 0.1587 | Valid loss: 0.4242 | Train acc: 0.9185 | Valid acc: 0.7869 | patience: 351 | Epoch time: 0.5 |

2023-01-07 21:48:05,728 - INFO -
| Epoch:    384 | Train loss: 0.1569 | Valid loss: 0.4280 | Train acc: 0.9185 | Valid acc: 0.7869 | patience: 352 | Epoch time: 0.5 |

2023-01-07 21:48:06,194 - INFO -
| Epoch:    385 | Train loss: 0.1590 | Valid loss: 0.4254 | Train acc: 0.9130 | Valid acc: 0.7705 | patience: 353 | Epoch time: 0.5 |

2023-01-07 21:48:06,660 - INFO -
| Epoch:    386 | Train loss: 0.1573 | Valid loss: 0.4220 | Train acc: 0.9185 | Valid acc: 0.8033 | patience: 354 | Epoch time: 0.5 |

2023-01-07 21:48:07,127 - INFO -
| Epoch:    387 | Train loss: 0.1562 | Valid loss: 0.4274 | Train acc: 0.9185 | Valid acc: 0.7869 | patience: 355 | Epoch time: 0.5 |

2023-01-07 21:48:07,593 - INFO -
| Epoch:    388 | Train loss: 0.1571 | Valid loss: 0.4247 | Train acc: 0.9130 | Valid acc: 0.7869 | patience: 356 | Epoch time: 0.5 |

2023-01-07 21:48:08,059 - INFO -
| Epoch:    389 | Train loss: 0.1574 | Valid loss: 0.4289 | Train acc: 0.9130 | Valid acc: 0.7869 | patience: 357 | Epoch time: 0.5 |

2023-01-07 21:48:08,526 - INFO -
| Epoch:    390 | Train loss: 0.1565 | Valid loss: 0.4232 | Train acc: 0.9130 | Valid acc: 0.8033 | patience: 358 | Epoch time: 0.5 |

2023-01-07 21:48:08,992 - INFO -
| Epoch:    391 | Train loss: 0.1567 | Valid loss: 0.4296 | Train acc: 0.9185 | Valid acc: 0.7869 | patience: 359 | Epoch time: 0.5 |

2023-01-07 21:48:09,459 - INFO -
| Epoch:    392 | Train loss: 0.1569 | Valid loss: 0.4282 | Train acc: 0.9130 | Valid acc: 0.7869 | patience: 360 | Epoch time: 0.5 |

2023-01-07 21:48:09,925 - INFO -
| Epoch:    393 | Train loss: 0.1563 | Valid loss: 0.4201 | Train acc: 0.9130 | Valid acc: 0.7705 | patience: 361 | Epoch time: 0.5 |

2023-01-07 21:48:10,392 - INFO -
| Epoch:    394 | Train loss: 0.1576 | Valid loss: 0.4310 | Train acc: 0.9185 | Valid acc: 0.7869 | patience: 362 | Epoch time: 0.5 |

2023-01-07 21:48:10,859 - INFO -
| Epoch:    395 | Train loss: 0.1591 | Valid loss: 0.4245 | Train acc: 0.9130 | Valid acc: 0.7869 | patience: 363 | Epoch time: 0.5 |

2023-01-07 21:48:11,325 - INFO -
| Epoch:    396 | Train loss: 0.1564 | Valid loss: 0.4193 | Train acc: 0.9130 | Valid acc: 0.7541 | patience: 364 | Epoch time: 0.5 |

2023-01-07 21:48:11,792 - INFO -
| Epoch:    397 | Train loss: 0.1606 | Valid loss: 0.4273 | Train acc: 0.9185 | Valid acc: 0.7869 | patience: 365 | Epoch time: 0.5 |

2023-01-07 21:48:12,258 - INFO -
| Epoch:    398 | Train loss: 0.1556 | Valid loss: 0.4345 | Train acc: 0.9130 | Valid acc: 0.7869 | patience: 366 | Epoch time: 0.5 |

2023-01-07 21:48:12,724 - INFO -
| Epoch:    399 | Train loss: 0.1602 | Valid loss: 0.4264 | Train acc: 0.9130 | Valid acc: 0.7705 | patience: 367 | Epoch time: 0.5 |

2023-01-07 21:48:13,191 - INFO -
| Epoch:    400 | Train loss: 0.1560 | Valid loss: 0.4233 | Train acc: 0.9185 | Valid acc: 0.7705 | patience: 368 | Epoch time: 0.5 |

2023-01-07 21:48:13,657 - INFO -
| Epoch:    401 | Train loss: 0.1560 | Valid loss: 0.4320 | Train acc: 0.9185 | Valid acc: 0.7869 | patience: 369 | Epoch time: 0.5 |

2023-01-07 21:48:14,123 - INFO -
| Epoch:    402 | Train loss: 0.1585 | Valid loss: 0.4246 | Train acc: 0.9130 | Valid acc: 0.7869 | patience: 370 | Epoch time: 0.5 |

2023-01-07 21:48:14,589 - INFO -
| Epoch:    403 | Train loss: 0.1562 | Valid loss: 0.4152 | Train acc: 0.9185 | Valid acc: 0.7705 | patience: 371 | Epoch time: 0.5 |

2023-01-07 21:48:15,056 - INFO -
| Epoch:    404 | Train loss: 0.1597 | Valid loss: 0.4267 | Train acc: 0.9185 | Valid acc: 0.7869 | patience: 372 | Epoch time: 0.5 |

2023-01-07 21:48:15,523 - INFO -
| Epoch:    405 | Train loss: 0.1565 | Valid loss: 0.4308 | Train acc: 0.9185 | Valid acc: 0.7869 | patience: 373 | Epoch time: 0.5 |

2023-01-07 21:48:15,990 - INFO -
| Epoch:    406 | Train loss: 0.1583 | Valid loss: 0.4215 | Train acc: 0.9185 | Valid acc: 0.7705 | patience: 374 | Epoch time: 0.5 |

2023-01-07 21:48:16,456 - INFO -
| Epoch:    407 | Train loss: 0.1562 | Valid loss: 0.4236 | Train acc: 0.9185 | Valid acc: 0.7705 | patience: 375 | Epoch time: 0.5 |

2023-01-07 21:48:16,922 - INFO -
| Epoch:    408 | Train loss: 0.1554 | Valid loss: 0.4310 | Train acc: 0.9185 | Valid acc: 0.7869 | patience: 376 | Epoch time: 0.5 |

2023-01-07 21:48:17,388 - INFO -
| Epoch:    409 | Train loss: 0.1572 | Valid loss: 0.4287 | Train acc: 0.9185 | Valid acc: 0.7869 | patience: 377 | Epoch time: 0.5 |

2023-01-07 21:48:17,855 - INFO -
| Epoch:    410 | Train loss: 0.1558 | Valid loss: 0.4267 | Train acc: 0.9130 | Valid acc: 0.7869 | patience: 378 | Epoch time: 0.5 |

2023-01-07 21:48:18,321 - INFO -
| Epoch:    411 | Train loss: 0.1576 | Valid loss: 0.4330 | Train acc: 0.9185 | Valid acc: 0.7869 | patience: 379 | Epoch time: 0.5 |

2023-01-07 21:48:18,788 - INFO -
| Epoch:    412 | Train loss: 0.1566 | Valid loss: 0.4309 | Train acc: 0.9185 | Valid acc: 0.7869 | patience: 380 | Epoch time: 0.5 |

2023-01-07 21:48:19,254 - INFO -
| Epoch:    413 | Train loss: 0.1557 | Valid loss: 0.4223 | Train acc: 0.9130 | Valid acc: 0.7541 | patience: 381 | Epoch time: 0.5 |

2023-01-07 21:48:19,721 - INFO -
| Epoch:    414 | Train loss: 0.1582 | Valid loss: 0.4294 | Train acc: 0.9185 | Valid acc: 0.7869 | patience: 382 | Epoch time: 0.5 |

2023-01-07 21:48:20,187 - INFO -
| Epoch:    415 | Train loss: 0.1565 | Valid loss: 0.4262 | Train acc: 0.9185 | Valid acc: 0.7869 | patience: 383 | Epoch time: 0.5 |

2023-01-07 21:48:20,654 - INFO -
| Epoch:    416 | Train loss: 0.1555 | Valid loss: 0.4138 | Train acc: 0.9185 | Valid acc: 0.7541 | patience: 384 | Epoch time: 0.5 |

2023-01-07 21:48:21,120 - INFO -
| Epoch:    417 | Train loss: 0.1595 | Valid loss: 0.4264 | Train acc: 0.9185 | Valid acc: 0.7869 | patience: 385 | Epoch time: 0.5 |

2023-01-07 21:48:21,586 - INFO -
| Epoch:    418 | Train loss: 0.1580 | Valid loss: 0.4294 | Train acc: 0.9239 | Valid acc: 0.7869 | patience: 386 | Epoch time: 0.5 |

2023-01-07 21:48:22,053 - INFO -
| Epoch:    419 | Train loss: 0.1571 | Valid loss: 0.4168 | Train acc: 0.9239 | Valid acc: 0.7541 | patience: 387 | Epoch time: 0.5 |

2023-01-07 21:48:22,520 - INFO -
| Epoch:    420 | Train loss: 0.1593 | Valid loss: 0.4307 | Train acc: 0.9185 | Valid acc: 0.7869 | patience: 388 | Epoch time: 0.5 |

2023-01-07 21:48:22,986 - INFO -
| Epoch:    421 | Train loss: 0.1564 | Valid loss: 0.4339 | Train acc: 0.9130 | Valid acc: 0.7869 | patience: 389 | Epoch time: 0.5 |

2023-01-07 21:48:23,452 - INFO -
| Epoch:    422 | Train loss: 0.1577 | Valid loss: 0.4251 | Train acc: 0.9130 | Valid acc: 0.7705 | patience: 390 | Epoch time: 0.5 |

2023-01-07 21:48:23,919 - INFO -
| Epoch:    423 | Train loss: 0.1594 | Valid loss: 0.4344 | Train acc: 0.9185 | Valid acc: 0.7705 | patience: 391 | Epoch time: 0.5 |

2023-01-07 21:48:24,386 - INFO -
| Epoch:    424 | Train loss: 0.1570 | Valid loss: 0.4317 | Train acc: 0.9076 | Valid acc: 0.7869 | patience: 392 | Epoch time: 0.5 |

2023-01-07 21:48:24,852 - INFO -
| Epoch:    425 | Train loss: 0.1564 | Valid loss: 0.4223 | Train acc: 0.9130 | Valid acc: 0.8033 | patience: 393 | Epoch time: 0.5 |

2023-01-07 21:48:25,319 - INFO -
| Epoch:    426 | Train loss: 0.1571 | Valid loss: 0.4272 | Train acc: 0.9185 | Valid acc: 0.7869 | patience: 394 | Epoch time: 0.5 |

2023-01-07 21:48:25,785 - INFO -
| Epoch:    427 | Train loss: 0.1551 | Valid loss: 0.4288 | Train acc: 0.9185 | Valid acc: 0.7869 | patience: 395 | Epoch time: 0.5 |

2023-01-07 21:48:26,251 - INFO -
| Epoch:    428 | Train loss: 0.1562 | Valid loss: 0.4230 | Train acc: 0.9185 | Valid acc: 0.7541 | patience: 396 | Epoch time: 0.5 |

2023-01-07 21:48:26,717 - INFO -
| Epoch:    429 | Train loss: 0.1562 | Valid loss: 0.4302 | Train acc: 0.9185 | Valid acc: 0.7869 | patience: 397 | Epoch time: 0.5 |

2023-01-07 21:48:27,182 - INFO -
| Epoch:    430 | Train loss: 0.1555 | Valid loss: 0.4269 | Train acc: 0.9185 | Valid acc: 0.7869 | patience: 398 | Epoch time: 0.5 |

2023-01-07 21:48:27,648 - INFO -
| Epoch:    431 | Train loss: 0.1545 | Valid loss: 0.4235 | Train acc: 0.9185 | Valid acc: 0.7869 | patience: 399 | Epoch time: 0.5 |

2023-01-07 21:48:28,115 - INFO -
| Epoch:    432 | Train loss: 0.1550 | Valid loss: 0.4303 | Train acc: 0.9185 | Valid acc: 0.7869 | patience: 400 | Epoch time: 0.5 |

2023-01-07 21:48:28,581 - INFO -
| Epoch:    433 | Train loss: 0.1556 | Valid loss: 0.4259 | Train acc: 0.9185 | Valid acc: 0.7869 | patience: 401 | Epoch time: 0.5 |

2023-01-07 21:48:29,047 - INFO -
| Epoch:    434 | Train loss: 0.1546 | Valid loss: 0.4280 | Train acc: 0.9185 | Valid acc: 0.7869 | patience: 402 | Epoch time: 0.5 |

2023-01-07 21:48:29,514 - INFO -
| Epoch:    435 | Train loss: 0.1543 | Valid loss: 0.4286 | Train acc: 0.9185 | Valid acc: 0.7869 | patience: 403 | Epoch time: 0.5 |

2023-01-07 21:48:29,980 - INFO -
| Epoch:    436 | Train loss: 0.1544 | Valid loss: 0.4247 | Train acc: 0.9185 | Valid acc: 0.7869 | patience: 404 | Epoch time: 0.5 |

2023-01-07 21:48:30,446 - INFO -
| Epoch:    437 | Train loss: 0.1547 | Valid loss: 0.4285 | Train acc: 0.9185 | Valid acc: 0.7869 | patience: 405 | Epoch time: 0.5 |

2023-01-07 21:48:30,913 - INFO -
| Epoch:    438 | Train loss: 0.1553 | Valid loss: 0.4231 | Train acc: 0.9130 | Valid acc: 0.7869 | patience: 406 | Epoch time: 0.5 |

2023-01-07 21:48:31,379 - INFO -
| Epoch:    439 | Train loss: 0.1540 | Valid loss: 0.4230 | Train acc: 0.9185 | Valid acc: 0.7869 | patience: 407 | Epoch time: 0.5 |

2023-01-07 21:48:31,847 - INFO -
| Epoch:    440 | Train loss: 0.1539 | Valid loss: 0.4231 | Train acc: 0.9185 | Valid acc: 0.7869 | patience: 408 | Epoch time: 0.5 |

2023-01-07 21:48:32,313 - INFO -
| Epoch:    441 | Train loss: 0.1541 | Valid loss: 0.4243 | Train acc: 0.9185 | Valid acc: 0.7869 | patience: 409 | Epoch time: 0.5 |

2023-01-07 21:48:32,779 - INFO -
| Epoch:    442 | Train loss: 0.1542 | Valid loss: 0.4179 | Train acc: 0.9185 | Valid acc: 0.8033 | patience: 410 | Epoch time: 0.5 |

2023-01-07 21:48:33,246 - INFO -
| Epoch:    443 | Train loss: 0.1554 | Valid loss: 0.4274 | Train acc: 0.9185 | Valid acc: 0.7869 | patience: 411 | Epoch time: 0.5 |

2023-01-07 21:48:33,712 - INFO -
| Epoch:    444 | Train loss: 0.1558 | Valid loss: 0.4229 | Train acc: 0.9130 | Valid acc: 0.7869 | patience: 412 | Epoch time: 0.5 |

2023-01-07 21:48:34,178 - INFO -
| Epoch:    445 | Train loss: 0.1540 | Valid loss: 0.4216 | Train acc: 0.9185 | Valid acc: 0.7869 | patience: 413 | Epoch time: 0.5 |

2023-01-07 21:48:34,645 - INFO -
| Epoch:    446 | Train loss: 0.1554 | Valid loss: 0.4294 | Train acc: 0.9185 | Valid acc: 0.7869 | patience: 414 | Epoch time: 0.5 |

2023-01-07 21:48:35,113 - INFO -
| Epoch:    447 | Train loss: 0.1566 | Valid loss: 0.4255 | Train acc: 0.9130 | Valid acc: 0.7869 | patience: 415 | Epoch time: 0.5 |

2023-01-07 21:48:35,579 - INFO -
| Epoch:    448 | Train loss: 0.1538 | Valid loss: 0.4230 | Train acc: 0.9185 | Valid acc: 0.7705 | patience: 416 | Epoch time: 0.5 |

2023-01-07 21:48:36,045 - INFO -
| Epoch:    449 | Train loss: 0.1543 | Valid loss: 0.4291 | Train acc: 0.9185 | Valid acc: 0.7869 | patience: 417 | Epoch time: 0.5 |

2023-01-07 21:48:36,512 - INFO -
| Epoch:    450 | Train loss: 0.1558 | Valid loss: 0.4236 | Train acc: 0.9130 | Valid acc: 0.7869 | patience: 418 | Epoch time: 0.5 |

2023-01-07 21:48:36,978 - INFO -
| Epoch:    451 | Train loss: 0.1536 | Valid loss: 0.4196 | Train acc: 0.9185 | Valid acc: 0.7869 | patience: 419 | Epoch time: 0.5 |

2023-01-07 21:48:37,444 - INFO -
| Epoch:    452 | Train loss: 0.1552 | Valid loss: 0.4293 | Train acc: 0.9185 | Valid acc: 0.7869 | patience: 420 | Epoch time: 0.5 |

2023-01-07 21:48:37,910 - INFO -
| Epoch:    453 | Train loss: 0.1555 | Valid loss: 0.4237 | Train acc: 0.9130 | Valid acc: 0.7869 | patience: 421 | Epoch time: 0.5 |

2023-01-07 21:48:38,377 - INFO -
| Epoch:    454 | Train loss: 0.1537 | Valid loss: 0.4241 | Train acc: 0.9185 | Valid acc: 0.7869 | patience: 422 | Epoch time: 0.5 |

2023-01-07 21:48:38,843 - INFO -
| Epoch:    455 | Train loss: 0.1537 | Valid loss: 0.4320 | Train acc: 0.9185 | Valid acc: 0.7869 | patience: 423 | Epoch time: 0.5 |

2023-01-07 21:48:39,310 - INFO -
| Epoch:    456 | Train loss: 0.1570 | Valid loss: 0.4250 | Train acc: 0.9130 | Valid acc: 0.8033 | patience: 424 | Epoch time: 0.5 |

2023-01-07 21:48:39,776 - INFO -
| Epoch:    457 | Train loss: 0.1550 | Valid loss: 0.4265 | Train acc: 0.9185 | Valid acc: 0.7869 | patience: 425 | Epoch time: 0.5 |

2023-01-07 21:48:40,243 - INFO -
| Epoch:    458 | Train loss: 0.1540 | Valid loss: 0.4311 | Train acc: 0.9185 | Valid acc: 0.7869 | patience: 426 | Epoch time: 0.5 |

2023-01-07 21:48:40,709 - INFO -
| Epoch:    459 | Train loss: 0.1560 | Valid loss: 0.4235 | Train acc: 0.9130 | Valid acc: 0.7705 | patience: 427 | Epoch time: 0.5 |

2023-01-07 21:48:41,175 - INFO -
| Epoch:    460 | Train loss: 0.1549 | Valid loss: 0.4241 | Train acc: 0.9185 | Valid acc: 0.7869 | patience: 428 | Epoch time: 0.5 |

2023-01-07 21:48:41,641 - INFO -
| Epoch:    461 | Train loss: 0.1537 | Valid loss: 0.4289 | Train acc: 0.9185 | Valid acc: 0.7869 | patience: 429 | Epoch time: 0.5 |

2023-01-07 21:48:42,108 - INFO -
| Epoch:    462 | Train loss: 0.1560 | Valid loss: 0.4203 | Train acc: 0.9130 | Valid acc: 0.7869 | patience: 430 | Epoch time: 0.5 |

2023-01-07 21:48:42,574 - INFO -
| Epoch:    463 | Train loss: 0.1546 | Valid loss: 0.4203 | Train acc: 0.9185 | Valid acc: 0.8033 | patience: 431 | Epoch time: 0.5 |

2023-01-07 21:48:43,040 - INFO -
| Epoch:    464 | Train loss: 0.1542 | Valid loss: 0.4270 | Train acc: 0.9185 | Valid acc: 0.7869 | patience: 432 | Epoch time: 0.5 |

2023-01-07 21:48:43,506 - INFO -
| Epoch:    465 | Train loss: 0.1546 | Valid loss: 0.4215 | Train acc: 0.9185 | Valid acc: 0.7869 | patience: 433 | Epoch time: 0.5 |

2023-01-07 21:48:43,972 - INFO -
| Epoch:    466 | Train loss: 0.1540 | Valid loss: 0.4257 | Train acc: 0.9185 | Valid acc: 0.7869 | patience: 434 | Epoch time: 0.5 |

2023-01-07 21:48:44,438 - INFO -
| Epoch:    467 | Train loss: 0.1540 | Valid loss: 0.4214 | Train acc: 0.9185 | Valid acc: 0.7869 | patience: 435 | Epoch time: 0.5 |

2023-01-07 21:48:44,904 - INFO -
| Epoch:    468 | Train loss: 0.1535 | Valid loss: 0.4247 | Train acc: 0.9185 | Valid acc: 0.7869 | patience: 436 | Epoch time: 0.5 |

2023-01-07 21:48:45,371 - INFO -
| Epoch:    469 | Train loss: 0.1536 | Valid loss: 0.4250 | Train acc: 0.9185 | Valid acc: 0.7869 | patience: 437 | Epoch time: 0.5 |

2023-01-07 21:48:45,837 - INFO -
| Epoch:    470 | Train loss: 0.1534 | Valid loss: 0.4200 | Train acc: 0.9185 | Valid acc: 0.7705 | patience: 438 | Epoch time: 0.5 |

2023-01-07 21:48:46,303 - INFO -
| Epoch:    471 | Train loss: 0.1561 | Valid loss: 0.4362 | Train acc: 0.9185 | Valid acc: 0.7541 | patience: 439 | Epoch time: 0.5 |

2023-01-07 21:48:46,769 - INFO -
| Epoch:    472 | Train loss: 0.1643 | Valid loss: 0.4241 | Train acc: 0.9185 | Valid acc: 0.7869 | patience: 440 | Epoch time: 0.5 |

2023-01-07 21:48:47,236 - INFO -
| Epoch:    473 | Train loss: 0.1534 | Valid loss: 0.4149 | Train acc: 0.9185 | Valid acc: 0.7705 | patience: 441 | Epoch time: 0.5 |

2023-01-07 21:48:47,702 - INFO -
| Epoch:    474 | Train loss: 0.1642 | Valid loss: 0.4365 | Train acc: 0.9239 | Valid acc: 0.7541 | patience: 442 | Epoch time: 0.5 |

2023-01-07 21:48:48,169 - INFO -
| Epoch:    475 | Train loss: 0.1612 | Valid loss: 0.4284 | Train acc: 0.9185 | Valid acc: 0.7869 | patience: 443 | Epoch time: 0.5 |

2023-01-07 21:48:48,636 - INFO -
| Epoch:    476 | Train loss: 0.1550 | Valid loss: 0.4170 | Train acc: 0.9130 | Valid acc: 0.7705 | patience: 444 | Epoch time: 0.5 |

2023-01-07 21:48:49,102 - INFO -
| Epoch:    477 | Train loss: 0.1587 | Valid loss: 0.4264 | Train acc: 0.9185 | Valid acc: 0.7869 | patience: 445 | Epoch time: 0.5 |

2023-01-07 21:48:49,568 - INFO -
| Epoch:    478 | Train loss: 0.1535 | Valid loss: 0.4347 | Train acc: 0.9185 | Valid acc: 0.7869 | patience: 446 | Epoch time: 0.5 |

2023-01-07 21:48:50,034 - INFO -
| Epoch:    479 | Train loss: 0.1587 | Valid loss: 0.4256 | Train acc: 0.9076 | Valid acc: 0.7869 | patience: 447 | Epoch time: 0.5 |

2023-01-07 21:48:50,500 - INFO -
| Epoch:    480 | Train loss: 0.1535 | Valid loss: 0.4207 | Train acc: 0.9185 | Valid acc: 0.7869 | patience: 448 | Epoch time: 0.5 |

2023-01-07 21:48:50,966 - INFO -
| Epoch:    481 | Train loss: 0.1568 | Valid loss: 0.4315 | Train acc: 0.9185 | Valid acc: 0.7869 | patience: 449 | Epoch time: 0.5 |

2023-01-07 21:48:51,432 - INFO -
| Epoch:    482 | Train loss: 0.1574 | Valid loss: 0.4278 | Train acc: 0.9130 | Valid acc: 0.7869 | patience: 450 | Epoch time: 0.5 |

2023-01-07 21:48:51,899 - INFO -
| Epoch:    483 | Train loss: 0.1552 | Valid loss: 0.4191 | Train acc: 0.9130 | Valid acc: 0.7541 | patience: 451 | Epoch time: 0.5 |

2023-01-07 21:48:52,365 - INFO -
| Epoch:    484 | Train loss: 0.1588 | Valid loss: 0.4217 | Train acc: 0.9185 | Valid acc: 0.7869 | patience: 452 | Epoch time: 0.5 |

2023-01-07 21:48:52,831 - INFO -
| Epoch:    485 | Train loss: 0.1543 | Valid loss: 0.4322 | Train acc: 0.9185 | Valid acc: 0.7705 | patience: 453 | Epoch time: 0.5 |

2023-01-07 21:48:53,297 - INFO -
| Epoch:    486 | Train loss: 0.1609 | Valid loss: 0.4235 | Train acc: 0.9130 | Valid acc: 0.7869 | patience: 454 | Epoch time: 0.5 |

2023-01-07 21:48:53,764 - INFO -
| Epoch:    487 | Train loss: 0.1540 | Valid loss: 0.4120 | Train acc: 0.9185 | Valid acc: 0.7705 | patience: 455 | Epoch time: 0.5 |

2023-01-07 21:48:54,231 - INFO -
| Epoch:    488 | Train loss: 0.1651 | Valid loss: 0.4316 | Train acc: 0.9239 | Valid acc: 0.7705 | patience: 456 | Epoch time: 0.5 |

2023-01-07 21:48:54,697 - INFO -
| Epoch:    489 | Train loss: 0.1602 | Valid loss: 0.4266 | Train acc: 0.9076 | Valid acc: 0.7705 | patience: 457 | Epoch time: 0.5 |

2023-01-07 21:48:55,162 - INFO -
| Epoch:    490 | Train loss: 0.1582 | Valid loss: 0.4119 | Train acc: 0.9130 | Valid acc: 0.7541 | patience: 458 | Epoch time: 0.5 |

2023-01-07 21:48:55,628 - INFO -
| Epoch:    491 | Train loss: 0.1616 | Valid loss: 0.4207 | Train acc: 0.9185 | Valid acc: 0.8033 | patience: 459 | Epoch time: 0.5 |

2023-01-07 21:48:56,093 - INFO -
| Epoch:    492 | Train loss: 0.1539 | Valid loss: 0.4349 | Train acc: 0.9185 | Valid acc: 0.7541 | patience: 460 | Epoch time: 0.5 |

2023-01-07 21:48:56,559 - INFO -
| Epoch:    493 | Train loss: 0.1636 | Valid loss: 0.4277 | Train acc: 0.9185 | Valid acc: 0.7869 | patience: 461 | Epoch time: 0.5 |

2023-01-07 21:48:57,025 - INFO -
| Epoch:    494 | Train loss: 0.1560 | Valid loss: 0.4069 | Train acc: 0.9185 | Valid acc: 0.7705 | patience: 462 | Epoch time: 0.5 |

2023-01-07 21:48:57,491 - INFO -
| Epoch:    495 | Train loss: 0.1680 | Valid loss: 0.4317 | Train acc: 0.9185 | Valid acc: 0.7705 | patience: 463 | Epoch time: 0.5 |

2023-01-07 21:48:57,958 - INFO -
| Epoch:    496 | Train loss: 0.1588 | Valid loss: 0.4409 | Train acc: 0.9239 | Valid acc: 0.7541 | patience: 464 | Epoch time: 0.5 |

2023-01-07 21:48:58,424 - INFO -
| Epoch:    497 | Train loss: 0.1655 | Valid loss: 0.4119 | Train acc: 0.9130 | Valid acc: 0.7705 | patience: 465 | Epoch time: 0.5 |

2023-01-07 21:48:58,890 - INFO -
| Epoch:    498 | Train loss: 0.1752 | Valid loss: 0.4153 | Train acc: 0.9185 | Valid acc: 0.7705 | patience: 466 | Epoch time: 0.5 |

2023-01-07 21:48:59,356 - INFO -
| Epoch:    499 | Train loss: 0.1624 | Valid loss: 0.4455 | Train acc: 0.9185 | Valid acc: 0.7541 | patience: 467 | Epoch time: 0.5 |

2023-01-07 21:48:59,822 - INFO -
| Epoch:    500 | Train loss: 0.1771 | Valid loss: 0.4337 | Train acc: 0.9185 | Valid acc: 0.7705 | patience: 468 | Epoch time: 0.5 |

2023-01-07 21:49:00,288 - INFO -
| Epoch:    501 | Train loss: 0.1646 | Valid loss: 0.4074 | Train acc: 0.9130 | Valid acc: 0.7869 | patience: 469 | Epoch time: 0.5 |

2023-01-07 21:49:00,754 - INFO -
| Epoch:    502 | Train loss: 0.1766 | Valid loss: 0.4144 | Train acc: 0.9185 | Valid acc: 0.7869 | patience: 470 | Epoch time: 0.5 |

2023-01-07 21:49:01,220 - INFO -
| Epoch:    503 | Train loss: 0.1537 | Valid loss: 0.4327 | Train acc: 0.9185 | Valid acc: 0.7541 | patience: 471 | Epoch time: 0.5 |

2023-01-07 21:49:01,687 - INFO -
| Epoch:    504 | Train loss: 0.1657 | Valid loss: 0.4084 | Train acc: 0.9130 | Valid acc: 0.8033 | patience: 472 | Epoch time: 0.5 |

2023-01-07 21:49:02,153 - INFO -
| Epoch:    505 | Train loss: 0.1584 | Valid loss: 0.3996 | Train acc: 0.9130 | Valid acc: 0.7377 | patience: 473 | Epoch time: 0.5 |

2023-01-07 21:49:02,619 - INFO -
| Epoch:    506 | Train loss: 0.1687 | Valid loss: 0.4196 | Train acc: 0.9239 | Valid acc: 0.7869 | patience: 474 | Epoch time: 0.5 |

2023-01-07 21:49:03,085 - INFO -
| Epoch:    507 | Train loss: 0.1545 | Valid loss: 0.4378 | Train acc: 0.9130 | Valid acc: 0.7541 | patience: 475 | Epoch time: 0.5 |

2023-01-07 21:49:03,552 - INFO -
| Epoch:    508 | Train loss: 0.1707 | Valid loss: 0.4235 | Train acc: 0.9130 | Valid acc: 0.7869 | patience: 476 | Epoch time: 0.5 |

2023-01-07 21:49:04,019 - INFO -
| Epoch:    509 | Train loss: 0.1568 | Valid loss: 0.4022 | Train acc: 0.9130 | Valid acc: 0.7869 | patience: 477 | Epoch time: 0.5 |

2023-01-07 21:49:04,485 - INFO -
| Epoch:    510 | Train loss: 0.1795 | Valid loss: 0.4175 | Train acc: 0.9185 | Valid acc: 0.7869 | patience: 478 | Epoch time: 0.5 |

2023-01-07 21:49:04,950 - INFO -
| Epoch:    511 | Train loss: 0.1538 | Valid loss: 0.4391 | Train acc: 0.9130 | Valid acc: 0.7541 | patience: 479 | Epoch time: 0.5 |

2023-01-07 21:49:05,415 - INFO -
| Epoch:    512 | Train loss: 0.1700 | Valid loss: 0.4118 | Train acc: 0.9130 | Valid acc: 0.8033 | patience: 480 | Epoch time: 0.5 |

2023-01-07 21:49:05,881 - INFO -
| Epoch:    513 | Train loss: 0.1561 | Valid loss: 0.4026 | Train acc: 0.9185 | Valid acc: 0.7705 | patience: 481 | Epoch time: 0.5 |

2023-01-07 21:49:06,347 - INFO -
| Epoch:    514 | Train loss: 0.1673 | Valid loss: 0.4242 | Train acc: 0.9185 | Valid acc: 0.7869 | patience: 482 | Epoch time: 0.5 |

2023-01-07 21:49:06,813 - INFO -
| Epoch:    515 | Train loss: 0.1561 | Valid loss: 0.4298 | Train acc: 0.9185 | Valid acc: 0.7541 | patience: 483 | Epoch time: 0.5 |

2023-01-07 21:49:07,278 - INFO -
| Epoch:    516 | Train loss: 0.1617 | Valid loss: 0.4158 | Train acc: 0.9185 | Valid acc: 0.8033 | patience: 484 | Epoch time: 0.5 |

2023-01-07 21:49:07,744 - INFO -
| Epoch:    517 | Train loss: 0.1546 | Valid loss: 0.4076 | Train acc: 0.9185 | Valid acc: 0.7705 | patience: 485 | Epoch time: 0.5 |

2023-01-07 21:49:08,211 - INFO -
| Epoch:    518 | Train loss: 0.1588 | Valid loss: 0.4193 | Train acc: 0.9185 | Valid acc: 0.7869 | patience: 486 | Epoch time: 0.5 |

2023-01-07 21:49:08,676 - INFO -
| Epoch:    519 | Train loss: 0.1547 | Valid loss: 0.4285 | Train acc: 0.9130 | Valid acc: 0.7541 | patience: 487 | Epoch time: 0.5 |

2023-01-07 21:49:09,142 - INFO -
| Epoch:    520 | Train loss: 0.1594 | Valid loss: 0.4169 | Train acc: 0.9185 | Valid acc: 0.7869 | patience: 488 | Epoch time: 0.5 |

2023-01-07 21:49:09,608 - INFO -
| Epoch:    521 | Train loss: 0.1537 | Valid loss: 0.4093 | Train acc: 0.9185 | Valid acc: 0.7705 | patience: 489 | Epoch time: 0.5 |

2023-01-07 21:49:10,074 - INFO -
| Epoch:    522 | Train loss: 0.1579 | Valid loss: 0.4216 | Train acc: 0.9239 | Valid acc: 0.7869 | patience: 490 | Epoch time: 0.5 |

2023-01-07 21:49:10,540 - INFO -
| Epoch:    523 | Train loss: 0.1541 | Valid loss: 0.4260 | Train acc: 0.9130 | Valid acc: 0.7705 | patience: 491 | Epoch time: 0.5 |

2023-01-07 21:49:11,005 - INFO -
| Epoch:    524 | Train loss: 0.1565 | Valid loss: 0.4186 | Train acc: 0.9076 | Valid acc: 0.7869 | patience: 492 | Epoch time: 0.5 |

2023-01-07 21:49:11,471 - INFO -
| Epoch:    525 | Train loss: 0.1535 | Valid loss: 0.4118 | Train acc: 0.9185 | Valid acc: 0.7869 | patience: 493 | Epoch time: 0.5 |

2023-01-07 21:49:11,937 - INFO -
| Epoch:    526 | Train loss: 0.1561 | Valid loss: 0.4206 | Train acc: 0.9185 | Valid acc: 0.7869 | patience: 494 | Epoch time: 0.5 |

2023-01-07 21:49:12,403 - INFO -
| Epoch:    527 | Train loss: 0.1535 | Valid loss: 0.4270 | Train acc: 0.9130 | Valid acc: 0.7869 | patience: 495 | Epoch time: 0.5 |

2023-01-07 21:49:12,869 - INFO -
| Epoch:    528 | Train loss: 0.1558 | Valid loss: 0.4197 | Train acc: 0.9076 | Valid acc: 0.7869 | patience: 496 | Epoch time: 0.5 |

2023-01-07 21:49:13,336 - INFO -
| Epoch:    529 | Train loss: 0.1532 | Valid loss: 0.4154 | Train acc: 0.9185 | Valid acc: 0.7869 | patience: 497 | Epoch time: 0.5 |

2023-01-07 21:49:13,802 - INFO -
| Epoch:    530 | Train loss: 0.1545 | Valid loss: 0.4222 | Train acc: 0.9185 | Valid acc: 0.7869 | patience: 498 | Epoch time: 0.5 |

2023-01-07 21:49:14,268 - INFO -
| Epoch:    531 | Train loss: 0.1530 | Valid loss: 0.4253 | Train acc: 0.9185 | Valid acc: 0.7869 | patience: 499 | Epoch time: 0.5 |

2023-01-07 21:49:14,733 - INFO -
| Epoch:    532 | Train loss: 0.1539 | Valid loss: 0.4192 | Train acc: 0.9130 | Valid acc: 0.7869 | patience: 500 | Epoch time: 0.5 |

2023-01-07 21:49:15,199 - INFO -
Early stop.

2023-01-07 21:49:15,205 - INFO -
Training if finished.

