2023-01-07 21:50:18,724 - INFO -
gmin                0.01
gmax                10.0
T                   0.1
m                   0.3
ACT_eta1            0.134
ACT_eta2            0.962
ACT_eta3            0.183
ACT_eta4            24.1
NEG_eta1            -0.104
NEG_eta2            0.899
NEG_eta3            -0.056
NEG_eta4            3.858
hidden              [3]
SEED                4
DEVICE              cuda
TIMELIMITATION      45
PATIENCE            500
EPOCH               10000000000
DATASET             11
LR                  0.1
PROGRESSIVE         False
LR_PATIENCE         100
LR_DECAY            0.5
LR_MIN              0.0001
MODE                nominal
M_train             1
K_train             1
M_test              500
K_test              500
t_test_max          10
integration         MC
VARIATION           False
N_train             1
e_train             0.0
N_test              100
e_test              0.1
projectname         ICCAD_2022
temppath            ./ICCAD_2022/temp/
logfilepath         ./ICCAD_2022/log/
recording           False
recordpath          ./ICCAD_2022/record/
savepath            ./ICCAD_2022/models/
loglevel            info


2023-01-07 21:50:18,725 - INFO -
Training network on device: cuda.

2023-01-07 21:50:18,725 - INFO -
Training setup: vertebralcolumn2clases_4_nominal_0.0_1_MC.

2023-01-07 21:50:18,725 - INFO -
Dataset "vertebralcolumn2clases" has 6 input features and 2 classes. There are 184 training examples, 61 valid examples, and 63 test examples in the dataset.

2023-01-07 21:50:18,725 - INFO -
Topology of the network: [6, 3, 2].

2023-01-07 21:50:19,234 - INFO -
| Epoch:      0 | Train loss: 0.6983 | Valid loss: 0.5139 | Train acc: 0.6957 | Valid acc: 0.6721 | patience:   0 | Epoch time: 0.5 |

2023-01-07 21:50:19,702 - INFO -
| Epoch:      1 | Train loss: 0.4796 | Valid loss: 0.5501 | Train acc: 0.6957 | Valid acc: 0.6721 | patience:   1 | Epoch time: 0.5 |

2023-01-07 21:50:20,173 - INFO -
| Epoch:      2 | Train loss: 0.5303 | Valid loss: 0.4868 | Train acc: 0.6957 | Valid acc: 0.6721 | patience:   0 | Epoch time: 0.5 |

2023-01-07 21:50:20,640 - INFO -
| Epoch:      3 | Train loss: 0.4589 | Valid loss: 0.5317 | Train acc: 0.6957 | Valid acc: 0.6721 | patience:   1 | Epoch time: 0.5 |

2023-01-07 21:50:21,106 - INFO -
| Epoch:      4 | Train loss: 0.4944 | Valid loss: 0.5457 | Train acc: 0.6957 | Valid acc: 0.6721 | patience:   2 | Epoch time: 0.5 |

2023-01-07 21:50:21,572 - INFO -
| Epoch:      5 | Train loss: 0.5083 | Valid loss: 0.5666 | Train acc: 0.6957 | Valid acc: 0.6721 | patience:   3 | Epoch time: 0.5 |

2023-01-07 21:50:22,037 - INFO -
| Epoch:      6 | Train loss: 0.5284 | Valid loss: 0.5328 | Train acc: 0.6957 | Valid acc: 0.6721 | patience:   4 | Epoch time: 0.5 |

2023-01-07 21:50:22,502 - INFO -
| Epoch:      7 | Train loss: 0.4994 | Valid loss: 0.4993 | Train acc: 0.6957 | Valid acc: 0.6721 | patience:   5 | Epoch time: 0.5 |

2023-01-07 21:50:22,969 - INFO -
| Epoch:      8 | Train loss: 0.4788 | Valid loss: 0.4854 | Train acc: 0.6957 | Valid acc: 0.6721 | patience:   0 | Epoch time: 0.5 |

2023-01-07 21:50:23,436 - INFO -
| Epoch:      9 | Train loss: 0.4701 | Valid loss: 0.4696 | Train acc: 0.6957 | Valid acc: 0.6721 | patience:   0 | Epoch time: 0.5 |

2023-01-07 21:50:23,902 - INFO -
| Epoch:     10 | Train loss: 0.4441 | Valid loss: 0.5109 | Train acc: 0.6957 | Valid acc: 0.6721 | patience:   1 | Epoch time: 0.5 |

2023-01-07 21:50:24,367 - INFO -
| Epoch:     11 | Train loss: 0.4738 | Valid loss: 0.5032 | Train acc: 0.6957 | Valid acc: 0.6721 | patience:   2 | Epoch time: 0.5 |

2023-01-07 21:50:24,833 - INFO -
| Epoch:     12 | Train loss: 0.4667 | Valid loss: 0.4766 | Train acc: 0.6957 | Valid acc: 0.6721 | patience:   3 | Epoch time: 0.5 |

2023-01-07 21:50:25,301 - INFO -
| Epoch:     13 | Train loss: 0.4450 | Valid loss: 0.4548 | Train acc: 0.6957 | Valid acc: 0.6721 | patience:   0 | Epoch time: 0.5 |

2023-01-07 21:50:25,767 - INFO -
| Epoch:     14 | Train loss: 0.4401 | Valid loss: 0.4624 | Train acc: 0.6957 | Valid acc: 0.6721 | patience:   1 | Epoch time: 0.5 |

2023-01-07 21:50:26,232 - INFO -
| Epoch:     15 | Train loss: 0.4541 | Valid loss: 0.4650 | Train acc: 0.6957 | Valid acc: 0.6721 | patience:   2 | Epoch time: 0.5 |

2023-01-07 21:50:26,697 - INFO -
| Epoch:     16 | Train loss: 0.4583 | Valid loss: 0.4560 | Train acc: 0.6957 | Valid acc: 0.6721 | patience:   3 | Epoch time: 0.5 |

2023-01-07 21:50:27,161 - INFO -
| Epoch:     17 | Train loss: 0.4472 | Valid loss: 0.4624 | Train acc: 0.6957 | Valid acc: 0.6721 | patience:   4 | Epoch time: 0.5 |

2023-01-07 21:50:27,626 - INFO -
| Epoch:     18 | Train loss: 0.4490 | Valid loss: 0.4675 | Train acc: 0.6957 | Valid acc: 0.6721 | patience:   5 | Epoch time: 0.5 |

2023-01-07 21:50:28,091 - INFO -
| Epoch:     19 | Train loss: 0.4462 | Valid loss: 0.4707 | Train acc: 0.6957 | Valid acc: 0.6721 | patience:   6 | Epoch time: 0.5 |

2023-01-07 21:50:28,556 - INFO -
| Epoch:     20 | Train loss: 0.4443 | Valid loss: 0.4764 | Train acc: 0.6957 | Valid acc: 0.6721 | patience:   7 | Epoch time: 0.5 |

2023-01-07 21:50:29,021 - INFO -
| Epoch:     21 | Train loss: 0.4479 | Valid loss: 0.4726 | Train acc: 0.6957 | Valid acc: 0.6721 | patience:   8 | Epoch time: 0.5 |

2023-01-07 21:50:29,486 - INFO -
| Epoch:     22 | Train loss: 0.4461 | Valid loss: 0.4637 | Train acc: 0.6957 | Valid acc: 0.6721 | patience:   9 | Epoch time: 0.5 |

2023-01-07 21:50:29,951 - INFO -
| Epoch:     23 | Train loss: 0.4399 | Valid loss: 0.4557 | Train acc: 0.6957 | Valid acc: 0.6721 | patience:  10 | Epoch time: 0.5 |

2023-01-07 21:50:30,418 - INFO -
| Epoch:     24 | Train loss: 0.4324 | Valid loss: 0.4555 | Train acc: 0.6957 | Valid acc: 0.6721 | patience:  11 | Epoch time: 0.5 |

2023-01-07 21:50:30,884 - INFO -
| Epoch:     25 | Train loss: 0.4283 | Valid loss: 0.4673 | Train acc: 0.6957 | Valid acc: 0.6721 | patience:  12 | Epoch time: 0.5 |

2023-01-07 21:50:31,349 - INFO -
| Epoch:     26 | Train loss: 0.4294 | Valid loss: 0.4819 | Train acc: 0.6957 | Valid acc: 0.6721 | patience:  13 | Epoch time: 0.5 |

2023-01-07 21:50:31,814 - INFO -
| Epoch:     27 | Train loss: 0.4312 | Valid loss: 0.4768 | Train acc: 0.6957 | Valid acc: 0.6721 | patience:  14 | Epoch time: 0.5 |

2023-01-07 21:50:32,279 - INFO -
| Epoch:     28 | Train loss: 0.4219 | Valid loss: 0.4681 | Train acc: 0.6957 | Valid acc: 0.6721 | patience:  15 | Epoch time: 0.5 |

2023-01-07 21:50:32,744 - INFO -
| Epoch:     29 | Train loss: 0.4167 | Valid loss: 0.4620 | Train acc: 0.6957 | Valid acc: 0.6721 | patience:  16 | Epoch time: 0.5 |

2023-01-07 21:50:33,211 - INFO -
| Epoch:     30 | Train loss: 0.4117 | Valid loss: 0.4537 | Train acc: 0.6957 | Valid acc: 0.6721 | patience:   0 | Epoch time: 0.5 |

2023-01-07 21:50:33,678 - INFO -
| Epoch:     31 | Train loss: 0.4041 | Valid loss: 0.4438 | Train acc: 0.6957 | Valid acc: 0.6885 | patience:   0 | Epoch time: 0.5 |

2023-01-07 21:50:34,145 - INFO -
| Epoch:     32 | Train loss: 0.3939 | Valid loss: 0.4324 | Train acc: 0.7011 | Valid acc: 0.6885 | patience:   0 | Epoch time: 0.5 |

2023-01-07 21:50:34,611 - INFO -
| Epoch:     33 | Train loss: 0.3819 | Valid loss: 0.4224 | Train acc: 0.7120 | Valid acc: 0.6885 | patience:   0 | Epoch time: 0.5 |

2023-01-07 21:50:35,077 - INFO -
| Epoch:     34 | Train loss: 0.3681 | Valid loss: 0.4039 | Train acc: 0.7228 | Valid acc: 0.7213 | patience:   0 | Epoch time: 0.5 |

2023-01-07 21:50:35,543 - INFO -
| Epoch:     35 | Train loss: 0.3538 | Valid loss: 0.3809 | Train acc: 0.7391 | Valid acc: 0.7377 | patience:   0 | Epoch time: 0.5 |

2023-01-07 21:50:36,010 - INFO -
| Epoch:     36 | Train loss: 0.3407 | Valid loss: 0.3617 | Train acc: 0.7826 | Valid acc: 0.7541 | patience:   0 | Epoch time: 0.5 |

2023-01-07 21:50:36,476 - INFO -
| Epoch:     37 | Train loss: 0.3289 | Valid loss: 0.3397 | Train acc: 0.8043 | Valid acc: 0.8033 | patience:   0 | Epoch time: 0.5 |

2023-01-07 21:50:36,942 - INFO -
| Epoch:     38 | Train loss: 0.3134 | Valid loss: 0.3337 | Train acc: 0.8587 | Valid acc: 0.7869 | patience:   0 | Epoch time: 0.5 |

2023-01-07 21:50:37,410 - INFO -
| Epoch:     39 | Train loss: 0.2986 | Valid loss: 0.3077 | Train acc: 0.8641 | Valid acc: 0.7705 | patience:   0 | Epoch time: 0.5 |

2023-01-07 21:50:37,875 - INFO -
| Epoch:     40 | Train loss: 0.3004 | Valid loss: 0.3211 | Train acc: 0.8261 | Valid acc: 0.8033 | patience:   1 | Epoch time: 0.5 |

2023-01-07 21:50:38,339 - INFO -
| Epoch:     41 | Train loss: 0.2656 | Valid loss: 0.3208 | Train acc: 0.8804 | Valid acc: 0.8033 | patience:   2 | Epoch time: 0.5 |

2023-01-07 21:50:38,805 - INFO -
| Epoch:     42 | Train loss: 0.2574 | Valid loss: 0.2959 | Train acc: 0.8913 | Valid acc: 0.8033 | patience:   0 | Epoch time: 0.5 |

2023-01-07 21:50:39,270 - INFO -
| Epoch:     43 | Train loss: 0.2569 | Valid loss: 0.2999 | Train acc: 0.8696 | Valid acc: 0.7869 | patience:   1 | Epoch time: 0.5 |

2023-01-07 21:50:39,735 - INFO -
| Epoch:     44 | Train loss: 0.2309 | Valid loss: 0.3308 | Train acc: 0.8641 | Valid acc: 0.7705 | patience:   2 | Epoch time: 0.5 |

2023-01-07 21:50:40,200 - INFO -
| Epoch:     45 | Train loss: 0.2450 | Valid loss: 0.3079 | Train acc: 0.8696 | Valid acc: 0.7705 | patience:   3 | Epoch time: 0.5 |

2023-01-07 21:50:40,667 - INFO -
| Epoch:     46 | Train loss: 0.2187 | Valid loss: 0.2948 | Train acc: 0.8641 | Valid acc: 0.8197 | patience:   0 | Epoch time: 0.5 |

2023-01-07 21:50:41,132 - INFO -
| Epoch:     47 | Train loss: 0.2383 | Valid loss: 0.2975 | Train acc: 0.8804 | Valid acc: 0.8033 | patience:   1 | Epoch time: 0.5 |

2023-01-07 21:50:41,597 - INFO -
| Epoch:     48 | Train loss: 0.2158 | Valid loss: 0.3300 | Train acc: 0.8696 | Valid acc: 0.7869 | patience:   2 | Epoch time: 0.5 |

2023-01-07 21:50:42,061 - INFO -
| Epoch:     49 | Train loss: 0.2226 | Valid loss: 0.3357 | Train acc: 0.8913 | Valid acc: 0.8033 | patience:   3 | Epoch time: 0.5 |

2023-01-07 21:50:42,526 - INFO -
| Epoch:     50 | Train loss: 0.2241 | Valid loss: 0.3090 | Train acc: 0.8859 | Valid acc: 0.7705 | patience:   4 | Epoch time: 0.5 |

2023-01-07 21:50:42,991 - INFO -
| Epoch:     51 | Train loss: 0.2058 | Valid loss: 0.3013 | Train acc: 0.8804 | Valid acc: 0.8197 | patience:   5 | Epoch time: 0.5 |

2023-01-07 21:50:43,456 - INFO -
| Epoch:     52 | Train loss: 0.2178 | Valid loss: 0.3117 | Train acc: 0.8696 | Valid acc: 0.8033 | patience:   6 | Epoch time: 0.5 |

2023-01-07 21:50:43,921 - INFO -
| Epoch:     53 | Train loss: 0.2008 | Valid loss: 0.3474 | Train acc: 0.8804 | Valid acc: 0.7869 | patience:   7 | Epoch time: 0.5 |

2023-01-07 21:50:44,386 - INFO -
| Epoch:     54 | Train loss: 0.2169 | Valid loss: 0.3262 | Train acc: 0.8913 | Valid acc: 0.7705 | patience:   8 | Epoch time: 0.5 |

2023-01-07 21:50:44,850 - INFO -
| Epoch:     55 | Train loss: 0.1968 | Valid loss: 0.3217 | Train acc: 0.8804 | Valid acc: 0.8197 | patience:   9 | Epoch time: 0.5 |

2023-01-07 21:50:45,316 - INFO -
| Epoch:     56 | Train loss: 0.2045 | Valid loss: 0.3296 | Train acc: 0.8913 | Valid acc: 0.7869 | patience:  10 | Epoch time: 0.5 |

2023-01-07 21:50:45,780 - INFO -
| Epoch:     57 | Train loss: 0.1990 | Valid loss: 0.3397 | Train acc: 0.8750 | Valid acc: 0.8033 | patience:  11 | Epoch time: 0.5 |

2023-01-07 21:50:46,246 - INFO -
| Epoch:     58 | Train loss: 0.2025 | Valid loss: 0.3285 | Train acc: 0.8913 | Valid acc: 0.7869 | patience:  12 | Epoch time: 0.5 |

2023-01-07 21:50:46,710 - INFO -
| Epoch:     59 | Train loss: 0.1973 | Valid loss: 0.3236 | Train acc: 0.8750 | Valid acc: 0.8197 | patience:  13 | Epoch time: 0.5 |

2023-01-07 21:50:47,176 - INFO -
| Epoch:     60 | Train loss: 0.1967 | Valid loss: 0.3243 | Train acc: 0.8750 | Valid acc: 0.7869 | patience:  14 | Epoch time: 0.5 |

2023-01-07 21:50:47,641 - INFO -
| Epoch:     61 | Train loss: 0.1950 | Valid loss: 0.3255 | Train acc: 0.8750 | Valid acc: 0.7869 | patience:  15 | Epoch time: 0.5 |

2023-01-07 21:50:48,106 - INFO -
| Epoch:     62 | Train loss: 0.1944 | Valid loss: 0.3232 | Train acc: 0.8804 | Valid acc: 0.7869 | patience:  16 | Epoch time: 0.5 |

2023-01-07 21:50:48,571 - INFO -
| Epoch:     63 | Train loss: 0.1930 | Valid loss: 0.3181 | Train acc: 0.8804 | Valid acc: 0.8033 | patience:  17 | Epoch time: 0.5 |

2023-01-07 21:50:49,036 - INFO -
| Epoch:     64 | Train loss: 0.1928 | Valid loss: 0.3192 | Train acc: 0.8859 | Valid acc: 0.8033 | patience:  18 | Epoch time: 0.5 |

2023-01-07 21:50:49,501 - INFO -
| Epoch:     65 | Train loss: 0.1910 | Valid loss: 0.3259 | Train acc: 0.8859 | Valid acc: 0.7705 | patience:  19 | Epoch time: 0.5 |

2023-01-07 21:50:49,966 - INFO -
| Epoch:     66 | Train loss: 0.1902 | Valid loss: 0.3232 | Train acc: 0.8859 | Valid acc: 0.7869 | patience:  20 | Epoch time: 0.5 |

2023-01-07 21:50:50,431 - INFO -
| Epoch:     67 | Train loss: 0.1879 | Valid loss: 0.3205 | Train acc: 0.8859 | Valid acc: 0.7869 | patience:  21 | Epoch time: 0.5 |

2023-01-07 21:50:50,896 - INFO -
| Epoch:     68 | Train loss: 0.1880 | Valid loss: 0.3282 | Train acc: 0.8804 | Valid acc: 0.7869 | patience:  22 | Epoch time: 0.5 |

2023-01-07 21:50:51,361 - INFO -
| Epoch:     69 | Train loss: 0.1885 | Valid loss: 0.3245 | Train acc: 0.8913 | Valid acc: 0.7869 | patience:  23 | Epoch time: 0.5 |

2023-01-07 21:50:51,826 - INFO -
| Epoch:     70 | Train loss: 0.1875 | Valid loss: 0.3213 | Train acc: 0.8750 | Valid acc: 0.7869 | patience:  24 | Epoch time: 0.5 |

2023-01-07 21:50:52,290 - INFO -
| Epoch:     71 | Train loss: 0.1882 | Valid loss: 0.3238 | Train acc: 0.8859 | Valid acc: 0.7869 | patience:  25 | Epoch time: 0.5 |

2023-01-07 21:50:52,755 - INFO -
| Epoch:     72 | Train loss: 0.1861 | Valid loss: 0.3303 | Train acc: 0.8750 | Valid acc: 0.7869 | patience:  26 | Epoch time: 0.5 |

2023-01-07 21:50:53,219 - INFO -
| Epoch:     73 | Train loss: 0.1863 | Valid loss: 0.3225 | Train acc: 0.8859 | Valid acc: 0.7869 | patience:  27 | Epoch time: 0.5 |

2023-01-07 21:50:53,685 - INFO -
| Epoch:     74 | Train loss: 0.1845 | Valid loss: 0.3198 | Train acc: 0.8859 | Valid acc: 0.7869 | patience:  28 | Epoch time: 0.5 |

2023-01-07 21:50:54,150 - INFO -
| Epoch:     75 | Train loss: 0.1865 | Valid loss: 0.3279 | Train acc: 0.8913 | Valid acc: 0.7869 | patience:  29 | Epoch time: 0.5 |

2023-01-07 21:50:54,615 - INFO -
| Epoch:     76 | Train loss: 0.1839 | Valid loss: 0.3368 | Train acc: 0.9022 | Valid acc: 0.8033 | patience:  30 | Epoch time: 0.5 |

2023-01-07 21:50:55,082 - INFO -
| Epoch:     77 | Train loss: 0.1866 | Valid loss: 0.3282 | Train acc: 0.9022 | Valid acc: 0.7869 | patience:  31 | Epoch time: 0.5 |

2023-01-07 21:50:55,548 - INFO -
| Epoch:     78 | Train loss: 0.1831 | Valid loss: 0.3265 | Train acc: 0.9076 | Valid acc: 0.7869 | patience:  32 | Epoch time: 0.5 |

2023-01-07 21:50:56,014 - INFO -
| Epoch:     79 | Train loss: 0.1849 | Valid loss: 0.3313 | Train acc: 0.8967 | Valid acc: 0.7869 | patience:  33 | Epoch time: 0.5 |

2023-01-07 21:50:56,480 - INFO -
| Epoch:     80 | Train loss: 0.1826 | Valid loss: 0.3408 | Train acc: 0.9076 | Valid acc: 0.8033 | patience:  34 | Epoch time: 0.5 |

2023-01-07 21:50:56,945 - INFO -
| Epoch:     81 | Train loss: 0.1833 | Valid loss: 0.3389 | Train acc: 0.8913 | Valid acc: 0.7869 | patience:  35 | Epoch time: 0.5 |

2023-01-07 21:50:57,410 - INFO -
| Epoch:     82 | Train loss: 0.1822 | Valid loss: 0.3344 | Train acc: 0.9022 | Valid acc: 0.7869 | patience:  36 | Epoch time: 0.5 |

2023-01-07 21:50:57,874 - INFO -
| Epoch:     83 | Train loss: 0.1823 | Valid loss: 0.3355 | Train acc: 0.9076 | Valid acc: 0.7869 | patience:  37 | Epoch time: 0.5 |

2023-01-07 21:50:58,339 - INFO -
| Epoch:     84 | Train loss: 0.1813 | Valid loss: 0.3415 | Train acc: 0.9022 | Valid acc: 0.7869 | patience:  38 | Epoch time: 0.5 |

2023-01-07 21:50:58,805 - INFO -
| Epoch:     85 | Train loss: 0.1814 | Valid loss: 0.3383 | Train acc: 0.9022 | Valid acc: 0.7869 | patience:  39 | Epoch time: 0.5 |

2023-01-07 21:50:59,270 - INFO -
| Epoch:     86 | Train loss: 0.1801 | Valid loss: 0.3340 | Train acc: 0.9076 | Valid acc: 0.7869 | patience:  40 | Epoch time: 0.5 |

2023-01-07 21:50:59,735 - INFO -
| Epoch:     87 | Train loss: 0.1802 | Valid loss: 0.3356 | Train acc: 0.9076 | Valid acc: 0.7869 | patience:  41 | Epoch time: 0.5 |

2023-01-07 21:51:00,201 - INFO -
| Epoch:     88 | Train loss: 0.1792 | Valid loss: 0.3402 | Train acc: 0.9076 | Valid acc: 0.7869 | patience:  42 | Epoch time: 0.5 |

2023-01-07 21:51:00,667 - INFO -
| Epoch:     89 | Train loss: 0.1785 | Valid loss: 0.3412 | Train acc: 0.9076 | Valid acc: 0.7869 | patience:  43 | Epoch time: 0.5 |

2023-01-07 21:51:01,134 - INFO -
| Epoch:     90 | Train loss: 0.1769 | Valid loss: 0.3455 | Train acc: 0.9076 | Valid acc: 0.7705 | patience:  44 | Epoch time: 0.5 |

2023-01-07 21:51:01,600 - INFO -
| Epoch:     91 | Train loss: 0.1768 | Valid loss: 0.3433 | Train acc: 0.9022 | Valid acc: 0.7705 | patience:  45 | Epoch time: 0.5 |

2023-01-07 21:51:02,065 - INFO -
| Epoch:     92 | Train loss: 0.1772 | Valid loss: 0.3485 | Train acc: 0.9022 | Valid acc: 0.7705 | patience:  46 | Epoch time: 0.5 |

2023-01-07 21:51:02,531 - INFO -
| Epoch:     93 | Train loss: 0.1765 | Valid loss: 0.3369 | Train acc: 0.9022 | Valid acc: 0.7705 | patience:  47 | Epoch time: 0.5 |

2023-01-07 21:51:02,997 - INFO -
| Epoch:     94 | Train loss: 0.1764 | Valid loss: 0.3473 | Train acc: 0.9130 | Valid acc: 0.7705 | patience:  48 | Epoch time: 0.5 |

2023-01-07 21:51:03,462 - INFO -
| Epoch:     95 | Train loss: 0.1786 | Valid loss: 0.3348 | Train acc: 0.9022 | Valid acc: 0.7869 | patience:  49 | Epoch time: 0.5 |

2023-01-07 21:51:03,928 - INFO -
| Epoch:     96 | Train loss: 0.1762 | Valid loss: 0.3474 | Train acc: 0.9022 | Valid acc: 0.7705 | patience:  50 | Epoch time: 0.5 |

2023-01-07 21:51:04,393 - INFO -
| Epoch:     97 | Train loss: 0.1792 | Valid loss: 0.3396 | Train acc: 0.9022 | Valid acc: 0.7869 | patience:  51 | Epoch time: 0.5 |

2023-01-07 21:51:04,858 - INFO -
| Epoch:     98 | Train loss: 0.1919 | Valid loss: 0.3557 | Train acc: 0.8913 | Valid acc: 0.8033 | patience:  52 | Epoch time: 0.5 |

2023-01-07 21:51:05,323 - INFO -
| Epoch:     99 | Train loss: 0.1826 | Valid loss: 0.3485 | Train acc: 0.9022 | Valid acc: 0.7705 | patience:  53 | Epoch time: 0.5 |

2023-01-07 21:51:05,788 - INFO -
| Epoch:    100 | Train loss: 0.1730 | Valid loss: 0.3471 | Train acc: 0.8967 | Valid acc: 0.7869 | patience:  54 | Epoch time: 0.5 |

2023-01-07 21:51:06,253 - INFO -
| Epoch:    101 | Train loss: 0.1794 | Valid loss: 0.3609 | Train acc: 0.8967 | Valid acc: 0.7869 | patience:  55 | Epoch time: 0.5 |

2023-01-07 21:51:06,719 - INFO -
| Epoch:    102 | Train loss: 0.1836 | Valid loss: 0.3481 | Train acc: 0.9076 | Valid acc: 0.7869 | patience:  56 | Epoch time: 0.5 |

2023-01-07 21:51:07,184 - INFO -
| Epoch:    103 | Train loss: 0.1739 | Valid loss: 0.3469 | Train acc: 0.9076 | Valid acc: 0.7869 | patience:  57 | Epoch time: 0.5 |

2023-01-07 21:51:07,649 - INFO -
| Epoch:    104 | Train loss: 0.1751 | Valid loss: 0.3583 | Train acc: 0.9076 | Valid acc: 0.7869 | patience:  58 | Epoch time: 0.5 |

2023-01-07 21:51:08,114 - INFO -
| Epoch:    105 | Train loss: 0.1841 | Valid loss: 0.3448 | Train acc: 0.9022 | Valid acc: 0.7869 | patience:  59 | Epoch time: 0.5 |

2023-01-07 21:51:08,579 - INFO -
| Epoch:    106 | Train loss: 0.1707 | Valid loss: 0.3457 | Train acc: 0.9076 | Valid acc: 0.7705 | patience:  60 | Epoch time: 0.5 |

2023-01-07 21:51:09,044 - INFO -
| Epoch:    107 | Train loss: 0.1776 | Valid loss: 0.3505 | Train acc: 0.9130 | Valid acc: 0.7869 | patience:  61 | Epoch time: 0.5 |

2023-01-07 21:51:09,510 - INFO -
| Epoch:    108 | Train loss: 0.1752 | Valid loss: 0.3449 | Train acc: 0.9076 | Valid acc: 0.7705 | patience:  62 | Epoch time: 0.5 |

2023-01-07 21:51:09,975 - INFO -
| Epoch:    109 | Train loss: 0.1693 | Valid loss: 0.3459 | Train acc: 0.9076 | Valid acc: 0.7869 | patience:  63 | Epoch time: 0.5 |

2023-01-07 21:51:10,441 - INFO -
| Epoch:    110 | Train loss: 0.1693 | Valid loss: 0.3528 | Train acc: 0.9130 | Valid acc: 0.7869 | patience:  64 | Epoch time: 0.5 |

2023-01-07 21:51:10,906 - INFO -
| Epoch:    111 | Train loss: 0.1730 | Valid loss: 0.3501 | Train acc: 0.9130 | Valid acc: 0.7705 | patience:  65 | Epoch time: 0.5 |

2023-01-07 21:51:11,371 - INFO -
| Epoch:    112 | Train loss: 0.1754 | Valid loss: 0.3558 | Train acc: 0.9130 | Valid acc: 0.7869 | patience:  66 | Epoch time: 0.5 |

2023-01-07 21:51:11,836 - INFO -
| Epoch:    113 | Train loss: 0.1714 | Valid loss: 0.3537 | Train acc: 0.9185 | Valid acc: 0.7705 | patience:  67 | Epoch time: 0.5 |

2023-01-07 21:51:12,302 - INFO -
| Epoch:    114 | Train loss: 0.1694 | Valid loss: 0.3503 | Train acc: 0.9076 | Valid acc: 0.7705 | patience:  68 | Epoch time: 0.5 |

2023-01-07 21:51:12,766 - INFO -
| Epoch:    115 | Train loss: 0.1731 | Valid loss: 0.3537 | Train acc: 0.9130 | Valid acc: 0.7869 | patience:  69 | Epoch time: 0.5 |

2023-01-07 21:51:13,231 - INFO -
| Epoch:    116 | Train loss: 0.1737 | Valid loss: 0.3480 | Train acc: 0.9130 | Valid acc: 0.7869 | patience:  70 | Epoch time: 0.5 |

2023-01-07 21:51:13,696 - INFO -
| Epoch:    117 | Train loss: 0.1690 | Valid loss: 0.3485 | Train acc: 0.9130 | Valid acc: 0.7705 | patience:  71 | Epoch time: 0.5 |

2023-01-07 21:51:14,161 - INFO -
| Epoch:    118 | Train loss: 0.1678 | Valid loss: 0.3477 | Train acc: 0.9130 | Valid acc: 0.7705 | patience:  72 | Epoch time: 0.5 |

2023-01-07 21:51:14,626 - INFO -
| Epoch:    119 | Train loss: 0.1672 | Valid loss: 0.3491 | Train acc: 0.9130 | Valid acc: 0.7705 | patience:  73 | Epoch time: 0.5 |

2023-01-07 21:51:15,090 - INFO -
| Epoch:    120 | Train loss: 0.1668 | Valid loss: 0.3502 | Train acc: 0.9076 | Valid acc: 0.7705 | patience:  74 | Epoch time: 0.5 |

2023-01-07 21:51:15,555 - INFO -
| Epoch:    121 | Train loss: 0.1701 | Valid loss: 0.3616 | Train acc: 0.9130 | Valid acc: 0.7869 | patience:  75 | Epoch time: 0.5 |

2023-01-07 21:51:16,020 - INFO -
| Epoch:    122 | Train loss: 0.1793 | Valid loss: 0.3563 | Train acc: 0.8967 | Valid acc: 0.7705 | patience:  76 | Epoch time: 0.5 |

2023-01-07 21:51:16,484 - INFO -
| Epoch:    123 | Train loss: 0.1721 | Valid loss: 0.3607 | Train acc: 0.9130 | Valid acc: 0.7705 | patience:  77 | Epoch time: 0.5 |

2023-01-07 21:51:16,949 - INFO -
| Epoch:    124 | Train loss: 0.1666 | Valid loss: 0.3595 | Train acc: 0.9076 | Valid acc: 0.7705 | patience:  78 | Epoch time: 0.5 |

2023-01-07 21:51:17,414 - INFO -
| Epoch:    125 | Train loss: 0.1664 | Valid loss: 0.3661 | Train acc: 0.9130 | Valid acc: 0.7869 | patience:  79 | Epoch time: 0.5 |

2023-01-07 21:51:17,879 - INFO -
| Epoch:    126 | Train loss: 0.1712 | Valid loss: 0.3618 | Train acc: 0.9130 | Valid acc: 0.7705 | patience:  80 | Epoch time: 0.5 |

2023-01-07 21:51:18,343 - INFO -
| Epoch:    127 | Train loss: 0.1748 | Valid loss: 0.3587 | Train acc: 0.9130 | Valid acc: 0.7705 | patience:  81 | Epoch time: 0.5 |

2023-01-07 21:51:18,808 - INFO -
| Epoch:    128 | Train loss: 0.1660 | Valid loss: 0.3691 | Train acc: 0.9076 | Valid acc: 0.7869 | patience:  82 | Epoch time: 0.5 |

2023-01-07 21:51:19,273 - INFO -
| Epoch:    129 | Train loss: 0.1818 | Valid loss: 0.3587 | Train acc: 0.8967 | Valid acc: 0.7705 | patience:  83 | Epoch time: 0.5 |

2023-01-07 21:51:19,739 - INFO -
| Epoch:    130 | Train loss: 0.1806 | Valid loss: 0.3559 | Train acc: 0.9022 | Valid acc: 0.7705 | patience:  84 | Epoch time: 0.5 |

2023-01-07 21:51:20,203 - INFO -
| Epoch:    131 | Train loss: 0.1674 | Valid loss: 0.3698 | Train acc: 0.9130 | Valid acc: 0.8197 | patience:  85 | Epoch time: 0.5 |

2023-01-07 21:51:20,668 - INFO -
| Epoch:    132 | Train loss: 0.1870 | Valid loss: 0.3570 | Train acc: 0.8913 | Valid acc: 0.7705 | patience:  86 | Epoch time: 0.5 |

2023-01-07 21:51:21,134 - INFO -
| Epoch:    133 | Train loss: 0.1747 | Valid loss: 0.3573 | Train acc: 0.9130 | Valid acc: 0.7869 | patience:  87 | Epoch time: 0.5 |

2023-01-07 21:51:21,599 - INFO -
| Epoch:    134 | Train loss: 0.1684 | Valid loss: 0.3729 | Train acc: 0.9130 | Valid acc: 0.8033 | patience:  88 | Epoch time: 0.5 |

2023-01-07 21:51:22,064 - INFO -
| Epoch:    135 | Train loss: 0.1801 | Valid loss: 0.3626 | Train acc: 0.9022 | Valid acc: 0.7869 | patience:  89 | Epoch time: 0.5 |

2023-01-07 21:51:22,529 - INFO -
| Epoch:    136 | Train loss: 0.1690 | Valid loss: 0.3653 | Train acc: 0.9130 | Valid acc: 0.7869 | patience:  90 | Epoch time: 0.5 |

2023-01-07 21:51:22,994 - INFO -
| Epoch:    137 | Train loss: 0.1658 | Valid loss: 0.3752 | Train acc: 0.9130 | Valid acc: 0.7705 | patience:  91 | Epoch time: 0.5 |

2023-01-07 21:51:23,459 - INFO -
| Epoch:    138 | Train loss: 0.1730 | Valid loss: 0.3663 | Train acc: 0.9130 | Valid acc: 0.7869 | patience:  92 | Epoch time: 0.5 |

2023-01-07 21:51:23,924 - INFO -
| Epoch:    139 | Train loss: 0.1661 | Valid loss: 0.3658 | Train acc: 0.9130 | Valid acc: 0.7705 | patience:  93 | Epoch time: 0.5 |

2023-01-07 21:51:24,389 - INFO -
| Epoch:    140 | Train loss: 0.1638 | Valid loss: 0.3692 | Train acc: 0.9130 | Valid acc: 0.7705 | patience:  94 | Epoch time: 0.5 |

2023-01-07 21:51:24,854 - INFO -
| Epoch:    141 | Train loss: 0.1668 | Valid loss: 0.3626 | Train acc: 0.9185 | Valid acc: 0.7705 | patience:  95 | Epoch time: 0.5 |

2023-01-07 21:51:25,319 - INFO -
| Epoch:    142 | Train loss: 0.1643 | Valid loss: 0.3660 | Train acc: 0.9130 | Valid acc: 0.7705 | patience:  96 | Epoch time: 0.5 |

2023-01-07 21:51:25,783 - INFO -
| Epoch:    143 | Train loss: 0.1632 | Valid loss: 0.3686 | Train acc: 0.9076 | Valid acc: 0.7705 | patience:  97 | Epoch time: 0.5 |

2023-01-07 21:51:26,248 - INFO -
| Epoch:    144 | Train loss: 0.1630 | Valid loss: 0.3685 | Train acc: 0.9076 | Valid acc: 0.7705 | patience:  98 | Epoch time: 0.5 |

2023-01-07 21:51:26,713 - INFO -
| Epoch:    145 | Train loss: 0.1679 | Valid loss: 0.3795 | Train acc: 0.9130 | Valid acc: 0.7705 | patience:  99 | Epoch time: 0.5 |

2023-01-07 21:51:27,177 - INFO -
| Epoch:    146 | Train loss: 0.1699 | Valid loss: 0.3751 | Train acc: 0.9185 | Valid acc: 0.7705 | patience: 100 | Epoch time: 0.5 |

2023-01-07 21:51:27,642 - INFO -
| Epoch:    147 | Train loss: 0.1637 | Valid loss: 0.3731 | Train acc: 0.9130 | Valid acc: 0.7869 | patience: 101 | Epoch time: 0.5 |

2023-01-07 21:51:28,107 - INFO -
| Epoch:    148 | Train loss: 0.1646 | Valid loss: 0.3798 | Train acc: 0.9130 | Valid acc: 0.7705 | patience: 102 | Epoch time: 0.5 |

2023-01-07 21:51:28,572 - INFO -
| Epoch:    149 | Train loss: 0.1705 | Valid loss: 0.3688 | Train acc: 0.9185 | Valid acc: 0.7705 | patience: 103 | Epoch time: 0.5 |

2023-01-07 21:51:29,037 - INFO -
| Epoch:    150 | Train loss: 0.1645 | Valid loss: 0.3720 | Train acc: 0.9130 | Valid acc: 0.7705 | patience: 104 | Epoch time: 0.5 |

2023-01-07 21:51:29,503 - INFO -
| Epoch:    151 | Train loss: 0.1625 | Valid loss: 0.3767 | Train acc: 0.9130 | Valid acc: 0.7705 | patience: 105 | Epoch time: 0.5 |

2023-01-07 21:51:29,969 - INFO -
| Epoch:    152 | Train loss: 0.1649 | Valid loss: 0.3713 | Train acc: 0.9130 | Valid acc: 0.7705 | patience: 106 | Epoch time: 0.5 |

2023-01-07 21:51:30,435 - INFO -
| Epoch:    153 | Train loss: 0.1637 | Valid loss: 0.3754 | Train acc: 0.9130 | Valid acc: 0.7705 | patience: 107 | Epoch time: 0.5 |

2023-01-07 21:51:30,901 - INFO -
| Epoch:    154 | Train loss: 0.1623 | Valid loss: 0.3750 | Train acc: 0.9076 | Valid acc: 0.7705 | patience: 108 | Epoch time: 0.5 |

2023-01-07 21:51:31,368 - INFO -
| Epoch:    155 | Train loss: 0.1617 | Valid loss: 0.3737 | Train acc: 0.9076 | Valid acc: 0.7869 | patience: 109 | Epoch time: 0.5 |

2023-01-07 21:51:31,835 - INFO -
| Epoch:    156 | Train loss: 0.1622 | Valid loss: 0.3848 | Train acc: 0.9130 | Valid acc: 0.7705 | patience: 110 | Epoch time: 0.5 |

2023-01-07 21:51:32,302 - INFO -
| Epoch:    157 | Train loss: 0.1698 | Valid loss: 0.3748 | Train acc: 0.9239 | Valid acc: 0.7705 | patience: 111 | Epoch time: 0.5 |

2023-01-07 21:51:32,770 - INFO -
| Epoch:    158 | Train loss: 0.1648 | Valid loss: 0.3792 | Train acc: 0.9130 | Valid acc: 0.7705 | patience: 112 | Epoch time: 0.5 |

2023-01-07 21:51:33,237 - INFO -
| Epoch:    159 | Train loss: 0.1610 | Valid loss: 0.3820 | Train acc: 0.9076 | Valid acc: 0.7705 | patience: 113 | Epoch time: 0.5 |

2023-01-07 21:51:33,704 - INFO -
| Epoch:    160 | Train loss: 0.1629 | Valid loss: 0.3756 | Train acc: 0.9076 | Valid acc: 0.7705 | patience: 114 | Epoch time: 0.5 |

2023-01-07 21:51:34,172 - INFO -
| Epoch:    161 | Train loss: 0.1660 | Valid loss: 0.3844 | Train acc: 0.9130 | Valid acc: 0.7541 | patience: 115 | Epoch time: 0.5 |

2023-01-07 21:51:34,639 - INFO -
| Epoch:    162 | Train loss: 0.1651 | Valid loss: 0.3795 | Train acc: 0.9185 | Valid acc: 0.7705 | patience: 116 | Epoch time: 0.5 |

2023-01-07 21:51:35,108 - INFO -
| Epoch:    163 | Train loss: 0.1609 | Valid loss: 0.3751 | Train acc: 0.9076 | Valid acc: 0.7705 | patience: 117 | Epoch time: 0.5 |

2023-01-07 21:51:35,575 - INFO -
| Epoch:    164 | Train loss: 0.1657 | Valid loss: 0.3863 | Train acc: 0.9130 | Valid acc: 0.7541 | patience: 118 | Epoch time: 0.5 |

2023-01-07 21:51:36,042 - INFO -
| Epoch:    165 | Train loss: 0.1669 | Valid loss: 0.3801 | Train acc: 0.9185 | Valid acc: 0.7705 | patience: 119 | Epoch time: 0.5 |

2023-01-07 21:51:36,509 - INFO -
| Epoch:    166 | Train loss: 0.1606 | Valid loss: 0.3782 | Train acc: 0.9076 | Valid acc: 0.7705 | patience: 120 | Epoch time: 0.5 |

2023-01-07 21:51:36,976 - INFO -
| Epoch:    167 | Train loss: 0.1704 | Valid loss: 0.3908 | Train acc: 0.9130 | Valid acc: 0.7705 | patience: 121 | Epoch time: 0.5 |

2023-01-07 21:51:37,442 - INFO -
| Epoch:    168 | Train loss: 0.1694 | Valid loss: 0.3822 | Train acc: 0.9239 | Valid acc: 0.7705 | patience: 122 | Epoch time: 0.5 |

2023-01-07 21:51:37,911 - INFO -
| Epoch:    169 | Train loss: 0.1608 | Valid loss: 0.3809 | Train acc: 0.9076 | Valid acc: 0.7705 | patience: 123 | Epoch time: 0.5 |

2023-01-07 21:51:38,379 - INFO -
| Epoch:    170 | Train loss: 0.1661 | Valid loss: 0.3905 | Train acc: 0.9130 | Valid acc: 0.7541 | patience: 124 | Epoch time: 0.5 |

2023-01-07 21:51:38,847 - INFO -
| Epoch:    171 | Train loss: 0.1665 | Valid loss: 0.3856 | Train acc: 0.9239 | Valid acc: 0.7705 | patience: 125 | Epoch time: 0.5 |

2023-01-07 21:51:39,317 - INFO -
| Epoch:    172 | Train loss: 0.1613 | Valid loss: 0.3796 | Train acc: 0.9076 | Valid acc: 0.7705 | patience: 126 | Epoch time: 0.5 |

2023-01-07 21:51:39,786 - INFO -
| Epoch:    173 | Train loss: 0.1754 | Valid loss: 0.3872 | Train acc: 0.9185 | Valid acc: 0.7541 | patience: 127 | Epoch time: 0.5 |

2023-01-07 21:51:40,253 - INFO -
| Epoch:    174 | Train loss: 0.1622 | Valid loss: 0.3920 | Train acc: 0.9130 | Valid acc: 0.7541 | patience: 128 | Epoch time: 0.5 |

2023-01-07 21:51:40,722 - INFO -
| Epoch:    175 | Train loss: 0.1675 | Valid loss: 0.3798 | Train acc: 0.9239 | Valid acc: 0.7705 | patience: 129 | Epoch time: 0.5 |

2023-01-07 21:51:41,189 - INFO -
| Epoch:    176 | Train loss: 0.1664 | Valid loss: 0.3808 | Train acc: 0.9130 | Valid acc: 0.7705 | patience: 130 | Epoch time: 0.5 |

2023-01-07 21:51:41,657 - INFO -
| Epoch:    177 | Train loss: 0.1627 | Valid loss: 0.3935 | Train acc: 0.9130 | Valid acc: 0.7541 | patience: 131 | Epoch time: 0.5 |

2023-01-07 21:51:42,125 - INFO -
| Epoch:    178 | Train loss: 0.1681 | Valid loss: 0.3857 | Train acc: 0.9239 | Valid acc: 0.7705 | patience: 132 | Epoch time: 0.5 |

2023-01-07 21:51:42,593 - INFO -
| Epoch:    179 | Train loss: 0.1603 | Valid loss: 0.3806 | Train acc: 0.9076 | Valid acc: 0.7705 | patience: 133 | Epoch time: 0.5 |

2023-01-07 21:51:43,060 - INFO -
| Epoch:    180 | Train loss: 0.1703 | Valid loss: 0.3877 | Train acc: 0.9185 | Valid acc: 0.7541 | patience: 134 | Epoch time: 0.5 |

2023-01-07 21:51:43,528 - INFO -
| Epoch:    181 | Train loss: 0.1613 | Valid loss: 0.3911 | Train acc: 0.9130 | Valid acc: 0.7541 | patience: 135 | Epoch time: 0.5 |

2023-01-07 21:51:43,995 - INFO -
| Epoch:    182 | Train loss: 0.1652 | Valid loss: 0.3799 | Train acc: 0.9293 | Valid acc: 0.7705 | patience: 136 | Epoch time: 0.5 |

2023-01-07 21:51:44,462 - INFO -
| Epoch:    183 | Train loss: 0.1616 | Valid loss: 0.3792 | Train acc: 0.9076 | Valid acc: 0.7705 | patience: 137 | Epoch time: 0.5 |

2023-01-07 21:51:44,930 - INFO -
| Epoch:    184 | Train loss: 0.1626 | Valid loss: 0.3897 | Train acc: 0.9130 | Valid acc: 0.7541 | patience: 138 | Epoch time: 0.5 |

2023-01-07 21:51:45,397 - INFO -
| Epoch:    185 | Train loss: 0.1616 | Valid loss: 0.3900 | Train acc: 0.9130 | Valid acc: 0.7705 | patience: 139 | Epoch time: 0.5 |

2023-01-07 21:51:45,864 - INFO -
| Epoch:    186 | Train loss: 0.1603 | Valid loss: 0.3847 | Train acc: 0.9130 | Valid acc: 0.7705 | patience: 140 | Epoch time: 0.5 |

2023-01-07 21:51:46,331 - INFO -
| Epoch:    187 | Train loss: 0.1632 | Valid loss: 0.3908 | Train acc: 0.9130 | Valid acc: 0.7705 | patience: 141 | Epoch time: 0.5 |

2023-01-07 21:51:46,798 - INFO -
| Epoch:    188 | Train loss: 0.1596 | Valid loss: 0.3955 | Train acc: 0.9076 | Valid acc: 0.7541 | patience: 142 | Epoch time: 0.5 |

2023-01-07 21:51:47,265 - INFO -
| Epoch:    189 | Train loss: 0.1620 | Valid loss: 0.3879 | Train acc: 0.9185 | Valid acc: 0.7705 | patience: 143 | Epoch time: 0.5 |

2023-01-07 21:51:47,731 - INFO -
| Epoch:    190 | Train loss: 0.1595 | Valid loss: 0.3889 | Train acc: 0.9076 | Valid acc: 0.7705 | patience: 144 | Epoch time: 0.5 |

2023-01-07 21:51:48,199 - INFO -
| Epoch:    191 | Train loss: 0.1591 | Valid loss: 0.3935 | Train acc: 0.9076 | Valid acc: 0.7541 | patience: 145 | Epoch time: 0.5 |

2023-01-07 21:51:48,666 - INFO -
| Epoch:    192 | Train loss: 0.1599 | Valid loss: 0.3899 | Train acc: 0.9130 | Valid acc: 0.7705 | patience: 146 | Epoch time: 0.5 |

2023-01-07 21:51:49,133 - INFO -
| Epoch:    193 | Train loss: 0.1589 | Valid loss: 0.3915 | Train acc: 0.9076 | Valid acc: 0.7705 | patience: 147 | Epoch time: 0.5 |

2023-01-07 21:51:49,600 - INFO -
| Epoch:    194 | Train loss: 0.1586 | Valid loss: 0.3953 | Train acc: 0.9076 | Valid acc: 0.7705 | patience: 148 | Epoch time: 0.5 |

2023-01-07 21:51:50,067 - INFO -
| Epoch:    195 | Train loss: 0.1593 | Valid loss: 0.3909 | Train acc: 0.9076 | Valid acc: 0.7869 | patience: 149 | Epoch time: 0.5 |

2023-01-07 21:51:50,534 - INFO -
| Epoch:    196 | Train loss: 0.1600 | Valid loss: 0.3950 | Train acc: 0.9076 | Valid acc: 0.7705 | patience: 150 | Epoch time: 0.5 |

2023-01-07 21:51:51,002 - INFO -
| Epoch:    197 | Train loss: 0.1586 | Valid loss: 0.3936 | Train acc: 0.9076 | Valid acc: 0.7705 | patience: 151 | Epoch time: 0.5 |

2023-01-07 21:51:51,469 - INFO -
| Epoch:    198 | Train loss: 0.1585 | Valid loss: 0.3875 | Train acc: 0.9076 | Valid acc: 0.7869 | patience: 152 | Epoch time: 0.5 |

2023-01-07 21:51:51,936 - INFO -
| Epoch:    199 | Train loss: 0.1605 | Valid loss: 0.3953 | Train acc: 0.9076 | Valid acc: 0.7541 | patience: 153 | Epoch time: 0.5 |

2023-01-07 21:51:52,403 - INFO -
| Epoch:    200 | Train loss: 0.1597 | Valid loss: 0.3945 | Train acc: 0.9130 | Valid acc: 0.7541 | patience: 154 | Epoch time: 0.5 |

2023-01-07 21:51:52,870 - INFO -
| Epoch:    201 | Train loss: 0.1589 | Valid loss: 0.3880 | Train acc: 0.9130 | Valid acc: 0.7705 | patience: 155 | Epoch time: 0.5 |

2023-01-07 21:51:53,338 - INFO -
| Epoch:    202 | Train loss: 0.1621 | Valid loss: 0.3987 | Train acc: 0.9130 | Valid acc: 0.7541 | patience: 156 | Epoch time: 0.5 |

2023-01-07 21:51:53,805 - INFO -
| Epoch:    203 | Train loss: 0.1606 | Valid loss: 0.3975 | Train acc: 0.9239 | Valid acc: 0.7541 | patience: 157 | Epoch time: 0.5 |

2023-01-07 21:51:54,273 - INFO -
| Epoch:    204 | Train loss: 0.1593 | Valid loss: 0.3890 | Train acc: 0.9076 | Valid acc: 0.7705 | patience: 158 | Epoch time: 0.5 |

2023-01-07 21:51:54,741 - INFO -
| Epoch:    205 | Train loss: 0.1639 | Valid loss: 0.3952 | Train acc: 0.9130 | Valid acc: 0.7705 | patience: 159 | Epoch time: 0.5 |

2023-01-07 21:51:55,209 - INFO -
| Epoch:    206 | Train loss: 0.1583 | Valid loss: 0.3995 | Train acc: 0.9076 | Valid acc: 0.7541 | patience: 160 | Epoch time: 0.5 |

2023-01-07 21:51:55,677 - INFO -
| Epoch:    207 | Train loss: 0.1606 | Valid loss: 0.3903 | Train acc: 0.9293 | Valid acc: 0.7705 | patience: 161 | Epoch time: 0.5 |

2023-01-07 21:51:56,144 - INFO -
| Epoch:    208 | Train loss: 0.1608 | Valid loss: 0.3921 | Train acc: 0.9130 | Valid acc: 0.7705 | patience: 162 | Epoch time: 0.5 |

2023-01-07 21:51:56,610 - INFO -
| Epoch:    209 | Train loss: 0.1586 | Valid loss: 0.4032 | Train acc: 0.9076 | Valid acc: 0.7541 | patience: 163 | Epoch time: 0.5 |

2023-01-07 21:51:57,077 - INFO -
| Epoch:    210 | Train loss: 0.1641 | Valid loss: 0.3914 | Train acc: 0.9239 | Valid acc: 0.7869 | patience: 164 | Epoch time: 0.5 |

2023-01-07 21:51:57,544 - INFO -
| Epoch:    211 | Train loss: 0.1604 | Valid loss: 0.3927 | Train acc: 0.9130 | Valid acc: 0.7869 | patience: 165 | Epoch time: 0.5 |

2023-01-07 21:51:58,010 - INFO -
| Epoch:    212 | Train loss: 0.1597 | Valid loss: 0.4040 | Train acc: 0.9076 | Valid acc: 0.7541 | patience: 166 | Epoch time: 0.5 |

2023-01-07 21:51:58,478 - INFO -
| Epoch:    213 | Train loss: 0.1630 | Valid loss: 0.3989 | Train acc: 0.9293 | Valid acc: 0.7541 | patience: 167 | Epoch time: 0.5 |

2023-01-07 21:51:58,943 - INFO -
| Epoch:    214 | Train loss: 0.1593 | Valid loss: 0.3880 | Train acc: 0.9130 | Valid acc: 0.7705 | patience: 168 | Epoch time: 0.5 |

2023-01-07 21:51:59,409 - INFO -
| Epoch:    215 | Train loss: 0.1666 | Valid loss: 0.3943 | Train acc: 0.9185 | Valid acc: 0.7541 | patience: 169 | Epoch time: 0.5 |

2023-01-07 21:51:59,875 - INFO -
| Epoch:    216 | Train loss: 0.1581 | Valid loss: 0.3985 | Train acc: 0.9130 | Valid acc: 0.7541 | patience: 170 | Epoch time: 0.5 |

2023-01-07 21:52:00,342 - INFO -
| Epoch:    217 | Train loss: 0.1634 | Valid loss: 0.3843 | Train acc: 0.9293 | Valid acc: 0.7705 | patience: 171 | Epoch time: 0.5 |

2023-01-07 21:52:00,808 - INFO -
| Epoch:    218 | Train loss: 0.1648 | Valid loss: 0.3875 | Train acc: 0.9185 | Valid acc: 0.7705 | patience: 172 | Epoch time: 0.5 |

2023-01-07 21:52:01,274 - INFO -
| Epoch:    219 | Train loss: 0.1602 | Valid loss: 0.3998 | Train acc: 0.9076 | Valid acc: 0.7541 | patience: 173 | Epoch time: 0.5 |

2023-01-07 21:52:01,739 - INFO -
| Epoch:    220 | Train loss: 0.1629 | Valid loss: 0.3954 | Train acc: 0.9293 | Valid acc: 0.7541 | patience: 174 | Epoch time: 0.5 |

2023-01-07 21:52:02,205 - INFO -
| Epoch:    221 | Train loss: 0.1579 | Valid loss: 0.3886 | Train acc: 0.9130 | Valid acc: 0.7705 | patience: 175 | Epoch time: 0.5 |

2023-01-07 21:52:02,670 - INFO -
| Epoch:    222 | Train loss: 0.1658 | Valid loss: 0.3948 | Train acc: 0.9185 | Valid acc: 0.7541 | patience: 176 | Epoch time: 0.5 |

2023-01-07 21:52:03,136 - INFO -
| Epoch:    223 | Train loss: 0.1576 | Valid loss: 0.4013 | Train acc: 0.9076 | Valid acc: 0.7541 | patience: 177 | Epoch time: 0.5 |

2023-01-07 21:52:03,601 - INFO -
| Epoch:    224 | Train loss: 0.1619 | Valid loss: 0.3905 | Train acc: 0.9293 | Valid acc: 0.7705 | patience: 178 | Epoch time: 0.5 |

2023-01-07 21:52:04,067 - INFO -
| Epoch:    225 | Train loss: 0.1582 | Valid loss: 0.3900 | Train acc: 0.9076 | Valid acc: 0.7705 | patience: 179 | Epoch time: 0.5 |

2023-01-07 21:52:04,532 - INFO -
| Epoch:    226 | Train loss: 0.1587 | Valid loss: 0.3987 | Train acc: 0.9076 | Valid acc: 0.7541 | patience: 180 | Epoch time: 0.5 |

2023-01-07 21:52:04,997 - INFO -
| Epoch:    227 | Train loss: 0.1590 | Valid loss: 0.3972 | Train acc: 0.9239 | Valid acc: 0.7541 | patience: 181 | Epoch time: 0.5 |

2023-01-07 21:52:05,463 - INFO -
| Epoch:    228 | Train loss: 0.1577 | Valid loss: 0.3905 | Train acc: 0.9076 | Valid acc: 0.7869 | patience: 182 | Epoch time: 0.5 |

2023-01-07 21:52:05,929 - INFO -
| Epoch:    229 | Train loss: 0.1594 | Valid loss: 0.3950 | Train acc: 0.9076 | Valid acc: 0.7541 | patience: 183 | Epoch time: 0.5 |

2023-01-07 21:52:06,395 - INFO -
| Epoch:    230 | Train loss: 0.1568 | Valid loss: 0.3993 | Train acc: 0.9076 | Valid acc: 0.7541 | patience: 184 | Epoch time: 0.5 |

2023-01-07 21:52:06,861 - INFO -
| Epoch:    231 | Train loss: 0.1583 | Valid loss: 0.3925 | Train acc: 0.9239 | Valid acc: 0.7705 | patience: 185 | Epoch time: 0.5 |

2023-01-07 21:52:07,327 - INFO -
| Epoch:    232 | Train loss: 0.1577 | Valid loss: 0.3943 | Train acc: 0.9076 | Valid acc: 0.7705 | patience: 186 | Epoch time: 0.5 |

2023-01-07 21:52:07,793 - INFO -
| Epoch:    233 | Train loss: 0.1568 | Valid loss: 0.4012 | Train acc: 0.9076 | Valid acc: 0.7541 | patience: 187 | Epoch time: 0.5 |

2023-01-07 21:52:08,259 - INFO -
| Epoch:    234 | Train loss: 0.1593 | Valid loss: 0.3937 | Train acc: 0.9239 | Valid acc: 0.7705 | patience: 188 | Epoch time: 0.5 |

2023-01-07 21:52:08,724 - INFO -
| Epoch:    235 | Train loss: 0.1569 | Valid loss: 0.3931 | Train acc: 0.9076 | Valid acc: 0.7705 | patience: 189 | Epoch time: 0.5 |

2023-01-07 21:52:09,189 - INFO -
| Epoch:    236 | Train loss: 0.1573 | Valid loss: 0.4015 | Train acc: 0.9076 | Valid acc: 0.7541 | patience: 190 | Epoch time: 0.5 |

2023-01-07 21:52:09,655 - INFO -
| Epoch:    237 | Train loss: 0.1585 | Valid loss: 0.3958 | Train acc: 0.9239 | Valid acc: 0.7705 | patience: 191 | Epoch time: 0.5 |

2023-01-07 21:52:10,120 - INFO -
| Epoch:    238 | Train loss: 0.1565 | Valid loss: 0.3947 | Train acc: 0.9076 | Valid acc: 0.7705 | patience: 192 | Epoch time: 0.5 |

2023-01-07 21:52:10,586 - INFO -
| Epoch:    239 | Train loss: 0.1571 | Valid loss: 0.4039 | Train acc: 0.9076 | Valid acc: 0.7541 | patience: 193 | Epoch time: 0.5 |

2023-01-07 21:52:11,051 - INFO -
| Epoch:    240 | Train loss: 0.1597 | Valid loss: 0.3978 | Train acc: 0.9239 | Valid acc: 0.7541 | patience: 194 | Epoch time: 0.5 |

2023-01-07 21:52:11,517 - INFO -
| Epoch:    241 | Train loss: 0.1564 | Valid loss: 0.3934 | Train acc: 0.9076 | Valid acc: 0.7869 | patience: 195 | Epoch time: 0.5 |

2023-01-07 21:52:11,982 - INFO -
| Epoch:    242 | Train loss: 0.1603 | Valid loss: 0.4042 | Train acc: 0.9076 | Valid acc: 0.7541 | patience: 196 | Epoch time: 0.5 |

2023-01-07 21:52:12,448 - INFO -
| Epoch:    243 | Train loss: 0.1591 | Valid loss: 0.4015 | Train acc: 0.9239 | Valid acc: 0.7541 | patience: 197 | Epoch time: 0.5 |

2023-01-07 21:52:12,912 - INFO -
| Epoch:    244 | Train loss: 0.1570 | Valid loss: 0.3930 | Train acc: 0.9185 | Valid acc: 0.7869 | patience: 198 | Epoch time: 0.5 |

2023-01-07 21:52:13,378 - INFO -
| Epoch:    245 | Train loss: 0.1600 | Valid loss: 0.3989 | Train acc: 0.9076 | Valid acc: 0.7541 | patience: 199 | Epoch time: 0.5 |

2023-01-07 21:52:13,843 - INFO -
| Epoch:    246 | Train loss: 0.1563 | Valid loss: 0.4057 | Train acc: 0.9130 | Valid acc: 0.7541 | patience: 200 | Epoch time: 0.5 |

2023-01-07 21:52:14,309 - INFO -
| Epoch:    247 | Train loss: 0.1599 | Valid loss: 0.3921 | Train acc: 0.9293 | Valid acc: 0.7705 | patience: 201 | Epoch time: 0.5 |

2023-01-07 21:52:14,774 - INFO -
| Epoch:    248 | Train loss: 0.1642 | Valid loss: 0.3961 | Train acc: 0.9185 | Valid acc: 0.7705 | patience: 202 | Epoch time: 0.5 |

2023-01-07 21:52:15,239 - INFO -
| Epoch:    249 | Train loss: 0.1577 | Valid loss: 0.4122 | Train acc: 0.9076 | Valid acc: 0.7541 | patience: 203 | Epoch time: 0.5 |

2023-01-07 21:52:15,704 - INFO -
| Epoch:    250 | Train loss: 0.1653 | Valid loss: 0.3975 | Train acc: 0.9239 | Valid acc: 0.7869 | patience: 204 | Epoch time: 0.5 |

2023-01-07 21:52:16,170 - INFO -
| Epoch:    251 | Train loss: 0.1584 | Valid loss: 0.3978 | Train acc: 0.9076 | Valid acc: 0.7705 | patience: 205 | Epoch time: 0.5 |

2023-01-07 21:52:16,635 - INFO -
| Epoch:    252 | Train loss: 0.1609 | Valid loss: 0.4105 | Train acc: 0.9130 | Valid acc: 0.7541 | patience: 206 | Epoch time: 0.5 |

2023-01-07 21:52:17,101 - INFO -
| Epoch:    253 | Train loss: 0.1620 | Valid loss: 0.4068 | Train acc: 0.9293 | Valid acc: 0.7541 | patience: 207 | Epoch time: 0.5 |

2023-01-07 21:52:17,567 - INFO -
| Epoch:    254 | Train loss: 0.1592 | Valid loss: 0.3939 | Train acc: 0.9239 | Valid acc: 0.7705 | patience: 208 | Epoch time: 0.5 |

2023-01-07 21:52:18,033 - INFO -
| Epoch:    255 | Train loss: 0.1630 | Valid loss: 0.3956 | Train acc: 0.9185 | Valid acc: 0.7705 | patience: 209 | Epoch time: 0.5 |

2023-01-07 21:52:18,498 - INFO -
| Epoch:    256 | Train loss: 0.1570 | Valid loss: 0.4080 | Train acc: 0.9076 | Valid acc: 0.7541 | patience: 210 | Epoch time: 0.5 |

2023-01-07 21:52:18,963 - INFO -
| Epoch:    257 | Train loss: 0.1653 | Valid loss: 0.3913 | Train acc: 0.9293 | Valid acc: 0.7705 | patience: 211 | Epoch time: 0.5 |

2023-01-07 21:52:19,428 - INFO -
| Epoch:    258 | Train loss: 0.1598 | Valid loss: 0.3914 | Train acc: 0.9130 | Valid acc: 0.7869 | patience: 212 | Epoch time: 0.5 |

2023-01-07 21:52:19,893 - INFO -
| Epoch:    259 | Train loss: 0.1592 | Valid loss: 0.4063 | Train acc: 0.9130 | Valid acc: 0.7541 | patience: 213 | Epoch time: 0.5 |

2023-01-07 21:52:20,358 - INFO -
| Epoch:    260 | Train loss: 0.1626 | Valid loss: 0.3963 | Train acc: 0.9293 | Valid acc: 0.7705 | patience: 214 | Epoch time: 0.5 |

2023-01-07 21:52:20,823 - INFO -
| Epoch:    261 | Train loss: 0.1561 | Valid loss: 0.3925 | Train acc: 0.9076 | Valid acc: 0.7705 | patience: 215 | Epoch time: 0.5 |

2023-01-07 21:52:21,288 - INFO -
| Epoch:    262 | Train loss: 0.1622 | Valid loss: 0.4026 | Train acc: 0.9185 | Valid acc: 0.7541 | patience: 216 | Epoch time: 0.5 |

2023-01-07 21:52:21,753 - INFO -
| Epoch:    263 | Train loss: 0.1575 | Valid loss: 0.4050 | Train acc: 0.9239 | Valid acc: 0.7541 | patience: 217 | Epoch time: 0.5 |

2023-01-07 21:52:22,218 - INFO -
| Epoch:    264 | Train loss: 0.1589 | Valid loss: 0.3959 | Train acc: 0.9239 | Valid acc: 0.7705 | patience: 218 | Epoch time: 0.5 |

2023-01-07 21:52:22,683 - INFO -
| Epoch:    265 | Train loss: 0.1568 | Valid loss: 0.3926 | Train acc: 0.9076 | Valid acc: 0.7869 | patience: 219 | Epoch time: 0.5 |

2023-01-07 21:52:23,148 - INFO -
| Epoch:    266 | Train loss: 0.1587 | Valid loss: 0.4046 | Train acc: 0.9076 | Valid acc: 0.7541 | patience: 220 | Epoch time: 0.5 |

2023-01-07 21:52:23,613 - INFO -
| Epoch:    267 | Train loss: 0.1609 | Valid loss: 0.3952 | Train acc: 0.9293 | Valid acc: 0.7541 | patience: 221 | Epoch time: 0.5 |

2023-01-07 21:52:24,078 - INFO -
| Epoch:    268 | Train loss: 0.1560 | Valid loss: 0.3922 | Train acc: 0.9130 | Valid acc: 0.7869 | patience: 222 | Epoch time: 0.5 |

2023-01-07 21:52:24,543 - INFO -
| Epoch:    269 | Train loss: 0.1590 | Valid loss: 0.4029 | Train acc: 0.9130 | Valid acc: 0.7541 | patience: 223 | Epoch time: 0.5 |

2023-01-07 21:52:25,009 - INFO -
| Epoch:    270 | Train loss: 0.1581 | Valid loss: 0.4024 | Train acc: 0.9239 | Valid acc: 0.7541 | patience: 224 | Epoch time: 0.5 |

2023-01-07 21:52:25,475 - INFO -
| Epoch:    271 | Train loss: 0.1575 | Valid loss: 0.3939 | Train acc: 0.9239 | Valid acc: 0.7705 | patience: 225 | Epoch time: 0.5 |

2023-01-07 21:52:25,940 - INFO -
| Epoch:    272 | Train loss: 0.1596 | Valid loss: 0.3981 | Train acc: 0.9076 | Valid acc: 0.7541 | patience: 226 | Epoch time: 0.5 |

2023-01-07 21:52:26,406 - INFO -
| Epoch:    273 | Train loss: 0.1560 | Valid loss: 0.4057 | Train acc: 0.9076 | Valid acc: 0.7541 | patience: 227 | Epoch time: 0.5 |

2023-01-07 21:52:26,871 - INFO -
| Epoch:    274 | Train loss: 0.1594 | Valid loss: 0.3956 | Train acc: 0.9293 | Valid acc: 0.7705 | patience: 228 | Epoch time: 0.5 |

2023-01-07 21:52:27,338 - INFO -
| Epoch:    275 | Train loss: 0.1569 | Valid loss: 0.3940 | Train acc: 0.9076 | Valid acc: 0.7869 | patience: 229 | Epoch time: 0.5 |

2023-01-07 21:52:27,803 - INFO -
| Epoch:    276 | Train loss: 0.1587 | Valid loss: 0.4062 | Train acc: 0.9076 | Valid acc: 0.7541 | patience: 230 | Epoch time: 0.5 |

2023-01-07 21:52:28,268 - INFO -
| Epoch:    277 | Train loss: 0.1593 | Valid loss: 0.3996 | Train acc: 0.9293 | Valid acc: 0.7541 | patience: 231 | Epoch time: 0.5 |

2023-01-07 21:52:28,733 - INFO -
| Epoch:    278 | Train loss: 0.1558 | Valid loss: 0.3940 | Train acc: 0.9130 | Valid acc: 0.7705 | patience: 232 | Epoch time: 0.5 |

2023-01-07 21:52:29,198 - INFO -
| Epoch:    279 | Train loss: 0.1599 | Valid loss: 0.4011 | Train acc: 0.9185 | Valid acc: 0.7541 | patience: 233 | Epoch time: 0.5 |

2023-01-07 21:52:29,664 - INFO -
| Epoch:    280 | Train loss: 0.1561 | Valid loss: 0.4047 | Train acc: 0.9130 | Valid acc: 0.7541 | patience: 234 | Epoch time: 0.5 |

2023-01-07 21:52:30,128 - INFO -
| Epoch:    281 | Train loss: 0.1576 | Valid loss: 0.3958 | Train acc: 0.9239 | Valid acc: 0.7705 | patience: 235 | Epoch time: 0.5 |

2023-01-07 21:52:30,593 - INFO -
| Epoch:    282 | Train loss: 0.1563 | Valid loss: 0.3978 | Train acc: 0.9076 | Valid acc: 0.7705 | patience: 236 | Epoch time: 0.5 |

2023-01-07 21:52:31,058 - INFO -
| Epoch:    283 | Train loss: 0.1556 | Valid loss: 0.4039 | Train acc: 0.9076 | Valid acc: 0.7541 | patience: 237 | Epoch time: 0.5 |

2023-01-07 21:52:31,523 - INFO -
| Epoch:    284 | Train loss: 0.1562 | Valid loss: 0.4027 | Train acc: 0.9239 | Valid acc: 0.7541 | patience: 238 | Epoch time: 0.5 |

2023-01-07 21:52:31,988 - INFO -
| Epoch:    285 | Train loss: 0.1556 | Valid loss: 0.3993 | Train acc: 0.9076 | Valid acc: 0.7705 | patience: 239 | Epoch time: 0.5 |

2023-01-07 21:52:32,453 - INFO -
| Epoch:    286 | Train loss: 0.1567 | Valid loss: 0.4025 | Train acc: 0.9076 | Valid acc: 0.7541 | patience: 240 | Epoch time: 0.5 |

2023-01-07 21:52:32,918 - INFO -
| Epoch:    287 | Train loss: 0.1554 | Valid loss: 0.4054 | Train acc: 0.9130 | Valid acc: 0.7541 | patience: 241 | Epoch time: 0.5 |

2023-01-07 21:52:33,383 - INFO -
| Epoch:    288 | Train loss: 0.1559 | Valid loss: 0.3988 | Train acc: 0.9239 | Valid acc: 0.7705 | patience: 242 | Epoch time: 0.5 |

2023-01-07 21:52:33,848 - INFO -
| Epoch:    289 | Train loss: 0.1563 | Valid loss: 0.4026 | Train acc: 0.9076 | Valid acc: 0.7541 | patience: 243 | Epoch time: 0.5 |

2023-01-07 21:52:34,313 - INFO -
| Epoch:    290 | Train loss: 0.1550 | Valid loss: 0.4067 | Train acc: 0.9185 | Valid acc: 0.7541 | patience: 244 | Epoch time: 0.5 |

2023-01-07 21:52:34,779 - INFO -
| Epoch:    291 | Train loss: 0.1558 | Valid loss: 0.4022 | Train acc: 0.9239 | Valid acc: 0.7705 | patience: 245 | Epoch time: 0.5 |

2023-01-07 21:52:35,243 - INFO -
| Epoch:    292 | Train loss: 0.1554 | Valid loss: 0.4027 | Train acc: 0.9076 | Valid acc: 0.7705 | patience: 246 | Epoch time: 0.5 |

2023-01-07 21:52:35,708 - INFO -
| Epoch:    293 | Train loss: 0.1551 | Valid loss: 0.4072 | Train acc: 0.9130 | Valid acc: 0.7541 | patience: 247 | Epoch time: 0.5 |

2023-01-07 21:52:36,174 - INFO -
| Epoch:    294 | Train loss: 0.1556 | Valid loss: 0.4019 | Train acc: 0.9239 | Valid acc: 0.7705 | patience: 248 | Epoch time: 0.5 |

2023-01-07 21:52:36,640 - INFO -
| Epoch:    295 | Train loss: 0.1558 | Valid loss: 0.4068 | Train acc: 0.9076 | Valid acc: 0.7541 | patience: 249 | Epoch time: 0.5 |

2023-01-07 21:52:37,105 - INFO -
| Epoch:    296 | Train loss: 0.1553 | Valid loss: 0.4041 | Train acc: 0.9239 | Valid acc: 0.7705 | patience: 250 | Epoch time: 0.5 |

2023-01-07 21:52:37,570 - INFO -
| Epoch:    297 | Train loss: 0.1550 | Valid loss: 0.4062 | Train acc: 0.9130 | Valid acc: 0.7541 | patience: 251 | Epoch time: 0.5 |

2023-01-07 21:52:38,036 - INFO -
| Epoch:    298 | Train loss: 0.1549 | Valid loss: 0.4075 | Train acc: 0.9185 | Valid acc: 0.7541 | patience: 252 | Epoch time: 0.5 |

2023-01-07 21:52:38,501 - INFO -
| Epoch:    299 | Train loss: 0.1550 | Valid loss: 0.4030 | Train acc: 0.9185 | Valid acc: 0.7705 | patience: 253 | Epoch time: 0.5 |

2023-01-07 21:52:38,966 - INFO -
| Epoch:    300 | Train loss: 0.1560 | Valid loss: 0.4119 | Train acc: 0.9130 | Valid acc: 0.7541 | patience: 254 | Epoch time: 0.5 |

2023-01-07 21:52:39,431 - INFO -
| Epoch:    301 | Train loss: 0.1574 | Valid loss: 0.4004 | Train acc: 0.9239 | Valid acc: 0.7869 | patience: 255 | Epoch time: 0.5 |

2023-01-07 21:52:39,896 - INFO -
| Epoch:    302 | Train loss: 0.1584 | Valid loss: 0.4079 | Train acc: 0.9130 | Valid acc: 0.7541 | patience: 256 | Epoch time: 0.5 |

2023-01-07 21:52:40,362 - INFO -
| Epoch:    303 | Train loss: 0.1551 | Valid loss: 0.4147 | Train acc: 0.9239 | Valid acc: 0.7541 | patience: 257 | Epoch time: 0.5 |

2023-01-07 21:52:40,827 - INFO -
| Epoch:    304 | Train loss: 0.1582 | Valid loss: 0.4031 | Train acc: 0.9239 | Valid acc: 0.7705 | patience: 258 | Epoch time: 0.5 |

2023-01-07 21:52:41,291 - INFO -
| Epoch:    305 | Train loss: 0.1651 | Valid loss: 0.4128 | Train acc: 0.9185 | Valid acc: 0.7541 | patience: 259 | Epoch time: 0.5 |

2023-01-07 21:52:41,756 - INFO -
| Epoch:    306 | Train loss: 0.1563 | Valid loss: 0.4207 | Train acc: 0.9185 | Valid acc: 0.7541 | patience: 260 | Epoch time: 0.5 |

2023-01-07 21:52:42,221 - INFO -
| Epoch:    307 | Train loss: 0.1621 | Valid loss: 0.4043 | Train acc: 0.9293 | Valid acc: 0.7705 | patience: 261 | Epoch time: 0.5 |

2023-01-07 21:52:42,686 - INFO -
| Epoch:    308 | Train loss: 0.1602 | Valid loss: 0.4050 | Train acc: 0.9130 | Valid acc: 0.7705 | patience: 262 | Epoch time: 0.5 |

2023-01-07 21:52:43,151 - INFO -
| Epoch:    309 | Train loss: 0.1568 | Valid loss: 0.4212 | Train acc: 0.9076 | Valid acc: 0.7541 | patience: 263 | Epoch time: 0.5 |

2023-01-07 21:52:43,616 - INFO -
| Epoch:    310 | Train loss: 0.1634 | Valid loss: 0.4041 | Train acc: 0.9293 | Valid acc: 0.7705 | patience: 264 | Epoch time: 0.5 |

2023-01-07 21:52:44,081 - INFO -
| Epoch:    311 | Train loss: 0.1568 | Valid loss: 0.4022 | Train acc: 0.9130 | Valid acc: 0.7705 | patience: 265 | Epoch time: 0.5 |

2023-01-07 21:52:44,545 - INFO -
| Epoch:    312 | Train loss: 0.1590 | Valid loss: 0.4196 | Train acc: 0.9130 | Valid acc: 0.7541 | patience: 266 | Epoch time: 0.5 |

2023-01-07 21:52:45,011 - INFO -
| Epoch:    313 | Train loss: 0.1623 | Valid loss: 0.4087 | Train acc: 0.9293 | Valid acc: 0.7541 | patience: 267 | Epoch time: 0.5 |

2023-01-07 21:52:45,476 - INFO -
| Epoch:    314 | Train loss: 0.1550 | Valid loss: 0.4002 | Train acc: 0.9185 | Valid acc: 0.7705 | patience: 268 | Epoch time: 0.5 |

2023-01-07 21:52:45,941 - INFO -
| Epoch:    315 | Train loss: 0.1611 | Valid loss: 0.4077 | Train acc: 0.9185 | Valid acc: 0.7541 | patience: 269 | Epoch time: 0.5 |

2023-01-07 21:52:46,406 - INFO -
| Epoch:    316 | Train loss: 0.1550 | Valid loss: 0.4128 | Train acc: 0.9185 | Valid acc: 0.7541 | patience: 270 | Epoch time: 0.5 |

2023-01-07 21:52:46,872 - INFO -
| Epoch:    317 | Train loss: 0.1571 | Valid loss: 0.4014 | Train acc: 0.9239 | Valid acc: 0.7869 | patience: 271 | Epoch time: 0.5 |

2023-01-07 21:52:47,338 - INFO -
| Epoch:    318 | Train loss: 0.1571 | Valid loss: 0.4044 | Train acc: 0.9130 | Valid acc: 0.7541 | patience: 272 | Epoch time: 0.5 |

2023-01-07 21:52:47,803 - INFO -
| Epoch:    319 | Train loss: 0.1549 | Valid loss: 0.4086 | Train acc: 0.9130 | Valid acc: 0.7541 | patience: 273 | Epoch time: 0.5 |

2023-01-07 21:52:48,268 - INFO -
| Epoch:    320 | Train loss: 0.1554 | Valid loss: 0.4072 | Train acc: 0.9239 | Valid acc: 0.7541 | patience: 274 | Epoch time: 0.5 |

2023-01-07 21:52:48,733 - INFO -
| Epoch:    321 | Train loss: 0.1550 | Valid loss: 0.4013 | Train acc: 0.9239 | Valid acc: 0.7705 | patience: 275 | Epoch time: 0.5 |

2023-01-07 21:52:49,198 - INFO -
| Epoch:    322 | Train loss: 0.1555 | Valid loss: 0.4074 | Train acc: 0.9076 | Valid acc: 0.7541 | patience: 276 | Epoch time: 0.5 |

2023-01-07 21:52:49,663 - INFO -
| Epoch:    323 | Train loss: 0.1551 | Valid loss: 0.4088 | Train acc: 0.9239 | Valid acc: 0.7541 | patience: 277 | Epoch time: 0.5 |

2023-01-07 21:52:50,128 - INFO -
| Epoch:    324 | Train loss: 0.1555 | Valid loss: 0.4006 | Train acc: 0.9239 | Valid acc: 0.7705 | patience: 278 | Epoch time: 0.5 |

2023-01-07 21:52:50,593 - INFO -
| Epoch:    325 | Train loss: 0.1566 | Valid loss: 0.4081 | Train acc: 0.9130 | Valid acc: 0.7541 | patience: 279 | Epoch time: 0.5 |

2023-01-07 21:52:51,058 - INFO -
| Epoch:    326 | Train loss: 0.1552 | Valid loss: 0.4068 | Train acc: 0.9239 | Valid acc: 0.7541 | patience: 280 | Epoch time: 0.5 |

2023-01-07 21:52:51,524 - INFO -
| Epoch:    327 | Train loss: 0.1547 | Valid loss: 0.4030 | Train acc: 0.9239 | Valid acc: 0.7705 | patience: 281 | Epoch time: 0.5 |

2023-01-07 21:52:51,989 - INFO -
| Epoch:    328 | Train loss: 0.1557 | Valid loss: 0.4073 | Train acc: 0.9076 | Valid acc: 0.7541 | patience: 282 | Epoch time: 0.5 |

2023-01-07 21:52:52,454 - INFO -
| Epoch:    329 | Train loss: 0.1545 | Valid loss: 0.4112 | Train acc: 0.9239 | Valid acc: 0.7541 | patience: 283 | Epoch time: 0.5 |

2023-01-07 21:52:52,919 - INFO -
| Epoch:    330 | Train loss: 0.1555 | Valid loss: 0.4056 | Train acc: 0.9239 | Valid acc: 0.7541 | patience: 284 | Epoch time: 0.5 |

2023-01-07 21:52:53,384 - INFO -
| Epoch:    331 | Train loss: 0.1548 | Valid loss: 0.4108 | Train acc: 0.9130 | Valid acc: 0.7541 | patience: 285 | Epoch time: 0.5 |

2023-01-07 21:52:53,850 - INFO -
| Epoch:    332 | Train loss: 0.1546 | Valid loss: 0.4110 | Train acc: 0.9239 | Valid acc: 0.7541 | patience: 286 | Epoch time: 0.5 |

2023-01-07 21:52:54,315 - INFO -
| Epoch:    333 | Train loss: 0.1544 | Valid loss: 0.4047 | Train acc: 0.9239 | Valid acc: 0.7705 | patience: 287 | Epoch time: 0.5 |

2023-01-07 21:52:54,780 - INFO -
| Epoch:    334 | Train loss: 0.1563 | Valid loss: 0.4126 | Train acc: 0.9130 | Valid acc: 0.7541 | patience: 288 | Epoch time: 0.5 |

2023-01-07 21:52:55,245 - INFO -
| Epoch:    335 | Train loss: 0.1547 | Valid loss: 0.4111 | Train acc: 0.9239 | Valid acc: 0.7541 | patience: 289 | Epoch time: 0.5 |

2023-01-07 21:52:55,710 - INFO -
| Epoch:    336 | Train loss: 0.1540 | Valid loss: 0.4064 | Train acc: 0.9239 | Valid acc: 0.7705 | patience: 290 | Epoch time: 0.5 |

2023-01-07 21:52:56,175 - INFO -
| Epoch:    337 | Train loss: 0.1553 | Valid loss: 0.4154 | Train acc: 0.9239 | Valid acc: 0.7541 | patience: 291 | Epoch time: 0.5 |

2023-01-07 21:52:56,641 - INFO -
| Epoch:    338 | Train loss: 0.1557 | Valid loss: 0.4081 | Train acc: 0.9239 | Valid acc: 0.7705 | patience: 292 | Epoch time: 0.5 |

2023-01-07 21:52:57,107 - INFO -
| Epoch:    339 | Train loss: 0.1553 | Valid loss: 0.4123 | Train acc: 0.9130 | Valid acc: 0.7541 | patience: 293 | Epoch time: 0.5 |

2023-01-07 21:52:57,572 - INFO -
| Epoch:    340 | Train loss: 0.1542 | Valid loss: 0.4180 | Train acc: 0.9185 | Valid acc: 0.7541 | patience: 294 | Epoch time: 0.5 |

2023-01-07 21:52:58,037 - INFO -
| Epoch:    341 | Train loss: 0.1560 | Valid loss: 0.4070 | Train acc: 0.9239 | Valid acc: 0.7705 | patience: 295 | Epoch time: 0.5 |

2023-01-07 21:52:58,502 - INFO -
| Epoch:    342 | Train loss: 0.1589 | Valid loss: 0.4148 | Train acc: 0.9130 | Valid acc: 0.7541 | patience: 296 | Epoch time: 0.5 |

2023-01-07 21:52:58,967 - INFO -
| Epoch:    343 | Train loss: 0.1543 | Valid loss: 0.4221 | Train acc: 0.9239 | Valid acc: 0.7541 | patience: 297 | Epoch time: 0.5 |

2023-01-07 21:52:59,433 - INFO -
| Epoch:    344 | Train loss: 0.1593 | Valid loss: 0.4051 | Train acc: 0.9239 | Valid acc: 0.7705 | patience: 298 | Epoch time: 0.5 |

2023-01-07 21:52:59,899 - INFO -
| Epoch:    345 | Train loss: 0.1628 | Valid loss: 0.4153 | Train acc: 0.9185 | Valid acc: 0.7541 | patience: 299 | Epoch time: 0.5 |

2023-01-07 21:53:00,364 - INFO -
| Epoch:    346 | Train loss: 0.1543 | Valid loss: 0.4182 | Train acc: 0.9239 | Valid acc: 0.7541 | patience: 300 | Epoch time: 0.5 |

2023-01-07 21:53:00,829 - INFO -
| Epoch:    347 | Train loss: 0.1562 | Valid loss: 0.4053 | Train acc: 0.9239 | Valid acc: 0.7705 | patience: 301 | Epoch time: 0.5 |

2023-01-07 21:53:01,294 - INFO -
| Epoch:    348 | Train loss: 0.1602 | Valid loss: 0.4107 | Train acc: 0.9130 | Valid acc: 0.7541 | patience: 302 | Epoch time: 0.5 |

2023-01-07 21:53:01,758 - INFO -
| Epoch:    349 | Train loss: 0.1544 | Valid loss: 0.4252 | Train acc: 0.9185 | Valid acc: 0.7541 | patience: 303 | Epoch time: 0.5 |

2023-01-07 21:53:02,223 - INFO -
| Epoch:    350 | Train loss: 0.1645 | Valid loss: 0.4053 | Train acc: 0.9293 | Valid acc: 0.7705 | patience: 304 | Epoch time: 0.5 |

2023-01-07 21:53:02,689 - INFO -
| Epoch:    351 | Train loss: 0.1632 | Valid loss: 0.4101 | Train acc: 0.9185 | Valid acc: 0.7869 | patience: 305 | Epoch time: 0.5 |

2023-01-07 21:53:03,154 - INFO -
| Epoch:    352 | Train loss: 0.1559 | Valid loss: 0.4239 | Train acc: 0.9076 | Valid acc: 0.7541 | patience: 306 | Epoch time: 0.5 |

2023-01-07 21:53:03,619 - INFO -
| Epoch:    353 | Train loss: 0.1617 | Valid loss: 0.4099 | Train acc: 0.9293 | Valid acc: 0.7541 | patience: 307 | Epoch time: 0.5 |

2023-01-07 21:53:04,085 - INFO -
| Epoch:    354 | Train loss: 0.1547 | Valid loss: 0.4034 | Train acc: 0.9130 | Valid acc: 0.7705 | patience: 308 | Epoch time: 0.5 |

2023-01-07 21:53:04,551 - INFO -
| Epoch:    355 | Train loss: 0.1591 | Valid loss: 0.4195 | Train acc: 0.9130 | Valid acc: 0.7541 | patience: 309 | Epoch time: 0.5 |

2023-01-07 21:53:05,016 - INFO -
| Epoch:    356 | Train loss: 0.1617 | Valid loss: 0.4057 | Train acc: 0.9293 | Valid acc: 0.7541 | patience: 310 | Epoch time: 0.5 |

2023-01-07 21:53:05,481 - INFO -
| Epoch:    357 | Train loss: 0.1547 | Valid loss: 0.4023 | Train acc: 0.9239 | Valid acc: 0.7869 | patience: 311 | Epoch time: 0.5 |

2023-01-07 21:53:05,946 - INFO -
| Epoch:    358 | Train loss: 0.1576 | Valid loss: 0.4098 | Train acc: 0.9185 | Valid acc: 0.7541 | patience: 312 | Epoch time: 0.5 |

2023-01-07 21:53:06,411 - INFO -
| Epoch:    359 | Train loss: 0.1546 | Valid loss: 0.4148 | Train acc: 0.9239 | Valid acc: 0.7541 | patience: 313 | Epoch time: 0.5 |

2023-01-07 21:53:06,876 - INFO -
| Epoch:    360 | Train loss: 0.1562 | Valid loss: 0.4069 | Train acc: 0.9239 | Valid acc: 0.7541 | patience: 314 | Epoch time: 0.5 |

2023-01-07 21:53:07,342 - INFO -
| Epoch:    361 | Train loss: 0.1549 | Valid loss: 0.4068 | Train acc: 0.9076 | Valid acc: 0.7541 | patience: 315 | Epoch time: 0.5 |

2023-01-07 21:53:07,807 - INFO -
| Epoch:    362 | Train loss: 0.1550 | Valid loss: 0.4149 | Train acc: 0.9076 | Valid acc: 0.7541 | patience: 316 | Epoch time: 0.5 |

2023-01-07 21:53:08,272 - INFO -
| Epoch:    363 | Train loss: 0.1563 | Valid loss: 0.4073 | Train acc: 0.9239 | Valid acc: 0.7541 | patience: 317 | Epoch time: 0.5 |

2023-01-07 21:53:08,737 - INFO -
| Epoch:    364 | Train loss: 0.1541 | Valid loss: 0.4045 | Train acc: 0.9185 | Valid acc: 0.7705 | patience: 318 | Epoch time: 0.5 |

2023-01-07 21:53:09,202 - INFO -
| Epoch:    365 | Train loss: 0.1557 | Valid loss: 0.4133 | Train acc: 0.9130 | Valid acc: 0.7541 | patience: 319 | Epoch time: 0.5 |

2023-01-07 21:53:09,667 - INFO -
| Epoch:    366 | Train loss: 0.1551 | Valid loss: 0.4105 | Train acc: 0.9239 | Valid acc: 0.7541 | patience: 320 | Epoch time: 0.5 |

2023-01-07 21:53:10,132 - INFO -
| Epoch:    367 | Train loss: 0.1540 | Valid loss: 0.4049 | Train acc: 0.9239 | Valid acc: 0.7705 | patience: 321 | Epoch time: 0.5 |

2023-01-07 21:53:10,597 - INFO -
| Epoch:    368 | Train loss: 0.1562 | Valid loss: 0.4143 | Train acc: 0.9130 | Valid acc: 0.7541 | patience: 322 | Epoch time: 0.5 |

2023-01-07 21:53:11,063 - INFO -
| Epoch:    369 | Train loss: 0.1551 | Valid loss: 0.4114 | Train acc: 0.9239 | Valid acc: 0.7541 | patience: 323 | Epoch time: 0.5 |

2023-01-07 21:53:11,528 - INFO -
| Epoch:    370 | Train loss: 0.1539 | Valid loss: 0.4062 | Train acc: 0.9239 | Valid acc: 0.7705 | patience: 324 | Epoch time: 0.5 |

2023-01-07 21:53:11,993 - INFO -
| Epoch:    371 | Train loss: 0.1555 | Valid loss: 0.4113 | Train acc: 0.9130 | Valid acc: 0.7541 | patience: 325 | Epoch time: 0.5 |

2023-01-07 21:53:12,457 - INFO -
| Epoch:    372 | Train loss: 0.1537 | Valid loss: 0.4142 | Train acc: 0.9239 | Valid acc: 0.7541 | patience: 326 | Epoch time: 0.5 |

2023-01-07 21:53:12,922 - INFO -
| Epoch:    373 | Train loss: 0.1546 | Valid loss: 0.4085 | Train acc: 0.9239 | Valid acc: 0.7541 | patience: 327 | Epoch time: 0.5 |

2023-01-07 21:53:13,387 - INFO -
| Epoch:    374 | Train loss: 0.1542 | Valid loss: 0.4129 | Train acc: 0.9239 | Valid acc: 0.7541 | patience: 328 | Epoch time: 0.5 |

2023-01-07 21:53:13,852 - INFO -
| Epoch:    375 | Train loss: 0.1537 | Valid loss: 0.4129 | Train acc: 0.9239 | Valid acc: 0.7541 | patience: 329 | Epoch time: 0.5 |

2023-01-07 21:53:14,317 - INFO -
| Epoch:    376 | Train loss: 0.1534 | Valid loss: 0.4117 | Train acc: 0.9239 | Valid acc: 0.7541 | patience: 330 | Epoch time: 0.5 |

2023-01-07 21:53:14,782 - INFO -
| Epoch:    377 | Train loss: 0.1534 | Valid loss: 0.4134 | Train acc: 0.9185 | Valid acc: 0.7541 | patience: 331 | Epoch time: 0.5 |

2023-01-07 21:53:15,247 - INFO -
| Epoch:    378 | Train loss: 0.1532 | Valid loss: 0.4132 | Train acc: 0.9239 | Valid acc: 0.7541 | patience: 332 | Epoch time: 0.5 |

2023-01-07 21:53:15,712 - INFO -
| Epoch:    379 | Train loss: 0.1535 | Valid loss: 0.4153 | Train acc: 0.9293 | Valid acc: 0.7541 | patience: 333 | Epoch time: 0.5 |

2023-01-07 21:53:16,177 - INFO -
| Epoch:    380 | Train loss: 0.1534 | Valid loss: 0.4133 | Train acc: 0.9239 | Valid acc: 0.7541 | patience: 334 | Epoch time: 0.5 |

2023-01-07 21:53:16,642 - INFO -
| Epoch:    381 | Train loss: 0.1536 | Valid loss: 0.4194 | Train acc: 0.9239 | Valid acc: 0.7541 | patience: 335 | Epoch time: 0.5 |

2023-01-07 21:53:17,107 - INFO -
| Epoch:    382 | Train loss: 0.1543 | Valid loss: 0.4127 | Train acc: 0.9239 | Valid acc: 0.7541 | patience: 336 | Epoch time: 0.5 |

2023-01-07 21:53:17,573 - INFO -
| Epoch:    383 | Train loss: 0.1549 | Valid loss: 0.4153 | Train acc: 0.9130 | Valid acc: 0.7541 | patience: 337 | Epoch time: 0.5 |

2023-01-07 21:53:18,038 - INFO -
| Epoch:    384 | Train loss: 0.1535 | Valid loss: 0.4211 | Train acc: 0.9239 | Valid acc: 0.7541 | patience: 338 | Epoch time: 0.5 |

2023-01-07 21:53:18,503 - INFO -
| Epoch:    385 | Train loss: 0.1560 | Valid loss: 0.4090 | Train acc: 0.9239 | Valid acc: 0.7705 | patience: 339 | Epoch time: 0.5 |

2023-01-07 21:53:18,968 - INFO -
| Epoch:    386 | Train loss: 0.1581 | Valid loss: 0.4126 | Train acc: 0.9130 | Valid acc: 0.7541 | patience: 340 | Epoch time: 0.5 |

2023-01-07 21:53:19,434 - INFO -
| Epoch:    387 | Train loss: 0.1536 | Valid loss: 0.4294 | Train acc: 0.9239 | Valid acc: 0.7541 | patience: 341 | Epoch time: 0.5 |

2023-01-07 21:53:19,899 - INFO -
| Epoch:    388 | Train loss: 0.1652 | Valid loss: 0.4081 | Train acc: 0.9239 | Valid acc: 0.7705 | patience: 342 | Epoch time: 0.5 |

2023-01-07 21:53:20,364 - INFO -
| Epoch:    389 | Train loss: 0.1623 | Valid loss: 0.4154 | Train acc: 0.9185 | Valid acc: 0.7541 | patience: 343 | Epoch time: 0.5 |

2023-01-07 21:53:20,829 - INFO -
| Epoch:    390 | Train loss: 0.1553 | Valid loss: 0.4277 | Train acc: 0.9076 | Valid acc: 0.7541 | patience: 344 | Epoch time: 0.5 |

2023-01-07 21:53:21,294 - INFO -
| Epoch:    391 | Train loss: 0.1603 | Valid loss: 0.4145 | Train acc: 0.9293 | Valid acc: 0.7541 | patience: 345 | Epoch time: 0.5 |

2023-01-07 21:53:21,759 - INFO -
| Epoch:    392 | Train loss: 0.1547 | Valid loss: 0.4085 | Train acc: 0.9130 | Valid acc: 0.7705 | patience: 346 | Epoch time: 0.5 |

2023-01-07 21:53:22,224 - INFO -
| Epoch:    393 | Train loss: 0.1596 | Valid loss: 0.4247 | Train acc: 0.9130 | Valid acc: 0.7541 | patience: 347 | Epoch time: 0.5 |

2023-01-07 21:53:22,689 - INFO -
| Epoch:    394 | Train loss: 0.1598 | Valid loss: 0.4120 | Train acc: 0.9293 | Valid acc: 0.7541 | patience: 348 | Epoch time: 0.5 |

2023-01-07 21:53:23,154 - INFO -
| Epoch:    395 | Train loss: 0.1539 | Valid loss: 0.4088 | Train acc: 0.9239 | Valid acc: 0.7705 | patience: 349 | Epoch time: 0.5 |

2023-01-07 21:53:23,620 - INFO -
| Epoch:    396 | Train loss: 0.1568 | Valid loss: 0.4200 | Train acc: 0.9130 | Valid acc: 0.7541 | patience: 350 | Epoch time: 0.5 |

2023-01-07 21:53:24,084 - INFO -
| Epoch:    397 | Train loss: 0.1556 | Valid loss: 0.4159 | Train acc: 0.9239 | Valid acc: 0.7541 | patience: 351 | Epoch time: 0.5 |

2023-01-07 21:53:24,549 - INFO -
| Epoch:    398 | Train loss: 0.1537 | Valid loss: 0.4095 | Train acc: 0.9239 | Valid acc: 0.7869 | patience: 352 | Epoch time: 0.5 |

2023-01-07 21:53:25,014 - INFO -
| Epoch:    399 | Train loss: 0.1567 | Valid loss: 0.4144 | Train acc: 0.9130 | Valid acc: 0.7541 | patience: 353 | Epoch time: 0.5 |

2023-01-07 21:53:25,479 - INFO -
| Epoch:    400 | Train loss: 0.1538 | Valid loss: 0.4236 | Train acc: 0.9239 | Valid acc: 0.7541 | patience: 354 | Epoch time: 0.5 |

2023-01-07 21:53:25,945 - INFO -
| Epoch:    401 | Train loss: 0.1599 | Valid loss: 0.4054 | Train acc: 0.9293 | Valid acc: 0.7705 | patience: 355 | Epoch time: 0.5 |

2023-01-07 21:53:26,411 - INFO -
| Epoch:    402 | Train loss: 0.1597 | Valid loss: 0.4101 | Train acc: 0.9130 | Valid acc: 0.7541 | patience: 356 | Epoch time: 0.5 |

2023-01-07 21:53:26,876 - INFO -
| Epoch:    403 | Train loss: 0.1535 | Valid loss: 0.4226 | Train acc: 0.9239 | Valid acc: 0.7541 | patience: 357 | Epoch time: 0.5 |

2023-01-07 21:53:27,341 - INFO -
| Epoch:    404 | Train loss: 0.1612 | Valid loss: 0.4061 | Train acc: 0.9293 | Valid acc: 0.7705 | patience: 358 | Epoch time: 0.5 |

2023-01-07 21:53:27,806 - INFO -
| Epoch:    405 | Train loss: 0.1579 | Valid loss: 0.4072 | Train acc: 0.9130 | Valid acc: 0.7869 | patience: 359 | Epoch time: 0.5 |

2023-01-07 21:53:28,271 - INFO -
| Epoch:    406 | Train loss: 0.1567 | Valid loss: 0.4192 | Train acc: 0.9130 | Valid acc: 0.7541 | patience: 360 | Epoch time: 0.5 |

2023-01-07 21:53:28,736 - INFO -
| Epoch:    407 | Train loss: 0.1567 | Valid loss: 0.4139 | Train acc: 0.9239 | Valid acc: 0.7541 | patience: 361 | Epoch time: 0.5 |

2023-01-07 21:53:29,201 - INFO -
| Epoch:    408 | Train loss: 0.1541 | Valid loss: 0.4068 | Train acc: 0.9239 | Valid acc: 0.7869 | patience: 362 | Epoch time: 0.5 |

2023-01-07 21:53:29,666 - INFO -
| Epoch:    409 | Train loss: 0.1563 | Valid loss: 0.4084 | Train acc: 0.9130 | Valid acc: 0.7541 | patience: 363 | Epoch time: 0.5 |

2023-01-07 21:53:30,131 - INFO -
| Epoch:    410 | Train loss: 0.1541 | Valid loss: 0.4177 | Train acc: 0.9239 | Valid acc: 0.7541 | patience: 364 | Epoch time: 0.5 |

2023-01-07 21:53:30,596 - INFO -
| Epoch:    411 | Train loss: 0.1567 | Valid loss: 0.4070 | Train acc: 0.9239 | Valid acc: 0.7541 | patience: 365 | Epoch time: 0.5 |

2023-01-07 21:53:31,061 - INFO -
| Epoch:    412 | Train loss: 0.1541 | Valid loss: 0.4074 | Train acc: 0.9239 | Valid acc: 0.7541 | patience: 366 | Epoch time: 0.5 |

2023-01-07 21:53:31,526 - INFO -
| Epoch:    413 | Train loss: 0.1541 | Valid loss: 0.4198 | Train acc: 0.9239 | Valid acc: 0.7541 | patience: 367 | Epoch time: 0.5 |

2023-01-07 21:53:31,991 - INFO -
| Epoch:    414 | Train loss: 0.1570 | Valid loss: 0.4091 | Train acc: 0.9239 | Valid acc: 0.7869 | patience: 368 | Epoch time: 0.5 |

2023-01-07 21:53:32,456 - INFO -
| Epoch:    415 | Train loss: 0.1559 | Valid loss: 0.4100 | Train acc: 0.9130 | Valid acc: 0.7869 | patience: 369 | Epoch time: 0.5 |

2023-01-07 21:53:32,922 - INFO -
| Epoch:    416 | Train loss: 0.1557 | Valid loss: 0.4234 | Train acc: 0.9130 | Valid acc: 0.7541 | patience: 370 | Epoch time: 0.5 |

2023-01-07 21:53:33,387 - INFO -
| Epoch:    417 | Train loss: 0.1584 | Valid loss: 0.4131 | Train acc: 0.9293 | Valid acc: 0.7541 | patience: 371 | Epoch time: 0.5 |

2023-01-07 21:53:33,852 - INFO -
| Epoch:    418 | Train loss: 0.1538 | Valid loss: 0.4087 | Train acc: 0.9185 | Valid acc: 0.7705 | patience: 372 | Epoch time: 0.5 |

2023-01-07 21:53:34,317 - INFO -
| Epoch:    419 | Train loss: 0.1556 | Valid loss: 0.4208 | Train acc: 0.9130 | Valid acc: 0.7541 | patience: 373 | Epoch time: 0.5 |

2023-01-07 21:53:34,784 - INFO -
| Epoch:    420 | Train loss: 0.1566 | Valid loss: 0.4133 | Train acc: 0.9239 | Valid acc: 0.7541 | patience: 374 | Epoch time: 0.5 |

2023-01-07 21:53:35,250 - INFO -
| Epoch:    421 | Train loss: 0.1534 | Valid loss: 0.4078 | Train acc: 0.9239 | Valid acc: 0.7705 | patience: 375 | Epoch time: 0.5 |

2023-01-07 21:53:35,715 - INFO -
| Epoch:    422 | Train loss: 0.1566 | Valid loss: 0.4140 | Train acc: 0.9185 | Valid acc: 0.7541 | patience: 376 | Epoch time: 0.5 |

2023-01-07 21:53:36,180 - INFO -
| Epoch:    423 | Train loss: 0.1533 | Valid loss: 0.4211 | Train acc: 0.9239 | Valid acc: 0.7541 | patience: 377 | Epoch time: 0.5 |

2023-01-07 21:53:36,645 - INFO -
| Epoch:    424 | Train loss: 0.1559 | Valid loss: 0.4100 | Train acc: 0.9239 | Valid acc: 0.7869 | patience: 378 | Epoch time: 0.5 |

2023-01-07 21:53:37,110 - INFO -
| Epoch:    425 | Train loss: 0.1558 | Valid loss: 0.4141 | Train acc: 0.9130 | Valid acc: 0.7541 | patience: 379 | Epoch time: 0.5 |

2023-01-07 21:53:37,575 - INFO -
| Epoch:    426 | Train loss: 0.1535 | Valid loss: 0.4228 | Train acc: 0.9293 | Valid acc: 0.7541 | patience: 380 | Epoch time: 0.5 |

2023-01-07 21:53:38,041 - INFO -
| Epoch:    427 | Train loss: 0.1569 | Valid loss: 0.4099 | Train acc: 0.9239 | Valid acc: 0.7869 | patience: 381 | Epoch time: 0.5 |

2023-01-07 21:53:38,507 - INFO -
| Epoch:    428 | Train loss: 0.1558 | Valid loss: 0.4136 | Train acc: 0.9130 | Valid acc: 0.7541 | patience: 382 | Epoch time: 0.5 |

2023-01-07 21:53:38,971 - INFO -
| Epoch:    429 | Train loss: 0.1531 | Valid loss: 0.4219 | Train acc: 0.9293 | Valid acc: 0.7541 | patience: 383 | Epoch time: 0.5 |

2023-01-07 21:53:39,436 - INFO -
| Epoch:    430 | Train loss: 0.1569 | Valid loss: 0.4080 | Train acc: 0.9239 | Valid acc: 0.7705 | patience: 384 | Epoch time: 0.5 |

2023-01-07 21:53:39,901 - INFO -
| Epoch:    431 | Train loss: 0.1580 | Valid loss: 0.4130 | Train acc: 0.9130 | Valid acc: 0.7541 | patience: 385 | Epoch time: 0.5 |

2023-01-07 21:53:40,366 - INFO -
| Epoch:    432 | Train loss: 0.1530 | Valid loss: 0.4255 | Train acc: 0.9293 | Valid acc: 0.7541 | patience: 386 | Epoch time: 0.5 |

2023-01-07 21:53:40,831 - INFO -
| Epoch:    433 | Train loss: 0.1608 | Valid loss: 0.4077 | Train acc: 0.9293 | Valid acc: 0.7705 | patience: 387 | Epoch time: 0.5 |

2023-01-07 21:53:41,296 - INFO -
| Epoch:    434 | Train loss: 0.1610 | Valid loss: 0.4150 | Train acc: 0.9185 | Valid acc: 0.7541 | patience: 388 | Epoch time: 0.5 |

2023-01-07 21:53:41,761 - INFO -
| Epoch:    435 | Train loss: 0.1536 | Valid loss: 0.4295 | Train acc: 0.9239 | Valid acc: 0.7541 | patience: 389 | Epoch time: 0.5 |

2023-01-07 21:53:42,226 - INFO -
| Epoch:    436 | Train loss: 0.1646 | Valid loss: 0.4097 | Train acc: 0.9293 | Valid acc: 0.7705 | patience: 390 | Epoch time: 0.5 |

2023-01-07 21:53:42,691 - INFO -
| Epoch:    437 | Train loss: 0.1584 | Valid loss: 0.4083 | Train acc: 0.9130 | Valid acc: 0.7705 | patience: 391 | Epoch time: 0.5 |

2023-01-07 21:53:43,156 - INFO -
| Epoch:    438 | Train loss: 0.1603 | Valid loss: 0.4305 | Train acc: 0.9185 | Valid acc: 0.7541 | patience: 392 | Epoch time: 0.5 |

2023-01-07 21:53:43,621 - INFO -
| Epoch:    439 | Train loss: 0.1658 | Valid loss: 0.4177 | Train acc: 0.9293 | Valid acc: 0.7541 | patience: 393 | Epoch time: 0.5 |

2023-01-07 21:53:44,086 - INFO -
| Epoch:    440 | Train loss: 0.1541 | Valid loss: 0.4045 | Train acc: 0.9239 | Valid acc: 0.7705 | patience: 394 | Epoch time: 0.5 |

2023-01-07 21:53:44,550 - INFO -
| Epoch:    441 | Train loss: 0.1666 | Valid loss: 0.4142 | Train acc: 0.9185 | Valid acc: 0.7541 | patience: 395 | Epoch time: 0.5 |

2023-01-07 21:53:45,015 - INFO -
| Epoch:    442 | Train loss: 0.1535 | Valid loss: 0.4267 | Train acc: 0.9239 | Valid acc: 0.7541 | patience: 396 | Epoch time: 0.5 |

2023-01-07 21:53:45,480 - INFO -
| Epoch:    443 | Train loss: 0.1635 | Valid loss: 0.4063 | Train acc: 0.9293 | Valid acc: 0.7705 | patience: 397 | Epoch time: 0.5 |

2023-01-07 21:53:45,946 - INFO -
| Epoch:    444 | Train loss: 0.1592 | Valid loss: 0.4061 | Train acc: 0.9130 | Valid acc: 0.7705 | patience: 398 | Epoch time: 0.5 |

2023-01-07 21:53:46,411 - INFO -
| Epoch:    445 | Train loss: 0.1591 | Valid loss: 0.4231 | Train acc: 0.9130 | Valid acc: 0.7541 | patience: 399 | Epoch time: 0.5 |

2023-01-07 21:53:46,875 - INFO -
| Epoch:    446 | Train loss: 0.1601 | Valid loss: 0.4180 | Train acc: 0.9293 | Valid acc: 0.7541 | patience: 400 | Epoch time: 0.5 |

2023-01-07 21:53:47,340 - INFO -
| Epoch:    447 | Train loss: 0.1559 | Valid loss: 0.4035 | Train acc: 0.9239 | Valid acc: 0.7705 | patience: 401 | Epoch time: 0.5 |

2023-01-07 21:53:47,805 - INFO -
| Epoch:    448 | Train loss: 0.1603 | Valid loss: 0.4084 | Train acc: 0.9185 | Valid acc: 0.7541 | patience: 402 | Epoch time: 0.5 |

2023-01-07 21:53:48,270 - INFO -
| Epoch:    449 | Train loss: 0.1540 | Valid loss: 0.4215 | Train acc: 0.9185 | Valid acc: 0.7541 | patience: 403 | Epoch time: 0.5 |

2023-01-07 21:53:48,735 - INFO -
| Epoch:    450 | Train loss: 0.1636 | Valid loss: 0.4040 | Train acc: 0.9293 | Valid acc: 0.7869 | patience: 404 | Epoch time: 0.5 |

2023-01-07 21:53:49,200 - INFO -
| Epoch:    451 | Train loss: 0.1568 | Valid loss: 0.4014 | Train acc: 0.9130 | Valid acc: 0.7705 | patience: 405 | Epoch time: 0.5 |

2023-01-07 21:53:49,665 - INFO -
| Epoch:    452 | Train loss: 0.1610 | Valid loss: 0.4169 | Train acc: 0.9185 | Valid acc: 0.7541 | patience: 406 | Epoch time: 0.5 |

2023-01-07 21:53:50,129 - INFO -
| Epoch:    453 | Train loss: 0.1578 | Valid loss: 0.4159 | Train acc: 0.9293 | Valid acc: 0.7541 | patience: 407 | Epoch time: 0.5 |

2023-01-07 21:53:50,595 - INFO -
| Epoch:    454 | Train loss: 0.1574 | Valid loss: 0.4011 | Train acc: 0.9293 | Valid acc: 0.7705 | patience: 408 | Epoch time: 0.5 |

2023-01-07 21:53:51,060 - INFO -
| Epoch:    455 | Train loss: 0.1585 | Valid loss: 0.4006 | Train acc: 0.9130 | Valid acc: 0.7705 | patience: 409 | Epoch time: 0.5 |

2023-01-07 21:53:51,525 - INFO -
| Epoch:    456 | Train loss: 0.1585 | Valid loss: 0.4113 | Train acc: 0.9185 | Valid acc: 0.7541 | patience: 410 | Epoch time: 0.5 |

2023-01-07 21:53:51,989 - INFO -
| Epoch:    457 | Train loss: 0.1553 | Valid loss: 0.4151 | Train acc: 0.9239 | Valid acc: 0.7541 | patience: 411 | Epoch time: 0.5 |

2023-01-07 21:53:52,454 - INFO -
| Epoch:    458 | Train loss: 0.1577 | Valid loss: 0.4025 | Train acc: 0.9293 | Valid acc: 0.7705 | patience: 412 | Epoch time: 0.5 |

2023-01-07 21:53:52,919 - INFO -
| Epoch:    459 | Train loss: 0.1573 | Valid loss: 0.4030 | Train acc: 0.9130 | Valid acc: 0.7705 | patience: 413 | Epoch time: 0.5 |

2023-01-07 21:53:53,384 - INFO -
| Epoch:    460 | Train loss: 0.1575 | Valid loss: 0.4160 | Train acc: 0.9130 | Valid acc: 0.7541 | patience: 414 | Epoch time: 0.5 |

2023-01-07 21:53:53,849 - INFO -
| Epoch:    461 | Train loss: 0.1558 | Valid loss: 0.4159 | Train acc: 0.9239 | Valid acc: 0.7541 | patience: 415 | Epoch time: 0.5 |

2023-01-07 21:53:54,314 - INFO -
| Epoch:    462 | Train loss: 0.1552 | Valid loss: 0.4062 | Train acc: 0.9239 | Valid acc: 0.7541 | patience: 416 | Epoch time: 0.5 |

2023-01-07 21:53:54,778 - INFO -
| Epoch:    463 | Train loss: 0.1554 | Valid loss: 0.4052 | Train acc: 0.9130 | Valid acc: 0.7869 | patience: 417 | Epoch time: 0.5 |

2023-01-07 21:53:55,243 - INFO -
| Epoch:    464 | Train loss: 0.1564 | Valid loss: 0.4145 | Train acc: 0.9130 | Valid acc: 0.7541 | patience: 418 | Epoch time: 0.5 |

2023-01-07 21:53:55,708 - INFO -
| Epoch:    465 | Train loss: 0.1552 | Valid loss: 0.4151 | Train acc: 0.9239 | Valid acc: 0.7541 | patience: 419 | Epoch time: 0.5 |

2023-01-07 21:53:56,172 - INFO -
| Epoch:    466 | Train loss: 0.1546 | Valid loss: 0.4064 | Train acc: 0.9239 | Valid acc: 0.7541 | patience: 420 | Epoch time: 0.5 |

2023-01-07 21:53:56,637 - INFO -
| Epoch:    467 | Train loss: 0.1550 | Valid loss: 0.4070 | Train acc: 0.9130 | Valid acc: 0.7705 | patience: 421 | Epoch time: 0.5 |

2023-01-07 21:53:57,103 - INFO -
| Epoch:    468 | Train loss: 0.1554 | Valid loss: 0.4173 | Train acc: 0.9130 | Valid acc: 0.7541 | patience: 422 | Epoch time: 0.5 |

2023-01-07 21:53:57,567 - INFO -
| Epoch:    469 | Train loss: 0.1553 | Valid loss: 0.4157 | Train acc: 0.9239 | Valid acc: 0.7541 | patience: 423 | Epoch time: 0.5 |

2023-01-07 21:53:58,032 - INFO -
| Epoch:    470 | Train loss: 0.1543 | Valid loss: 0.4092 | Train acc: 0.9239 | Valid acc: 0.7541 | patience: 424 | Epoch time: 0.5 |

2023-01-07 21:53:58,496 - INFO -
| Epoch:    471 | Train loss: 0.1538 | Valid loss: 0.4105 | Train acc: 0.9239 | Valid acc: 0.7541 | patience: 425 | Epoch time: 0.5 |

2023-01-07 21:53:58,961 - INFO -
| Epoch:    472 | Train loss: 0.1531 | Valid loss: 0.4146 | Train acc: 0.9239 | Valid acc: 0.7541 | patience: 426 | Epoch time: 0.5 |

2023-01-07 21:53:59,426 - INFO -
| Epoch:    473 | Train loss: 0.1534 | Valid loss: 0.4131 | Train acc: 0.9239 | Valid acc: 0.7541 | patience: 427 | Epoch time: 0.5 |

2023-01-07 21:53:59,891 - INFO -
| Epoch:    474 | Train loss: 0.1528 | Valid loss: 0.4145 | Train acc: 0.9293 | Valid acc: 0.7541 | patience: 428 | Epoch time: 0.5 |

2023-01-07 21:54:00,357 - INFO -
| Epoch:    475 | Train loss: 0.1525 | Valid loss: 0.4151 | Train acc: 0.9293 | Valid acc: 0.7541 | patience: 429 | Epoch time: 0.5 |

2023-01-07 21:54:00,822 - INFO -
| Epoch:    476 | Train loss: 0.1525 | Valid loss: 0.4160 | Train acc: 0.9293 | Valid acc: 0.7541 | patience: 430 | Epoch time: 0.5 |

2023-01-07 21:54:01,287 - INFO -
| Epoch:    477 | Train loss: 0.1525 | Valid loss: 0.4151 | Train acc: 0.9293 | Valid acc: 0.7541 | patience: 431 | Epoch time: 0.5 |

2023-01-07 21:54:01,753 - INFO -
| Epoch:    478 | Train loss: 0.1525 | Valid loss: 0.4222 | Train acc: 0.9293 | Valid acc: 0.7541 | patience: 432 | Epoch time: 0.5 |

2023-01-07 21:54:02,218 - INFO -
| Epoch:    479 | Train loss: 0.1553 | Valid loss: 0.4106 | Train acc: 0.9239 | Valid acc: 0.7705 | patience: 433 | Epoch time: 0.5 |

2023-01-07 21:54:02,682 - INFO -
| Epoch:    480 | Train loss: 0.1577 | Valid loss: 0.4173 | Train acc: 0.9185 | Valid acc: 0.7541 | patience: 434 | Epoch time: 0.5 |

2023-01-07 21:54:03,147 - INFO -
| Epoch:    481 | Train loss: 0.1524 | Valid loss: 0.4304 | Train acc: 0.9293 | Valid acc: 0.7541 | patience: 435 | Epoch time: 0.5 |

2023-01-07 21:54:03,613 - INFO -
| Epoch:    482 | Train loss: 0.1609 | Valid loss: 0.4131 | Train acc: 0.9293 | Valid acc: 0.7705 | patience: 436 | Epoch time: 0.5 |

2023-01-07 21:54:04,078 - INFO -
| Epoch:    483 | Train loss: 0.1585 | Valid loss: 0.4159 | Train acc: 0.9130 | Valid acc: 0.7705 | patience: 437 | Epoch time: 0.5 |

2023-01-07 21:54:04,543 - INFO -
| Epoch:    484 | Train loss: 0.1559 | Valid loss: 0.4324 | Train acc: 0.9130 | Valid acc: 0.7541 | patience: 438 | Epoch time: 0.5 |

2023-01-07 21:54:05,008 - INFO -
| Epoch:    485 | Train loss: 0.1608 | Valid loss: 0.4231 | Train acc: 0.9293 | Valid acc: 0.7541 | patience: 439 | Epoch time: 0.5 |

2023-01-07 21:54:05,472 - INFO -
| Epoch:    486 | Train loss: 0.1537 | Valid loss: 0.4126 | Train acc: 0.9239 | Valid acc: 0.7705 | patience: 440 | Epoch time: 0.5 |

2023-01-07 21:54:05,937 - INFO -
| Epoch:    487 | Train loss: 0.1601 | Valid loss: 0.4221 | Train acc: 0.9130 | Valid acc: 0.7541 | patience: 441 | Epoch time: 0.5 |

2023-01-07 21:54:06,402 - INFO -
| Epoch:    488 | Train loss: 0.1531 | Valid loss: 0.4250 | Train acc: 0.9239 | Valid acc: 0.7541 | patience: 442 | Epoch time: 0.5 |

2023-01-07 21:54:06,867 - INFO -
| Epoch:    489 | Train loss: 0.1560 | Valid loss: 0.4116 | Train acc: 0.9239 | Valid acc: 0.7705 | patience: 443 | Epoch time: 0.5 |

2023-01-07 21:54:07,332 - INFO -
| Epoch:    490 | Train loss: 0.1581 | Valid loss: 0.4138 | Train acc: 0.9185 | Valid acc: 0.7541 | patience: 444 | Epoch time: 0.5 |

2023-01-07 21:54:07,797 - INFO -
| Epoch:    491 | Train loss: 0.1546 | Valid loss: 0.4345 | Train acc: 0.9239 | Valid acc: 0.7541 | patience: 445 | Epoch time: 0.5 |

2023-01-07 21:54:08,261 - INFO -
| Epoch:    492 | Train loss: 0.1685 | Valid loss: 0.4168 | Train acc: 0.9239 | Valid acc: 0.7541 | patience: 446 | Epoch time: 0.5 |

2023-01-07 21:54:08,725 - INFO -
| Epoch:    493 | Train loss: 0.1539 | Valid loss: 0.4105 | Train acc: 0.9239 | Valid acc: 0.7705 | patience: 447 | Epoch time: 0.5 |

2023-01-07 21:54:09,190 - INFO -
| Epoch:    494 | Train loss: 0.1632 | Valid loss: 0.4240 | Train acc: 0.9185 | Valid acc: 0.7541 | patience: 448 | Epoch time: 0.5 |

2023-01-07 21:54:09,656 - INFO -
| Epoch:    495 | Train loss: 0.1549 | Valid loss: 0.4303 | Train acc: 0.9239 | Valid acc: 0.7541 | patience: 449 | Epoch time: 0.5 |

2023-01-07 21:54:10,121 - INFO -
| Epoch:    496 | Train loss: 0.1607 | Valid loss: 0.4137 | Train acc: 0.9293 | Valid acc: 0.7541 | patience: 450 | Epoch time: 0.5 |

2023-01-07 21:54:10,586 - INFO -
| Epoch:    497 | Train loss: 0.1547 | Valid loss: 0.4126 | Train acc: 0.9130 | Valid acc: 0.7705 | patience: 451 | Epoch time: 0.5 |

2023-01-07 21:54:11,051 - INFO -
| Epoch:    498 | Train loss: 0.1559 | Valid loss: 0.4250 | Train acc: 0.9130 | Valid acc: 0.7541 | patience: 452 | Epoch time: 0.5 |

2023-01-07 21:54:11,516 - INFO -
| Epoch:    499 | Train loss: 0.1574 | Valid loss: 0.4182 | Train acc: 0.9293 | Valid acc: 0.7541 | patience: 453 | Epoch time: 0.5 |

2023-01-07 21:54:11,981 - INFO -
| Epoch:    500 | Train loss: 0.1533 | Valid loss: 0.4081 | Train acc: 0.9239 | Valid acc: 0.7705 | patience: 454 | Epoch time: 0.5 |

2023-01-07 21:54:12,446 - INFO -
| Epoch:    501 | Train loss: 0.1594 | Valid loss: 0.4128 | Train acc: 0.9130 | Valid acc: 0.7541 | patience: 455 | Epoch time: 0.5 |

2023-01-07 21:54:12,911 - INFO -
| Epoch:    502 | Train loss: 0.1531 | Valid loss: 0.4249 | Train acc: 0.9239 | Valid acc: 0.7541 | patience: 456 | Epoch time: 0.5 |

2023-01-07 21:54:13,376 - INFO -
| Epoch:    503 | Train loss: 0.1606 | Valid loss: 0.4105 | Train acc: 0.9293 | Valid acc: 0.7541 | patience: 457 | Epoch time: 0.5 |

2023-01-07 21:54:13,841 - INFO -
| Epoch:    504 | Train loss: 0.1540 | Valid loss: 0.4079 | Train acc: 0.9239 | Valid acc: 0.7705 | patience: 458 | Epoch time: 0.5 |

2023-01-07 21:54:14,305 - INFO -
| Epoch:    505 | Train loss: 0.1572 | Valid loss: 0.4184 | Train acc: 0.9130 | Valid acc: 0.7541 | patience: 459 | Epoch time: 0.5 |

2023-01-07 21:54:14,770 - INFO -
| Epoch:    506 | Train loss: 0.1543 | Valid loss: 0.4225 | Train acc: 0.9239 | Valid acc: 0.7541 | patience: 460 | Epoch time: 0.5 |

2023-01-07 21:54:15,235 - INFO -
| Epoch:    507 | Train loss: 0.1571 | Valid loss: 0.4077 | Train acc: 0.9239 | Valid acc: 0.7705 | patience: 461 | Epoch time: 0.5 |

2023-01-07 21:54:15,699 - INFO -
| Epoch:    508 | Train loss: 0.1573 | Valid loss: 0.4089 | Train acc: 0.9130 | Valid acc: 0.7705 | patience: 462 | Epoch time: 0.5 |

2023-01-07 21:54:16,164 - INFO -
| Epoch:    509 | Train loss: 0.1555 | Valid loss: 0.4244 | Train acc: 0.9130 | Valid acc: 0.7541 | patience: 463 | Epoch time: 0.5 |

2023-01-07 21:54:16,629 - INFO -
| Epoch:    510 | Train loss: 0.1602 | Valid loss: 0.4138 | Train acc: 0.9293 | Valid acc: 0.7541 | patience: 464 | Epoch time: 0.5 |

2023-01-07 21:54:17,094 - INFO -
| Epoch:    511 | Train loss: 0.1528 | Valid loss: 0.4098 | Train acc: 0.9239 | Valid acc: 0.7705 | patience: 465 | Epoch time: 0.5 |

2023-01-07 21:54:17,559 - INFO -
| Epoch:    512 | Train loss: 0.1554 | Valid loss: 0.4161 | Train acc: 0.9130 | Valid acc: 0.7541 | patience: 466 | Epoch time: 0.5 |

2023-01-07 21:54:18,024 - INFO -
| Epoch:    513 | Train loss: 0.1530 | Valid loss: 0.4191 | Train acc: 0.9239 | Valid acc: 0.7541 | patience: 467 | Epoch time: 0.5 |

2023-01-07 21:54:18,490 - INFO -
| Epoch:    514 | Train loss: 0.1544 | Valid loss: 0.4118 | Train acc: 0.9239 | Valid acc: 0.7541 | patience: 468 | Epoch time: 0.5 |

2023-01-07 21:54:18,955 - INFO -
| Epoch:    515 | Train loss: 0.1529 | Valid loss: 0.4098 | Train acc: 0.9239 | Valid acc: 0.7541 | patience: 469 | Epoch time: 0.5 |

2023-01-07 21:54:19,421 - INFO -
| Epoch:    516 | Train loss: 0.1542 | Valid loss: 0.4195 | Train acc: 0.9239 | Valid acc: 0.7541 | patience: 470 | Epoch time: 0.5 |

2023-01-07 21:54:19,886 - INFO -
| Epoch:    517 | Train loss: 0.1546 | Valid loss: 0.4153 | Train acc: 0.9239 | Valid acc: 0.7541 | patience: 471 | Epoch time: 0.5 |

2023-01-07 21:54:20,351 - INFO -
| Epoch:    518 | Train loss: 0.1524 | Valid loss: 0.4091 | Train acc: 0.9293 | Valid acc: 0.7869 | patience: 472 | Epoch time: 0.5 |

2023-01-07 21:54:20,816 - INFO -
| Epoch:    519 | Train loss: 0.1571 | Valid loss: 0.4189 | Train acc: 0.9130 | Valid acc: 0.7541 | patience: 473 | Epoch time: 0.5 |

2023-01-07 21:54:21,280 - INFO -
| Epoch:    520 | Train loss: 0.1531 | Valid loss: 0.4234 | Train acc: 0.9239 | Valid acc: 0.7541 | patience: 474 | Epoch time: 0.5 |

2023-01-07 21:54:21,745 - INFO -
| Epoch:    521 | Train loss: 0.1555 | Valid loss: 0.4116 | Train acc: 0.9239 | Valid acc: 0.7869 | patience: 475 | Epoch time: 0.5 |

2023-01-07 21:54:22,210 - INFO -
| Epoch:    522 | Train loss: 0.1565 | Valid loss: 0.4129 | Train acc: 0.9130 | Valid acc: 0.7541 | patience: 476 | Epoch time: 0.5 |

2023-01-07 21:54:22,677 - INFO -
| Epoch:    523 | Train loss: 0.1543 | Valid loss: 0.4242 | Train acc: 0.9239 | Valid acc: 0.7541 | patience: 477 | Epoch time: 0.5 |

2023-01-07 21:54:23,142 - INFO -
| Epoch:    524 | Train loss: 0.1565 | Valid loss: 0.4140 | Train acc: 0.9239 | Valid acc: 0.7541 | patience: 478 | Epoch time: 0.5 |

2023-01-07 21:54:23,607 - INFO -
| Epoch:    525 | Train loss: 0.1529 | Valid loss: 0.4129 | Train acc: 0.9239 | Valid acc: 0.7541 | patience: 479 | Epoch time: 0.5 |

2023-01-07 21:54:24,071 - INFO -
| Epoch:    526 | Train loss: 0.1531 | Valid loss: 0.4199 | Train acc: 0.9239 | Valid acc: 0.7541 | patience: 480 | Epoch time: 0.5 |

2023-01-07 21:54:24,537 - INFO -
| Epoch:    527 | Train loss: 0.1534 | Valid loss: 0.4153 | Train acc: 0.9239 | Valid acc: 0.7541 | patience: 481 | Epoch time: 0.5 |

2023-01-07 21:54:25,002 - INFO -
| Epoch:    528 | Train loss: 0.1525 | Valid loss: 0.4135 | Train acc: 0.9239 | Valid acc: 0.7541 | patience: 482 | Epoch time: 0.5 |

2023-01-07 21:54:25,466 - INFO -
| Epoch:    529 | Train loss: 0.1539 | Valid loss: 0.4221 | Train acc: 0.9239 | Valid acc: 0.7541 | patience: 483 | Epoch time: 0.5 |

2023-01-07 21:54:25,931 - INFO -
| Epoch:    530 | Train loss: 0.1531 | Valid loss: 0.4175 | Train acc: 0.9239 | Valid acc: 0.7541 | patience: 484 | Epoch time: 0.5 |

2023-01-07 21:54:26,397 - INFO -
| Epoch:    531 | Train loss: 0.1523 | Valid loss: 0.4175 | Train acc: 0.9293 | Valid acc: 0.7541 | patience: 485 | Epoch time: 0.5 |

2023-01-07 21:54:26,861 - INFO -
| Epoch:    532 | Train loss: 0.1526 | Valid loss: 0.4204 | Train acc: 0.9293 | Valid acc: 0.7541 | patience: 486 | Epoch time: 0.5 |

2023-01-07 21:54:27,326 - INFO -
| Epoch:    533 | Train loss: 0.1522 | Valid loss: 0.4242 | Train acc: 0.9239 | Valid acc: 0.7541 | patience: 487 | Epoch time: 0.5 |

2023-01-07 21:54:27,792 - INFO -
| Epoch:    534 | Train loss: 0.1541 | Valid loss: 0.4122 | Train acc: 0.9239 | Valid acc: 0.7705 | patience: 488 | Epoch time: 0.5 |

2023-01-07 21:54:28,258 - INFO -
| Epoch:    535 | Train loss: 0.1584 | Valid loss: 0.4188 | Train acc: 0.9130 | Valid acc: 0.7541 | patience: 489 | Epoch time: 0.5 |

2023-01-07 21:54:28,723 - INFO -
| Epoch:    536 | Train loss: 0.1520 | Valid loss: 0.4304 | Train acc: 0.9293 | Valid acc: 0.7541 | patience: 490 | Epoch time: 0.5 |

2023-01-07 21:54:29,188 - INFO -
| Epoch:    537 | Train loss: 0.1592 | Valid loss: 0.4121 | Train acc: 0.9293 | Valid acc: 0.7705 | patience: 491 | Epoch time: 0.5 |

2023-01-07 21:54:29,653 - INFO -
| Epoch:    538 | Train loss: 0.1592 | Valid loss: 0.4174 | Train acc: 0.9130 | Valid acc: 0.7541 | patience: 492 | Epoch time: 0.5 |

2023-01-07 21:54:30,119 - INFO -
| Epoch:    539 | Train loss: 0.1540 | Valid loss: 0.4291 | Train acc: 0.9239 | Valid acc: 0.7541 | patience: 493 | Epoch time: 0.5 |

2023-01-07 21:54:30,583 - INFO -
| Epoch:    540 | Train loss: 0.1574 | Valid loss: 0.4167 | Train acc: 0.9239 | Valid acc: 0.7541 | patience: 494 | Epoch time: 0.5 |

2023-01-07 21:54:31,049 - INFO -
| Epoch:    541 | Train loss: 0.1533 | Valid loss: 0.4149 | Train acc: 0.9239 | Valid acc: 0.7705 | patience: 495 | Epoch time: 0.5 |

2023-01-07 21:54:31,514 - INFO -
| Epoch:    542 | Train loss: 0.1546 | Valid loss: 0.4220 | Train acc: 0.9239 | Valid acc: 0.7541 | patience: 496 | Epoch time: 0.5 |

2023-01-07 21:54:31,979 - INFO -
| Epoch:    543 | Train loss: 0.1537 | Valid loss: 0.4200 | Train acc: 0.9239 | Valid acc: 0.7541 | patience: 497 | Epoch time: 0.5 |

2023-01-07 21:54:32,444 - INFO -
| Epoch:    544 | Train loss: 0.1529 | Valid loss: 0.4153 | Train acc: 0.9293 | Valid acc: 0.7541 | patience: 498 | Epoch time: 0.5 |

2023-01-07 21:54:32,909 - INFO -
| Epoch:    545 | Train loss: 0.1540 | Valid loss: 0.4209 | Train acc: 0.9239 | Valid acc: 0.7541 | patience: 499 | Epoch time: 0.5 |

2023-01-07 21:54:33,374 - INFO -
| Epoch:    546 | Train loss: 0.1523 | Valid loss: 0.4233 | Train acc: 0.9293 | Valid acc: 0.7541 | patience: 500 | Epoch time: 0.5 |

2023-01-07 21:54:33,839 - INFO -
Early stop.

2023-01-07 21:54:33,844 - INFO -
Training if finished.

