2023-01-07 21:53:40,161 - INFO -
gmin                0.01
gmax                10.0
T                   0.1
m                   0.3
ACT_eta1            0.134
ACT_eta2            0.962
ACT_eta3            0.183
ACT_eta4            24.1
NEG_eta1            -0.104
NEG_eta2            0.899
NEG_eta3            -0.056
NEG_eta4            3.858
hidden              [3]
SEED                8
DEVICE              cuda
TIMELIMITATION      45
PATIENCE            500
EPOCH               10000000000
DATASET             11
LR                  0.1
PROGRESSIVE         False
LR_PATIENCE         100
LR_DECAY            0.5
LR_MIN              0.0001
MODE                nominal
M_train             1
K_train             1
M_test              500
K_test              500
t_test_max          10
integration         MC
VARIATION           False
N_train             1
e_train             0.0
N_test              100
e_test              0.1
projectname         ICCAD_2022
temppath            ./ICCAD_2022/temp/
logfilepath         ./ICCAD_2022/log/
recording           False
recordpath          ./ICCAD_2022/record/
savepath            ./ICCAD_2022/models/
loglevel            info


2023-01-07 21:53:40,161 - INFO -
Training network on device: cuda.

2023-01-07 21:53:40,161 - INFO -
Training setup: vertebralcolumn2clases_8_nominal_0.0_1_MC.

2023-01-07 21:53:40,161 - INFO -
Dataset "vertebralcolumn2clases" has 6 input features and 2 classes. There are 184 training examples, 61 valid examples, and 63 test examples in the dataset.

2023-01-07 21:53:40,161 - INFO -
Topology of the network: [6, 3, 2].

2023-01-07 21:53:40,657 - INFO -
| Epoch:      0 | Train loss: 0.6999 | Valid loss: 0.5277 | Train acc: 0.6141 | Valid acc: 0.6721 | patience:   0 | Epoch time: 0.5 |

2023-01-07 21:53:41,121 - INFO -
| Epoch:      1 | Train loss: 0.5098 | Valid loss: 0.6561 | Train acc: 0.6957 | Valid acc: 0.6721 | patience:   1 | Epoch time: 0.5 |

2023-01-07 21:53:41,586 - INFO -
| Epoch:      2 | Train loss: 0.6112 | Valid loss: 0.7077 | Train acc: 0.6957 | Valid acc: 0.6721 | patience:   2 | Epoch time: 0.5 |

2023-01-07 21:53:42,048 - INFO -
| Epoch:      3 | Train loss: 0.6591 | Valid loss: 0.7033 | Train acc: 0.6957 | Valid acc: 0.6721 | patience:   3 | Epoch time: 0.5 |

2023-01-07 21:53:42,514 - INFO -
| Epoch:      4 | Train loss: 0.6551 | Valid loss: 0.6626 | Train acc: 0.6957 | Valid acc: 0.6721 | patience:   4 | Epoch time: 0.5 |

2023-01-07 21:53:42,977 - INFO -
| Epoch:      5 | Train loss: 0.6176 | Valid loss: 0.5798 | Train acc: 0.6957 | Valid acc: 0.6721 | patience:   5 | Epoch time: 0.5 |

2023-01-07 21:53:43,442 - INFO -
| Epoch:      6 | Train loss: 0.5411 | Valid loss: 0.5590 | Train acc: 0.6957 | Valid acc: 0.6721 | patience:   6 | Epoch time: 0.5 |

2023-01-07 21:53:43,908 - INFO -
| Epoch:      7 | Train loss: 0.5375 | Valid loss: 0.5298 | Train acc: 0.6957 | Valid acc: 0.6721 | patience:   7 | Epoch time: 0.5 |

2023-01-07 21:53:44,373 - INFO -
| Epoch:      8 | Train loss: 0.5354 | Valid loss: 0.5005 | Train acc: 0.6902 | Valid acc: 0.6885 | patience:   0 | Epoch time: 0.5 |

2023-01-07 21:53:44,854 - INFO -
| Epoch:      9 | Train loss: 0.5166 | Valid loss: 0.4252 | Train acc: 0.6902 | Valid acc: 0.6721 | patience:   0 | Epoch time: 0.5 |

2023-01-07 21:53:45,329 - INFO -
| Epoch:     10 | Train loss: 0.4392 | Valid loss: 0.4601 | Train acc: 0.6902 | Valid acc: 0.6721 | patience:   1 | Epoch time: 0.5 |

2023-01-07 21:53:45,796 - INFO -
| Epoch:     11 | Train loss: 0.4582 | Valid loss: 0.4672 | Train acc: 0.6957 | Valid acc: 0.6721 | patience:   2 | Epoch time: 0.5 |

2023-01-07 21:53:46,259 - INFO -
| Epoch:     12 | Train loss: 0.4682 | Valid loss: 0.4410 | Train acc: 0.6957 | Valid acc: 0.6721 | patience:   3 | Epoch time: 0.5 |

2023-01-07 21:53:46,727 - INFO -
| Epoch:     13 | Train loss: 0.4531 | Valid loss: 0.4198 | Train acc: 0.6957 | Valid acc: 0.7213 | patience:   0 | Epoch time: 0.5 |

2023-01-07 21:53:47,195 - INFO -
| Epoch:     14 | Train loss: 0.4433 | Valid loss: 0.4268 | Train acc: 0.7174 | Valid acc: 0.7869 | patience:   1 | Epoch time: 0.5 |

2023-01-07 21:53:47,663 - INFO -
| Epoch:     15 | Train loss: 0.4542 | Valid loss: 0.4153 | Train acc: 0.7446 | Valid acc: 0.7541 | patience:   0 | Epoch time: 0.5 |

2023-01-07 21:53:48,132 - INFO -
| Epoch:     16 | Train loss: 0.4362 | Valid loss: 0.4194 | Train acc: 0.7446 | Valid acc: 0.7049 | patience:   1 | Epoch time: 0.5 |

2023-01-07 21:53:48,598 - INFO -
| Epoch:     17 | Train loss: 0.4267 | Valid loss: 0.4421 | Train acc: 0.7174 | Valid acc: 0.6721 | patience:   2 | Epoch time: 0.5 |

2023-01-07 21:53:49,069 - INFO -
| Epoch:     18 | Train loss: 0.4332 | Valid loss: 0.4414 | Train acc: 0.6957 | Valid acc: 0.6721 | patience:   3 | Epoch time: 0.5 |

2023-01-07 21:53:49,545 - INFO -
| Epoch:     19 | Train loss: 0.4282 | Valid loss: 0.4182 | Train acc: 0.6957 | Valid acc: 0.6885 | patience:   4 | Epoch time: 0.5 |

2023-01-07 21:53:50,026 - INFO -
| Epoch:     20 | Train loss: 0.4110 | Valid loss: 0.4182 | Train acc: 0.7120 | Valid acc: 0.6885 | patience:   5 | Epoch time: 0.5 |

2023-01-07 21:53:50,512 - INFO -
| Epoch:     21 | Train loss: 0.4141 | Valid loss: 0.4133 | Train acc: 0.7283 | Valid acc: 0.6885 | patience:   0 | Epoch time: 0.5 |

2023-01-07 21:53:50,998 - INFO -
| Epoch:     22 | Train loss: 0.3932 | Valid loss: 0.4309 | Train acc: 0.7120 | Valid acc: 0.6885 | patience:   1 | Epoch time: 0.5 |

2023-01-07 21:53:51,496 - INFO -
| Epoch:     23 | Train loss: 0.3935 | Valid loss: 0.4109 | Train acc: 0.6957 | Valid acc: 0.6885 | patience:   0 | Epoch time: 0.5 |

2023-01-07 21:53:51,982 - INFO -
| Epoch:     24 | Train loss: 0.3725 | Valid loss: 0.3884 | Train acc: 0.6957 | Valid acc: 0.6885 | patience:   0 | Epoch time: 0.5 |

2023-01-07 21:53:52,467 - INFO -
| Epoch:     25 | Train loss: 0.3595 | Valid loss: 0.3749 | Train acc: 0.7283 | Valid acc: 0.7541 | patience:   0 | Epoch time: 0.5 |

2023-01-07 21:53:52,952 - INFO -
| Epoch:     26 | Train loss: 0.3463 | Valid loss: 0.3658 | Train acc: 0.7554 | Valid acc: 0.7541 | patience:   0 | Epoch time: 0.5 |

2023-01-07 21:53:53,436 - INFO -
| Epoch:     27 | Train loss: 0.3252 | Valid loss: 0.3573 | Train acc: 0.7500 | Valid acc: 0.7705 | patience:   0 | Epoch time: 0.5 |

2023-01-07 21:53:53,916 - INFO -
| Epoch:     28 | Train loss: 0.3132 | Valid loss: 0.3172 | Train acc: 0.7609 | Valid acc: 0.8197 | patience:   0 | Epoch time: 0.5 |

2023-01-07 21:53:54,401 - INFO -
| Epoch:     29 | Train loss: 0.2859 | Valid loss: 0.2936 | Train acc: 0.8750 | Valid acc: 0.7869 | patience:   0 | Epoch time: 0.5 |

2023-01-07 21:53:54,887 - INFO -
| Epoch:     30 | Train loss: 0.2680 | Valid loss: 0.2855 | Train acc: 0.8533 | Valid acc: 0.7869 | patience:   0 | Epoch time: 0.5 |

2023-01-07 21:53:55,369 - INFO -
| Epoch:     31 | Train loss: 0.2527 | Valid loss: 0.3016 | Train acc: 0.8587 | Valid acc: 0.8033 | patience:   1 | Epoch time: 0.5 |

2023-01-07 21:53:55,851 - INFO -
| Epoch:     32 | Train loss: 0.2529 | Valid loss: 0.2810 | Train acc: 0.8696 | Valid acc: 0.7869 | patience:   0 | Epoch time: 0.5 |

2023-01-07 21:53:56,330 - INFO -
| Epoch:     33 | Train loss: 0.2384 | Valid loss: 0.2826 | Train acc: 0.8641 | Valid acc: 0.7869 | patience:   1 | Epoch time: 0.5 |

2023-01-07 21:53:56,811 - INFO -
| Epoch:     34 | Train loss: 0.2268 | Valid loss: 0.2944 | Train acc: 0.8641 | Valid acc: 0.8197 | patience:   2 | Epoch time: 0.5 |

2023-01-07 21:53:57,293 - INFO -
| Epoch:     35 | Train loss: 0.2170 | Valid loss: 0.2971 | Train acc: 0.8750 | Valid acc: 0.8197 | patience:   3 | Epoch time: 0.5 |

2023-01-07 21:53:57,775 - INFO -
| Epoch:     36 | Train loss: 0.2083 | Valid loss: 0.2951 | Train acc: 0.8750 | Valid acc: 0.7869 | patience:   4 | Epoch time: 0.5 |

2023-01-07 21:53:58,255 - INFO -
| Epoch:     37 | Train loss: 0.2125 | Valid loss: 0.3177 | Train acc: 0.8804 | Valid acc: 0.8197 | patience:   5 | Epoch time: 0.5 |

2023-01-07 21:53:58,733 - INFO -
| Epoch:     38 | Train loss: 0.2084 | Valid loss: 0.3103 | Train acc: 0.8804 | Valid acc: 0.8033 | patience:   6 | Epoch time: 0.5 |

2023-01-07 21:53:59,212 - INFO -
| Epoch:     39 | Train loss: 0.1975 | Valid loss: 0.3134 | Train acc: 0.8804 | Valid acc: 0.7705 | patience:   7 | Epoch time: 0.5 |

2023-01-07 21:53:59,692 - INFO -
| Epoch:     40 | Train loss: 0.1958 | Valid loss: 0.3229 | Train acc: 0.8859 | Valid acc: 0.8033 | patience:   8 | Epoch time: 0.5 |

2023-01-07 21:54:00,172 - INFO -
| Epoch:     41 | Train loss: 0.1992 | Valid loss: 0.3072 | Train acc: 0.8804 | Valid acc: 0.8033 | patience:   9 | Epoch time: 0.5 |

2023-01-07 21:54:00,651 - INFO -
| Epoch:     42 | Train loss: 0.1951 | Valid loss: 0.3090 | Train acc: 0.8859 | Valid acc: 0.7705 | patience:  10 | Epoch time: 0.5 |

2023-01-07 21:54:01,130 - INFO -
| Epoch:     43 | Train loss: 0.1917 | Valid loss: 0.3207 | Train acc: 0.8804 | Valid acc: 0.7705 | patience:  11 | Epoch time: 0.5 |

2023-01-07 21:54:01,609 - INFO -
| Epoch:     44 | Train loss: 0.1937 | Valid loss: 0.3112 | Train acc: 0.8696 | Valid acc: 0.7869 | patience:  12 | Epoch time: 0.5 |

2023-01-07 21:54:02,088 - INFO -
| Epoch:     45 | Train loss: 0.1899 | Valid loss: 0.3085 | Train acc: 0.8859 | Valid acc: 0.8197 | patience:  13 | Epoch time: 0.5 |

2023-01-07 21:54:02,565 - INFO -
| Epoch:     46 | Train loss: 0.1910 | Valid loss: 0.3285 | Train acc: 0.8859 | Valid acc: 0.7705 | patience:  14 | Epoch time: 0.5 |

2023-01-07 21:54:03,042 - INFO -
| Epoch:     47 | Train loss: 0.1898 | Valid loss: 0.3369 | Train acc: 0.8696 | Valid acc: 0.7705 | patience:  15 | Epoch time: 0.5 |

2023-01-07 21:54:03,519 - INFO -
| Epoch:     48 | Train loss: 0.1907 | Valid loss: 0.3117 | Train acc: 0.8859 | Valid acc: 0.8197 | patience:  16 | Epoch time: 0.5 |

2023-01-07 21:54:03,998 - INFO -
| Epoch:     49 | Train loss: 0.2117 | Valid loss: 0.3337 | Train acc: 0.8859 | Valid acc: 0.7705 | patience:  17 | Epoch time: 0.5 |

2023-01-07 21:54:04,477 - INFO -
| Epoch:     50 | Train loss: 0.1831 | Valid loss: 0.3570 | Train acc: 0.8750 | Valid acc: 0.8033 | patience:  18 | Epoch time: 0.5 |

2023-01-07 21:54:04,957 - INFO -
| Epoch:     51 | Train loss: 0.2043 | Valid loss: 0.3356 | Train acc: 0.8804 | Valid acc: 0.7705 | patience:  19 | Epoch time: 0.5 |

2023-01-07 21:54:05,436 - INFO -
| Epoch:     52 | Train loss: 0.1832 | Valid loss: 0.3285 | Train acc: 0.8750 | Valid acc: 0.8033 | patience:  20 | Epoch time: 0.5 |

2023-01-07 21:54:05,916 - INFO -
| Epoch:     53 | Train loss: 0.2032 | Valid loss: 0.3301 | Train acc: 0.8967 | Valid acc: 0.8033 | patience:  21 | Epoch time: 0.5 |

2023-01-07 21:54:06,393 - INFO -
| Epoch:     54 | Train loss: 0.1834 | Valid loss: 0.3585 | Train acc: 0.8913 | Valid acc: 0.8197 | patience:  22 | Epoch time: 0.5 |

2023-01-07 21:54:06,870 - INFO -
| Epoch:     55 | Train loss: 0.2001 | Valid loss: 0.3414 | Train acc: 0.8913 | Valid acc: 0.7705 | patience:  23 | Epoch time: 0.5 |

2023-01-07 21:54:07,347 - INFO -
| Epoch:     56 | Train loss: 0.1824 | Valid loss: 0.3260 | Train acc: 0.8859 | Valid acc: 0.8033 | patience:  24 | Epoch time: 0.5 |

2023-01-07 21:54:07,822 - INFO -
| Epoch:     57 | Train loss: 0.1866 | Valid loss: 0.3245 | Train acc: 0.8967 | Valid acc: 0.8033 | patience:  25 | Epoch time: 0.5 |

2023-01-07 21:54:08,299 - INFO -
| Epoch:     58 | Train loss: 0.1873 | Valid loss: 0.3373 | Train acc: 0.8913 | Valid acc: 0.7705 | patience:  26 | Epoch time: 0.5 |

2023-01-07 21:54:08,776 - INFO -
| Epoch:     59 | Train loss: 0.1819 | Valid loss: 0.3449 | Train acc: 0.8804 | Valid acc: 0.7869 | patience:  27 | Epoch time: 0.5 |

2023-01-07 21:54:09,254 - INFO -
| Epoch:     60 | Train loss: 0.1868 | Valid loss: 0.3339 | Train acc: 0.8859 | Valid acc: 0.7705 | patience:  28 | Epoch time: 0.5 |

2023-01-07 21:54:09,732 - INFO -
| Epoch:     61 | Train loss: 0.1804 | Valid loss: 0.3236 | Train acc: 0.8804 | Valid acc: 0.8197 | patience:  29 | Epoch time: 0.5 |

2023-01-07 21:54:10,209 - INFO -
| Epoch:     62 | Train loss: 0.1847 | Valid loss: 0.3269 | Train acc: 0.9022 | Valid acc: 0.8033 | patience:  30 | Epoch time: 0.5 |

2023-01-07 21:54:10,687 - INFO -
| Epoch:     63 | Train loss: 0.1807 | Valid loss: 0.3392 | Train acc: 0.8859 | Valid acc: 0.7705 | patience:  31 | Epoch time: 0.5 |

2023-01-07 21:54:11,165 - INFO -
| Epoch:     64 | Train loss: 0.1821 | Valid loss: 0.3373 | Train acc: 0.8696 | Valid acc: 0.7705 | patience:  32 | Epoch time: 0.5 |

2023-01-07 21:54:11,641 - INFO -
| Epoch:     65 | Train loss: 0.1802 | Valid loss: 0.3296 | Train acc: 0.8804 | Valid acc: 0.7869 | patience:  33 | Epoch time: 0.5 |

2023-01-07 21:54:12,120 - INFO -
| Epoch:     66 | Train loss: 0.1792 | Valid loss: 0.3278 | Train acc: 0.8859 | Valid acc: 0.8197 | patience:  34 | Epoch time: 0.5 |

2023-01-07 21:54:12,598 - INFO -
| Epoch:     67 | Train loss: 0.1808 | Valid loss: 0.3351 | Train acc: 0.8967 | Valid acc: 0.7705 | patience:  35 | Epoch time: 0.5 |

2023-01-07 21:54:13,076 - INFO -
| Epoch:     68 | Train loss: 0.1786 | Valid loss: 0.3420 | Train acc: 0.8913 | Valid acc: 0.7705 | patience:  36 | Epoch time: 0.5 |

2023-01-07 21:54:13,554 - INFO -
| Epoch:     69 | Train loss: 0.1802 | Valid loss: 0.3392 | Train acc: 0.8913 | Valid acc: 0.7705 | patience:  37 | Epoch time: 0.5 |

2023-01-07 21:54:14,033 - INFO -
| Epoch:     70 | Train loss: 0.1782 | Valid loss: 0.3368 | Train acc: 0.8913 | Valid acc: 0.7705 | patience:  38 | Epoch time: 0.5 |

2023-01-07 21:54:14,511 - INFO -
| Epoch:     71 | Train loss: 0.1778 | Valid loss: 0.3374 | Train acc: 0.8913 | Valid acc: 0.7869 | patience:  39 | Epoch time: 0.5 |

2023-01-07 21:54:14,989 - INFO -
| Epoch:     72 | Train loss: 0.1774 | Valid loss: 0.3410 | Train acc: 0.8913 | Valid acc: 0.7705 | patience:  40 | Epoch time: 0.5 |

2023-01-07 21:54:15,466 - INFO -
| Epoch:     73 | Train loss: 0.1773 | Valid loss: 0.3374 | Train acc: 0.9022 | Valid acc: 0.8033 | patience:  41 | Epoch time: 0.5 |

2023-01-07 21:54:15,944 - INFO -
| Epoch:     74 | Train loss: 0.1782 | Valid loss: 0.3448 | Train acc: 0.8913 | Valid acc: 0.7869 | patience:  42 | Epoch time: 0.5 |

2023-01-07 21:54:16,423 - INFO -
| Epoch:     75 | Train loss: 0.1777 | Valid loss: 0.3407 | Train acc: 0.8967 | Valid acc: 0.7869 | patience:  43 | Epoch time: 0.5 |

2023-01-07 21:54:16,902 - INFO -
| Epoch:     76 | Train loss: 0.1767 | Valid loss: 0.3438 | Train acc: 0.8913 | Valid acc: 0.7869 | patience:  44 | Epoch time: 0.5 |

2023-01-07 21:54:17,379 - INFO -
| Epoch:     77 | Train loss: 0.1762 | Valid loss: 0.3469 | Train acc: 0.9022 | Valid acc: 0.8033 | patience:  45 | Epoch time: 0.5 |

2023-01-07 21:54:17,858 - INFO -
| Epoch:     78 | Train loss: 0.1767 | Valid loss: 0.3414 | Train acc: 0.9022 | Valid acc: 0.7869 | patience:  46 | Epoch time: 0.5 |

2023-01-07 21:54:18,337 - INFO -
| Epoch:     79 | Train loss: 0.1787 | Valid loss: 0.3517 | Train acc: 0.8913 | Valid acc: 0.7869 | patience:  47 | Epoch time: 0.5 |

2023-01-07 21:54:18,816 - INFO -
| Epoch:     80 | Train loss: 0.1784 | Valid loss: 0.3464 | Train acc: 0.9022 | Valid acc: 0.7869 | patience:  48 | Epoch time: 0.5 |

2023-01-07 21:54:19,297 - INFO -
| Epoch:     81 | Train loss: 0.1757 | Valid loss: 0.3469 | Train acc: 0.9076 | Valid acc: 0.7869 | patience:  49 | Epoch time: 0.5 |

2023-01-07 21:54:19,775 - INFO -
| Epoch:     82 | Train loss: 0.1757 | Valid loss: 0.3539 | Train acc: 0.9076 | Valid acc: 0.7869 | patience:  50 | Epoch time: 0.5 |

2023-01-07 21:54:20,254 - INFO -
| Epoch:     83 | Train loss: 0.1777 | Valid loss: 0.3469 | Train acc: 0.9022 | Valid acc: 0.7869 | patience:  51 | Epoch time: 0.5 |

2023-01-07 21:54:20,730 - INFO -
| Epoch:     84 | Train loss: 0.1765 | Valid loss: 0.3531 | Train acc: 0.8913 | Valid acc: 0.8033 | patience:  52 | Epoch time: 0.5 |

2023-01-07 21:54:21,210 - INFO -
| Epoch:     85 | Train loss: 0.1756 | Valid loss: 0.3474 | Train acc: 0.9076 | Valid acc: 0.8033 | patience:  53 | Epoch time: 0.5 |

2023-01-07 21:54:21,686 - INFO -
| Epoch:     86 | Train loss: 0.1777 | Valid loss: 0.3586 | Train acc: 0.8913 | Valid acc: 0.7869 | patience:  54 | Epoch time: 0.5 |

2023-01-07 21:54:22,156 - INFO -
| Epoch:     87 | Train loss: 0.1798 | Valid loss: 0.3481 | Train acc: 0.9022 | Valid acc: 0.8033 | patience:  55 | Epoch time: 0.5 |

2023-01-07 21:54:22,622 - INFO -
| Epoch:     88 | Train loss: 0.1765 | Valid loss: 0.3499 | Train acc: 0.8967 | Valid acc: 0.7869 | patience:  56 | Epoch time: 0.5 |

2023-01-07 21:54:23,086 - INFO -
| Epoch:     89 | Train loss: 0.1745 | Valid loss: 0.3574 | Train acc: 0.9076 | Valid acc: 0.8033 | patience:  57 | Epoch time: 0.5 |

2023-01-07 21:54:23,550 - INFO -
| Epoch:     90 | Train loss: 0.1773 | Valid loss: 0.3488 | Train acc: 0.9022 | Valid acc: 0.7869 | patience:  58 | Epoch time: 0.5 |

2023-01-07 21:54:24,014 - INFO -
| Epoch:     91 | Train loss: 0.1756 | Valid loss: 0.3502 | Train acc: 0.9022 | Valid acc: 0.7869 | patience:  59 | Epoch time: 0.5 |

2023-01-07 21:54:24,479 - INFO -
| Epoch:     92 | Train loss: 0.1741 | Valid loss: 0.3552 | Train acc: 0.9076 | Valid acc: 0.8033 | patience:  60 | Epoch time: 0.5 |

2023-01-07 21:54:24,944 - INFO -
| Epoch:     93 | Train loss: 0.1753 | Valid loss: 0.3495 | Train acc: 0.9076 | Valid acc: 0.7869 | patience:  61 | Epoch time: 0.5 |

2023-01-07 21:54:25,408 - INFO -
| Epoch:     94 | Train loss: 0.1740 | Valid loss: 0.3495 | Train acc: 0.9022 | Valid acc: 0.7869 | patience:  62 | Epoch time: 0.5 |

2023-01-07 21:54:25,873 - INFO -
| Epoch:     95 | Train loss: 0.1736 | Valid loss: 0.3532 | Train acc: 0.9076 | Valid acc: 0.7869 | patience:  63 | Epoch time: 0.5 |

2023-01-07 21:54:26,337 - INFO -
| Epoch:     96 | Train loss: 0.1744 | Valid loss: 0.3477 | Train acc: 0.9130 | Valid acc: 0.7869 | patience:  64 | Epoch time: 0.5 |

2023-01-07 21:54:26,802 - INFO -
| Epoch:     97 | Train loss: 0.1744 | Valid loss: 0.3533 | Train acc: 0.9022 | Valid acc: 0.7869 | patience:  65 | Epoch time: 0.5 |

2023-01-07 21:54:27,266 - INFO -
| Epoch:     98 | Train loss: 0.1744 | Valid loss: 0.3498 | Train acc: 0.9076 | Valid acc: 0.7869 | patience:  66 | Epoch time: 0.5 |

2023-01-07 21:54:27,730 - INFO -
| Epoch:     99 | Train loss: 0.1736 | Valid loss: 0.3486 | Train acc: 0.9130 | Valid acc: 0.7869 | patience:  67 | Epoch time: 0.5 |

2023-01-07 21:54:28,194 - INFO -
| Epoch:    100 | Train loss: 0.1741 | Valid loss: 0.3558 | Train acc: 0.9022 | Valid acc: 0.8033 | patience:  68 | Epoch time: 0.5 |

2023-01-07 21:54:28,658 - INFO -
| Epoch:    101 | Train loss: 0.1750 | Valid loss: 0.3514 | Train acc: 0.9076 | Valid acc: 0.7869 | patience:  69 | Epoch time: 0.5 |

2023-01-07 21:54:29,122 - INFO -
| Epoch:    102 | Train loss: 0.1731 | Valid loss: 0.3517 | Train acc: 0.9076 | Valid acc: 0.7869 | patience:  70 | Epoch time: 0.5 |

2023-01-07 21:54:29,586 - INFO -
| Epoch:    103 | Train loss: 0.1733 | Valid loss: 0.3572 | Train acc: 0.9022 | Valid acc: 0.7869 | patience:  71 | Epoch time: 0.5 |

2023-01-07 21:54:30,053 - INFO -
| Epoch:    104 | Train loss: 0.1743 | Valid loss: 0.3544 | Train acc: 0.9130 | Valid acc: 0.7869 | patience:  72 | Epoch time: 0.5 |

2023-01-07 21:54:30,523 - INFO -
| Epoch:    105 | Train loss: 0.1726 | Valid loss: 0.3499 | Train acc: 0.9076 | Valid acc: 0.7869 | patience:  73 | Epoch time: 0.5 |

2023-01-07 21:54:31,006 - INFO -
| Epoch:    106 | Train loss: 0.1784 | Valid loss: 0.3629 | Train acc: 0.8967 | Valid acc: 0.7869 | patience:  74 | Epoch time: 0.5 |

2023-01-07 21:54:31,482 - INFO -
| Epoch:    107 | Train loss: 0.1769 | Valid loss: 0.3599 | Train acc: 0.9022 | Valid acc: 0.7869 | patience:  75 | Epoch time: 0.5 |

2023-01-07 21:54:31,948 - INFO -
| Epoch:    108 | Train loss: 0.1737 | Valid loss: 0.3513 | Train acc: 0.9130 | Valid acc: 0.7869 | patience:  76 | Epoch time: 0.5 |

2023-01-07 21:54:32,413 - INFO -
| Epoch:    109 | Train loss: 0.1779 | Valid loss: 0.3751 | Train acc: 0.8913 | Valid acc: 0.7869 | patience:  77 | Epoch time: 0.5 |

2023-01-07 21:54:32,879 - INFO -
| Epoch:    110 | Train loss: 0.1841 | Valid loss: 0.3522 | Train acc: 0.9130 | Valid acc: 0.7869 | patience:  78 | Epoch time: 0.5 |

2023-01-07 21:54:33,345 - INFO -
| Epoch:    111 | Train loss: 0.1798 | Valid loss: 0.3671 | Train acc: 0.8913 | Valid acc: 0.7705 | patience:  79 | Epoch time: 0.5 |

2023-01-07 21:54:33,811 - INFO -
| Epoch:    112 | Train loss: 0.1747 | Valid loss: 0.3661 | Train acc: 0.9076 | Valid acc: 0.7869 | patience:  80 | Epoch time: 0.5 |

2023-01-07 21:54:34,278 - INFO -
| Epoch:    113 | Train loss: 0.1729 | Valid loss: 0.3550 | Train acc: 0.9185 | Valid acc: 0.7869 | patience:  81 | Epoch time: 0.5 |

2023-01-07 21:54:34,744 - INFO -
| Epoch:    114 | Train loss: 0.1843 | Valid loss: 0.3839 | Train acc: 0.8913 | Valid acc: 0.7869 | patience:  82 | Epoch time: 0.5 |

2023-01-07 21:54:35,216 - INFO -
| Epoch:    115 | Train loss: 0.1862 | Valid loss: 0.3707 | Train acc: 0.9022 | Valid acc: 0.7705 | patience:  83 | Epoch time: 0.5 |

2023-01-07 21:54:35,694 - INFO -
| Epoch:    116 | Train loss: 0.1724 | Valid loss: 0.3545 | Train acc: 0.9130 | Valid acc: 0.8033 | patience:  84 | Epoch time: 0.5 |

2023-01-07 21:54:36,175 - INFO -
| Epoch:    117 | Train loss: 0.1948 | Valid loss: 0.3894 | Train acc: 0.8913 | Valid acc: 0.7705 | patience:  85 | Epoch time: 0.5 |

2023-01-07 21:54:36,656 - INFO -
| Epoch:    118 | Train loss: 0.1904 | Valid loss: 0.3776 | Train acc: 0.8967 | Valid acc: 0.7869 | patience:  86 | Epoch time: 0.5 |

2023-01-07 21:54:37,135 - INFO -
| Epoch:    119 | Train loss: 0.1770 | Valid loss: 0.3526 | Train acc: 0.9076 | Valid acc: 0.7869 | patience:  87 | Epoch time: 0.5 |

2023-01-07 21:54:37,613 - INFO -
| Epoch:    120 | Train loss: 0.1955 | Valid loss: 0.3720 | Train acc: 0.8913 | Valid acc: 0.7705 | patience:  88 | Epoch time: 0.5 |

2023-01-07 21:54:38,093 - INFO -
| Epoch:    121 | Train loss: 0.1739 | Valid loss: 0.3850 | Train acc: 0.9076 | Valid acc: 0.7869 | patience:  89 | Epoch time: 0.5 |

2023-01-07 21:54:38,574 - INFO -
| Epoch:    122 | Train loss: 0.1843 | Valid loss: 0.3587 | Train acc: 0.9130 | Valid acc: 0.7869 | patience:  90 | Epoch time: 0.5 |

2023-01-07 21:54:39,056 - INFO -
| Epoch:    123 | Train loss: 0.1746 | Valid loss: 0.3577 | Train acc: 0.9130 | Valid acc: 0.7869 | patience:  91 | Epoch time: 0.5 |

2023-01-07 21:54:39,535 - INFO -
| Epoch:    124 | Train loss: 0.1755 | Valid loss: 0.3781 | Train acc: 0.9076 | Valid acc: 0.7869 | patience:  92 | Epoch time: 0.5 |

2023-01-07 21:54:40,014 - INFO -
| Epoch:    125 | Train loss: 0.1774 | Valid loss: 0.3744 | Train acc: 0.9076 | Valid acc: 0.7705 | patience:  93 | Epoch time: 0.5 |

2023-01-07 21:54:40,496 - INFO -
| Epoch:    126 | Train loss: 0.1740 | Valid loss: 0.3566 | Train acc: 0.9130 | Valid acc: 0.7869 | patience:  94 | Epoch time: 0.5 |

2023-01-07 21:54:40,976 - INFO -
| Epoch:    127 | Train loss: 0.1775 | Valid loss: 0.3619 | Train acc: 0.8967 | Valid acc: 0.7869 | patience:  95 | Epoch time: 0.5 |

2023-01-07 21:54:41,457 - INFO -
| Epoch:    128 | Train loss: 0.1714 | Valid loss: 0.3811 | Train acc: 0.9185 | Valid acc: 0.7869 | patience:  96 | Epoch time: 0.5 |

2023-01-07 21:54:41,936 - INFO -
| Epoch:    129 | Train loss: 0.1785 | Valid loss: 0.3692 | Train acc: 0.9076 | Valid acc: 0.7705 | patience:  97 | Epoch time: 0.5 |

2023-01-07 21:54:42,415 - INFO -
| Epoch:    130 | Train loss: 0.1699 | Valid loss: 0.3577 | Train acc: 0.9130 | Valid acc: 0.7869 | patience:  98 | Epoch time: 0.5 |

2023-01-07 21:54:42,896 - INFO -
| Epoch:    131 | Train loss: 0.1772 | Valid loss: 0.3689 | Train acc: 0.9022 | Valid acc: 0.7705 | patience:  99 | Epoch time: 0.5 |

2023-01-07 21:54:43,378 - INFO -
| Epoch:    132 | Train loss: 0.1694 | Valid loss: 0.3803 | Train acc: 0.9130 | Valid acc: 0.7869 | patience: 100 | Epoch time: 0.5 |

2023-01-07 21:54:43,860 - INFO -
| Epoch:    133 | Train loss: 0.1760 | Valid loss: 0.3629 | Train acc: 0.9076 | Valid acc: 0.7869 | patience: 101 | Epoch time: 0.5 |

2023-01-07 21:54:44,341 - INFO -
| Epoch:    134 | Train loss: 0.1699 | Valid loss: 0.3610 | Train acc: 0.9185 | Valid acc: 0.7869 | patience: 102 | Epoch time: 0.5 |

2023-01-07 21:54:44,821 - INFO -
| Epoch:    135 | Train loss: 0.1720 | Valid loss: 0.3754 | Train acc: 0.9130 | Valid acc: 0.7705 | patience: 103 | Epoch time: 0.5 |

2023-01-07 21:54:45,300 - INFO -
| Epoch:    136 | Train loss: 0.1710 | Valid loss: 0.3756 | Train acc: 0.9130 | Valid acc: 0.7705 | patience: 104 | Epoch time: 0.5 |

2023-01-07 21:54:45,781 - INFO -
| Epoch:    137 | Train loss: 0.1707 | Valid loss: 0.3627 | Train acc: 0.9130 | Valid acc: 0.7869 | patience: 105 | Epoch time: 0.5 |

2023-01-07 21:54:46,262 - INFO -
| Epoch:    138 | Train loss: 0.1713 | Valid loss: 0.3694 | Train acc: 0.9185 | Valid acc: 0.7869 | patience: 106 | Epoch time: 0.5 |

2023-01-07 21:54:46,742 - INFO -
| Epoch:    139 | Train loss: 0.1676 | Valid loss: 0.3741 | Train acc: 0.9185 | Valid acc: 0.7705 | patience: 107 | Epoch time: 0.5 |

2023-01-07 21:54:47,221 - INFO -
| Epoch:    140 | Train loss: 0.1683 | Valid loss: 0.3712 | Train acc: 0.9130 | Valid acc: 0.7705 | patience: 108 | Epoch time: 0.5 |

2023-01-07 21:54:47,703 - INFO -
| Epoch:    141 | Train loss: 0.1671 | Valid loss: 0.3673 | Train acc: 0.9185 | Valid acc: 0.7869 | patience: 109 | Epoch time: 0.5 |

2023-01-07 21:54:48,181 - INFO -
| Epoch:    142 | Train loss: 0.1672 | Valid loss: 0.3716 | Train acc: 0.9185 | Valid acc: 0.7705 | patience: 110 | Epoch time: 0.5 |

2023-01-07 21:54:48,660 - INFO -
| Epoch:    143 | Train loss: 0.1664 | Valid loss: 0.3718 | Train acc: 0.9185 | Valid acc: 0.7705 | patience: 111 | Epoch time: 0.5 |

2023-01-07 21:54:49,139 - INFO -
| Epoch:    144 | Train loss: 0.1662 | Valid loss: 0.3673 | Train acc: 0.9185 | Valid acc: 0.7869 | patience: 112 | Epoch time: 0.5 |

2023-01-07 21:54:49,618 - INFO -
| Epoch:    145 | Train loss: 0.1678 | Valid loss: 0.3785 | Train acc: 0.9185 | Valid acc: 0.7869 | patience: 113 | Epoch time: 0.5 |

2023-01-07 21:54:50,095 - INFO -
| Epoch:    146 | Train loss: 0.1689 | Valid loss: 0.3691 | Train acc: 0.9076 | Valid acc: 0.7869 | patience: 114 | Epoch time: 0.5 |

2023-01-07 21:54:50,574 - INFO -
| Epoch:    147 | Train loss: 0.1668 | Valid loss: 0.3773 | Train acc: 0.9185 | Valid acc: 0.7705 | patience: 115 | Epoch time: 0.5 |

2023-01-07 21:54:51,052 - INFO -
| Epoch:    148 | Train loss: 0.1664 | Valid loss: 0.3747 | Train acc: 0.9130 | Valid acc: 0.7705 | patience: 116 | Epoch time: 0.5 |

2023-01-07 21:54:51,530 - INFO -
| Epoch:    149 | Train loss: 0.1652 | Valid loss: 0.3696 | Train acc: 0.9185 | Valid acc: 0.7869 | patience: 117 | Epoch time: 0.5 |

2023-01-07 21:54:52,010 - INFO -
| Epoch:    150 | Train loss: 0.1691 | Valid loss: 0.3844 | Train acc: 0.9185 | Valid acc: 0.7869 | patience: 118 | Epoch time: 0.5 |

2023-01-07 21:54:52,488 - INFO -
| Epoch:    151 | Train loss: 0.1703 | Valid loss: 0.3781 | Train acc: 0.9185 | Valid acc: 0.7705 | patience: 119 | Epoch time: 0.5 |

2023-01-07 21:54:52,965 - INFO -
| Epoch:    152 | Train loss: 0.1658 | Valid loss: 0.3655 | Train acc: 0.9130 | Valid acc: 0.7869 | patience: 120 | Epoch time: 0.5 |

2023-01-07 21:54:53,442 - INFO -
| Epoch:    153 | Train loss: 0.1763 | Valid loss: 0.3770 | Train acc: 0.9022 | Valid acc: 0.7705 | patience: 121 | Epoch time: 0.5 |

2023-01-07 21:54:53,920 - INFO -
| Epoch:    154 | Train loss: 0.1655 | Valid loss: 0.3803 | Train acc: 0.9130 | Valid acc: 0.7705 | patience: 122 | Epoch time: 0.5 |

2023-01-07 21:54:54,398 - INFO -
| Epoch:    155 | Train loss: 0.1682 | Valid loss: 0.3664 | Train acc: 0.9239 | Valid acc: 0.7869 | patience: 123 | Epoch time: 0.5 |

2023-01-07 21:54:54,874 - INFO -
| Epoch:    156 | Train loss: 0.1688 | Valid loss: 0.3690 | Train acc: 0.9185 | Valid acc: 0.7705 | patience: 124 | Epoch time: 0.5 |

2023-01-07 21:54:55,352 - INFO -
| Epoch:    157 | Train loss: 0.1648 | Valid loss: 0.3848 | Train acc: 0.9185 | Valid acc: 0.7869 | patience: 125 | Epoch time: 0.5 |

2023-01-07 21:54:55,831 - INFO -
| Epoch:    158 | Train loss: 0.1718 | Valid loss: 0.3705 | Train acc: 0.9239 | Valid acc: 0.7869 | patience: 126 | Epoch time: 0.5 |

2023-01-07 21:54:56,309 - INFO -
| Epoch:    159 | Train loss: 0.1646 | Valid loss: 0.3727 | Train acc: 0.9185 | Valid acc: 0.7869 | patience: 127 | Epoch time: 0.5 |

2023-01-07 21:54:56,789 - INFO -
| Epoch:    160 | Train loss: 0.1643 | Valid loss: 0.3873 | Train acc: 0.9185 | Valid acc: 0.7705 | patience: 128 | Epoch time: 0.5 |

2023-01-07 21:54:57,268 - INFO -
| Epoch:    161 | Train loss: 0.1720 | Valid loss: 0.3748 | Train acc: 0.9130 | Valid acc: 0.7705 | patience: 129 | Epoch time: 0.5 |

2023-01-07 21:54:57,746 - INFO -
| Epoch:    162 | Train loss: 0.1635 | Valid loss: 0.3650 | Train acc: 0.9185 | Valid acc: 0.7869 | patience: 130 | Epoch time: 0.5 |

2023-01-07 21:54:58,224 - INFO -
| Epoch:    163 | Train loss: 0.1783 | Valid loss: 0.3819 | Train acc: 0.9022 | Valid acc: 0.7705 | patience: 131 | Epoch time: 0.5 |

2023-01-07 21:54:58,701 - INFO -
| Epoch:    164 | Train loss: 0.1673 | Valid loss: 0.3847 | Train acc: 0.9239 | Valid acc: 0.7869 | patience: 132 | Epoch time: 0.5 |

2023-01-07 21:54:59,179 - INFO -
| Epoch:    165 | Train loss: 0.1704 | Valid loss: 0.3647 | Train acc: 0.9239 | Valid acc: 0.7869 | patience: 133 | Epoch time: 0.5 |

2023-01-07 21:54:59,658 - INFO -
| Epoch:    166 | Train loss: 0.1716 | Valid loss: 0.3672 | Train acc: 0.9022 | Valid acc: 0.7869 | patience: 134 | Epoch time: 0.5 |

2023-01-07 21:55:00,136 - INFO -
| Epoch:    167 | Train loss: 0.1668 | Valid loss: 0.3880 | Train acc: 0.9185 | Valid acc: 0.7869 | patience: 135 | Epoch time: 0.5 |

2023-01-07 21:55:00,615 - INFO -
| Epoch:    168 | Train loss: 0.1720 | Valid loss: 0.3767 | Train acc: 0.9185 | Valid acc: 0.7705 | patience: 136 | Epoch time: 0.5 |

2023-01-07 21:55:01,093 - INFO -
| Epoch:    169 | Train loss: 0.1636 | Valid loss: 0.3652 | Train acc: 0.9185 | Valid acc: 0.7869 | patience: 137 | Epoch time: 0.5 |

2023-01-07 21:55:01,571 - INFO -
| Epoch:    170 | Train loss: 0.1781 | Valid loss: 0.3796 | Train acc: 0.8967 | Valid acc: 0.7705 | patience: 138 | Epoch time: 0.5 |

2023-01-07 21:55:02,049 - INFO -
| Epoch:    171 | Train loss: 0.1645 | Valid loss: 0.3901 | Train acc: 0.9130 | Valid acc: 0.7869 | patience: 139 | Epoch time: 0.5 |

2023-01-07 21:55:02,527 - INFO -
| Epoch:    172 | Train loss: 0.1723 | Valid loss: 0.3703 | Train acc: 0.9239 | Valid acc: 0.7869 | patience: 140 | Epoch time: 0.5 |

2023-01-07 21:55:03,006 - INFO -
| Epoch:    173 | Train loss: 0.1644 | Valid loss: 0.3693 | Train acc: 0.9185 | Valid acc: 0.7869 | patience: 141 | Epoch time: 0.5 |

2023-01-07 21:55:03,483 - INFO -
| Epoch:    174 | Train loss: 0.1657 | Valid loss: 0.3828 | Train acc: 0.9185 | Valid acc: 0.7705 | patience: 142 | Epoch time: 0.5 |

2023-01-07 21:55:03,962 - INFO -
| Epoch:    175 | Train loss: 0.1658 | Valid loss: 0.3796 | Train acc: 0.9130 | Valid acc: 0.7705 | patience: 143 | Epoch time: 0.5 |

2023-01-07 21:55:04,440 - INFO -
| Epoch:    176 | Train loss: 0.1635 | Valid loss: 0.3690 | Train acc: 0.9130 | Valid acc: 0.7869 | patience: 144 | Epoch time: 0.5 |

2023-01-07 21:55:04,918 - INFO -
| Epoch:    177 | Train loss: 0.1674 | Valid loss: 0.3755 | Train acc: 0.9185 | Valid acc: 0.7705 | patience: 145 | Epoch time: 0.5 |

2023-01-07 21:55:05,395 - INFO -
| Epoch:    178 | Train loss: 0.1618 | Valid loss: 0.3820 | Train acc: 0.9185 | Valid acc: 0.7705 | patience: 146 | Epoch time: 0.5 |

2023-01-07 21:55:05,873 - INFO -
| Epoch:    179 | Train loss: 0.1650 | Valid loss: 0.3701 | Train acc: 0.9130 | Valid acc: 0.7869 | patience: 147 | Epoch time: 0.5 |

2023-01-07 21:55:06,351 - INFO -
| Epoch:    180 | Train loss: 0.1633 | Valid loss: 0.3754 | Train acc: 0.9185 | Valid acc: 0.7541 | patience: 148 | Epoch time: 0.5 |

2023-01-07 21:55:06,829 - INFO -
| Epoch:    181 | Train loss: 0.1612 | Valid loss: 0.3776 | Train acc: 0.9185 | Valid acc: 0.7705 | patience: 149 | Epoch time: 0.5 |

2023-01-07 21:55:07,307 - INFO -
| Epoch:    182 | Train loss: 0.1615 | Valid loss: 0.3712 | Train acc: 0.9185 | Valid acc: 0.7869 | patience: 150 | Epoch time: 0.5 |

2023-01-07 21:55:07,784 - INFO -
| Epoch:    183 | Train loss: 0.1635 | Valid loss: 0.3788 | Train acc: 0.9185 | Valid acc: 0.7705 | patience: 151 | Epoch time: 0.5 |

2023-01-07 21:55:08,258 - INFO -
| Epoch:    184 | Train loss: 0.1616 | Valid loss: 0.3790 | Train acc: 0.9185 | Valid acc: 0.7705 | patience: 152 | Epoch time: 0.5 |

2023-01-07 21:55:08,726 - INFO -
| Epoch:    185 | Train loss: 0.1615 | Valid loss: 0.3724 | Train acc: 0.9185 | Valid acc: 0.7869 | patience: 153 | Epoch time: 0.5 |

2023-01-07 21:55:09,189 - INFO -
| Epoch:    186 | Train loss: 0.1635 | Valid loss: 0.3812 | Train acc: 0.9185 | Valid acc: 0.7705 | patience: 154 | Epoch time: 0.5 |

2023-01-07 21:55:09,653 - INFO -
| Epoch:    187 | Train loss: 0.1619 | Valid loss: 0.3793 | Train acc: 0.9185 | Valid acc: 0.7705 | patience: 155 | Epoch time: 0.5 |

2023-01-07 21:55:10,117 - INFO -
| Epoch:    188 | Train loss: 0.1612 | Valid loss: 0.3742 | Train acc: 0.9185 | Valid acc: 0.7705 | patience: 156 | Epoch time: 0.5 |

2023-01-07 21:55:10,581 - INFO -
| Epoch:    189 | Train loss: 0.1614 | Valid loss: 0.3774 | Train acc: 0.9185 | Valid acc: 0.7541 | patience: 157 | Epoch time: 0.5 |

2023-01-07 21:55:11,045 - INFO -
| Epoch:    190 | Train loss: 0.1608 | Valid loss: 0.3787 | Train acc: 0.9185 | Valid acc: 0.7705 | patience: 158 | Epoch time: 0.5 |

2023-01-07 21:55:11,510 - INFO -
| Epoch:    191 | Train loss: 0.1611 | Valid loss: 0.3739 | Train acc: 0.9185 | Valid acc: 0.7705 | patience: 159 | Epoch time: 0.5 |

2023-01-07 21:55:11,975 - INFO -
| Epoch:    192 | Train loss: 0.1613 | Valid loss: 0.3798 | Train acc: 0.9185 | Valid acc: 0.7705 | patience: 160 | Epoch time: 0.5 |

2023-01-07 21:55:12,439 - INFO -
| Epoch:    193 | Train loss: 0.1613 | Valid loss: 0.3756 | Train acc: 0.9185 | Valid acc: 0.7541 | patience: 161 | Epoch time: 0.5 |

2023-01-07 21:55:12,903 - INFO -
| Epoch:    194 | Train loss: 0.1606 | Valid loss: 0.3749 | Train acc: 0.9185 | Valid acc: 0.7541 | patience: 162 | Epoch time: 0.5 |

2023-01-07 21:55:13,368 - INFO -
| Epoch:    195 | Train loss: 0.1606 | Valid loss: 0.3794 | Train acc: 0.9185 | Valid acc: 0.7705 | patience: 163 | Epoch time: 0.5 |

2023-01-07 21:55:13,831 - INFO -
| Epoch:    196 | Train loss: 0.1609 | Valid loss: 0.3761 | Train acc: 0.9185 | Valid acc: 0.7541 | patience: 164 | Epoch time: 0.5 |

2023-01-07 21:55:14,295 - INFO -
| Epoch:    197 | Train loss: 0.1603 | Valid loss: 0.3734 | Train acc: 0.9185 | Valid acc: 0.7705 | patience: 165 | Epoch time: 0.5 |

2023-01-07 21:55:14,759 - INFO -
| Epoch:    198 | Train loss: 0.1611 | Valid loss: 0.3816 | Train acc: 0.9185 | Valid acc: 0.7705 | patience: 166 | Epoch time: 0.5 |

2023-01-07 21:55:15,223 - INFO -
| Epoch:    199 | Train loss: 0.1621 | Valid loss: 0.3758 | Train acc: 0.9185 | Valid acc: 0.7541 | patience: 167 | Epoch time: 0.5 |

2023-01-07 21:55:15,687 - INFO -
| Epoch:    200 | Train loss: 0.1602 | Valid loss: 0.3714 | Train acc: 0.9185 | Valid acc: 0.7869 | patience: 168 | Epoch time: 0.5 |

2023-01-07 21:55:16,153 - INFO -
| Epoch:    201 | Train loss: 0.1643 | Valid loss: 0.3858 | Train acc: 0.9185 | Valid acc: 0.7705 | patience: 169 | Epoch time: 0.5 |

2023-01-07 21:55:16,619 - INFO -
| Epoch:    202 | Train loss: 0.1652 | Valid loss: 0.3793 | Train acc: 0.9185 | Valid acc: 0.7705 | patience: 170 | Epoch time: 0.5 |

2023-01-07 21:55:17,098 - INFO -
| Epoch:    203 | Train loss: 0.1605 | Valid loss: 0.3689 | Train acc: 0.9185 | Valid acc: 0.7869 | patience: 171 | Epoch time: 0.5 |

2023-01-07 21:55:17,579 - INFO -
| Epoch:    204 | Train loss: 0.1694 | Valid loss: 0.3846 | Train acc: 0.9076 | Valid acc: 0.7705 | patience: 172 | Epoch time: 0.5 |

2023-01-07 21:55:18,050 - INFO -
| Epoch:    205 | Train loss: 0.1633 | Valid loss: 0.3845 | Train acc: 0.9185 | Valid acc: 0.7705 | patience: 173 | Epoch time: 0.5 |

2023-01-07 21:55:18,514 - INFO -
| Epoch:    206 | Train loss: 0.1631 | Valid loss: 0.3688 | Train acc: 0.9239 | Valid acc: 0.7869 | patience: 174 | Epoch time: 0.5 |

2023-01-07 21:55:18,978 - INFO -
| Epoch:    207 | Train loss: 0.1693 | Valid loss: 0.3770 | Train acc: 0.9130 | Valid acc: 0.7541 | patience: 175 | Epoch time: 0.5 |

2023-01-07 21:55:19,446 - INFO -
| Epoch:    208 | Train loss: 0.1604 | Valid loss: 0.3935 | Train acc: 0.9185 | Valid acc: 0.7705 | patience: 176 | Epoch time: 0.5 |

2023-01-07 21:55:19,912 - INFO -
| Epoch:    209 | Train loss: 0.1693 | Valid loss: 0.3781 | Train acc: 0.9239 | Valid acc: 0.7541 | patience: 177 | Epoch time: 0.5 |

2023-01-07 21:55:20,378 - INFO -
| Epoch:    210 | Train loss: 0.1603 | Valid loss: 0.3709 | Train acc: 0.9185 | Valid acc: 0.7869 | patience: 178 | Epoch time: 0.5 |

2023-01-07 21:55:20,845 - INFO -
| Epoch:    211 | Train loss: 0.1676 | Valid loss: 0.3866 | Train acc: 0.9185 | Valid acc: 0.7705 | patience: 179 | Epoch time: 0.5 |

2023-01-07 21:55:21,314 - INFO -
| Epoch:    212 | Train loss: 0.1623 | Valid loss: 0.3895 | Train acc: 0.9130 | Valid acc: 0.7705 | patience: 180 | Epoch time: 0.5 |

2023-01-07 21:55:21,789 - INFO -
| Epoch:    213 | Train loss: 0.1644 | Valid loss: 0.3720 | Train acc: 0.9130 | Valid acc: 0.7869 | patience: 181 | Epoch time: 0.5 |

2023-01-07 21:55:22,268 - INFO -
| Epoch:    214 | Train loss: 0.1659 | Valid loss: 0.3775 | Train acc: 0.9185 | Valid acc: 0.7541 | patience: 182 | Epoch time: 0.5 |

2023-01-07 21:55:22,750 - INFO -
| Epoch:    215 | Train loss: 0.1600 | Valid loss: 0.3915 | Train acc: 0.9185 | Valid acc: 0.7705 | patience: 183 | Epoch time: 0.5 |

2023-01-07 21:55:23,231 - INFO -
| Epoch:    216 | Train loss: 0.1669 | Valid loss: 0.3766 | Train acc: 0.9239 | Valid acc: 0.7541 | patience: 184 | Epoch time: 0.5 |

2023-01-07 21:55:23,707 - INFO -
| Epoch:    217 | Train loss: 0.1602 | Valid loss: 0.3740 | Train acc: 0.9185 | Valid acc: 0.7869 | patience: 185 | Epoch time: 0.5 |

2023-01-07 21:55:24,187 - INFO -
| Epoch:    218 | Train loss: 0.1630 | Valid loss: 0.3851 | Train acc: 0.9185 | Valid acc: 0.7705 | patience: 186 | Epoch time: 0.5 |

2023-01-07 21:55:24,668 - INFO -
| Epoch:    219 | Train loss: 0.1616 | Valid loss: 0.3827 | Train acc: 0.9185 | Valid acc: 0.7705 | patience: 187 | Epoch time: 0.5 |

2023-01-07 21:55:25,149 - INFO -
| Epoch:    220 | Train loss: 0.1599 | Valid loss: 0.3724 | Train acc: 0.9185 | Valid acc: 0.7869 | patience: 188 | Epoch time: 0.5 |

2023-01-07 21:55:25,632 - INFO -
| Epoch:    221 | Train loss: 0.1659 | Valid loss: 0.3829 | Train acc: 0.9185 | Valid acc: 0.7705 | patience: 189 | Epoch time: 0.5 |

2023-01-07 21:55:26,110 - INFO -
| Epoch:    222 | Train loss: 0.1598 | Valid loss: 0.3856 | Train acc: 0.9185 | Valid acc: 0.7705 | patience: 190 | Epoch time: 0.5 |

2023-01-07 21:55:26,588 - INFO -
| Epoch:    223 | Train loss: 0.1612 | Valid loss: 0.3736 | Train acc: 0.9239 | Valid acc: 0.7869 | patience: 191 | Epoch time: 0.5 |

2023-01-07 21:55:27,069 - INFO -
| Epoch:    224 | Train loss: 0.1631 | Valid loss: 0.3809 | Train acc: 0.9185 | Valid acc: 0.7541 | patience: 192 | Epoch time: 0.5 |

2023-01-07 21:55:27,550 - INFO -
| Epoch:    225 | Train loss: 0.1592 | Valid loss: 0.3851 | Train acc: 0.9185 | Valid acc: 0.7705 | patience: 193 | Epoch time: 0.5 |

2023-01-07 21:55:28,031 - INFO -
| Epoch:    226 | Train loss: 0.1607 | Valid loss: 0.3756 | Train acc: 0.9239 | Valid acc: 0.7869 | patience: 194 | Epoch time: 0.5 |

2023-01-07 21:55:28,511 - INFO -
| Epoch:    227 | Train loss: 0.1605 | Valid loss: 0.3783 | Train acc: 0.9185 | Valid acc: 0.7541 | patience: 195 | Epoch time: 0.5 |

2023-01-07 21:55:28,990 - INFO -
| Epoch:    228 | Train loss: 0.1591 | Valid loss: 0.3882 | Train acc: 0.9185 | Valid acc: 0.7705 | patience: 196 | Epoch time: 0.5 |

2023-01-07 21:55:29,471 - INFO -
| Epoch:    229 | Train loss: 0.1636 | Valid loss: 0.3746 | Train acc: 0.9239 | Valid acc: 0.7869 | patience: 197 | Epoch time: 0.5 |

2023-01-07 21:55:29,951 - INFO -
| Epoch:    230 | Train loss: 0.1610 | Valid loss: 0.3794 | Train acc: 0.9185 | Valid acc: 0.7541 | patience: 198 | Epoch time: 0.5 |

2023-01-07 21:55:30,431 - INFO -
| Epoch:    231 | Train loss: 0.1591 | Valid loss: 0.3874 | Train acc: 0.9185 | Valid acc: 0.7705 | patience: 199 | Epoch time: 0.5 |

2023-01-07 21:55:30,909 - INFO -
| Epoch:    232 | Train loss: 0.1622 | Valid loss: 0.3739 | Train acc: 0.9185 | Valid acc: 0.7869 | patience: 200 | Epoch time: 0.5 |

2023-01-07 21:55:31,389 - INFO -
| Epoch:    233 | Train loss: 0.1623 | Valid loss: 0.3822 | Train acc: 0.9185 | Valid acc: 0.7705 | patience: 201 | Epoch time: 0.5 |

2023-01-07 21:55:31,869 - INFO -
| Epoch:    234 | Train loss: 0.1588 | Valid loss: 0.3844 | Train acc: 0.9185 | Valid acc: 0.7705 | patience: 202 | Epoch time: 0.5 |

2023-01-07 21:55:32,353 - INFO -
| Epoch:    235 | Train loss: 0.1599 | Valid loss: 0.3738 | Train acc: 0.9185 | Valid acc: 0.7869 | patience: 203 | Epoch time: 0.5 |

2023-01-07 21:55:32,835 - INFO -
| Epoch:    236 | Train loss: 0.1630 | Valid loss: 0.3822 | Train acc: 0.9185 | Valid acc: 0.7705 | patience: 204 | Epoch time: 0.5 |

2023-01-07 21:55:33,314 - INFO -
| Epoch:    237 | Train loss: 0.1589 | Valid loss: 0.3848 | Train acc: 0.9185 | Valid acc: 0.7705 | patience: 205 | Epoch time: 0.5 |

2023-01-07 21:55:33,791 - INFO -
| Epoch:    238 | Train loss: 0.1596 | Valid loss: 0.3784 | Train acc: 0.9185 | Valid acc: 0.7541 | patience: 206 | Epoch time: 0.5 |

2023-01-07 21:55:34,268 - INFO -
| Epoch:    239 | Train loss: 0.1589 | Valid loss: 0.3777 | Train acc: 0.9185 | Valid acc: 0.7541 | patience: 207 | Epoch time: 0.5 |

2023-01-07 21:55:34,747 - INFO -
| Epoch:    240 | Train loss: 0.1590 | Valid loss: 0.3866 | Train acc: 0.9185 | Valid acc: 0.7705 | patience: 208 | Epoch time: 0.5 |

2023-01-07 21:55:35,223 - INFO -
| Epoch:    241 | Train loss: 0.1608 | Valid loss: 0.3772 | Train acc: 0.9239 | Valid acc: 0.7541 | patience: 209 | Epoch time: 0.5 |

2023-01-07 21:55:35,703 - INFO -
| Epoch:    242 | Train loss: 0.1592 | Valid loss: 0.3809 | Train acc: 0.9185 | Valid acc: 0.7541 | patience: 210 | Epoch time: 0.5 |

2023-01-07 21:55:36,181 - INFO -
| Epoch:    243 | Train loss: 0.1582 | Valid loss: 0.3836 | Train acc: 0.9185 | Valid acc: 0.7705 | patience: 211 | Epoch time: 0.5 |

2023-01-07 21:55:36,659 - INFO -
| Epoch:    244 | Train loss: 0.1589 | Valid loss: 0.3762 | Train acc: 0.9185 | Valid acc: 0.7705 | patience: 212 | Epoch time: 0.5 |

2023-01-07 21:55:37,138 - INFO -
| Epoch:    245 | Train loss: 0.1599 | Valid loss: 0.3822 | Train acc: 0.9185 | Valid acc: 0.7705 | patience: 213 | Epoch time: 0.5 |

2023-01-07 21:55:37,618 - INFO -
| Epoch:    246 | Train loss: 0.1581 | Valid loss: 0.3853 | Train acc: 0.9185 | Valid acc: 0.7705 | patience: 214 | Epoch time: 0.5 |

2023-01-07 21:55:38,097 - INFO -
| Epoch:    247 | Train loss: 0.1594 | Valid loss: 0.3731 | Train acc: 0.9239 | Valid acc: 0.7869 | patience: 215 | Epoch time: 0.5 |

2023-01-07 21:55:38,577 - INFO -
| Epoch:    248 | Train loss: 0.1642 | Valid loss: 0.3843 | Train acc: 0.9185 | Valid acc: 0.7705 | patience: 216 | Epoch time: 0.5 |

2023-01-07 21:55:39,055 - INFO -
| Epoch:    249 | Train loss: 0.1586 | Valid loss: 0.3854 | Train acc: 0.9185 | Valid acc: 0.7705 | patience: 217 | Epoch time: 0.5 |

2023-01-07 21:55:39,533 - INFO -
| Epoch:    250 | Train loss: 0.1591 | Valid loss: 0.3755 | Train acc: 0.9239 | Valid acc: 0.7869 | patience: 218 | Epoch time: 0.5 |

2023-01-07 21:55:40,010 - INFO -
| Epoch:    251 | Train loss: 0.1612 | Valid loss: 0.3831 | Train acc: 0.9185 | Valid acc: 0.7705 | patience: 219 | Epoch time: 0.5 |

2023-01-07 21:55:40,488 - INFO -
| Epoch:    252 | Train loss: 0.1581 | Valid loss: 0.3865 | Train acc: 0.9185 | Valid acc: 0.7705 | patience: 220 | Epoch time: 0.5 |

2023-01-07 21:55:40,967 - INFO -
| Epoch:    253 | Train loss: 0.1602 | Valid loss: 0.3753 | Train acc: 0.9293 | Valid acc: 0.7869 | patience: 221 | Epoch time: 0.5 |

2023-01-07 21:55:41,445 - INFO -
| Epoch:    254 | Train loss: 0.1608 | Valid loss: 0.3833 | Train acc: 0.9185 | Valid acc: 0.7705 | patience: 222 | Epoch time: 0.5 |

2023-01-07 21:55:41,925 - INFO -
| Epoch:    255 | Train loss: 0.1582 | Valid loss: 0.3827 | Train acc: 0.9185 | Valid acc: 0.7705 | patience: 223 | Epoch time: 0.5 |

2023-01-07 21:55:42,404 - INFO -
| Epoch:    256 | Train loss: 0.1578 | Valid loss: 0.3778 | Train acc: 0.9185 | Valid acc: 0.7541 | patience: 224 | Epoch time: 0.5 |

2023-01-07 21:55:42,881 - INFO -
| Epoch:    257 | Train loss: 0.1587 | Valid loss: 0.3857 | Train acc: 0.9185 | Valid acc: 0.7705 | patience: 225 | Epoch time: 0.5 |

2023-01-07 21:55:43,359 - INFO -
| Epoch:    258 | Train loss: 0.1593 | Valid loss: 0.3774 | Train acc: 0.9239 | Valid acc: 0.7705 | patience: 226 | Epoch time: 0.5 |

2023-01-07 21:55:43,837 - INFO -
| Epoch:    259 | Train loss: 0.1589 | Valid loss: 0.3855 | Train acc: 0.9185 | Valid acc: 0.7705 | patience: 227 | Epoch time: 0.5 |

2023-01-07 21:55:44,315 - INFO -
| Epoch:    260 | Train loss: 0.1587 | Valid loss: 0.3775 | Train acc: 0.9239 | Valid acc: 0.7705 | patience: 228 | Epoch time: 0.5 |

2023-01-07 21:55:44,793 - INFO -
| Epoch:    261 | Train loss: 0.1590 | Valid loss: 0.3840 | Train acc: 0.9185 | Valid acc: 0.7705 | patience: 229 | Epoch time: 0.5 |

2023-01-07 21:55:45,270 - INFO -
| Epoch:    262 | Train loss: 0.1578 | Valid loss: 0.3831 | Train acc: 0.9239 | Valid acc: 0.7705 | patience: 230 | Epoch time: 0.5 |

2023-01-07 21:55:45,749 - INFO -
| Epoch:    263 | Train loss: 0.1575 | Valid loss: 0.3824 | Train acc: 0.9185 | Valid acc: 0.7705 | patience: 231 | Epoch time: 0.5 |

2023-01-07 21:55:46,228 - INFO -
| Epoch:    264 | Train loss: 0.1574 | Valid loss: 0.3787 | Train acc: 0.9185 | Valid acc: 0.7541 | patience: 232 | Epoch time: 0.5 |

2023-01-07 21:55:46,706 - INFO -
| Epoch:    265 | Train loss: 0.1578 | Valid loss: 0.3833 | Train acc: 0.9185 | Valid acc: 0.7705 | patience: 233 | Epoch time: 0.5 |

2023-01-07 21:55:47,184 - INFO -
| Epoch:    266 | Train loss: 0.1582 | Valid loss: 0.3757 | Train acc: 0.9239 | Valid acc: 0.7705 | patience: 234 | Epoch time: 0.5 |

2023-01-07 21:55:47,660 - INFO -
| Epoch:    267 | Train loss: 0.1607 | Valid loss: 0.3844 | Train acc: 0.9185 | Valid acc: 0.7705 | patience: 235 | Epoch time: 0.5 |

2023-01-07 21:55:48,137 - INFO -
| Epoch:    268 | Train loss: 0.1586 | Valid loss: 0.3787 | Train acc: 0.9239 | Valid acc: 0.7541 | patience: 236 | Epoch time: 0.5 |

2023-01-07 21:55:48,613 - INFO -
| Epoch:    269 | Train loss: 0.1581 | Valid loss: 0.3858 | Train acc: 0.9185 | Valid acc: 0.7705 | patience: 237 | Epoch time: 0.5 |

2023-01-07 21:55:49,090 - INFO -
| Epoch:    270 | Train loss: 0.1585 | Valid loss: 0.3763 | Train acc: 0.9239 | Valid acc: 0.7705 | patience: 238 | Epoch time: 0.5 |

2023-01-07 21:55:49,569 - INFO -
| Epoch:    271 | Train loss: 0.1602 | Valid loss: 0.3864 | Train acc: 0.9185 | Valid acc: 0.7705 | patience: 239 | Epoch time: 0.5 |

2023-01-07 21:55:50,046 - INFO -
| Epoch:    272 | Train loss: 0.1586 | Valid loss: 0.3818 | Train acc: 0.9239 | Valid acc: 0.7541 | patience: 240 | Epoch time: 0.5 |

2023-01-07 21:55:50,525 - INFO -
| Epoch:    273 | Train loss: 0.1576 | Valid loss: 0.3822 | Train acc: 0.9185 | Valid acc: 0.7541 | patience: 241 | Epoch time: 0.5 |

2023-01-07 21:55:51,003 - INFO -
| Epoch:    274 | Train loss: 0.1573 | Valid loss: 0.3834 | Train acc: 0.9185 | Valid acc: 0.7705 | patience: 242 | Epoch time: 0.5 |

2023-01-07 21:55:51,481 - INFO -
| Epoch:    275 | Train loss: 0.1572 | Valid loss: 0.3803 | Train acc: 0.9239 | Valid acc: 0.7541 | patience: 243 | Epoch time: 0.5 |

2023-01-07 21:55:51,959 - INFO -
| Epoch:    276 | Train loss: 0.1572 | Valid loss: 0.3837 | Train acc: 0.9185 | Valid acc: 0.7705 | patience: 244 | Epoch time: 0.5 |

2023-01-07 21:55:52,436 - INFO -
| Epoch:    277 | Train loss: 0.1572 | Valid loss: 0.3804 | Train acc: 0.9239 | Valid acc: 0.7541 | patience: 245 | Epoch time: 0.5 |

2023-01-07 21:55:52,913 - INFO -
| Epoch:    278 | Train loss: 0.1578 | Valid loss: 0.3870 | Train acc: 0.9185 | Valid acc: 0.7705 | patience: 246 | Epoch time: 0.5 |

2023-01-07 21:55:53,390 - INFO -
| Epoch:    279 | Train loss: 0.1587 | Valid loss: 0.3747 | Train acc: 0.9239 | Valid acc: 0.7869 | patience: 247 | Epoch time: 0.5 |

2023-01-07 21:55:53,868 - INFO -
| Epoch:    280 | Train loss: 0.1642 | Valid loss: 0.3870 | Train acc: 0.9185 | Valid acc: 0.7705 | patience: 248 | Epoch time: 0.5 |

2023-01-07 21:55:54,343 - INFO -
| Epoch:    281 | Train loss: 0.1583 | Valid loss: 0.3852 | Train acc: 0.9239 | Valid acc: 0.7705 | patience: 249 | Epoch time: 0.5 |

2023-01-07 21:55:54,814 - INFO -
| Epoch:    282 | Train loss: 0.1572 | Valid loss: 0.3774 | Train acc: 0.9239 | Valid acc: 0.7705 | patience: 250 | Epoch time: 0.5 |

2023-01-07 21:55:55,280 - INFO -
| Epoch:    283 | Train loss: 0.1599 | Valid loss: 0.3905 | Train acc: 0.9185 | Valid acc: 0.7705 | patience: 251 | Epoch time: 0.5 |

2023-01-07 21:55:55,743 - INFO -
| Epoch:    284 | Train loss: 0.1612 | Valid loss: 0.3789 | Train acc: 0.9185 | Valid acc: 0.7705 | patience: 252 | Epoch time: 0.5 |

2023-01-07 21:55:56,207 - INFO -
| Epoch:    285 | Train loss: 0.1587 | Valid loss: 0.3819 | Train acc: 0.9185 | Valid acc: 0.7541 | patience: 253 | Epoch time: 0.5 |

2023-01-07 21:55:56,670 - INFO -
| Epoch:    286 | Train loss: 0.1574 | Valid loss: 0.3885 | Train acc: 0.9185 | Valid acc: 0.7705 | patience: 254 | Epoch time: 0.5 |

2023-01-07 21:55:57,133 - INFO -
| Epoch:    287 | Train loss: 0.1595 | Valid loss: 0.3788 | Train acc: 0.9293 | Valid acc: 0.7541 | patience: 255 | Epoch time: 0.5 |

2023-01-07 21:55:57,597 - INFO -
| Epoch:    288 | Train loss: 0.1584 | Valid loss: 0.3870 | Train acc: 0.9185 | Valid acc: 0.7705 | patience: 256 | Epoch time: 0.5 |

2023-01-07 21:55:58,060 - INFO -
| Epoch:    289 | Train loss: 0.1580 | Valid loss: 0.3822 | Train acc: 0.9293 | Valid acc: 0.7541 | patience: 257 | Epoch time: 0.5 |

2023-01-07 21:55:58,523 - INFO -
| Epoch:    290 | Train loss: 0.1575 | Valid loss: 0.3817 | Train acc: 0.9185 | Valid acc: 0.7541 | patience: 258 | Epoch time: 0.5 |

2023-01-07 21:55:58,987 - INFO -
| Epoch:    291 | Train loss: 0.1578 | Valid loss: 0.3932 | Train acc: 0.9185 | Valid acc: 0.7705 | patience: 259 | Epoch time: 0.5 |

2023-01-07 21:55:59,450 - INFO -
| Epoch:    292 | Train loss: 0.1634 | Valid loss: 0.3774 | Train acc: 0.9239 | Valid acc: 0.7869 | patience: 260 | Epoch time: 0.5 |

2023-01-07 21:55:59,915 - INFO -
| Epoch:    293 | Train loss: 0.1648 | Valid loss: 0.3794 | Train acc: 0.9185 | Valid acc: 0.7705 | patience: 261 | Epoch time: 0.5 |

2023-01-07 21:56:00,378 - INFO -
| Epoch:    294 | Train loss: 0.1594 | Valid loss: 0.4007 | Train acc: 0.9185 | Valid acc: 0.7869 | patience: 262 | Epoch time: 0.5 |

2023-01-07 21:56:00,843 - INFO -
| Epoch:    295 | Train loss: 0.1720 | Valid loss: 0.3789 | Train acc: 0.9239 | Valid acc: 0.7705 | patience: 263 | Epoch time: 0.5 |

2023-01-07 21:56:01,307 - INFO -
| Epoch:    296 | Train loss: 0.1596 | Valid loss: 0.3784 | Train acc: 0.9185 | Valid acc: 0.7705 | patience: 264 | Epoch time: 0.5 |

2023-01-07 21:56:01,771 - INFO -
| Epoch:    297 | Train loss: 0.1605 | Valid loss: 0.3933 | Train acc: 0.9185 | Valid acc: 0.7705 | patience: 265 | Epoch time: 0.5 |

2023-01-07 21:56:02,235 - INFO -
| Epoch:    298 | Train loss: 0.1628 | Valid loss: 0.3842 | Train acc: 0.9185 | Valid acc: 0.7705 | patience: 266 | Epoch time: 0.5 |

2023-01-07 21:56:02,701 - INFO -
| Epoch:    299 | Train loss: 0.1581 | Valid loss: 0.3772 | Train acc: 0.9185 | Valid acc: 0.7705 | patience: 267 | Epoch time: 0.5 |

2023-01-07 21:56:03,168 - INFO -
| Epoch:    300 | Train loss: 0.1626 | Valid loss: 0.3872 | Train acc: 0.9185 | Valid acc: 0.7705 | patience: 268 | Epoch time: 0.5 |

2023-01-07 21:56:03,650 - INFO -
| Epoch:    301 | Train loss: 0.1582 | Valid loss: 0.3913 | Train acc: 0.9239 | Valid acc: 0.7705 | patience: 269 | Epoch time: 0.5 |

2023-01-07 21:56:04,129 - INFO -
| Epoch:    302 | Train loss: 0.1608 | Valid loss: 0.3789 | Train acc: 0.9185 | Valid acc: 0.7869 | patience: 270 | Epoch time: 0.5 |

2023-01-07 21:56:04,594 - INFO -
| Epoch:    303 | Train loss: 0.1619 | Valid loss: 0.3856 | Train acc: 0.9185 | Valid acc: 0.7705 | patience: 271 | Epoch time: 0.5 |

2023-01-07 21:56:05,058 - INFO -
| Epoch:    304 | Train loss: 0.1571 | Valid loss: 0.3903 | Train acc: 0.9239 | Valid acc: 0.7705 | patience: 272 | Epoch time: 0.5 |

2023-01-07 21:56:05,523 - INFO -
| Epoch:    305 | Train loss: 0.1601 | Valid loss: 0.3790 | Train acc: 0.9185 | Valid acc: 0.7869 | patience: 273 | Epoch time: 0.5 |

2023-01-07 21:56:05,988 - INFO -
| Epoch:    306 | Train loss: 0.1638 | Valid loss: 0.3885 | Train acc: 0.9185 | Valid acc: 0.7705 | patience: 274 | Epoch time: 0.5 |

2023-01-07 21:56:06,454 - INFO -
| Epoch:    307 | Train loss: 0.1584 | Valid loss: 0.3854 | Train acc: 0.9239 | Valid acc: 0.7705 | patience: 275 | Epoch time: 0.5 |

2023-01-07 21:56:06,919 - INFO -
| Epoch:    308 | Train loss: 0.1567 | Valid loss: 0.3783 | Train acc: 0.9239 | Valid acc: 0.7705 | patience: 276 | Epoch time: 0.5 |

2023-01-07 21:56:07,385 - INFO -
| Epoch:    309 | Train loss: 0.1607 | Valid loss: 0.3934 | Train acc: 0.9185 | Valid acc: 0.7705 | patience: 277 | Epoch time: 0.5 |

2023-01-07 21:56:07,856 - INFO -
| Epoch:    310 | Train loss: 0.1614 | Valid loss: 0.3847 | Train acc: 0.9239 | Valid acc: 0.7541 | patience: 278 | Epoch time: 0.5 |

2023-01-07 21:56:08,333 - INFO -
| Epoch:    311 | Train loss: 0.1569 | Valid loss: 0.3814 | Train acc: 0.9185 | Valid acc: 0.7705 | patience: 279 | Epoch time: 0.5 |

2023-01-07 21:56:08,814 - INFO -
| Epoch:    312 | Train loss: 0.1588 | Valid loss: 0.3915 | Train acc: 0.9185 | Valid acc: 0.7705 | patience: 280 | Epoch time: 0.5 |

2023-01-07 21:56:09,294 - INFO -
| Epoch:    313 | Train loss: 0.1584 | Valid loss: 0.3862 | Train acc: 0.9293 | Valid acc: 0.7541 | patience: 281 | Epoch time: 0.5 |

2023-01-07 21:56:09,773 - INFO -
| Epoch:    314 | Train loss: 0.1566 | Valid loss: 0.3863 | Train acc: 0.9239 | Valid acc: 0.7541 | patience: 282 | Epoch time: 0.5 |

2023-01-07 21:56:10,251 - INFO -
| Epoch:    315 | Train loss: 0.1562 | Valid loss: 0.3886 | Train acc: 0.9185 | Valid acc: 0.7705 | patience: 283 | Epoch time: 0.5 |

2023-01-07 21:56:10,729 - INFO -
| Epoch:    316 | Train loss: 0.1565 | Valid loss: 0.3846 | Train acc: 0.9239 | Valid acc: 0.7541 | patience: 284 | Epoch time: 0.5 |

2023-01-07 21:56:11,210 - INFO -
| Epoch:    317 | Train loss: 0.1575 | Valid loss: 0.3921 | Train acc: 0.9185 | Valid acc: 0.7705 | patience: 285 | Epoch time: 0.5 |

2023-01-07 21:56:11,691 - INFO -
| Epoch:    318 | Train loss: 0.1590 | Valid loss: 0.3828 | Train acc: 0.9239 | Valid acc: 0.7705 | patience: 286 | Epoch time: 0.5 |

2023-01-07 21:56:12,172 - INFO -
| Epoch:    319 | Train loss: 0.1587 | Valid loss: 0.3919 | Train acc: 0.9185 | Valid acc: 0.7705 | patience: 287 | Epoch time: 0.5 |

2023-01-07 21:56:12,645 - INFO -
| Epoch:    320 | Train loss: 0.1578 | Valid loss: 0.3859 | Train acc: 0.9293 | Valid acc: 0.7541 | patience: 288 | Epoch time: 0.5 |

2023-01-07 21:56:13,125 - INFO -
| Epoch:    321 | Train loss: 0.1567 | Valid loss: 0.3919 | Train acc: 0.9239 | Valid acc: 0.7705 | patience: 289 | Epoch time: 0.5 |

2023-01-07 21:56:13,606 - INFO -
| Epoch:    322 | Train loss: 0.1572 | Valid loss: 0.3867 | Train acc: 0.9293 | Valid acc: 0.7541 | patience: 290 | Epoch time: 0.5 |

2023-01-07 21:56:14,087 - INFO -
| Epoch:    323 | Train loss: 0.1567 | Valid loss: 0.3881 | Train acc: 0.9239 | Valid acc: 0.7541 | patience: 291 | Epoch time: 0.5 |

2023-01-07 21:56:14,567 - INFO -
| Epoch:    324 | Train loss: 0.1563 | Valid loss: 0.3909 | Train acc: 0.9239 | Valid acc: 0.7705 | patience: 292 | Epoch time: 0.5 |

2023-01-07 21:56:15,046 - INFO -
| Epoch:    325 | Train loss: 0.1566 | Valid loss: 0.3838 | Train acc: 0.9239 | Valid acc: 0.7705 | patience: 293 | Epoch time: 0.5 |

2023-01-07 21:56:15,525 - INFO -
| Epoch:    326 | Train loss: 0.1597 | Valid loss: 0.3947 | Train acc: 0.9185 | Valid acc: 0.7705 | patience: 294 | Epoch time: 0.5 |

2023-01-07 21:56:16,005 - INFO -
| Epoch:    327 | Train loss: 0.1597 | Valid loss: 0.3883 | Train acc: 0.9239 | Valid acc: 0.7541 | patience: 295 | Epoch time: 0.5 |

2023-01-07 21:56:16,488 - INFO -
| Epoch:    328 | Train loss: 0.1569 | Valid loss: 0.3892 | Train acc: 0.9239 | Valid acc: 0.7541 | patience: 296 | Epoch time: 0.5 |

2023-01-07 21:56:16,969 - INFO -
| Epoch:    329 | Train loss: 0.1562 | Valid loss: 0.3900 | Train acc: 0.9239 | Valid acc: 0.7705 | patience: 297 | Epoch time: 0.5 |

2023-01-07 21:56:17,449 - INFO -
| Epoch:    330 | Train loss: 0.1560 | Valid loss: 0.3892 | Train acc: 0.9239 | Valid acc: 0.7541 | patience: 298 | Epoch time: 0.5 |

2023-01-07 21:56:17,929 - INFO -
| Epoch:    331 | Train loss: 0.1561 | Valid loss: 0.3910 | Train acc: 0.9239 | Valid acc: 0.7705 | patience: 299 | Epoch time: 0.5 |

2023-01-07 21:56:18,408 - INFO -
| Epoch:    332 | Train loss: 0.1559 | Valid loss: 0.3902 | Train acc: 0.9239 | Valid acc: 0.7541 | patience: 300 | Epoch time: 0.5 |

2023-01-07 21:56:18,888 - INFO -
| Epoch:    333 | Train loss: 0.1561 | Valid loss: 0.3948 | Train acc: 0.9239 | Valid acc: 0.7705 | patience: 301 | Epoch time: 0.5 |

2023-01-07 21:56:19,368 - INFO -
| Epoch:    334 | Train loss: 0.1580 | Valid loss: 0.3850 | Train acc: 0.9185 | Valid acc: 0.7705 | patience: 302 | Epoch time: 0.5 |

2023-01-07 21:56:19,848 - INFO -
| Epoch:    335 | Train loss: 0.1611 | Valid loss: 0.3908 | Train acc: 0.9185 | Valid acc: 0.7705 | patience: 303 | Epoch time: 0.5 |

2023-01-07 21:56:20,330 - INFO -
| Epoch:    336 | Train loss: 0.1561 | Valid loss: 0.3954 | Train acc: 0.9239 | Valid acc: 0.7705 | patience: 304 | Epoch time: 0.5 |

2023-01-07 21:56:20,808 - INFO -
| Epoch:    337 | Train loss: 0.1595 | Valid loss: 0.3842 | Train acc: 0.9239 | Valid acc: 0.7869 | patience: 305 | Epoch time: 0.5 |

2023-01-07 21:56:21,285 - INFO -
| Epoch:    338 | Train loss: 0.1684 | Valid loss: 0.3900 | Train acc: 0.9130 | Valid acc: 0.7705 | patience: 306 | Epoch time: 0.5 |

2023-01-07 21:56:21,764 - INFO -
| Epoch:    339 | Train loss: 0.1568 | Valid loss: 0.4059 | Train acc: 0.9239 | Valid acc: 0.7869 | patience: 307 | Epoch time: 0.5 |

2023-01-07 21:56:22,242 - INFO -
| Epoch:    340 | Train loss: 0.1716 | Valid loss: 0.3871 | Train acc: 0.9239 | Valid acc: 0.7705 | patience: 308 | Epoch time: 0.5 |

2023-01-07 21:56:22,719 - INFO -
| Epoch:    341 | Train loss: 0.1606 | Valid loss: 0.3874 | Train acc: 0.9185 | Valid acc: 0.7705 | patience: 309 | Epoch time: 0.5 |

2023-01-07 21:56:23,194 - INFO -
| Epoch:    342 | Train loss: 0.1603 | Valid loss: 0.4004 | Train acc: 0.9185 | Valid acc: 0.7705 | patience: 310 | Epoch time: 0.5 |

2023-01-07 21:56:23,671 - INFO -
| Epoch:    343 | Train loss: 0.1635 | Valid loss: 0.3930 | Train acc: 0.9185 | Valid acc: 0.7705 | patience: 311 | Epoch time: 0.5 |

2023-01-07 21:56:24,148 - INFO -
| Epoch:    344 | Train loss: 0.1584 | Valid loss: 0.3858 | Train acc: 0.9239 | Valid acc: 0.7705 | patience: 312 | Epoch time: 0.5 |

2023-01-07 21:56:24,626 - INFO -
| Epoch:    345 | Train loss: 0.1620 | Valid loss: 0.3894 | Train acc: 0.9185 | Valid acc: 0.7541 | patience: 313 | Epoch time: 0.5 |

2023-01-07 21:56:25,103 - INFO -
| Epoch:    346 | Train loss: 0.1570 | Valid loss: 0.3959 | Train acc: 0.9239 | Valid acc: 0.7705 | patience: 314 | Epoch time: 0.5 |

2023-01-07 21:56:25,581 - INFO -
| Epoch:    347 | Train loss: 0.1597 | Valid loss: 0.3885 | Train acc: 0.9239 | Valid acc: 0.7541 | patience: 315 | Epoch time: 0.5 |

2023-01-07 21:56:26,060 - INFO -
| Epoch:    348 | Train loss: 0.1568 | Valid loss: 0.3878 | Train acc: 0.9185 | Valid acc: 0.7541 | patience: 316 | Epoch time: 0.5 |

2023-01-07 21:56:26,538 - INFO -
| Epoch:    349 | Train loss: 0.1576 | Valid loss: 0.4009 | Train acc: 0.9185 | Valid acc: 0.7869 | patience: 317 | Epoch time: 0.5 |

2023-01-07 21:56:27,014 - INFO -
| Epoch:    350 | Train loss: 0.1686 | Valid loss: 0.3870 | Train acc: 0.9239 | Valid acc: 0.7541 | patience: 318 | Epoch time: 0.5 |

2023-01-07 21:56:27,491 - INFO -
| Epoch:    351 | Train loss: 0.1585 | Valid loss: 0.3906 | Train acc: 0.9185 | Valid acc: 0.7541 | patience: 319 | Epoch time: 0.5 |

2023-01-07 21:56:27,968 - INFO -
| Epoch:    352 | Train loss: 0.1562 | Valid loss: 0.3957 | Train acc: 0.9239 | Valid acc: 0.7705 | patience: 320 | Epoch time: 0.5 |

2023-01-07 21:56:28,444 - INFO -
| Epoch:    353 | Train loss: 0.1586 | Valid loss: 0.3879 | Train acc: 0.9185 | Valid acc: 0.7705 | patience: 321 | Epoch time: 0.5 |

2023-01-07 21:56:28,922 - INFO -
| Epoch:    354 | Train loss: 0.1572 | Valid loss: 0.3878 | Train acc: 0.9185 | Valid acc: 0.7705 | patience: 322 | Epoch time: 0.5 |

2023-01-07 21:56:29,400 - INFO -
| Epoch:    355 | Train loss: 0.1572 | Valid loss: 0.3965 | Train acc: 0.9185 | Valid acc: 0.7705 | patience: 323 | Epoch time: 0.5 |

2023-01-07 21:56:29,878 - INFO -
| Epoch:    356 | Train loss: 0.1595 | Valid loss: 0.3880 | Train acc: 0.9239 | Valid acc: 0.7705 | patience: 324 | Epoch time: 0.5 |

2023-01-07 21:56:30,355 - INFO -
| Epoch:    357 | Train loss: 0.1575 | Valid loss: 0.3884 | Train acc: 0.9185 | Valid acc: 0.7705 | patience: 325 | Epoch time: 0.5 |

2023-01-07 21:56:30,833 - INFO -
| Epoch:    358 | Train loss: 0.1571 | Valid loss: 0.3974 | Train acc: 0.9185 | Valid acc: 0.7705 | patience: 326 | Epoch time: 0.5 |

2023-01-07 21:56:31,311 - INFO -
| Epoch:    359 | Train loss: 0.1595 | Valid loss: 0.3887 | Train acc: 0.9239 | Valid acc: 0.7705 | patience: 327 | Epoch time: 0.5 |

2023-01-07 21:56:31,787 - INFO -
| Epoch:    360 | Train loss: 0.1569 | Valid loss: 0.3899 | Train acc: 0.9185 | Valid acc: 0.7541 | patience: 328 | Epoch time: 0.5 |

2023-01-07 21:56:32,265 - INFO -
| Epoch:    361 | Train loss: 0.1561 | Valid loss: 0.3979 | Train acc: 0.9239 | Valid acc: 0.7705 | patience: 329 | Epoch time: 0.5 |

2023-01-07 21:56:32,743 - INFO -
| Epoch:    362 | Train loss: 0.1617 | Valid loss: 0.3843 | Train acc: 0.9185 | Valid acc: 0.7869 | patience: 330 | Epoch time: 0.5 |

2023-01-07 21:56:33,218 - INFO -
| Epoch:    363 | Train loss: 0.1644 | Valid loss: 0.3909 | Train acc: 0.9185 | Valid acc: 0.7541 | patience: 331 | Epoch time: 0.5 |

2023-01-07 21:56:33,693 - INFO -
| Epoch:    364 | Train loss: 0.1558 | Valid loss: 0.4041 | Train acc: 0.9239 | Valid acc: 0.7869 | patience: 332 | Epoch time: 0.5 |

2023-01-07 21:56:34,172 - INFO -
| Epoch:    365 | Train loss: 0.1690 | Valid loss: 0.3875 | Train acc: 0.9239 | Valid acc: 0.7705 | patience: 333 | Epoch time: 0.5 |

2023-01-07 21:56:34,649 - INFO -
| Epoch:    366 | Train loss: 0.1615 | Valid loss: 0.3893 | Train acc: 0.9185 | Valid acc: 0.7705 | patience: 334 | Epoch time: 0.5 |

2023-01-07 21:56:35,125 - INFO -
| Epoch:    367 | Train loss: 0.1610 | Valid loss: 0.4041 | Train acc: 0.9185 | Valid acc: 0.7705 | patience: 335 | Epoch time: 0.5 |

2023-01-07 21:56:35,600 - INFO -
| Epoch:    368 | Train loss: 0.1646 | Valid loss: 0.3991 | Train acc: 0.9239 | Valid acc: 0.7705 | patience: 336 | Epoch time: 0.5 |

2023-01-07 21:56:36,077 - INFO -
| Epoch:    369 | Train loss: 0.1597 | Valid loss: 0.3896 | Train acc: 0.9185 | Valid acc: 0.7869 | patience: 337 | Epoch time: 0.5 |

2023-01-07 21:56:36,553 - INFO -
| Epoch:    370 | Train loss: 0.1642 | Valid loss: 0.3913 | Train acc: 0.9185 | Valid acc: 0.7705 | patience: 338 | Epoch time: 0.5 |

2023-01-07 21:56:37,030 - INFO -
| Epoch:    371 | Train loss: 0.1592 | Valid loss: 0.4064 | Train acc: 0.9185 | Valid acc: 0.7869 | patience: 339 | Epoch time: 0.5 |

2023-01-07 21:56:37,507 - INFO -
| Epoch:    372 | Train loss: 0.1673 | Valid loss: 0.3935 | Train acc: 0.9239 | Valid acc: 0.7541 | patience: 340 | Epoch time: 0.5 |

2023-01-07 21:56:37,985 - INFO -
| Epoch:    373 | Train loss: 0.1572 | Valid loss: 0.3894 | Train acc: 0.9185 | Valid acc: 0.7869 | patience: 341 | Epoch time: 0.5 |

2023-01-07 21:56:38,463 - INFO -
| Epoch:    374 | Train loss: 0.1671 | Valid loss: 0.4000 | Train acc: 0.9130 | Valid acc: 0.7705 | patience: 342 | Epoch time: 0.5 |

2023-01-07 21:56:38,940 - INFO -
| Epoch:    375 | Train loss: 0.1596 | Valid loss: 0.4002 | Train acc: 0.9185 | Valid acc: 0.7705 | patience: 343 | Epoch time: 0.5 |

2023-01-07 21:56:39,417 - INFO -
| Epoch:    376 | Train loss: 0.1601 | Valid loss: 0.3882 | Train acc: 0.9185 | Valid acc: 0.7869 | patience: 344 | Epoch time: 0.5 |

2023-01-07 21:56:39,893 - INFO -
| Epoch:    377 | Train loss: 0.1618 | Valid loss: 0.3915 | Train acc: 0.9185 | Valid acc: 0.7541 | patience: 345 | Epoch time: 0.5 |

2023-01-07 21:56:40,370 - INFO -
| Epoch:    378 | Train loss: 0.1562 | Valid loss: 0.4035 | Train acc: 0.9185 | Valid acc: 0.7705 | patience: 346 | Epoch time: 0.5 |

2023-01-07 21:56:40,846 - INFO -
| Epoch:    379 | Train loss: 0.1664 | Valid loss: 0.3895 | Train acc: 0.9239 | Valid acc: 0.7705 | patience: 347 | Epoch time: 0.5 |

2023-01-07 21:56:41,319 - INFO -
| Epoch:    380 | Train loss: 0.1582 | Valid loss: 0.3908 | Train acc: 0.9185 | Valid acc: 0.7705 | patience: 348 | Epoch time: 0.5 |

2023-01-07 21:56:41,788 - INFO -
| Epoch:    381 | Train loss: 0.1572 | Valid loss: 0.4006 | Train acc: 0.9185 | Valid acc: 0.7705 | patience: 349 | Epoch time: 0.5 |

2023-01-07 21:56:42,253 - INFO -
| Epoch:    382 | Train loss: 0.1603 | Valid loss: 0.3945 | Train acc: 0.9239 | Valid acc: 0.7705 | patience: 350 | Epoch time: 0.5 |

2023-01-07 21:56:42,717 - INFO -
| Epoch:    383 | Train loss: 0.1563 | Valid loss: 0.3901 | Train acc: 0.9239 | Valid acc: 0.7705 | patience: 351 | Epoch time: 0.5 |

2023-01-07 21:56:43,181 - INFO -
| Epoch:    384 | Train loss: 0.1606 | Valid loss: 0.3990 | Train acc: 0.9185 | Valid acc: 0.7705 | patience: 352 | Epoch time: 0.5 |

2023-01-07 21:56:43,644 - INFO -
| Epoch:    385 | Train loss: 0.1577 | Valid loss: 0.3980 | Train acc: 0.9185 | Valid acc: 0.7705 | patience: 353 | Epoch time: 0.5 |

2023-01-07 21:56:44,107 - INFO -
| Epoch:    386 | Train loss: 0.1569 | Valid loss: 0.3886 | Train acc: 0.9185 | Valid acc: 0.7869 | patience: 354 | Epoch time: 0.5 |

2023-01-07 21:56:44,571 - INFO -
| Epoch:    387 | Train loss: 0.1631 | Valid loss: 0.3953 | Train acc: 0.9185 | Valid acc: 0.7705 | patience: 355 | Epoch time: 0.5 |

2023-01-07 21:56:45,035 - INFO -
| Epoch:    388 | Train loss: 0.1557 | Valid loss: 0.4055 | Train acc: 0.9239 | Valid acc: 0.7705 | patience: 356 | Epoch time: 0.5 |

2023-01-07 21:56:45,499 - INFO -
| Epoch:    389 | Train loss: 0.1664 | Valid loss: 0.3900 | Train acc: 0.9239 | Valid acc: 0.7869 | patience: 357 | Epoch time: 0.5 |

2023-01-07 21:56:45,962 - INFO -
| Epoch:    390 | Train loss: 0.1635 | Valid loss: 0.3933 | Train acc: 0.9185 | Valid acc: 0.7705 | patience: 358 | Epoch time: 0.5 |

2023-01-07 21:56:46,425 - INFO -
| Epoch:    391 | Train loss: 0.1595 | Valid loss: 0.4097 | Train acc: 0.9185 | Valid acc: 0.7541 | patience: 359 | Epoch time: 0.5 |

2023-01-07 21:56:46,889 - INFO -
| Epoch:    392 | Train loss: 0.1679 | Valid loss: 0.3994 | Train acc: 0.9239 | Valid acc: 0.7705 | patience: 360 | Epoch time: 0.5 |

2023-01-07 21:56:47,352 - INFO -
| Epoch:    393 | Train loss: 0.1564 | Valid loss: 0.3937 | Train acc: 0.9185 | Valid acc: 0.7869 | patience: 361 | Epoch time: 0.5 |

2023-01-07 21:56:47,816 - INFO -
| Epoch:    394 | Train loss: 0.1681 | Valid loss: 0.4031 | Train acc: 0.9185 | Valid acc: 0.7705 | patience: 362 | Epoch time: 0.5 |

2023-01-07 21:56:48,279 - INFO -
| Epoch:    395 | Train loss: 0.1586 | Valid loss: 0.4062 | Train acc: 0.9185 | Valid acc: 0.7705 | patience: 363 | Epoch time: 0.5 |

2023-01-07 21:56:48,743 - INFO -
| Epoch:    396 | Train loss: 0.1620 | Valid loss: 0.3952 | Train acc: 0.9130 | Valid acc: 0.7705 | patience: 364 | Epoch time: 0.5 |

2023-01-07 21:56:49,206 - INFO -
| Epoch:    397 | Train loss: 0.1584 | Valid loss: 0.3945 | Train acc: 0.9185 | Valid acc: 0.7705 | patience: 365 | Epoch time: 0.5 |

2023-01-07 21:56:49,669 - INFO -
| Epoch:    398 | Train loss: 0.1576 | Valid loss: 0.4016 | Train acc: 0.9185 | Valid acc: 0.7705 | patience: 366 | Epoch time: 0.5 |

2023-01-07 21:56:50,133 - INFO -
| Epoch:    399 | Train loss: 0.1579 | Valid loss: 0.3985 | Train acc: 0.9185 | Valid acc: 0.7705 | patience: 367 | Epoch time: 0.5 |

2023-01-07 21:56:50,599 - INFO -
| Epoch:    400 | Train loss: 0.1556 | Valid loss: 0.3922 | Train acc: 0.9239 | Valid acc: 0.7705 | patience: 368 | Epoch time: 0.5 |

2023-01-07 21:56:51,078 - INFO -
| Epoch:    401 | Train loss: 0.1590 | Valid loss: 0.4012 | Train acc: 0.9185 | Valid acc: 0.7705 | patience: 369 | Epoch time: 0.5 |

2023-01-07 21:56:51,559 - INFO -
| Epoch:    402 | Train loss: 0.1572 | Valid loss: 0.3971 | Train acc: 0.9185 | Valid acc: 0.7541 | patience: 370 | Epoch time: 0.5 |

2023-01-07 21:56:52,027 - INFO -
| Epoch:    403 | Train loss: 0.1549 | Valid loss: 0.3983 | Train acc: 0.9239 | Valid acc: 0.7705 | patience: 371 | Epoch time: 0.5 |

2023-01-07 21:56:52,491 - INFO -
| Epoch:    404 | Train loss: 0.1549 | Valid loss: 0.3992 | Train acc: 0.9239 | Valid acc: 0.7705 | patience: 372 | Epoch time: 0.5 |

2023-01-07 21:56:52,955 - INFO -
| Epoch:    405 | Train loss: 0.1549 | Valid loss: 0.3989 | Train acc: 0.9239 | Valid acc: 0.7705 | patience: 373 | Epoch time: 0.5 |

2023-01-07 21:56:53,420 - INFO -
| Epoch:    406 | Train loss: 0.1548 | Valid loss: 0.3964 | Train acc: 0.9239 | Valid acc: 0.7541 | patience: 374 | Epoch time: 0.5 |

2023-01-07 21:56:53,885 - INFO -
| Epoch:    407 | Train loss: 0.1554 | Valid loss: 0.4016 | Train acc: 0.9239 | Valid acc: 0.7705 | patience: 375 | Epoch time: 0.5 |

2023-01-07 21:56:54,351 - INFO -
| Epoch:    408 | Train loss: 0.1573 | Valid loss: 0.3957 | Train acc: 0.9239 | Valid acc: 0.7541 | patience: 376 | Epoch time: 0.5 |

2023-01-07 21:56:54,817 - INFO -
| Epoch:    409 | Train loss: 0.1565 | Valid loss: 0.4000 | Train acc: 0.9239 | Valid acc: 0.7705 | patience: 377 | Epoch time: 0.5 |

2023-01-07 21:56:55,284 - INFO -
| Epoch:    410 | Train loss: 0.1550 | Valid loss: 0.4044 | Train acc: 0.9239 | Valid acc: 0.7705 | patience: 378 | Epoch time: 0.5 |

2023-01-07 21:56:55,751 - INFO -
| Epoch:    411 | Train loss: 0.1574 | Valid loss: 0.3957 | Train acc: 0.9239 | Valid acc: 0.7869 | patience: 379 | Epoch time: 0.5 |

2023-01-07 21:56:56,217 - INFO -
| Epoch:    412 | Train loss: 0.1612 | Valid loss: 0.4013 | Train acc: 0.9185 | Valid acc: 0.7541 | patience: 380 | Epoch time: 0.5 |

2023-01-07 21:56:56,688 - INFO -
| Epoch:    413 | Train loss: 0.1556 | Valid loss: 0.4103 | Train acc: 0.9239 | Valid acc: 0.7705 | patience: 381 | Epoch time: 0.5 |

2023-01-07 21:56:57,167 - INFO -
| Epoch:    414 | Train loss: 0.1630 | Valid loss: 0.4002 | Train acc: 0.9185 | Valid acc: 0.7705 | patience: 382 | Epoch time: 0.5 |

2023-01-07 21:56:57,650 - INFO -
| Epoch:    415 | Train loss: 0.1584 | Valid loss: 0.4021 | Train acc: 0.9185 | Valid acc: 0.7705 | patience: 383 | Epoch time: 0.5 |

2023-01-07 21:56:58,130 - INFO -
| Epoch:    416 | Train loss: 0.1573 | Valid loss: 0.4110 | Train acc: 0.9185 | Valid acc: 0.7705 | patience: 384 | Epoch time: 0.5 |

2023-01-07 21:56:58,611 - INFO -
| Epoch:    417 | Train loss: 0.1607 | Valid loss: 0.4058 | Train acc: 0.9130 | Valid acc: 0.7705 | patience: 385 | Epoch time: 0.5 |

2023-01-07 21:56:59,090 - INFO -
| Epoch:    418 | Train loss: 0.1563 | Valid loss: 0.4011 | Train acc: 0.9239 | Valid acc: 0.7705 | patience: 386 | Epoch time: 0.5 |

2023-01-07 21:56:59,568 - INFO -
| Epoch:    419 | Train loss: 0.1600 | Valid loss: 0.4049 | Train acc: 0.9185 | Valid acc: 0.7705 | patience: 387 | Epoch time: 0.5 |

2023-01-07 21:57:00,048 - INFO -
| Epoch:    420 | Train loss: 0.1556 | Valid loss: 0.4124 | Train acc: 0.9239 | Valid acc: 0.7705 | patience: 388 | Epoch time: 0.5 |

2023-01-07 21:57:00,530 - INFO -
| Epoch:    421 | Train loss: 0.1625 | Valid loss: 0.3990 | Train acc: 0.9185 | Valid acc: 0.7869 | patience: 389 | Epoch time: 0.5 |

2023-01-07 21:57:01,010 - INFO -
| Epoch:    422 | Train loss: 0.1631 | Valid loss: 0.4008 | Train acc: 0.9185 | Valid acc: 0.7705 | patience: 390 | Epoch time: 0.5 |

2023-01-07 21:57:01,487 - INFO -
| Epoch:    423 | Train loss: 0.1600 | Valid loss: 0.4169 | Train acc: 0.9185 | Valid acc: 0.7705 | patience: 391 | Epoch time: 0.5 |

2023-01-07 21:57:01,968 - INFO -
| Epoch:    424 | Train loss: 0.1678 | Valid loss: 0.4057 | Train acc: 0.9239 | Valid acc: 0.7541 | patience: 392 | Epoch time: 0.5 |

2023-01-07 21:57:02,449 - INFO -
| Epoch:    425 | Train loss: 0.1557 | Valid loss: 0.4012 | Train acc: 0.9239 | Valid acc: 0.7869 | patience: 393 | Epoch time: 0.5 |

2023-01-07 21:57:02,930 - INFO -
| Epoch:    426 | Train loss: 0.1648 | Valid loss: 0.4119 | Train acc: 0.9185 | Valid acc: 0.7705 | patience: 394 | Epoch time: 0.5 |

2023-01-07 21:57:03,411 - INFO -
| Epoch:    427 | Train loss: 0.1592 | Valid loss: 0.4110 | Train acc: 0.9185 | Valid acc: 0.7705 | patience: 395 | Epoch time: 0.5 |

2023-01-07 21:57:03,890 - INFO -
| Epoch:    428 | Train loss: 0.1587 | Valid loss: 0.4016 | Train acc: 0.9185 | Valid acc: 0.7705 | patience: 396 | Epoch time: 0.5 |

2023-01-07 21:57:04,371 - INFO -
| Epoch:    429 | Train loss: 0.1612 | Valid loss: 0.4025 | Train acc: 0.9185 | Valid acc: 0.7705 | patience: 397 | Epoch time: 0.5 |

2023-01-07 21:57:04,852 - INFO -
| Epoch:    430 | Train loss: 0.1579 | Valid loss: 0.4123 | Train acc: 0.9185 | Valid acc: 0.7705 | patience: 398 | Epoch time: 0.5 |

2023-01-07 21:57:05,332 - INFO -
| Epoch:    431 | Train loss: 0.1615 | Valid loss: 0.4033 | Train acc: 0.9239 | Valid acc: 0.7705 | patience: 399 | Epoch time: 0.5 |

2023-01-07 21:57:05,812 - INFO -
| Epoch:    432 | Train loss: 0.1563 | Valid loss: 0.4007 | Train acc: 0.9185 | Valid acc: 0.7705 | patience: 400 | Epoch time: 0.5 |

2023-01-07 21:57:06,291 - INFO -
| Epoch:    433 | Train loss: 0.1621 | Valid loss: 0.4110 | Train acc: 0.9185 | Valid acc: 0.7705 | patience: 401 | Epoch time: 0.5 |

2023-01-07 21:57:06,769 - INFO -
| Epoch:    434 | Train loss: 0.1581 | Valid loss: 0.4085 | Train acc: 0.9185 | Valid acc: 0.7705 | patience: 402 | Epoch time: 0.5 |

2023-01-07 21:57:07,248 - INFO -
| Epoch:    435 | Train loss: 0.1559 | Valid loss: 0.4014 | Train acc: 0.9185 | Valid acc: 0.7705 | patience: 403 | Epoch time: 0.5 |

2023-01-07 21:57:07,728 - INFO -
| Epoch:    436 | Train loss: 0.1587 | Valid loss: 0.4044 | Train acc: 0.9185 | Valid acc: 0.7541 | patience: 404 | Epoch time: 0.5 |

2023-01-07 21:57:08,208 - INFO -
| Epoch:    437 | Train loss: 0.1547 | Valid loss: 0.4094 | Train acc: 0.9239 | Valid acc: 0.7705 | patience: 405 | Epoch time: 0.5 |

2023-01-07 21:57:08,687 - INFO -
| Epoch:    438 | Train loss: 0.1593 | Valid loss: 0.3983 | Train acc: 0.9239 | Valid acc: 0.7869 | patience: 406 | Epoch time: 0.5 |

2023-01-07 21:57:09,165 - INFO -
| Epoch:    439 | Train loss: 0.1623 | Valid loss: 0.4019 | Train acc: 0.9185 | Valid acc: 0.7541 | patience: 407 | Epoch time: 0.5 |

2023-01-07 21:57:09,642 - INFO -
| Epoch:    440 | Train loss: 0.1564 | Valid loss: 0.4175 | Train acc: 0.9185 | Valid acc: 0.7705 | patience: 408 | Epoch time: 0.5 |

2023-01-07 21:57:10,119 - INFO -
| Epoch:    441 | Train loss: 0.1685 | Valid loss: 0.4055 | Train acc: 0.9239 | Valid acc: 0.7705 | patience: 409 | Epoch time: 0.5 |

2023-01-07 21:57:10,597 - INFO -
| Epoch:    442 | Train loss: 0.1559 | Valid loss: 0.4039 | Train acc: 0.9185 | Valid acc: 0.7705 | patience: 410 | Epoch time: 0.5 |

2023-01-07 21:57:11,074 - INFO -
| Epoch:    443 | Train loss: 0.1604 | Valid loss: 0.4117 | Train acc: 0.9185 | Valid acc: 0.7705 | patience: 411 | Epoch time: 0.5 |

2023-01-07 21:57:11,552 - INFO -
| Epoch:    444 | Train loss: 0.1575 | Valid loss: 0.4123 | Train acc: 0.9185 | Valid acc: 0.7705 | patience: 412 | Epoch time: 0.5 |

2023-01-07 21:57:12,030 - INFO -
| Epoch:    445 | Train loss: 0.1586 | Valid loss: 0.4041 | Train acc: 0.9185 | Valid acc: 0.7705 | patience: 413 | Epoch time: 0.5 |

2023-01-07 21:57:12,508 - INFO -
| Epoch:    446 | Train loss: 0.1586 | Valid loss: 0.4035 | Train acc: 0.9185 | Valid acc: 0.7705 | patience: 414 | Epoch time: 0.5 |

2023-01-07 21:57:12,986 - INFO -
| Epoch:    447 | Train loss: 0.1593 | Valid loss: 0.4096 | Train acc: 0.9185 | Valid acc: 0.7705 | patience: 415 | Epoch time: 0.5 |

2023-01-07 21:57:13,462 - INFO -
| Epoch:    448 | Train loss: 0.1558 | Valid loss: 0.4125 | Train acc: 0.9185 | Valid acc: 0.7705 | patience: 416 | Epoch time: 0.5 |

2023-01-07 21:57:13,937 - INFO -
| Epoch:    449 | Train loss: 0.1570 | Valid loss: 0.4047 | Train acc: 0.9185 | Valid acc: 0.7705 | patience: 417 | Epoch time: 0.5 |

2023-01-07 21:57:14,414 - INFO -
| Epoch:    450 | Train loss: 0.1594 | Valid loss: 0.4082 | Train acc: 0.9185 | Valid acc: 0.7541 | patience: 418 | Epoch time: 0.5 |

2023-01-07 21:57:14,890 - INFO -
| Epoch:    451 | Train loss: 0.1552 | Valid loss: 0.4172 | Train acc: 0.9239 | Valid acc: 0.7705 | patience: 419 | Epoch time: 0.5 |

2023-01-07 21:57:15,367 - INFO -
| Epoch:    452 | Train loss: 0.1630 | Valid loss: 0.4058 | Train acc: 0.9130 | Valid acc: 0.7705 | patience: 420 | Epoch time: 0.5 |

2023-01-07 21:57:15,843 - INFO -
| Epoch:    453 | Train loss: 0.1566 | Valid loss: 0.4057 | Train acc: 0.9185 | Valid acc: 0.7705 | patience: 421 | Epoch time: 0.5 |

2023-01-07 21:57:16,321 - INFO -
| Epoch:    454 | Train loss: 0.1562 | Valid loss: 0.4149 | Train acc: 0.9185 | Valid acc: 0.7705 | patience: 422 | Epoch time: 0.5 |

2023-01-07 21:57:16,798 - INFO -
| Epoch:    455 | Train loss: 0.1617 | Valid loss: 0.4061 | Train acc: 0.9185 | Valid acc: 0.7705 | patience: 423 | Epoch time: 0.5 |

2023-01-07 21:57:17,277 - INFO -
| Epoch:    456 | Train loss: 0.1569 | Valid loss: 0.4065 | Train acc: 0.9185 | Valid acc: 0.7705 | patience: 424 | Epoch time: 0.5 |

2023-01-07 21:57:17,755 - INFO -
| Epoch:    457 | Train loss: 0.1572 | Valid loss: 0.4135 | Train acc: 0.9185 | Valid acc: 0.7705 | patience: 425 | Epoch time: 0.5 |

2023-01-07 21:57:18,232 - INFO -
| Epoch:    458 | Train loss: 0.1571 | Valid loss: 0.4148 | Train acc: 0.9185 | Valid acc: 0.7705 | patience: 426 | Epoch time: 0.5 |

2023-01-07 21:57:18,709 - INFO -
| Epoch:    459 | Train loss: 0.1578 | Valid loss: 0.4072 | Train acc: 0.9185 | Valid acc: 0.7705 | patience: 427 | Epoch time: 0.5 |

2023-01-07 21:57:19,186 - INFO -
| Epoch:    460 | Train loss: 0.1585 | Valid loss: 0.4079 | Train acc: 0.9185 | Valid acc: 0.7541 | patience: 428 | Epoch time: 0.5 |

2023-01-07 21:57:19,663 - INFO -
| Epoch:    461 | Train loss: 0.1557 | Valid loss: 0.4171 | Train acc: 0.9185 | Valid acc: 0.7705 | patience: 429 | Epoch time: 0.5 |

2023-01-07 21:57:20,141 - INFO -
| Epoch:    462 | Train loss: 0.1631 | Valid loss: 0.4075 | Train acc: 0.9185 | Valid acc: 0.7541 | patience: 430 | Epoch time: 0.5 |

2023-01-07 21:57:20,619 - INFO -
| Epoch:    463 | Train loss: 0.1544 | Valid loss: 0.4049 | Train acc: 0.9239 | Valid acc: 0.7541 | patience: 431 | Epoch time: 0.5 |

2023-01-07 21:57:21,097 - INFO -
| Epoch:    464 | Train loss: 0.1576 | Valid loss: 0.4124 | Train acc: 0.9185 | Valid acc: 0.7705 | patience: 432 | Epoch time: 0.5 |

2023-01-07 21:57:21,574 - INFO -
| Epoch:    465 | Train loss: 0.1581 | Valid loss: 0.4088 | Train acc: 0.9185 | Valid acc: 0.7705 | patience: 433 | Epoch time: 0.5 |

2023-01-07 21:57:22,053 - INFO -
| Epoch:    466 | Train loss: 0.1543 | Valid loss: 0.4067 | Train acc: 0.9239 | Valid acc: 0.7705 | patience: 434 | Epoch time: 0.5 |

2023-01-07 21:57:22,531 - INFO -
| Epoch:    467 | Train loss: 0.1572 | Valid loss: 0.4119 | Train acc: 0.9185 | Valid acc: 0.7705 | patience: 435 | Epoch time: 0.5 |

2023-01-07 21:57:23,010 - INFO -
| Epoch:    468 | Train loss: 0.1548 | Valid loss: 0.4171 | Train acc: 0.9185 | Valid acc: 0.7705 | patience: 436 | Epoch time: 0.5 |

2023-01-07 21:57:23,487 - INFO -
| Epoch:    469 | Train loss: 0.1602 | Valid loss: 0.4049 | Train acc: 0.9130 | Valid acc: 0.7705 | patience: 437 | Epoch time: 0.5 |

2023-01-07 21:57:23,965 - INFO -
| Epoch:    470 | Train loss: 0.1627 | Valid loss: 0.4077 | Train acc: 0.9185 | Valid acc: 0.7705 | patience: 438 | Epoch time: 0.5 |

2023-01-07 21:57:24,442 - INFO -
| Epoch:    471 | Train loss: 0.1570 | Valid loss: 0.4199 | Train acc: 0.9185 | Valid acc: 0.7541 | patience: 439 | Epoch time: 0.5 |

2023-01-07 21:57:24,917 - INFO -
| Epoch:    472 | Train loss: 0.1647 | Valid loss: 0.4101 | Train acc: 0.9185 | Valid acc: 0.7541 | patience: 440 | Epoch time: 0.5 |

2023-01-07 21:57:25,394 - INFO -
| Epoch:    473 | Train loss: 0.1551 | Valid loss: 0.4052 | Train acc: 0.9239 | Valid acc: 0.7705 | patience: 441 | Epoch time: 0.5 |

2023-01-07 21:57:25,872 - INFO -
| Epoch:    474 | Train loss: 0.1616 | Valid loss: 0.4106 | Train acc: 0.9185 | Valid acc: 0.7705 | patience: 442 | Epoch time: 0.5 |

2023-01-07 21:57:26,350 - INFO -
| Epoch:    475 | Train loss: 0.1552 | Valid loss: 0.4140 | Train acc: 0.9185 | Valid acc: 0.7705 | patience: 443 | Epoch time: 0.5 |

2023-01-07 21:57:26,827 - INFO -
| Epoch:    476 | Train loss: 0.1577 | Valid loss: 0.4070 | Train acc: 0.9185 | Valid acc: 0.7705 | patience: 444 | Epoch time: 0.5 |

2023-01-07 21:57:27,305 - INFO -
| Epoch:    477 | Train loss: 0.1557 | Valid loss: 0.4058 | Train acc: 0.9185 | Valid acc: 0.7705 | patience: 445 | Epoch time: 0.5 |

2023-01-07 21:57:27,782 - INFO -
| Epoch:    478 | Train loss: 0.1567 | Valid loss: 0.4157 | Train acc: 0.9185 | Valid acc: 0.7705 | patience: 446 | Epoch time: 0.5 |

2023-01-07 21:57:28,258 - INFO -
| Epoch:    479 | Train loss: 0.1601 | Valid loss: 0.4061 | Train acc: 0.9130 | Valid acc: 0.7541 | patience: 447 | Epoch time: 0.5 |

2023-01-07 21:57:28,735 - INFO -
| Epoch:    480 | Train loss: 0.1554 | Valid loss: 0.4066 | Train acc: 0.9185 | Valid acc: 0.7541 | patience: 448 | Epoch time: 0.5 |

2023-01-07 21:57:29,211 - INFO -
| Epoch:    481 | Train loss: 0.1552 | Valid loss: 0.4179 | Train acc: 0.9185 | Valid acc: 0.7705 | patience: 449 | Epoch time: 0.5 |

2023-01-07 21:57:29,687 - INFO -
| Epoch:    482 | Train loss: 0.1629 | Valid loss: 0.4085 | Train acc: 0.9130 | Valid acc: 0.7541 | patience: 450 | Epoch time: 0.5 |

2023-01-07 21:57:30,162 - INFO -
| Epoch:    483 | Train loss: 0.1550 | Valid loss: 0.4070 | Train acc: 0.9185 | Valid acc: 0.7705 | patience: 451 | Epoch time: 0.5 |

2023-01-07 21:57:30,636 - INFO -
| Epoch:    484 | Train loss: 0.1589 | Valid loss: 0.4166 | Train acc: 0.9185 | Valid acc: 0.7705 | patience: 452 | Epoch time: 0.5 |

2023-01-07 21:57:31,106 - INFO -
| Epoch:    485 | Train loss: 0.1585 | Valid loss: 0.4113 | Train acc: 0.9185 | Valid acc: 0.7541 | patience: 453 | Epoch time: 0.5 |

2023-01-07 21:57:31,573 - INFO -
| Epoch:    486 | Train loss: 0.1546 | Valid loss: 0.4080 | Train acc: 0.9239 | Valid acc: 0.7705 | patience: 454 | Epoch time: 0.5 |

2023-01-07 21:57:32,038 - INFO -
| Epoch:    487 | Train loss: 0.1586 | Valid loss: 0.4136 | Train acc: 0.9185 | Valid acc: 0.7705 | patience: 455 | Epoch time: 0.5 |

2023-01-07 21:57:32,501 - INFO -
| Epoch:    488 | Train loss: 0.1550 | Valid loss: 0.4176 | Train acc: 0.9185 | Valid acc: 0.7705 | patience: 456 | Epoch time: 0.5 |

2023-01-07 21:57:32,965 - INFO -
| Epoch:    489 | Train loss: 0.1582 | Valid loss: 0.4070 | Train acc: 0.9185 | Valid acc: 0.7705 | patience: 457 | Epoch time: 0.5 |

2023-01-07 21:57:33,429 - INFO -
| Epoch:    490 | Train loss: 0.1614 | Valid loss: 0.4104 | Train acc: 0.9185 | Valid acc: 0.7541 | patience: 458 | Epoch time: 0.5 |

2023-01-07 21:57:33,893 - INFO -
| Epoch:    491 | Train loss: 0.1551 | Valid loss: 0.4184 | Train acc: 0.9185 | Valid acc: 0.7705 | patience: 459 | Epoch time: 0.5 |

2023-01-07 21:57:34,358 - INFO -
| Epoch:    492 | Train loss: 0.1591 | Valid loss: 0.4094 | Train acc: 0.9185 | Valid acc: 0.7705 | patience: 460 | Epoch time: 0.5 |

2023-01-07 21:57:34,822 - INFO -
| Epoch:    493 | Train loss: 0.1572 | Valid loss: 0.4099 | Train acc: 0.9185 | Valid acc: 0.7705 | patience: 461 | Epoch time: 0.5 |

2023-01-07 21:57:35,285 - INFO -
| Epoch:    494 | Train loss: 0.1566 | Valid loss: 0.4190 | Train acc: 0.9185 | Valid acc: 0.7705 | patience: 462 | Epoch time: 0.5 |

2023-01-07 21:57:35,750 - INFO -
| Epoch:    495 | Train loss: 0.1595 | Valid loss: 0.4131 | Train acc: 0.9185 | Valid acc: 0.7541 | patience: 463 | Epoch time: 0.5 |

2023-01-07 21:57:36,214 - INFO -
| Epoch:    496 | Train loss: 0.1544 | Valid loss: 0.4077 | Train acc: 0.9239 | Valid acc: 0.7705 | patience: 464 | Epoch time: 0.5 |

2023-01-07 21:57:36,678 - INFO -
| Epoch:    497 | Train loss: 0.1597 | Valid loss: 0.4124 | Train acc: 0.9185 | Valid acc: 0.7705 | patience: 465 | Epoch time: 0.5 |

2023-01-07 21:57:37,142 - INFO -
| Epoch:    498 | Train loss: 0.1542 | Valid loss: 0.4139 | Train acc: 0.9185 | Valid acc: 0.7705 | patience: 466 | Epoch time: 0.5 |

2023-01-07 21:57:37,607 - INFO -
| Epoch:    499 | Train loss: 0.1555 | Valid loss: 0.4086 | Train acc: 0.9185 | Valid acc: 0.7541 | patience: 467 | Epoch time: 0.5 |

2023-01-07 21:57:38,071 - INFO -
| Epoch:    500 | Train loss: 0.1549 | Valid loss: 0.4103 | Train acc: 0.9239 | Valid acc: 0.7541 | patience: 468 | Epoch time: 0.5 |

2023-01-07 21:57:38,534 - INFO -
| Epoch:    501 | Train loss: 0.1540 | Valid loss: 0.4134 | Train acc: 0.9239 | Valid acc: 0.7705 | patience: 469 | Epoch time: 0.5 |

2023-01-07 21:57:38,998 - INFO -
| Epoch:    502 | Train loss: 0.1543 | Valid loss: 0.4104 | Train acc: 0.9185 | Valid acc: 0.7541 | patience: 470 | Epoch time: 0.5 |

2023-01-07 21:57:39,462 - INFO -
| Epoch:    503 | Train loss: 0.1539 | Valid loss: 0.4112 | Train acc: 0.9239 | Valid acc: 0.7541 | patience: 471 | Epoch time: 0.5 |

2023-01-07 21:57:39,928 - INFO -
| Epoch:    504 | Train loss: 0.1539 | Valid loss: 0.4147 | Train acc: 0.9239 | Valid acc: 0.7705 | patience: 472 | Epoch time: 0.5 |

2023-01-07 21:57:40,393 - INFO -
| Epoch:    505 | Train loss: 0.1551 | Valid loss: 0.4114 | Train acc: 0.9185 | Valid acc: 0.7541 | patience: 473 | Epoch time: 0.5 |

2023-01-07 21:57:40,859 - INFO -
| Epoch:    506 | Train loss: 0.1548 | Valid loss: 0.4134 | Train acc: 0.9185 | Valid acc: 0.7541 | patience: 474 | Epoch time: 0.5 |

2023-01-07 21:57:41,330 - INFO -
| Epoch:    507 | Train loss: 0.1537 | Valid loss: 0.4180 | Train acc: 0.9239 | Valid acc: 0.7705 | patience: 475 | Epoch time: 0.5 |

2023-01-07 21:57:41,807 - INFO -
| Epoch:    508 | Train loss: 0.1571 | Valid loss: 0.4105 | Train acc: 0.9185 | Valid acc: 0.7705 | patience: 476 | Epoch time: 0.5 |

2023-01-07 21:57:42,275 - INFO -
| Epoch:    509 | Train loss: 0.1573 | Valid loss: 0.4124 | Train acc: 0.9185 | Valid acc: 0.7541 | patience: 477 | Epoch time: 0.5 |

2023-01-07 21:57:42,740 - INFO -
| Epoch:    510 | Train loss: 0.1549 | Valid loss: 0.4208 | Train acc: 0.9239 | Valid acc: 0.7705 | patience: 478 | Epoch time: 0.5 |

2023-01-07 21:57:43,207 - INFO -
| Epoch:    511 | Train loss: 0.1591 | Valid loss: 0.4123 | Train acc: 0.9185 | Valid acc: 0.7705 | patience: 479 | Epoch time: 0.5 |

2023-01-07 21:57:43,673 - INFO -
| Epoch:    512 | Train loss: 0.1565 | Valid loss: 0.4128 | Train acc: 0.9185 | Valid acc: 0.7705 | patience: 480 | Epoch time: 0.5 |

2023-01-07 21:57:44,137 - INFO -
| Epoch:    513 | Train loss: 0.1564 | Valid loss: 0.4232 | Train acc: 0.9185 | Valid acc: 0.7705 | patience: 481 | Epoch time: 0.5 |

2023-01-07 21:57:44,601 - INFO -
| Epoch:    514 | Train loss: 0.1607 | Valid loss: 0.4145 | Train acc: 0.9185 | Valid acc: 0.7541 | patience: 482 | Epoch time: 0.5 |

2023-01-07 21:57:45,064 - INFO -
| Epoch:    515 | Train loss: 0.1546 | Valid loss: 0.4119 | Train acc: 0.9185 | Valid acc: 0.7705 | patience: 483 | Epoch time: 0.5 |

2023-01-07 21:57:45,530 - INFO -
| Epoch:    516 | Train loss: 0.1579 | Valid loss: 0.4173 | Train acc: 0.9185 | Valid acc: 0.7705 | patience: 484 | Epoch time: 0.5 |

2023-01-07 21:57:46,004 - INFO -
| Epoch:    517 | Train loss: 0.1548 | Valid loss: 0.4196 | Train acc: 0.9185 | Valid acc: 0.7705 | patience: 485 | Epoch time: 0.5 |

2023-01-07 21:57:46,484 - INFO -
| Epoch:    518 | Train loss: 0.1575 | Valid loss: 0.4105 | Train acc: 0.9185 | Valid acc: 0.7705 | patience: 486 | Epoch time: 0.5 |

2023-01-07 21:57:46,964 - INFO -
| Epoch:    519 | Train loss: 0.1589 | Valid loss: 0.4127 | Train acc: 0.9185 | Valid acc: 0.7705 | patience: 487 | Epoch time: 0.5 |

2023-01-07 21:57:47,442 - INFO -
| Epoch:    520 | Train loss: 0.1556 | Valid loss: 0.4216 | Train acc: 0.9185 | Valid acc: 0.7705 | patience: 488 | Epoch time: 0.5 |

2023-01-07 21:57:47,919 - INFO -
| Epoch:    521 | Train loss: 0.1591 | Valid loss: 0.4152 | Train acc: 0.9185 | Valid acc: 0.7541 | patience: 489 | Epoch time: 0.5 |

2023-01-07 21:57:48,397 - INFO -
| Epoch:    522 | Train loss: 0.1543 | Valid loss: 0.4131 | Train acc: 0.9185 | Valid acc: 0.7705 | patience: 490 | Epoch time: 0.5 |

2023-01-07 21:57:48,877 - INFO -
| Epoch:    523 | Train loss: 0.1555 | Valid loss: 0.4175 | Train acc: 0.9185 | Valid acc: 0.7705 | patience: 491 | Epoch time: 0.5 |

2023-01-07 21:57:49,355 - INFO -
| Epoch:    524 | Train loss: 0.1548 | Valid loss: 0.4143 | Train acc: 0.9185 | Valid acc: 0.7541 | patience: 492 | Epoch time: 0.5 |

2023-01-07 21:57:49,834 - INFO -
| Epoch:    525 | Train loss: 0.1536 | Valid loss: 0.4113 | Train acc: 0.9239 | Valid acc: 0.7541 | patience: 493 | Epoch time: 0.5 |

2023-01-07 21:57:50,310 - INFO -
| Epoch:    526 | Train loss: 0.1546 | Valid loss: 0.4154 | Train acc: 0.9239 | Valid acc: 0.7705 | patience: 494 | Epoch time: 0.5 |

2023-01-07 21:57:50,787 - INFO -
| Epoch:    527 | Train loss: 0.1540 | Valid loss: 0.4156 | Train acc: 0.9185 | Valid acc: 0.7705 | patience: 495 | Epoch time: 0.5 |

2023-01-07 21:57:51,265 - INFO -
| Epoch:    528 | Train loss: 0.1536 | Valid loss: 0.4139 | Train acc: 0.9185 | Valid acc: 0.7541 | patience: 496 | Epoch time: 0.5 |

2023-01-07 21:57:51,743 - INFO -
| Epoch:    529 | Train loss: 0.1542 | Valid loss: 0.4157 | Train acc: 0.9239 | Valid acc: 0.7541 | patience: 497 | Epoch time: 0.5 |

2023-01-07 21:57:52,222 - INFO -
| Epoch:    530 | Train loss: 0.1536 | Valid loss: 0.4190 | Train acc: 0.9239 | Valid acc: 0.7705 | patience: 498 | Epoch time: 0.5 |

2023-01-07 21:57:52,700 - INFO -
| Epoch:    531 | Train loss: 0.1548 | Valid loss: 0.4157 | Train acc: 0.9185 | Valid acc: 0.7541 | patience: 499 | Epoch time: 0.5 |

2023-01-07 21:57:53,178 - INFO -
| Epoch:    532 | Train loss: 0.1532 | Valid loss: 0.4158 | Train acc: 0.9239 | Valid acc: 0.7541 | patience: 500 | Epoch time: 0.5 |

2023-01-07 21:57:53,657 - INFO -
Early stop.

2023-01-07 21:57:53,669 - INFO -
Training if finished.

