2023-01-29 20:59:36,383 - INFO -
gmin                0.01
gmax                10.0
T                   0.1
m                   0.3
ACT_eta1            0.134
ACT_eta2            0.962
ACT_eta3            0.183
ACT_eta4            24.1
NEG_eta1            -0.104
NEG_eta2            0.899
NEG_eta3            -0.056
NEG_eta4            3.858
hidden              [3]
SEED                9
DEVICE              cuda
TIMELIMITATION      45
PATIENCE            500
EPOCH               10000000000
DATASET             11
LR                  0.1
PROGRESSIVE         False
LR_PATIENCE         100
LR_DECAY            0.5
LR_MIN              0.0001
MODE                aging
M_train             50
K_train             10
M_test              500
K_test              500
t_test_max          10
integration         MC
VARIATION           False
N_train             1
e_train             0.0
N_test              100
e_test              0.1
projectname         ICCAD_2022
temppath            ./ICCAD_2022/temp/
logfilepath         ./ICCAD_2022/log/
recording           False
recordpath          ./ICCAD_2022/record/
savepath            ./ICCAD_2022/models/
loglevel            info


2023-01-29 20:59:36,383 - INFO -
Training network on device: cuda.

2023-01-29 20:59:36,383 - INFO -
Training setup: vertebralcolumn2clases_9_aging_0.0_1_MC.

2023-01-29 20:59:36,383 - INFO -
Dataset "vertebralcolumn2clases" has 6 input features and 2 classes. There are 184 training examples, 61 valid examples, and 63 test examples in the dataset.

2023-01-29 20:59:36,383 - INFO -
Topology of the network: [6, 3, 2].

2023-01-29 21:00:06,377 - INFO -
| Epoch:      0 | Train loss: 0.7885 | Valid loss: 0.7918 | Train acc: 0.5077 | Valid acc: 0.5133 | patience:   0 | Epoch time: 29.8 |

2023-01-29 21:00:35,847 - INFO -
| Epoch:      1 | Train loss: 0.7021 | Valid loss: 0.6594 | Train acc: 0.5595 | Valid acc: 0.6547 | patience:   0 | Epoch time: 29.5 |

2023-01-29 21:01:05,356 - INFO -
| Epoch:      2 | Train loss: 0.6041 | Valid loss: 0.6725 | Train acc: 0.6956 | Valid acc: 0.6680 | patience:   1 | Epoch time: 29.5 |

2023-01-29 21:01:34,868 - INFO -
| Epoch:      3 | Train loss: 0.6172 | Valid loss: 0.6880 | Train acc: 0.6957 | Valid acc: 0.6652 | patience:   2 | Epoch time: 29.5 |

2023-01-29 21:02:04,397 - INFO -
| Epoch:      4 | Train loss: 0.6389 | Valid loss: 0.6827 | Train acc: 0.6943 | Valid acc: 0.6721 | patience:   3 | Epoch time: 29.5 |

2023-01-29 21:02:33,948 - INFO -
| Epoch:      5 | Train loss: 0.6251 | Valid loss: 0.6758 | Train acc: 0.6946 | Valid acc: 0.6692 | patience:   4 | Epoch time: 29.6 |

2023-01-29 21:03:03,472 - INFO -
| Epoch:      6 | Train loss: 0.6494 | Valid loss: 0.6625 | Train acc: 0.6775 | Valid acc: 0.6539 | patience:   5 | Epoch time: 29.5 |

2023-01-29 21:03:33,016 - INFO -
| Epoch:      7 | Train loss: 0.6239 | Valid loss: 0.6474 | Train acc: 0.6902 | Valid acc: 0.6626 | patience:   0 | Epoch time: 29.5 |

2023-01-29 21:04:02,575 - INFO -
| Epoch:      8 | Train loss: 0.6172 | Valid loss: 0.6779 | Train acc: 0.6716 | Valid acc: 0.6495 | patience:   1 | Epoch time: 29.6 |

2023-01-29 21:04:32,464 - INFO -
| Epoch:      9 | Train loss: 0.6212 | Valid loss: 0.6642 | Train acc: 0.6647 | Valid acc: 0.6443 | patience:   2 | Epoch time: 29.9 |

2023-01-29 21:05:01,991 - INFO -
| Epoch:     10 | Train loss: 0.6091 | Valid loss: 0.6530 | Train acc: 0.6676 | Valid acc: 0.6516 | patience:   3 | Epoch time: 29.5 |

2023-01-29 21:05:31,525 - INFO -
| Epoch:     11 | Train loss: 0.6203 | Valid loss: 0.6273 | Train acc: 0.6827 | Valid acc: 0.6600 | patience:   0 | Epoch time: 29.5 |

2023-01-29 21:06:01,063 - INFO -
| Epoch:     12 | Train loss: 0.6031 | Valid loss: 0.6461 | Train acc: 0.6891 | Valid acc: 0.6673 | patience:   1 | Epoch time: 29.5 |

2023-01-29 21:06:30,618 - INFO -
| Epoch:     13 | Train loss: 0.6064 | Valid loss: 0.6347 | Train acc: 0.6878 | Valid acc: 0.6711 | patience:   2 | Epoch time: 29.6 |

2023-01-29 21:07:00,164 - INFO -
| Epoch:     14 | Train loss: 0.5803 | Valid loss: 0.6499 | Train acc: 0.6858 | Valid acc: 0.6660 | patience:   3 | Epoch time: 29.5 |

2023-01-29 21:07:29,695 - INFO -
| Epoch:     15 | Train loss: 0.5851 | Valid loss: 0.6286 | Train acc: 0.6826 | Valid acc: 0.6697 | patience:   4 | Epoch time: 29.5 |

2023-01-29 21:07:59,230 - INFO -
| Epoch:     16 | Train loss: 0.5995 | Valid loss: 0.6380 | Train acc: 0.6833 | Valid acc: 0.6269 | patience:   5 | Epoch time: 29.5 |

2023-01-29 21:08:28,748 - INFO -
| Epoch:     17 | Train loss: 0.5645 | Valid loss: 0.6216 | Train acc: 0.6710 | Valid acc: 0.6427 | patience:   0 | Epoch time: 29.5 |

2023-01-29 21:08:58,300 - INFO -
| Epoch:     18 | Train loss: 0.6013 | Valid loss: 0.6098 | Train acc: 0.6581 | Valid acc: 0.6651 | patience:   0 | Epoch time: 29.6 |

2023-01-29 21:09:27,848 - INFO -
| Epoch:     19 | Train loss: 0.5851 | Valid loss: 0.6380 | Train acc: 0.6873 | Valid acc: 0.6583 | patience:   1 | Epoch time: 29.5 |

2023-01-29 21:09:57,377 - INFO -
| Epoch:     20 | Train loss: 0.5993 | Valid loss: 0.6202 | Train acc: 0.6792 | Valid acc: 0.6735 | patience:   2 | Epoch time: 29.5 |

2023-01-29 21:10:26,918 - INFO -
| Epoch:     21 | Train loss: 0.5690 | Valid loss: 0.6416 | Train acc: 0.6905 | Valid acc: 0.6723 | patience:   3 | Epoch time: 29.5 |

2023-01-29 21:10:56,469 - INFO -
| Epoch:     22 | Train loss: 0.5985 | Valid loss: 0.6190 | Train acc: 0.6957 | Valid acc: 0.6695 | patience:   4 | Epoch time: 29.6 |

2023-01-29 21:11:25,999 - INFO -
| Epoch:     23 | Train loss: 0.5700 | Valid loss: 0.5786 | Train acc: 0.6957 | Valid acc: 0.6687 | patience:   0 | Epoch time: 29.5 |

2023-01-29 21:11:55,538 - INFO -
| Epoch:     24 | Train loss: 0.5503 | Valid loss: 0.5435 | Train acc: 0.6932 | Valid acc: 0.6808 | patience:   0 | Epoch time: 29.5 |

2023-01-29 21:12:25,093 - INFO -
| Epoch:     25 | Train loss: 0.5319 | Valid loss: 0.5322 | Train acc: 0.6942 | Valid acc: 0.6896 | patience:   0 | Epoch time: 29.6 |

2023-01-29 21:12:54,658 - INFO -
| Epoch:     26 | Train loss: 0.5241 | Valid loss: 0.5019 | Train acc: 0.6954 | Valid acc: 0.6884 | patience:   0 | Epoch time: 29.6 |

2023-01-29 21:13:24,241 - INFO -
| Epoch:     27 | Train loss: 0.4465 | Valid loss: 0.4793 | Train acc: 0.7117 | Valid acc: 0.7209 | patience:   0 | Epoch time: 29.6 |

2023-01-29 21:13:53,795 - INFO -
| Epoch:     28 | Train loss: 0.4713 | Valid loss: 0.4976 | Train acc: 0.6927 | Valid acc: 0.7303 | patience:   1 | Epoch time: 29.6 |

2023-01-29 21:14:23,353 - INFO -
| Epoch:     29 | Train loss: 0.4957 | Valid loss: 0.4363 | Train acc: 0.6979 | Valid acc: 0.7509 | patience:   0 | Epoch time: 29.6 |

2023-01-29 21:14:53,237 - INFO -
| Epoch:     30 | Train loss: 0.4578 | Valid loss: 0.4726 | Train acc: 0.7405 | Valid acc: 0.7395 | patience:   1 | Epoch time: 29.9 |

2023-01-29 21:15:22,787 - INFO -
| Epoch:     31 | Train loss: 0.4817 | Valid loss: 0.4933 | Train acc: 0.7277 | Valid acc: 0.7443 | patience:   2 | Epoch time: 29.5 |

2023-01-29 21:15:52,336 - INFO -
| Epoch:     32 | Train loss: 0.4784 | Valid loss: 0.4278 | Train acc: 0.7397 | Valid acc: 0.7590 | patience:   0 | Epoch time: 29.5 |

2023-01-29 21:16:21,903 - INFO -
| Epoch:     33 | Train loss: 0.4741 | Valid loss: 0.4143 | Train acc: 0.7494 | Valid acc: 0.7531 | patience:   0 | Epoch time: 29.6 |

2023-01-29 21:16:51,442 - INFO -
| Epoch:     34 | Train loss: 0.4408 | Valid loss: 0.4090 | Train acc: 0.7536 | Valid acc: 0.7892 | patience:   0 | Epoch time: 29.5 |

2023-01-29 21:17:20,987 - INFO -
| Epoch:     35 | Train loss: 0.4665 | Valid loss: 0.4266 | Train acc: 0.7366 | Valid acc: 0.7710 | patience:   1 | Epoch time: 29.5 |

2023-01-29 21:17:50,550 - INFO -
| Epoch:     36 | Train loss: 0.4239 | Valid loss: 0.4315 | Train acc: 0.7580 | Valid acc: 0.7667 | patience:   2 | Epoch time: 29.6 |

2023-01-29 21:18:20,102 - INFO -
| Epoch:     37 | Train loss: 0.4191 | Valid loss: 0.4530 | Train acc: 0.7707 | Valid acc: 0.7550 | patience:   3 | Epoch time: 29.6 |

2023-01-29 21:18:49,645 - INFO -
| Epoch:     38 | Train loss: 0.4364 | Valid loss: 0.4610 | Train acc: 0.7625 | Valid acc: 0.7546 | patience:   4 | Epoch time: 29.5 |

2023-01-29 21:19:19,197 - INFO -
| Epoch:     39 | Train loss: 0.4198 | Valid loss: 0.4199 | Train acc: 0.7604 | Valid acc: 0.7570 | patience:   5 | Epoch time: 29.6 |

2023-01-29 21:19:48,747 - INFO -
| Epoch:     40 | Train loss: 0.4164 | Valid loss: 0.3907 | Train acc: 0.7686 | Valid acc: 0.7790 | patience:   0 | Epoch time: 29.5 |

2023-01-29 21:20:18,292 - INFO -
| Epoch:     41 | Train loss: 0.4025 | Valid loss: 0.3420 | Train acc: 0.7749 | Valid acc: 0.8088 | patience:   0 | Epoch time: 29.5 |

2023-01-29 21:20:47,836 - INFO -
| Epoch:     42 | Train loss: 0.4131 | Valid loss: 0.4248 | Train acc: 0.7644 | Valid acc: 0.7626 | patience:   1 | Epoch time: 29.5 |

2023-01-29 21:21:17,369 - INFO -
| Epoch:     43 | Train loss: 0.3909 | Valid loss: 0.3904 | Train acc: 0.7813 | Valid acc: 0.7828 | patience:   2 | Epoch time: 29.5 |

2023-01-29 21:21:46,918 - INFO -
| Epoch:     44 | Train loss: 0.3865 | Valid loss: 0.4088 | Train acc: 0.7848 | Valid acc: 0.7809 | patience:   3 | Epoch time: 29.5 |

2023-01-29 21:22:16,464 - INFO -
| Epoch:     45 | Train loss: 0.3971 | Valid loss: 0.4845 | Train acc: 0.7919 | Valid acc: 0.7573 | patience:   4 | Epoch time: 29.5 |

2023-01-29 21:22:46,011 - INFO -
| Epoch:     46 | Train loss: 0.4341 | Valid loss: 0.4473 | Train acc: 0.7828 | Valid acc: 0.7540 | patience:   5 | Epoch time: 29.5 |

2023-01-29 21:23:15,550 - INFO -
| Epoch:     47 | Train loss: 0.3866 | Valid loss: 0.4194 | Train acc: 0.7709 | Valid acc: 0.7810 | patience:   6 | Epoch time: 29.5 |

2023-01-29 21:23:45,092 - INFO -
| Epoch:     48 | Train loss: 0.3969 | Valid loss: 0.3999 | Train acc: 0.8067 | Valid acc: 0.7619 | patience:   7 | Epoch time: 29.5 |

2023-01-29 21:24:14,631 - INFO -
| Epoch:     49 | Train loss: 0.3337 | Valid loss: 0.3950 | Train acc: 0.8111 | Valid acc: 0.7900 | patience:   8 | Epoch time: 29.5 |

2023-01-29 21:24:44,189 - INFO -
| Epoch:     50 | Train loss: 0.3669 | Valid loss: 0.4189 | Train acc: 0.7865 | Valid acc: 0.7811 | patience:   9 | Epoch time: 29.6 |

2023-01-29 21:25:14,089 - INFO -
| Epoch:     51 | Train loss: 0.3679 | Valid loss: 0.4062 | Train acc: 0.8081 | Valid acc: 0.7938 | patience:  10 | Epoch time: 29.9 |

2023-01-29 21:25:43,608 - INFO -
| Epoch:     52 | Train loss: 0.3801 | Valid loss: 0.3912 | Train acc: 0.8022 | Valid acc: 0.7830 | patience:  11 | Epoch time: 29.5 |

2023-01-29 21:26:13,136 - INFO -
| Epoch:     53 | Train loss: 0.3345 | Valid loss: 0.4571 | Train acc: 0.8048 | Valid acc: 0.7803 | patience:  12 | Epoch time: 29.5 |

2023-01-29 21:26:42,674 - INFO -
| Epoch:     54 | Train loss: 0.3563 | Valid loss: 0.4226 | Train acc: 0.8021 | Valid acc: 0.7677 | patience:  13 | Epoch time: 29.5 |

2023-01-29 21:27:12,220 - INFO -
| Epoch:     55 | Train loss: 0.3682 | Valid loss: 0.4254 | Train acc: 0.8064 | Valid acc: 0.7751 | patience:  14 | Epoch time: 29.5 |

2023-01-29 21:27:41,759 - INFO -
| Epoch:     56 | Train loss: 0.3507 | Valid loss: 0.4234 | Train acc: 0.8113 | Valid acc: 0.7857 | patience:  15 | Epoch time: 29.5 |

2023-01-29 21:28:11,306 - INFO -
| Epoch:     57 | Train loss: 0.3343 | Valid loss: 0.4067 | Train acc: 0.8067 | Valid acc: 0.7793 | patience:  16 | Epoch time: 29.5 |

2023-01-29 21:28:40,839 - INFO -
| Epoch:     58 | Train loss: 0.3277 | Valid loss: 0.4147 | Train acc: 0.8117 | Valid acc: 0.7885 | patience:  17 | Epoch time: 29.5 |

2023-01-29 21:29:10,375 - INFO -
| Epoch:     59 | Train loss: 0.3631 | Valid loss: 0.3671 | Train acc: 0.8020 | Valid acc: 0.7803 | patience:  18 | Epoch time: 29.5 |

2023-01-29 21:29:39,921 - INFO -
| Epoch:     60 | Train loss: 0.3501 | Valid loss: 0.3922 | Train acc: 0.8036 | Valid acc: 0.7880 | patience:  19 | Epoch time: 29.5 |

2023-01-29 21:30:09,488 - INFO -
| Epoch:     61 | Train loss: 0.3500 | Valid loss: 0.3868 | Train acc: 0.7990 | Valid acc: 0.7811 | patience:  20 | Epoch time: 29.6 |

2023-01-29 21:30:39,057 - INFO -
| Epoch:     62 | Train loss: 0.4056 | Valid loss: 0.4011 | Train acc: 0.8140 | Valid acc: 0.7664 | patience:  21 | Epoch time: 29.6 |

2023-01-29 21:31:08,629 - INFO -
| Epoch:     63 | Train loss: 0.3526 | Valid loss: 0.4030 | Train acc: 0.7961 | Valid acc: 0.7796 | patience:  22 | Epoch time: 29.6 |

2023-01-29 21:31:38,188 - INFO -
| Epoch:     64 | Train loss: 0.3378 | Valid loss: 0.3757 | Train acc: 0.8135 | Valid acc: 0.7805 | patience:  23 | Epoch time: 29.6 |

2023-01-29 21:32:07,753 - INFO -
| Epoch:     65 | Train loss: 0.3365 | Valid loss: 0.3745 | Train acc: 0.8070 | Valid acc: 0.7855 | patience:  24 | Epoch time: 29.6 |

2023-01-29 21:32:37,290 - INFO -
| Epoch:     66 | Train loss: 0.3142 | Valid loss: 0.3978 | Train acc: 0.8221 | Valid acc: 0.7800 | patience:  25 | Epoch time: 29.5 |

2023-01-29 21:33:06,858 - INFO -
| Epoch:     67 | Train loss: 0.3534 | Valid loss: 0.3955 | Train acc: 0.8258 | Valid acc: 0.7919 | patience:  26 | Epoch time: 29.6 |

2023-01-29 21:33:36,404 - INFO -
| Epoch:     68 | Train loss: 0.3509 | Valid loss: 0.3712 | Train acc: 0.8310 | Valid acc: 0.7862 | patience:  27 | Epoch time: 29.5 |

2023-01-29 21:34:05,932 - INFO -
| Epoch:     69 | Train loss: 0.3119 | Valid loss: 0.3854 | Train acc: 0.8160 | Valid acc: 0.7828 | patience:  28 | Epoch time: 29.5 |

2023-01-29 21:34:35,502 - INFO -
| Epoch:     70 | Train loss: 0.3332 | Valid loss: 0.4174 | Train acc: 0.8261 | Valid acc: 0.7652 | patience:  29 | Epoch time: 29.6 |

2023-01-29 21:35:05,053 - INFO -
| Epoch:     71 | Train loss: 0.3591 | Valid loss: 0.3972 | Train acc: 0.8112 | Valid acc: 0.7740 | patience:  30 | Epoch time: 29.6 |

2023-01-29 21:35:34,611 - INFO -
| Epoch:     72 | Train loss: 0.3359 | Valid loss: 0.4033 | Train acc: 0.8203 | Valid acc: 0.7843 | patience:  31 | Epoch time: 29.6 |

2023-01-29 21:36:04,172 - INFO -
| Epoch:     73 | Train loss: 0.3310 | Valid loss: 0.3924 | Train acc: 0.8099 | Valid acc: 0.7878 | patience:  32 | Epoch time: 29.6 |

2023-01-29 21:36:33,732 - INFO -
| Epoch:     74 | Train loss: 0.3222 | Valid loss: 0.3640 | Train acc: 0.8290 | Valid acc: 0.7926 | patience:  33 | Epoch time: 29.6 |

2023-01-29 21:37:03,282 - INFO -
| Epoch:     75 | Train loss: 0.3704 | Valid loss: 0.3789 | Train acc: 0.8216 | Valid acc: 0.7906 | patience:  34 | Epoch time: 29.5 |

2023-01-29 21:37:32,818 - INFO -
| Epoch:     76 | Train loss: 0.3406 | Valid loss: 0.3954 | Train acc: 0.8116 | Valid acc: 0.7845 | patience:  35 | Epoch time: 29.5 |

2023-01-29 21:38:02,376 - INFO -
| Epoch:     77 | Train loss: 0.3186 | Valid loss: 0.3787 | Train acc: 0.8242 | Valid acc: 0.7807 | patience:  36 | Epoch time: 29.6 |

2023-01-29 21:38:31,920 - INFO -
| Epoch:     78 | Train loss: 0.3504 | Valid loss: 0.3865 | Train acc: 0.8076 | Valid acc: 0.7856 | patience:  37 | Epoch time: 29.5 |

2023-01-29 21:39:01,450 - INFO -
| Epoch:     79 | Train loss: 0.3408 | Valid loss: 0.3826 | Train acc: 0.8345 | Valid acc: 0.7896 | patience:  38 | Epoch time: 29.5 |

2023-01-29 21:39:30,985 - INFO -
| Epoch:     80 | Train loss: 0.3371 | Valid loss: 0.3706 | Train acc: 0.8181 | Valid acc: 0.7854 | patience:  39 | Epoch time: 29.5 |

2023-01-29 21:40:00,545 - INFO -
| Epoch:     81 | Train loss: 0.3269 | Valid loss: 0.3741 | Train acc: 0.8185 | Valid acc: 0.7869 | patience:  40 | Epoch time: 29.6 |

2023-01-29 21:40:30,096 - INFO -
| Epoch:     82 | Train loss: 0.3095 | Valid loss: 0.3564 | Train acc: 0.8277 | Valid acc: 0.7972 | patience:  41 | Epoch time: 29.6 |

2023-01-29 21:40:59,636 - INFO -
| Epoch:     83 | Train loss: 0.3567 | Valid loss: 0.3624 | Train acc: 0.8164 | Valid acc: 0.7882 | patience:  42 | Epoch time: 29.5 |

2023-01-29 21:41:29,184 - INFO -
| Epoch:     84 | Train loss: 0.3399 | Valid loss: 0.3914 | Train acc: 0.8229 | Valid acc: 0.7808 | patience:  43 | Epoch time: 29.5 |

2023-01-29 21:41:58,734 - INFO -
| Epoch:     85 | Train loss: 0.3312 | Valid loss: 0.3673 | Train acc: 0.8339 | Valid acc: 0.7866 | patience:  44 | Epoch time: 29.6 |

2023-01-29 21:42:28,302 - INFO -
| Epoch:     86 | Train loss: 0.3250 | Valid loss: 0.3958 | Train acc: 0.8258 | Valid acc: 0.7849 | patience:  45 | Epoch time: 29.6 |

2023-01-29 21:42:57,863 - INFO -
| Epoch:     87 | Train loss: 0.3217 | Valid loss: 0.3742 | Train acc: 0.8277 | Valid acc: 0.7868 | patience:  46 | Epoch time: 29.6 |

2023-01-29 21:43:27,755 - INFO -
| Epoch:     88 | Train loss: 0.3318 | Valid loss: 0.3801 | Train acc: 0.8142 | Valid acc: 0.7938 | patience:  47 | Epoch time: 29.9 |

2023-01-29 21:43:57,297 - INFO -
| Epoch:     89 | Train loss: 0.3096 | Valid loss: 0.3880 | Train acc: 0.8285 | Valid acc: 0.7923 | patience:  48 | Epoch time: 29.5 |

2023-01-29 21:44:26,829 - INFO -
| Epoch:     90 | Train loss: 0.3122 | Valid loss: 0.3852 | Train acc: 0.8290 | Valid acc: 0.7915 | patience:  49 | Epoch time: 29.5 |

2023-01-29 21:44:56,373 - INFO -
| Epoch:     91 | Train loss: 0.3007 | Valid loss: 0.3711 | Train acc: 0.8218 | Valid acc: 0.7919 | patience:  50 | Epoch time: 29.5 |

2023-01-29 21:45:25,902 - INFO -
| Epoch:     92 | Train loss: 0.3353 | Valid loss: 0.3778 | Train acc: 0.8353 | Valid acc: 0.7867 | patience:  51 | Epoch time: 29.5 |

2023-01-29 21:45:55,431 - INFO -
| Epoch:     93 | Train loss: 0.3362 | Valid loss: 0.3806 | Train acc: 0.8312 | Valid acc: 0.7919 | patience:  52 | Epoch time: 29.5 |

2023-01-29 21:46:24,970 - INFO -
| Epoch:     94 | Train loss: 0.3022 | Valid loss: 0.3927 | Train acc: 0.8310 | Valid acc: 0.7866 | patience:  53 | Epoch time: 29.5 |

2023-01-29 21:46:54,509 - INFO -
| Epoch:     95 | Train loss: 0.3140 | Valid loss: 0.3868 | Train acc: 0.8251 | Valid acc: 0.7842 | patience:  54 | Epoch time: 29.5 |

2023-01-29 21:47:24,070 - INFO -
| Epoch:     96 | Train loss: 0.3060 | Valid loss: 0.3757 | Train acc: 0.8253 | Valid acc: 0.7766 | patience:  55 | Epoch time: 29.6 |

2023-01-29 21:47:53,616 - INFO -
| Epoch:     97 | Train loss: 0.3129 | Valid loss: 0.3891 | Train acc: 0.8213 | Valid acc: 0.7842 | patience:  56 | Epoch time: 29.5 |

2023-01-29 21:48:23,179 - INFO -
| Epoch:     98 | Train loss: 0.3415 | Valid loss: 0.3770 | Train acc: 0.8340 | Valid acc: 0.7870 | patience:  57 | Epoch time: 29.6 |

2023-01-29 21:48:52,726 - INFO -
| Epoch:     99 | Train loss: 0.2976 | Valid loss: 0.3710 | Train acc: 0.8343 | Valid acc: 0.7900 | patience:  58 | Epoch time: 29.5 |

2023-01-29 21:49:22,259 - INFO -
| Epoch:    100 | Train loss: 0.3134 | Valid loss: 0.3845 | Train acc: 0.8277 | Valid acc: 0.7854 | patience:  59 | Epoch time: 29.5 |

2023-01-29 21:49:51,791 - INFO -
| Epoch:    101 | Train loss: 0.2954 | Valid loss: 0.3701 | Train acc: 0.8282 | Valid acc: 0.7928 | patience:  60 | Epoch time: 29.5 |

2023-01-29 21:50:21,323 - INFO -
| Epoch:    102 | Train loss: 0.2833 | Valid loss: 0.3566 | Train acc: 0.8165 | Valid acc: 0.7870 | patience:  61 | Epoch time: 29.5 |

2023-01-29 21:50:50,859 - INFO -
| Epoch:    103 | Train loss: 0.3262 | Valid loss: 0.3786 | Train acc: 0.8288 | Valid acc: 0.7878 | patience:  62 | Epoch time: 29.5 |

2023-01-29 21:51:20,404 - INFO -
| Epoch:    104 | Train loss: 0.3066 | Valid loss: 0.3884 | Train acc: 0.8357 | Valid acc: 0.7852 | patience:  63 | Epoch time: 29.5 |

2023-01-29 21:51:49,953 - INFO -
| Epoch:    105 | Train loss: 0.3089 | Valid loss: 0.3937 | Train acc: 0.8349 | Valid acc: 0.7901 | patience:  64 | Epoch time: 29.5 |

2023-01-29 21:52:19,503 - INFO -
| Epoch:    106 | Train loss: 0.3156 | Valid loss: 0.3929 | Train acc: 0.8373 | Valid acc: 0.7894 | patience:  65 | Epoch time: 29.5 |

2023-01-29 21:52:49,037 - INFO -
| Epoch:    107 | Train loss: 0.2767 | Valid loss: 0.3948 | Train acc: 0.8370 | Valid acc: 0.7914 | patience:  66 | Epoch time: 29.5 |

2023-01-29 21:53:18,591 - INFO -
| Epoch:    108 | Train loss: 0.2988 | Valid loss: 0.3855 | Train acc: 0.8311 | Valid acc: 0.7915 | patience:  67 | Epoch time: 29.6 |

2023-01-29 21:53:48,516 - INFO -
| Epoch:    109 | Train loss: 0.3167 | Valid loss: 0.3841 | Train acc: 0.8436 | Valid acc: 0.7934 | patience:  68 | Epoch time: 29.9 |

2023-01-29 21:54:18,071 - INFO -
| Epoch:    110 | Train loss: 0.3156 | Valid loss: 0.3764 | Train acc: 0.8300 | Valid acc: 0.7891 | patience:  69 | Epoch time: 29.6 |

2023-01-29 21:54:47,615 - INFO -
| Epoch:    111 | Train loss: 0.2762 | Valid loss: 0.3822 | Train acc: 0.8408 | Valid acc: 0.7907 | patience:  70 | Epoch time: 29.5 |

2023-01-29 21:55:17,154 - INFO -
| Epoch:    112 | Train loss: 0.2994 | Valid loss: 0.3955 | Train acc: 0.8424 | Valid acc: 0.7861 | patience:  71 | Epoch time: 29.5 |

2023-01-29 21:55:46,720 - INFO -
| Epoch:    113 | Train loss: 0.2979 | Valid loss: 0.4203 | Train acc: 0.8330 | Valid acc: 0.7840 | patience:  72 | Epoch time: 29.6 |

2023-01-29 21:56:16,277 - INFO -
| Epoch:    114 | Train loss: 0.2878 | Valid loss: 0.3910 | Train acc: 0.8429 | Valid acc: 0.7827 | patience:  73 | Epoch time: 29.6 |

2023-01-29 21:56:45,850 - INFO -
| Epoch:    115 | Train loss: 0.3063 | Valid loss: 0.3771 | Train acc: 0.8416 | Valid acc: 0.7973 | patience:  74 | Epoch time: 29.6 |

2023-01-29 21:57:15,406 - INFO -
| Epoch:    116 | Train loss: 0.2936 | Valid loss: 0.3660 | Train acc: 0.8338 | Valid acc: 0.7869 | patience:  75 | Epoch time: 29.6 |

2023-01-29 21:57:44,948 - INFO -
| Epoch:    117 | Train loss: 0.3016 | Valid loss: 0.3825 | Train acc: 0.8305 | Valid acc: 0.7913 | patience:  76 | Epoch time: 29.5 |

2023-01-29 21:58:14,485 - INFO -
| Epoch:    118 | Train loss: 0.2810 | Valid loss: 0.3761 | Train acc: 0.8312 | Valid acc: 0.7846 | patience:  77 | Epoch time: 29.5 |

2023-01-29 21:58:44,051 - INFO -
| Epoch:    119 | Train loss: 0.3257 | Valid loss: 0.3679 | Train acc: 0.8359 | Valid acc: 0.7967 | patience:  78 | Epoch time: 29.6 |

2023-01-29 21:59:13,598 - INFO -
| Epoch:    120 | Train loss: 0.2900 | Valid loss: 0.3911 | Train acc: 0.8435 | Valid acc: 0.7799 | patience:  79 | Epoch time: 29.5 |

2023-01-29 21:59:43,146 - INFO -
| Epoch:    121 | Train loss: 0.2976 | Valid loss: 0.3937 | Train acc: 0.8341 | Valid acc: 0.7851 | patience:  80 | Epoch time: 29.5 |

2023-01-29 22:00:12,690 - INFO -
| Epoch:    122 | Train loss: 0.2999 | Valid loss: 0.3923 | Train acc: 0.8395 | Valid acc: 0.7808 | patience:  81 | Epoch time: 29.5 |

2023-01-29 22:00:42,225 - INFO -
| Epoch:    123 | Train loss: 0.2981 | Valid loss: 0.3764 | Train acc: 0.8330 | Valid acc: 0.7915 | patience:  82 | Epoch time: 29.5 |

2023-01-29 22:01:11,779 - INFO -
| Epoch:    124 | Train loss: 0.2948 | Valid loss: 0.3804 | Train acc: 0.8303 | Valid acc: 0.7900 | patience:  83 | Epoch time: 29.6 |

2023-01-29 22:01:41,348 - INFO -
| Epoch:    125 | Train loss: 0.3043 | Valid loss: 0.3736 | Train acc: 0.8359 | Valid acc: 0.7918 | patience:  84 | Epoch time: 29.6 |

2023-01-29 22:02:10,887 - INFO -
| Epoch:    126 | Train loss: 0.2831 | Valid loss: 0.3763 | Train acc: 0.8423 | Valid acc: 0.7915 | patience:  85 | Epoch time: 29.5 |

2023-01-29 22:02:40,439 - INFO -
| Epoch:    127 | Train loss: 0.3048 | Valid loss: 0.3793 | Train acc: 0.8373 | Valid acc: 0.7934 | patience:  86 | Epoch time: 29.6 |

2023-01-29 22:03:09,974 - INFO -
| Epoch:    128 | Train loss: 0.2995 | Valid loss: 0.3747 | Train acc: 0.8393 | Valid acc: 0.7890 | patience:  87 | Epoch time: 29.5 |

2023-01-29 22:03:39,516 - INFO -
| Epoch:    129 | Train loss: 0.3041 | Valid loss: 0.3845 | Train acc: 0.8342 | Valid acc: 0.7835 | patience:  88 | Epoch time: 29.5 |

2023-01-29 22:04:09,072 - INFO -
| Epoch:    130 | Train loss: 0.3066 | Valid loss: 0.3701 | Train acc: 0.8435 | Valid acc: 0.7854 | patience:  89 | Epoch time: 29.6 |

2023-01-29 22:04:38,624 - INFO -
| Epoch:    131 | Train loss: 0.2884 | Valid loss: 0.3739 | Train acc: 0.8348 | Valid acc: 0.7937 | patience:  90 | Epoch time: 29.6 |

2023-01-29 22:05:10,896 - INFO -
| Epoch:    132 | Train loss: 0.2961 | Valid loss: 0.3964 | Train acc: 0.8361 | Valid acc: 0.7915 | patience:  91 | Epoch time: 32.3 |

2023-01-29 22:05:40,368 - INFO -
| Epoch:    133 | Train loss: 0.2883 | Valid loss: 0.3812 | Train acc: 0.8423 | Valid acc: 0.7861 | patience:  92 | Epoch time: 29.5 |

2023-01-29 22:06:09,830 - INFO -
| Epoch:    134 | Train loss: 0.2778 | Valid loss: 0.3682 | Train acc: 0.8461 | Valid acc: 0.7931 | patience:  93 | Epoch time: 29.5 |

2023-01-29 22:06:39,319 - INFO -
| Epoch:    135 | Train loss: 0.2905 | Valid loss: 0.3631 | Train acc: 0.8321 | Valid acc: 0.7955 | patience:  94 | Epoch time: 29.5 |

2023-01-29 22:07:08,808 - INFO -
| Epoch:    136 | Train loss: 0.3234 | Valid loss: 0.3683 | Train acc: 0.8342 | Valid acc: 0.7882 | patience:  95 | Epoch time: 29.5 |

2023-01-29 22:07:38,297 - INFO -
| Epoch:    137 | Train loss: 0.2790 | Valid loss: 0.3835 | Train acc: 0.8384 | Valid acc: 0.7950 | patience:  96 | Epoch time: 29.5 |

2023-01-29 22:08:07,783 - INFO -
| Epoch:    138 | Train loss: 0.3152 | Valid loss: 0.3805 | Train acc: 0.8233 | Valid acc: 0.7899 | patience:  97 | Epoch time: 29.5 |

2023-01-29 22:08:37,259 - INFO -
| Epoch:    139 | Train loss: 0.3090 | Valid loss: 0.3946 | Train acc: 0.8365 | Valid acc: 0.7828 | patience:  98 | Epoch time: 29.5 |

2023-01-29 22:09:06,740 - INFO -
| Epoch:    140 | Train loss: 0.2796 | Valid loss: 0.3942 | Train acc: 0.8472 | Valid acc: 0.7791 | patience:  99 | Epoch time: 29.5 |

2023-01-29 22:09:36,204 - INFO -
| Epoch:    141 | Train loss: 0.2792 | Valid loss: 0.3947 | Train acc: 0.8320 | Valid acc: 0.7771 | patience: 100 | Epoch time: 29.5 |

2023-01-29 22:10:05,695 - INFO -
| Epoch:    142 | Train loss: 0.2912 | Valid loss: 0.3994 | Train acc: 0.8291 | Valid acc: 0.7898 | patience: 101 | Epoch time: 29.5 |

2023-01-29 22:10:35,187 - INFO -
| Epoch:    143 | Train loss: 0.2847 | Valid loss: 0.3785 | Train acc: 0.8368 | Valid acc: 0.7859 | patience: 102 | Epoch time: 29.5 |

2023-01-29 22:11:04,695 - INFO -
| Epoch:    144 | Train loss: 0.2571 | Valid loss: 0.3679 | Train acc: 0.8494 | Valid acc: 0.7877 | patience: 103 | Epoch time: 29.5 |

2023-01-29 22:11:34,186 - INFO -
| Epoch:    145 | Train loss: 0.2867 | Valid loss: 0.3592 | Train acc: 0.8420 | Valid acc: 0.7892 | patience: 104 | Epoch time: 29.5 |

2023-01-29 22:12:03,674 - INFO -
| Epoch:    146 | Train loss: 0.3071 | Valid loss: 0.3858 | Train acc: 0.8249 | Valid acc: 0.7916 | patience: 105 | Epoch time: 29.5 |

2023-01-29 22:12:33,196 - INFO -
| Epoch:    147 | Train loss: 0.2910 | Valid loss: 0.3858 | Train acc: 0.8445 | Valid acc: 0.7933 | patience: 106 | Epoch time: 29.5 |

2023-01-29 22:13:03,036 - INFO -
| Epoch:    148 | Train loss: 0.2853 | Valid loss: 0.3852 | Train acc: 0.8378 | Valid acc: 0.7870 | patience: 107 | Epoch time: 29.8 |

2023-01-29 22:13:32,618 - INFO -
| Epoch:    149 | Train loss: 0.2824 | Valid loss: 0.3843 | Train acc: 0.8470 | Valid acc: 0.7832 | patience: 108 | Epoch time: 29.6 |

2023-01-29 22:14:02,115 - INFO -
| Epoch:    150 | Train loss: 0.2892 | Valid loss: 0.3825 | Train acc: 0.8337 | Valid acc: 0.7867 | patience: 109 | Epoch time: 29.5 |

2023-01-29 22:14:31,590 - INFO -
| Epoch:    151 | Train loss: 0.2725 | Valid loss: 0.3822 | Train acc: 0.8418 | Valid acc: 0.7885 | patience: 110 | Epoch time: 29.5 |

2023-01-29 22:15:01,067 - INFO -
| Epoch:    152 | Train loss: 0.2836 | Valid loss: 0.3838 | Train acc: 0.8366 | Valid acc: 0.7946 | patience: 111 | Epoch time: 29.5 |

2023-01-29 22:15:30,577 - INFO -
| Epoch:    153 | Train loss: 0.2869 | Valid loss: 0.3719 | Train acc: 0.8418 | Valid acc: 0.7890 | patience: 112 | Epoch time: 29.5 |

2023-01-29 22:16:00,102 - INFO -
| Epoch:    154 | Train loss: 0.3152 | Valid loss: 0.3848 | Train acc: 0.8281 | Valid acc: 0.7953 | patience: 113 | Epoch time: 29.5 |

2023-01-29 22:16:29,596 - INFO -
| Epoch:    155 | Train loss: 0.2840 | Valid loss: 0.3800 | Train acc: 0.8373 | Valid acc: 0.7915 | patience: 114 | Epoch time: 29.5 |

2023-01-29 22:16:59,098 - INFO -
| Epoch:    156 | Train loss: 0.2907 | Valid loss: 0.3892 | Train acc: 0.8394 | Valid acc: 0.7881 | patience: 115 | Epoch time: 29.5 |

2023-01-29 22:17:28,593 - INFO -
| Epoch:    157 | Train loss: 0.2784 | Valid loss: 0.4033 | Train acc: 0.8277 | Valid acc: 0.7904 | patience: 116 | Epoch time: 29.5 |

2023-01-29 22:17:58,086 - INFO -
| Epoch:    158 | Train loss: 0.3073 | Valid loss: 0.3871 | Train acc: 0.8307 | Valid acc: 0.7816 | patience: 117 | Epoch time: 29.5 |

2023-01-29 22:18:27,586 - INFO -
| Epoch:    159 | Train loss: 0.2994 | Valid loss: 0.3900 | Train acc: 0.8469 | Valid acc: 0.7894 | patience: 118 | Epoch time: 29.5 |

2023-01-29 22:18:57,103 - INFO -
| Epoch:    160 | Train loss: 0.2934 | Valid loss: 0.3901 | Train acc: 0.8418 | Valid acc: 0.7954 | patience: 119 | Epoch time: 29.5 |

2023-01-29 22:19:26,621 - INFO -
| Epoch:    161 | Train loss: 0.3047 | Valid loss: 0.3849 | Train acc: 0.8392 | Valid acc: 0.7970 | patience: 120 | Epoch time: 29.5 |

2023-01-29 22:19:56,120 - INFO -
| Epoch:    162 | Train loss: 0.3075 | Valid loss: 0.3776 | Train acc: 0.8359 | Valid acc: 0.7838 | patience: 121 | Epoch time: 29.5 |

2023-01-29 22:20:25,623 - INFO -
| Epoch:    163 | Train loss: 0.2924 | Valid loss: 0.3736 | Train acc: 0.8368 | Valid acc: 0.7923 | patience: 122 | Epoch time: 29.5 |

2023-01-29 22:20:55,102 - INFO -
| Epoch:    164 | Train loss: 0.3046 | Valid loss: 0.3814 | Train acc: 0.8420 | Valid acc: 0.7907 | patience: 123 | Epoch time: 29.5 |

2023-01-29 22:21:24,590 - INFO -
| Epoch:    165 | Train loss: 0.2781 | Valid loss: 0.3921 | Train acc: 0.8340 | Valid acc: 0.7933 | patience: 124 | Epoch time: 29.5 |

2023-01-29 22:21:54,091 - INFO -
| Epoch:    166 | Train loss: 0.2835 | Valid loss: 0.3785 | Train acc: 0.8326 | Valid acc: 0.7893 | patience: 125 | Epoch time: 29.5 |

2023-01-29 22:22:23,597 - INFO -
| Epoch:    167 | Train loss: 0.2981 | Valid loss: 0.3597 | Train acc: 0.8453 | Valid acc: 0.7920 | patience: 126 | Epoch time: 29.5 |

2023-01-29 22:22:53,129 - INFO -
| Epoch:    168 | Train loss: 0.2926 | Valid loss: 0.3656 | Train acc: 0.8434 | Valid acc: 0.7913 | patience: 127 | Epoch time: 29.5 |

2023-01-29 22:23:22,953 - INFO -
| Epoch:    169 | Train loss: 0.2911 | Valid loss: 0.3698 | Train acc: 0.8391 | Valid acc: 0.7946 | patience: 128 | Epoch time: 29.8 |

2023-01-29 22:23:52,447 - INFO -
| Epoch:    170 | Train loss: 0.2798 | Valid loss: 0.3555 | Train acc: 0.8392 | Valid acc: 0.7890 | patience: 129 | Epoch time: 29.5 |

2023-01-29 22:24:21,944 - INFO -
| Epoch:    171 | Train loss: 0.2943 | Valid loss: 0.3533 | Train acc: 0.8379 | Valid acc: 0.7927 | patience: 130 | Epoch time: 29.5 |

2023-01-29 22:24:51,440 - INFO -
| Epoch:    172 | Train loss: 0.2989 | Valid loss: 0.3667 | Train acc: 0.8419 | Valid acc: 0.7911 | patience: 131 | Epoch time: 29.5 |

2023-01-29 22:25:20,946 - INFO -
| Epoch:    173 | Train loss: 0.2803 | Valid loss: 0.3695 | Train acc: 0.8465 | Valid acc: 0.7931 | patience: 132 | Epoch time: 29.5 |

2023-01-29 22:25:50,457 - INFO -
| Epoch:    174 | Train loss: 0.2831 | Valid loss: 0.3797 | Train acc: 0.8460 | Valid acc: 0.7832 | patience: 133 | Epoch time: 29.5 |

2023-01-29 22:26:19,967 - INFO -
| Epoch:    175 | Train loss: 0.2880 | Valid loss: 0.3763 | Train acc: 0.8431 | Valid acc: 0.7946 | patience: 134 | Epoch time: 29.5 |

2023-01-29 22:26:49,475 - INFO -
| Epoch:    176 | Train loss: 0.2997 | Valid loss: 0.3611 | Train acc: 0.8489 | Valid acc: 0.7887 | patience: 135 | Epoch time: 29.5 |

2023-01-29 22:27:18,953 - INFO -
| Epoch:    177 | Train loss: 0.2900 | Valid loss: 0.3783 | Train acc: 0.8478 | Valid acc: 0.7879 | patience: 136 | Epoch time: 29.5 |

2023-01-29 22:27:48,465 - INFO -
| Epoch:    178 | Train loss: 0.3012 | Valid loss: 0.3735 | Train acc: 0.8331 | Valid acc: 0.7941 | patience: 137 | Epoch time: 29.5 |

2023-01-29 22:28:17,965 - INFO -
| Epoch:    179 | Train loss: 0.2991 | Valid loss: 0.3736 | Train acc: 0.8345 | Valid acc: 0.7948 | patience: 138 | Epoch time: 29.5 |

2023-01-29 22:28:47,491 - INFO -
| Epoch:    180 | Train loss: 0.2881 | Valid loss: 0.3610 | Train acc: 0.8415 | Valid acc: 0.7924 | patience: 139 | Epoch time: 29.5 |

2023-01-29 22:29:16,989 - INFO -
| Epoch:    181 | Train loss: 0.2828 | Valid loss: 0.3843 | Train acc: 0.8376 | Valid acc: 0.8008 | patience: 140 | Epoch time: 29.5 |

2023-01-29 22:29:46,484 - INFO -
| Epoch:    182 | Train loss: 0.2985 | Valid loss: 0.3605 | Train acc: 0.8369 | Valid acc: 0.7938 | patience: 141 | Epoch time: 29.5 |

2023-01-29 22:30:15,977 - INFO -
| Epoch:    183 | Train loss: 0.2828 | Valid loss: 0.3672 | Train acc: 0.8408 | Valid acc: 0.7907 | patience: 142 | Epoch time: 29.5 |

2023-01-29 22:30:45,484 - INFO -
| Epoch:    184 | Train loss: 0.2931 | Valid loss: 0.3770 | Train acc: 0.8356 | Valid acc: 0.7915 | patience: 143 | Epoch time: 29.5 |

2023-01-29 22:31:14,988 - INFO -
| Epoch:    185 | Train loss: 0.2844 | Valid loss: 0.3919 | Train acc: 0.8486 | Valid acc: 0.7838 | patience: 144 | Epoch time: 29.5 |

2023-01-29 22:31:44,490 - INFO -
| Epoch:    186 | Train loss: 0.2972 | Valid loss: 0.4029 | Train acc: 0.8369 | Valid acc: 0.7869 | patience: 145 | Epoch time: 29.5 |

2023-01-29 22:32:14,036 - INFO -
| Epoch:    187 | Train loss: 0.2815 | Valid loss: 0.3894 | Train acc: 0.8499 | Valid acc: 0.7828 | patience: 146 | Epoch time: 29.5 |

2023-01-29 22:32:43,545 - INFO -
| Epoch:    188 | Train loss: 0.2898 | Valid loss: 0.3733 | Train acc: 0.8321 | Valid acc: 0.7813 | patience: 147 | Epoch time: 29.5 |

2023-01-29 22:33:13,066 - INFO -
| Epoch:    189 | Train loss: 0.2805 | Valid loss: 0.3802 | Train acc: 0.8470 | Valid acc: 0.7891 | patience: 148 | Epoch time: 29.5 |

2023-01-29 22:33:42,632 - INFO -
| Epoch:    190 | Train loss: 0.2957 | Valid loss: 0.3689 | Train acc: 0.8319 | Valid acc: 0.7935 | patience: 149 | Epoch time: 29.6 |

2023-01-29 22:34:12,187 - INFO -
| Epoch:    191 | Train loss: 0.2930 | Valid loss: 0.3619 | Train acc: 0.8481 | Valid acc: 0.7892 | patience: 150 | Epoch time: 29.6 |

2023-01-29 22:34:41,704 - INFO -
| Epoch:    192 | Train loss: 0.3000 | Valid loss: 0.3764 | Train acc: 0.8454 | Valid acc: 0.7927 | patience: 151 | Epoch time: 29.5 |

2023-01-29 22:35:11,214 - INFO -
| Epoch:    193 | Train loss: 0.3048 | Valid loss: 0.3659 | Train acc: 0.8384 | Valid acc: 0.7962 | patience: 152 | Epoch time: 29.5 |

2023-01-29 22:35:40,767 - INFO -
| Epoch:    194 | Train loss: 0.2819 | Valid loss: 0.3826 | Train acc: 0.8450 | Valid acc: 0.7924 | patience: 153 | Epoch time: 29.6 |

2023-01-29 22:36:10,394 - INFO -
| Epoch:    195 | Train loss: 0.2869 | Valid loss: 0.3734 | Train acc: 0.8476 | Valid acc: 0.7900 | patience: 154 | Epoch time: 29.6 |

2023-01-29 22:36:39,919 - INFO -
| Epoch:    196 | Train loss: 0.3041 | Valid loss: 0.3769 | Train acc: 0.8347 | Valid acc: 0.7924 | patience: 155 | Epoch time: 29.5 |

2023-01-29 22:37:09,451 - INFO -
| Epoch:    197 | Train loss: 0.2726 | Valid loss: 0.3810 | Train acc: 0.8483 | Valid acc: 0.7855 | patience: 156 | Epoch time: 29.5 |

2023-01-29 22:37:38,997 - INFO -
| Epoch:    198 | Train loss: 0.2902 | Valid loss: 0.3764 | Train acc: 0.8408 | Valid acc: 0.7909 | patience: 157 | Epoch time: 29.5 |

2023-01-29 22:38:08,544 - INFO -
| Epoch:    199 | Train loss: 0.2934 | Valid loss: 0.3722 | Train acc: 0.8515 | Valid acc: 0.7970 | patience: 158 | Epoch time: 29.5 |

2023-01-29 22:38:38,057 - INFO -
| Epoch:    200 | Train loss: 0.2858 | Valid loss: 0.3558 | Train acc: 0.8345 | Valid acc: 0.7960 | patience: 159 | Epoch time: 29.5 |

2023-01-29 22:39:07,576 - INFO -
| Epoch:    201 | Train loss: 0.2894 | Valid loss: 0.3659 | Train acc: 0.8332 | Valid acc: 0.7891 | patience: 160 | Epoch time: 29.5 |

2023-01-29 22:39:37,106 - INFO -
| Epoch:    202 | Train loss: 0.2933 | Valid loss: 0.3588 | Train acc: 0.8388 | Valid acc: 0.7874 | patience: 161 | Epoch time: 29.5 |

2023-01-29 22:40:06,656 - INFO -
| Epoch:    203 | Train loss: 0.2813 | Valid loss: 0.3684 | Train acc: 0.8421 | Valid acc: 0.7890 | patience: 162 | Epoch time: 29.6 |

2023-01-29 22:40:36,197 - INFO -
| Epoch:    204 | Train loss: 0.2697 | Valid loss: 0.3859 | Train acc: 0.8421 | Valid acc: 0.7929 | patience: 163 | Epoch time: 29.5 |

2023-01-29 22:41:05,722 - INFO -
| Epoch:    205 | Train loss: 0.2762 | Valid loss: 0.3723 | Train acc: 0.8428 | Valid acc: 0.7935 | patience: 164 | Epoch time: 29.5 |

2023-01-29 22:41:35,246 - INFO -
| Epoch:    206 | Train loss: 0.2916 | Valid loss: 0.3743 | Train acc: 0.8465 | Valid acc: 0.7884 | patience: 165 | Epoch time: 29.5 |

2023-01-29 22:42:04,764 - INFO -
| Epoch:    207 | Train loss: 0.2806 | Valid loss: 0.3695 | Train acc: 0.8529 | Valid acc: 0.7952 | patience: 166 | Epoch time: 29.5 |

2023-01-29 22:42:34,619 - INFO -
| Epoch:    208 | Train loss: 0.2932 | Valid loss: 0.3765 | Train acc: 0.8395 | Valid acc: 0.7955 | patience: 167 | Epoch time: 29.9 |

2023-01-29 22:43:04,133 - INFO -
| Epoch:    209 | Train loss: 0.2825 | Valid loss: 0.3814 | Train acc: 0.8454 | Valid acc: 0.7932 | patience: 168 | Epoch time: 29.5 |

2023-01-29 22:43:33,656 - INFO -
| Epoch:    210 | Train loss: 0.2991 | Valid loss: 0.3754 | Train acc: 0.8214 | Valid acc: 0.7848 | patience: 169 | Epoch time: 29.5 |

2023-01-29 22:44:03,180 - INFO -
| Epoch:    211 | Train loss: 0.2766 | Valid loss: 0.3732 | Train acc: 0.8431 | Valid acc: 0.7929 | patience: 170 | Epoch time: 29.5 |

2023-01-29 22:44:32,740 - INFO -
| Epoch:    212 | Train loss: 0.2647 | Valid loss: 0.3679 | Train acc: 0.8509 | Valid acc: 0.7905 | patience: 171 | Epoch time: 29.6 |

2023-01-29 22:45:02,265 - INFO -
| Epoch:    213 | Train loss: 0.2881 | Valid loss: 0.3805 | Train acc: 0.8443 | Valid acc: 0.7892 | patience: 172 | Epoch time: 29.5 |

2023-01-29 22:45:31,773 - INFO -
| Epoch:    214 | Train loss: 0.2757 | Valid loss: 0.3729 | Train acc: 0.8308 | Valid acc: 0.7940 | patience: 173 | Epoch time: 29.5 |

2023-01-29 22:46:01,292 - INFO -
| Epoch:    215 | Train loss: 0.2836 | Valid loss: 0.3698 | Train acc: 0.8355 | Valid acc: 0.7939 | patience: 174 | Epoch time: 29.5 |

2023-01-29 22:46:30,819 - INFO -
| Epoch:    216 | Train loss: 0.2755 | Valid loss: 0.3755 | Train acc: 0.8429 | Valid acc: 0.7932 | patience: 175 | Epoch time: 29.5 |

2023-01-29 22:47:00,355 - INFO -
| Epoch:    217 | Train loss: 0.2979 | Valid loss: 0.3695 | Train acc: 0.8468 | Valid acc: 0.7940 | patience: 176 | Epoch time: 29.5 |

2023-01-29 22:47:29,906 - INFO -
| Epoch:    218 | Train loss: 0.2793 | Valid loss: 0.3650 | Train acc: 0.8343 | Valid acc: 0.7963 | patience: 177 | Epoch time: 29.6 |

2023-01-29 22:47:59,421 - INFO -
| Epoch:    219 | Train loss: 0.3003 | Valid loss: 0.3653 | Train acc: 0.8558 | Valid acc: 0.7944 | patience: 178 | Epoch time: 29.5 |

2023-01-29 22:48:28,976 - INFO -
| Epoch:    220 | Train loss: 0.2915 | Valid loss: 0.3646 | Train acc: 0.8428 | Valid acc: 0.7917 | patience: 179 | Epoch time: 29.6 |

2023-01-29 22:48:58,512 - INFO -
| Epoch:    221 | Train loss: 0.3032 | Valid loss: 0.3975 | Train acc: 0.8415 | Valid acc: 0.7852 | patience: 180 | Epoch time: 29.5 |

2023-01-29 22:49:28,056 - INFO -
| Epoch:    222 | Train loss: 0.3000 | Valid loss: 0.3892 | Train acc: 0.8436 | Valid acc: 0.7835 | patience: 181 | Epoch time: 29.5 |

2023-01-29 22:49:57,601 - INFO -
| Epoch:    223 | Train loss: 0.2672 | Valid loss: 0.3766 | Train acc: 0.8414 | Valid acc: 0.7906 | patience: 182 | Epoch time: 29.5 |

2023-01-29 22:50:27,123 - INFO -
| Epoch:    224 | Train loss: 0.2871 | Valid loss: 0.3670 | Train acc: 0.8411 | Valid acc: 0.7971 | patience: 183 | Epoch time: 29.5 |

2023-01-29 22:50:56,647 - INFO -
| Epoch:    225 | Train loss: 0.2690 | Valid loss: 0.3696 | Train acc: 0.8466 | Valid acc: 0.7947 | patience: 184 | Epoch time: 29.5 |

2023-01-29 22:51:26,193 - INFO -
| Epoch:    226 | Train loss: 0.2819 | Valid loss: 0.3764 | Train acc: 0.8544 | Valid acc: 0.7937 | patience: 185 | Epoch time: 29.5 |

2023-01-29 22:51:55,715 - INFO -
| Epoch:    227 | Train loss: 0.2825 | Valid loss: 0.3562 | Train acc: 0.8444 | Valid acc: 0.7972 | patience: 186 | Epoch time: 29.5 |

2023-01-29 22:52:25,277 - INFO -
| Epoch:    228 | Train loss: 0.3039 | Valid loss: 0.3646 | Train acc: 0.8433 | Valid acc: 0.7955 | patience: 187 | Epoch time: 29.6 |

2023-01-29 22:52:55,170 - INFO -
| Epoch:    229 | Train loss: 0.2732 | Valid loss: 0.3622 | Train acc: 0.8436 | Valid acc: 0.7944 | patience: 188 | Epoch time: 29.9 |

2023-01-29 22:53:24,702 - INFO -
| Epoch:    230 | Train loss: 0.2798 | Valid loss: 0.3583 | Train acc: 0.8447 | Valid acc: 0.7886 | patience: 189 | Epoch time: 29.5 |

2023-01-29 22:53:54,246 - INFO -
| Epoch:    231 | Train loss: 0.2850 | Valid loss: 0.3720 | Train acc: 0.8427 | Valid acc: 0.7864 | patience: 190 | Epoch time: 29.5 |

2023-01-29 22:54:23,788 - INFO -
| Epoch:    232 | Train loss: 0.3072 | Valid loss: 0.3742 | Train acc: 0.8312 | Valid acc: 0.7921 | patience: 191 | Epoch time: 29.5 |

2023-01-29 22:54:53,352 - INFO -
| Epoch:    233 | Train loss: 0.2704 | Valid loss: 0.3796 | Train acc: 0.8478 | Valid acc: 0.7899 | patience: 192 | Epoch time: 29.6 |

2023-01-29 22:55:22,883 - INFO -
| Epoch:    234 | Train loss: 0.2752 | Valid loss: 0.3682 | Train acc: 0.8439 | Valid acc: 0.7920 | patience: 193 | Epoch time: 29.5 |

2023-01-29 22:55:52,384 - INFO -
| Epoch:    235 | Train loss: 0.2648 | Valid loss: 0.3625 | Train acc: 0.8403 | Valid acc: 0.7957 | patience: 194 | Epoch time: 29.5 |

2023-01-29 22:56:21,886 - INFO -
| Epoch:    236 | Train loss: 0.2751 | Valid loss: 0.3829 | Train acc: 0.8481 | Valid acc: 0.7935 | patience: 195 | Epoch time: 29.5 |

2023-01-29 22:56:51,394 - INFO -
| Epoch:    237 | Train loss: 0.2753 | Valid loss: 0.3630 | Train acc: 0.8439 | Valid acc: 0.7919 | patience: 196 | Epoch time: 29.5 |

2023-01-29 22:57:20,912 - INFO -
| Epoch:    238 | Train loss: 0.2861 | Valid loss: 0.3508 | Train acc: 0.8350 | Valid acc: 0.7929 | patience: 197 | Epoch time: 29.5 |

2023-01-29 22:57:50,418 - INFO -
| Epoch:    239 | Train loss: 0.2969 | Valid loss: 0.3840 | Train acc: 0.8443 | Valid acc: 0.7847 | patience: 198 | Epoch time: 29.5 |

2023-01-29 22:58:19,920 - INFO -
| Epoch:    240 | Train loss: 0.2752 | Valid loss: 0.3868 | Train acc: 0.8427 | Valid acc: 0.7876 | patience: 199 | Epoch time: 29.5 |

2023-01-29 22:58:49,417 - INFO -
| Epoch:    241 | Train loss: 0.2891 | Valid loss: 0.3801 | Train acc: 0.8452 | Valid acc: 0.7941 | patience: 200 | Epoch time: 29.5 |

2023-01-29 22:59:18,932 - INFO -
| Epoch:    242 | Train loss: 0.2899 | Valid loss: 0.3843 | Train acc: 0.8435 | Valid acc: 0.7917 | patience: 201 | Epoch time: 29.5 |

2023-01-29 22:59:48,421 - INFO -
| Epoch:    243 | Train loss: 0.2805 | Valid loss: 0.3687 | Train acc: 0.8533 | Valid acc: 0.7947 | patience: 202 | Epoch time: 29.5 |

2023-01-29 23:00:17,920 - INFO -
| Epoch:    244 | Train loss: 0.2875 | Valid loss: 0.3635 | Train acc: 0.8409 | Valid acc: 0.7960 | patience: 203 | Epoch time: 29.5 |

2023-01-29 23:00:47,407 - INFO -
| Epoch:    245 | Train loss: 0.2745 | Valid loss: 0.3638 | Train acc: 0.8332 | Valid acc: 0.7975 | patience: 204 | Epoch time: 29.5 |

2023-01-29 23:01:16,902 - INFO -
| Epoch:    246 | Train loss: 0.2821 | Valid loss: 0.3684 | Train acc: 0.8455 | Valid acc: 0.8025 | patience: 205 | Epoch time: 29.5 |

2023-01-29 23:01:46,422 - INFO -
| Epoch:    247 | Train loss: 0.2701 | Valid loss: 0.3620 | Train acc: 0.8468 | Valid acc: 0.7939 | patience: 206 | Epoch time: 29.5 |

2023-01-29 23:02:15,925 - INFO -
| Epoch:    248 | Train loss: 0.2880 | Valid loss: 0.3752 | Train acc: 0.8451 | Valid acc: 0.7919 | patience: 207 | Epoch time: 29.5 |

2023-01-29 23:02:45,439 - INFO -
| Epoch:    249 | Train loss: 0.2758 | Valid loss: 0.3801 | Train acc: 0.8488 | Valid acc: 0.7780 | patience: 208 | Epoch time: 29.5 |

2023-01-29 23:03:14,933 - INFO -
| Epoch:    250 | Train loss: 0.2893 | Valid loss: 0.3874 | Train acc: 0.8321 | Valid acc: 0.7859 | patience: 209 | Epoch time: 29.5 |

2023-01-29 23:03:44,416 - INFO -
| Epoch:    251 | Train loss: 0.2756 | Valid loss: 0.3702 | Train acc: 0.8423 | Valid acc: 0.7988 | patience: 210 | Epoch time: 29.5 |

2023-01-29 23:04:13,930 - INFO -
| Epoch:    252 | Train loss: 0.2803 | Valid loss: 0.3682 | Train acc: 0.8490 | Valid acc: 0.7977 | patience: 211 | Epoch time: 29.5 |

2023-01-29 23:04:43,453 - INFO -
| Epoch:    253 | Train loss: 0.2648 | Valid loss: 0.3601 | Train acc: 0.8501 | Valid acc: 0.7967 | patience: 212 | Epoch time: 29.5 |

2023-01-29 23:05:12,966 - INFO -
| Epoch:    254 | Train loss: 0.2967 | Valid loss: 0.3539 | Train acc: 0.8318 | Valid acc: 0.7916 | patience: 213 | Epoch time: 29.5 |

2023-01-29 23:05:42,471 - INFO -
| Epoch:    255 | Train loss: 0.2821 | Valid loss: 0.3564 | Train acc: 0.8411 | Valid acc: 0.7916 | patience: 214 | Epoch time: 29.5 |

2023-01-29 23:06:12,002 - INFO -
| Epoch:    256 | Train loss: 0.2920 | Valid loss: 0.3781 | Train acc: 0.8480 | Valid acc: 0.7880 | patience: 215 | Epoch time: 29.5 |

2023-01-29 23:06:41,504 - INFO -
| Epoch:    257 | Train loss: 0.2990 | Valid loss: 0.3935 | Train acc: 0.8454 | Valid acc: 0.7834 | patience: 216 | Epoch time: 29.5 |

2023-01-29 23:07:11,007 - INFO -
| Epoch:    258 | Train loss: 0.2926 | Valid loss: 0.3870 | Train acc: 0.8448 | Valid acc: 0.7873 | patience: 217 | Epoch time: 29.5 |

2023-01-29 23:07:40,512 - INFO -
| Epoch:    259 | Train loss: 0.2768 | Valid loss: 0.3738 | Train acc: 0.8456 | Valid acc: 0.7894 | patience: 218 | Epoch time: 29.5 |

2023-01-29 23:08:10,019 - INFO -
| Epoch:    260 | Train loss: 0.2695 | Valid loss: 0.3883 | Train acc: 0.8536 | Valid acc: 0.7943 | patience: 219 | Epoch time: 29.5 |

2023-01-29 23:08:39,531 - INFO -
| Epoch:    261 | Train loss: 0.2993 | Valid loss: 0.3525 | Train acc: 0.8410 | Valid acc: 0.7947 | patience: 220 | Epoch time: 29.5 |

2023-01-29 23:09:09,081 - INFO -
| Epoch:    262 | Train loss: 0.2902 | Valid loss: 0.3717 | Train acc: 0.8422 | Valid acc: 0.7950 | patience: 221 | Epoch time: 29.5 |

2023-01-29 23:09:38,601 - INFO -
| Epoch:    263 | Train loss: 0.2806 | Valid loss: 0.3866 | Train acc: 0.8396 | Valid acc: 0.7956 | patience: 222 | Epoch time: 29.5 |

2023-01-29 23:10:08,114 - INFO -
| Epoch:    264 | Train loss: 0.2926 | Valid loss: 0.3779 | Train acc: 0.8422 | Valid acc: 0.7960 | patience: 223 | Epoch time: 29.5 |

2023-01-29 23:10:37,625 - INFO -
| Epoch:    265 | Train loss: 0.2740 | Valid loss: 0.3739 | Train acc: 0.8436 | Valid acc: 0.7952 | patience: 224 | Epoch time: 29.5 |

2023-01-29 23:11:07,116 - INFO -
| Epoch:    266 | Train loss: 0.2787 | Valid loss: 0.3691 | Train acc: 0.8477 | Valid acc: 0.7951 | patience: 225 | Epoch time: 29.5 |

2023-01-29 23:11:36,637 - INFO -
| Epoch:    267 | Train loss: 0.3012 | Valid loss: 0.3849 | Train acc: 0.8317 | Valid acc: 0.7935 | patience: 226 | Epoch time: 29.5 |

2023-01-29 23:12:06,484 - INFO -
| Epoch:    268 | Train loss: 0.2662 | Valid loss: 0.3713 | Train acc: 0.8518 | Valid acc: 0.7930 | patience: 227 | Epoch time: 29.8 |

2023-01-29 23:12:35,991 - INFO -
| Epoch:    269 | Train loss: 0.2613 | Valid loss: 0.3568 | Train acc: 0.8542 | Valid acc: 0.7895 | patience: 228 | Epoch time: 29.5 |

2023-01-29 23:13:05,505 - INFO -
| Epoch:    270 | Train loss: 0.2754 | Valid loss: 0.3566 | Train acc: 0.8488 | Valid acc: 0.8029 | patience: 229 | Epoch time: 29.5 |

2023-01-29 23:13:35,024 - INFO -
| Epoch:    271 | Train loss: 0.2731 | Valid loss: 0.3454 | Train acc: 0.8509 | Valid acc: 0.7950 | patience: 230 | Epoch time: 29.5 |

2023-01-29 23:14:04,531 - INFO -
| Epoch:    272 | Train loss: 0.2676 | Valid loss: 0.3708 | Train acc: 0.8370 | Valid acc: 0.8020 | patience: 231 | Epoch time: 29.5 |

2023-01-29 23:14:34,045 - INFO -
| Epoch:    273 | Train loss: 0.3167 | Valid loss: 0.3631 | Train acc: 0.8303 | Valid acc: 0.7938 | patience: 232 | Epoch time: 29.5 |

2023-01-29 23:15:03,553 - INFO -
| Epoch:    274 | Train loss: 0.2932 | Valid loss: 0.3696 | Train acc: 0.8288 | Valid acc: 0.7907 | patience: 233 | Epoch time: 29.5 |

2023-01-29 23:15:33,039 - INFO -
| Epoch:    275 | Train loss: 0.2822 | Valid loss: 0.3678 | Train acc: 0.8457 | Valid acc: 0.7824 | patience: 234 | Epoch time: 29.5 |

2023-01-29 23:16:02,550 - INFO -
| Epoch:    276 | Train loss: 0.2886 | Valid loss: 0.3734 | Train acc: 0.8379 | Valid acc: 0.7918 | patience: 235 | Epoch time: 29.5 |

2023-01-29 23:16:32,066 - INFO -
| Epoch:    277 | Train loss: 0.3031 | Valid loss: 0.3698 | Train acc: 0.8288 | Valid acc: 0.7958 | patience: 236 | Epoch time: 29.5 |

2023-01-29 23:17:01,558 - INFO -
| Epoch:    278 | Train loss: 0.2899 | Valid loss: 0.3631 | Train acc: 0.8520 | Valid acc: 0.7939 | patience: 237 | Epoch time: 29.5 |

2023-01-29 23:17:31,061 - INFO -
| Epoch:    279 | Train loss: 0.2742 | Valid loss: 0.3846 | Train acc: 0.8537 | Valid acc: 0.7938 | patience: 238 | Epoch time: 29.5 |

2023-01-29 23:18:00,574 - INFO -
| Epoch:    280 | Train loss: 0.2844 | Valid loss: 0.3850 | Train acc: 0.8348 | Valid acc: 0.8017 | patience: 239 | Epoch time: 29.5 |

2023-01-29 23:18:30,098 - INFO -
| Epoch:    281 | Train loss: 0.2736 | Valid loss: 0.3828 | Train acc: 0.8428 | Valid acc: 0.7922 | patience: 240 | Epoch time: 29.5 |

2023-01-29 23:18:59,605 - INFO -
| Epoch:    282 | Train loss: 0.2922 | Valid loss: 0.4006 | Train acc: 0.8549 | Valid acc: 0.7869 | patience: 241 | Epoch time: 29.5 |

2023-01-29 23:19:29,111 - INFO -
| Epoch:    283 | Train loss: 0.2858 | Valid loss: 0.3943 | Train acc: 0.8439 | Valid acc: 0.7857 | patience: 242 | Epoch time: 29.5 |

2023-01-29 23:19:58,612 - INFO -
| Epoch:    284 | Train loss: 0.2898 | Valid loss: 0.3800 | Train acc: 0.8495 | Valid acc: 0.7881 | patience: 243 | Epoch time: 29.5 |

2023-01-29 23:20:28,125 - INFO -
| Epoch:    285 | Train loss: 0.2758 | Valid loss: 0.3774 | Train acc: 0.8464 | Valid acc: 0.7966 | patience: 244 | Epoch time: 29.5 |

2023-01-29 23:20:57,641 - INFO -
| Epoch:    286 | Train loss: 0.2734 | Valid loss: 0.3672 | Train acc: 0.8539 | Valid acc: 0.7989 | patience: 245 | Epoch time: 29.5 |

2023-01-29 23:21:27,145 - INFO -
| Epoch:    287 | Train loss: 0.2863 | Valid loss: 0.3737 | Train acc: 0.8396 | Valid acc: 0.7955 | patience: 246 | Epoch time: 29.5 |

2023-01-29 23:21:56,667 - INFO -
| Epoch:    288 | Train loss: 0.2577 | Valid loss: 0.3568 | Train acc: 0.8513 | Valid acc: 0.7998 | patience: 247 | Epoch time: 29.5 |

2023-01-29 23:22:26,505 - INFO -
| Epoch:    289 | Train loss: 0.2718 | Valid loss: 0.3614 | Train acc: 0.8471 | Valid acc: 0.7905 | patience: 248 | Epoch time: 29.8 |

2023-01-29 23:22:55,991 - INFO -
| Epoch:    290 | Train loss: 0.2712 | Valid loss: 0.3837 | Train acc: 0.8547 | Valid acc: 0.7917 | patience: 249 | Epoch time: 29.5 |

2023-01-29 23:23:25,493 - INFO -
| Epoch:    291 | Train loss: 0.2877 | Valid loss: 0.3808 | Train acc: 0.8426 | Valid acc: 0.7909 | patience: 250 | Epoch time: 29.5 |

2023-01-29 23:23:55,024 - INFO -
| Epoch:    292 | Train loss: 0.2645 | Valid loss: 0.3592 | Train acc: 0.8450 | Valid acc: 0.7890 | patience: 251 | Epoch time: 29.5 |

2023-01-29 23:24:24,522 - INFO -
| Epoch:    293 | Train loss: 0.2702 | Valid loss: 0.3603 | Train acc: 0.8444 | Valid acc: 0.7919 | patience: 252 | Epoch time: 29.5 |

2023-01-29 23:24:54,018 - INFO -
| Epoch:    294 | Train loss: 0.2690 | Valid loss: 0.3603 | Train acc: 0.8476 | Valid acc: 0.7997 | patience: 253 | Epoch time: 29.5 |

2023-01-29 23:25:23,544 - INFO -
| Epoch:    295 | Train loss: 0.2698 | Valid loss: 0.3567 | Train acc: 0.8399 | Valid acc: 0.7915 | patience: 254 | Epoch time: 29.5 |

2023-01-29 23:25:53,056 - INFO -
| Epoch:    296 | Train loss: 0.2861 | Valid loss: 0.3595 | Train acc: 0.8458 | Valid acc: 0.7958 | patience: 255 | Epoch time: 29.5 |

2023-01-29 23:26:22,562 - INFO -
| Epoch:    297 | Train loss: 0.2727 | Valid loss: 0.3831 | Train acc: 0.8421 | Valid acc: 0.7947 | patience: 256 | Epoch time: 29.5 |

2023-01-29 23:26:52,059 - INFO -
| Epoch:    298 | Train loss: 0.2755 | Valid loss: 0.3641 | Train acc: 0.8469 | Valid acc: 0.7974 | patience: 257 | Epoch time: 29.5 |

2023-01-29 23:27:21,566 - INFO -
| Epoch:    299 | Train loss: 0.2820 | Valid loss: 0.3753 | Train acc: 0.8383 | Valid acc: 0.7925 | patience: 258 | Epoch time: 29.5 |

2023-01-29 23:27:51,130 - INFO -
| Epoch:    300 | Train loss: 0.2823 | Valid loss: 0.3804 | Train acc: 0.8406 | Valid acc: 0.7954 | patience: 259 | Epoch time: 29.6 |

2023-01-29 23:28:20,653 - INFO -
| Epoch:    301 | Train loss: 0.2972 | Valid loss: 0.3732 | Train acc: 0.8407 | Valid acc: 0.7896 | patience: 260 | Epoch time: 29.5 |

2023-01-29 23:28:50,168 - INFO -
| Epoch:    302 | Train loss: 0.2545 | Valid loss: 0.3822 | Train acc: 0.8537 | Valid acc: 0.7975 | patience: 261 | Epoch time: 29.5 |

2023-01-29 23:29:19,675 - INFO -
| Epoch:    303 | Train loss: 0.2833 | Valid loss: 0.3729 | Train acc: 0.8513 | Valid acc: 0.7923 | patience: 262 | Epoch time: 29.5 |

2023-01-29 23:29:49,203 - INFO -
| Epoch:    304 | Train loss: 0.2933 | Valid loss: 0.3710 | Train acc: 0.8445 | Valid acc: 0.7980 | patience: 263 | Epoch time: 29.5 |

2023-01-29 23:30:18,719 - INFO -
| Epoch:    305 | Train loss: 0.2570 | Valid loss: 0.3699 | Train acc: 0.8505 | Valid acc: 0.7944 | patience: 264 | Epoch time: 29.5 |

2023-01-29 23:30:48,235 - INFO -
| Epoch:    306 | Train loss: 0.2787 | Valid loss: 0.3605 | Train acc: 0.8551 | Valid acc: 0.7967 | patience: 265 | Epoch time: 29.5 |

2023-01-29 23:31:17,770 - INFO -
| Epoch:    307 | Train loss: 0.2866 | Valid loss: 0.3784 | Train acc: 0.8447 | Valid acc: 0.7900 | patience: 266 | Epoch time: 29.5 |

2023-01-29 23:31:47,288 - INFO -
| Epoch:    308 | Train loss: 0.2738 | Valid loss: 0.3777 | Train acc: 0.8563 | Valid acc: 0.7913 | patience: 267 | Epoch time: 29.5 |

2023-01-29 23:32:16,810 - INFO -
| Epoch:    309 | Train loss: 0.2755 | Valid loss: 0.3693 | Train acc: 0.8459 | Valid acc: 0.7890 | patience: 268 | Epoch time: 29.5 |

2023-01-29 23:32:46,329 - INFO -
| Epoch:    310 | Train loss: 0.2577 | Valid loss: 0.3623 | Train acc: 0.8490 | Valid acc: 0.7894 | patience: 269 | Epoch time: 29.5 |

2023-01-29 23:33:15,854 - INFO -
| Epoch:    311 | Train loss: 0.2492 | Valid loss: 0.3732 | Train acc: 0.8539 | Valid acc: 0.7984 | patience: 270 | Epoch time: 29.5 |

2023-01-29 23:33:45,373 - INFO -
| Epoch:    312 | Train loss: 0.2682 | Valid loss: 0.3523 | Train acc: 0.8469 | Valid acc: 0.7971 | patience: 271 | Epoch time: 29.5 |

2023-01-29 23:34:14,896 - INFO -
| Epoch:    313 | Train loss: 0.2788 | Valid loss: 0.3619 | Train acc: 0.8475 | Valid acc: 0.7940 | patience: 272 | Epoch time: 29.5 |

2023-01-29 23:34:44,385 - INFO -
| Epoch:    314 | Train loss: 0.2914 | Valid loss: 0.3681 | Train acc: 0.8347 | Valid acc: 0.8018 | patience: 273 | Epoch time: 29.5 |

2023-01-29 23:35:13,895 - INFO -
| Epoch:    315 | Train loss: 0.2884 | Valid loss: 0.3856 | Train acc: 0.8429 | Valid acc: 0.7930 | patience: 274 | Epoch time: 29.5 |

2023-01-29 23:35:43,418 - INFO -
| Epoch:    316 | Train loss: 0.2737 | Valid loss: 0.3838 | Train acc: 0.8533 | Valid acc: 0.7937 | patience: 275 | Epoch time: 29.5 |

2023-01-29 23:36:12,937 - INFO -
| Epoch:    317 | Train loss: 0.2902 | Valid loss: 0.3714 | Train acc: 0.8443 | Valid acc: 0.7886 | patience: 276 | Epoch time: 29.5 |

2023-01-29 23:36:42,450 - INFO -
| Epoch:    318 | Train loss: 0.2719 | Valid loss: 0.3789 | Train acc: 0.8509 | Valid acc: 0.7889 | patience: 277 | Epoch time: 29.5 |

2023-01-29 23:37:11,946 - INFO -
| Epoch:    319 | Train loss: 0.2838 | Valid loss: 0.3802 | Train acc: 0.8525 | Valid acc: 0.7893 | patience: 278 | Epoch time: 29.5 |

2023-01-29 23:37:41,463 - INFO -
| Epoch:    320 | Train loss: 0.2808 | Valid loss: 0.3747 | Train acc: 0.8385 | Valid acc: 0.7932 | patience: 279 | Epoch time: 29.5 |

2023-01-29 23:38:10,971 - INFO -
| Epoch:    321 | Train loss: 0.2811 | Valid loss: 0.3698 | Train acc: 0.8521 | Valid acc: 0.8007 | patience: 280 | Epoch time: 29.5 |

2023-01-29 23:38:40,486 - INFO -
| Epoch:    322 | Train loss: 0.2740 | Valid loss: 0.3552 | Train acc: 0.8529 | Valid acc: 0.8001 | patience: 281 | Epoch time: 29.5 |

2023-01-29 23:39:10,000 - INFO -
| Epoch:    323 | Train loss: 0.2785 | Valid loss: 0.3652 | Train acc: 0.8452 | Valid acc: 0.7974 | patience: 282 | Epoch time: 29.5 |

2023-01-29 23:39:39,522 - INFO -
| Epoch:    324 | Train loss: 0.2801 | Valid loss: 0.3583 | Train acc: 0.8432 | Valid acc: 0.8000 | patience: 283 | Epoch time: 29.5 |

2023-01-29 23:40:09,030 - INFO -
| Epoch:    325 | Train loss: 0.2717 | Valid loss: 0.3714 | Train acc: 0.8452 | Valid acc: 0.7970 | patience: 284 | Epoch time: 29.5 |

2023-01-29 23:40:38,609 - INFO -
| Epoch:    326 | Train loss: 0.2918 | Valid loss: 0.3741 | Train acc: 0.8470 | Valid acc: 0.7976 | patience: 285 | Epoch time: 29.6 |

2023-01-29 23:41:10,742 - INFO -
| Epoch:    327 | Train loss: 0.2846 | Valid loss: 0.3628 | Train acc: 0.8465 | Valid acc: 0.7944 | patience: 286 | Epoch time: 32.1 |

2023-01-29 23:41:40,658 - INFO -
| Epoch:    328 | Train loss: 0.2784 | Valid loss: 0.3678 | Train acc: 0.8493 | Valid acc: 0.7975 | patience: 287 | Epoch time: 29.9 |

2023-01-29 23:42:10,179 - INFO -
| Epoch:    329 | Train loss: 0.2721 | Valid loss: 0.3590 | Train acc: 0.8571 | Valid acc: 0.8013 | patience: 288 | Epoch time: 29.5 |

2023-01-29 23:42:39,690 - INFO -
| Epoch:    330 | Train loss: 0.2649 | Valid loss: 0.3558 | Train acc: 0.8511 | Valid acc: 0.8009 | patience: 289 | Epoch time: 29.5 |

2023-01-29 23:43:09,215 - INFO -
| Epoch:    331 | Train loss: 0.3066 | Valid loss: 0.3613 | Train acc: 0.8422 | Valid acc: 0.7957 | patience: 290 | Epoch time: 29.5 |

2023-01-29 23:43:38,728 - INFO -
| Epoch:    332 | Train loss: 0.2610 | Valid loss: 0.3619 | Train acc: 0.8536 | Valid acc: 0.7918 | patience: 291 | Epoch time: 29.5 |

2023-01-29 23:44:08,225 - INFO -
| Epoch:    333 | Train loss: 0.2818 | Valid loss: 0.3812 | Train acc: 0.8434 | Valid acc: 0.7962 | patience: 292 | Epoch time: 29.5 |

2023-01-29 23:44:37,725 - INFO -
| Epoch:    334 | Train loss: 0.2789 | Valid loss: 0.3691 | Train acc: 0.8339 | Valid acc: 0.7926 | patience: 293 | Epoch time: 29.5 |

2023-01-29 23:45:07,216 - INFO -
| Epoch:    335 | Train loss: 0.2706 | Valid loss: 0.3716 | Train acc: 0.8556 | Valid acc: 0.7947 | patience: 294 | Epoch time: 29.5 |

2023-01-29 23:45:36,709 - INFO -
| Epoch:    336 | Train loss: 0.2695 | Valid loss: 0.3764 | Train acc: 0.8431 | Valid acc: 0.7935 | patience: 295 | Epoch time: 29.5 |

2023-01-29 23:46:06,245 - INFO -
| Epoch:    337 | Train loss: 0.2917 | Valid loss: 0.3629 | Train acc: 0.8389 | Valid acc: 0.7972 | patience: 296 | Epoch time: 29.5 |

2023-01-29 23:46:35,744 - INFO -
| Epoch:    338 | Train loss: 0.2784 | Valid loss: 0.3662 | Train acc: 0.8468 | Valid acc: 0.7974 | patience: 297 | Epoch time: 29.5 |

2023-01-29 23:47:05,248 - INFO -
| Epoch:    339 | Train loss: 0.2605 | Valid loss: 0.3655 | Train acc: 0.8507 | Valid acc: 0.8018 | patience: 298 | Epoch time: 29.5 |

2023-01-29 23:47:34,752 - INFO -
| Epoch:    340 | Train loss: 0.2775 | Valid loss: 0.3670 | Train acc: 0.8467 | Valid acc: 0.8010 | patience: 299 | Epoch time: 29.5 |

2023-01-29 23:48:04,270 - INFO -
| Epoch:    341 | Train loss: 0.2787 | Valid loss: 0.3652 | Train acc: 0.8408 | Valid acc: 0.7937 | patience: 300 | Epoch time: 29.5 |

2023-01-29 23:48:33,779 - INFO -
| Epoch:    342 | Train loss: 0.2803 | Valid loss: 0.3590 | Train acc: 0.8534 | Valid acc: 0.7954 | patience: 301 | Epoch time: 29.5 |

2023-01-29 23:49:03,282 - INFO -
| Epoch:    343 | Train loss: 0.2737 | Valid loss: 0.3808 | Train acc: 0.8488 | Valid acc: 0.7906 | patience: 302 | Epoch time: 29.5 |

2023-01-29 23:49:32,808 - INFO -
| Epoch:    344 | Train loss: 0.2711 | Valid loss: 0.3606 | Train acc: 0.8454 | Valid acc: 0.7974 | patience: 303 | Epoch time: 29.5 |

2023-01-29 23:50:02,342 - INFO -
| Epoch:    345 | Train loss: 0.2752 | Valid loss: 0.3606 | Train acc: 0.8327 | Valid acc: 0.7955 | patience: 304 | Epoch time: 29.5 |

2023-01-29 23:50:31,871 - INFO -
| Epoch:    346 | Train loss: 0.2827 | Valid loss: 0.3673 | Train acc: 0.8448 | Valid acc: 0.7967 | patience: 305 | Epoch time: 29.5 |

2023-01-29 23:51:01,389 - INFO -
| Epoch:    347 | Train loss: 0.2702 | Valid loss: 0.3597 | Train acc: 0.8539 | Valid acc: 0.8015 | patience: 306 | Epoch time: 29.5 |

2023-01-29 23:51:30,932 - INFO -
| Epoch:    348 | Train loss: 0.2800 | Valid loss: 0.3505 | Train acc: 0.8422 | Valid acc: 0.7962 | patience: 307 | Epoch time: 29.5 |

2023-01-29 23:52:00,773 - INFO -
| Epoch:    349 | Train loss: 0.2949 | Valid loss: 0.3572 | Train acc: 0.8512 | Valid acc: 0.7955 | patience: 308 | Epoch time: 29.8 |

2023-01-29 23:52:30,280 - INFO -
| Epoch:    350 | Train loss: 0.2937 | Valid loss: 0.3743 | Train acc: 0.8445 | Valid acc: 0.7920 | patience: 309 | Epoch time: 29.5 |

2023-01-29 23:52:59,772 - INFO -
| Epoch:    351 | Train loss: 0.2765 | Valid loss: 0.3987 | Train acc: 0.8423 | Valid acc: 0.7911 | patience: 310 | Epoch time: 29.5 |

2023-01-29 23:53:29,299 - INFO -
| Epoch:    352 | Train loss: 0.2714 | Valid loss: 0.3919 | Train acc: 0.8448 | Valid acc: 0.7909 | patience: 311 | Epoch time: 29.5 |

2023-01-29 23:53:58,798 - INFO -
| Epoch:    353 | Train loss: 0.3017 | Valid loss: 0.3745 | Train acc: 0.8428 | Valid acc: 0.7961 | patience: 312 | Epoch time: 29.5 |

2023-01-29 23:54:28,297 - INFO -
| Epoch:    354 | Train loss: 0.2858 | Valid loss: 0.3644 | Train acc: 0.8565 | Valid acc: 0.7967 | patience: 313 | Epoch time: 29.5 |

2023-01-29 23:54:57,793 - INFO -
| Epoch:    355 | Train loss: 0.2847 | Valid loss: 0.3527 | Train acc: 0.8416 | Valid acc: 0.8021 | patience: 314 | Epoch time: 29.5 |

2023-01-29 23:55:27,306 - INFO -
| Epoch:    356 | Train loss: 0.3024 | Valid loss: 0.3574 | Train acc: 0.8350 | Valid acc: 0.7943 | patience: 315 | Epoch time: 29.5 |

2023-01-29 23:55:56,809 - INFO -
| Epoch:    357 | Train loss: 0.2947 | Valid loss: 0.3574 | Train acc: 0.8469 | Valid acc: 0.7944 | patience: 316 | Epoch time: 29.5 |

2023-01-29 23:56:26,307 - INFO -
| Epoch:    358 | Train loss: 0.2804 | Valid loss: 0.3882 | Train acc: 0.8457 | Valid acc: 0.7919 | patience: 317 | Epoch time: 29.5 |

2023-01-29 23:56:55,812 - INFO -
| Epoch:    359 | Train loss: 0.2738 | Valid loss: 0.4090 | Train acc: 0.8488 | Valid acc: 0.7869 | patience: 318 | Epoch time: 29.5 |

2023-01-29 23:57:25,333 - INFO -
| Epoch:    360 | Train loss: 0.3058 | Valid loss: 0.3921 | Train acc: 0.8404 | Valid acc: 0.7880 | patience: 319 | Epoch time: 29.5 |

2023-01-29 23:57:54,842 - INFO -
| Epoch:    361 | Train loss: 0.2869 | Valid loss: 0.3741 | Train acc: 0.8474 | Valid acc: 0.7917 | patience: 320 | Epoch time: 29.5 |

2023-01-29 23:58:24,364 - INFO -
| Epoch:    362 | Train loss: 0.2751 | Valid loss: 0.3636 | Train acc: 0.8325 | Valid acc: 0.7967 | patience: 321 | Epoch time: 29.5 |

2023-01-29 23:58:53,878 - INFO -
| Epoch:    363 | Train loss: 0.2804 | Valid loss: 0.3546 | Train acc: 0.8431 | Valid acc: 0.7979 | patience: 322 | Epoch time: 29.5 |

2023-01-29 23:59:23,382 - INFO -
| Epoch:    364 | Train loss: 0.2947 | Valid loss: 0.3575 | Train acc: 0.8348 | Valid acc: 0.8012 | patience: 323 | Epoch time: 29.5 |

2023-01-29 23:59:52,888 - INFO -
| Epoch:    365 | Train loss: 0.3008 | Valid loss: 0.3639 | Train acc: 0.8529 | Valid acc: 0.7989 | patience: 324 | Epoch time: 29.5 |

2023-01-30 00:00:22,418 - INFO -
| Epoch:    366 | Train loss: 0.2609 | Valid loss: 0.3789 | Train acc: 0.8524 | Valid acc: 0.7978 | patience: 325 | Epoch time: 29.5 |

2023-01-30 00:00:51,956 - INFO -
| Epoch:    367 | Train loss: 0.2744 | Valid loss: 0.3963 | Train acc: 0.8489 | Valid acc: 0.7884 | patience: 326 | Epoch time: 29.5 |

2023-01-30 00:01:21,479 - INFO -
| Epoch:    368 | Train loss: 0.2873 | Valid loss: 0.3834 | Train acc: 0.8463 | Valid acc: 0.7911 | patience: 327 | Epoch time: 29.5 |

2023-01-30 00:01:50,985 - INFO -
| Epoch:    369 | Train loss: 0.2885 | Valid loss: 0.3821 | Train acc: 0.8419 | Valid acc: 0.7909 | patience: 328 | Epoch time: 29.5 |

2023-01-30 00:02:20,510 - INFO -
| Epoch:    370 | Train loss: 0.2707 | Valid loss: 0.3784 | Train acc: 0.8515 | Valid acc: 0.7898 | patience: 329 | Epoch time: 29.5 |

2023-01-30 00:02:50,059 - INFO -
| Epoch:    371 | Train loss: 0.2703 | Valid loss: 0.3606 | Train acc: 0.8462 | Valid acc: 0.7944 | patience: 330 | Epoch time: 29.5 |

2023-01-30 00:03:19,582 - INFO -
| Epoch:    372 | Train loss: 0.2769 | Valid loss: 0.3654 | Train acc: 0.8533 | Valid acc: 0.7989 | patience: 331 | Epoch time: 29.5 |

2023-01-30 00:03:49,089 - INFO -
| Epoch:    373 | Train loss: 0.2983 | Valid loss: 0.3596 | Train acc: 0.8470 | Valid acc: 0.7984 | patience: 332 | Epoch time: 29.5 |

2023-01-30 00:04:18,586 - INFO -
| Epoch:    374 | Train loss: 0.2737 | Valid loss: 0.3600 | Train acc: 0.8521 | Valid acc: 0.7989 | patience: 333 | Epoch time: 29.5 |

2023-01-30 00:04:48,090 - INFO -
| Epoch:    375 | Train loss: 0.2761 | Valid loss: 0.3718 | Train acc: 0.8432 | Valid acc: 0.7993 | patience: 334 | Epoch time: 29.5 |

2023-01-30 00:05:17,600 - INFO -
| Epoch:    376 | Train loss: 0.2649 | Valid loss: 0.3538 | Train acc: 0.8516 | Valid acc: 0.7934 | patience: 335 | Epoch time: 29.5 |

2023-01-30 00:05:47,114 - INFO -
| Epoch:    377 | Train loss: 0.2806 | Valid loss: 0.3594 | Train acc: 0.8468 | Valid acc: 0.7928 | patience: 336 | Epoch time: 29.5 |

2023-01-30 00:06:16,623 - INFO -
| Epoch:    378 | Train loss: 0.2710 | Valid loss: 0.3751 | Train acc: 0.8483 | Valid acc: 0.7945 | patience: 337 | Epoch time: 29.5 |

2023-01-30 00:06:46,144 - INFO -
| Epoch:    379 | Train loss: 0.2897 | Valid loss: 0.3818 | Train acc: 0.8515 | Valid acc: 0.7976 | patience: 338 | Epoch time: 29.5 |

2023-01-30 00:07:15,674 - INFO -
| Epoch:    380 | Train loss: 0.2737 | Valid loss: 0.3649 | Train acc: 0.8524 | Valid acc: 0.7970 | patience: 339 | Epoch time: 29.5 |

2023-01-30 00:07:45,196 - INFO -
| Epoch:    381 | Train loss: 0.2849 | Valid loss: 0.3612 | Train acc: 0.8462 | Valid acc: 0.8003 | patience: 340 | Epoch time: 29.5 |

2023-01-30 00:08:14,721 - INFO -
| Epoch:    382 | Train loss: 0.2638 | Valid loss: 0.3749 | Train acc: 0.8474 | Valid acc: 0.7954 | patience: 341 | Epoch time: 29.5 |

2023-01-30 00:08:44,245 - INFO -
| Epoch:    383 | Train loss: 0.2760 | Valid loss: 0.3650 | Train acc: 0.8516 | Valid acc: 0.7953 | patience: 342 | Epoch time: 29.5 |

2023-01-30 00:09:13,762 - INFO -
| Epoch:    384 | Train loss: 0.2714 | Valid loss: 0.3699 | Train acc: 0.8433 | Valid acc: 0.7933 | patience: 343 | Epoch time: 29.5 |

2023-01-30 00:09:43,302 - INFO -
| Epoch:    385 | Train loss: 0.2756 | Valid loss: 0.3752 | Train acc: 0.8533 | Valid acc: 0.7955 | patience: 344 | Epoch time: 29.5 |

2023-01-30 00:10:12,812 - INFO -
| Epoch:    386 | Train loss: 0.2498 | Valid loss: 0.3588 | Train acc: 0.8437 | Valid acc: 0.7990 | patience: 345 | Epoch time: 29.5 |

2023-01-30 00:10:42,356 - INFO -
| Epoch:    387 | Train loss: 0.2732 | Valid loss: 0.3621 | Train acc: 0.8536 | Valid acc: 0.7978 | patience: 346 | Epoch time: 29.5 |

2023-01-30 00:11:12,219 - INFO -
| Epoch:    388 | Train loss: 0.2772 | Valid loss: 0.3549 | Train acc: 0.8447 | Valid acc: 0.7957 | patience: 347 | Epoch time: 29.9 |

2023-01-30 00:11:41,754 - INFO -
| Epoch:    389 | Train loss: 0.2638 | Valid loss: 0.3648 | Train acc: 0.8484 | Valid acc: 0.8009 | patience: 348 | Epoch time: 29.5 |

2023-01-30 00:12:11,279 - INFO -
| Epoch:    390 | Train loss: 0.2756 | Valid loss: 0.3728 | Train acc: 0.8515 | Valid acc: 0.7966 | patience: 349 | Epoch time: 29.5 |

2023-01-30 00:12:40,798 - INFO -
| Epoch:    391 | Train loss: 0.2880 | Valid loss: 0.3684 | Train acc: 0.8448 | Valid acc: 0.7945 | patience: 350 | Epoch time: 29.5 |

2023-01-30 00:13:10,330 - INFO -
| Epoch:    392 | Train loss: 0.2729 | Valid loss: 0.3731 | Train acc: 0.8537 | Valid acc: 0.7914 | patience: 351 | Epoch time: 29.5 |

2023-01-30 00:13:39,857 - INFO -
| Epoch:    393 | Train loss: 0.2907 | Valid loss: 0.3614 | Train acc: 0.8605 | Valid acc: 0.7969 | patience: 352 | Epoch time: 29.5 |

2023-01-30 00:14:09,380 - INFO -
| Epoch:    394 | Train loss: 0.2775 | Valid loss: 0.3585 | Train acc: 0.8466 | Valid acc: 0.7967 | patience: 353 | Epoch time: 29.5 |

2023-01-30 00:14:38,913 - INFO -
| Epoch:    395 | Train loss: 0.2661 | Valid loss: 0.3588 | Train acc: 0.8577 | Valid acc: 0.7984 | patience: 354 | Epoch time: 29.5 |

2023-01-30 00:15:08,432 - INFO -
| Epoch:    396 | Train loss: 0.2647 | Valid loss: 0.3518 | Train acc: 0.8562 | Valid acc: 0.8041 | patience: 355 | Epoch time: 29.5 |

2023-01-30 00:15:37,930 - INFO -
| Epoch:    397 | Train loss: 0.3069 | Valid loss: 0.3622 | Train acc: 0.8493 | Valid acc: 0.7988 | patience: 356 | Epoch time: 29.5 |

2023-01-30 00:16:07,434 - INFO -
| Epoch:    398 | Train loss: 0.2626 | Valid loss: 0.3746 | Train acc: 0.8508 | Valid acc: 0.7941 | patience: 357 | Epoch time: 29.5 |

2023-01-30 00:16:36,939 - INFO -
| Epoch:    399 | Train loss: 0.2690 | Valid loss: 0.3726 | Train acc: 0.8511 | Valid acc: 0.7908 | patience: 358 | Epoch time: 29.5 |

2023-01-30 00:17:06,455 - INFO -
| Epoch:    400 | Train loss: 0.2735 | Valid loss: 0.3625 | Train acc: 0.8498 | Valid acc: 0.7886 | patience: 359 | Epoch time: 29.5 |

2023-01-30 00:17:35,980 - INFO -
| Epoch:    401 | Train loss: 0.2722 | Valid loss: 0.3658 | Train acc: 0.8522 | Valid acc: 0.7925 | patience: 360 | Epoch time: 29.5 |

2023-01-30 00:18:05,508 - INFO -
| Epoch:    402 | Train loss: 0.2716 | Valid loss: 0.3695 | Train acc: 0.8555 | Valid acc: 0.8002 | patience: 361 | Epoch time: 29.5 |

2023-01-30 00:18:35,002 - INFO -
| Epoch:    403 | Train loss: 0.2734 | Valid loss: 0.3727 | Train acc: 0.8550 | Valid acc: 0.7952 | patience: 362 | Epoch time: 29.5 |

2023-01-30 00:19:04,505 - INFO -
| Epoch:    404 | Train loss: 0.2780 | Valid loss: 0.3672 | Train acc: 0.8501 | Valid acc: 0.7941 | patience: 363 | Epoch time: 29.5 |

2023-01-30 00:19:34,015 - INFO -
| Epoch:    405 | Train loss: 0.2716 | Valid loss: 0.3565 | Train acc: 0.8587 | Valid acc: 0.7931 | patience: 364 | Epoch time: 29.5 |

2023-01-30 00:20:03,520 - INFO -
| Epoch:    406 | Train loss: 0.2708 | Valid loss: 0.3634 | Train acc: 0.8492 | Valid acc: 0.7995 | patience: 365 | Epoch time: 29.5 |

2023-01-30 00:20:33,022 - INFO -
| Epoch:    407 | Train loss: 0.2660 | Valid loss: 0.3591 | Train acc: 0.8488 | Valid acc: 0.8006 | patience: 366 | Epoch time: 29.5 |

2023-01-30 00:21:02,539 - INFO -
| Epoch:    408 | Train loss: 0.2741 | Valid loss: 0.3545 | Train acc: 0.8494 | Valid acc: 0.7972 | patience: 367 | Epoch time: 29.5 |

2023-01-30 00:21:32,380 - INFO -
| Epoch:    409 | Train loss: 0.2715 | Valid loss: 0.3621 | Train acc: 0.8498 | Valid acc: 0.7981 | patience: 368 | Epoch time: 29.8 |

2023-01-30 00:22:01,903 - INFO -
| Epoch:    410 | Train loss: 0.2775 | Valid loss: 0.3760 | Train acc: 0.8454 | Valid acc: 0.7964 | patience: 369 | Epoch time: 29.5 |

2023-01-30 00:22:31,390 - INFO -
| Epoch:    411 | Train loss: 0.2671 | Valid loss: 0.3729 | Train acc: 0.8541 | Valid acc: 0.7945 | patience: 370 | Epoch time: 29.5 |

2023-01-30 00:23:00,912 - INFO -
| Epoch:    412 | Train loss: 0.2774 | Valid loss: 0.3778 | Train acc: 0.8439 | Valid acc: 0.7929 | patience: 371 | Epoch time: 29.5 |

2023-01-30 00:23:30,489 - INFO -
| Epoch:    413 | Train loss: 0.2938 | Valid loss: 0.3880 | Train acc: 0.8454 | Valid acc: 0.7916 | patience: 372 | Epoch time: 29.6 |

2023-01-30 00:23:59,997 - INFO -
| Epoch:    414 | Train loss: 0.2594 | Valid loss: 0.3663 | Train acc: 0.8519 | Valid acc: 0.7937 | patience: 373 | Epoch time: 29.5 |

2023-01-30 00:24:29,507 - INFO -
| Epoch:    415 | Train loss: 0.2748 | Valid loss: 0.3614 | Train acc: 0.8455 | Valid acc: 0.7924 | patience: 374 | Epoch time: 29.5 |

2023-01-30 00:24:59,005 - INFO -
| Epoch:    416 | Train loss: 0.2802 | Valid loss: 0.3600 | Train acc: 0.8484 | Valid acc: 0.7909 | patience: 375 | Epoch time: 29.5 |

2023-01-30 00:25:28,505 - INFO -
| Epoch:    417 | Train loss: 0.2841 | Valid loss: 0.3625 | Train acc: 0.8481 | Valid acc: 0.8014 | patience: 376 | Epoch time: 29.5 |

2023-01-30 00:25:58,020 - INFO -
| Epoch:    418 | Train loss: 0.2596 | Valid loss: 0.3634 | Train acc: 0.8526 | Valid acc: 0.8018 | patience: 377 | Epoch time: 29.5 |

2023-01-30 00:26:27,567 - INFO -
| Epoch:    419 | Train loss: 0.2582 | Valid loss: 0.3642 | Train acc: 0.8556 | Valid acc: 0.7997 | patience: 378 | Epoch time: 29.5 |

2023-01-30 00:26:57,072 - INFO -
| Epoch:    420 | Train loss: 0.2667 | Valid loss: 0.3647 | Train acc: 0.8544 | Valid acc: 0.7949 | patience: 379 | Epoch time: 29.5 |

2023-01-30 00:27:26,580 - INFO -
| Epoch:    421 | Train loss: 0.2683 | Valid loss: 0.3801 | Train acc: 0.8612 | Valid acc: 0.7970 | patience: 380 | Epoch time: 29.5 |

2023-01-30 00:27:56,118 - INFO -
| Epoch:    422 | Train loss: 0.3019 | Valid loss: 0.3679 | Train acc: 0.8540 | Valid acc: 0.7922 | patience: 381 | Epoch time: 29.5 |

2023-01-30 00:28:25,630 - INFO -
| Epoch:    423 | Train loss: 0.2894 | Valid loss: 0.3597 | Train acc: 0.8473 | Valid acc: 0.7967 | patience: 382 | Epoch time: 29.5 |

2023-01-30 00:28:55,159 - INFO -
| Epoch:    424 | Train loss: 0.2583 | Valid loss: 0.3574 | Train acc: 0.8502 | Valid acc: 0.7974 | patience: 383 | Epoch time: 29.5 |

2023-01-30 00:29:24,697 - INFO -
| Epoch:    425 | Train loss: 0.2797 | Valid loss: 0.3652 | Train acc: 0.8444 | Valid acc: 0.8020 | patience: 384 | Epoch time: 29.5 |

2023-01-30 00:29:54,207 - INFO -
| Epoch:    426 | Train loss: 0.2540 | Valid loss: 0.3442 | Train acc: 0.8482 | Valid acc: 0.8028 | patience: 385 | Epoch time: 29.5 |

2023-01-30 00:30:23,745 - INFO -
| Epoch:    427 | Train loss: 0.2564 | Valid loss: 0.3468 | Train acc: 0.8524 | Valid acc: 0.8014 | patience: 386 | Epoch time: 29.5 |

2023-01-30 00:30:53,259 - INFO -
| Epoch:    428 | Train loss: 0.2845 | Valid loss: 0.3547 | Train acc: 0.8471 | Valid acc: 0.7959 | patience: 387 | Epoch time: 29.5 |

2023-01-30 00:31:22,796 - INFO -
| Epoch:    429 | Train loss: 0.2646 | Valid loss: 0.3699 | Train acc: 0.8466 | Valid acc: 0.7950 | patience: 388 | Epoch time: 29.5 |

2023-01-30 00:31:52,309 - INFO -
| Epoch:    430 | Train loss: 0.2729 | Valid loss: 0.3758 | Train acc: 0.8557 | Valid acc: 0.7934 | patience: 389 | Epoch time: 29.5 |

2023-01-30 00:32:21,826 - INFO -
| Epoch:    431 | Train loss: 0.2836 | Valid loss: 0.3950 | Train acc: 0.8429 | Valid acc: 0.7948 | patience: 390 | Epoch time: 29.5 |

2023-01-30 00:32:51,354 - INFO -
| Epoch:    432 | Train loss: 0.2762 | Valid loss: 0.3895 | Train acc: 0.8503 | Valid acc: 0.7924 | patience: 391 | Epoch time: 29.5 |

2023-01-30 00:33:20,872 - INFO -
| Epoch:    433 | Train loss: 0.2800 | Valid loss: 0.3774 | Train acc: 0.8533 | Valid acc: 0.7956 | patience: 392 | Epoch time: 29.5 |

2023-01-30 00:33:50,377 - INFO -
| Epoch:    434 | Train loss: 0.2640 | Valid loss: 0.3732 | Train acc: 0.8517 | Valid acc: 0.7995 | patience: 393 | Epoch time: 29.5 |

2023-01-30 00:34:19,870 - INFO -
| Epoch:    435 | Train loss: 0.2702 | Valid loss: 0.3702 | Train acc: 0.8443 | Valid acc: 0.8016 | patience: 394 | Epoch time: 29.5 |

2023-01-30 00:34:49,407 - INFO -
| Epoch:    436 | Train loss: 0.2843 | Valid loss: 0.3704 | Train acc: 0.8424 | Valid acc: 0.7943 | patience: 395 | Epoch time: 29.5 |

2023-01-30 00:35:18,905 - INFO -
| Epoch:    437 | Train loss: 0.2600 | Valid loss: 0.3800 | Train acc: 0.8502 | Valid acc: 0.7964 | patience: 396 | Epoch time: 29.5 |

2023-01-30 00:35:48,435 - INFO -
| Epoch:    438 | Train loss: 0.2610 | Valid loss: 0.3558 | Train acc: 0.8582 | Valid acc: 0.7986 | patience: 397 | Epoch time: 29.5 |

2023-01-30 00:36:17,947 - INFO -
| Epoch:    439 | Train loss: 0.2720 | Valid loss: 0.3869 | Train acc: 0.8480 | Valid acc: 0.7961 | patience: 398 | Epoch time: 29.5 |

2023-01-30 00:36:47,457 - INFO -
| Epoch:    440 | Train loss: 0.2786 | Valid loss: 0.3813 | Train acc: 0.8500 | Valid acc: 0.7931 | patience: 399 | Epoch time: 29.5 |

2023-01-30 00:37:16,996 - INFO -
| Epoch:    441 | Train loss: 0.2813 | Valid loss: 0.3578 | Train acc: 0.8543 | Valid acc: 0.7954 | patience: 400 | Epoch time: 29.5 |

2023-01-30 00:37:46,510 - INFO -
| Epoch:    442 | Train loss: 0.2640 | Valid loss: 0.3700 | Train acc: 0.8560 | Valid acc: 0.8016 | patience: 401 | Epoch time: 29.5 |

2023-01-30 00:38:16,030 - INFO -
| Epoch:    443 | Train loss: 0.2661 | Valid loss: 0.3669 | Train acc: 0.8545 | Valid acc: 0.7986 | patience: 402 | Epoch time: 29.5 |

2023-01-30 00:38:45,556 - INFO -
| Epoch:    444 | Train loss: 0.2717 | Valid loss: 0.3493 | Train acc: 0.8533 | Valid acc: 0.7924 | patience: 403 | Epoch time: 29.5 |

2023-01-30 00:39:15,074 - INFO -
| Epoch:    445 | Train loss: 0.2575 | Valid loss: 0.3582 | Train acc: 0.8527 | Valid acc: 0.7999 | patience: 404 | Epoch time: 29.5 |

2023-01-30 00:39:44,586 - INFO -
| Epoch:    446 | Train loss: 0.3171 | Valid loss: 0.3668 | Train acc: 0.8470 | Valid acc: 0.7965 | patience: 405 | Epoch time: 29.5 |

2023-01-30 00:40:14,103 - INFO -
| Epoch:    447 | Train loss: 0.2649 | Valid loss: 0.3599 | Train acc: 0.8559 | Valid acc: 0.7893 | patience: 406 | Epoch time: 29.5 |

2023-01-30 00:40:43,945 - INFO -
| Epoch:    448 | Train loss: 0.2677 | Valid loss: 0.3654 | Train acc: 0.8517 | Valid acc: 0.7952 | patience: 407 | Epoch time: 29.8 |

2023-01-30 00:41:13,454 - INFO -
| Epoch:    449 | Train loss: 0.2697 | Valid loss: 0.3772 | Train acc: 0.8490 | Valid acc: 0.7984 | patience: 408 | Epoch time: 29.5 |

2023-01-30 00:41:42,974 - INFO -
| Epoch:    450 | Train loss: 0.2703 | Valid loss: 0.3762 | Train acc: 0.8444 | Valid acc: 0.7950 | patience: 409 | Epoch time: 29.5 |

2023-01-30 00:42:12,483 - INFO -
| Epoch:    451 | Train loss: 0.2684 | Valid loss: 0.3715 | Train acc: 0.8482 | Valid acc: 0.7955 | patience: 410 | Epoch time: 29.5 |

2023-01-30 00:42:41,990 - INFO -
| Epoch:    452 | Train loss: 0.2705 | Valid loss: 0.3541 | Train acc: 0.8546 | Valid acc: 0.8006 | patience: 411 | Epoch time: 29.5 |

2023-01-30 00:43:11,490 - INFO -
| Epoch:    453 | Train loss: 0.2698 | Valid loss: 0.3684 | Train acc: 0.8456 | Valid acc: 0.7966 | patience: 412 | Epoch time: 29.5 |

2023-01-30 00:43:40,986 - INFO -
| Epoch:    454 | Train loss: 0.2719 | Valid loss: 0.3702 | Train acc: 0.8463 | Valid acc: 0.7937 | patience: 413 | Epoch time: 29.5 |

2023-01-30 00:44:10,490 - INFO -
| Epoch:    455 | Train loss: 0.2641 | Valid loss: 0.3682 | Train acc: 0.8522 | Valid acc: 0.7957 | patience: 414 | Epoch time: 29.5 |

2023-01-30 00:44:39,982 - INFO -
| Epoch:    456 | Train loss: 0.2669 | Valid loss: 0.3719 | Train acc: 0.8457 | Valid acc: 0.7988 | patience: 415 | Epoch time: 29.5 |

2023-01-30 00:45:09,488 - INFO -
| Epoch:    457 | Train loss: 0.2622 | Valid loss: 0.3595 | Train acc: 0.8521 | Valid acc: 0.7969 | patience: 416 | Epoch time: 29.5 |

2023-01-30 00:45:39,000 - INFO -
| Epoch:    458 | Train loss: 0.2640 | Valid loss: 0.3966 | Train acc: 0.8534 | Valid acc: 0.7943 | patience: 417 | Epoch time: 29.5 |

2023-01-30 00:46:10,759 - INFO -
| Epoch:    459 | Train loss: 0.2777 | Valid loss: 0.3630 | Train acc: 0.8395 | Valid acc: 0.7948 | patience: 418 | Epoch time: 31.8 |

2023-01-30 00:46:40,500 - INFO -
| Epoch:    460 | Train loss: 0.2785 | Valid loss: 0.3753 | Train acc: 0.8467 | Valid acc: 0.8044 | patience: 419 | Epoch time: 29.7 |

2023-01-30 00:47:10,004 - INFO -
| Epoch:    461 | Train loss: 0.2786 | Valid loss: 0.3584 | Train acc: 0.8560 | Valid acc: 0.7970 | patience: 420 | Epoch time: 29.5 |

2023-01-30 00:47:39,525 - INFO -
| Epoch:    462 | Train loss: 0.2852 | Valid loss: 0.3767 | Train acc: 0.8450 | Valid acc: 0.7985 | patience: 421 | Epoch time: 29.5 |

2023-01-30 00:48:09,042 - INFO -
| Epoch:    463 | Train loss: 0.2716 | Valid loss: 0.3672 | Train acc: 0.8625 | Valid acc: 0.7995 | patience: 422 | Epoch time: 29.5 |

2023-01-30 00:48:38,545 - INFO -
| Epoch:    464 | Train loss: 0.2705 | Valid loss: 0.3721 | Train acc: 0.8594 | Valid acc: 0.7944 | patience: 423 | Epoch time: 29.5 |

2023-01-30 00:49:08,054 - INFO -
| Epoch:    465 | Train loss: 0.2854 | Valid loss: 0.3750 | Train acc: 0.8568 | Valid acc: 0.7947 | patience: 424 | Epoch time: 29.5 |

2023-01-30 00:49:37,576 - INFO -
| Epoch:    466 | Train loss: 0.2653 | Valid loss: 0.3676 | Train acc: 0.8488 | Valid acc: 0.7926 | patience: 425 | Epoch time: 29.5 |

2023-01-30 00:50:07,088 - INFO -
| Epoch:    467 | Train loss: 0.2701 | Valid loss: 0.3610 | Train acc: 0.8537 | Valid acc: 0.7992 | patience: 426 | Epoch time: 29.5 |

2023-01-30 00:50:36,606 - INFO -
| Epoch:    468 | Train loss: 0.2766 | Valid loss: 0.3617 | Train acc: 0.8477 | Valid acc: 0.7999 | patience: 427 | Epoch time: 29.5 |

2023-01-30 00:51:06,473 - INFO -
| Epoch:    469 | Train loss: 0.2690 | Valid loss: 0.3653 | Train acc: 0.8538 | Valid acc: 0.7971 | patience: 428 | Epoch time: 29.9 |

2023-01-30 00:51:36,000 - INFO -
| Epoch:    470 | Train loss: 0.2625 | Valid loss: 0.3562 | Train acc: 0.8593 | Valid acc: 0.8025 | patience: 429 | Epoch time: 29.5 |

2023-01-30 00:52:05,516 - INFO -
| Epoch:    471 | Train loss: 0.2705 | Valid loss: 0.3668 | Train acc: 0.8526 | Valid acc: 0.7979 | patience: 430 | Epoch time: 29.5 |

2023-01-30 00:52:35,031 - INFO -
| Epoch:    472 | Train loss: 0.2762 | Valid loss: 0.3651 | Train acc: 0.8543 | Valid acc: 0.7958 | patience: 431 | Epoch time: 29.5 |

2023-01-30 00:53:04,556 - INFO -
| Epoch:    473 | Train loss: 0.2839 | Valid loss: 0.3721 | Train acc: 0.8555 | Valid acc: 0.7944 | patience: 432 | Epoch time: 29.5 |

2023-01-30 00:53:34,071 - INFO -
| Epoch:    474 | Train loss: 0.2762 | Valid loss: 0.3666 | Train acc: 0.8491 | Valid acc: 0.7914 | patience: 433 | Epoch time: 29.5 |

2023-01-30 00:54:03,589 - INFO -
| Epoch:    475 | Train loss: 0.2580 | Valid loss: 0.3662 | Train acc: 0.8501 | Valid acc: 0.7913 | patience: 434 | Epoch time: 29.5 |

2023-01-30 00:54:33,100 - INFO -
| Epoch:    476 | Train loss: 0.2655 | Valid loss: 0.3540 | Train acc: 0.8522 | Valid acc: 0.7972 | patience: 435 | Epoch time: 29.5 |

2023-01-30 00:55:02,620 - INFO -
| Epoch:    477 | Train loss: 0.2708 | Valid loss: 0.3751 | Train acc: 0.8530 | Valid acc: 0.7967 | patience: 436 | Epoch time: 29.5 |

2023-01-30 00:55:32,137 - INFO -
| Epoch:    478 | Train loss: 0.2585 | Valid loss: 0.3617 | Train acc: 0.8586 | Valid acc: 0.7931 | patience: 437 | Epoch time: 29.5 |

2023-01-30 00:56:01,645 - INFO -
| Epoch:    479 | Train loss: 0.2677 | Valid loss: 0.3671 | Train acc: 0.8459 | Valid acc: 0.7935 | patience: 438 | Epoch time: 29.5 |

2023-01-30 00:56:31,156 - INFO -
| Epoch:    480 | Train loss: 0.2873 | Valid loss: 0.3585 | Train acc: 0.8481 | Valid acc: 0.7986 | patience: 439 | Epoch time: 29.5 |

2023-01-30 00:57:00,675 - INFO -
| Epoch:    481 | Train loss: 0.2874 | Valid loss: 0.3704 | Train acc: 0.8458 | Valid acc: 0.7961 | patience: 440 | Epoch time: 29.5 |

2023-01-30 00:57:30,197 - INFO -
| Epoch:    482 | Train loss: 0.2654 | Valid loss: 0.3861 | Train acc: 0.8568 | Valid acc: 0.7950 | patience: 441 | Epoch time: 29.5 |

2023-01-30 00:57:59,702 - INFO -
| Epoch:    483 | Train loss: 0.2810 | Valid loss: 0.3682 | Train acc: 0.8558 | Valid acc: 0.7978 | patience: 442 | Epoch time: 29.5 |

2023-01-30 00:58:29,236 - INFO -
| Epoch:    484 | Train loss: 0.2688 | Valid loss: 0.3802 | Train acc: 0.8446 | Valid acc: 0.7929 | patience: 443 | Epoch time: 29.5 |

2023-01-30 00:58:58,739 - INFO -
| Epoch:    485 | Train loss: 0.2746 | Valid loss: 0.3661 | Train acc: 0.8514 | Valid acc: 0.7961 | patience: 444 | Epoch time: 29.5 |

2023-01-30 00:59:28,252 - INFO -
| Epoch:    486 | Train loss: 0.2681 | Valid loss: 0.3644 | Train acc: 0.8544 | Valid acc: 0.8019 | patience: 445 | Epoch time: 29.5 |

2023-01-30 00:59:57,785 - INFO -
| Epoch:    487 | Train loss: 0.2613 | Valid loss: 0.3574 | Train acc: 0.8510 | Valid acc: 0.7979 | patience: 446 | Epoch time: 29.5 |

2023-01-30 01:00:27,289 - INFO -
| Epoch:    488 | Train loss: 0.2603 | Valid loss: 0.3635 | Train acc: 0.8538 | Valid acc: 0.7959 | patience: 447 | Epoch time: 29.5 |

2023-01-30 01:00:56,784 - INFO -
| Epoch:    489 | Train loss: 0.2739 | Valid loss: 0.3631 | Train acc: 0.8587 | Valid acc: 0.7979 | patience: 448 | Epoch time: 29.5 |

2023-01-30 01:01:26,325 - INFO -
| Epoch:    490 | Train loss: 0.2670 | Valid loss: 0.3740 | Train acc: 0.8592 | Valid acc: 0.7950 | patience: 449 | Epoch time: 29.5 |

2023-01-30 01:01:55,846 - INFO -
| Epoch:    491 | Train loss: 0.2784 | Valid loss: 0.3714 | Train acc: 0.8506 | Valid acc: 0.7970 | patience: 450 | Epoch time: 29.5 |

2023-01-30 01:02:25,368 - INFO -
| Epoch:    492 | Train loss: 0.2760 | Valid loss: 0.3664 | Train acc: 0.8551 | Valid acc: 0.7962 | patience: 451 | Epoch time: 29.5 |

2023-01-30 01:02:54,869 - INFO -
| Epoch:    493 | Train loss: 0.2690 | Valid loss: 0.3631 | Train acc: 0.8474 | Valid acc: 0.7984 | patience: 452 | Epoch time: 29.5 |

2023-01-30 01:03:24,371 - INFO -
| Epoch:    494 | Train loss: 0.2690 | Valid loss: 0.3626 | Train acc: 0.8511 | Valid acc: 0.7993 | patience: 453 | Epoch time: 29.5 |

2023-01-30 01:03:53,889 - INFO -
| Epoch:    495 | Train loss: 0.2663 | Valid loss: 0.3643 | Train acc: 0.8524 | Valid acc: 0.7959 | patience: 454 | Epoch time: 29.5 |

2023-01-30 01:04:23,409 - INFO -
| Epoch:    496 | Train loss: 0.2975 | Valid loss: 0.3684 | Train acc: 0.8517 | Valid acc: 0.8003 | patience: 455 | Epoch time: 29.5 |

2023-01-30 01:04:52,914 - INFO -
| Epoch:    497 | Train loss: 0.2688 | Valid loss: 0.3632 | Train acc: 0.8445 | Valid acc: 0.7941 | patience: 456 | Epoch time: 29.5 |

2023-01-30 01:05:22,416 - INFO -
| Epoch:    498 | Train loss: 0.2783 | Valid loss: 0.3603 | Train acc: 0.8431 | Valid acc: 0.7981 | patience: 457 | Epoch time: 29.5 |

2023-01-30 01:05:51,920 - INFO -
| Epoch:    499 | Train loss: 0.2819 | Valid loss: 0.3718 | Train acc: 0.8542 | Valid acc: 0.7961 | patience: 458 | Epoch time: 29.5 |

2023-01-30 01:06:21,429 - INFO -
| Epoch:    500 | Train loss: 0.2916 | Valid loss: 0.3645 | Train acc: 0.8484 | Valid acc: 0.7974 | patience: 459 | Epoch time: 29.5 |

2023-01-30 01:06:50,955 - INFO -
| Epoch:    501 | Train loss: 0.2724 | Valid loss: 0.3716 | Train acc: 0.8525 | Valid acc: 0.7952 | patience: 460 | Epoch time: 29.5 |

2023-01-30 01:07:20,475 - INFO -
| Epoch:    502 | Train loss: 0.2919 | Valid loss: 0.3561 | Train acc: 0.8503 | Valid acc: 0.7935 | patience: 461 | Epoch time: 29.5 |

2023-01-30 01:07:49,990 - INFO -
| Epoch:    503 | Train loss: 0.2819 | Valid loss: 0.3729 | Train acc: 0.8522 | Valid acc: 0.7961 | patience: 462 | Epoch time: 29.5 |

2023-01-30 01:08:19,503 - INFO -
| Epoch:    504 | Train loss: 0.2781 | Valid loss: 0.3589 | Train acc: 0.8563 | Valid acc: 0.7945 | patience: 463 | Epoch time: 29.5 |

2023-01-30 01:08:49,022 - INFO -
| Epoch:    505 | Train loss: 0.2608 | Valid loss: 0.3620 | Train acc: 0.8567 | Valid acc: 0.7956 | patience: 464 | Epoch time: 29.5 |

2023-01-30 01:09:18,521 - INFO -
| Epoch:    506 | Train loss: 0.2716 | Valid loss: 0.3563 | Train acc: 0.8558 | Valid acc: 0.8043 | patience: 465 | Epoch time: 29.5 |

2023-01-30 01:09:48,042 - INFO -
| Epoch:    507 | Train loss: 0.2779 | Valid loss: 0.3577 | Train acc: 0.8471 | Valid acc: 0.8039 | patience: 466 | Epoch time: 29.5 |

2023-01-30 01:10:17,882 - INFO -
| Epoch:    508 | Train loss: 0.2891 | Valid loss: 0.3664 | Train acc: 0.8562 | Valid acc: 0.7989 | patience: 467 | Epoch time: 29.8 |

2023-01-30 01:10:47,397 - INFO -
| Epoch:    509 | Train loss: 0.2717 | Valid loss: 0.3831 | Train acc: 0.8525 | Valid acc: 0.7952 | patience: 468 | Epoch time: 29.5 |

2023-01-30 01:11:16,920 - INFO -
| Epoch:    510 | Train loss: 0.2789 | Valid loss: 0.3807 | Train acc: 0.8547 | Valid acc: 0.7941 | patience: 469 | Epoch time: 29.5 |

2023-01-30 01:11:46,458 - INFO -
| Epoch:    511 | Train loss: 0.2863 | Valid loss: 0.3804 | Train acc: 0.8500 | Valid acc: 0.7984 | patience: 470 | Epoch time: 29.5 |

2023-01-30 01:12:16,012 - INFO -
| Epoch:    512 | Train loss: 0.2860 | Valid loss: 0.3728 | Train acc: 0.8449 | Valid acc: 0.7959 | patience: 471 | Epoch time: 29.6 |

2023-01-30 01:12:45,542 - INFO -
| Epoch:    513 | Train loss: 0.2656 | Valid loss: 0.3588 | Train acc: 0.8585 | Valid acc: 0.7954 | patience: 472 | Epoch time: 29.5 |

2023-01-30 01:13:15,084 - INFO -
| Epoch:    514 | Train loss: 0.2661 | Valid loss: 0.3683 | Train acc: 0.8531 | Valid acc: 0.7990 | patience: 473 | Epoch time: 29.5 |

2023-01-30 01:13:44,633 - INFO -
| Epoch:    515 | Train loss: 0.2846 | Valid loss: 0.3561 | Train acc: 0.8494 | Valid acc: 0.7984 | patience: 474 | Epoch time: 29.5 |

2023-01-30 01:14:14,203 - INFO -
| Epoch:    516 | Train loss: 0.2824 | Valid loss: 0.3486 | Train acc: 0.8449 | Valid acc: 0.8042 | patience: 475 | Epoch time: 29.6 |

2023-01-30 01:14:43,748 - INFO -
| Epoch:    517 | Train loss: 0.2981 | Valid loss: 0.3621 | Train acc: 0.8465 | Valid acc: 0.7950 | patience: 476 | Epoch time: 29.5 |

2023-01-30 01:15:13,294 - INFO -
| Epoch:    518 | Train loss: 0.2709 | Valid loss: 0.3588 | Train acc: 0.8493 | Valid acc: 0.7947 | patience: 477 | Epoch time: 29.5 |

2023-01-30 01:15:42,827 - INFO -
| Epoch:    519 | Train loss: 0.2769 | Valid loss: 0.3763 | Train acc: 0.8522 | Valid acc: 0.7907 | patience: 478 | Epoch time: 29.5 |

2023-01-30 01:16:12,377 - INFO -
| Epoch:    520 | Train loss: 0.2618 | Valid loss: 0.3917 | Train acc: 0.8545 | Valid acc: 0.7918 | patience: 479 | Epoch time: 29.5 |

2023-01-30 01:16:41,906 - INFO -
| Epoch:    521 | Train loss: 0.2826 | Valid loss: 0.3822 | Train acc: 0.8508 | Valid acc: 0.7977 | patience: 480 | Epoch time: 29.5 |

2023-01-30 01:17:11,468 - INFO -
| Epoch:    522 | Train loss: 0.2728 | Valid loss: 0.3653 | Train acc: 0.8556 | Valid acc: 0.7918 | patience: 481 | Epoch time: 29.6 |

2023-01-30 01:17:41,037 - INFO -
| Epoch:    523 | Train loss: 0.2714 | Valid loss: 0.3649 | Train acc: 0.8534 | Valid acc: 0.7931 | patience: 482 | Epoch time: 29.6 |

2023-01-30 01:18:10,591 - INFO -
| Epoch:    524 | Train loss: 0.2653 | Valid loss: 0.3582 | Train acc: 0.8491 | Valid acc: 0.8022 | patience: 483 | Epoch time: 29.6 |

2023-01-30 01:18:40,143 - INFO -
| Epoch:    525 | Train loss: 0.2832 | Valid loss: 0.3739 | Train acc: 0.8333 | Valid acc: 0.7983 | patience: 484 | Epoch time: 29.6 |

2023-01-30 01:19:09,701 - INFO -
| Epoch:    526 | Train loss: 0.2643 | Valid loss: 0.3701 | Train acc: 0.8509 | Valid acc: 0.7890 | patience: 485 | Epoch time: 29.6 |

2023-01-30 01:19:39,252 - INFO -
| Epoch:    527 | Train loss: 0.2617 | Valid loss: 0.3779 | Train acc: 0.8450 | Valid acc: 0.7970 | patience: 486 | Epoch time: 29.6 |

2023-01-30 01:20:09,103 - INFO -
| Epoch:    528 | Train loss: 0.2661 | Valid loss: 0.3749 | Train acc: 0.8502 | Valid acc: 0.7978 | patience: 487 | Epoch time: 29.9 |

2023-01-30 01:20:38,648 - INFO -
| Epoch:    529 | Train loss: 0.2662 | Valid loss: 0.3804 | Train acc: 0.8592 | Valid acc: 0.7954 | patience: 488 | Epoch time: 29.5 |

2023-01-30 01:21:08,237 - INFO -
| Epoch:    530 | Train loss: 0.2686 | Valid loss: 0.3742 | Train acc: 0.8554 | Valid acc: 0.7981 | patience: 489 | Epoch time: 29.6 |

2023-01-30 01:21:37,793 - INFO -
| Epoch:    531 | Train loss: 0.2761 | Valid loss: 0.3824 | Train acc: 0.8475 | Valid acc: 0.7978 | patience: 490 | Epoch time: 29.6 |

2023-01-30 01:22:07,333 - INFO -
| Epoch:    532 | Train loss: 0.2624 | Valid loss: 0.3651 | Train acc: 0.8604 | Valid acc: 0.7979 | patience: 491 | Epoch time: 29.5 |

2023-01-30 01:22:36,873 - INFO -
| Epoch:    533 | Train loss: 0.3004 | Valid loss: 0.3738 | Train acc: 0.8565 | Valid acc: 0.7979 | patience: 492 | Epoch time: 29.5 |

2023-01-30 01:23:06,417 - INFO -
| Epoch:    534 | Train loss: 0.2840 | Valid loss: 0.3736 | Train acc: 0.8478 | Valid acc: 0.7979 | patience: 493 | Epoch time: 29.5 |

2023-01-30 01:23:35,968 - INFO -
| Epoch:    535 | Train loss: 0.2701 | Valid loss: 0.3922 | Train acc: 0.8409 | Valid acc: 0.7939 | patience: 494 | Epoch time: 29.6 |

2023-01-30 01:24:05,505 - INFO -
| Epoch:    536 | Train loss: 0.2655 | Valid loss: 0.4012 | Train acc: 0.8564 | Valid acc: 0.7930 | patience: 495 | Epoch time: 29.5 |

2023-01-30 01:24:35,020 - INFO -
| Epoch:    537 | Train loss: 0.2691 | Valid loss: 0.3711 | Train acc: 0.8639 | Valid acc: 0.7896 | patience: 496 | Epoch time: 29.5 |

2023-01-30 01:25:04,586 - INFO -
| Epoch:    538 | Train loss: 0.2967 | Valid loss: 0.3694 | Train acc: 0.8509 | Valid acc: 0.7991 | patience: 497 | Epoch time: 29.6 |

2023-01-30 01:25:34,145 - INFO -
| Epoch:    539 | Train loss: 0.2827 | Valid loss: 0.3757 | Train acc: 0.8537 | Valid acc: 0.7994 | patience: 498 | Epoch time: 29.6 |

2023-01-30 01:26:03,704 - INFO -
| Epoch:    540 | Train loss: 0.2662 | Valid loss: 0.3651 | Train acc: 0.8553 | Valid acc: 0.8006 | patience: 499 | Epoch time: 29.6 |

2023-01-30 01:26:33,266 - INFO -
| Epoch:    541 | Train loss: 0.2815 | Valid loss: 0.3604 | Train acc: 0.8516 | Valid acc: 0.8008 | patience: 500 | Epoch time: 29.6 |

2023-01-30 01:27:02,815 - INFO -
Early stop.

2023-01-30 01:27:03,425 - INFO -
Training if finished.

