2023-01-07 21:45:02,310 - INFO -
gmin                0.01
gmax                10.0
T                   0.1
m                   0.3
ACT_eta1            0.134
ACT_eta2            0.962
ACT_eta3            0.183
ACT_eta4            24.1
NEG_eta1            -0.104
NEG_eta2            0.899
NEG_eta3            -0.056
NEG_eta4            3.858
hidden              [3]
SEED                1
DEVICE              cuda
TIMELIMITATION      45
PATIENCE            500
EPOCH               10000000000
DATASET             11
LR                  0.1
PROGRESSIVE         False
LR_PATIENCE         100
LR_DECAY            0.5
LR_MIN              0.0001
MODE                nominal
M_train             1
K_train             1
M_test              500
K_test              500
t_test_max          10
integration         MC
VARIATION           False
N_train             1
e_train             0.0
N_test              100
e_test              0.1
projectname         ICCAD_2022
temppath            ./ICCAD_2022/temp/
logfilepath         ./ICCAD_2022/log/
recording           False
recordpath          ./ICCAD_2022/record/
savepath            ./ICCAD_2022/models/
loglevel            info


2023-01-07 21:45:02,311 - INFO -
Training network on device: cuda.

2023-01-07 21:45:02,311 - INFO -
Training setup: vertebralcolumn2clases_1_nominal_0.0_1_MC.

2023-01-07 21:45:02,311 - INFO -
Dataset "vertebralcolumn2clases" has 6 input features and 2 classes. There are 184 training examples, 61 valid examples, and 63 test examples in the dataset.

2023-01-07 21:45:02,311 - INFO -
Topology of the network: [6, 3, 2].

2023-01-07 21:45:06,482 - INFO -
| Epoch:      0 | Train loss: 0.7003 | Valid loss: 0.6952 | Train acc: 0.3043 | Valid acc: 0.5410 | patience:   0 | Epoch time: 3.3 |

2023-01-07 21:45:06,950 - INFO -
| Epoch:      1 | Train loss: 0.6953 | Valid loss: 0.5612 | Train acc: 0.5978 | Valid acc: 0.6721 | patience:   0 | Epoch time: 0.5 |

2023-01-07 21:45:07,417 - INFO -
| Epoch:      2 | Train loss: 0.5222 | Valid loss: 0.6096 | Train acc: 0.6957 | Valid acc: 0.6721 | patience:   1 | Epoch time: 0.5 |

2023-01-07 21:45:07,883 - INFO -
| Epoch:      3 | Train loss: 0.5672 | Valid loss: 0.5694 | Train acc: 0.6957 | Valid acc: 0.6721 | patience:   2 | Epoch time: 0.5 |

2023-01-07 21:45:08,349 - INFO -
| Epoch:      4 | Train loss: 0.5295 | Valid loss: 0.4806 | Train acc: 0.6957 | Valid acc: 0.6721 | patience:   0 | Epoch time: 0.5 |

2023-01-07 21:45:08,814 - INFO -
| Epoch:      5 | Train loss: 0.4503 | Valid loss: 0.5463 | Train acc: 0.6957 | Valid acc: 0.6721 | patience:   1 | Epoch time: 0.5 |

2023-01-07 21:45:09,278 - INFO -
| Epoch:      6 | Train loss: 0.5247 | Valid loss: 0.4876 | Train acc: 0.6957 | Valid acc: 0.6721 | patience:   2 | Epoch time: 0.5 |

2023-01-07 21:45:09,744 - INFO -
| Epoch:      7 | Train loss: 0.4616 | Valid loss: 0.5002 | Train acc: 0.6957 | Valid acc: 0.6721 | patience:   3 | Epoch time: 0.5 |

2023-01-07 21:45:10,208 - INFO -
| Epoch:      8 | Train loss: 0.4680 | Valid loss: 0.4912 | Train acc: 0.6957 | Valid acc: 0.6721 | patience:   4 | Epoch time: 0.5 |

2023-01-07 21:45:10,675 - INFO -
| Epoch:      9 | Train loss: 0.4652 | Valid loss: 0.4513 | Train acc: 0.6957 | Valid acc: 0.6721 | patience:   0 | Epoch time: 0.5 |

2023-01-07 21:45:11,142 - INFO -
| Epoch:     10 | Train loss: 0.4453 | Valid loss: 0.4402 | Train acc: 0.6957 | Valid acc: 0.6721 | patience:   0 | Epoch time: 0.5 |

2023-01-07 21:45:11,611 - INFO -
| Epoch:     11 | Train loss: 0.4497 | Valid loss: 0.4215 | Train acc: 0.6957 | Valid acc: 0.6721 | patience:   0 | Epoch time: 0.5 |

2023-01-07 21:45:12,075 - INFO -
| Epoch:     12 | Train loss: 0.4276 | Valid loss: 0.4374 | Train acc: 0.6957 | Valid acc: 0.6721 | patience:   1 | Epoch time: 0.5 |

2023-01-07 21:45:12,541 - INFO -
| Epoch:     13 | Train loss: 0.4311 | Valid loss: 0.4423 | Train acc: 0.6957 | Valid acc: 0.6721 | patience:   2 | Epoch time: 0.5 |

2023-01-07 21:45:13,006 - INFO -
| Epoch:     14 | Train loss: 0.4309 | Valid loss: 0.4217 | Train acc: 0.6957 | Valid acc: 0.6721 | patience:   3 | Epoch time: 0.5 |

2023-01-07 21:45:13,473 - INFO -
| Epoch:     15 | Train loss: 0.4077 | Valid loss: 0.4012 | Train acc: 0.6957 | Valid acc: 0.6721 | patience:   0 | Epoch time: 0.5 |

2023-01-07 21:45:13,941 - INFO -
| Epoch:     16 | Train loss: 0.3920 | Valid loss: 0.3871 | Train acc: 0.6957 | Valid acc: 0.6885 | patience:   0 | Epoch time: 0.5 |

2023-01-07 21:45:14,408 - INFO -
| Epoch:     17 | Train loss: 0.3759 | Valid loss: 0.3905 | Train acc: 0.7065 | Valid acc: 0.6885 | patience:   1 | Epoch time: 0.5 |

2023-01-07 21:45:14,876 - INFO -
| Epoch:     18 | Train loss: 0.3614 | Valid loss: 0.3781 | Train acc: 0.7065 | Valid acc: 0.7049 | patience:   0 | Epoch time: 0.5 |

2023-01-07 21:45:15,342 - INFO -
| Epoch:     19 | Train loss: 0.3474 | Valid loss: 0.3467 | Train acc: 0.7228 | Valid acc: 0.7869 | patience:   0 | Epoch time: 0.5 |

2023-01-07 21:45:15,811 - INFO -
| Epoch:     20 | Train loss: 0.3378 | Valid loss: 0.3300 | Train acc: 0.8424 | Valid acc: 0.7869 | patience:   0 | Epoch time: 0.5 |

2023-01-07 21:45:16,276 - INFO -
| Epoch:     21 | Train loss: 0.3157 | Valid loss: 0.3384 | Train acc: 0.8478 | Valid acc: 0.7705 | patience:   1 | Epoch time: 0.5 |

2023-01-07 21:45:16,743 - INFO -
| Epoch:     22 | Train loss: 0.3050 | Valid loss: 0.3296 | Train acc: 0.8315 | Valid acc: 0.8033 | patience:   0 | Epoch time: 0.5 |

2023-01-07 21:45:17,210 - INFO -
| Epoch:     23 | Train loss: 0.2905 | Valid loss: 0.2969 | Train acc: 0.8370 | Valid acc: 0.7869 | patience:   0 | Epoch time: 0.5 |

2023-01-07 21:45:17,679 - INFO -
| Epoch:     24 | Train loss: 0.2746 | Valid loss: 0.2902 | Train acc: 0.8424 | Valid acc: 0.7869 | patience:   0 | Epoch time: 0.5 |

2023-01-07 21:45:18,145 - INFO -
| Epoch:     25 | Train loss: 0.2631 | Valid loss: 0.3096 | Train acc: 0.8587 | Valid acc: 0.8033 | patience:   1 | Epoch time: 0.5 |

2023-01-07 21:45:18,609 - INFO -
| Epoch:     26 | Train loss: 0.2503 | Valid loss: 0.3125 | Train acc: 0.8533 | Valid acc: 0.8197 | patience:   2 | Epoch time: 0.5 |

2023-01-07 21:45:19,074 - INFO -
| Epoch:     27 | Train loss: 0.2417 | Valid loss: 0.2975 | Train acc: 0.8641 | Valid acc: 0.7869 | patience:   3 | Epoch time: 0.5 |

2023-01-07 21:45:19,538 - INFO -
| Epoch:     28 | Train loss: 0.2577 | Valid loss: 0.3175 | Train acc: 0.8641 | Valid acc: 0.8197 | patience:   4 | Epoch time: 0.5 |

2023-01-07 21:45:20,003 - INFO -
| Epoch:     29 | Train loss: 0.2336 | Valid loss: 0.3217 | Train acc: 0.8641 | Valid acc: 0.8197 | patience:   5 | Epoch time: 0.5 |

2023-01-07 21:45:20,467 - INFO -
| Epoch:     30 | Train loss: 0.2312 | Valid loss: 0.3059 | Train acc: 0.8696 | Valid acc: 0.7705 | patience:   6 | Epoch time: 0.5 |

2023-01-07 21:45:20,931 - INFO -
| Epoch:     31 | Train loss: 0.2338 | Valid loss: 0.3077 | Train acc: 0.8696 | Valid acc: 0.8197 | patience:   7 | Epoch time: 0.5 |

2023-01-07 21:45:21,396 - INFO -
| Epoch:     32 | Train loss: 0.2106 | Valid loss: 0.3196 | Train acc: 0.8859 | Valid acc: 0.8361 | patience:   8 | Epoch time: 0.5 |

2023-01-07 21:45:21,861 - INFO -
| Epoch:     33 | Train loss: 0.2193 | Valid loss: 0.3090 | Train acc: 0.8750 | Valid acc: 0.8197 | patience:   9 | Epoch time: 0.5 |

2023-01-07 21:45:22,325 - INFO -
| Epoch:     34 | Train loss: 0.2047 | Valid loss: 0.2995 | Train acc: 0.8859 | Valid acc: 0.7869 | patience:  10 | Epoch time: 0.5 |

2023-01-07 21:45:22,788 - INFO -
| Epoch:     35 | Train loss: 0.2160 | Valid loss: 0.3258 | Train acc: 0.8913 | Valid acc: 0.8197 | patience:  11 | Epoch time: 0.5 |

2023-01-07 21:45:23,251 - INFO -
| Epoch:     36 | Train loss: 0.2200 | Valid loss: 0.3037 | Train acc: 0.8696 | Valid acc: 0.7869 | patience:  12 | Epoch time: 0.5 |

2023-01-07 21:45:23,714 - INFO -
| Epoch:     37 | Train loss: 0.1983 | Valid loss: 0.3009 | Train acc: 0.8967 | Valid acc: 0.7869 | patience:  13 | Epoch time: 0.5 |

2023-01-07 21:45:24,179 - INFO -
| Epoch:     38 | Train loss: 0.2062 | Valid loss: 0.3339 | Train acc: 0.8804 | Valid acc: 0.8197 | patience:  14 | Epoch time: 0.5 |

2023-01-07 21:45:24,642 - INFO -
| Epoch:     39 | Train loss: 0.2149 | Valid loss: 0.3175 | Train acc: 0.8641 | Valid acc: 0.8033 | patience:  15 | Epoch time: 0.5 |

2023-01-07 21:45:25,106 - INFO -
| Epoch:     40 | Train loss: 0.1966 | Valid loss: 0.2933 | Train acc: 0.8859 | Valid acc: 0.8033 | patience:  16 | Epoch time: 0.5 |

2023-01-07 21:45:25,570 - INFO -
| Epoch:     41 | Train loss: 0.2179 | Valid loss: 0.3095 | Train acc: 0.8696 | Valid acc: 0.7869 | patience:  17 | Epoch time: 0.5 |

2023-01-07 21:45:26,035 - INFO -
| Epoch:     42 | Train loss: 0.1908 | Valid loss: 0.3242 | Train acc: 0.8859 | Valid acc: 0.8033 | patience:  18 | Epoch time: 0.5 |

2023-01-07 21:45:26,499 - INFO -
| Epoch:     43 | Train loss: 0.2029 | Valid loss: 0.3045 | Train acc: 0.8750 | Valid acc: 0.8033 | patience:  19 | Epoch time: 0.5 |

2023-01-07 21:45:26,963 - INFO -
| Epoch:     44 | Train loss: 0.1894 | Valid loss: 0.2981 | Train acc: 0.8859 | Valid acc: 0.8033 | patience:  20 | Epoch time: 0.5 |

2023-01-07 21:45:27,428 - INFO -
| Epoch:     45 | Train loss: 0.1976 | Valid loss: 0.3121 | Train acc: 0.8967 | Valid acc: 0.8197 | patience:  21 | Epoch time: 0.5 |

2023-01-07 21:45:27,892 - INFO -
| Epoch:     46 | Train loss: 0.1861 | Valid loss: 0.3254 | Train acc: 0.8804 | Valid acc: 0.8033 | patience:  22 | Epoch time: 0.5 |

2023-01-07 21:45:28,357 - INFO -
| Epoch:     47 | Train loss: 0.1918 | Valid loss: 0.3179 | Train acc: 0.8913 | Valid acc: 0.8197 | patience:  23 | Epoch time: 0.5 |

2023-01-07 21:45:28,821 - INFO -
| Epoch:     48 | Train loss: 0.1852 | Valid loss: 0.3099 | Train acc: 0.8804 | Valid acc: 0.8033 | patience:  24 | Epoch time: 0.5 |

2023-01-07 21:45:29,287 - INFO -
| Epoch:     49 | Train loss: 0.1914 | Valid loss: 0.3197 | Train acc: 0.9022 | Valid acc: 0.8033 | patience:  25 | Epoch time: 0.5 |

2023-01-07 21:45:29,751 - INFO -
| Epoch:     50 | Train loss: 0.1849 | Valid loss: 0.3190 | Train acc: 0.8913 | Valid acc: 0.8197 | patience:  26 | Epoch time: 0.5 |

2023-01-07 21:45:30,216 - INFO -
| Epoch:     51 | Train loss: 0.1835 | Valid loss: 0.3147 | Train acc: 0.8913 | Valid acc: 0.8033 | patience:  27 | Epoch time: 0.5 |

2023-01-07 21:45:30,680 - INFO -
| Epoch:     52 | Train loss: 0.1832 | Valid loss: 0.3212 | Train acc: 0.9022 | Valid acc: 0.8033 | patience:  28 | Epoch time: 0.5 |

2023-01-07 21:45:31,143 - INFO -
| Epoch:     53 | Train loss: 0.1824 | Valid loss: 0.3162 | Train acc: 0.8913 | Valid acc: 0.8197 | patience:  29 | Epoch time: 0.5 |

2023-01-07 21:45:31,607 - INFO -
| Epoch:     54 | Train loss: 0.1812 | Valid loss: 0.3138 | Train acc: 0.8804 | Valid acc: 0.8033 | patience:  30 | Epoch time: 0.5 |

2023-01-07 21:45:32,070 - INFO -
| Epoch:     55 | Train loss: 0.1811 | Valid loss: 0.3209 | Train acc: 0.8859 | Valid acc: 0.8033 | patience:  31 | Epoch time: 0.5 |

2023-01-07 21:45:32,535 - INFO -
| Epoch:     56 | Train loss: 0.1835 | Valid loss: 0.3093 | Train acc: 0.8859 | Valid acc: 0.8033 | patience:  32 | Epoch time: 0.5 |

2023-01-07 21:45:32,999 - INFO -
| Epoch:     57 | Train loss: 0.1953 | Valid loss: 0.3353 | Train acc: 0.8967 | Valid acc: 0.8033 | patience:  33 | Epoch time: 0.5 |

2023-01-07 21:45:33,463 - INFO -
| Epoch:     58 | Train loss: 0.1957 | Valid loss: 0.3163 | Train acc: 0.8859 | Valid acc: 0.8033 | patience:  34 | Epoch time: 0.5 |

2023-01-07 21:45:33,926 - INFO -
| Epoch:     59 | Train loss: 0.1833 | Valid loss: 0.3183 | Train acc: 0.8967 | Valid acc: 0.7869 | patience:  35 | Epoch time: 0.5 |

2023-01-07 21:45:34,390 - INFO -
| Epoch:     60 | Train loss: 0.1833 | Valid loss: 0.3453 | Train acc: 0.8967 | Valid acc: 0.8033 | patience:  36 | Epoch time: 0.5 |

2023-01-07 21:45:34,853 - INFO -
| Epoch:     61 | Train loss: 0.1969 | Valid loss: 0.3219 | Train acc: 0.8804 | Valid acc: 0.8033 | patience:  37 | Epoch time: 0.5 |

2023-01-07 21:45:35,317 - INFO -
| Epoch:     62 | Train loss: 0.1834 | Valid loss: 0.3222 | Train acc: 0.8967 | Valid acc: 0.7869 | patience:  38 | Epoch time: 0.5 |

2023-01-07 21:45:35,782 - INFO -
| Epoch:     63 | Train loss: 0.1843 | Valid loss: 0.3436 | Train acc: 0.8913 | Valid acc: 0.8033 | patience:  39 | Epoch time: 0.5 |

2023-01-07 21:45:36,246 - INFO -
| Epoch:     64 | Train loss: 0.1968 | Valid loss: 0.3235 | Train acc: 0.8913 | Valid acc: 0.8033 | patience:  40 | Epoch time: 0.5 |

2023-01-07 21:45:36,710 - INFO -
| Epoch:     65 | Train loss: 0.1822 | Valid loss: 0.3229 | Train acc: 0.8967 | Valid acc: 0.7869 | patience:  41 | Epoch time: 0.5 |

2023-01-07 21:45:37,174 - INFO -
| Epoch:     66 | Train loss: 0.1862 | Valid loss: 0.3461 | Train acc: 0.8913 | Valid acc: 0.8033 | patience:  42 | Epoch time: 0.5 |

2023-01-07 21:45:37,637 - INFO -
| Epoch:     67 | Train loss: 0.1979 | Valid loss: 0.3279 | Train acc: 0.8859 | Valid acc: 0.8197 | patience:  43 | Epoch time: 0.5 |

2023-01-07 21:45:38,101 - INFO -
| Epoch:     68 | Train loss: 0.1780 | Valid loss: 0.3224 | Train acc: 0.8967 | Valid acc: 0.8033 | patience:  44 | Epoch time: 0.5 |

2023-01-07 21:45:38,565 - INFO -
| Epoch:     69 | Train loss: 0.1969 | Valid loss: 0.3448 | Train acc: 0.8967 | Valid acc: 0.8033 | patience:  45 | Epoch time: 0.5 |

2023-01-07 21:45:39,029 - INFO -
| Epoch:     70 | Train loss: 0.1901 | Valid loss: 0.3391 | Train acc: 0.8967 | Valid acc: 0.8033 | patience:  46 | Epoch time: 0.5 |

2023-01-07 21:45:39,494 - INFO -
| Epoch:     71 | Train loss: 0.1848 | Valid loss: 0.3183 | Train acc: 0.8967 | Valid acc: 0.8033 | patience:  47 | Epoch time: 0.5 |

2023-01-07 21:45:39,958 - INFO -
| Epoch:     72 | Train loss: 0.1976 | Valid loss: 0.3215 | Train acc: 0.8967 | Valid acc: 0.8033 | patience:  48 | Epoch time: 0.5 |

2023-01-07 21:45:40,422 - INFO -
| Epoch:     73 | Train loss: 0.1778 | Valid loss: 0.3427 | Train acc: 0.8967 | Valid acc: 0.8033 | patience:  49 | Epoch time: 0.5 |

2023-01-07 21:45:40,885 - INFO -
| Epoch:     74 | Train loss: 0.1940 | Valid loss: 0.3192 | Train acc: 0.9022 | Valid acc: 0.8033 | patience:  50 | Epoch time: 0.5 |

2023-01-07 21:45:41,349 - INFO -
| Epoch:     75 | Train loss: 0.1781 | Valid loss: 0.3164 | Train acc: 0.8913 | Valid acc: 0.8033 | patience:  51 | Epoch time: 0.5 |

2023-01-07 21:45:41,813 - INFO -
| Epoch:     76 | Train loss: 0.1856 | Valid loss: 0.3250 | Train acc: 0.8967 | Valid acc: 0.8197 | patience:  52 | Epoch time: 0.5 |

2023-01-07 21:45:42,278 - INFO -
| Epoch:     77 | Train loss: 0.1773 | Valid loss: 0.3388 | Train acc: 0.8967 | Valid acc: 0.8033 | patience:  53 | Epoch time: 0.5 |

2023-01-07 21:45:42,742 - INFO -
| Epoch:     78 | Train loss: 0.1843 | Valid loss: 0.3222 | Train acc: 0.8967 | Valid acc: 0.8033 | patience:  54 | Epoch time: 0.5 |

2023-01-07 21:45:43,206 - INFO -
| Epoch:     79 | Train loss: 0.1768 | Valid loss: 0.3219 | Train acc: 0.8967 | Valid acc: 0.8033 | patience:  55 | Epoch time: 0.5 |

2023-01-07 21:45:43,670 - INFO -
| Epoch:     80 | Train loss: 0.1851 | Valid loss: 0.3308 | Train acc: 0.9022 | Valid acc: 0.8197 | patience:  56 | Epoch time: 0.5 |

2023-01-07 21:45:44,134 - INFO -
| Epoch:     81 | Train loss: 0.1780 | Valid loss: 0.3368 | Train acc: 0.8967 | Valid acc: 0.8033 | patience:  57 | Epoch time: 0.5 |

2023-01-07 21:45:44,599 - INFO -
| Epoch:     82 | Train loss: 0.1829 | Valid loss: 0.3228 | Train acc: 0.8913 | Valid acc: 0.8033 | patience:  58 | Epoch time: 0.5 |

2023-01-07 21:45:45,063 - INFO -
| Epoch:     83 | Train loss: 0.1781 | Valid loss: 0.3225 | Train acc: 0.9022 | Valid acc: 0.8033 | patience:  59 | Epoch time: 0.5 |

2023-01-07 21:45:45,527 - INFO -
| Epoch:     84 | Train loss: 0.1806 | Valid loss: 0.3300 | Train acc: 0.8967 | Valid acc: 0.8033 | patience:  60 | Epoch time: 0.5 |

2023-01-07 21:45:45,992 - INFO -
| Epoch:     85 | Train loss: 0.1777 | Valid loss: 0.3313 | Train acc: 0.9022 | Valid acc: 0.8033 | patience:  61 | Epoch time: 0.5 |

2023-01-07 21:45:46,457 - INFO -
| Epoch:     86 | Train loss: 0.1784 | Valid loss: 0.3222 | Train acc: 0.9022 | Valid acc: 0.8033 | patience:  62 | Epoch time: 0.5 |

2023-01-07 21:45:46,921 - INFO -
| Epoch:     87 | Train loss: 0.1765 | Valid loss: 0.3218 | Train acc: 0.8967 | Valid acc: 0.8033 | patience:  63 | Epoch time: 0.5 |

2023-01-07 21:45:47,385 - INFO -
| Epoch:     88 | Train loss: 0.1767 | Valid loss: 0.3317 | Train acc: 0.8967 | Valid acc: 0.7869 | patience:  64 | Epoch time: 0.5 |

2023-01-07 21:45:47,850 - INFO -
| Epoch:     89 | Train loss: 0.1778 | Valid loss: 0.3293 | Train acc: 0.8967 | Valid acc: 0.8197 | patience:  65 | Epoch time: 0.5 |

2023-01-07 21:45:48,314 - INFO -
| Epoch:     90 | Train loss: 0.1765 | Valid loss: 0.3218 | Train acc: 0.8967 | Valid acc: 0.7869 | patience:  66 | Epoch time: 0.5 |

2023-01-07 21:45:48,779 - INFO -
| Epoch:     91 | Train loss: 0.1780 | Valid loss: 0.3235 | Train acc: 0.8967 | Valid acc: 0.8033 | patience:  67 | Epoch time: 0.5 |

2023-01-07 21:45:49,243 - INFO -
| Epoch:     92 | Train loss: 0.1748 | Valid loss: 0.3327 | Train acc: 0.8967 | Valid acc: 0.7869 | patience:  68 | Epoch time: 0.5 |

2023-01-07 21:45:49,708 - INFO -
| Epoch:     93 | Train loss: 0.1775 | Valid loss: 0.3252 | Train acc: 0.8967 | Valid acc: 0.8033 | patience:  69 | Epoch time: 0.5 |

2023-01-07 21:45:50,173 - INFO -
| Epoch:     94 | Train loss: 0.1745 | Valid loss: 0.3237 | Train acc: 0.8967 | Valid acc: 0.7869 | patience:  70 | Epoch time: 0.5 |

2023-01-07 21:45:50,637 - INFO -
| Epoch:     95 | Train loss: 0.1784 | Valid loss: 0.3293 | Train acc: 0.9022 | Valid acc: 0.8197 | patience:  71 | Epoch time: 0.5 |

2023-01-07 21:45:51,102 - INFO -
| Epoch:     96 | Train loss: 0.1746 | Valid loss: 0.3331 | Train acc: 0.8967 | Valid acc: 0.8197 | patience:  72 | Epoch time: 0.5 |

2023-01-07 21:45:51,566 - INFO -
| Epoch:     97 | Train loss: 0.1759 | Valid loss: 0.3265 | Train acc: 0.8967 | Valid acc: 0.7869 | patience:  73 | Epoch time: 0.5 |

2023-01-07 21:45:52,031 - INFO -
| Epoch:     98 | Train loss: 0.1762 | Valid loss: 0.3291 | Train acc: 0.8967 | Valid acc: 0.8033 | patience:  74 | Epoch time: 0.5 |

2023-01-07 21:45:52,496 - INFO -
| Epoch:     99 | Train loss: 0.1738 | Valid loss: 0.3382 | Train acc: 0.8967 | Valid acc: 0.7869 | patience:  75 | Epoch time: 0.5 |

2023-01-07 21:45:52,961 - INFO -
| Epoch:    100 | Train loss: 0.1767 | Valid loss: 0.3310 | Train acc: 0.9022 | Valid acc: 0.8033 | patience:  76 | Epoch time: 0.5 |

2023-01-07 21:45:53,426 - INFO -
| Epoch:    101 | Train loss: 0.1736 | Valid loss: 0.3300 | Train acc: 0.8967 | Valid acc: 0.8033 | patience:  77 | Epoch time: 0.5 |

2023-01-07 21:45:53,891 - INFO -
| Epoch:    102 | Train loss: 0.1755 | Valid loss: 0.3413 | Train acc: 0.9022 | Valid acc: 0.7869 | patience:  78 | Epoch time: 0.5 |

2023-01-07 21:45:54,356 - INFO -
| Epoch:    103 | Train loss: 0.1770 | Valid loss: 0.3347 | Train acc: 0.9022 | Valid acc: 0.8197 | patience:  79 | Epoch time: 0.5 |

2023-01-07 21:45:54,820 - INFO -
| Epoch:    104 | Train loss: 0.1733 | Valid loss: 0.3303 | Train acc: 0.8967 | Valid acc: 0.8033 | patience:  80 | Epoch time: 0.5 |

2023-01-07 21:45:55,285 - INFO -
| Epoch:    105 | Train loss: 0.1805 | Valid loss: 0.3374 | Train acc: 0.9022 | Valid acc: 0.8197 | patience:  81 | Epoch time: 0.5 |

2023-01-07 21:45:55,749 - INFO -
| Epoch:    106 | Train loss: 0.1751 | Valid loss: 0.3336 | Train acc: 0.8967 | Valid acc: 0.8197 | patience:  82 | Epoch time: 0.5 |

2023-01-07 21:45:56,213 - INFO -
| Epoch:    107 | Train loss: 0.1733 | Valid loss: 0.3292 | Train acc: 0.8967 | Valid acc: 0.7869 | patience:  83 | Epoch time: 0.5 |

2023-01-07 21:45:56,678 - INFO -
| Epoch:    108 | Train loss: 0.1755 | Valid loss: 0.3330 | Train acc: 0.8967 | Valid acc: 0.8033 | patience:  84 | Epoch time: 0.5 |

2023-01-07 21:45:57,142 - INFO -
| Epoch:    109 | Train loss: 0.1729 | Valid loss: 0.3365 | Train acc: 0.8967 | Valid acc: 0.8033 | patience:  85 | Epoch time: 0.5 |

2023-01-07 21:45:57,606 - INFO -
| Epoch:    110 | Train loss: 0.1736 | Valid loss: 0.3299 | Train acc: 0.8967 | Valid acc: 0.7869 | patience:  86 | Epoch time: 0.5 |

2023-01-07 21:45:58,071 - INFO -
| Epoch:    111 | Train loss: 0.1746 | Valid loss: 0.3387 | Train acc: 0.8913 | Valid acc: 0.8033 | patience:  87 | Epoch time: 0.5 |

2023-01-07 21:45:58,536 - INFO -
| Epoch:    112 | Train loss: 0.1735 | Valid loss: 0.3401 | Train acc: 0.8967 | Valid acc: 0.8197 | patience:  88 | Epoch time: 0.5 |

2023-01-07 21:45:59,001 - INFO -
| Epoch:    113 | Train loss: 0.1734 | Valid loss: 0.3332 | Train acc: 0.8967 | Valid acc: 0.7869 | patience:  89 | Epoch time: 0.5 |

2023-01-07 21:45:59,466 - INFO -
| Epoch:    114 | Train loss: 0.1788 | Valid loss: 0.3386 | Train acc: 0.9022 | Valid acc: 0.8197 | patience:  90 | Epoch time: 0.5 |

2023-01-07 21:45:59,931 - INFO -
| Epoch:    115 | Train loss: 0.1732 | Valid loss: 0.3392 | Train acc: 0.8967 | Valid acc: 0.8197 | patience:  91 | Epoch time: 0.5 |

2023-01-07 21:46:00,395 - INFO -
| Epoch:    116 | Train loss: 0.1741 | Valid loss: 0.3336 | Train acc: 0.8967 | Valid acc: 0.7869 | patience:  92 | Epoch time: 0.5 |

2023-01-07 21:46:00,860 - INFO -
| Epoch:    117 | Train loss: 0.1763 | Valid loss: 0.3352 | Train acc: 0.9022 | Valid acc: 0.8033 | patience:  93 | Epoch time: 0.5 |

2023-01-07 21:46:01,325 - INFO -
| Epoch:    118 | Train loss: 0.1726 | Valid loss: 0.3462 | Train acc: 0.8967 | Valid acc: 0.7869 | patience:  94 | Epoch time: 0.5 |

2023-01-07 21:46:01,790 - INFO -
| Epoch:    119 | Train loss: 0.1770 | Valid loss: 0.3342 | Train acc: 0.9022 | Valid acc: 0.8033 | patience:  95 | Epoch time: 0.5 |

2023-01-07 21:46:02,255 - INFO -
| Epoch:    120 | Train loss: 0.1733 | Valid loss: 0.3391 | Train acc: 0.8913 | Valid acc: 0.8033 | patience:  96 | Epoch time: 0.5 |

2023-01-07 21:46:02,720 - INFO -
| Epoch:    121 | Train loss: 0.1720 | Valid loss: 0.3387 | Train acc: 0.8967 | Valid acc: 0.8033 | patience:  97 | Epoch time: 0.5 |

2023-01-07 21:46:03,185 - INFO -
| Epoch:    122 | Train loss: 0.1715 | Valid loss: 0.3361 | Train acc: 0.8967 | Valid acc: 0.8033 | patience:  98 | Epoch time: 0.5 |

2023-01-07 21:46:03,650 - INFO -
| Epoch:    123 | Train loss: 0.1719 | Valid loss: 0.3480 | Train acc: 0.8913 | Valid acc: 0.7869 | patience:  99 | Epoch time: 0.5 |

2023-01-07 21:46:04,115 - INFO -
| Epoch:    124 | Train loss: 0.1776 | Valid loss: 0.3375 | Train acc: 0.9022 | Valid acc: 0.8033 | patience: 100 | Epoch time: 0.5 |

2023-01-07 21:46:04,580 - INFO -
| Epoch:    125 | Train loss: 0.1722 | Valid loss: 0.3361 | Train acc: 0.8913 | Valid acc: 0.7869 | patience: 101 | Epoch time: 0.5 |

2023-01-07 21:46:05,044 - INFO -
| Epoch:    126 | Train loss: 0.1740 | Valid loss: 0.3441 | Train acc: 0.9022 | Valid acc: 0.8033 | patience: 102 | Epoch time: 0.5 |

2023-01-07 21:46:05,509 - INFO -
| Epoch:    127 | Train loss: 0.1732 | Valid loss: 0.3392 | Train acc: 0.8913 | Valid acc: 0.8033 | patience: 103 | Epoch time: 0.5 |

2023-01-07 21:46:05,973 - INFO -
| Epoch:    128 | Train loss: 0.1704 | Valid loss: 0.3369 | Train acc: 0.8967 | Valid acc: 0.8033 | patience: 104 | Epoch time: 0.5 |

2023-01-07 21:46:06,437 - INFO -
| Epoch:    129 | Train loss: 0.1728 | Valid loss: 0.3526 | Train acc: 0.8913 | Valid acc: 0.7869 | patience: 105 | Epoch time: 0.5 |

2023-01-07 21:46:06,902 - INFO -
| Epoch:    130 | Train loss: 0.1784 | Valid loss: 0.3379 | Train acc: 0.9022 | Valid acc: 0.8033 | patience: 106 | Epoch time: 0.5 |

2023-01-07 21:46:07,368 - INFO -
| Epoch:    131 | Train loss: 0.1712 | Valid loss: 0.3375 | Train acc: 0.8913 | Valid acc: 0.8033 | patience: 107 | Epoch time: 0.5 |

2023-01-07 21:46:07,833 - INFO -
| Epoch:    132 | Train loss: 0.1704 | Valid loss: 0.3452 | Train acc: 0.8913 | Valid acc: 0.7869 | patience: 108 | Epoch time: 0.5 |

2023-01-07 21:46:08,298 - INFO -
| Epoch:    133 | Train loss: 0.1741 | Valid loss: 0.3344 | Train acc: 0.8913 | Valid acc: 0.7869 | patience: 109 | Epoch time: 0.5 |

2023-01-07 21:46:08,763 - INFO -
| Epoch:    134 | Train loss: 0.1742 | Valid loss: 0.3445 | Train acc: 0.9022 | Valid acc: 0.8033 | patience: 110 | Epoch time: 0.5 |

2023-01-07 21:46:09,228 - INFO -
| Epoch:    135 | Train loss: 0.1736 | Valid loss: 0.3370 | Train acc: 0.8967 | Valid acc: 0.8033 | patience: 111 | Epoch time: 0.5 |

2023-01-07 21:46:09,694 - INFO -
| Epoch:    136 | Train loss: 0.1720 | Valid loss: 0.3405 | Train acc: 0.9022 | Valid acc: 0.8033 | patience: 112 | Epoch time: 0.5 |

2023-01-07 21:46:10,159 - INFO -
| Epoch:    137 | Train loss: 0.1701 | Valid loss: 0.3418 | Train acc: 0.8967 | Valid acc: 0.8033 | patience: 113 | Epoch time: 0.5 |

2023-01-07 21:46:10,624 - INFO -
| Epoch:    138 | Train loss: 0.1704 | Valid loss: 0.3360 | Train acc: 0.8967 | Valid acc: 0.7869 | patience: 114 | Epoch time: 0.5 |

2023-01-07 21:46:11,089 - INFO -
| Epoch:    139 | Train loss: 0.1739 | Valid loss: 0.3520 | Train acc: 0.9022 | Valid acc: 0.7869 | patience: 115 | Epoch time: 0.5 |

2023-01-07 21:46:11,554 - INFO -
| Epoch:    140 | Train loss: 0.1779 | Valid loss: 0.3381 | Train acc: 0.8967 | Valid acc: 0.8033 | patience: 116 | Epoch time: 0.5 |

2023-01-07 21:46:12,019 - INFO -
| Epoch:    141 | Train loss: 0.1703 | Valid loss: 0.3310 | Train acc: 0.8913 | Valid acc: 0.8033 | patience: 117 | Epoch time: 0.5 |

2023-01-07 21:46:12,484 - INFO -
| Epoch:    142 | Train loss: 0.1819 | Valid loss: 0.3433 | Train acc: 0.9022 | Valid acc: 0.7869 | patience: 118 | Epoch time: 0.5 |

2023-01-07 21:46:12,949 - INFO -
| Epoch:    143 | Train loss: 0.1752 | Valid loss: 0.3416 | Train acc: 0.8967 | Valid acc: 0.7869 | patience: 119 | Epoch time: 0.5 |

2023-01-07 21:46:13,414 - INFO -
| Epoch:    144 | Train loss: 0.1758 | Valid loss: 0.3261 | Train acc: 0.8967 | Valid acc: 0.8033 | patience: 120 | Epoch time: 0.5 |

2023-01-07 21:46:13,881 - INFO -
| Epoch:    145 | Train loss: 0.1792 | Valid loss: 0.3273 | Train acc: 0.9022 | Valid acc: 0.8033 | patience: 121 | Epoch time: 0.5 |

2023-01-07 21:46:14,346 - INFO -
| Epoch:    146 | Train loss: 0.1725 | Valid loss: 0.3454 | Train acc: 0.8967 | Valid acc: 0.7869 | patience: 122 | Epoch time: 0.5 |

2023-01-07 21:46:14,810 - INFO -
| Epoch:    147 | Train loss: 0.1783 | Valid loss: 0.3359 | Train acc: 0.9022 | Valid acc: 0.7869 | patience: 123 | Epoch time: 0.5 |

2023-01-07 21:46:15,275 - INFO -
| Epoch:    148 | Train loss: 0.1724 | Valid loss: 0.3242 | Train acc: 0.8913 | Valid acc: 0.8033 | patience: 124 | Epoch time: 0.5 |

2023-01-07 21:46:15,740 - INFO -
| Epoch:    149 | Train loss: 0.1812 | Valid loss: 0.3332 | Train acc: 0.9022 | Valid acc: 0.8033 | patience: 125 | Epoch time: 0.5 |

2023-01-07 21:46:16,205 - INFO -
| Epoch:    150 | Train loss: 0.1713 | Valid loss: 0.3424 | Train acc: 0.8913 | Valid acc: 0.8033 | patience: 126 | Epoch time: 0.5 |

2023-01-07 21:46:16,670 - INFO -
| Epoch:    151 | Train loss: 0.1747 | Valid loss: 0.3312 | Train acc: 0.8967 | Valid acc: 0.8033 | patience: 127 | Epoch time: 0.5 |

2023-01-07 21:46:17,137 - INFO -
| Epoch:    152 | Train loss: 0.1705 | Valid loss: 0.3298 | Train acc: 0.8967 | Valid acc: 0.8033 | patience: 128 | Epoch time: 0.5 |

2023-01-07 21:46:17,602 - INFO -
| Epoch:    153 | Train loss: 0.1721 | Valid loss: 0.3407 | Train acc: 0.9076 | Valid acc: 0.8033 | patience: 129 | Epoch time: 0.5 |

2023-01-07 21:46:18,067 - INFO -
| Epoch:    154 | Train loss: 0.1728 | Valid loss: 0.3361 | Train acc: 0.9022 | Valid acc: 0.7869 | patience: 130 | Epoch time: 0.5 |

2023-01-07 21:46:18,532 - INFO -
| Epoch:    155 | Train loss: 0.1705 | Valid loss: 0.3309 | Train acc: 0.9022 | Valid acc: 0.8033 | patience: 131 | Epoch time: 0.5 |

2023-01-07 21:46:18,996 - INFO -
| Epoch:    156 | Train loss: 0.1740 | Valid loss: 0.3444 | Train acc: 0.9076 | Valid acc: 0.8033 | patience: 132 | Epoch time: 0.5 |

2023-01-07 21:46:19,461 - INFO -
| Epoch:    157 | Train loss: 0.1745 | Valid loss: 0.3381 | Train acc: 0.9022 | Valid acc: 0.7869 | patience: 133 | Epoch time: 0.5 |

2023-01-07 21:46:19,926 - INFO -
| Epoch:    158 | Train loss: 0.1702 | Valid loss: 0.3299 | Train acc: 0.8967 | Valid acc: 0.8033 | patience: 134 | Epoch time: 0.5 |

2023-01-07 21:46:20,391 - INFO -
| Epoch:    159 | Train loss: 0.1763 | Valid loss: 0.3449 | Train acc: 0.9076 | Valid acc: 0.8033 | patience: 135 | Epoch time: 0.5 |

2023-01-07 21:46:20,856 - INFO -
| Epoch:    160 | Train loss: 0.1734 | Valid loss: 0.3424 | Train acc: 0.8967 | Valid acc: 0.7869 | patience: 136 | Epoch time: 0.5 |

2023-01-07 21:46:21,321 - INFO -
| Epoch:    161 | Train loss: 0.1722 | Valid loss: 0.3286 | Train acc: 0.9022 | Valid acc: 0.8033 | patience: 137 | Epoch time: 0.5 |

2023-01-07 21:46:21,785 - INFO -
| Epoch:    162 | Train loss: 0.1749 | Valid loss: 0.3334 | Train acc: 0.9076 | Valid acc: 0.8033 | patience: 138 | Epoch time: 0.5 |

2023-01-07 21:46:22,250 - INFO -
| Epoch:    163 | Train loss: 0.1696 | Valid loss: 0.3419 | Train acc: 0.8913 | Valid acc: 0.8033 | patience: 139 | Epoch time: 0.5 |

2023-01-07 21:46:22,715 - INFO -
| Epoch:    164 | Train loss: 0.1723 | Valid loss: 0.3331 | Train acc: 0.9022 | Valid acc: 0.8033 | patience: 140 | Epoch time: 0.5 |

2023-01-07 21:46:23,180 - INFO -
| Epoch:    165 | Train loss: 0.1701 | Valid loss: 0.3331 | Train acc: 0.8967 | Valid acc: 0.8033 | patience: 141 | Epoch time: 0.5 |

2023-01-07 21:46:23,645 - INFO -
| Epoch:    166 | Train loss: 0.1704 | Valid loss: 0.3407 | Train acc: 0.9022 | Valid acc: 0.7869 | patience: 142 | Epoch time: 0.5 |

2023-01-07 21:46:24,109 - INFO -
| Epoch:    167 | Train loss: 0.1701 | Valid loss: 0.3386 | Train acc: 0.9022 | Valid acc: 0.8033 | patience: 143 | Epoch time: 0.5 |

2023-01-07 21:46:24,574 - INFO -
| Epoch:    168 | Train loss: 0.1692 | Valid loss: 0.3370 | Train acc: 0.8967 | Valid acc: 0.8033 | patience: 144 | Epoch time: 0.5 |

2023-01-07 21:46:25,039 - INFO -
| Epoch:    169 | Train loss: 0.1703 | Valid loss: 0.3444 | Train acc: 0.9022 | Valid acc: 0.8033 | patience: 145 | Epoch time: 0.5 |

2023-01-07 21:46:25,505 - INFO -
| Epoch:    170 | Train loss: 0.1709 | Valid loss: 0.3378 | Train acc: 0.8967 | Valid acc: 0.8033 | patience: 146 | Epoch time: 0.5 |

2023-01-07 21:46:25,970 - INFO -
| Epoch:    171 | Train loss: 0.1696 | Valid loss: 0.3397 | Train acc: 0.9022 | Valid acc: 0.8033 | patience: 147 | Epoch time: 0.5 |

2023-01-07 21:46:26,435 - INFO -
| Epoch:    172 | Train loss: 0.1690 | Valid loss: 0.3382 | Train acc: 0.8913 | Valid acc: 0.8033 | patience: 148 | Epoch time: 0.5 |

2023-01-07 21:46:26,900 - INFO -
| Epoch:    173 | Train loss: 0.1689 | Valid loss: 0.3355 | Train acc: 0.8913 | Valid acc: 0.8033 | patience: 149 | Epoch time: 0.5 |

2023-01-07 21:46:27,363 - INFO -
| Epoch:    174 | Train loss: 0.1691 | Valid loss: 0.3391 | Train acc: 0.8967 | Valid acc: 0.8033 | patience: 150 | Epoch time: 0.5 |

2023-01-07 21:46:27,827 - INFO -
| Epoch:    175 | Train loss: 0.1698 | Valid loss: 0.3337 | Train acc: 0.9022 | Valid acc: 0.8033 | patience: 151 | Epoch time: 0.5 |

2023-01-07 21:46:28,291 - INFO -
| Epoch:    176 | Train loss: 0.1696 | Valid loss: 0.3375 | Train acc: 0.8967 | Valid acc: 0.8033 | patience: 152 | Epoch time: 0.5 |

2023-01-07 21:46:28,756 - INFO -
| Epoch:    177 | Train loss: 0.1691 | Valid loss: 0.3373 | Train acc: 0.8913 | Valid acc: 0.8033 | patience: 153 | Epoch time: 0.5 |

2023-01-07 21:46:29,220 - INFO -
| Epoch:    178 | Train loss: 0.1689 | Valid loss: 0.3344 | Train acc: 0.8913 | Valid acc: 0.8033 | patience: 154 | Epoch time: 0.5 |

2023-01-07 21:46:29,684 - INFO -
| Epoch:    179 | Train loss: 0.1700 | Valid loss: 0.3417 | Train acc: 0.9022 | Valid acc: 0.8033 | patience: 155 | Epoch time: 0.5 |

2023-01-07 21:46:30,148 - INFO -
| Epoch:    180 | Train loss: 0.1697 | Valid loss: 0.3390 | Train acc: 0.8967 | Valid acc: 0.8033 | patience: 156 | Epoch time: 0.5 |

2023-01-07 21:46:30,613 - INFO -
| Epoch:    181 | Train loss: 0.1687 | Valid loss: 0.3372 | Train acc: 0.8913 | Valid acc: 0.8033 | patience: 157 | Epoch time: 0.5 |

2023-01-07 21:46:31,078 - INFO -
| Epoch:    182 | Train loss: 0.1697 | Valid loss: 0.3455 | Train acc: 0.9022 | Valid acc: 0.8033 | patience: 158 | Epoch time: 0.5 |

2023-01-07 21:46:31,542 - INFO -
| Epoch:    183 | Train loss: 0.1714 | Valid loss: 0.3366 | Train acc: 0.8967 | Valid acc: 0.8033 | patience: 159 | Epoch time: 0.5 |

2023-01-07 21:46:32,007 - INFO -
| Epoch:    184 | Train loss: 0.1696 | Valid loss: 0.3356 | Train acc: 0.9022 | Valid acc: 0.8033 | patience: 160 | Epoch time: 0.5 |

2023-01-07 21:46:32,472 - INFO -
| Epoch:    185 | Train loss: 0.1694 | Valid loss: 0.3467 | Train acc: 0.9022 | Valid acc: 0.7869 | patience: 161 | Epoch time: 0.5 |

2023-01-07 21:46:32,937 - INFO -
| Epoch:    186 | Train loss: 0.1729 | Valid loss: 0.3330 | Train acc: 0.8967 | Valid acc: 0.7869 | patience: 162 | Epoch time: 0.5 |

2023-01-07 21:46:33,403 - INFO -
| Epoch:    187 | Train loss: 0.1701 | Valid loss: 0.3360 | Train acc: 0.9022 | Valid acc: 0.8033 | patience: 163 | Epoch time: 0.5 |

2023-01-07 21:46:33,868 - INFO -
| Epoch:    188 | Train loss: 0.1687 | Valid loss: 0.3362 | Train acc: 0.8913 | Valid acc: 0.8033 | patience: 164 | Epoch time: 0.5 |

2023-01-07 21:46:34,332 - INFO -
| Epoch:    189 | Train loss: 0.1687 | Valid loss: 0.3316 | Train acc: 0.8913 | Valid acc: 0.7869 | patience: 165 | Epoch time: 0.5 |

2023-01-07 21:46:34,796 - INFO -
| Epoch:    190 | Train loss: 0.1719 | Valid loss: 0.3463 | Train acc: 0.9076 | Valid acc: 0.7869 | patience: 166 | Epoch time: 0.5 |

2023-01-07 21:46:35,260 - INFO -
| Epoch:    191 | Train loss: 0.1732 | Valid loss: 0.3384 | Train acc: 0.8967 | Valid acc: 0.8033 | patience: 167 | Epoch time: 0.5 |

2023-01-07 21:46:35,724 - INFO -
| Epoch:    192 | Train loss: 0.1684 | Valid loss: 0.3341 | Train acc: 0.8913 | Valid acc: 0.8033 | patience: 168 | Epoch time: 0.5 |

2023-01-07 21:46:36,189 - INFO -
| Epoch:    193 | Train loss: 0.1780 | Valid loss: 0.3547 | Train acc: 0.9076 | Valid acc: 0.7869 | patience: 169 | Epoch time: 0.5 |

2023-01-07 21:46:36,653 - INFO -
| Epoch:    194 | Train loss: 0.1798 | Valid loss: 0.3421 | Train acc: 0.9022 | Valid acc: 0.8033 | patience: 170 | Epoch time: 0.5 |

2023-01-07 21:46:37,117 - INFO -
| Epoch:    195 | Train loss: 0.1705 | Valid loss: 0.3316 | Train acc: 0.8967 | Valid acc: 0.8197 | patience: 171 | Epoch time: 0.5 |

2023-01-07 21:46:37,581 - INFO -
| Epoch:    196 | Train loss: 0.1890 | Valid loss: 0.3411 | Train acc: 0.9076 | Valid acc: 0.8033 | patience: 172 | Epoch time: 0.5 |

2023-01-07 21:46:38,046 - INFO -
| Epoch:    197 | Train loss: 0.1719 | Valid loss: 0.3451 | Train acc: 0.8967 | Valid acc: 0.7869 | patience: 173 | Epoch time: 0.5 |

2023-01-07 21:46:38,511 - INFO -
| Epoch:    198 | Train loss: 0.1757 | Valid loss: 0.3230 | Train acc: 0.9022 | Valid acc: 0.8033 | patience: 174 | Epoch time: 0.5 |

2023-01-07 21:46:38,976 - INFO -
| Epoch:    199 | Train loss: 0.1742 | Valid loss: 0.3222 | Train acc: 0.8967 | Valid acc: 0.7869 | patience: 175 | Epoch time: 0.5 |

2023-01-07 21:46:39,441 - INFO -
| Epoch:    200 | Train loss: 0.1717 | Valid loss: 0.3427 | Train acc: 0.9022 | Valid acc: 0.7869 | patience: 176 | Epoch time: 0.5 |

2023-01-07 21:46:39,906 - INFO -
| Epoch:    201 | Train loss: 0.1772 | Valid loss: 0.3288 | Train acc: 0.9022 | Valid acc: 0.8033 | patience: 177 | Epoch time: 0.5 |

2023-01-07 21:46:40,371 - INFO -
| Epoch:    202 | Train loss: 0.1701 | Valid loss: 0.3222 | Train acc: 0.8913 | Valid acc: 0.8033 | patience: 178 | Epoch time: 0.5 |

2023-01-07 21:46:40,836 - INFO -
| Epoch:    203 | Train loss: 0.1784 | Valid loss: 0.3348 | Train acc: 0.9022 | Valid acc: 0.7869 | patience: 179 | Epoch time: 0.5 |

2023-01-07 21:46:41,302 - INFO -
| Epoch:    204 | Train loss: 0.1710 | Valid loss: 0.3387 | Train acc: 0.9022 | Valid acc: 0.8033 | patience: 180 | Epoch time: 0.5 |

2023-01-07 21:46:41,767 - INFO -
| Epoch:    205 | Train loss: 0.1718 | Valid loss: 0.3280 | Train acc: 0.8967 | Valid acc: 0.8033 | patience: 181 | Epoch time: 0.5 |

2023-01-07 21:46:42,233 - INFO -
| Epoch:    206 | Train loss: 0.1737 | Valid loss: 0.3328 | Train acc: 0.9076 | Valid acc: 0.8033 | patience: 182 | Epoch time: 0.5 |

2023-01-07 21:46:42,698 - INFO -
| Epoch:    207 | Train loss: 0.1690 | Valid loss: 0.3487 | Train acc: 0.8967 | Valid acc: 0.8033 | patience: 183 | Epoch time: 0.5 |

2023-01-07 21:46:43,164 - INFO -
| Epoch:    208 | Train loss: 0.1749 | Valid loss: 0.3342 | Train acc: 0.9022 | Valid acc: 0.8033 | patience: 184 | Epoch time: 0.5 |

2023-01-07 21:46:43,629 - INFO -
| Epoch:    209 | Train loss: 0.1692 | Valid loss: 0.3343 | Train acc: 0.9022 | Valid acc: 0.7869 | patience: 185 | Epoch time: 0.5 |

2023-01-07 21:46:44,094 - INFO -
| Epoch:    210 | Train loss: 0.1700 | Valid loss: 0.3475 | Train acc: 0.9022 | Valid acc: 0.8033 | patience: 186 | Epoch time: 0.5 |

2023-01-07 21:46:44,558 - INFO -
| Epoch:    211 | Train loss: 0.1725 | Valid loss: 0.3388 | Train acc: 0.8967 | Valid acc: 0.8033 | patience: 187 | Epoch time: 0.5 |

2023-01-07 21:46:45,023 - INFO -
| Epoch:    212 | Train loss: 0.1687 | Valid loss: 0.3330 | Train acc: 0.9022 | Valid acc: 0.8033 | patience: 188 | Epoch time: 0.5 |

2023-01-07 21:46:45,487 - INFO -
| Epoch:    213 | Train loss: 0.1716 | Valid loss: 0.3496 | Train acc: 0.9022 | Valid acc: 0.8033 | patience: 189 | Epoch time: 0.5 |

2023-01-07 21:46:45,953 - INFO -
| Epoch:    214 | Train loss: 0.1732 | Valid loss: 0.3392 | Train acc: 0.8913 | Valid acc: 0.8033 | patience: 190 | Epoch time: 0.5 |

2023-01-07 21:46:46,418 - INFO -
| Epoch:    215 | Train loss: 0.1685 | Valid loss: 0.3313 | Train acc: 0.8967 | Valid acc: 0.8033 | patience: 191 | Epoch time: 0.5 |

2023-01-07 21:46:46,882 - INFO -
| Epoch:    216 | Train loss: 0.1734 | Valid loss: 0.3438 | Train acc: 0.9076 | Valid acc: 0.8033 | patience: 192 | Epoch time: 0.5 |

2023-01-07 21:46:47,346 - INFO -
| Epoch:    217 | Train loss: 0.1700 | Valid loss: 0.3423 | Train acc: 0.8967 | Valid acc: 0.8033 | patience: 193 | Epoch time: 0.5 |

2023-01-07 21:46:47,811 - INFO -
| Epoch:    218 | Train loss: 0.1696 | Valid loss: 0.3313 | Train acc: 0.8967 | Valid acc: 0.8033 | patience: 194 | Epoch time: 0.5 |

2023-01-07 21:46:48,276 - INFO -
| Epoch:    219 | Train loss: 0.1761 | Valid loss: 0.3384 | Train acc: 0.9022 | Valid acc: 0.8033 | patience: 195 | Epoch time: 0.5 |

2023-01-07 21:46:48,740 - INFO -
| Epoch:    220 | Train loss: 0.1685 | Valid loss: 0.3447 | Train acc: 0.8967 | Valid acc: 0.8033 | patience: 196 | Epoch time: 0.5 |

2023-01-07 21:46:49,205 - INFO -
| Epoch:    221 | Train loss: 0.1720 | Valid loss: 0.3316 | Train acc: 0.8967 | Valid acc: 0.7869 | patience: 197 | Epoch time: 0.5 |

2023-01-07 21:46:49,669 - INFO -
| Epoch:    222 | Train loss: 0.1706 | Valid loss: 0.3373 | Train acc: 0.9022 | Valid acc: 0.8033 | patience: 198 | Epoch time: 0.5 |

2023-01-07 21:46:50,133 - INFO -
| Epoch:    223 | Train loss: 0.1680 | Valid loss: 0.3403 | Train acc: 0.8967 | Valid acc: 0.8033 | patience: 199 | Epoch time: 0.5 |

2023-01-07 21:46:50,597 - INFO -
| Epoch:    224 | Train loss: 0.1688 | Valid loss: 0.3344 | Train acc: 0.8967 | Valid acc: 0.7869 | patience: 200 | Epoch time: 0.5 |

2023-01-07 21:46:51,062 - INFO -
| Epoch:    225 | Train loss: 0.1692 | Valid loss: 0.3383 | Train acc: 0.9022 | Valid acc: 0.8033 | patience: 201 | Epoch time: 0.5 |

2023-01-07 21:46:51,527 - INFO -
| Epoch:    226 | Train loss: 0.1680 | Valid loss: 0.3378 | Train acc: 0.8967 | Valid acc: 0.8033 | patience: 202 | Epoch time: 0.5 |

2023-01-07 21:46:51,992 - INFO -
| Epoch:    227 | Train loss: 0.1679 | Valid loss: 0.3365 | Train acc: 0.9022 | Valid acc: 0.8033 | patience: 203 | Epoch time: 0.5 |

2023-01-07 21:46:52,457 - INFO -
| Epoch:    228 | Train loss: 0.1677 | Valid loss: 0.3345 | Train acc: 0.8967 | Valid acc: 0.8033 | patience: 204 | Epoch time: 0.5 |

2023-01-07 21:46:52,921 - INFO -
| Epoch:    229 | Train loss: 0.1689 | Valid loss: 0.3457 | Train acc: 0.9022 | Valid acc: 0.8033 | patience: 205 | Epoch time: 0.5 |

2023-01-07 21:46:53,385 - INFO -
| Epoch:    230 | Train loss: 0.1709 | Valid loss: 0.3377 | Train acc: 0.8967 | Valid acc: 0.8033 | patience: 206 | Epoch time: 0.5 |

2023-01-07 21:46:53,850 - INFO -
| Epoch:    231 | Train loss: 0.1676 | Valid loss: 0.3341 | Train acc: 0.8967 | Valid acc: 0.7869 | patience: 207 | Epoch time: 0.5 |

2023-01-07 21:46:54,314 - INFO -
| Epoch:    232 | Train loss: 0.1718 | Valid loss: 0.3561 | Train acc: 0.9076 | Valid acc: 0.7869 | patience: 208 | Epoch time: 0.5 |

2023-01-07 21:46:54,779 - INFO -
| Epoch:    233 | Train loss: 0.1781 | Valid loss: 0.3430 | Train acc: 0.9076 | Valid acc: 0.8033 | patience: 209 | Epoch time: 0.5 |

2023-01-07 21:46:55,244 - INFO -
| Epoch:    234 | Train loss: 0.1687 | Valid loss: 0.3349 | Train acc: 0.8967 | Valid acc: 0.8197 | patience: 210 | Epoch time: 0.5 |

2023-01-07 21:46:55,709 - INFO -
| Epoch:    235 | Train loss: 0.1860 | Valid loss: 0.3444 | Train acc: 0.9022 | Valid acc: 0.7869 | patience: 211 | Epoch time: 0.5 |

2023-01-07 21:46:56,174 - INFO -
| Epoch:    236 | Train loss: 0.1704 | Valid loss: 0.3485 | Train acc: 0.8967 | Valid acc: 0.7869 | patience: 212 | Epoch time: 0.5 |

2023-01-07 21:46:56,639 - INFO -
| Epoch:    237 | Train loss: 0.1748 | Valid loss: 0.3240 | Train acc: 0.9022 | Valid acc: 0.8033 | patience: 213 | Epoch time: 0.5 |

2023-01-07 21:46:57,104 - INFO -
| Epoch:    238 | Train loss: 0.1755 | Valid loss: 0.3221 | Train acc: 0.9022 | Valid acc: 0.8033 | patience: 214 | Epoch time: 0.5 |

2023-01-07 21:46:57,569 - INFO -
| Epoch:    239 | Train loss: 0.1722 | Valid loss: 0.3402 | Train acc: 0.9022 | Valid acc: 0.7705 | patience: 215 | Epoch time: 0.5 |

2023-01-07 21:46:58,034 - INFO -
| Epoch:    240 | Train loss: 0.1736 | Valid loss: 0.3324 | Train acc: 0.8967 | Valid acc: 0.8033 | patience: 216 | Epoch time: 0.5 |

2023-01-07 21:46:58,500 - INFO -
| Epoch:    241 | Train loss: 0.1705 | Valid loss: 0.3210 | Train acc: 0.8913 | Valid acc: 0.8033 | patience: 217 | Epoch time: 0.5 |

2023-01-07 21:46:58,967 - INFO -
| Epoch:    242 | Train loss: 0.1740 | Valid loss: 0.3293 | Train acc: 0.9022 | Valid acc: 0.8033 | patience: 218 | Epoch time: 0.5 |

2023-01-07 21:46:59,432 - INFO -
| Epoch:    243 | Train loss: 0.1681 | Valid loss: 0.3385 | Train acc: 0.8913 | Valid acc: 0.7869 | patience: 219 | Epoch time: 0.5 |

2023-01-07 21:46:59,897 - INFO -
| Epoch:    244 | Train loss: 0.1703 | Valid loss: 0.3287 | Train acc: 0.9022 | Valid acc: 0.7869 | patience: 220 | Epoch time: 0.5 |

2023-01-07 21:47:00,363 - INFO -
| Epoch:    245 | Train loss: 0.1690 | Valid loss: 0.3334 | Train acc: 0.8967 | Valid acc: 0.8033 | patience: 221 | Epoch time: 0.5 |

2023-01-07 21:47:00,827 - INFO -
| Epoch:    246 | Train loss: 0.1678 | Valid loss: 0.3445 | Train acc: 0.8967 | Valid acc: 0.8033 | patience: 222 | Epoch time: 0.5 |

2023-01-07 21:47:01,293 - INFO -
| Epoch:    247 | Train loss: 0.1698 | Valid loss: 0.3383 | Train acc: 0.9022 | Valid acc: 0.8033 | patience: 223 | Epoch time: 0.5 |

2023-01-07 21:47:01,759 - INFO -
| Epoch:    248 | Train loss: 0.1679 | Valid loss: 0.3399 | Train acc: 0.9076 | Valid acc: 0.8033 | patience: 224 | Epoch time: 0.5 |

2023-01-07 21:47:02,224 - INFO -
| Epoch:    249 | Train loss: 0.1678 | Valid loss: 0.3470 | Train acc: 0.9076 | Valid acc: 0.8033 | patience: 225 | Epoch time: 0.5 |

2023-01-07 21:47:02,689 - INFO -
| Epoch:    250 | Train loss: 0.1697 | Valid loss: 0.3381 | Train acc: 0.9022 | Valid acc: 0.7869 | patience: 226 | Epoch time: 0.5 |

2023-01-07 21:47:03,152 - INFO -
| Epoch:    251 | Train loss: 0.1701 | Valid loss: 0.3438 | Train acc: 0.9022 | Valid acc: 0.8197 | patience: 227 | Epoch time: 0.5 |

2023-01-07 21:47:03,616 - INFO -
| Epoch:    252 | Train loss: 0.1683 | Valid loss: 0.3385 | Train acc: 0.8967 | Valid acc: 0.8033 | patience: 228 | Epoch time: 0.5 |

2023-01-07 21:47:04,080 - INFO -
| Epoch:    253 | Train loss: 0.1674 | Valid loss: 0.3330 | Train acc: 0.8967 | Valid acc: 0.8033 | patience: 229 | Epoch time: 0.5 |

2023-01-07 21:47:04,544 - INFO -
| Epoch:    254 | Train loss: 0.1682 | Valid loss: 0.3395 | Train acc: 0.8967 | Valid acc: 0.8033 | patience: 230 | Epoch time: 0.5 |

2023-01-07 21:47:05,008 - INFO -
| Epoch:    255 | Train loss: 0.1678 | Valid loss: 0.3389 | Train acc: 0.8967 | Valid acc: 0.8033 | patience: 231 | Epoch time: 0.5 |

2023-01-07 21:47:05,472 - INFO -
| Epoch:    256 | Train loss: 0.1678 | Valid loss: 0.3308 | Train acc: 0.8967 | Valid acc: 0.7869 | patience: 232 | Epoch time: 0.5 |

2023-01-07 21:47:05,935 - INFO -
| Epoch:    257 | Train loss: 0.1685 | Valid loss: 0.3368 | Train acc: 0.8967 | Valid acc: 0.8033 | patience: 233 | Epoch time: 0.5 |

2023-01-07 21:47:06,398 - INFO -
| Epoch:    258 | Train loss: 0.1673 | Valid loss: 0.3402 | Train acc: 0.8967 | Valid acc: 0.8033 | patience: 234 | Epoch time: 0.5 |

2023-01-07 21:47:06,862 - INFO -
| Epoch:    259 | Train loss: 0.1679 | Valid loss: 0.3348 | Train acc: 0.8967 | Valid acc: 0.8033 | patience: 235 | Epoch time: 0.5 |

2023-01-07 21:47:07,326 - INFO -
| Epoch:    260 | Train loss: 0.1679 | Valid loss: 0.3363 | Train acc: 0.9022 | Valid acc: 0.8033 | patience: 236 | Epoch time: 0.5 |

2023-01-07 21:47:07,790 - INFO -
| Epoch:    261 | Train loss: 0.1672 | Valid loss: 0.3409 | Train acc: 0.9022 | Valid acc: 0.8033 | patience: 237 | Epoch time: 0.5 |

2023-01-07 21:47:08,254 - INFO -
| Epoch:    262 | Train loss: 0.1679 | Valid loss: 0.3359 | Train acc: 0.8967 | Valid acc: 0.8033 | patience: 238 | Epoch time: 0.5 |

2023-01-07 21:47:08,717 - INFO -
| Epoch:    263 | Train loss: 0.1672 | Valid loss: 0.3348 | Train acc: 0.9022 | Valid acc: 0.8033 | patience: 239 | Epoch time: 0.5 |

2023-01-07 21:47:09,181 - INFO -
| Epoch:    264 | Train loss: 0.1675 | Valid loss: 0.3396 | Train acc: 0.9022 | Valid acc: 0.8033 | patience: 240 | Epoch time: 0.5 |

2023-01-07 21:47:09,644 - INFO -
| Epoch:    265 | Train loss: 0.1672 | Valid loss: 0.3401 | Train acc: 0.8967 | Valid acc: 0.8033 | patience: 241 | Epoch time: 0.5 |

2023-01-07 21:47:10,109 - INFO -
| Epoch:    266 | Train loss: 0.1673 | Valid loss: 0.3338 | Train acc: 0.8967 | Valid acc: 0.8033 | patience: 242 | Epoch time: 0.5 |

2023-01-07 21:47:10,574 - INFO -
| Epoch:    267 | Train loss: 0.1674 | Valid loss: 0.3370 | Train acc: 0.8967 | Valid acc: 0.8033 | patience: 243 | Epoch time: 0.5 |

2023-01-07 21:47:11,039 - INFO -
| Epoch:    268 | Train loss: 0.1670 | Valid loss: 0.3404 | Train acc: 0.8967 | Valid acc: 0.8033 | patience: 244 | Epoch time: 0.5 |

2023-01-07 21:47:11,503 - INFO -
| Epoch:    269 | Train loss: 0.1673 | Valid loss: 0.3368 | Train acc: 0.8967 | Valid acc: 0.8033 | patience: 245 | Epoch time: 0.5 |

2023-01-07 21:47:11,968 - INFO -
| Epoch:    270 | Train loss: 0.1669 | Valid loss: 0.3362 | Train acc: 0.9022 | Valid acc: 0.8033 | patience: 246 | Epoch time: 0.5 |

2023-01-07 21:47:12,432 - INFO -
| Epoch:    271 | Train loss: 0.1671 | Valid loss: 0.3414 | Train acc: 0.9022 | Valid acc: 0.8033 | patience: 247 | Epoch time: 0.5 |

2023-01-07 21:47:12,897 - INFO -
| Epoch:    272 | Train loss: 0.1669 | Valid loss: 0.3414 | Train acc: 0.8967 | Valid acc: 0.8033 | patience: 248 | Epoch time: 0.5 |

2023-01-07 21:47:13,361 - INFO -
| Epoch:    273 | Train loss: 0.1668 | Valid loss: 0.3369 | Train acc: 0.8967 | Valid acc: 0.8033 | patience: 249 | Epoch time: 0.5 |

2023-01-07 21:47:13,825 - INFO -
| Epoch:    274 | Train loss: 0.1677 | Valid loss: 0.3402 | Train acc: 0.9022 | Valid acc: 0.8033 | patience: 250 | Epoch time: 0.5 |

2023-01-07 21:47:14,290 - INFO -
| Epoch:    275 | Train loss: 0.1667 | Valid loss: 0.3429 | Train acc: 0.8967 | Valid acc: 0.8033 | patience: 251 | Epoch time: 0.5 |

2023-01-07 21:47:14,755 - INFO -
| Epoch:    276 | Train loss: 0.1674 | Valid loss: 0.3356 | Train acc: 0.8967 | Valid acc: 0.7869 | patience: 252 | Epoch time: 0.5 |

2023-01-07 21:47:15,220 - INFO -
| Epoch:    277 | Train loss: 0.1696 | Valid loss: 0.3482 | Train acc: 0.9022 | Valid acc: 0.8033 | patience: 253 | Epoch time: 0.5 |

2023-01-07 21:47:15,684 - INFO -
| Epoch:    278 | Train loss: 0.1715 | Valid loss: 0.3368 | Train acc: 0.8967 | Valid acc: 0.8033 | patience: 254 | Epoch time: 0.5 |

2023-01-07 21:47:16,149 - INFO -
| Epoch:    279 | Train loss: 0.1668 | Valid loss: 0.3329 | Train acc: 0.9022 | Valid acc: 0.8033 | patience: 255 | Epoch time: 0.5 |

2023-01-07 21:47:16,614 - INFO -
| Epoch:    280 | Train loss: 0.1718 | Valid loss: 0.3476 | Train acc: 0.9076 | Valid acc: 0.7869 | patience: 256 | Epoch time: 0.5 |

2023-01-07 21:47:17,078 - INFO -
| Epoch:    281 | Train loss: 0.1729 | Valid loss: 0.3361 | Train acc: 0.8967 | Valid acc: 0.8033 | patience: 257 | Epoch time: 0.5 |

2023-01-07 21:47:17,543 - INFO -
| Epoch:    282 | Train loss: 0.1669 | Valid loss: 0.3307 | Train acc: 0.8967 | Valid acc: 0.8033 | patience: 258 | Epoch time: 0.5 |

2023-01-07 21:47:18,007 - INFO -
| Epoch:    283 | Train loss: 0.1740 | Valid loss: 0.3425 | Train acc: 0.9076 | Valid acc: 0.8033 | patience: 259 | Epoch time: 0.5 |

2023-01-07 21:47:18,471 - INFO -
| Epoch:    284 | Train loss: 0.1688 | Valid loss: 0.3363 | Train acc: 0.8913 | Valid acc: 0.8033 | patience: 260 | Epoch time: 0.5 |

2023-01-07 21:47:18,934 - INFO -
| Epoch:    285 | Train loss: 0.1672 | Valid loss: 0.3287 | Train acc: 0.8967 | Valid acc: 0.7869 | patience: 261 | Epoch time: 0.5 |

2023-01-07 21:47:19,398 - INFO -
| Epoch:    286 | Train loss: 0.1692 | Valid loss: 0.3427 | Train acc: 0.9022 | Valid acc: 0.8197 | patience: 262 | Epoch time: 0.5 |

2023-01-07 21:47:19,862 - INFO -
| Epoch:    287 | Train loss: 0.1687 | Valid loss: 0.3328 | Train acc: 0.8913 | Valid acc: 0.8033 | patience: 263 | Epoch time: 0.5 |

2023-01-07 21:47:20,326 - INFO -
| Epoch:    288 | Train loss: 0.1671 | Valid loss: 0.3347 | Train acc: 0.8967 | Valid acc: 0.8033 | patience: 264 | Epoch time: 0.5 |

2023-01-07 21:47:20,790 - INFO -
| Epoch:    289 | Train loss: 0.1667 | Valid loss: 0.3414 | Train acc: 0.9022 | Valid acc: 0.8033 | patience: 265 | Epoch time: 0.5 |

2023-01-07 21:47:21,254 - INFO -
| Epoch:    290 | Train loss: 0.1672 | Valid loss: 0.3355 | Train acc: 0.8967 | Valid acc: 0.8033 | patience: 266 | Epoch time: 0.5 |

2023-01-07 21:47:21,719 - INFO -
| Epoch:    291 | Train loss: 0.1666 | Valid loss: 0.3344 | Train acc: 0.9022 | Valid acc: 0.8033 | patience: 267 | Epoch time: 0.5 |

2023-01-07 21:47:22,183 - INFO -
| Epoch:    292 | Train loss: 0.1669 | Valid loss: 0.3445 | Train acc: 0.8967 | Valid acc: 0.8197 | patience: 268 | Epoch time: 0.5 |

2023-01-07 21:47:22,647 - INFO -
| Epoch:    293 | Train loss: 0.1677 | Valid loss: 0.3334 | Train acc: 0.8967 | Valid acc: 0.7869 | patience: 269 | Epoch time: 0.5 |

2023-01-07 21:47:23,112 - INFO -
| Epoch:    294 | Train loss: 0.1679 | Valid loss: 0.3431 | Train acc: 0.9022 | Valid acc: 0.8033 | patience: 270 | Epoch time: 0.5 |

2023-01-07 21:47:23,576 - INFO -
| Epoch:    295 | Train loss: 0.1672 | Valid loss: 0.3355 | Train acc: 0.8967 | Valid acc: 0.8033 | patience: 271 | Epoch time: 0.5 |

2023-01-07 21:47:24,041 - INFO -
| Epoch:    296 | Train loss: 0.1664 | Valid loss: 0.3325 | Train acc: 0.9022 | Valid acc: 0.8033 | patience: 272 | Epoch time: 0.5 |

2023-01-07 21:47:24,506 - INFO -
| Epoch:    297 | Train loss: 0.1669 | Valid loss: 0.3402 | Train acc: 0.8967 | Valid acc: 0.8033 | patience: 273 | Epoch time: 0.5 |

2023-01-07 21:47:24,969 - INFO -
| Epoch:    298 | Train loss: 0.1668 | Valid loss: 0.3335 | Train acc: 0.8967 | Valid acc: 0.8033 | patience: 274 | Epoch time: 0.5 |

2023-01-07 21:47:25,433 - INFO -
| Epoch:    299 | Train loss: 0.1664 | Valid loss: 0.3330 | Train acc: 0.8967 | Valid acc: 0.8033 | patience: 275 | Epoch time: 0.5 |

2023-01-07 21:47:25,898 - INFO -
| Epoch:    300 | Train loss: 0.1665 | Valid loss: 0.3401 | Train acc: 0.8967 | Valid acc: 0.8033 | patience: 276 | Epoch time: 0.5 |

2023-01-07 21:47:26,362 - INFO -
| Epoch:    301 | Train loss: 0.1667 | Valid loss: 0.3357 | Train acc: 0.8967 | Valid acc: 0.8033 | patience: 277 | Epoch time: 0.5 |

2023-01-07 21:47:26,826 - INFO -
| Epoch:    302 | Train loss: 0.1663 | Valid loss: 0.3347 | Train acc: 0.9022 | Valid acc: 0.8033 | patience: 278 | Epoch time: 0.5 |

2023-01-07 21:47:27,291 - INFO -
| Epoch:    303 | Train loss: 0.1669 | Valid loss: 0.3418 | Train acc: 0.9022 | Valid acc: 0.8197 | patience: 279 | Epoch time: 0.5 |

2023-01-07 21:47:27,756 - INFO -
| Epoch:    304 | Train loss: 0.1671 | Valid loss: 0.3355 | Train acc: 0.9022 | Valid acc: 0.8033 | patience: 280 | Epoch time: 0.5 |

2023-01-07 21:47:28,220 - INFO -
| Epoch:    305 | Train loss: 0.1662 | Valid loss: 0.3320 | Train acc: 0.9022 | Valid acc: 0.7869 | patience: 281 | Epoch time: 0.5 |

2023-01-07 21:47:28,684 - INFO -
| Epoch:    306 | Train loss: 0.1682 | Valid loss: 0.3488 | Train acc: 0.9022 | Valid acc: 0.8033 | patience: 282 | Epoch time: 0.5 |

2023-01-07 21:47:29,148 - INFO -
| Epoch:    307 | Train loss: 0.1723 | Valid loss: 0.3322 | Train acc: 0.9022 | Valid acc: 0.7869 | patience: 283 | Epoch time: 0.5 |

2023-01-07 21:47:29,612 - INFO -
| Epoch:    308 | Train loss: 0.1688 | Valid loss: 0.3390 | Train acc: 0.9022 | Valid acc: 0.8033 | patience: 284 | Epoch time: 0.5 |

2023-01-07 21:47:30,077 - INFO -
| Epoch:    309 | Train loss: 0.1661 | Valid loss: 0.3468 | Train acc: 0.8967 | Valid acc: 0.8033 | patience: 285 | Epoch time: 0.5 |

2023-01-07 21:47:30,541 - INFO -
| Epoch:    310 | Train loss: 0.1695 | Valid loss: 0.3354 | Train acc: 0.8967 | Valid acc: 0.8033 | patience: 286 | Epoch time: 0.5 |

2023-01-07 21:47:31,005 - INFO -
| Epoch:    311 | Train loss: 0.1793 | Valid loss: 0.3471 | Train acc: 0.9022 | Valid acc: 0.8033 | patience: 287 | Epoch time: 0.5 |

2023-01-07 21:47:31,468 - INFO -
| Epoch:    312 | Train loss: 0.1709 | Valid loss: 0.3380 | Train acc: 0.9022 | Valid acc: 0.8033 | patience: 288 | Epoch time: 0.5 |

2023-01-07 21:47:31,932 - INFO -
| Epoch:    313 | Train loss: 0.1665 | Valid loss: 0.3302 | Train acc: 0.8967 | Valid acc: 0.8033 | patience: 289 | Epoch time: 0.5 |

2023-01-07 21:47:32,397 - INFO -
| Epoch:    314 | Train loss: 0.1755 | Valid loss: 0.3454 | Train acc: 0.9022 | Valid acc: 0.8033 | patience: 290 | Epoch time: 0.5 |

2023-01-07 21:47:32,861 - INFO -
| Epoch:    315 | Train loss: 0.1704 | Valid loss: 0.3347 | Train acc: 0.8967 | Valid acc: 0.8033 | patience: 291 | Epoch time: 0.5 |

2023-01-07 21:47:33,325 - INFO -
| Epoch:    316 | Train loss: 0.1665 | Valid loss: 0.3285 | Train acc: 0.8967 | Valid acc: 0.8033 | patience: 292 | Epoch time: 0.5 |

2023-01-07 21:47:33,790 - INFO -
| Epoch:    317 | Train loss: 0.1718 | Valid loss: 0.3395 | Train acc: 0.9076 | Valid acc: 0.8033 | patience: 293 | Epoch time: 0.5 |

2023-01-07 21:47:34,254 - INFO -
| Epoch:    318 | Train loss: 0.1667 | Valid loss: 0.3499 | Train acc: 0.8967 | Valid acc: 0.7869 | patience: 294 | Epoch time: 0.5 |

2023-01-07 21:47:34,718 - INFO -
| Epoch:    319 | Train loss: 0.1733 | Valid loss: 0.3332 | Train acc: 0.9022 | Valid acc: 0.8033 | patience: 295 | Epoch time: 0.5 |

2023-01-07 21:47:35,182 - INFO -
| Epoch:    320 | Train loss: 0.1733 | Valid loss: 0.3379 | Train acc: 0.9076 | Valid acc: 0.8033 | patience: 296 | Epoch time: 0.5 |

2023-01-07 21:47:35,646 - INFO -
| Epoch:    321 | Train loss: 0.1662 | Valid loss: 0.3491 | Train acc: 0.9022 | Valid acc: 0.8033 | patience: 297 | Epoch time: 0.5 |

2023-01-07 21:47:36,111 - INFO -
| Epoch:    322 | Train loss: 0.1726 | Valid loss: 0.3331 | Train acc: 0.9022 | Valid acc: 0.8033 | patience: 298 | Epoch time: 0.5 |

2023-01-07 21:47:36,575 - INFO -
| Epoch:    323 | Train loss: 0.1716 | Valid loss: 0.3360 | Train acc: 0.9076 | Valid acc: 0.8033 | patience: 299 | Epoch time: 0.5 |

2023-01-07 21:47:37,040 - INFO -
| Epoch:    324 | Train loss: 0.1661 | Valid loss: 0.3476 | Train acc: 0.9022 | Valid acc: 0.8033 | patience: 300 | Epoch time: 0.5 |

2023-01-07 21:47:37,504 - INFO -
| Epoch:    325 | Train loss: 0.1711 | Valid loss: 0.3310 | Train acc: 0.9022 | Valid acc: 0.8033 | patience: 301 | Epoch time: 0.5 |

2023-01-07 21:47:37,968 - INFO -
| Epoch:    326 | Train loss: 0.1715 | Valid loss: 0.3399 | Train acc: 0.9076 | Valid acc: 0.8033 | patience: 302 | Epoch time: 0.5 |

2023-01-07 21:47:38,432 - INFO -
| Epoch:    327 | Train loss: 0.1663 | Valid loss: 0.3514 | Train acc: 0.8967 | Valid acc: 0.7869 | patience: 303 | Epoch time: 0.5 |

2023-01-07 21:47:38,895 - INFO -
| Epoch:    328 | Train loss: 0.1727 | Valid loss: 0.3318 | Train acc: 0.9022 | Valid acc: 0.8033 | patience: 304 | Epoch time: 0.5 |

2023-01-07 21:47:39,360 - INFO -
| Epoch:    329 | Train loss: 0.1723 | Valid loss: 0.3376 | Train acc: 0.9076 | Valid acc: 0.8033 | patience: 305 | Epoch time: 0.5 |

2023-01-07 21:47:39,824 - INFO -
| Epoch:    330 | Train loss: 0.1661 | Valid loss: 0.3532 | Train acc: 0.9022 | Valid acc: 0.7869 | patience: 306 | Epoch time: 0.5 |

2023-01-07 21:47:40,289 - INFO -
| Epoch:    331 | Train loss: 0.1727 | Valid loss: 0.3324 | Train acc: 0.9076 | Valid acc: 0.8033 | patience: 307 | Epoch time: 0.5 |

2023-01-07 21:47:40,754 - INFO -
| Epoch:    332 | Train loss: 0.1702 | Valid loss: 0.3380 | Train acc: 0.9076 | Valid acc: 0.8033 | patience: 308 | Epoch time: 0.5 |

2023-01-07 21:47:41,218 - INFO -
| Epoch:    333 | Train loss: 0.1660 | Valid loss: 0.3513 | Train acc: 0.9022 | Valid acc: 0.8033 | patience: 309 | Epoch time: 0.5 |

2023-01-07 21:47:41,682 - INFO -
| Epoch:    334 | Train loss: 0.1709 | Valid loss: 0.3349 | Train acc: 0.9022 | Valid acc: 0.8033 | patience: 310 | Epoch time: 0.5 |

2023-01-07 21:47:42,147 - INFO -
| Epoch:    335 | Train loss: 0.1677 | Valid loss: 0.3351 | Train acc: 0.9022 | Valid acc: 0.7869 | patience: 311 | Epoch time: 0.5 |

2023-01-07 21:47:42,611 - INFO -
| Epoch:    336 | Train loss: 0.1668 | Valid loss: 0.3512 | Train acc: 0.9022 | Valid acc: 0.8033 | patience: 312 | Epoch time: 0.5 |

2023-01-07 21:47:43,078 - INFO -
| Epoch:    337 | Train loss: 0.1713 | Valid loss: 0.3333 | Train acc: 0.8967 | Valid acc: 0.7869 | patience: 313 | Epoch time: 0.5 |

2023-01-07 21:47:43,543 - INFO -
| Epoch:    338 | Train loss: 0.1666 | Valid loss: 0.3330 | Train acc: 0.9022 | Valid acc: 0.7869 | patience: 314 | Epoch time: 0.5 |

2023-01-07 21:47:44,007 - INFO -
| Epoch:    339 | Train loss: 0.1666 | Valid loss: 0.3418 | Train acc: 0.8967 | Valid acc: 0.8033 | patience: 315 | Epoch time: 0.5 |

2023-01-07 21:47:44,471 - INFO -
| Epoch:    340 | Train loss: 0.1669 | Valid loss: 0.3423 | Train acc: 0.9022 | Valid acc: 0.8033 | patience: 316 | Epoch time: 0.5 |

2023-01-07 21:47:44,936 - INFO -
| Epoch:    341 | Train loss: 0.1669 | Valid loss: 0.3342 | Train acc: 0.9022 | Valid acc: 0.7869 | patience: 317 | Epoch time: 0.5 |

2023-01-07 21:47:45,400 - INFO -
| Epoch:    342 | Train loss: 0.1664 | Valid loss: 0.3360 | Train acc: 0.8967 | Valid acc: 0.8033 | patience: 318 | Epoch time: 0.5 |

2023-01-07 21:47:45,863 - INFO -
| Epoch:    343 | Train loss: 0.1661 | Valid loss: 0.3441 | Train acc: 0.8967 | Valid acc: 0.8033 | patience: 319 | Epoch time: 0.5 |

2023-01-07 21:47:46,328 - INFO -
| Epoch:    344 | Train loss: 0.1665 | Valid loss: 0.3463 | Train acc: 0.9022 | Valid acc: 0.8197 | patience: 320 | Epoch time: 0.5 |

2023-01-07 21:47:46,793 - INFO -
| Epoch:    345 | Train loss: 0.1668 | Valid loss: 0.3380 | Train acc: 0.9022 | Valid acc: 0.7869 | patience: 321 | Epoch time: 0.5 |

2023-01-07 21:47:47,257 - INFO -
| Epoch:    346 | Train loss: 0.1672 | Valid loss: 0.3433 | Train acc: 0.9022 | Valid acc: 0.8033 | patience: 322 | Epoch time: 0.5 |

2023-01-07 21:47:47,721 - INFO -
| Epoch:    347 | Train loss: 0.1658 | Valid loss: 0.3483 | Train acc: 0.9022 | Valid acc: 0.8197 | patience: 323 | Epoch time: 0.5 |

2023-01-07 21:47:48,184 - INFO -
| Epoch:    348 | Train loss: 0.1669 | Valid loss: 0.3373 | Train acc: 0.9022 | Valid acc: 0.7869 | patience: 324 | Epoch time: 0.5 |

2023-01-07 21:47:48,648 - INFO -
| Epoch:    349 | Train loss: 0.1670 | Valid loss: 0.3430 | Train acc: 0.9022 | Valid acc: 0.8033 | patience: 325 | Epoch time: 0.5 |

2023-01-07 21:47:49,111 - INFO -
| Epoch:    350 | Train loss: 0.1658 | Valid loss: 0.3469 | Train acc: 0.8967 | Valid acc: 0.8197 | patience: 326 | Epoch time: 0.5 |

2023-01-07 21:47:49,576 - INFO -
| Epoch:    351 | Train loss: 0.1670 | Valid loss: 0.3346 | Train acc: 0.9022 | Valid acc: 0.8033 | patience: 327 | Epoch time: 0.5 |

2023-01-07 21:47:50,040 - INFO -
| Epoch:    352 | Train loss: 0.1702 | Valid loss: 0.3448 | Train acc: 0.9076 | Valid acc: 0.8197 | patience: 328 | Epoch time: 0.5 |

2023-01-07 21:47:50,504 - INFO -
| Epoch:    353 | Train loss: 0.1668 | Valid loss: 0.3414 | Train acc: 0.9022 | Valid acc: 0.8033 | patience: 329 | Epoch time: 0.5 |

2023-01-07 21:47:50,968 - INFO -
| Epoch:    354 | Train loss: 0.1661 | Valid loss: 0.3326 | Train acc: 0.8967 | Valid acc: 0.7869 | patience: 330 | Epoch time: 0.5 |

2023-01-07 21:47:51,433 - INFO -
| Epoch:    355 | Train loss: 0.1673 | Valid loss: 0.3414 | Train acc: 0.9022 | Valid acc: 0.8033 | patience: 331 | Epoch time: 0.5 |

2023-01-07 21:47:51,897 - INFO -
| Epoch:    356 | Train loss: 0.1659 | Valid loss: 0.3445 | Train acc: 0.8967 | Valid acc: 0.8197 | patience: 332 | Epoch time: 0.5 |

2023-01-07 21:47:52,361 - INFO -
| Epoch:    357 | Train loss: 0.1671 | Valid loss: 0.3354 | Train acc: 0.9022 | Valid acc: 0.8033 | patience: 333 | Epoch time: 0.5 |

2023-01-07 21:47:52,825 - INFO -
| Epoch:    358 | Train loss: 0.1731 | Valid loss: 0.3445 | Train acc: 0.9076 | Valid acc: 0.8197 | patience: 334 | Epoch time: 0.5 |

2023-01-07 21:47:53,289 - INFO -
| Epoch:    359 | Train loss: 0.1666 | Valid loss: 0.3427 | Train acc: 0.9022 | Valid acc: 0.8197 | patience: 335 | Epoch time: 0.5 |

2023-01-07 21:47:53,753 - INFO -
| Epoch:    360 | Train loss: 0.1660 | Valid loss: 0.3336 | Train acc: 0.9022 | Valid acc: 0.8033 | patience: 336 | Epoch time: 0.5 |

2023-01-07 21:47:54,217 - INFO -
| Epoch:    361 | Train loss: 0.1721 | Valid loss: 0.3461 | Train acc: 0.9076 | Valid acc: 0.8033 | patience: 337 | Epoch time: 0.5 |

2023-01-07 21:47:54,681 - INFO -
| Epoch:    362 | Train loss: 0.1693 | Valid loss: 0.3332 | Train acc: 0.9022 | Valid acc: 0.7869 | patience: 338 | Epoch time: 0.5 |

2023-01-07 21:47:55,146 - INFO -
| Epoch:    363 | Train loss: 0.1658 | Valid loss: 0.3314 | Train acc: 0.8967 | Valid acc: 0.8033 | patience: 339 | Epoch time: 0.5 |

2023-01-07 21:47:55,611 - INFO -
| Epoch:    364 | Train loss: 0.1667 | Valid loss: 0.3459 | Train acc: 0.8967 | Valid acc: 0.8033 | patience: 340 | Epoch time: 0.5 |

2023-01-07 21:47:56,075 - INFO -
| Epoch:    365 | Train loss: 0.1696 | Valid loss: 0.3302 | Train acc: 0.9022 | Valid acc: 0.8033 | patience: 341 | Epoch time: 0.5 |

2023-01-07 21:47:56,539 - INFO -
| Epoch:    366 | Train loss: 0.1676 | Valid loss: 0.3373 | Train acc: 0.9076 | Valid acc: 0.8033 | patience: 342 | Epoch time: 0.5 |

2023-01-07 21:47:57,002 - INFO -
| Epoch:    367 | Train loss: 0.1655 | Valid loss: 0.3438 | Train acc: 0.9022 | Valid acc: 0.8033 | patience: 343 | Epoch time: 0.5 |

2023-01-07 21:47:57,466 - INFO -
| Epoch:    368 | Train loss: 0.1674 | Valid loss: 0.3308 | Train acc: 0.9022 | Valid acc: 0.8033 | patience: 344 | Epoch time: 0.5 |

2023-01-07 21:47:57,929 - INFO -
| Epoch:    369 | Train loss: 0.1694 | Valid loss: 0.3422 | Train acc: 0.9076 | Valid acc: 0.8197 | patience: 345 | Epoch time: 0.5 |

2023-01-07 21:47:58,392 - INFO -
| Epoch:    370 | Train loss: 0.1665 | Valid loss: 0.3412 | Train acc: 0.9076 | Valid acc: 0.8033 | patience: 346 | Epoch time: 0.5 |

2023-01-07 21:47:58,856 - INFO -
| Epoch:    371 | Train loss: 0.1660 | Valid loss: 0.3338 | Train acc: 0.9022 | Valid acc: 0.8033 | patience: 347 | Epoch time: 0.5 |

2023-01-07 21:47:59,320 - INFO -
| Epoch:    372 | Train loss: 0.1662 | Valid loss: 0.3416 | Train acc: 0.9076 | Valid acc: 0.8033 | patience: 348 | Epoch time: 0.5 |

2023-01-07 21:47:59,783 - INFO -
| Epoch:    373 | Train loss: 0.1655 | Valid loss: 0.3407 | Train acc: 0.8967 | Valid acc: 0.8033 | patience: 349 | Epoch time: 0.5 |

2023-01-07 21:48:00,247 - INFO -
| Epoch:    374 | Train loss: 0.1654 | Valid loss: 0.3406 | Train acc: 0.9022 | Valid acc: 0.8033 | patience: 350 | Epoch time: 0.5 |

2023-01-07 21:48:00,711 - INFO -
| Epoch:    375 | Train loss: 0.1654 | Valid loss: 0.3395 | Train acc: 0.9022 | Valid acc: 0.8033 | patience: 351 | Epoch time: 0.5 |

2023-01-07 21:48:01,174 - INFO -
| Epoch:    376 | Train loss: 0.1656 | Valid loss: 0.3449 | Train acc: 0.9022 | Valid acc: 0.8197 | patience: 352 | Epoch time: 0.5 |

2023-01-07 21:48:01,638 - INFO -
| Epoch:    377 | Train loss: 0.1659 | Valid loss: 0.3365 | Train acc: 0.8967 | Valid acc: 0.8033 | patience: 353 | Epoch time: 0.5 |

2023-01-07 21:48:02,102 - INFO -
| Epoch:    378 | Train loss: 0.1658 | Valid loss: 0.3376 | Train acc: 0.9022 | Valid acc: 0.8033 | patience: 354 | Epoch time: 0.5 |

2023-01-07 21:48:02,566 - INFO -
| Epoch:    379 | Train loss: 0.1655 | Valid loss: 0.3420 | Train acc: 0.9022 | Valid acc: 0.8033 | patience: 355 | Epoch time: 0.5 |

2023-01-07 21:48:03,030 - INFO -
| Epoch:    380 | Train loss: 0.1661 | Valid loss: 0.3384 | Train acc: 0.9076 | Valid acc: 0.8033 | patience: 356 | Epoch time: 0.5 |

2023-01-07 21:48:03,494 - INFO -
| Epoch:    381 | Train loss: 0.1654 | Valid loss: 0.3357 | Train acc: 0.9022 | Valid acc: 0.7869 | patience: 357 | Epoch time: 0.5 |

2023-01-07 21:48:03,959 - INFO -
| Epoch:    382 | Train loss: 0.1664 | Valid loss: 0.3450 | Train acc: 0.9022 | Valid acc: 0.8033 | patience: 358 | Epoch time: 0.5 |

2023-01-07 21:48:04,424 - INFO -
| Epoch:    383 | Train loss: 0.1662 | Valid loss: 0.3370 | Train acc: 0.8967 | Valid acc: 0.8033 | patience: 359 | Epoch time: 0.5 |

2023-01-07 21:48:04,888 - INFO -
| Epoch:    384 | Train loss: 0.1657 | Valid loss: 0.3368 | Train acc: 0.9022 | Valid acc: 0.8033 | patience: 360 | Epoch time: 0.5 |

2023-01-07 21:48:05,353 - INFO -
| Epoch:    385 | Train loss: 0.1657 | Valid loss: 0.3458 | Train acc: 0.9022 | Valid acc: 0.8197 | patience: 361 | Epoch time: 0.5 |

2023-01-07 21:48:05,817 - INFO -
| Epoch:    386 | Train loss: 0.1670 | Valid loss: 0.3355 | Train acc: 0.8967 | Valid acc: 0.8033 | patience: 362 | Epoch time: 0.5 |

2023-01-07 21:48:06,282 - INFO -
| Epoch:    387 | Train loss: 0.1682 | Valid loss: 0.3430 | Train acc: 0.9022 | Valid acc: 0.8197 | patience: 363 | Epoch time: 0.5 |

2023-01-07 21:48:06,746 - INFO -
| Epoch:    388 | Train loss: 0.1659 | Valid loss: 0.3411 | Train acc: 0.9076 | Valid acc: 0.8033 | patience: 364 | Epoch time: 0.5 |

2023-01-07 21:48:07,211 - INFO -
| Epoch:    389 | Train loss: 0.1650 | Valid loss: 0.3391 | Train acc: 0.9022 | Valid acc: 0.8033 | patience: 365 | Epoch time: 0.5 |

2023-01-07 21:48:07,676 - INFO -
| Epoch:    390 | Train loss: 0.1650 | Valid loss: 0.3406 | Train acc: 0.9022 | Valid acc: 0.8033 | patience: 366 | Epoch time: 0.5 |

2023-01-07 21:48:08,140 - INFO -
| Epoch:    391 | Train loss: 0.1651 | Valid loss: 0.3425 | Train acc: 0.9022 | Valid acc: 0.8033 | patience: 367 | Epoch time: 0.5 |

2023-01-07 21:48:08,604 - INFO -
| Epoch:    392 | Train loss: 0.1652 | Valid loss: 0.3367 | Train acc: 0.8967 | Valid acc: 0.7869 | patience: 368 | Epoch time: 0.5 |

2023-01-07 21:48:09,068 - INFO -
| Epoch:    393 | Train loss: 0.1658 | Valid loss: 0.3441 | Train acc: 0.9076 | Valid acc: 0.8197 | patience: 369 | Epoch time: 0.5 |

2023-01-07 21:48:09,532 - INFO -
| Epoch:    394 | Train loss: 0.1659 | Valid loss: 0.3351 | Train acc: 0.9076 | Valid acc: 0.8033 | patience: 370 | Epoch time: 0.5 |

2023-01-07 21:48:09,996 - INFO -
| Epoch:    395 | Train loss: 0.1678 | Valid loss: 0.3436 | Train acc: 0.9022 | Valid acc: 0.8197 | patience: 371 | Epoch time: 0.5 |

2023-01-07 21:48:10,460 - INFO -
| Epoch:    396 | Train loss: 0.1668 | Valid loss: 0.3397 | Train acc: 0.9022 | Valid acc: 0.8033 | patience: 372 | Epoch time: 0.5 |

2023-01-07 21:48:10,925 - INFO -
| Epoch:    397 | Train loss: 0.1653 | Valid loss: 0.3341 | Train acc: 0.9022 | Valid acc: 0.8033 | patience: 373 | Epoch time: 0.5 |

2023-01-07 21:48:11,388 - INFO -
| Epoch:    398 | Train loss: 0.1670 | Valid loss: 0.3455 | Train acc: 0.9022 | Valid acc: 0.8033 | patience: 374 | Epoch time: 0.5 |

2023-01-07 21:48:11,851 - INFO -
| Epoch:    399 | Train loss: 0.1666 | Valid loss: 0.3359 | Train acc: 0.8967 | Valid acc: 0.7869 | patience: 375 | Epoch time: 0.5 |

2023-01-07 21:48:12,315 - INFO -
| Epoch:    400 | Train loss: 0.1655 | Valid loss: 0.3362 | Train acc: 0.8967 | Valid acc: 0.7869 | patience: 376 | Epoch time: 0.5 |

2023-01-07 21:48:12,780 - INFO -
| Epoch:    401 | Train loss: 0.1653 | Valid loss: 0.3452 | Train acc: 0.8967 | Valid acc: 0.8197 | patience: 377 | Epoch time: 0.5 |

2023-01-07 21:48:13,244 - INFO -
| Epoch:    402 | Train loss: 0.1665 | Valid loss: 0.3361 | Train acc: 0.9022 | Valid acc: 0.8033 | patience: 378 | Epoch time: 0.5 |

2023-01-07 21:48:13,708 - INFO -
| Epoch:    403 | Train loss: 0.1661 | Valid loss: 0.3381 | Train acc: 0.9022 | Valid acc: 0.8033 | patience: 379 | Epoch time: 0.5 |

2023-01-07 21:48:14,171 - INFO -
| Epoch:    404 | Train loss: 0.1653 | Valid loss: 0.3440 | Train acc: 0.9022 | Valid acc: 0.8197 | patience: 380 | Epoch time: 0.5 |

2023-01-07 21:48:14,635 - INFO -
| Epoch:    405 | Train loss: 0.1658 | Valid loss: 0.3347 | Train acc: 0.9022 | Valid acc: 0.8033 | patience: 381 | Epoch time: 0.5 |

2023-01-07 21:48:15,100 - INFO -
| Epoch:    406 | Train loss: 0.1684 | Valid loss: 0.3425 | Train acc: 0.9076 | Valid acc: 0.8033 | patience: 382 | Epoch time: 0.5 |

2023-01-07 21:48:15,564 - INFO -
| Epoch:    407 | Train loss: 0.1649 | Valid loss: 0.3460 | Train acc: 0.8967 | Valid acc: 0.8197 | patience: 383 | Epoch time: 0.5 |

2023-01-07 21:48:16,029 - INFO -
| Epoch:    408 | Train loss: 0.1658 | Valid loss: 0.3364 | Train acc: 0.8967 | Valid acc: 0.8033 | patience: 384 | Epoch time: 0.5 |

2023-01-07 21:48:16,493 - INFO -
| Epoch:    409 | Train loss: 0.1689 | Valid loss: 0.3490 | Train acc: 0.9076 | Valid acc: 0.8197 | patience: 385 | Epoch time: 0.5 |

2023-01-07 21:48:16,958 - INFO -
| Epoch:    410 | Train loss: 0.1664 | Valid loss: 0.3395 | Train acc: 0.9022 | Valid acc: 0.7869 | patience: 386 | Epoch time: 0.5 |

2023-01-07 21:48:17,422 - INFO -
| Epoch:    411 | Train loss: 0.1658 | Valid loss: 0.3421 | Train acc: 0.9076 | Valid acc: 0.8033 | patience: 387 | Epoch time: 0.5 |

2023-01-07 21:48:17,886 - INFO -
| Epoch:    412 | Train loss: 0.1648 | Valid loss: 0.3508 | Train acc: 0.9076 | Valid acc: 0.8033 | patience: 388 | Epoch time: 0.5 |

2023-01-07 21:48:18,350 - INFO -
| Epoch:    413 | Train loss: 0.1671 | Valid loss: 0.3380 | Train acc: 0.8967 | Valid acc: 0.8033 | patience: 389 | Epoch time: 0.5 |

2023-01-07 21:48:18,815 - INFO -
| Epoch:    414 | Train loss: 0.1700 | Valid loss: 0.3485 | Train acc: 0.9076 | Valid acc: 0.8197 | patience: 390 | Epoch time: 0.5 |

2023-01-07 21:48:19,280 - INFO -
| Epoch:    415 | Train loss: 0.1657 | Valid loss: 0.3450 | Train acc: 0.8967 | Valid acc: 0.8033 | patience: 391 | Epoch time: 0.5 |

2023-01-07 21:48:19,745 - INFO -
| Epoch:    416 | Train loss: 0.1648 | Valid loss: 0.3404 | Train acc: 0.9022 | Valid acc: 0.8033 | patience: 392 | Epoch time: 0.5 |

2023-01-07 21:48:20,209 - INFO -
| Epoch:    417 | Train loss: 0.1651 | Valid loss: 0.3449 | Train acc: 0.9022 | Valid acc: 0.8033 | patience: 393 | Epoch time: 0.5 |

2023-01-07 21:48:20,673 - INFO -
| Epoch:    418 | Train loss: 0.1646 | Valid loss: 0.3441 | Train acc: 0.9022 | Valid acc: 0.8033 | patience: 394 | Epoch time: 0.5 |

2023-01-07 21:48:21,138 - INFO -
| Epoch:    419 | Train loss: 0.1647 | Valid loss: 0.3459 | Train acc: 0.9022 | Valid acc: 0.8197 | patience: 395 | Epoch time: 0.5 |

2023-01-07 21:48:21,602 - INFO -
| Epoch:    420 | Train loss: 0.1648 | Valid loss: 0.3438 | Train acc: 0.9076 | Valid acc: 0.8033 | patience: 396 | Epoch time: 0.5 |

2023-01-07 21:48:22,066 - INFO -
| Epoch:    421 | Train loss: 0.1648 | Valid loss: 0.3461 | Train acc: 0.9076 | Valid acc: 0.8197 | patience: 397 | Epoch time: 0.5 |

2023-01-07 21:48:22,529 - INFO -
| Epoch:    422 | Train loss: 0.1646 | Valid loss: 0.3415 | Train acc: 0.8967 | Valid acc: 0.8033 | patience: 398 | Epoch time: 0.5 |

2023-01-07 21:48:22,992 - INFO -
| Epoch:    423 | Train loss: 0.1648 | Valid loss: 0.3480 | Train acc: 0.9076 | Valid acc: 0.8197 | patience: 399 | Epoch time: 0.5 |

2023-01-07 21:48:23,456 - INFO -
| Epoch:    424 | Train loss: 0.1648 | Valid loss: 0.3392 | Train acc: 0.9022 | Valid acc: 0.7869 | patience: 400 | Epoch time: 0.5 |

2023-01-07 21:48:23,920 - INFO -
| Epoch:    425 | Train loss: 0.1657 | Valid loss: 0.3460 | Train acc: 0.9076 | Valid acc: 0.8033 | patience: 401 | Epoch time: 0.5 |

2023-01-07 21:48:24,384 - INFO -
| Epoch:    426 | Train loss: 0.1650 | Valid loss: 0.3438 | Train acc: 0.9022 | Valid acc: 0.8033 | patience: 402 | Epoch time: 0.5 |

2023-01-07 21:48:24,848 - INFO -
| Epoch:    427 | Train loss: 0.1645 | Valid loss: 0.3386 | Train acc: 0.9022 | Valid acc: 0.7869 | patience: 403 | Epoch time: 0.5 |

2023-01-07 21:48:25,312 - INFO -
| Epoch:    428 | Train loss: 0.1663 | Valid loss: 0.3525 | Train acc: 0.9022 | Valid acc: 0.8033 | patience: 404 | Epoch time: 0.5 |

2023-01-07 21:48:25,777 - INFO -
| Epoch:    429 | Train loss: 0.1686 | Valid loss: 0.3381 | Train acc: 0.9022 | Valid acc: 0.8033 | patience: 405 | Epoch time: 0.5 |

2023-01-07 21:48:26,240 - INFO -
| Epoch:    430 | Train loss: 0.1691 | Valid loss: 0.3452 | Train acc: 0.9076 | Valid acc: 0.8033 | patience: 406 | Epoch time: 0.5 |

2023-01-07 21:48:26,704 - INFO -
| Epoch:    431 | Train loss: 0.1647 | Valid loss: 0.3499 | Train acc: 0.8967 | Valid acc: 0.8197 | patience: 407 | Epoch time: 0.5 |

2023-01-07 21:48:27,167 - INFO -
| Epoch:    432 | Train loss: 0.1661 | Valid loss: 0.3400 | Train acc: 0.9022 | Valid acc: 0.8033 | patience: 408 | Epoch time: 0.5 |

2023-01-07 21:48:27,633 - INFO -
| Epoch:    433 | Train loss: 0.1696 | Valid loss: 0.3524 | Train acc: 0.9076 | Valid acc: 0.8033 | patience: 409 | Epoch time: 0.5 |

2023-01-07 21:48:28,098 - INFO -
| Epoch:    434 | Train loss: 0.1675 | Valid loss: 0.3393 | Train acc: 0.9022 | Valid acc: 0.7869 | patience: 410 | Epoch time: 0.5 |

2023-01-07 21:48:28,562 - INFO -
| Epoch:    435 | Train loss: 0.1657 | Valid loss: 0.3428 | Train acc: 0.9076 | Valid acc: 0.8033 | patience: 411 | Epoch time: 0.5 |

2023-01-07 21:48:29,027 - INFO -
| Epoch:    436 | Train loss: 0.1645 | Valid loss: 0.3520 | Train acc: 0.8967 | Valid acc: 0.8033 | patience: 412 | Epoch time: 0.5 |

2023-01-07 21:48:29,492 - INFO -
| Epoch:    437 | Train loss: 0.1668 | Valid loss: 0.3409 | Train acc: 0.9022 | Valid acc: 0.8033 | patience: 413 | Epoch time: 0.5 |

2023-01-07 21:48:29,957 - INFO -
| Epoch:    438 | Train loss: 0.1714 | Valid loss: 0.3574 | Train acc: 0.9076 | Valid acc: 0.8033 | patience: 414 | Epoch time: 0.5 |

2023-01-07 21:48:30,422 - INFO -
| Epoch:    439 | Train loss: 0.1720 | Valid loss: 0.3394 | Train acc: 0.9076 | Valid acc: 0.7869 | patience: 415 | Epoch time: 0.5 |

2023-01-07 21:48:30,888 - INFO -
| Epoch:    440 | Train loss: 0.1647 | Valid loss: 0.3364 | Train acc: 0.9076 | Valid acc: 0.8033 | patience: 416 | Epoch time: 0.5 |

2023-01-07 21:48:31,354 - INFO -
| Epoch:    441 | Train loss: 0.1692 | Valid loss: 0.3587 | Train acc: 0.9076 | Valid acc: 0.7869 | patience: 417 | Epoch time: 0.5 |

2023-01-07 21:48:31,818 - INFO -
| Epoch:    442 | Train loss: 0.1751 | Valid loss: 0.3385 | Train acc: 0.9022 | Valid acc: 0.8033 | patience: 418 | Epoch time: 0.5 |

2023-01-07 21:48:32,283 - INFO -
| Epoch:    443 | Train loss: 0.1645 | Valid loss: 0.3355 | Train acc: 0.9022 | Valid acc: 0.8033 | patience: 419 | Epoch time: 0.5 |

2023-01-07 21:48:32,747 - INFO -
| Epoch:    444 | Train loss: 0.1785 | Valid loss: 0.3662 | Train acc: 0.9076 | Valid acc: 0.7869 | patience: 420 | Epoch time: 0.5 |

2023-01-07 21:48:33,211 - INFO -
| Epoch:    445 | Train loss: 0.1841 | Valid loss: 0.3565 | Train acc: 0.8967 | Valid acc: 0.7869 | patience: 421 | Epoch time: 0.5 |

2023-01-07 21:48:33,676 - INFO -
| Epoch:    446 | Train loss: 0.1733 | Valid loss: 0.3387 | Train acc: 0.8967 | Valid acc: 0.8361 | patience: 422 | Epoch time: 0.5 |

2023-01-07 21:48:34,141 - INFO -
| Epoch:    447 | Train loss: 0.2029 | Valid loss: 0.3572 | Train acc: 0.8804 | Valid acc: 0.7869 | patience: 423 | Epoch time: 0.5 |

2023-01-07 21:48:34,605 - INFO -
| Epoch:    448 | Train loss: 0.1723 | Valid loss: 0.3708 | Train acc: 0.9022 | Valid acc: 0.7869 | patience: 424 | Epoch time: 0.5 |

2023-01-07 21:48:35,069 - INFO -
| Epoch:    449 | Train loss: 0.1826 | Valid loss: 0.3318 | Train acc: 0.8967 | Valid acc: 0.8033 | patience: 425 | Epoch time: 0.5 |

2023-01-07 21:48:35,532 - INFO -
| Epoch:    450 | Train loss: 0.1786 | Valid loss: 0.3354 | Train acc: 0.9022 | Valid acc: 0.7869 | patience: 426 | Epoch time: 0.5 |

2023-01-07 21:48:35,997 - INFO -
| Epoch:    451 | Train loss: 0.1689 | Valid loss: 0.3613 | Train acc: 0.9022 | Valid acc: 0.7869 | patience: 427 | Epoch time: 0.5 |

2023-01-07 21:48:36,460 - INFO -
| Epoch:    452 | Train loss: 0.1773 | Valid loss: 0.3430 | Train acc: 0.9022 | Valid acc: 0.8033 | patience: 428 | Epoch time: 0.5 |

2023-01-07 21:48:36,924 - INFO -
| Epoch:    453 | Train loss: 0.1651 | Valid loss: 0.3418 | Train acc: 0.9076 | Valid acc: 0.7869 | patience: 429 | Epoch time: 0.5 |

2023-01-07 21:48:37,389 - INFO -
| Epoch:    454 | Train loss: 0.1845 | Valid loss: 0.3664 | Train acc: 0.9076 | Valid acc: 0.7869 | patience: 430 | Epoch time: 0.5 |

2023-01-07 21:48:37,853 - INFO -
| Epoch:    455 | Train loss: 0.1828 | Valid loss: 0.3646 | Train acc: 0.8913 | Valid acc: 0.7869 | patience: 431 | Epoch time: 0.5 |

2023-01-07 21:48:38,318 - INFO -
| Epoch:    456 | Train loss: 0.1786 | Valid loss: 0.3440 | Train acc: 0.9022 | Valid acc: 0.7869 | patience: 432 | Epoch time: 0.5 |

2023-01-07 21:48:38,782 - INFO -
| Epoch:    457 | Train loss: 0.1882 | Valid loss: 0.3471 | Train acc: 0.9022 | Valid acc: 0.8033 | patience: 433 | Epoch time: 0.5 |

2023-01-07 21:48:39,246 - INFO -
| Epoch:    458 | Train loss: 0.1667 | Valid loss: 0.3753 | Train acc: 0.8913 | Valid acc: 0.7869 | patience: 434 | Epoch time: 0.5 |

2023-01-07 21:48:39,709 - INFO -
| Epoch:    459 | Train loss: 0.1845 | Valid loss: 0.3458 | Train acc: 0.9022 | Valid acc: 0.8033 | patience: 435 | Epoch time: 0.5 |

2023-01-07 21:48:40,173 - INFO -
| Epoch:    460 | Train loss: 0.1675 | Valid loss: 0.3401 | Train acc: 0.8913 | Valid acc: 0.8033 | patience: 436 | Epoch time: 0.5 |

2023-01-07 21:48:40,637 - INFO -
| Epoch:    461 | Train loss: 0.1815 | Valid loss: 0.3496 | Train acc: 0.9022 | Valid acc: 0.7869 | patience: 437 | Epoch time: 0.5 |

2023-01-07 21:48:41,101 - INFO -
| Epoch:    462 | Train loss: 0.1672 | Valid loss: 0.3565 | Train acc: 0.8967 | Valid acc: 0.7869 | patience: 438 | Epoch time: 0.5 |

2023-01-07 21:48:41,565 - INFO -
| Epoch:    463 | Train loss: 0.1737 | Valid loss: 0.3408 | Train acc: 0.9130 | Valid acc: 0.7869 | patience: 439 | Epoch time: 0.5 |

2023-01-07 21:48:42,030 - INFO -
| Epoch:    464 | Train loss: 0.1685 | Valid loss: 0.3408 | Train acc: 0.9076 | Valid acc: 0.7869 | patience: 440 | Epoch time: 0.5 |

2023-01-07 21:48:42,494 - INFO -
| Epoch:    465 | Train loss: 0.1678 | Valid loss: 0.3581 | Train acc: 0.9076 | Valid acc: 0.7869 | patience: 441 | Epoch time: 0.5 |

2023-01-07 21:48:42,958 - INFO -
| Epoch:    466 | Train loss: 0.1788 | Valid loss: 0.3448 | Train acc: 0.9022 | Valid acc: 0.7869 | patience: 442 | Epoch time: 0.5 |

2023-01-07 21:48:43,422 - INFO -
| Epoch:    467 | Train loss: 0.1671 | Valid loss: 0.3375 | Train acc: 0.8967 | Valid acc: 0.8033 | patience: 443 | Epoch time: 0.5 |

2023-01-07 21:48:43,887 - INFO -
| Epoch:    468 | Train loss: 0.1823 | Valid loss: 0.3499 | Train acc: 0.9022 | Valid acc: 0.7869 | patience: 444 | Epoch time: 0.5 |

2023-01-07 21:48:44,351 - INFO -
| Epoch:    469 | Train loss: 0.1674 | Valid loss: 0.3807 | Train acc: 0.8913 | Valid acc: 0.7869 | patience: 445 | Epoch time: 0.5 |

2023-01-07 21:48:44,815 - INFO -
| Epoch:    470 | Train loss: 0.1881 | Valid loss: 0.3435 | Train acc: 0.9022 | Valid acc: 0.7869 | patience: 446 | Epoch time: 0.5 |

2023-01-07 21:48:45,279 - INFO -
| Epoch:    471 | Train loss: 0.1706 | Valid loss: 0.3466 | Train acc: 0.9076 | Valid acc: 0.8033 | patience: 447 | Epoch time: 0.5 |

2023-01-07 21:48:45,744 - INFO -
| Epoch:    472 | Train loss: 0.1768 | Valid loss: 0.3666 | Train acc: 0.9076 | Valid acc: 0.7869 | patience: 448 | Epoch time: 0.5 |

2023-01-07 21:48:46,209 - INFO -
| Epoch:    473 | Train loss: 0.1770 | Valid loss: 0.3603 | Train acc: 0.9076 | Valid acc: 0.8033 | patience: 449 | Epoch time: 0.5 |

2023-01-07 21:48:46,673 - INFO -
| Epoch:    474 | Train loss: 0.1709 | Valid loss: 0.3470 | Train acc: 0.9022 | Valid acc: 0.7869 | patience: 450 | Epoch time: 0.5 |

2023-01-07 21:48:47,136 - INFO -
| Epoch:    475 | Train loss: 0.1811 | Valid loss: 0.3496 | Train acc: 0.9076 | Valid acc: 0.7869 | patience: 451 | Epoch time: 0.5 |

2023-01-07 21:48:47,600 - INFO -
| Epoch:    476 | Train loss: 0.1660 | Valid loss: 0.3692 | Train acc: 0.9076 | Valid acc: 0.7869 | patience: 452 | Epoch time: 0.5 |

2023-01-07 21:48:48,064 - INFO -
| Epoch:    477 | Train loss: 0.1840 | Valid loss: 0.3421 | Train acc: 0.9022 | Valid acc: 0.8033 | patience: 453 | Epoch time: 0.5 |

2023-01-07 21:48:48,529 - INFO -
| Epoch:    478 | Train loss: 0.1671 | Valid loss: 0.3374 | Train acc: 0.8913 | Valid acc: 0.8033 | patience: 454 | Epoch time: 0.5 |

2023-01-07 21:48:48,992 - INFO -
| Epoch:    479 | Train loss: 0.1805 | Valid loss: 0.3586 | Train acc: 0.8967 | Valid acc: 0.7869 | patience: 455 | Epoch time: 0.5 |

2023-01-07 21:48:49,455 - INFO -
| Epoch:    480 | Train loss: 0.1714 | Valid loss: 0.3614 | Train acc: 0.8967 | Valid acc: 0.7869 | patience: 456 | Epoch time: 0.5 |

2023-01-07 21:48:49,919 - INFO -
| Epoch:    481 | Train loss: 0.1725 | Valid loss: 0.3387 | Train acc: 0.9130 | Valid acc: 0.8033 | patience: 457 | Epoch time: 0.5 |

2023-01-07 21:48:50,382 - INFO -
| Epoch:    482 | Train loss: 0.1749 | Valid loss: 0.3402 | Train acc: 0.9022 | Valid acc: 0.7869 | patience: 458 | Epoch time: 0.5 |

2023-01-07 21:48:50,847 - INFO -
| Epoch:    483 | Train loss: 0.1668 | Valid loss: 0.3658 | Train acc: 0.9022 | Valid acc: 0.7869 | patience: 459 | Epoch time: 0.5 |

2023-01-07 21:48:51,311 - INFO -
| Epoch:    484 | Train loss: 0.1780 | Valid loss: 0.3509 | Train acc: 0.9022 | Valid acc: 0.8033 | patience: 460 | Epoch time: 0.5 |

2023-01-07 21:48:51,774 - INFO -
| Epoch:    485 | Train loss: 0.1667 | Valid loss: 0.3433 | Train acc: 0.9022 | Valid acc: 0.8033 | patience: 461 | Epoch time: 0.5 |

2023-01-07 21:48:52,238 - INFO -
| Epoch:    486 | Train loss: 0.1787 | Valid loss: 0.3514 | Train acc: 0.9022 | Valid acc: 0.8033 | patience: 462 | Epoch time: 0.5 |

2023-01-07 21:48:52,702 - INFO -
| Epoch:    487 | Train loss: 0.1667 | Valid loss: 0.3569 | Train acc: 0.9076 | Valid acc: 0.8033 | patience: 463 | Epoch time: 0.5 |

2023-01-07 21:48:53,167 - INFO -
| Epoch:    488 | Train loss: 0.1708 | Valid loss: 0.3377 | Train acc: 0.8967 | Valid acc: 0.8033 | patience: 464 | Epoch time: 0.5 |

2023-01-07 21:48:53,631 - INFO -
| Epoch:    489 | Train loss: 0.1667 | Valid loss: 0.3348 | Train acc: 0.9076 | Valid acc: 0.8033 | patience: 465 | Epoch time: 0.5 |

2023-01-07 21:48:54,095 - INFO -
| Epoch:    490 | Train loss: 0.1702 | Valid loss: 0.3600 | Train acc: 0.9022 | Valid acc: 0.7869 | patience: 466 | Epoch time: 0.5 |

2023-01-07 21:48:54,559 - INFO -
| Epoch:    491 | Train loss: 0.1741 | Valid loss: 0.3512 | Train acc: 0.8967 | Valid acc: 0.8033 | patience: 467 | Epoch time: 0.5 |

2023-01-07 21:48:55,023 - INFO -
| Epoch:    492 | Train loss: 0.1681 | Valid loss: 0.3348 | Train acc: 0.8967 | Valid acc: 0.8033 | patience: 468 | Epoch time: 0.5 |

2023-01-07 21:48:55,486 - INFO -
| Epoch:    493 | Train loss: 0.1760 | Valid loss: 0.3431 | Train acc: 0.9022 | Valid acc: 0.8033 | patience: 469 | Epoch time: 0.5 |

2023-01-07 21:48:55,950 - INFO -
| Epoch:    494 | Train loss: 0.1656 | Valid loss: 0.3588 | Train acc: 0.9076 | Valid acc: 0.7869 | patience: 470 | Epoch time: 0.5 |

2023-01-07 21:48:56,415 - INFO -
| Epoch:    495 | Train loss: 0.1724 | Valid loss: 0.3424 | Train acc: 0.8967 | Valid acc: 0.8033 | patience: 471 | Epoch time: 0.5 |

2023-01-07 21:48:56,879 - INFO -
| Epoch:    496 | Train loss: 0.1653 | Valid loss: 0.3377 | Train acc: 0.8967 | Valid acc: 0.8033 | patience: 472 | Epoch time: 0.5 |

2023-01-07 21:48:57,343 - INFO -
| Epoch:    497 | Train loss: 0.1741 | Valid loss: 0.3518 | Train acc: 0.9022 | Valid acc: 0.7869 | patience: 473 | Epoch time: 0.5 |

2023-01-07 21:48:57,808 - INFO -
| Epoch:    498 | Train loss: 0.1671 | Valid loss: 0.3588 | Train acc: 0.8967 | Valid acc: 0.7869 | patience: 474 | Epoch time: 0.5 |

2023-01-07 21:48:58,273 - INFO -
| Epoch:    499 | Train loss: 0.1711 | Valid loss: 0.3376 | Train acc: 0.9022 | Valid acc: 0.7869 | patience: 475 | Epoch time: 0.5 |

2023-01-07 21:48:58,737 - INFO -
| Epoch:    500 | Train loss: 0.1673 | Valid loss: 0.3377 | Train acc: 0.9076 | Valid acc: 0.8033 | patience: 476 | Epoch time: 0.5 |

2023-01-07 21:48:59,201 - INFO -
| Epoch:    501 | Train loss: 0.1692 | Valid loss: 0.3592 | Train acc: 0.9076 | Valid acc: 0.7869 | patience: 477 | Epoch time: 0.5 |

2023-01-07 21:48:59,665 - INFO -
| Epoch:    502 | Train loss: 0.1722 | Valid loss: 0.3470 | Train acc: 0.9022 | Valid acc: 0.7869 | patience: 478 | Epoch time: 0.5 |

2023-01-07 21:49:00,130 - INFO -
| Epoch:    503 | Train loss: 0.1652 | Valid loss: 0.3400 | Train acc: 0.9022 | Valid acc: 0.8033 | patience: 479 | Epoch time: 0.5 |

2023-01-07 21:49:00,593 - INFO -
| Epoch:    504 | Train loss: 0.1711 | Valid loss: 0.3447 | Train acc: 0.9076 | Valid acc: 0.8033 | patience: 480 | Epoch time: 0.5 |

2023-01-07 21:49:01,057 - INFO -
| Epoch:    505 | Train loss: 0.1647 | Valid loss: 0.3540 | Train acc: 0.9022 | Valid acc: 0.8033 | patience: 481 | Epoch time: 0.5 |

2023-01-07 21:49:01,521 - INFO -
| Epoch:    506 | Train loss: 0.1687 | Valid loss: 0.3402 | Train acc: 0.9022 | Valid acc: 0.8033 | patience: 482 | Epoch time: 0.5 |

2023-01-07 21:49:01,985 - INFO -
| Epoch:    507 | Train loss: 0.1666 | Valid loss: 0.3399 | Train acc: 0.9022 | Valid acc: 0.7869 | patience: 483 | Epoch time: 0.5 |

2023-01-07 21:49:02,450 - INFO -
| Epoch:    508 | Train loss: 0.1668 | Valid loss: 0.3546 | Train acc: 0.9022 | Valid acc: 0.8033 | patience: 484 | Epoch time: 0.5 |

2023-01-07 21:49:02,913 - INFO -
| Epoch:    509 | Train loss: 0.1683 | Valid loss: 0.3458 | Train acc: 0.9022 | Valid acc: 0.8033 | patience: 485 | Epoch time: 0.5 |

2023-01-07 21:49:03,377 - INFO -
| Epoch:    510 | Train loss: 0.1641 | Valid loss: 0.3390 | Train acc: 0.9022 | Valid acc: 0.8033 | patience: 486 | Epoch time: 0.5 |

2023-01-07 21:49:03,840 - INFO -
| Epoch:    511 | Train loss: 0.1678 | Valid loss: 0.3449 | Train acc: 0.9076 | Valid acc: 0.8033 | patience: 487 | Epoch time: 0.5 |

2023-01-07 21:49:04,304 - INFO -
| Epoch:    512 | Train loss: 0.1639 | Valid loss: 0.3525 | Train acc: 0.9076 | Valid acc: 0.8033 | patience: 488 | Epoch time: 0.5 |

2023-01-07 21:49:04,767 - INFO -
| Epoch:    513 | Train loss: 0.1677 | Valid loss: 0.3389 | Train acc: 0.9022 | Valid acc: 0.8033 | patience: 489 | Epoch time: 0.5 |

2023-01-07 21:49:05,231 - INFO -
| Epoch:    514 | Train loss: 0.1672 | Valid loss: 0.3396 | Train acc: 0.9076 | Valid acc: 0.7869 | patience: 490 | Epoch time: 0.5 |

2023-01-07 21:49:05,695 - INFO -
| Epoch:    515 | Train loss: 0.1646 | Valid loss: 0.3541 | Train acc: 0.9022 | Valid acc: 0.8033 | patience: 491 | Epoch time: 0.5 |

2023-01-07 21:49:06,160 - INFO -
| Epoch:    516 | Train loss: 0.1704 | Valid loss: 0.3394 | Train acc: 0.9022 | Valid acc: 0.8033 | patience: 492 | Epoch time: 0.5 |

2023-01-07 21:49:06,624 - INFO -
| Epoch:    517 | Train loss: 0.1646 | Valid loss: 0.3381 | Train acc: 0.9022 | Valid acc: 0.8033 | patience: 493 | Epoch time: 0.5 |

2023-01-07 21:49:07,088 - INFO -
| Epoch:    518 | Train loss: 0.1653 | Valid loss: 0.3480 | Train acc: 0.9022 | Valid acc: 0.8033 | patience: 494 | Epoch time: 0.5 |

2023-01-07 21:49:07,552 - INFO -
| Epoch:    519 | Train loss: 0.1654 | Valid loss: 0.3430 | Train acc: 0.8967 | Valid acc: 0.8033 | patience: 495 | Epoch time: 0.5 |

2023-01-07 21:49:08,016 - INFO -
| Epoch:    520 | Train loss: 0.1640 | Valid loss: 0.3363 | Train acc: 0.9076 | Valid acc: 0.8033 | patience: 496 | Epoch time: 0.5 |

2023-01-07 21:49:08,480 - INFO -
| Epoch:    521 | Train loss: 0.1663 | Valid loss: 0.3469 | Train acc: 0.9076 | Valid acc: 0.8033 | patience: 497 | Epoch time: 0.5 |

2023-01-07 21:49:08,943 - INFO -
| Epoch:    522 | Train loss: 0.1645 | Valid loss: 0.3523 | Train acc: 0.9022 | Valid acc: 0.8033 | patience: 498 | Epoch time: 0.5 |

2023-01-07 21:49:09,408 - INFO -
| Epoch:    523 | Train loss: 0.1664 | Valid loss: 0.3384 | Train acc: 0.8967 | Valid acc: 0.8033 | patience: 499 | Epoch time: 0.5 |

2023-01-07 21:49:09,872 - INFO -
| Epoch:    524 | Train loss: 0.1682 | Valid loss: 0.3417 | Train acc: 0.9076 | Valid acc: 0.8033 | patience: 500 | Epoch time: 0.5 |

2023-01-07 21:49:10,337 - INFO -
Early stop.

2023-01-07 21:49:10,382 - INFO -
Training if finished.

