2023-01-07 21:45:02,489 - INFO -
gmin                0.01
gmax                10.0
T                   0.1
m                   0.3
ACT_eta1            0.134
ACT_eta2            0.962
ACT_eta3            0.183
ACT_eta4            24.1
NEG_eta1            -0.104
NEG_eta2            0.899
NEG_eta3            -0.056
NEG_eta4            3.858
hidden              [3]
SEED                3
DEVICE              cuda
TIMELIMITATION      45
PATIENCE            500
EPOCH               10000000000
DATASET             11
LR                  0.1
PROGRESSIVE         False
LR_PATIENCE         100
LR_DECAY            0.5
LR_MIN              0.0001
MODE                nominal
M_train             1
K_train             1
M_test              500
K_test              500
t_test_max          10
integration         MC
VARIATION           False
N_train             1
e_train             0.0
N_test              100
e_test              0.1
projectname         ICCAD_2022
temppath            ./ICCAD_2022/temp/
logfilepath         ./ICCAD_2022/log/
recording           False
recordpath          ./ICCAD_2022/record/
savepath            ./ICCAD_2022/models/
loglevel            info


2023-01-07 21:45:02,490 - INFO -
Training network on device: cuda.

2023-01-07 21:45:02,490 - INFO -
Training setup: vertebralcolumn2clases_3_nominal_0.0_1_MC.

2023-01-07 21:45:02,490 - INFO -
Dataset "vertebralcolumn2clases" has 6 input features and 2 classes. There are 184 training examples, 61 valid examples, and 63 test examples in the dataset.

2023-01-07 21:45:02,490 - INFO -
Topology of the network: [6, 3, 2].

2023-01-07 21:45:06,482 - INFO -
| Epoch:      0 | Train loss: 0.6994 | Valid loss: 0.6971 | Train acc: 0.6957 | Valid acc: 0.4590 | patience:   0 | Epoch time: 3.3 |

2023-01-07 21:45:06,952 - INFO -
| Epoch:      1 | Train loss: 0.6973 | Valid loss: 0.5629 | Train acc: 0.5489 | Valid acc: 0.6721 | patience:   0 | Epoch time: 0.5 |

2023-01-07 21:45:07,421 - INFO -
| Epoch:      2 | Train loss: 0.5238 | Valid loss: 0.6127 | Train acc: 0.6957 | Valid acc: 0.6721 | patience:   1 | Epoch time: 0.5 |

2023-01-07 21:45:07,890 - INFO -
| Epoch:      3 | Train loss: 0.5700 | Valid loss: 0.5827 | Train acc: 0.6957 | Valid acc: 0.6721 | patience:   2 | Epoch time: 0.5 |

2023-01-07 21:45:08,361 - INFO -
| Epoch:      4 | Train loss: 0.5416 | Valid loss: 0.4904 | Train acc: 0.6957 | Valid acc: 0.6721 | patience:   0 | Epoch time: 0.5 |

2023-01-07 21:45:08,830 - INFO -
| Epoch:      5 | Train loss: 0.4560 | Valid loss: 0.5498 | Train acc: 0.6957 | Valid acc: 0.6721 | patience:   1 | Epoch time: 0.5 |

2023-01-07 21:45:09,299 - INFO -
| Epoch:      6 | Train loss: 0.5248 | Valid loss: 0.5230 | Train acc: 0.6957 | Valid acc: 0.6721 | patience:   2 | Epoch time: 0.5 |

2023-01-07 21:45:09,766 - INFO -
| Epoch:      7 | Train loss: 0.4935 | Valid loss: 0.4917 | Train acc: 0.6957 | Valid acc: 0.6721 | patience:   3 | Epoch time: 0.5 |

2023-01-07 21:45:10,236 - INFO -
| Epoch:      8 | Train loss: 0.4597 | Valid loss: 0.4876 | Train acc: 0.6957 | Valid acc: 0.6721 | patience:   0 | Epoch time: 0.5 |

2023-01-07 21:45:10,706 - INFO -
| Epoch:      9 | Train loss: 0.4606 | Valid loss: 0.4618 | Train acc: 0.6957 | Valid acc: 0.6721 | patience:   0 | Epoch time: 0.5 |

2023-01-07 21:45:11,176 - INFO -
| Epoch:     10 | Train loss: 0.4576 | Valid loss: 0.4529 | Train acc: 0.6957 | Valid acc: 0.6721 | patience:   0 | Epoch time: 0.5 |

2023-01-07 21:45:11,645 - INFO -
| Epoch:     11 | Train loss: 0.4555 | Valid loss: 0.4331 | Train acc: 0.6957 | Valid acc: 0.6721 | patience:   0 | Epoch time: 0.5 |

2023-01-07 21:45:12,113 - INFO -
| Epoch:     12 | Train loss: 0.4280 | Valid loss: 0.4558 | Train acc: 0.6957 | Valid acc: 0.6721 | patience:   1 | Epoch time: 0.5 |

2023-01-07 21:45:12,581 - INFO -
| Epoch:     13 | Train loss: 0.4396 | Valid loss: 0.4518 | Train acc: 0.6957 | Valid acc: 0.6721 | patience:   2 | Epoch time: 0.5 |

2023-01-07 21:45:13,049 - INFO -
| Epoch:     14 | Train loss: 0.4345 | Valid loss: 0.4332 | Train acc: 0.6957 | Valid acc: 0.6721 | patience:   3 | Epoch time: 0.5 |

2023-01-07 21:45:13,518 - INFO -
| Epoch:     15 | Train loss: 0.4163 | Valid loss: 0.4178 | Train acc: 0.6957 | Valid acc: 0.6721 | patience:   0 | Epoch time: 0.5 |

2023-01-07 21:45:13,987 - INFO -
| Epoch:     16 | Train loss: 0.4025 | Valid loss: 0.4127 | Train acc: 0.6957 | Valid acc: 0.6721 | patience:   0 | Epoch time: 0.5 |

2023-01-07 21:45:14,453 - INFO -
| Epoch:     17 | Train loss: 0.3887 | Valid loss: 0.4196 | Train acc: 0.6957 | Valid acc: 0.6721 | patience:   1 | Epoch time: 0.5 |

2023-01-07 21:45:14,922 - INFO -
| Epoch:     18 | Train loss: 0.3891 | Valid loss: 0.3930 | Train acc: 0.6957 | Valid acc: 0.6885 | patience:   0 | Epoch time: 0.5 |

2023-01-07 21:45:15,391 - INFO -
| Epoch:     19 | Train loss: 0.3710 | Valid loss: 0.3794 | Train acc: 0.7011 | Valid acc: 0.7377 | patience:   0 | Epoch time: 0.5 |

2023-01-07 21:45:15,859 - INFO -
| Epoch:     20 | Train loss: 0.3616 | Valid loss: 0.3543 | Train acc: 0.7446 | Valid acc: 0.7541 | patience:   0 | Epoch time: 0.5 |

2023-01-07 21:45:16,326 - INFO -
| Epoch:     21 | Train loss: 0.3357 | Valid loss: 0.3578 | Train acc: 0.7554 | Valid acc: 0.7541 | patience:   1 | Epoch time: 0.5 |

2023-01-07 21:45:16,794 - INFO -
| Epoch:     22 | Train loss: 0.3284 | Valid loss: 0.3322 | Train acc: 0.7446 | Valid acc: 0.7541 | patience:   0 | Epoch time: 0.5 |

2023-01-07 21:45:17,261 - INFO -
| Epoch:     23 | Train loss: 0.3080 | Valid loss: 0.3216 | Train acc: 0.8587 | Valid acc: 0.8033 | patience:   0 | Epoch time: 0.5 |

2023-01-07 21:45:17,727 - INFO -
| Epoch:     24 | Train loss: 0.3080 | Valid loss: 0.3317 | Train acc: 0.8478 | Valid acc: 0.7869 | patience:   1 | Epoch time: 0.5 |

2023-01-07 21:45:18,195 - INFO -
| Epoch:     25 | Train loss: 0.2919 | Valid loss: 0.3166 | Train acc: 0.8533 | Valid acc: 0.7705 | patience:   0 | Epoch time: 0.5 |

2023-01-07 21:45:18,665 - INFO -
| Epoch:     26 | Train loss: 0.2771 | Valid loss: 0.3041 | Train acc: 0.8587 | Valid acc: 0.7869 | patience:   0 | Epoch time: 0.5 |

2023-01-07 21:45:19,132 - INFO -
| Epoch:     27 | Train loss: 0.2669 | Valid loss: 0.3037 | Train acc: 0.8424 | Valid acc: 0.8033 | patience:   0 | Epoch time: 0.5 |

2023-01-07 21:45:19,600 - INFO -
| Epoch:     28 | Train loss: 0.2567 | Valid loss: 0.3099 | Train acc: 0.8533 | Valid acc: 0.8033 | patience:   1 | Epoch time: 0.5 |

2023-01-07 21:45:20,068 - INFO -
| Epoch:     29 | Train loss: 0.2485 | Valid loss: 0.3105 | Train acc: 0.8696 | Valid acc: 0.8033 | patience:   2 | Epoch time: 0.5 |

2023-01-07 21:45:20,535 - INFO -
| Epoch:     30 | Train loss: 0.2395 | Valid loss: 0.3079 | Train acc: 0.8696 | Valid acc: 0.8033 | patience:   3 | Epoch time: 0.5 |

2023-01-07 21:45:21,001 - INFO -
| Epoch:     31 | Train loss: 0.2337 | Valid loss: 0.3161 | Train acc: 0.8804 | Valid acc: 0.8197 | patience:   4 | Epoch time: 0.5 |

2023-01-07 21:45:21,468 - INFO -
| Epoch:     32 | Train loss: 0.2268 | Valid loss: 0.3114 | Train acc: 0.8804 | Valid acc: 0.8033 | patience:   5 | Epoch time: 0.5 |

2023-01-07 21:45:21,935 - INFO -
| Epoch:     33 | Train loss: 0.2211 | Valid loss: 0.3114 | Train acc: 0.8804 | Valid acc: 0.8033 | patience:   6 | Epoch time: 0.5 |

2023-01-07 21:45:22,401 - INFO -
| Epoch:     34 | Train loss: 0.2166 | Valid loss: 0.3121 | Train acc: 0.8804 | Valid acc: 0.8197 | patience:   7 | Epoch time: 0.5 |

2023-01-07 21:45:22,867 - INFO -
| Epoch:     35 | Train loss: 0.2141 | Valid loss: 0.3062 | Train acc: 0.8913 | Valid acc: 0.8033 | patience:   8 | Epoch time: 0.5 |

2023-01-07 21:45:23,334 - INFO -
| Epoch:     36 | Train loss: 0.2193 | Valid loss: 0.3250 | Train acc: 0.8804 | Valid acc: 0.8197 | patience:   9 | Epoch time: 0.5 |

2023-01-07 21:45:23,802 - INFO -
| Epoch:     37 | Train loss: 0.2243 | Valid loss: 0.2995 | Train acc: 0.8859 | Valid acc: 0.8033 | patience:   0 | Epoch time: 0.5 |

2023-01-07 21:45:24,270 - INFO -
| Epoch:     38 | Train loss: 0.2031 | Valid loss: 0.2965 | Train acc: 0.8913 | Valid acc: 0.7869 | patience:   0 | Epoch time: 0.5 |

2023-01-07 21:45:24,736 - INFO -
| Epoch:     39 | Train loss: 0.1991 | Valid loss: 0.3055 | Train acc: 0.8804 | Valid acc: 0.8361 | patience:   1 | Epoch time: 0.5 |

2023-01-07 21:45:25,202 - INFO -
| Epoch:     40 | Train loss: 0.2056 | Valid loss: 0.2988 | Train acc: 0.8750 | Valid acc: 0.7869 | patience:   2 | Epoch time: 0.5 |

2023-01-07 21:45:25,669 - INFO -
| Epoch:     41 | Train loss: 0.1951 | Valid loss: 0.3025 | Train acc: 0.8750 | Valid acc: 0.7869 | patience:   3 | Epoch time: 0.5 |

2023-01-07 21:45:26,135 - INFO -
| Epoch:     42 | Train loss: 0.1978 | Valid loss: 0.3283 | Train acc: 0.8750 | Valid acc: 0.8033 | patience:   4 | Epoch time: 0.5 |

2023-01-07 21:45:26,601 - INFO -
| Epoch:     43 | Train loss: 0.2057 | Valid loss: 0.3072 | Train acc: 0.8804 | Valid acc: 0.7869 | patience:   5 | Epoch time: 0.5 |

2023-01-07 21:45:27,067 - INFO -
| Epoch:     44 | Train loss: 0.2113 | Valid loss: 0.3426 | Train acc: 0.8750 | Valid acc: 0.8197 | patience:   6 | Epoch time: 0.5 |

2023-01-07 21:45:27,533 - INFO -
| Epoch:     45 | Train loss: 0.2173 | Valid loss: 0.3106 | Train acc: 0.8913 | Valid acc: 0.7869 | patience:   7 | Epoch time: 0.5 |

2023-01-07 21:45:27,999 - INFO -
| Epoch:     46 | Train loss: 0.2014 | Valid loss: 0.3143 | Train acc: 0.8967 | Valid acc: 0.8033 | patience:   8 | Epoch time: 0.5 |

2023-01-07 21:45:28,464 - INFO -
| Epoch:     47 | Train loss: 0.1892 | Valid loss: 0.3138 | Train acc: 0.8804 | Valid acc: 0.8361 | patience:   9 | Epoch time: 0.5 |

2023-01-07 21:45:28,931 - INFO -
| Epoch:     48 | Train loss: 0.1893 | Valid loss: 0.3039 | Train acc: 0.8804 | Valid acc: 0.8033 | patience:  10 | Epoch time: 0.5 |

2023-01-07 21:45:29,399 - INFO -
| Epoch:     49 | Train loss: 0.1888 | Valid loss: 0.3082 | Train acc: 0.8967 | Valid acc: 0.8197 | patience:  11 | Epoch time: 0.5 |

2023-01-07 21:45:29,865 - INFO -
| Epoch:     50 | Train loss: 0.1878 | Valid loss: 0.3053 | Train acc: 0.8804 | Valid acc: 0.8197 | patience:  12 | Epoch time: 0.5 |

2023-01-07 21:45:30,332 - INFO -
| Epoch:     51 | Train loss: 0.1859 | Valid loss: 0.3063 | Train acc: 0.8913 | Valid acc: 0.8197 | patience:  13 | Epoch time: 0.5 |

2023-01-07 21:45:30,799 - INFO -
| Epoch:     52 | Train loss: 0.1854 | Valid loss: 0.3109 | Train acc: 0.9076 | Valid acc: 0.8197 | patience:  14 | Epoch time: 0.5 |

2023-01-07 21:45:31,265 - INFO -
| Epoch:     53 | Train loss: 0.1846 | Valid loss: 0.3116 | Train acc: 0.8967 | Valid acc: 0.8197 | patience:  15 | Epoch time: 0.5 |

2023-01-07 21:45:31,731 - INFO -
| Epoch:     54 | Train loss: 0.1831 | Valid loss: 0.3151 | Train acc: 0.9076 | Valid acc: 0.8197 | patience:  16 | Epoch time: 0.5 |

2023-01-07 21:45:32,197 - INFO -
| Epoch:     55 | Train loss: 0.1819 | Valid loss: 0.3190 | Train acc: 0.8913 | Valid acc: 0.8197 | patience:  17 | Epoch time: 0.5 |

2023-01-07 21:45:32,662 - INFO -
| Epoch:     56 | Train loss: 0.1826 | Valid loss: 0.3177 | Train acc: 0.8913 | Valid acc: 0.8033 | patience:  18 | Epoch time: 0.5 |

2023-01-07 21:45:33,129 - INFO -
| Epoch:     57 | Train loss: 0.1816 | Valid loss: 0.3178 | Train acc: 0.8913 | Valid acc: 0.7869 | patience:  19 | Epoch time: 0.5 |

2023-01-07 21:45:33,597 - INFO -
| Epoch:     58 | Train loss: 0.1812 | Valid loss: 0.3252 | Train acc: 0.8967 | Valid acc: 0.8197 | patience:  20 | Epoch time: 0.5 |

2023-01-07 21:45:34,065 - INFO -
| Epoch:     59 | Train loss: 0.1827 | Valid loss: 0.3151 | Train acc: 0.8913 | Valid acc: 0.8033 | patience:  21 | Epoch time: 0.5 |

2023-01-07 21:45:34,531 - INFO -
| Epoch:     60 | Train loss: 0.1839 | Valid loss: 0.3198 | Train acc: 0.9022 | Valid acc: 0.8197 | patience:  22 | Epoch time: 0.5 |

2023-01-07 21:45:34,998 - INFO -
| Epoch:     61 | Train loss: 0.1786 | Valid loss: 0.3228 | Train acc: 0.8967 | Valid acc: 0.8197 | patience:  23 | Epoch time: 0.5 |

2023-01-07 21:45:35,464 - INFO -
| Epoch:     62 | Train loss: 0.1803 | Valid loss: 0.3141 | Train acc: 0.8913 | Valid acc: 0.7869 | patience:  24 | Epoch time: 0.5 |

2023-01-07 21:45:35,930 - INFO -
| Epoch:     63 | Train loss: 0.1875 | Valid loss: 0.3259 | Train acc: 0.8913 | Valid acc: 0.8197 | patience:  25 | Epoch time: 0.5 |

2023-01-07 21:45:36,395 - INFO -
| Epoch:     64 | Train loss: 0.1815 | Valid loss: 0.3208 | Train acc: 0.8913 | Valid acc: 0.8197 | patience:  26 | Epoch time: 0.5 |

2023-01-07 21:45:36,862 - INFO -
| Epoch:     65 | Train loss: 0.1773 | Valid loss: 0.3212 | Train acc: 0.8967 | Valid acc: 0.8033 | patience:  27 | Epoch time: 0.5 |

2023-01-07 21:45:37,328 - INFO -
| Epoch:     66 | Train loss: 0.1782 | Valid loss: 0.3328 | Train acc: 0.8967 | Valid acc: 0.8197 | patience:  28 | Epoch time: 0.5 |

2023-01-07 21:45:37,795 - INFO -
| Epoch:     67 | Train loss: 0.1804 | Valid loss: 0.3233 | Train acc: 0.8967 | Valid acc: 0.8033 | patience:  29 | Epoch time: 0.5 |

2023-01-07 21:45:38,261 - INFO -
| Epoch:     68 | Train loss: 0.1787 | Valid loss: 0.3265 | Train acc: 0.8967 | Valid acc: 0.7869 | patience:  30 | Epoch time: 0.5 |

2023-01-07 21:45:38,727 - INFO -
| Epoch:     69 | Train loss: 0.1754 | Valid loss: 0.3384 | Train acc: 0.8913 | Valid acc: 0.8033 | patience:  31 | Epoch time: 0.5 |

2023-01-07 21:45:39,193 - INFO -
| Epoch:     70 | Train loss: 0.1794 | Valid loss: 0.3287 | Train acc: 0.8967 | Valid acc: 0.7869 | patience:  32 | Epoch time: 0.5 |

2023-01-07 21:45:39,660 - INFO -
| Epoch:     71 | Train loss: 0.1747 | Valid loss: 0.3273 | Train acc: 0.8967 | Valid acc: 0.7869 | patience:  33 | Epoch time: 0.5 |

2023-01-07 21:45:40,126 - INFO -
| Epoch:     72 | Train loss: 0.1762 | Valid loss: 0.3373 | Train acc: 0.8913 | Valid acc: 0.8033 | patience:  34 | Epoch time: 0.5 |

2023-01-07 21:45:40,592 - INFO -
| Epoch:     73 | Train loss: 0.1752 | Valid loss: 0.3337 | Train acc: 0.8967 | Valid acc: 0.7869 | patience:  35 | Epoch time: 0.5 |

2023-01-07 21:45:41,059 - INFO -
| Epoch:     74 | Train loss: 0.1728 | Valid loss: 0.3297 | Train acc: 0.9022 | Valid acc: 0.7869 | patience:  36 | Epoch time: 0.5 |

2023-01-07 21:45:41,525 - INFO -
| Epoch:     75 | Train loss: 0.1776 | Valid loss: 0.3481 | Train acc: 0.9076 | Valid acc: 0.7869 | patience:  37 | Epoch time: 0.5 |

2023-01-07 21:45:41,992 - INFO -
| Epoch:     76 | Train loss: 0.1787 | Valid loss: 0.3306 | Train acc: 0.9022 | Valid acc: 0.7869 | patience:  38 | Epoch time: 0.5 |

2023-01-07 21:45:42,458 - INFO -
| Epoch:     77 | Train loss: 0.1739 | Valid loss: 0.3321 | Train acc: 0.9076 | Valid acc: 0.7869 | patience:  39 | Epoch time: 0.5 |

2023-01-07 21:45:42,926 - INFO -
| Epoch:     78 | Train loss: 0.1725 | Valid loss: 0.3435 | Train acc: 0.8967 | Valid acc: 0.8033 | patience:  40 | Epoch time: 0.5 |

2023-01-07 21:45:43,392 - INFO -
| Epoch:     79 | Train loss: 0.1755 | Valid loss: 0.3308 | Train acc: 0.9022 | Valid acc: 0.7869 | patience:  41 | Epoch time: 0.5 |

2023-01-07 21:45:43,858 - INFO -
| Epoch:     80 | Train loss: 0.1735 | Valid loss: 0.3340 | Train acc: 0.8967 | Valid acc: 0.7869 | patience:  42 | Epoch time: 0.5 |

2023-01-07 21:45:44,323 - INFO -
| Epoch:     81 | Train loss: 0.1721 | Valid loss: 0.3462 | Train acc: 0.8967 | Valid acc: 0.7869 | patience:  43 | Epoch time: 0.5 |

2023-01-07 21:45:44,790 - INFO -
| Epoch:     82 | Train loss: 0.1735 | Valid loss: 0.3355 | Train acc: 0.9022 | Valid acc: 0.7869 | patience:  44 | Epoch time: 0.5 |

2023-01-07 21:45:45,255 - INFO -
| Epoch:     83 | Train loss: 0.1731 | Valid loss: 0.3441 | Train acc: 0.8967 | Valid acc: 0.7869 | patience:  45 | Epoch time: 0.5 |

2023-01-07 21:45:45,722 - INFO -
| Epoch:     84 | Train loss: 0.1711 | Valid loss: 0.3421 | Train acc: 0.9022 | Valid acc: 0.7869 | patience:  46 | Epoch time: 0.5 |

2023-01-07 21:45:46,189 - INFO -
| Epoch:     85 | Train loss: 0.1706 | Valid loss: 0.3417 | Train acc: 0.9022 | Valid acc: 0.7869 | patience:  47 | Epoch time: 0.5 |

2023-01-07 21:45:46,654 - INFO -
| Epoch:     86 | Train loss: 0.1704 | Valid loss: 0.3480 | Train acc: 0.9022 | Valid acc: 0.7869 | patience:  48 | Epoch time: 0.5 |

2023-01-07 21:45:47,121 - INFO -
| Epoch:     87 | Train loss: 0.1703 | Valid loss: 0.3455 | Train acc: 0.9076 | Valid acc: 0.7869 | patience:  49 | Epoch time: 0.5 |

2023-01-07 21:45:47,588 - INFO -
| Epoch:     88 | Train loss: 0.1695 | Valid loss: 0.3433 | Train acc: 0.9076 | Valid acc: 0.7869 | patience:  50 | Epoch time: 0.5 |

2023-01-07 21:45:48,055 - INFO -
| Epoch:     89 | Train loss: 0.1700 | Valid loss: 0.3528 | Train acc: 0.9076 | Valid acc: 0.7869 | patience:  51 | Epoch time: 0.5 |

2023-01-07 21:45:48,523 - INFO -
| Epoch:     90 | Train loss: 0.1697 | Valid loss: 0.3447 | Train acc: 0.9130 | Valid acc: 0.7869 | patience:  52 | Epoch time: 0.5 |

2023-01-07 21:45:48,990 - INFO -
| Epoch:     91 | Train loss: 0.1715 | Valid loss: 0.3627 | Train acc: 0.9130 | Valid acc: 0.7869 | patience:  53 | Epoch time: 0.5 |

2023-01-07 21:45:49,456 - INFO -
| Epoch:     92 | Train loss: 0.1746 | Valid loss: 0.3451 | Train acc: 0.9022 | Valid acc: 0.7705 | patience:  54 | Epoch time: 0.5 |

2023-01-07 21:45:49,923 - INFO -
| Epoch:     93 | Train loss: 0.1741 | Valid loss: 0.3592 | Train acc: 0.8967 | Valid acc: 0.7869 | patience:  55 | Epoch time: 0.5 |

2023-01-07 21:45:50,390 - INFO -
| Epoch:     94 | Train loss: 0.1712 | Valid loss: 0.3529 | Train acc: 0.9076 | Valid acc: 0.7869 | patience:  56 | Epoch time: 0.5 |

2023-01-07 21:45:50,857 - INFO -
| Epoch:     95 | Train loss: 0.1679 | Valid loss: 0.3413 | Train acc: 0.9076 | Valid acc: 0.7705 | patience:  57 | Epoch time: 0.5 |

2023-01-07 21:45:51,325 - INFO -
| Epoch:     96 | Train loss: 0.1758 | Valid loss: 0.3695 | Train acc: 0.8967 | Valid acc: 0.8033 | patience:  58 | Epoch time: 0.5 |

2023-01-07 21:45:51,792 - INFO -
| Epoch:     97 | Train loss: 0.1818 | Valid loss: 0.3474 | Train acc: 0.9022 | Valid acc: 0.7869 | patience:  59 | Epoch time: 0.5 |

2023-01-07 21:45:52,258 - INFO -
| Epoch:     98 | Train loss: 0.1675 | Valid loss: 0.3457 | Train acc: 0.9130 | Valid acc: 0.7869 | patience:  60 | Epoch time: 0.5 |

2023-01-07 21:45:52,726 - INFO -
| Epoch:     99 | Train loss: 0.1693 | Valid loss: 0.3685 | Train acc: 0.9076 | Valid acc: 0.8033 | patience:  61 | Epoch time: 0.5 |

2023-01-07 21:45:53,192 - INFO -
| Epoch:    100 | Train loss: 0.1784 | Valid loss: 0.3437 | Train acc: 0.9022 | Valid acc: 0.7541 | patience:  62 | Epoch time: 0.5 |

2023-01-07 21:45:53,658 - INFO -
| Epoch:    101 | Train loss: 0.1777 | Valid loss: 0.3676 | Train acc: 0.9022 | Valid acc: 0.8033 | patience:  63 | Epoch time: 0.5 |

2023-01-07 21:45:54,125 - INFO -
| Epoch:    102 | Train loss: 0.1752 | Valid loss: 0.3551 | Train acc: 0.9022 | Valid acc: 0.7869 | patience:  64 | Epoch time: 0.5 |

2023-01-07 21:45:54,591 - INFO -
| Epoch:    103 | Train loss: 0.1684 | Valid loss: 0.3479 | Train acc: 0.9076 | Valid acc: 0.7705 | patience:  65 | Epoch time: 0.5 |

2023-01-07 21:45:55,057 - INFO -
| Epoch:    104 | Train loss: 0.1732 | Valid loss: 0.3735 | Train acc: 0.8967 | Valid acc: 0.8033 | patience:  66 | Epoch time: 0.5 |

2023-01-07 21:45:55,523 - INFO -
| Epoch:    105 | Train loss: 0.1796 | Valid loss: 0.3452 | Train acc: 0.8967 | Valid acc: 0.7705 | patience:  67 | Epoch time: 0.5 |

2023-01-07 21:45:55,989 - INFO -
| Epoch:    106 | Train loss: 0.1708 | Valid loss: 0.3481 | Train acc: 0.9022 | Valid acc: 0.7869 | patience:  68 | Epoch time: 0.5 |

2023-01-07 21:45:56,456 - INFO -
| Epoch:    107 | Train loss: 0.1669 | Valid loss: 0.3673 | Train acc: 0.9130 | Valid acc: 0.8033 | patience:  69 | Epoch time: 0.5 |

2023-01-07 21:45:56,924 - INFO -
| Epoch:    108 | Train loss: 0.1750 | Valid loss: 0.3426 | Train acc: 0.9022 | Valid acc: 0.7705 | patience:  70 | Epoch time: 0.5 |

2023-01-07 21:45:57,390 - INFO -
| Epoch:    109 | Train loss: 0.1750 | Valid loss: 0.3565 | Train acc: 0.9022 | Valid acc: 0.7869 | patience:  71 | Epoch time: 0.5 |

2023-01-07 21:45:57,856 - INFO -
| Epoch:    110 | Train loss: 0.1672 | Valid loss: 0.3598 | Train acc: 0.9185 | Valid acc: 0.8033 | patience:  72 | Epoch time: 0.5 |

2023-01-07 21:45:58,324 - INFO -
| Epoch:    111 | Train loss: 0.1684 | Valid loss: 0.3467 | Train acc: 0.9022 | Valid acc: 0.7869 | patience:  73 | Epoch time: 0.5 |

2023-01-07 21:45:58,789 - INFO -
| Epoch:    112 | Train loss: 0.1704 | Valid loss: 0.3556 | Train acc: 0.9076 | Valid acc: 0.7869 | patience:  74 | Epoch time: 0.5 |

2023-01-07 21:45:59,255 - INFO -
| Epoch:    113 | Train loss: 0.1666 | Valid loss: 0.3631 | Train acc: 0.9076 | Valid acc: 0.8197 | patience:  75 | Epoch time: 0.5 |

2023-01-07 21:45:59,721 - INFO -
| Epoch:    114 | Train loss: 0.1704 | Valid loss: 0.3469 | Train acc: 0.9022 | Valid acc: 0.7705 | patience:  76 | Epoch time: 0.5 |

2023-01-07 21:46:00,187 - INFO -
| Epoch:    115 | Train loss: 0.1714 | Valid loss: 0.3542 | Train acc: 0.9022 | Valid acc: 0.7869 | patience:  77 | Epoch time: 0.5 |

2023-01-07 21:46:00,654 - INFO -
| Epoch:    116 | Train loss: 0.1656 | Valid loss: 0.3598 | Train acc: 0.9130 | Valid acc: 0.8197 | patience:  78 | Epoch time: 0.5 |

2023-01-07 21:46:01,120 - INFO -
| Epoch:    117 | Train loss: 0.1685 | Valid loss: 0.3416 | Train acc: 0.9022 | Valid acc: 0.7705 | patience:  79 | Epoch time: 0.5 |

2023-01-07 21:46:01,586 - INFO -
| Epoch:    118 | Train loss: 0.1733 | Valid loss: 0.3550 | Train acc: 0.9076 | Valid acc: 0.8033 | patience:  80 | Epoch time: 0.5 |

2023-01-07 21:46:02,053 - INFO -
| Epoch:    119 | Train loss: 0.1656 | Valid loss: 0.3520 | Train acc: 0.9185 | Valid acc: 0.7869 | patience:  81 | Epoch time: 0.5 |

2023-01-07 21:46:02,519 - INFO -
| Epoch:    120 | Train loss: 0.1644 | Valid loss: 0.3429 | Train acc: 0.9239 | Valid acc: 0.7869 | patience:  82 | Epoch time: 0.5 |

2023-01-07 21:46:02,986 - INFO -
| Epoch:    121 | Train loss: 0.1679 | Valid loss: 0.3549 | Train acc: 0.9076 | Valid acc: 0.8033 | patience:  83 | Epoch time: 0.5 |

2023-01-07 21:46:03,452 - INFO -
| Epoch:    122 | Train loss: 0.1651 | Valid loss: 0.3525 | Train acc: 0.9185 | Valid acc: 0.7869 | patience:  84 | Epoch time: 0.5 |

2023-01-07 21:46:03,918 - INFO -
| Epoch:    123 | Train loss: 0.1643 | Valid loss: 0.3463 | Train acc: 0.9185 | Valid acc: 0.7869 | patience:  85 | Epoch time: 0.5 |

2023-01-07 21:46:04,384 - INFO -
| Epoch:    124 | Train loss: 0.1650 | Valid loss: 0.3553 | Train acc: 0.9130 | Valid acc: 0.8197 | patience:  86 | Epoch time: 0.5 |

2023-01-07 21:46:04,850 - INFO -
| Epoch:    125 | Train loss: 0.1657 | Valid loss: 0.3471 | Train acc: 0.9130 | Valid acc: 0.7869 | patience:  87 | Epoch time: 0.5 |

2023-01-07 21:46:05,316 - INFO -
| Epoch:    126 | Train loss: 0.1647 | Valid loss: 0.3556 | Train acc: 0.9130 | Valid acc: 0.8197 | patience:  88 | Epoch time: 0.5 |

2023-01-07 21:46:05,782 - INFO -
| Epoch:    127 | Train loss: 0.1653 | Valid loss: 0.3452 | Train acc: 0.9130 | Valid acc: 0.7869 | patience:  89 | Epoch time: 0.5 |

2023-01-07 21:46:06,248 - INFO -
| Epoch:    128 | Train loss: 0.1679 | Valid loss: 0.3679 | Train acc: 0.9076 | Valid acc: 0.8033 | patience:  90 | Epoch time: 0.5 |

2023-01-07 21:46:06,715 - INFO -
| Epoch:    129 | Train loss: 0.1759 | Valid loss: 0.3456 | Train acc: 0.9022 | Valid acc: 0.7541 | patience:  91 | Epoch time: 0.5 |

2023-01-07 21:46:07,182 - INFO -
| Epoch:    130 | Train loss: 0.1780 | Valid loss: 0.3596 | Train acc: 0.8967 | Valid acc: 0.8197 | patience:  92 | Epoch time: 0.5 |

2023-01-07 21:46:07,648 - INFO -
| Epoch:    131 | Train loss: 0.1665 | Valid loss: 0.3585 | Train acc: 0.9076 | Valid acc: 0.8197 | patience:  93 | Epoch time: 0.5 |

2023-01-07 21:46:08,114 - INFO -
| Epoch:    132 | Train loss: 0.1656 | Valid loss: 0.3466 | Train acc: 0.9130 | Valid acc: 0.7541 | patience:  94 | Epoch time: 0.5 |

2023-01-07 21:46:08,580 - INFO -
| Epoch:    133 | Train loss: 0.1773 | Valid loss: 0.3684 | Train acc: 0.9022 | Valid acc: 0.8197 | patience:  95 | Epoch time: 0.5 |

2023-01-07 21:46:09,046 - INFO -
| Epoch:    134 | Train loss: 0.1740 | Valid loss: 0.3489 | Train acc: 0.9022 | Valid acc: 0.7869 | patience:  96 | Epoch time: 0.5 |

2023-01-07 21:46:09,512 - INFO -
| Epoch:    135 | Train loss: 0.1649 | Valid loss: 0.3481 | Train acc: 0.9185 | Valid acc: 0.7705 | patience:  97 | Epoch time: 0.5 |

2023-01-07 21:46:09,978 - INFO -
| Epoch:    136 | Train loss: 0.1691 | Valid loss: 0.3729 | Train acc: 0.9076 | Valid acc: 0.8033 | patience:  98 | Epoch time: 0.5 |

2023-01-07 21:46:10,445 - INFO -
| Epoch:    137 | Train loss: 0.1785 | Valid loss: 0.3498 | Train acc: 0.9022 | Valid acc: 0.7869 | patience:  99 | Epoch time: 0.5 |

2023-01-07 21:46:10,911 - INFO -
| Epoch:    138 | Train loss: 0.1659 | Valid loss: 0.3501 | Train acc: 0.9076 | Valid acc: 0.7541 | patience: 100 | Epoch time: 0.5 |

2023-01-07 21:46:11,377 - INFO -
| Epoch:    139 | Train loss: 0.1725 | Valid loss: 0.3749 | Train acc: 0.9185 | Valid acc: 0.8033 | patience: 101 | Epoch time: 0.5 |

2023-01-07 21:46:11,843 - INFO -
| Epoch:    140 | Train loss: 0.1801 | Valid loss: 0.3508 | Train acc: 0.8967 | Valid acc: 0.7869 | patience: 102 | Epoch time: 0.5 |

2023-01-07 21:46:12,309 - INFO -
| Epoch:    141 | Train loss: 0.1647 | Valid loss: 0.3491 | Train acc: 0.9130 | Valid acc: 0.7541 | patience: 103 | Epoch time: 0.5 |

2023-01-07 21:46:12,774 - INFO -
| Epoch:    142 | Train loss: 0.1768 | Valid loss: 0.3727 | Train acc: 0.9022 | Valid acc: 0.8033 | patience: 104 | Epoch time: 0.5 |

2023-01-07 21:46:13,241 - INFO -
| Epoch:    143 | Train loss: 0.1764 | Valid loss: 0.3543 | Train acc: 0.9022 | Valid acc: 0.7869 | patience: 105 | Epoch time: 0.5 |

2023-01-07 21:46:13,706 - INFO -
| Epoch:    144 | Train loss: 0.1632 | Valid loss: 0.3500 | Train acc: 0.9185 | Valid acc: 0.7705 | patience: 106 | Epoch time: 0.5 |

2023-01-07 21:46:14,172 - INFO -
| Epoch:    145 | Train loss: 0.1724 | Valid loss: 0.3683 | Train acc: 0.9130 | Valid acc: 0.8197 | patience: 107 | Epoch time: 0.5 |

2023-01-07 21:46:14,640 - INFO -
| Epoch:    146 | Train loss: 0.1706 | Valid loss: 0.3613 | Train acc: 0.9022 | Valid acc: 0.8197 | patience: 108 | Epoch time: 0.5 |

2023-01-07 21:46:15,106 - INFO -
| Epoch:    147 | Train loss: 0.1650 | Valid loss: 0.3467 | Train acc: 0.9130 | Valid acc: 0.7541 | patience: 109 | Epoch time: 0.5 |

2023-01-07 21:46:15,573 - INFO -
| Epoch:    148 | Train loss: 0.1799 | Valid loss: 0.3662 | Train acc: 0.8967 | Valid acc: 0.8197 | patience: 110 | Epoch time: 0.5 |

2023-01-07 21:46:16,039 - INFO -
| Epoch:    149 | Train loss: 0.1691 | Valid loss: 0.3612 | Train acc: 0.9076 | Valid acc: 0.8197 | patience: 111 | Epoch time: 0.5 |

2023-01-07 21:46:16,506 - INFO -
| Epoch:    150 | Train loss: 0.1655 | Valid loss: 0.3460 | Train acc: 0.9130 | Valid acc: 0.7705 | patience: 112 | Epoch time: 0.5 |

2023-01-07 21:46:16,972 - INFO -
| Epoch:    151 | Train loss: 0.1709 | Valid loss: 0.3584 | Train acc: 0.9076 | Valid acc: 0.8033 | patience: 113 | Epoch time: 0.5 |

2023-01-07 21:46:17,438 - INFO -
| Epoch:    152 | Train loss: 0.1639 | Valid loss: 0.3611 | Train acc: 0.9185 | Valid acc: 0.8197 | patience: 114 | Epoch time: 0.5 |

2023-01-07 21:46:17,904 - INFO -
| Epoch:    153 | Train loss: 0.1651 | Valid loss: 0.3489 | Train acc: 0.9130 | Valid acc: 0.7869 | patience: 115 | Epoch time: 0.5 |

2023-01-07 21:46:18,370 - INFO -
| Epoch:    154 | Train loss: 0.1655 | Valid loss: 0.3568 | Train acc: 0.9076 | Valid acc: 0.7869 | patience: 116 | Epoch time: 0.5 |

2023-01-07 21:46:18,837 - INFO -
| Epoch:    155 | Train loss: 0.1626 | Valid loss: 0.3619 | Train acc: 0.9239 | Valid acc: 0.8197 | patience: 117 | Epoch time: 0.5 |

2023-01-07 21:46:19,303 - INFO -
| Epoch:    156 | Train loss: 0.1644 | Valid loss: 0.3496 | Train acc: 0.9130 | Valid acc: 0.7869 | patience: 118 | Epoch time: 0.5 |

2023-01-07 21:46:19,769 - INFO -
| Epoch:    157 | Train loss: 0.1647 | Valid loss: 0.3524 | Train acc: 0.9076 | Valid acc: 0.7869 | patience: 119 | Epoch time: 0.5 |

2023-01-07 21:46:20,235 - INFO -
| Epoch:    158 | Train loss: 0.1629 | Valid loss: 0.3653 | Train acc: 0.9185 | Valid acc: 0.8197 | patience: 120 | Epoch time: 0.5 |

2023-01-07 21:46:20,701 - INFO -
| Epoch:    159 | Train loss: 0.1664 | Valid loss: 0.3534 | Train acc: 0.9076 | Valid acc: 0.7869 | patience: 121 | Epoch time: 0.5 |

2023-01-07 21:46:21,167 - INFO -
| Epoch:    160 | Train loss: 0.1624 | Valid loss: 0.3488 | Train acc: 0.9239 | Valid acc: 0.7869 | patience: 122 | Epoch time: 0.5 |

2023-01-07 21:46:21,635 - INFO -
| Epoch:    161 | Train loss: 0.1654 | Valid loss: 0.3636 | Train acc: 0.9076 | Valid acc: 0.8033 | patience: 123 | Epoch time: 0.5 |

2023-01-07 21:46:22,101 - INFO -
| Epoch:    162 | Train loss: 0.1640 | Valid loss: 0.3639 | Train acc: 0.9185 | Valid acc: 0.8197 | patience: 124 | Epoch time: 0.5 |

2023-01-07 21:46:22,568 - INFO -
| Epoch:    163 | Train loss: 0.1640 | Valid loss: 0.3497 | Train acc: 0.9130 | Valid acc: 0.7869 | patience: 125 | Epoch time: 0.5 |

2023-01-07 21:46:23,034 - INFO -
| Epoch:    164 | Train loss: 0.1641 | Valid loss: 0.3519 | Train acc: 0.9076 | Valid acc: 0.7869 | patience: 126 | Epoch time: 0.5 |

2023-01-07 21:46:23,502 - INFO -
| Epoch:    165 | Train loss: 0.1630 | Valid loss: 0.3640 | Train acc: 0.9130 | Valid acc: 0.8197 | patience: 127 | Epoch time: 0.5 |

2023-01-07 21:46:23,969 - INFO -
| Epoch:    166 | Train loss: 0.1638 | Valid loss: 0.3603 | Train acc: 0.9130 | Valid acc: 0.7869 | patience: 128 | Epoch time: 0.5 |

2023-01-07 21:46:24,436 - INFO -
| Epoch:    167 | Train loss: 0.1624 | Valid loss: 0.3482 | Train acc: 0.9239 | Valid acc: 0.7705 | patience: 129 | Epoch time: 0.5 |

2023-01-07 21:46:24,901 - INFO -
| Epoch:    168 | Train loss: 0.1664 | Valid loss: 0.3609 | Train acc: 0.9076 | Valid acc: 0.7869 | patience: 130 | Epoch time: 0.5 |

2023-01-07 21:46:25,368 - INFO -
| Epoch:    169 | Train loss: 0.1621 | Valid loss: 0.3649 | Train acc: 0.9239 | Valid acc: 0.8033 | patience: 131 | Epoch time: 0.5 |

2023-01-07 21:46:25,835 - INFO -
| Epoch:    170 | Train loss: 0.1633 | Valid loss: 0.3542 | Train acc: 0.9239 | Valid acc: 0.7869 | patience: 132 | Epoch time: 0.5 |

2023-01-07 21:46:26,301 - INFO -
| Epoch:    171 | Train loss: 0.1630 | Valid loss: 0.3532 | Train acc: 0.9130 | Valid acc: 0.7869 | patience: 133 | Epoch time: 0.5 |

2023-01-07 21:46:26,767 - INFO -
| Epoch:    172 | Train loss: 0.1637 | Valid loss: 0.3622 | Train acc: 0.9130 | Valid acc: 0.7869 | patience: 134 | Epoch time: 0.5 |

2023-01-07 21:46:27,233 - INFO -
| Epoch:    173 | Train loss: 0.1621 | Valid loss: 0.3650 | Train acc: 0.9239 | Valid acc: 0.8033 | patience: 135 | Epoch time: 0.5 |

2023-01-07 21:46:27,700 - INFO -
| Epoch:    174 | Train loss: 0.1634 | Valid loss: 0.3531 | Train acc: 0.9239 | Valid acc: 0.7869 | patience: 136 | Epoch time: 0.5 |

2023-01-07 21:46:28,166 - INFO -
| Epoch:    175 | Train loss: 0.1625 | Valid loss: 0.3545 | Train acc: 0.9185 | Valid acc: 0.7869 | patience: 137 | Epoch time: 0.5 |

2023-01-07 21:46:28,632 - INFO -
| Epoch:    176 | Train loss: 0.1619 | Valid loss: 0.3608 | Train acc: 0.9239 | Valid acc: 0.8033 | patience: 138 | Epoch time: 0.5 |

2023-01-07 21:46:29,097 - INFO -
| Epoch:    177 | Train loss: 0.1621 | Valid loss: 0.3584 | Train acc: 0.9239 | Valid acc: 0.7869 | patience: 139 | Epoch time: 0.5 |

2023-01-07 21:46:29,564 - INFO -
| Epoch:    178 | Train loss: 0.1616 | Valid loss: 0.3533 | Train acc: 0.9239 | Valid acc: 0.7869 | patience: 140 | Epoch time: 0.5 |

2023-01-07 21:46:30,032 - INFO -
| Epoch:    179 | Train loss: 0.1616 | Valid loss: 0.3530 | Train acc: 0.9185 | Valid acc: 0.7869 | patience: 141 | Epoch time: 0.5 |

2023-01-07 21:46:30,499 - INFO -
| Epoch:    180 | Train loss: 0.1618 | Valid loss: 0.3576 | Train acc: 0.9130 | Valid acc: 0.7869 | patience: 142 | Epoch time: 0.5 |

2023-01-07 21:46:30,965 - INFO -
| Epoch:    181 | Train loss: 0.1612 | Valid loss: 0.3603 | Train acc: 0.9239 | Valid acc: 0.7869 | patience: 143 | Epoch time: 0.5 |

2023-01-07 21:46:31,432 - INFO -
| Epoch:    182 | Train loss: 0.1617 | Valid loss: 0.3509 | Train acc: 0.9239 | Valid acc: 0.7869 | patience: 144 | Epoch time: 0.5 |

2023-01-07 21:46:31,899 - INFO -
| Epoch:    183 | Train loss: 0.1632 | Valid loss: 0.3578 | Train acc: 0.9130 | Valid acc: 0.7869 | patience: 145 | Epoch time: 0.5 |

2023-01-07 21:46:32,366 - INFO -
| Epoch:    184 | Train loss: 0.1612 | Valid loss: 0.3622 | Train acc: 0.9239 | Valid acc: 0.8197 | patience: 146 | Epoch time: 0.5 |

2023-01-07 21:46:32,834 - INFO -
| Epoch:    185 | Train loss: 0.1627 | Valid loss: 0.3490 | Train acc: 0.9239 | Valid acc: 0.7869 | patience: 147 | Epoch time: 0.5 |

2023-01-07 21:46:33,301 - INFO -
| Epoch:    186 | Train loss: 0.1647 | Valid loss: 0.3585 | Train acc: 0.9076 | Valid acc: 0.7869 | patience: 148 | Epoch time: 0.5 |

2023-01-07 21:46:33,766 - INFO -
| Epoch:    187 | Train loss: 0.1611 | Valid loss: 0.3626 | Train acc: 0.9239 | Valid acc: 0.8033 | patience: 149 | Epoch time: 0.5 |

2023-01-07 21:46:34,233 - INFO -
| Epoch:    188 | Train loss: 0.1626 | Valid loss: 0.3520 | Train acc: 0.9239 | Valid acc: 0.7869 | patience: 150 | Epoch time: 0.5 |

2023-01-07 21:46:34,700 - INFO -
| Epoch:    189 | Train loss: 0.1620 | Valid loss: 0.3534 | Train acc: 0.9185 | Valid acc: 0.7869 | patience: 151 | Epoch time: 0.5 |

2023-01-07 21:46:35,166 - INFO -
| Epoch:    190 | Train loss: 0.1614 | Valid loss: 0.3628 | Train acc: 0.9185 | Valid acc: 0.8033 | patience: 152 | Epoch time: 0.5 |

2023-01-07 21:46:35,634 - INFO -
| Epoch:    191 | Train loss: 0.1623 | Valid loss: 0.3572 | Train acc: 0.9239 | Valid acc: 0.7869 | patience: 153 | Epoch time: 0.5 |

2023-01-07 21:46:36,101 - INFO -
| Epoch:    192 | Train loss: 0.1608 | Valid loss: 0.3549 | Train acc: 0.9239 | Valid acc: 0.7869 | patience: 154 | Epoch time: 0.5 |

2023-01-07 21:46:36,569 - INFO -
| Epoch:    193 | Train loss: 0.1613 | Valid loss: 0.3595 | Train acc: 0.9185 | Valid acc: 0.7869 | patience: 155 | Epoch time: 0.5 |

2023-01-07 21:46:37,036 - INFO -
| Epoch:    194 | Train loss: 0.1608 | Valid loss: 0.3599 | Train acc: 0.9239 | Valid acc: 0.7869 | patience: 156 | Epoch time: 0.5 |

2023-01-07 21:46:37,503 - INFO -
| Epoch:    195 | Train loss: 0.1608 | Valid loss: 0.3583 | Train acc: 0.9239 | Valid acc: 0.7869 | patience: 157 | Epoch time: 0.5 |

2023-01-07 21:46:37,970 - INFO -
| Epoch:    196 | Train loss: 0.1607 | Valid loss: 0.3578 | Train acc: 0.9239 | Valid acc: 0.7869 | patience: 158 | Epoch time: 0.5 |

2023-01-07 21:46:38,438 - INFO -
| Epoch:    197 | Train loss: 0.1608 | Valid loss: 0.3608 | Train acc: 0.9239 | Valid acc: 0.7869 | patience: 159 | Epoch time: 0.5 |

2023-01-07 21:46:38,905 - INFO -
| Epoch:    198 | Train loss: 0.1609 | Valid loss: 0.3570 | Train acc: 0.9239 | Valid acc: 0.7869 | patience: 160 | Epoch time: 0.5 |

2023-01-07 21:46:39,372 - INFO -
| Epoch:    199 | Train loss: 0.1606 | Valid loss: 0.3565 | Train acc: 0.9239 | Valid acc: 0.7869 | patience: 161 | Epoch time: 0.5 |

2023-01-07 21:46:39,838 - INFO -
| Epoch:    200 | Train loss: 0.1606 | Valid loss: 0.3610 | Train acc: 0.9239 | Valid acc: 0.7869 | patience: 162 | Epoch time: 0.5 |

2023-01-07 21:46:40,305 - INFO -
| Epoch:    201 | Train loss: 0.1610 | Valid loss: 0.3560 | Train acc: 0.9239 | Valid acc: 0.7869 | patience: 163 | Epoch time: 0.5 |

2023-01-07 21:46:40,772 - INFO -
| Epoch:    202 | Train loss: 0.1608 | Valid loss: 0.3588 | Train acc: 0.9185 | Valid acc: 0.7869 | patience: 164 | Epoch time: 0.5 |

2023-01-07 21:46:41,239 - INFO -
| Epoch:    203 | Train loss: 0.1604 | Valid loss: 0.3589 | Train acc: 0.9239 | Valid acc: 0.7869 | patience: 165 | Epoch time: 0.5 |

2023-01-07 21:46:41,705 - INFO -
| Epoch:    204 | Train loss: 0.1603 | Valid loss: 0.3580 | Train acc: 0.9239 | Valid acc: 0.7869 | patience: 166 | Epoch time: 0.5 |

2023-01-07 21:46:42,171 - INFO -
| Epoch:    205 | Train loss: 0.1603 | Valid loss: 0.3608 | Train acc: 0.9239 | Valid acc: 0.7869 | patience: 167 | Epoch time: 0.5 |

2023-01-07 21:46:42,638 - INFO -
| Epoch:    206 | Train loss: 0.1606 | Valid loss: 0.3545 | Train acc: 0.9239 | Valid acc: 0.7869 | patience: 168 | Epoch time: 0.5 |

2023-01-07 21:46:43,105 - INFO -
| Epoch:    207 | Train loss: 0.1612 | Valid loss: 0.3606 | Train acc: 0.9185 | Valid acc: 0.7869 | patience: 169 | Epoch time: 0.5 |

2023-01-07 21:46:43,572 - INFO -
| Epoch:    208 | Train loss: 0.1606 | Valid loss: 0.3599 | Train acc: 0.9239 | Valid acc: 0.7869 | patience: 170 | Epoch time: 0.5 |

2023-01-07 21:46:44,039 - INFO -
| Epoch:    209 | Train loss: 0.1605 | Valid loss: 0.3567 | Train acc: 0.9239 | Valid acc: 0.7869 | patience: 171 | Epoch time: 0.5 |

2023-01-07 21:46:44,505 - INFO -
| Epoch:    210 | Train loss: 0.1606 | Valid loss: 0.3609 | Train acc: 0.9185 | Valid acc: 0.7869 | patience: 172 | Epoch time: 0.5 |

2023-01-07 21:46:44,972 - INFO -
| Epoch:    211 | Train loss: 0.1603 | Valid loss: 0.3618 | Train acc: 0.9239 | Valid acc: 0.7869 | patience: 173 | Epoch time: 0.5 |

2023-01-07 21:46:45,438 - INFO -
| Epoch:    212 | Train loss: 0.1604 | Valid loss: 0.3546 | Train acc: 0.9239 | Valid acc: 0.7869 | patience: 174 | Epoch time: 0.5 |

2023-01-07 21:46:45,905 - INFO -
| Epoch:    213 | Train loss: 0.1616 | Valid loss: 0.3619 | Train acc: 0.9185 | Valid acc: 0.7869 | patience: 175 | Epoch time: 0.5 |

2023-01-07 21:46:46,371 - INFO -
| Epoch:    214 | Train loss: 0.1606 | Valid loss: 0.3581 | Train acc: 0.9239 | Valid acc: 0.7869 | patience: 176 | Epoch time: 0.5 |

2023-01-07 21:46:46,838 - INFO -
| Epoch:    215 | Train loss: 0.1602 | Valid loss: 0.3594 | Train acc: 0.9239 | Valid acc: 0.7869 | patience: 177 | Epoch time: 0.5 |

2023-01-07 21:46:47,305 - INFO -
| Epoch:    216 | Train loss: 0.1601 | Valid loss: 0.3574 | Train acc: 0.9239 | Valid acc: 0.7869 | patience: 178 | Epoch time: 0.5 |

2023-01-07 21:46:47,770 - INFO -
| Epoch:    217 | Train loss: 0.1600 | Valid loss: 0.3568 | Train acc: 0.9293 | Valid acc: 0.7869 | patience: 179 | Epoch time: 0.5 |

2023-01-07 21:46:48,237 - INFO -
| Epoch:    218 | Train loss: 0.1599 | Valid loss: 0.3626 | Train acc: 0.9293 | Valid acc: 0.7869 | patience: 180 | Epoch time: 0.5 |

2023-01-07 21:46:48,704 - INFO -
| Epoch:    219 | Train loss: 0.1611 | Valid loss: 0.3517 | Train acc: 0.9239 | Valid acc: 0.7869 | patience: 181 | Epoch time: 0.5 |

2023-01-07 21:46:49,170 - INFO -
| Epoch:    220 | Train loss: 0.1629 | Valid loss: 0.3640 | Train acc: 0.9130 | Valid acc: 0.7869 | patience: 182 | Epoch time: 0.5 |

2023-01-07 21:46:49,637 - INFO -
| Epoch:    221 | Train loss: 0.1613 | Valid loss: 0.3572 | Train acc: 0.9239 | Valid acc: 0.7869 | patience: 183 | Epoch time: 0.5 |

2023-01-07 21:46:50,104 - INFO -
| Epoch:    222 | Train loss: 0.1600 | Valid loss: 0.3608 | Train acc: 0.9293 | Valid acc: 0.7869 | patience: 184 | Epoch time: 0.5 |

2023-01-07 21:46:50,570 - INFO -
| Epoch:    223 | Train loss: 0.1598 | Valid loss: 0.3622 | Train acc: 0.9239 | Valid acc: 0.7869 | patience: 185 | Epoch time: 0.5 |

2023-01-07 21:46:51,036 - INFO -
| Epoch:    224 | Train loss: 0.1600 | Valid loss: 0.3586 | Train acc: 0.9239 | Valid acc: 0.7869 | patience: 186 | Epoch time: 0.5 |

2023-01-07 21:46:51,503 - INFO -
| Epoch:    225 | Train loss: 0.1602 | Valid loss: 0.3609 | Train acc: 0.9239 | Valid acc: 0.7869 | patience: 187 | Epoch time: 0.5 |

2023-01-07 21:46:51,970 - INFO -
| Epoch:    226 | Train loss: 0.1597 | Valid loss: 0.3636 | Train acc: 0.9239 | Valid acc: 0.7869 | patience: 188 | Epoch time: 0.5 |

2023-01-07 21:46:52,437 - INFO -
| Epoch:    227 | Train loss: 0.1601 | Valid loss: 0.3551 | Train acc: 0.9239 | Valid acc: 0.7869 | patience: 189 | Epoch time: 0.5 |

2023-01-07 21:46:52,902 - INFO -
| Epoch:    228 | Train loss: 0.1614 | Valid loss: 0.3630 | Train acc: 0.9185 | Valid acc: 0.7869 | patience: 190 | Epoch time: 0.5 |

2023-01-07 21:46:53,369 - INFO -
| Epoch:    229 | Train loss: 0.1600 | Valid loss: 0.3608 | Train acc: 0.9239 | Valid acc: 0.7869 | patience: 191 | Epoch time: 0.5 |

2023-01-07 21:46:53,835 - INFO -
| Epoch:    230 | Train loss: 0.1596 | Valid loss: 0.3576 | Train acc: 0.9239 | Valid acc: 0.7869 | patience: 192 | Epoch time: 0.5 |

2023-01-07 21:46:54,303 - INFO -
| Epoch:    231 | Train loss: 0.1600 | Valid loss: 0.3680 | Train acc: 0.9293 | Valid acc: 0.8197 | patience: 193 | Epoch time: 0.5 |

2023-01-07 21:46:54,769 - INFO -
| Epoch:    232 | Train loss: 0.1621 | Valid loss: 0.3565 | Train acc: 0.9239 | Valid acc: 0.7869 | patience: 194 | Epoch time: 0.5 |

2023-01-07 21:46:55,237 - INFO -
| Epoch:    233 | Train loss: 0.1607 | Valid loss: 0.3616 | Train acc: 0.9185 | Valid acc: 0.7869 | patience: 195 | Epoch time: 0.5 |

2023-01-07 21:46:55,704 - INFO -
| Epoch:    234 | Train loss: 0.1596 | Valid loss: 0.3659 | Train acc: 0.9239 | Valid acc: 0.7869 | patience: 196 | Epoch time: 0.5 |

2023-01-07 21:46:56,170 - INFO -
| Epoch:    235 | Train loss: 0.1605 | Valid loss: 0.3572 | Train acc: 0.9239 | Valid acc: 0.7869 | patience: 197 | Epoch time: 0.5 |

2023-01-07 21:46:56,637 - INFO -
| Epoch:    236 | Train loss: 0.1607 | Valid loss: 0.3620 | Train acc: 0.9185 | Valid acc: 0.7869 | patience: 198 | Epoch time: 0.5 |

2023-01-07 21:46:57,104 - INFO -
| Epoch:    237 | Train loss: 0.1595 | Valid loss: 0.3627 | Train acc: 0.9239 | Valid acc: 0.7869 | patience: 199 | Epoch time: 0.5 |

2023-01-07 21:46:57,570 - INFO -
| Epoch:    238 | Train loss: 0.1595 | Valid loss: 0.3592 | Train acc: 0.9239 | Valid acc: 0.7869 | patience: 200 | Epoch time: 0.5 |

2023-01-07 21:46:58,037 - INFO -
| Epoch:    239 | Train loss: 0.1594 | Valid loss: 0.3627 | Train acc: 0.9293 | Valid acc: 0.7869 | patience: 201 | Epoch time: 0.5 |

2023-01-07 21:46:58,504 - INFO -
| Epoch:    240 | Train loss: 0.1595 | Valid loss: 0.3583 | Train acc: 0.9239 | Valid acc: 0.7869 | patience: 202 | Epoch time: 0.5 |

2023-01-07 21:46:58,972 - INFO -
| Epoch:    241 | Train loss: 0.1595 | Valid loss: 0.3646 | Train acc: 0.9293 | Valid acc: 0.7869 | patience: 203 | Epoch time: 0.5 |

2023-01-07 21:46:59,438 - INFO -
| Epoch:    242 | Train loss: 0.1600 | Valid loss: 0.3602 | Train acc: 0.9239 | Valid acc: 0.7869 | patience: 204 | Epoch time: 0.5 |

2023-01-07 21:46:59,905 - INFO -
| Epoch:    243 | Train loss: 0.1594 | Valid loss: 0.3609 | Train acc: 0.9293 | Valid acc: 0.7869 | patience: 205 | Epoch time: 0.5 |

2023-01-07 21:47:00,371 - INFO -
| Epoch:    244 | Train loss: 0.1593 | Valid loss: 0.3657 | Train acc: 0.9293 | Valid acc: 0.7869 | patience: 206 | Epoch time: 0.5 |

2023-01-07 21:47:00,838 - INFO -
| Epoch:    245 | Train loss: 0.1600 | Valid loss: 0.3593 | Train acc: 0.9239 | Valid acc: 0.7869 | patience: 207 | Epoch time: 0.5 |

2023-01-07 21:47:01,305 - INFO -
| Epoch:    246 | Train loss: 0.1596 | Valid loss: 0.3660 | Train acc: 0.9293 | Valid acc: 0.7869 | patience: 208 | Epoch time: 0.5 |

2023-01-07 21:47:01,772 - INFO -
| Epoch:    247 | Train loss: 0.1600 | Valid loss: 0.3585 | Train acc: 0.9239 | Valid acc: 0.7869 | patience: 209 | Epoch time: 0.5 |

2023-01-07 21:47:02,240 - INFO -
| Epoch:    248 | Train loss: 0.1599 | Valid loss: 0.3660 | Train acc: 0.9239 | Valid acc: 0.7869 | patience: 210 | Epoch time: 0.5 |

2023-01-07 21:47:02,706 - INFO -
| Epoch:    249 | Train loss: 0.1598 | Valid loss: 0.3638 | Train acc: 0.9293 | Valid acc: 0.7869 | patience: 211 | Epoch time: 0.5 |

2023-01-07 21:47:03,173 - INFO -
| Epoch:    250 | Train loss: 0.1592 | Valid loss: 0.3605 | Train acc: 0.9293 | Valid acc: 0.7869 | patience: 212 | Epoch time: 0.5 |

2023-01-07 21:47:03,639 - INFO -
| Epoch:    251 | Train loss: 0.1592 | Valid loss: 0.3646 | Train acc: 0.9293 | Valid acc: 0.7869 | patience: 213 | Epoch time: 0.5 |

2023-01-07 21:47:04,107 - INFO -
| Epoch:    252 | Train loss: 0.1591 | Valid loss: 0.3613 | Train acc: 0.9293 | Valid acc: 0.7869 | patience: 214 | Epoch time: 0.5 |

2023-01-07 21:47:04,576 - INFO -
| Epoch:    253 | Train loss: 0.1590 | Valid loss: 0.3620 | Train acc: 0.9293 | Valid acc: 0.7869 | patience: 215 | Epoch time: 0.5 |

2023-01-07 21:47:05,042 - INFO -
| Epoch:    254 | Train loss: 0.1587 | Valid loss: 0.3615 | Train acc: 0.9293 | Valid acc: 0.7869 | patience: 216 | Epoch time: 0.5 |

2023-01-07 21:47:05,509 - INFO -
| Epoch:    255 | Train loss: 0.1589 | Valid loss: 0.3657 | Train acc: 0.9293 | Valid acc: 0.7869 | patience: 217 | Epoch time: 0.5 |

2023-01-07 21:47:05,975 - INFO -
| Epoch:    256 | Train loss: 0.1593 | Valid loss: 0.3583 | Train acc: 0.9293 | Valid acc: 0.7869 | patience: 218 | Epoch time: 0.5 |

2023-01-07 21:47:06,442 - INFO -
| Epoch:    257 | Train loss: 0.1603 | Valid loss: 0.3674 | Train acc: 0.9185 | Valid acc: 0.7869 | patience: 219 | Epoch time: 0.5 |

2023-01-07 21:47:06,909 - INFO -
| Epoch:    258 | Train loss: 0.1597 | Valid loss: 0.3621 | Train acc: 0.9293 | Valid acc: 0.7869 | patience: 220 | Epoch time: 0.5 |

2023-01-07 21:47:07,377 - INFO -
| Epoch:    259 | Train loss: 0.1589 | Valid loss: 0.3637 | Train acc: 0.9293 | Valid acc: 0.7869 | patience: 221 | Epoch time: 0.5 |

2023-01-07 21:47:07,843 - INFO -
| Epoch:    260 | Train loss: 0.1587 | Valid loss: 0.3676 | Train acc: 0.9293 | Valid acc: 0.7869 | patience: 222 | Epoch time: 0.5 |

2023-01-07 21:47:08,309 - INFO -
| Epoch:    261 | Train loss: 0.1594 | Valid loss: 0.3602 | Train acc: 0.9239 | Valid acc: 0.7869 | patience: 223 | Epoch time: 0.5 |

2023-01-07 21:47:08,776 - INFO -
| Epoch:    262 | Train loss: 0.1595 | Valid loss: 0.3641 | Train acc: 0.9293 | Valid acc: 0.7869 | patience: 224 | Epoch time: 0.5 |

2023-01-07 21:47:09,242 - INFO -
| Epoch:    263 | Train loss: 0.1585 | Valid loss: 0.3646 | Train acc: 0.9293 | Valid acc: 0.7869 | patience: 225 | Epoch time: 0.5 |

2023-01-07 21:47:09,709 - INFO -
| Epoch:    264 | Train loss: 0.1586 | Valid loss: 0.3591 | Train acc: 0.9293 | Valid acc: 0.7869 | patience: 226 | Epoch time: 0.5 |

2023-01-07 21:47:10,175 - INFO -
| Epoch:    265 | Train loss: 0.1595 | Valid loss: 0.3690 | Train acc: 0.9239 | Valid acc: 0.8197 | patience: 227 | Epoch time: 0.5 |

2023-01-07 21:47:10,641 - INFO -
| Epoch:    266 | Train loss: 0.1606 | Valid loss: 0.3581 | Train acc: 0.9293 | Valid acc: 0.7869 | patience: 228 | Epoch time: 0.5 |

2023-01-07 21:47:11,107 - INFO -
| Epoch:    267 | Train loss: 0.1606 | Valid loss: 0.3648 | Train acc: 0.9130 | Valid acc: 0.7869 | patience: 229 | Epoch time: 0.5 |

2023-01-07 21:47:11,573 - INFO -
| Epoch:    268 | Train loss: 0.1586 | Valid loss: 0.3725 | Train acc: 0.9293 | Valid acc: 0.8197 | patience: 230 | Epoch time: 0.5 |

2023-01-07 21:47:12,040 - INFO -
| Epoch:    269 | Train loss: 0.1619 | Valid loss: 0.3590 | Train acc: 0.9293 | Valid acc: 0.7705 | patience: 231 | Epoch time: 0.5 |

2023-01-07 21:47:12,506 - INFO -
| Epoch:    270 | Train loss: 0.1642 | Valid loss: 0.3703 | Train acc: 0.9130 | Valid acc: 0.7869 | patience: 232 | Epoch time: 0.5 |

2023-01-07 21:47:12,973 - INFO -
| Epoch:    271 | Train loss: 0.1598 | Valid loss: 0.3669 | Train acc: 0.9293 | Valid acc: 0.7869 | patience: 233 | Epoch time: 0.5 |

2023-01-07 21:47:13,439 - INFO -
| Epoch:    272 | Train loss: 0.1585 | Valid loss: 0.3602 | Train acc: 0.9293 | Valid acc: 0.7869 | patience: 234 | Epoch time: 0.5 |

2023-01-07 21:47:13,906 - INFO -
| Epoch:    273 | Train loss: 0.1597 | Valid loss: 0.3672 | Train acc: 0.9239 | Valid acc: 0.7869 | patience: 235 | Epoch time: 0.5 |

2023-01-07 21:47:14,373 - INFO -
| Epoch:    274 | Train loss: 0.1588 | Valid loss: 0.3631 | Train acc: 0.9293 | Valid acc: 0.7869 | patience: 236 | Epoch time: 0.5 |

2023-01-07 21:47:14,839 - INFO -
| Epoch:    275 | Train loss: 0.1583 | Valid loss: 0.3624 | Train acc: 0.9293 | Valid acc: 0.7869 | patience: 237 | Epoch time: 0.5 |

2023-01-07 21:47:15,305 - INFO -
| Epoch:    276 | Train loss: 0.1583 | Valid loss: 0.3652 | Train acc: 0.9293 | Valid acc: 0.7869 | patience: 238 | Epoch time: 0.5 |

2023-01-07 21:47:15,771 - INFO -
| Epoch:    277 | Train loss: 0.1585 | Valid loss: 0.3587 | Train acc: 0.9293 | Valid acc: 0.7869 | patience: 239 | Epoch time: 0.5 |

2023-01-07 21:47:16,238 - INFO -
| Epoch:    278 | Train loss: 0.1592 | Valid loss: 0.3675 | Train acc: 0.9239 | Valid acc: 0.8033 | patience: 240 | Epoch time: 0.5 |

2023-01-07 21:47:16,705 - INFO -
| Epoch:    279 | Train loss: 0.1591 | Valid loss: 0.3606 | Train acc: 0.9293 | Valid acc: 0.7869 | patience: 241 | Epoch time: 0.5 |

2023-01-07 21:47:17,172 - INFO -
| Epoch:    280 | Train loss: 0.1591 | Valid loss: 0.3660 | Train acc: 0.9239 | Valid acc: 0.7869 | patience: 242 | Epoch time: 0.5 |

2023-01-07 21:47:17,638 - INFO -
| Epoch:    281 | Train loss: 0.1583 | Valid loss: 0.3671 | Train acc: 0.9293 | Valid acc: 0.7869 | patience: 243 | Epoch time: 0.5 |

2023-01-07 21:47:18,104 - INFO -
| Epoch:    282 | Train loss: 0.1584 | Valid loss: 0.3605 | Train acc: 0.9293 | Valid acc: 0.7869 | patience: 244 | Epoch time: 0.5 |

2023-01-07 21:47:18,571 - INFO -
| Epoch:    283 | Train loss: 0.1591 | Valid loss: 0.3659 | Train acc: 0.9239 | Valid acc: 0.7869 | patience: 245 | Epoch time: 0.5 |

2023-01-07 21:47:19,038 - INFO -
| Epoch:    284 | Train loss: 0.1583 | Valid loss: 0.3621 | Train acc: 0.9293 | Valid acc: 0.7869 | patience: 246 | Epoch time: 0.5 |

2023-01-07 21:47:19,505 - INFO -
| Epoch:    285 | Train loss: 0.1579 | Valid loss: 0.3617 | Train acc: 0.9293 | Valid acc: 0.7869 | patience: 247 | Epoch time: 0.5 |

2023-01-07 21:47:19,971 - INFO -
| Epoch:    286 | Train loss: 0.1579 | Valid loss: 0.3693 | Train acc: 0.9293 | Valid acc: 0.8197 | patience: 248 | Epoch time: 0.5 |

2023-01-07 21:47:20,438 - INFO -
| Epoch:    287 | Train loss: 0.1598 | Valid loss: 0.3584 | Train acc: 0.9293 | Valid acc: 0.7869 | patience: 249 | Epoch time: 0.5 |

2023-01-07 21:47:20,904 - INFO -
| Epoch:    288 | Train loss: 0.1603 | Valid loss: 0.3668 | Train acc: 0.9130 | Valid acc: 0.7869 | patience: 250 | Epoch time: 0.5 |

2023-01-07 21:47:21,370 - INFO -
| Epoch:    289 | Train loss: 0.1580 | Valid loss: 0.3675 | Train acc: 0.9293 | Valid acc: 0.7869 | patience: 251 | Epoch time: 0.5 |

2023-01-07 21:47:21,836 - INFO -
| Epoch:    290 | Train loss: 0.1580 | Valid loss: 0.3609 | Train acc: 0.9293 | Valid acc: 0.7869 | patience: 252 | Epoch time: 0.5 |

2023-01-07 21:47:22,303 - INFO -
| Epoch:    291 | Train loss: 0.1595 | Valid loss: 0.3731 | Train acc: 0.9130 | Valid acc: 0.8197 | patience: 253 | Epoch time: 0.5 |

2023-01-07 21:47:22,770 - INFO -
| Epoch:    292 | Train loss: 0.1602 | Valid loss: 0.3650 | Train acc: 0.9293 | Valid acc: 0.7869 | patience: 254 | Epoch time: 0.5 |

2023-01-07 21:47:23,238 - INFO -
| Epoch:    293 | Train loss: 0.1578 | Valid loss: 0.3636 | Train acc: 0.9293 | Valid acc: 0.7869 | patience: 255 | Epoch time: 0.5 |

2023-01-07 21:47:23,705 - INFO -
| Epoch:    294 | Train loss: 0.1581 | Valid loss: 0.3722 | Train acc: 0.9293 | Valid acc: 0.8197 | patience: 256 | Epoch time: 0.5 |

2023-01-07 21:47:24,172 - INFO -
| Epoch:    295 | Train loss: 0.1596 | Valid loss: 0.3615 | Train acc: 0.9293 | Valid acc: 0.7869 | patience: 257 | Epoch time: 0.5 |

2023-01-07 21:47:24,638 - INFO -
| Epoch:    296 | Train loss: 0.1585 | Valid loss: 0.3679 | Train acc: 0.9239 | Valid acc: 0.7869 | patience: 258 | Epoch time: 0.5 |

2023-01-07 21:47:25,105 - INFO -
| Epoch:    297 | Train loss: 0.1577 | Valid loss: 0.3650 | Train acc: 0.9293 | Valid acc: 0.7869 | patience: 259 | Epoch time: 0.5 |

2023-01-07 21:47:25,571 - INFO -
| Epoch:    298 | Train loss: 0.1573 | Valid loss: 0.3665 | Train acc: 0.9293 | Valid acc: 0.7869 | patience: 260 | Epoch time: 0.5 |

2023-01-07 21:47:26,038 - INFO -
| Epoch:    299 | Train loss: 0.1572 | Valid loss: 0.3642 | Train acc: 0.9293 | Valid acc: 0.7869 | patience: 261 | Epoch time: 0.5 |

2023-01-07 21:47:26,505 - INFO -
| Epoch:    300 | Train loss: 0.1575 | Valid loss: 0.3698 | Train acc: 0.9293 | Valid acc: 0.7869 | patience: 262 | Epoch time: 0.5 |

2023-01-07 21:47:26,972 - INFO -
| Epoch:    301 | Train loss: 0.1580 | Valid loss: 0.3628 | Train acc: 0.9293 | Valid acc: 0.7869 | patience: 263 | Epoch time: 0.5 |

2023-01-07 21:47:27,439 - INFO -
| Epoch:    302 | Train loss: 0.1585 | Valid loss: 0.3688 | Train acc: 0.9239 | Valid acc: 0.7869 | patience: 264 | Epoch time: 0.5 |

2023-01-07 21:47:27,905 - INFO -
| Epoch:    303 | Train loss: 0.1575 | Valid loss: 0.3666 | Train acc: 0.9293 | Valid acc: 0.7869 | patience: 265 | Epoch time: 0.5 |

2023-01-07 21:47:28,371 - INFO -
| Epoch:    304 | Train loss: 0.1570 | Valid loss: 0.3642 | Train acc: 0.9293 | Valid acc: 0.7869 | patience: 266 | Epoch time: 0.5 |

2023-01-07 21:47:28,839 - INFO -
| Epoch:    305 | Train loss: 0.1573 | Valid loss: 0.3669 | Train acc: 0.9293 | Valid acc: 0.7869 | patience: 267 | Epoch time: 0.5 |

2023-01-07 21:47:29,306 - INFO -
| Epoch:    306 | Train loss: 0.1571 | Valid loss: 0.3634 | Train acc: 0.9293 | Valid acc: 0.7869 | patience: 268 | Epoch time: 0.5 |

2023-01-07 21:47:29,772 - INFO -
| Epoch:    307 | Train loss: 0.1572 | Valid loss: 0.3687 | Train acc: 0.9293 | Valid acc: 0.7869 | patience: 269 | Epoch time: 0.5 |

2023-01-07 21:47:30,238 - INFO -
| Epoch:    308 | Train loss: 0.1577 | Valid loss: 0.3616 | Train acc: 0.9293 | Valid acc: 0.7869 | patience: 270 | Epoch time: 0.5 |

2023-01-07 21:47:30,706 - INFO -
| Epoch:    309 | Train loss: 0.1584 | Valid loss: 0.3696 | Train acc: 0.9239 | Valid acc: 0.7869 | patience: 271 | Epoch time: 0.5 |

2023-01-07 21:47:31,172 - INFO -
| Epoch:    310 | Train loss: 0.1578 | Valid loss: 0.3643 | Train acc: 0.9293 | Valid acc: 0.7869 | patience: 272 | Epoch time: 0.5 |

2023-01-07 21:47:31,638 - INFO -
| Epoch:    311 | Train loss: 0.1572 | Valid loss: 0.3664 | Train acc: 0.9293 | Valid acc: 0.7869 | patience: 273 | Epoch time: 0.5 |

2023-01-07 21:47:32,104 - INFO -
| Epoch:    312 | Train loss: 0.1567 | Valid loss: 0.3693 | Train acc: 0.9293 | Valid acc: 0.7869 | patience: 274 | Epoch time: 0.5 |

2023-01-07 21:47:32,570 - INFO -
| Epoch:    313 | Train loss: 0.1575 | Valid loss: 0.3598 | Train acc: 0.9293 | Valid acc: 0.7705 | patience: 275 | Epoch time: 0.5 |

2023-01-07 21:47:33,037 - INFO -
| Epoch:    314 | Train loss: 0.1601 | Valid loss: 0.3729 | Train acc: 0.9185 | Valid acc: 0.8197 | patience: 276 | Epoch time: 0.5 |

2023-01-07 21:47:33,505 - INFO -
| Epoch:    315 | Train loss: 0.1595 | Valid loss: 0.3641 | Train acc: 0.9293 | Valid acc: 0.7869 | patience: 277 | Epoch time: 0.5 |

2023-01-07 21:47:33,972 - INFO -
| Epoch:    316 | Train loss: 0.1570 | Valid loss: 0.3651 | Train acc: 0.9293 | Valid acc: 0.7869 | patience: 278 | Epoch time: 0.5 |

2023-01-07 21:47:34,438 - INFO -
| Epoch:    317 | Train loss: 0.1568 | Valid loss: 0.3682 | Train acc: 0.9293 | Valid acc: 0.7869 | patience: 279 | Epoch time: 0.5 |

2023-01-07 21:47:34,904 - INFO -
| Epoch:    318 | Train loss: 0.1567 | Valid loss: 0.3669 | Train acc: 0.9293 | Valid acc: 0.7869 | patience: 280 | Epoch time: 0.5 |

2023-01-07 21:47:35,370 - INFO -
| Epoch:    319 | Train loss: 0.1566 | Valid loss: 0.3638 | Train acc: 0.9293 | Valid acc: 0.7869 | patience: 281 | Epoch time: 0.5 |

2023-01-07 21:47:35,836 - INFO -
| Epoch:    320 | Train loss: 0.1575 | Valid loss: 0.3728 | Train acc: 0.9293 | Valid acc: 0.8197 | patience: 282 | Epoch time: 0.5 |

2023-01-07 21:47:36,305 - INFO -
| Epoch:    321 | Train loss: 0.1591 | Valid loss: 0.3610 | Train acc: 0.9293 | Valid acc: 0.7705 | patience: 283 | Epoch time: 0.5 |

2023-01-07 21:47:36,773 - INFO -
| Epoch:    322 | Train loss: 0.1590 | Valid loss: 0.3679 | Train acc: 0.9185 | Valid acc: 0.7869 | patience: 284 | Epoch time: 0.5 |

2023-01-07 21:47:37,240 - INFO -
| Epoch:    323 | Train loss: 0.1566 | Valid loss: 0.3665 | Train acc: 0.9293 | Valid acc: 0.7869 | patience: 285 | Epoch time: 0.5 |

2023-01-07 21:47:37,706 - INFO -
| Epoch:    324 | Train loss: 0.1564 | Valid loss: 0.3649 | Train acc: 0.9293 | Valid acc: 0.7869 | patience: 286 | Epoch time: 0.5 |

2023-01-07 21:47:38,173 - INFO -
| Epoch:    325 | Train loss: 0.1564 | Valid loss: 0.3687 | Train acc: 0.9293 | Valid acc: 0.7869 | patience: 287 | Epoch time: 0.5 |

2023-01-07 21:47:38,639 - INFO -
| Epoch:    326 | Train loss: 0.1572 | Valid loss: 0.3598 | Train acc: 0.9293 | Valid acc: 0.7705 | patience: 288 | Epoch time: 0.5 |

2023-01-07 21:47:39,106 - INFO -
| Epoch:    327 | Train loss: 0.1599 | Valid loss: 0.3765 | Train acc: 0.9130 | Valid acc: 0.8197 | patience: 289 | Epoch time: 0.5 |

2023-01-07 21:47:39,572 - INFO -
| Epoch:    328 | Train loss: 0.1623 | Valid loss: 0.3642 | Train acc: 0.9185 | Valid acc: 0.7869 | patience: 290 | Epoch time: 0.5 |

2023-01-07 21:47:40,040 - INFO -
| Epoch:    329 | Train loss: 0.1566 | Valid loss: 0.3628 | Train acc: 0.9293 | Valid acc: 0.7869 | patience: 291 | Epoch time: 0.5 |

2023-01-07 21:47:40,507 - INFO -
| Epoch:    330 | Train loss: 0.1572 | Valid loss: 0.3738 | Train acc: 0.9293 | Valid acc: 0.8197 | patience: 292 | Epoch time: 0.5 |

2023-01-07 21:47:40,973 - INFO -
| Epoch:    331 | Train loss: 0.1601 | Valid loss: 0.3613 | Train acc: 0.9293 | Valid acc: 0.7869 | patience: 293 | Epoch time: 0.5 |

2023-01-07 21:47:41,440 - INFO -
| Epoch:    332 | Train loss: 0.1577 | Valid loss: 0.3654 | Train acc: 0.9185 | Valid acc: 0.7869 | patience: 294 | Epoch time: 0.5 |

2023-01-07 21:47:41,908 - INFO -
| Epoch:    333 | Train loss: 0.1565 | Valid loss: 0.3721 | Train acc: 0.9293 | Valid acc: 0.8197 | patience: 295 | Epoch time: 0.5 |

2023-01-07 21:47:42,375 - INFO -
| Epoch:    334 | Train loss: 0.1588 | Valid loss: 0.3604 | Train acc: 0.9293 | Valid acc: 0.7705 | patience: 296 | Epoch time: 0.5 |

2023-01-07 21:47:42,841 - INFO -
| Epoch:    335 | Train loss: 0.1589 | Valid loss: 0.3712 | Train acc: 0.9185 | Valid acc: 0.8033 | patience: 297 | Epoch time: 0.5 |

2023-01-07 21:47:43,307 - INFO -
| Epoch:    336 | Train loss: 0.1578 | Valid loss: 0.3633 | Train acc: 0.9293 | Valid acc: 0.7869 | patience: 298 | Epoch time: 0.5 |

2023-01-07 21:47:43,773 - INFO -
| Epoch:    337 | Train loss: 0.1568 | Valid loss: 0.3661 | Train acc: 0.9293 | Valid acc: 0.7869 | patience: 299 | Epoch time: 0.5 |

2023-01-07 21:47:44,240 - INFO -
| Epoch:    338 | Train loss: 0.1560 | Valid loss: 0.3704 | Train acc: 0.9293 | Valid acc: 0.7869 | patience: 300 | Epoch time: 0.5 |

2023-01-07 21:47:44,706 - INFO -
| Epoch:    339 | Train loss: 0.1572 | Valid loss: 0.3590 | Train acc: 0.9293 | Valid acc: 0.7705 | patience: 301 | Epoch time: 0.5 |

2023-01-07 21:47:45,172 - INFO -
| Epoch:    340 | Train loss: 0.1617 | Valid loss: 0.3759 | Train acc: 0.9130 | Valid acc: 0.8197 | patience: 302 | Epoch time: 0.5 |

2023-01-07 21:47:45,638 - INFO -
| Epoch:    341 | Train loss: 0.1611 | Valid loss: 0.3697 | Train acc: 0.9185 | Valid acc: 0.7869 | patience: 303 | Epoch time: 0.5 |

2023-01-07 21:47:46,104 - INFO -
| Epoch:    342 | Train loss: 0.1565 | Valid loss: 0.3606 | Train acc: 0.9293 | Valid acc: 0.7705 | patience: 304 | Epoch time: 0.5 |

2023-01-07 21:47:46,571 - INFO -
| Epoch:    343 | Train loss: 0.1718 | Valid loss: 0.3874 | Train acc: 0.9130 | Valid acc: 0.8197 | patience: 305 | Epoch time: 0.5 |

2023-01-07 21:47:47,037 - INFO -
| Epoch:    344 | Train loss: 0.1709 | Valid loss: 0.3772 | Train acc: 0.9076 | Valid acc: 0.8197 | patience: 306 | Epoch time: 0.5 |

2023-01-07 21:47:47,504 - INFO -
| Epoch:    345 | Train loss: 0.1609 | Valid loss: 0.3647 | Train acc: 0.9185 | Valid acc: 0.7705 | patience: 307 | Epoch time: 0.5 |

2023-01-07 21:47:47,972 - INFO -
| Epoch:    346 | Train loss: 0.1866 | Valid loss: 0.3748 | Train acc: 0.8913 | Valid acc: 0.8197 | patience: 308 | Epoch time: 0.5 |

2023-01-07 21:47:48,438 - INFO -
| Epoch:    347 | Train loss: 0.1587 | Valid loss: 0.3862 | Train acc: 0.9293 | Valid acc: 0.8197 | patience: 309 | Epoch time: 0.5 |

2023-01-07 21:47:48,904 - INFO -
| Epoch:    348 | Train loss: 0.1694 | Valid loss: 0.3640 | Train acc: 0.9076 | Valid acc: 0.7869 | patience: 310 | Epoch time: 0.5 |

2023-01-07 21:47:49,370 - INFO -
| Epoch:    349 | Train loss: 0.1585 | Valid loss: 0.3614 | Train acc: 0.9239 | Valid acc: 0.7705 | patience: 311 | Epoch time: 0.5 |

2023-01-07 21:47:49,836 - INFO -
| Epoch:    350 | Train loss: 0.1628 | Valid loss: 0.3788 | Train acc: 0.9130 | Valid acc: 0.8197 | patience: 312 | Epoch time: 0.5 |

2023-01-07 21:47:50,303 - INFO -
| Epoch:    351 | Train loss: 0.1637 | Valid loss: 0.3751 | Train acc: 0.9185 | Valid acc: 0.8197 | patience: 313 | Epoch time: 0.5 |

2023-01-07 21:47:50,770 - INFO -
| Epoch:    352 | Train loss: 0.1605 | Valid loss: 0.3594 | Train acc: 0.9185 | Valid acc: 0.7705 | patience: 314 | Epoch time: 0.5 |

2023-01-07 21:47:51,236 - INFO -
| Epoch:    353 | Train loss: 0.1687 | Valid loss: 0.3711 | Train acc: 0.9076 | Valid acc: 0.8033 | patience: 315 | Epoch time: 0.5 |

2023-01-07 21:47:51,703 - INFO -
| Epoch:    354 | Train loss: 0.1582 | Valid loss: 0.3835 | Train acc: 0.9293 | Valid acc: 0.8197 | patience: 316 | Epoch time: 0.5 |

2023-01-07 21:47:52,170 - INFO -
| Epoch:    355 | Train loss: 0.1650 | Valid loss: 0.3656 | Train acc: 0.9185 | Valid acc: 0.7705 | patience: 317 | Epoch time: 0.5 |

2023-01-07 21:47:52,636 - INFO -
| Epoch:    356 | Train loss: 0.1587 | Valid loss: 0.3637 | Train acc: 0.9239 | Valid acc: 0.7705 | patience: 318 | Epoch time: 0.5 |

2023-01-07 21:47:53,103 - INFO -
| Epoch:    357 | Train loss: 0.1661 | Valid loss: 0.3794 | Train acc: 0.9130 | Valid acc: 0.8197 | patience: 319 | Epoch time: 0.5 |

2023-01-07 21:47:53,569 - INFO -
| Epoch:    358 | Train loss: 0.1626 | Valid loss: 0.3792 | Train acc: 0.9185 | Valid acc: 0.8197 | patience: 320 | Epoch time: 0.5 |

2023-01-07 21:47:54,035 - INFO -
| Epoch:    359 | Train loss: 0.1630 | Valid loss: 0.3619 | Train acc: 0.9185 | Valid acc: 0.7705 | patience: 321 | Epoch time: 0.5 |

2023-01-07 21:47:54,501 - INFO -
| Epoch:    360 | Train loss: 0.1635 | Valid loss: 0.3642 | Train acc: 0.9130 | Valid acc: 0.7869 | patience: 322 | Epoch time: 0.5 |

2023-01-07 21:47:54,968 - INFO -
| Epoch:    361 | Train loss: 0.1575 | Valid loss: 0.3768 | Train acc: 0.9293 | Valid acc: 0.8197 | patience: 323 | Epoch time: 0.5 |

2023-01-07 21:47:55,434 - INFO -
| Epoch:    362 | Train loss: 0.1606 | Valid loss: 0.3714 | Train acc: 0.9185 | Valid acc: 0.8033 | patience: 324 | Epoch time: 0.5 |

2023-01-07 21:47:55,900 - INFO -
| Epoch:    363 | Train loss: 0.1576 | Valid loss: 0.3645 | Train acc: 0.9293 | Valid acc: 0.7705 | patience: 325 | Epoch time: 0.5 |

2023-01-07 21:47:56,367 - INFO -
| Epoch:    364 | Train loss: 0.1603 | Valid loss: 0.3670 | Train acc: 0.9130 | Valid acc: 0.7869 | patience: 326 | Epoch time: 0.5 |

2023-01-07 21:47:56,833 - INFO -
| Epoch:    365 | Train loss: 0.1565 | Valid loss: 0.3780 | Train acc: 0.9293 | Valid acc: 0.8197 | patience: 327 | Epoch time: 0.5 |

2023-01-07 21:47:57,299 - INFO -
| Epoch:    366 | Train loss: 0.1617 | Valid loss: 0.3656 | Train acc: 0.9130 | Valid acc: 0.8033 | patience: 328 | Epoch time: 0.5 |

2023-01-07 21:47:57,766 - INFO -
| Epoch:    367 | Train loss: 0.1563 | Valid loss: 0.3603 | Train acc: 0.9293 | Valid acc: 0.7705 | patience: 329 | Epoch time: 0.5 |

2023-01-07 21:47:58,232 - INFO -
| Epoch:    368 | Train loss: 0.1603 | Valid loss: 0.3713 | Train acc: 0.9239 | Valid acc: 0.8033 | patience: 330 | Epoch time: 0.5 |

2023-01-07 21:47:58,699 - INFO -
| Epoch:    369 | Train loss: 0.1575 | Valid loss: 0.3699 | Train acc: 0.9293 | Valid acc: 0.8033 | patience: 331 | Epoch time: 0.5 |

2023-01-07 21:47:59,166 - INFO -
| Epoch:    370 | Train loss: 0.1564 | Valid loss: 0.3616 | Train acc: 0.9293 | Valid acc: 0.7705 | patience: 332 | Epoch time: 0.5 |

2023-01-07 21:47:59,632 - INFO -
| Epoch:    371 | Train loss: 0.1608 | Valid loss: 0.3714 | Train acc: 0.9130 | Valid acc: 0.8033 | patience: 333 | Epoch time: 0.5 |

2023-01-07 21:48:00,098 - INFO -
| Epoch:    372 | Train loss: 0.1570 | Valid loss: 0.3766 | Train acc: 0.9293 | Valid acc: 0.8197 | patience: 334 | Epoch time: 0.5 |

2023-01-07 21:48:00,564 - INFO -
| Epoch:    373 | Train loss: 0.1593 | Valid loss: 0.3644 | Train acc: 0.9185 | Valid acc: 0.7869 | patience: 335 | Epoch time: 0.5 |

2023-01-07 21:48:01,030 - INFO -
| Epoch:    374 | Train loss: 0.1583 | Valid loss: 0.3633 | Train acc: 0.9185 | Valid acc: 0.7705 | patience: 336 | Epoch time: 0.5 |

2023-01-07 21:48:01,497 - INFO -
| Epoch:    375 | Train loss: 0.1579 | Valid loss: 0.3701 | Train acc: 0.9185 | Valid acc: 0.8033 | patience: 337 | Epoch time: 0.5 |

2023-01-07 21:48:01,964 - INFO -
| Epoch:    376 | Train loss: 0.1565 | Valid loss: 0.3661 | Train acc: 0.9293 | Valid acc: 0.7869 | patience: 338 | Epoch time: 0.5 |

2023-01-07 21:48:02,430 - INFO -
| Epoch:    377 | Train loss: 0.1559 | Valid loss: 0.3617 | Train acc: 0.9293 | Valid acc: 0.7869 | patience: 339 | Epoch time: 0.5 |

2023-01-07 21:48:02,897 - INFO -
| Epoch:    378 | Train loss: 0.1571 | Valid loss: 0.3699 | Train acc: 0.9293 | Valid acc: 0.8033 | patience: 340 | Epoch time: 0.5 |

2023-01-07 21:48:03,364 - INFO -
| Epoch:    379 | Train loss: 0.1570 | Valid loss: 0.3640 | Train acc: 0.9293 | Valid acc: 0.7869 | patience: 341 | Epoch time: 0.5 |

2023-01-07 21:48:03,830 - INFO -
| Epoch:    380 | Train loss: 0.1556 | Valid loss: 0.3618 | Train acc: 0.9293 | Valid acc: 0.7869 | patience: 342 | Epoch time: 0.5 |

2023-01-07 21:48:04,296 - INFO -
| Epoch:    381 | Train loss: 0.1568 | Valid loss: 0.3709 | Train acc: 0.9293 | Valid acc: 0.8033 | patience: 343 | Epoch time: 0.5 |

2023-01-07 21:48:04,762 - INFO -
| Epoch:    382 | Train loss: 0.1569 | Valid loss: 0.3692 | Train acc: 0.9293 | Valid acc: 0.7869 | patience: 344 | Epoch time: 0.5 |

2023-01-07 21:48:05,228 - INFO -
| Epoch:    383 | Train loss: 0.1563 | Valid loss: 0.3639 | Train acc: 0.9293 | Valid acc: 0.7869 | patience: 345 | Epoch time: 0.5 |

2023-01-07 21:48:05,695 - INFO -
| Epoch:    384 | Train loss: 0.1561 | Valid loss: 0.3681 | Train acc: 0.9293 | Valid acc: 0.7869 | patience: 346 | Epoch time: 0.5 |

2023-01-07 21:48:06,161 - INFO -
| Epoch:    385 | Train loss: 0.1554 | Valid loss: 0.3663 | Train acc: 0.9293 | Valid acc: 0.7869 | patience: 347 | Epoch time: 0.5 |

2023-01-07 21:48:06,628 - INFO -
| Epoch:    386 | Train loss: 0.1551 | Valid loss: 0.3672 | Train acc: 0.9293 | Valid acc: 0.7869 | patience: 348 | Epoch time: 0.5 |

2023-01-07 21:48:07,093 - INFO -
| Epoch:    387 | Train loss: 0.1551 | Valid loss: 0.3680 | Train acc: 0.9293 | Valid acc: 0.7869 | patience: 349 | Epoch time: 0.5 |

2023-01-07 21:48:07,559 - INFO -
| Epoch:    388 | Train loss: 0.1553 | Valid loss: 0.3655 | Train acc: 0.9293 | Valid acc: 0.7869 | patience: 350 | Epoch time: 0.5 |

2023-01-07 21:48:08,026 - INFO -
| Epoch:    389 | Train loss: 0.1559 | Valid loss: 0.3725 | Train acc: 0.9293 | Valid acc: 0.7869 | patience: 351 | Epoch time: 0.5 |

2023-01-07 21:48:08,492 - INFO -
| Epoch:    390 | Train loss: 0.1557 | Valid loss: 0.3695 | Train acc: 0.9293 | Valid acc: 0.7869 | patience: 352 | Epoch time: 0.5 |

2023-01-07 21:48:08,959 - INFO -
| Epoch:    391 | Train loss: 0.1556 | Valid loss: 0.3693 | Train acc: 0.9293 | Valid acc: 0.7869 | patience: 353 | Epoch time: 0.5 |

2023-01-07 21:48:09,425 - INFO -
| Epoch:    392 | Train loss: 0.1556 | Valid loss: 0.3728 | Train acc: 0.9293 | Valid acc: 0.7869 | patience: 354 | Epoch time: 0.5 |

2023-01-07 21:48:09,892 - INFO -
| Epoch:    393 | Train loss: 0.1560 | Valid loss: 0.3650 | Train acc: 0.9293 | Valid acc: 0.7869 | patience: 355 | Epoch time: 0.5 |

2023-01-07 21:48:10,362 - INFO -
| Epoch:    394 | Train loss: 0.1569 | Valid loss: 0.3710 | Train acc: 0.9239 | Valid acc: 0.7869 | patience: 356 | Epoch time: 0.5 |

2023-01-07 21:48:10,828 - INFO -
| Epoch:    395 | Train loss: 0.1552 | Valid loss: 0.3730 | Train acc: 0.9293 | Valid acc: 0.8033 | patience: 357 | Epoch time: 0.5 |

2023-01-07 21:48:11,294 - INFO -
| Epoch:    396 | Train loss: 0.1564 | Valid loss: 0.3621 | Train acc: 0.9293 | Valid acc: 0.7705 | patience: 358 | Epoch time: 0.5 |

2023-01-07 21:48:11,761 - INFO -
| Epoch:    397 | Train loss: 0.1593 | Valid loss: 0.3709 | Train acc: 0.9239 | Valid acc: 0.7869 | patience: 359 | Epoch time: 0.5 |

2023-01-07 21:48:12,228 - INFO -
| Epoch:    398 | Train loss: 0.1555 | Valid loss: 0.3774 | Train acc: 0.9293 | Valid acc: 0.8197 | patience: 360 | Epoch time: 0.5 |

2023-01-07 21:48:12,695 - INFO -
| Epoch:    399 | Train loss: 0.1586 | Valid loss: 0.3649 | Train acc: 0.9293 | Valid acc: 0.7705 | patience: 361 | Epoch time: 0.5 |

2023-01-07 21:48:13,161 - INFO -
| Epoch:    400 | Train loss: 0.1581 | Valid loss: 0.3713 | Train acc: 0.9185 | Valid acc: 0.7869 | patience: 362 | Epoch time: 0.5 |

2023-01-07 21:48:13,629 - INFO -
| Epoch:    401 | Train loss: 0.1553 | Valid loss: 0.3798 | Train acc: 0.9293 | Valid acc: 0.8197 | patience: 363 | Epoch time: 0.5 |

2023-01-07 21:48:14,095 - INFO -
| Epoch:    402 | Train loss: 0.1587 | Valid loss: 0.3683 | Train acc: 0.9293 | Valid acc: 0.7705 | patience: 364 | Epoch time: 0.5 |

2023-01-07 21:48:14,561 - INFO -
| Epoch:    403 | Train loss: 0.1583 | Valid loss: 0.3688 | Train acc: 0.9185 | Valid acc: 0.7869 | patience: 365 | Epoch time: 0.5 |

2023-01-07 21:48:15,027 - INFO -
| Epoch:    404 | Train loss: 0.1560 | Valid loss: 0.3796 | Train acc: 0.9239 | Valid acc: 0.8197 | patience: 366 | Epoch time: 0.5 |

2023-01-07 21:48:15,494 - INFO -
| Epoch:    405 | Train loss: 0.1593 | Valid loss: 0.3666 | Train acc: 0.9293 | Valid acc: 0.7869 | patience: 367 | Epoch time: 0.5 |

2023-01-07 21:48:15,960 - INFO -
| Epoch:    406 | Train loss: 0.1557 | Valid loss: 0.3649 | Train acc: 0.9293 | Valid acc: 0.7869 | patience: 368 | Epoch time: 0.5 |

2023-01-07 21:48:16,427 - INFO -
| Epoch:    407 | Train loss: 0.1567 | Valid loss: 0.3755 | Train acc: 0.9293 | Valid acc: 0.8033 | patience: 369 | Epoch time: 0.5 |

2023-01-07 21:48:16,894 - INFO -
| Epoch:    408 | Train loss: 0.1568 | Valid loss: 0.3712 | Train acc: 0.9293 | Valid acc: 0.7869 | patience: 370 | Epoch time: 0.5 |

2023-01-07 21:48:17,360 - INFO -
| Epoch:    409 | Train loss: 0.1551 | Valid loss: 0.3672 | Train acc: 0.9293 | Valid acc: 0.7869 | patience: 371 | Epoch time: 0.5 |

2023-01-07 21:48:17,827 - INFO -
| Epoch:    410 | Train loss: 0.1567 | Valid loss: 0.3740 | Train acc: 0.9239 | Valid acc: 0.7869 | patience: 372 | Epoch time: 0.5 |

2023-01-07 21:48:18,293 - INFO -
| Epoch:    411 | Train loss: 0.1551 | Valid loss: 0.3721 | Train acc: 0.9293 | Valid acc: 0.7869 | patience: 373 | Epoch time: 0.5 |

2023-01-07 21:48:18,759 - INFO -
| Epoch:    412 | Train loss: 0.1550 | Valid loss: 0.3716 | Train acc: 0.9293 | Valid acc: 0.7869 | patience: 374 | Epoch time: 0.5 |

2023-01-07 21:48:19,225 - INFO -
| Epoch:    413 | Train loss: 0.1548 | Valid loss: 0.3731 | Train acc: 0.9293 | Valid acc: 0.7869 | patience: 375 | Epoch time: 0.5 |

2023-01-07 21:48:19,692 - INFO -
| Epoch:    414 | Train loss: 0.1550 | Valid loss: 0.3667 | Train acc: 0.9293 | Valid acc: 0.7869 | patience: 376 | Epoch time: 0.5 |

2023-01-07 21:48:20,159 - INFO -
| Epoch:    415 | Train loss: 0.1555 | Valid loss: 0.3727 | Train acc: 0.9293 | Valid acc: 0.7869 | patience: 377 | Epoch time: 0.5 |

2023-01-07 21:48:20,627 - INFO -
| Epoch:    416 | Train loss: 0.1554 | Valid loss: 0.3697 | Train acc: 0.9293 | Valid acc: 0.7869 | patience: 378 | Epoch time: 0.5 |

2023-01-07 21:48:21,095 - INFO -
| Epoch:    417 | Train loss: 0.1547 | Valid loss: 0.3683 | Train acc: 0.9293 | Valid acc: 0.7869 | patience: 379 | Epoch time: 0.5 |

2023-01-07 21:48:21,561 - INFO -
| Epoch:    418 | Train loss: 0.1550 | Valid loss: 0.3735 | Train acc: 0.9293 | Valid acc: 0.8033 | patience: 380 | Epoch time: 0.5 |

2023-01-07 21:48:22,028 - INFO -
| Epoch:    419 | Train loss: 0.1564 | Valid loss: 0.3656 | Train acc: 0.9293 | Valid acc: 0.7869 | patience: 381 | Epoch time: 0.5 |

2023-01-07 21:48:22,494 - INFO -
| Epoch:    420 | Train loss: 0.1562 | Valid loss: 0.3713 | Train acc: 0.9293 | Valid acc: 0.7869 | patience: 382 | Epoch time: 0.5 |

2023-01-07 21:48:22,961 - INFO -
| Epoch:    421 | Train loss: 0.1550 | Valid loss: 0.3760 | Train acc: 0.9293 | Valid acc: 0.8033 | patience: 383 | Epoch time: 0.5 |

2023-01-07 21:48:23,429 - INFO -
| Epoch:    422 | Train loss: 0.1565 | Valid loss: 0.3651 | Train acc: 0.9293 | Valid acc: 0.7705 | patience: 384 | Epoch time: 0.5 |

2023-01-07 21:48:23,895 - INFO -
| Epoch:    423 | Train loss: 0.1600 | Valid loss: 0.3745 | Train acc: 0.9185 | Valid acc: 0.7869 | patience: 385 | Epoch time: 0.5 |

2023-01-07 21:48:24,362 - INFO -
| Epoch:    424 | Train loss: 0.1556 | Valid loss: 0.3758 | Train acc: 0.9293 | Valid acc: 0.8033 | patience: 386 | Epoch time: 0.5 |

2023-01-07 21:48:24,828 - INFO -
| Epoch:    425 | Train loss: 0.1565 | Valid loss: 0.3642 | Train acc: 0.9293 | Valid acc: 0.7705 | patience: 387 | Epoch time: 0.5 |

2023-01-07 21:48:25,296 - INFO -
| Epoch:    426 | Train loss: 0.1608 | Valid loss: 0.3753 | Train acc: 0.9130 | Valid acc: 0.7869 | patience: 388 | Epoch time: 0.5 |

2023-01-07 21:48:25,762 - INFO -
| Epoch:    427 | Train loss: 0.1557 | Valid loss: 0.3760 | Train acc: 0.9293 | Valid acc: 0.8033 | patience: 389 | Epoch time: 0.5 |

2023-01-07 21:48:26,229 - INFO -
| Epoch:    428 | Train loss: 0.1561 | Valid loss: 0.3659 | Train acc: 0.9293 | Valid acc: 0.7705 | patience: 390 | Epoch time: 0.5 |

2023-01-07 21:48:26,695 - INFO -
| Epoch:    429 | Train loss: 0.1615 | Valid loss: 0.3768 | Train acc: 0.9130 | Valid acc: 0.7869 | patience: 391 | Epoch time: 0.5 |

2023-01-07 21:48:27,161 - INFO -
| Epoch:    430 | Train loss: 0.1562 | Valid loss: 0.3780 | Train acc: 0.9293 | Valid acc: 0.8033 | patience: 392 | Epoch time: 0.5 |

2023-01-07 21:48:27,627 - INFO -
| Epoch:    431 | Train loss: 0.1570 | Valid loss: 0.3657 | Train acc: 0.9293 | Valid acc: 0.7705 | patience: 393 | Epoch time: 0.5 |

2023-01-07 21:48:28,093 - INFO -
| Epoch:    432 | Train loss: 0.1608 | Valid loss: 0.3752 | Train acc: 0.9130 | Valid acc: 0.7869 | patience: 394 | Epoch time: 0.5 |

2023-01-07 21:48:28,559 - INFO -
| Epoch:    433 | Train loss: 0.1556 | Valid loss: 0.3757 | Train acc: 0.9293 | Valid acc: 0.8033 | patience: 395 | Epoch time: 0.5 |

2023-01-07 21:48:29,026 - INFO -
| Epoch:    434 | Train loss: 0.1559 | Valid loss: 0.3655 | Train acc: 0.9293 | Valid acc: 0.7705 | patience: 396 | Epoch time: 0.5 |

2023-01-07 21:48:29,492 - INFO -
| Epoch:    435 | Train loss: 0.1607 | Valid loss: 0.3734 | Train acc: 0.9185 | Valid acc: 0.7869 | patience: 397 | Epoch time: 0.5 |

2023-01-07 21:48:29,958 - INFO -
| Epoch:    436 | Train loss: 0.1551 | Valid loss: 0.3819 | Train acc: 0.9293 | Valid acc: 0.8197 | patience: 398 | Epoch time: 0.5 |

2023-01-07 21:48:30,425 - INFO -
| Epoch:    437 | Train loss: 0.1606 | Valid loss: 0.3678 | Train acc: 0.9185 | Valid acc: 0.7869 | patience: 399 | Epoch time: 0.5 |

2023-01-07 21:48:30,891 - INFO -
| Epoch:    438 | Train loss: 0.1562 | Valid loss: 0.3658 | Train acc: 0.9293 | Valid acc: 0.7705 | patience: 400 | Epoch time: 0.5 |

2023-01-07 21:48:31,357 - INFO -
| Epoch:    439 | Train loss: 0.1586 | Valid loss: 0.3757 | Train acc: 0.9185 | Valid acc: 0.8033 | patience: 401 | Epoch time: 0.5 |

2023-01-07 21:48:31,826 - INFO -
| Epoch:    440 | Train loss: 0.1567 | Valid loss: 0.3775 | Train acc: 0.9293 | Valid acc: 0.8197 | patience: 402 | Epoch time: 0.5 |

2023-01-07 21:48:32,292 - INFO -
| Epoch:    441 | Train loss: 0.1580 | Valid loss: 0.3636 | Train acc: 0.9239 | Valid acc: 0.7705 | patience: 403 | Epoch time: 0.5 |

2023-01-07 21:48:32,759 - INFO -
| Epoch:    442 | Train loss: 0.1611 | Valid loss: 0.3733 | Train acc: 0.9185 | Valid acc: 0.7869 | patience: 404 | Epoch time: 0.5 |

2023-01-07 21:48:33,226 - INFO -
| Epoch:    443 | Train loss: 0.1556 | Valid loss: 0.3778 | Train acc: 0.9293 | Valid acc: 0.8197 | patience: 405 | Epoch time: 0.5 |

2023-01-07 21:48:33,693 - INFO -
| Epoch:    444 | Train loss: 0.1579 | Valid loss: 0.3655 | Train acc: 0.9293 | Valid acc: 0.7705 | patience: 406 | Epoch time: 0.5 |

2023-01-07 21:48:34,160 - INFO -
| Epoch:    445 | Train loss: 0.1583 | Valid loss: 0.3662 | Train acc: 0.9185 | Valid acc: 0.7869 | patience: 407 | Epoch time: 0.5 |

2023-01-07 21:48:34,626 - INFO -
| Epoch:    446 | Train loss: 0.1568 | Valid loss: 0.3794 | Train acc: 0.9239 | Valid acc: 0.8197 | patience: 408 | Epoch time: 0.5 |

2023-01-07 21:48:35,093 - INFO -
| Epoch:    447 | Train loss: 0.1588 | Valid loss: 0.3700 | Train acc: 0.9239 | Valid acc: 0.7869 | patience: 409 | Epoch time: 0.5 |

2023-01-07 21:48:35,560 - INFO -
| Epoch:    448 | Train loss: 0.1556 | Valid loss: 0.3647 | Train acc: 0.9293 | Valid acc: 0.7705 | patience: 410 | Epoch time: 0.5 |

2023-01-07 21:48:36,027 - INFO -
| Epoch:    449 | Train loss: 0.1577 | Valid loss: 0.3743 | Train acc: 0.9185 | Valid acc: 0.8033 | patience: 411 | Epoch time: 0.5 |

2023-01-07 21:48:36,494 - INFO -
| Epoch:    450 | Train loss: 0.1561 | Valid loss: 0.3754 | Train acc: 0.9293 | Valid acc: 0.8033 | patience: 412 | Epoch time: 0.5 |

2023-01-07 21:48:36,960 - INFO -
| Epoch:    451 | Train loss: 0.1565 | Valid loss: 0.3630 | Train acc: 0.9293 | Valid acc: 0.7705 | patience: 413 | Epoch time: 0.5 |

2023-01-07 21:48:37,427 - INFO -
| Epoch:    452 | Train loss: 0.1605 | Valid loss: 0.3691 | Train acc: 0.9185 | Valid acc: 0.7869 | patience: 414 | Epoch time: 0.5 |

2023-01-07 21:48:37,893 - INFO -
| Epoch:    453 | Train loss: 0.1555 | Valid loss: 0.3828 | Train acc: 0.9293 | Valid acc: 0.8197 | patience: 415 | Epoch time: 0.5 |

2023-01-07 21:48:38,359 - INFO -
| Epoch:    454 | Train loss: 0.1616 | Valid loss: 0.3714 | Train acc: 0.9130 | Valid acc: 0.7869 | patience: 416 | Epoch time: 0.5 |

2023-01-07 21:48:38,826 - INFO -
| Epoch:    455 | Train loss: 0.1551 | Valid loss: 0.3640 | Train acc: 0.9293 | Valid acc: 0.7705 | patience: 417 | Epoch time: 0.5 |

2023-01-07 21:48:39,293 - INFO -
| Epoch:    456 | Train loss: 0.1598 | Valid loss: 0.3761 | Train acc: 0.9185 | Valid acc: 0.8197 | patience: 418 | Epoch time: 0.5 |

2023-01-07 21:48:39,760 - INFO -
| Epoch:    457 | Train loss: 0.1571 | Valid loss: 0.3708 | Train acc: 0.9293 | Valid acc: 0.7869 | patience: 419 | Epoch time: 0.5 |

2023-01-07 21:48:40,227 - INFO -
| Epoch:    458 | Train loss: 0.1547 | Valid loss: 0.3669 | Train acc: 0.9293 | Valid acc: 0.7869 | patience: 420 | Epoch time: 0.5 |

2023-01-07 21:48:40,693 - INFO -
| Epoch:    459 | Train loss: 0.1550 | Valid loss: 0.3716 | Train acc: 0.9293 | Valid acc: 0.8033 | patience: 421 | Epoch time: 0.5 |

2023-01-07 21:48:41,159 - INFO -
| Epoch:    460 | Train loss: 0.1546 | Valid loss: 0.3716 | Train acc: 0.9293 | Valid acc: 0.8033 | patience: 422 | Epoch time: 0.5 |

2023-01-07 21:48:41,626 - INFO -
| Epoch:    461 | Train loss: 0.1546 | Valid loss: 0.3678 | Train acc: 0.9293 | Valid acc: 0.7869 | patience: 423 | Epoch time: 0.5 |

2023-01-07 21:48:42,091 - INFO -
| Epoch:    462 | Train loss: 0.1551 | Valid loss: 0.3696 | Train acc: 0.9293 | Valid acc: 0.7869 | patience: 424 | Epoch time: 0.5 |

2023-01-07 21:48:42,558 - INFO -
| Epoch:    463 | Train loss: 0.1545 | Valid loss: 0.3743 | Train acc: 0.9293 | Valid acc: 0.8033 | patience: 425 | Epoch time: 0.5 |

2023-01-07 21:48:43,024 - INFO -
| Epoch:    464 | Train loss: 0.1560 | Valid loss: 0.3631 | Train acc: 0.9293 | Valid acc: 0.7705 | patience: 426 | Epoch time: 0.5 |

2023-01-07 21:48:43,491 - INFO -
| Epoch:    465 | Train loss: 0.1584 | Valid loss: 0.3700 | Train acc: 0.9185 | Valid acc: 0.7869 | patience: 427 | Epoch time: 0.5 |

2023-01-07 21:48:43,958 - INFO -
| Epoch:    466 | Train loss: 0.1550 | Valid loss: 0.3732 | Train acc: 0.9293 | Valid acc: 0.8033 | patience: 428 | Epoch time: 0.5 |

2023-01-07 21:48:44,426 - INFO -
| Epoch:    467 | Train loss: 0.1554 | Valid loss: 0.3664 | Train acc: 0.9293 | Valid acc: 0.7869 | patience: 429 | Epoch time: 0.5 |

2023-01-07 21:48:44,893 - INFO -
| Epoch:    468 | Train loss: 0.1554 | Valid loss: 0.3706 | Train acc: 0.9293 | Valid acc: 0.7869 | patience: 430 | Epoch time: 0.5 |

2023-01-07 21:48:45,360 - INFO -
| Epoch:    469 | Train loss: 0.1549 | Valid loss: 0.3698 | Train acc: 0.9293 | Valid acc: 0.7869 | patience: 431 | Epoch time: 0.5 |

2023-01-07 21:48:45,826 - INFO -
| Epoch:    470 | Train loss: 0.1544 | Valid loss: 0.3688 | Train acc: 0.9293 | Valid acc: 0.7869 | patience: 432 | Epoch time: 0.5 |

2023-01-07 21:48:46,292 - INFO -
| Epoch:    471 | Train loss: 0.1544 | Valid loss: 0.3742 | Train acc: 0.9293 | Valid acc: 0.8033 | patience: 433 | Epoch time: 0.5 |

2023-01-07 21:48:46,758 - INFO -
| Epoch:    472 | Train loss: 0.1557 | Valid loss: 0.3645 | Train acc: 0.9293 | Valid acc: 0.7869 | patience: 434 | Epoch time: 0.5 |

2023-01-07 21:48:47,224 - INFO -
| Epoch:    473 | Train loss: 0.1568 | Valid loss: 0.3673 | Train acc: 0.9239 | Valid acc: 0.7869 | patience: 435 | Epoch time: 0.5 |

2023-01-07 21:48:47,691 - INFO -
| Epoch:    474 | Train loss: 0.1553 | Valid loss: 0.3828 | Train acc: 0.9293 | Valid acc: 0.8197 | patience: 436 | Epoch time: 0.5 |

2023-01-07 21:48:48,158 - INFO -
| Epoch:    475 | Train loss: 0.1605 | Valid loss: 0.3711 | Train acc: 0.9185 | Valid acc: 0.7869 | patience: 437 | Epoch time: 0.5 |

2023-01-07 21:48:48,624 - INFO -
| Epoch:    476 | Train loss: 0.1552 | Valid loss: 0.3681 | Train acc: 0.9293 | Valid acc: 0.7705 | patience: 438 | Epoch time: 0.5 |

2023-01-07 21:48:49,091 - INFO -
| Epoch:    477 | Train loss: 0.1594 | Valid loss: 0.3799 | Train acc: 0.9185 | Valid acc: 0.8033 | patience: 439 | Epoch time: 0.5 |

2023-01-07 21:48:49,557 - INFO -
| Epoch:    478 | Train loss: 0.1573 | Valid loss: 0.3736 | Train acc: 0.9293 | Valid acc: 0.7869 | patience: 440 | Epoch time: 0.5 |

2023-01-07 21:48:50,023 - INFO -
| Epoch:    479 | Train loss: 0.1545 | Valid loss: 0.3682 | Train acc: 0.9293 | Valid acc: 0.7869 | patience: 441 | Epoch time: 0.5 |

2023-01-07 21:48:50,490 - INFO -
| Epoch:    480 | Train loss: 0.1560 | Valid loss: 0.3713 | Train acc: 0.9239 | Valid acc: 0.7869 | patience: 442 | Epoch time: 0.5 |

2023-01-07 21:48:50,957 - INFO -
| Epoch:    481 | Train loss: 0.1542 | Valid loss: 0.3771 | Train acc: 0.9293 | Valid acc: 0.8197 | patience: 443 | Epoch time: 0.5 |

2023-01-07 21:48:51,423 - INFO -
| Epoch:    482 | Train loss: 0.1579 | Valid loss: 0.3643 | Train acc: 0.9239 | Valid acc: 0.7869 | patience: 444 | Epoch time: 0.5 |

2023-01-07 21:48:51,891 - INFO -
| Epoch:    483 | Train loss: 0.1573 | Valid loss: 0.3662 | Train acc: 0.9293 | Valid acc: 0.7869 | patience: 445 | Epoch time: 0.5 |

2023-01-07 21:48:52,357 - INFO -
| Epoch:    484 | Train loss: 0.1558 | Valid loss: 0.3809 | Train acc: 0.9293 | Valid acc: 0.8197 | patience: 446 | Epoch time: 0.5 |

2023-01-07 21:48:52,824 - INFO -
| Epoch:    485 | Train loss: 0.1590 | Valid loss: 0.3755 | Train acc: 0.9185 | Valid acc: 0.7869 | patience: 447 | Epoch time: 0.5 |

2023-01-07 21:48:53,290 - INFO -
| Epoch:    486 | Train loss: 0.1563 | Valid loss: 0.3704 | Train acc: 0.9293 | Valid acc: 0.7705 | patience: 448 | Epoch time: 0.5 |

2023-01-07 21:48:53,756 - INFO -
| Epoch:    487 | Train loss: 0.1597 | Valid loss: 0.3752 | Train acc: 0.9185 | Valid acc: 0.7869 | patience: 449 | Epoch time: 0.5 |

2023-01-07 21:48:54,224 - INFO -
| Epoch:    488 | Train loss: 0.1549 | Valid loss: 0.3812 | Train acc: 0.9293 | Valid acc: 0.8197 | patience: 450 | Epoch time: 0.5 |

2023-01-07 21:48:54,690 - INFO -
| Epoch:    489 | Train loss: 0.1595 | Valid loss: 0.3691 | Train acc: 0.9239 | Valid acc: 0.7869 | patience: 451 | Epoch time: 0.5 |

2023-01-07 21:48:55,158 - INFO -
| Epoch:    490 | Train loss: 0.1565 | Valid loss: 0.3696 | Train acc: 0.9293 | Valid acc: 0.7869 | patience: 452 | Epoch time: 0.5 |

2023-01-07 21:48:55,624 - INFO -
| Epoch:    491 | Train loss: 0.1555 | Valid loss: 0.3762 | Train acc: 0.9293 | Valid acc: 0.8033 | patience: 453 | Epoch time: 0.5 |

2023-01-07 21:48:56,090 - INFO -
| Epoch:    492 | Train loss: 0.1561 | Valid loss: 0.3677 | Train acc: 0.9293 | Valid acc: 0.7869 | patience: 454 | Epoch time: 0.5 |

2023-01-07 21:48:56,557 - INFO -
| Epoch:    493 | Train loss: 0.1552 | Valid loss: 0.3673 | Train acc: 0.9293 | Valid acc: 0.7705 | patience: 455 | Epoch time: 0.5 |

2023-01-07 21:48:57,023 - INFO -
| Epoch:    494 | Train loss: 0.1586 | Valid loss: 0.3816 | Train acc: 0.9239 | Valid acc: 0.8197 | patience: 456 | Epoch time: 0.5 |

2023-01-07 21:48:57,490 - INFO -
| Epoch:    495 | Train loss: 0.1591 | Valid loss: 0.3778 | Train acc: 0.9239 | Valid acc: 0.8033 | patience: 457 | Epoch time: 0.5 |

2023-01-07 21:48:57,955 - INFO -
| Epoch:    496 | Train loss: 0.1564 | Valid loss: 0.3685 | Train acc: 0.9293 | Valid acc: 0.7705 | patience: 458 | Epoch time: 0.5 |

2023-01-07 21:48:58,422 - INFO -
| Epoch:    497 | Train loss: 0.1583 | Valid loss: 0.3720 | Train acc: 0.9185 | Valid acc: 0.7869 | patience: 459 | Epoch time: 0.5 |

2023-01-07 21:48:58,889 - INFO -
| Epoch:    498 | Train loss: 0.1546 | Valid loss: 0.3808 | Train acc: 0.9293 | Valid acc: 0.8197 | patience: 460 | Epoch time: 0.5 |

2023-01-07 21:48:59,355 - INFO -
| Epoch:    499 | Train loss: 0.1594 | Valid loss: 0.3710 | Train acc: 0.9185 | Valid acc: 0.7869 | patience: 461 | Epoch time: 0.5 |

2023-01-07 21:48:59,820 - INFO -
| Epoch:    500 | Train loss: 0.1553 | Valid loss: 0.3636 | Train acc: 0.9293 | Valid acc: 0.7705 | patience: 462 | Epoch time: 0.5 |

2023-01-07 21:49:00,287 - INFO -
| Epoch:    501 | Train loss: 0.1626 | Valid loss: 0.3759 | Train acc: 0.9130 | Valid acc: 0.8033 | patience: 463 | Epoch time: 0.5 |

2023-01-07 21:49:00,755 - INFO -
| Epoch:    502 | Train loss: 0.1561 | Valid loss: 0.3829 | Train acc: 0.9293 | Valid acc: 0.8197 | patience: 464 | Epoch time: 0.5 |

2023-01-07 21:49:01,222 - INFO -
| Epoch:    503 | Train loss: 0.1605 | Valid loss: 0.3690 | Train acc: 0.9130 | Valid acc: 0.7705 | patience: 465 | Epoch time: 0.5 |

2023-01-07 21:49:01,688 - INFO -
| Epoch:    504 | Train loss: 0.1596 | Valid loss: 0.3699 | Train acc: 0.9185 | Valid acc: 0.7869 | patience: 466 | Epoch time: 0.5 |

2023-01-07 21:49:02,154 - INFO -
| Epoch:    505 | Train loss: 0.1562 | Valid loss: 0.3795 | Train acc: 0.9239 | Valid acc: 0.8197 | patience: 467 | Epoch time: 0.5 |

2023-01-07 21:49:02,620 - INFO -
| Epoch:    506 | Train loss: 0.1572 | Valid loss: 0.3734 | Train acc: 0.9293 | Valid acc: 0.7869 | patience: 468 | Epoch time: 0.5 |

2023-01-07 21:49:03,087 - INFO -
| Epoch:    507 | Train loss: 0.1542 | Valid loss: 0.3701 | Train acc: 0.9293 | Valid acc: 0.7869 | patience: 469 | Epoch time: 0.5 |

2023-01-07 21:49:03,552 - INFO -
| Epoch:    508 | Train loss: 0.1564 | Valid loss: 0.3773 | Train acc: 0.9293 | Valid acc: 0.8033 | patience: 470 | Epoch time: 0.5 |

2023-01-07 21:49:04,020 - INFO -
| Epoch:    509 | Train loss: 0.1564 | Valid loss: 0.3738 | Train acc: 0.9293 | Valid acc: 0.7869 | patience: 471 | Epoch time: 0.5 |

2023-01-07 21:49:04,486 - INFO -
| Epoch:    510 | Train loss: 0.1542 | Valid loss: 0.3699 | Train acc: 0.9293 | Valid acc: 0.7869 | patience: 472 | Epoch time: 0.5 |

2023-01-07 21:49:04,951 - INFO -
| Epoch:    511 | Train loss: 0.1549 | Valid loss: 0.3696 | Train acc: 0.9293 | Valid acc: 0.7869 | patience: 473 | Epoch time: 0.5 |

2023-01-07 21:49:05,417 - INFO -
| Epoch:    512 | Train loss: 0.1546 | Valid loss: 0.3731 | Train acc: 0.9293 | Valid acc: 0.7869 | patience: 474 | Epoch time: 0.5 |

2023-01-07 21:49:05,882 - INFO -
| Epoch:    513 | Train loss: 0.1547 | Valid loss: 0.3703 | Train acc: 0.9293 | Valid acc: 0.7869 | patience: 475 | Epoch time: 0.5 |

2023-01-07 21:49:06,349 - INFO -
| Epoch:    514 | Train loss: 0.1541 | Valid loss: 0.3691 | Train acc: 0.9293 | Valid acc: 0.7869 | patience: 476 | Epoch time: 0.5 |

2023-01-07 21:49:06,814 - INFO -
| Epoch:    515 | Train loss: 0.1548 | Valid loss: 0.3777 | Train acc: 0.9293 | Valid acc: 0.8197 | patience: 477 | Epoch time: 0.5 |

2023-01-07 21:49:07,280 - INFO -
| Epoch:    516 | Train loss: 0.1571 | Valid loss: 0.3690 | Train acc: 0.9239 | Valid acc: 0.7869 | patience: 478 | Epoch time: 0.5 |

2023-01-07 21:49:07,747 - INFO -
| Epoch:    517 | Train loss: 0.1555 | Valid loss: 0.3712 | Train acc: 0.9293 | Valid acc: 0.7869 | patience: 479 | Epoch time: 0.5 |

2023-01-07 21:49:08,213 - INFO -
| Epoch:    518 | Train loss: 0.1553 | Valid loss: 0.3798 | Train acc: 0.9293 | Valid acc: 0.8197 | patience: 480 | Epoch time: 0.5 |

2023-01-07 21:49:08,680 - INFO -
| Epoch:    519 | Train loss: 0.1563 | Valid loss: 0.3708 | Train acc: 0.9293 | Valid acc: 0.7869 | patience: 481 | Epoch time: 0.5 |

2023-01-07 21:49:09,145 - INFO -
| Epoch:    520 | Train loss: 0.1548 | Valid loss: 0.3678 | Train acc: 0.9293 | Valid acc: 0.7869 | patience: 482 | Epoch time: 0.5 |

2023-01-07 21:49:09,611 - INFO -
| Epoch:    521 | Train loss: 0.1560 | Valid loss: 0.3759 | Train acc: 0.9239 | Valid acc: 0.8033 | patience: 483 | Epoch time: 0.5 |

2023-01-07 21:49:10,076 - INFO -
| Epoch:    522 | Train loss: 0.1556 | Valid loss: 0.3739 | Train acc: 0.9293 | Valid acc: 0.8033 | patience: 484 | Epoch time: 0.5 |

2023-01-07 21:49:10,542 - INFO -
| Epoch:    523 | Train loss: 0.1546 | Valid loss: 0.3668 | Train acc: 0.9293 | Valid acc: 0.7869 | patience: 485 | Epoch time: 0.5 |

2023-01-07 21:49:11,008 - INFO -
| Epoch:    524 | Train loss: 0.1571 | Valid loss: 0.3758 | Train acc: 0.9293 | Valid acc: 0.8033 | patience: 486 | Epoch time: 0.5 |

2023-01-07 21:49:11,474 - INFO -
| Epoch:    525 | Train loss: 0.1552 | Valid loss: 0.3740 | Train acc: 0.9293 | Valid acc: 0.7869 | patience: 487 | Epoch time: 0.5 |

2023-01-07 21:49:11,939 - INFO -
| Epoch:    526 | Train loss: 0.1543 | Valid loss: 0.3726 | Train acc: 0.9293 | Valid acc: 0.7869 | patience: 488 | Epoch time: 0.5 |

2023-01-07 21:49:12,405 - INFO -
| Epoch:    527 | Train loss: 0.1549 | Valid loss: 0.3736 | Train acc: 0.9293 | Valid acc: 0.7869 | patience: 489 | Epoch time: 0.5 |

2023-01-07 21:49:12,870 - INFO -
| Epoch:    528 | Train loss: 0.1547 | Valid loss: 0.3757 | Train acc: 0.9293 | Valid acc: 0.8033 | patience: 490 | Epoch time: 0.5 |

2023-01-07 21:49:13,336 - INFO -
| Epoch:    529 | Train loss: 0.1546 | Valid loss: 0.3692 | Train acc: 0.9293 | Valid acc: 0.7869 | patience: 491 | Epoch time: 0.5 |

2023-01-07 21:49:13,801 - INFO -
| Epoch:    530 | Train loss: 0.1551 | Valid loss: 0.3735 | Train acc: 0.9293 | Valid acc: 0.7869 | patience: 492 | Epoch time: 0.5 |

2023-01-07 21:49:14,266 - INFO -
| Epoch:    531 | Train loss: 0.1541 | Valid loss: 0.3715 | Train acc: 0.9293 | Valid acc: 0.7869 | patience: 493 | Epoch time: 0.5 |

2023-01-07 21:49:14,732 - INFO -
| Epoch:    532 | Train loss: 0.1539 | Valid loss: 0.3776 | Train acc: 0.9293 | Valid acc: 0.8033 | patience: 494 | Epoch time: 0.5 |

2023-01-07 21:49:15,198 - INFO -
| Epoch:    533 | Train loss: 0.1559 | Valid loss: 0.3693 | Train acc: 0.9293 | Valid acc: 0.7869 | patience: 495 | Epoch time: 0.5 |

2023-01-07 21:49:15,665 - INFO -
| Epoch:    534 | Train loss: 0.1556 | Valid loss: 0.3740 | Train acc: 0.9239 | Valid acc: 0.7869 | patience: 496 | Epoch time: 0.5 |

2023-01-07 21:49:16,131 - INFO -
| Epoch:    535 | Train loss: 0.1547 | Valid loss: 0.3802 | Train acc: 0.9293 | Valid acc: 0.8033 | patience: 497 | Epoch time: 0.5 |

2023-01-07 21:49:16,597 - INFO -
| Epoch:    536 | Train loss: 0.1561 | Valid loss: 0.3738 | Train acc: 0.9293 | Valid acc: 0.7869 | patience: 498 | Epoch time: 0.5 |

2023-01-07 21:49:17,063 - INFO -
| Epoch:    537 | Train loss: 0.1543 | Valid loss: 0.3720 | Train acc: 0.9293 | Valid acc: 0.7869 | patience: 499 | Epoch time: 0.5 |

2023-01-07 21:49:17,529 - INFO -
| Epoch:    538 | Train loss: 0.1543 | Valid loss: 0.3767 | Train acc: 0.9293 | Valid acc: 0.8033 | patience: 500 | Epoch time: 0.5 |

2023-01-07 21:49:17,998 - INFO -
Early stop.

2023-01-07 21:49:18,004 - INFO -
Training if finished.

